<?xml version="1.0" encoding="UTF-8"?>
<testsuite xmlns:xsi="http://www.w3.org/2001/XMLSchema-instance" xsi:noNamespaceSchemaLocation="https://maven.apache.org/surefire/maven-surefire-plugin/xsd/surefire-test-report.xsd" version="3.0.2" name="it.unipi.Wikifont.WikifontApplicationTests" time="8.904" tests="5" errors="0" skipped="0" failures="0">
  <properties>
    <property name="java.specification.version" value="21"/>
    <property name="sun.jnu.encoding" value="UTF-8"/>
    <property name="java.class.path" value="/home/michele/NetBeansProjects/Wikifont/target/test-classes:/home/michele/NetBeansProjects/Wikifont/target/classes:/home/michele/.m2/repository/org/springframework/boot/spring-boot-starter-data-jpa/3.4.0/spring-boot-starter-data-jpa-3.4.0.jar:/home/michele/.m2/repository/org/springframework/boot/spring-boot-starter/3.4.0/spring-boot-starter-3.4.0.jar:/home/michele/.m2/repository/org/springframework/boot/spring-boot/3.4.0/spring-boot-3.4.0.jar:/home/michele/.m2/repository/org/springframework/boot/spring-boot-autoconfigure/3.4.0/spring-boot-autoconfigure-3.4.0.jar:/home/michele/.m2/repository/org/springframework/boot/spring-boot-starter-logging/3.4.0/spring-boot-starter-logging-3.4.0.jar:/home/michele/.m2/repository/ch/qos/logback/logback-classic/1.5.12/logback-classic-1.5.12.jar:/home/michele/.m2/repository/ch/qos/logback/logback-core/1.5.12/logback-core-1.5.12.jar:/home/michele/.m2/repository/org/apache/logging/log4j/log4j-to-slf4j/2.24.1/log4j-to-slf4j-2.24.1.jar:/home/michele/.m2/repository/org/apache/logging/log4j/log4j-api/2.24.1/log4j-api-2.24.1.jar:/home/michele/.m2/repository/org/slf4j/jul-to-slf4j/2.0.16/jul-to-slf4j-2.0.16.jar:/home/michele/.m2/repository/jakarta/annotation/jakarta.annotation-api/2.1.1/jakarta.annotation-api-2.1.1.jar:/home/michele/.m2/repository/org/yaml/snakeyaml/2.3/snakeyaml-2.3.jar:/home/michele/.m2/repository/org/springframework/boot/spring-boot-starter-jdbc/3.4.0/spring-boot-starter-jdbc-3.4.0.jar:/home/michele/.m2/repository/com/zaxxer/HikariCP/5.1.0/HikariCP-5.1.0.jar:/home/michele/.m2/repository/org/springframework/spring-jdbc/6.2.0/spring-jdbc-6.2.0.jar:/home/michele/.m2/repository/org/hibernate/orm/hibernate-core/6.6.2.Final/hibernate-core-6.6.2.Final.jar:/home/michele/.m2/repository/jakarta/persistence/jakarta.persistence-api/3.1.0/jakarta.persistence-api-3.1.0.jar:/home/michele/.m2/repository/jakarta/transaction/jakarta.transaction-api/2.0.1/jakarta.transaction-api-2.0.1.jar:/home/michele/.m2/repository/org/jboss/logging/jboss-logging/3.6.1.Final/jboss-logging-3.6.1.Final.jar:/home/michele/.m2/repository/org/hibernate/common/hibernate-commons-annotations/7.0.3.Final/hibernate-commons-annotations-7.0.3.Final.jar:/home/michele/.m2/repository/io/smallrye/jandex/3.2.0/jandex-3.2.0.jar:/home/michele/.m2/repository/com/fasterxml/classmate/1.7.0/classmate-1.7.0.jar:/home/michele/.m2/repository/net/bytebuddy/byte-buddy/1.15.10/byte-buddy-1.15.10.jar:/home/michele/.m2/repository/org/glassfish/jaxb/jaxb-runtime/4.0.5/jaxb-runtime-4.0.5.jar:/home/michele/.m2/repository/org/glassfish/jaxb/jaxb-core/4.0.5/jaxb-core-4.0.5.jar:/home/michele/.m2/repository/org/eclipse/angus/angus-activation/2.0.2/angus-activation-2.0.2.jar:/home/michele/.m2/repository/org/glassfish/jaxb/txw2/4.0.5/txw2-4.0.5.jar:/home/michele/.m2/repository/com/sun/istack/istack-commons-runtime/4.1.2/istack-commons-runtime-4.1.2.jar:/home/michele/.m2/repository/jakarta/inject/jakarta.inject-api/2.0.1/jakarta.inject-api-2.0.1.jar:/home/michele/.m2/repository/org/antlr/antlr4-runtime/4.13.0/antlr4-runtime-4.13.0.jar:/home/michele/.m2/repository/org/springframework/data/spring-data-jpa/3.4.0/spring-data-jpa-3.4.0.jar:/home/michele/.m2/repository/org/springframework/data/spring-data-commons/3.4.0/spring-data-commons-3.4.0.jar:/home/michele/.m2/repository/org/springframework/spring-orm/6.2.0/spring-orm-6.2.0.jar:/home/michele/.m2/repository/org/springframework/spring-context/6.2.0/spring-context-6.2.0.jar:/home/michele/.m2/repository/org/springframework/spring-aop/6.2.0/spring-aop-6.2.0.jar:/home/michele/.m2/repository/org/springframework/spring-tx/6.2.0/spring-tx-6.2.0.jar:/home/michele/.m2/repository/org/springframework/spring-beans/6.2.0/spring-beans-6.2.0.jar:/home/michele/.m2/repository/org/slf4j/slf4j-api/2.0.16/slf4j-api-2.0.16.jar:/home/michele/.m2/repository/org/springframework/spring-aspects/6.2.0/spring-aspects-6.2.0.jar:/home/michele/.m2/repository/org/aspectj/aspectjweaver/1.9.22.1/aspectjweaver-1.9.22.1.jar:/home/michele/.m2/repository/org/springframework/boot/spring-boot-starter-web/3.4.0/spring-boot-starter-web-3.4.0.jar:/home/michele/.m2/repository/org/springframework/boot/spring-boot-starter-json/3.4.0/spring-boot-starter-json-3.4.0.jar:/home/michele/.m2/repository/com/fasterxml/jackson/core/jackson-databind/2.18.1/jackson-databind-2.18.1.jar:/home/michele/.m2/repository/com/fasterxml/jackson/core/jackson-annotations/2.18.1/jackson-annotations-2.18.1.jar:/home/michele/.m2/repository/com/fasterxml/jackson/core/jackson-core/2.18.1/jackson-core-2.18.1.jar:/home/michele/.m2/repository/com/fasterxml/jackson/datatype/jackson-datatype-jdk8/2.18.1/jackson-datatype-jdk8-2.18.1.jar:/home/michele/.m2/repository/com/fasterxml/jackson/datatype/jackson-datatype-jsr310/2.18.1/jackson-datatype-jsr310-2.18.1.jar:/home/michele/.m2/repository/com/fasterxml/jackson/module/jackson-module-parameter-names/2.18.1/jackson-module-parameter-names-2.18.1.jar:/home/michele/.m2/repository/org/springframework/boot/spring-boot-starter-tomcat/3.4.0/spring-boot-starter-tomcat-3.4.0.jar:/home/michele/.m2/repository/org/apache/tomcat/embed/tomcat-embed-core/10.1.33/tomcat-embed-core-10.1.33.jar:/home/michele/.m2/repository/org/apache/tomcat/embed/tomcat-embed-el/10.1.33/tomcat-embed-el-10.1.33.jar:/home/michele/.m2/repository/org/apache/tomcat/embed/tomcat-embed-websocket/10.1.33/tomcat-embed-websocket-10.1.33.jar:/home/michele/.m2/repository/org/springframework/spring-web/6.2.0/spring-web-6.2.0.jar:/home/michele/.m2/repository/io/micrometer/micrometer-observation/1.14.1/micrometer-observation-1.14.1.jar:/home/michele/.m2/repository/io/micrometer/micrometer-commons/1.14.1/micrometer-commons-1.14.1.jar:/home/michele/.m2/repository/org/springframework/spring-webmvc/6.2.0/spring-webmvc-6.2.0.jar:/home/michele/.m2/repository/org/springframework/spring-expression/6.2.0/spring-expression-6.2.0.jar:/home/michele/.m2/repository/com/google/code/gson/gson/2.11.0/gson-2.11.0.jar:/home/michele/.m2/repository/com/google/errorprone/error_prone_annotations/2.27.0/error_prone_annotations-2.27.0.jar:/home/michele/.m2/repository/com/mysql/mysql-connector-j/9.1.0/mysql-connector-j-9.1.0.jar:/home/michele/.m2/repository/org/springframework/boot/spring-boot-starter-test/3.4.0/spring-boot-starter-test-3.4.0.jar:/home/michele/.m2/repository/org/springframework/boot/spring-boot-test/3.4.0/spring-boot-test-3.4.0.jar:/home/michele/.m2/repository/org/springframework/boot/spring-boot-test-autoconfigure/3.4.0/spring-boot-test-autoconfigure-3.4.0.jar:/home/michele/.m2/repository/com/jayway/jsonpath/json-path/2.9.0/json-path-2.9.0.jar:/home/michele/.m2/repository/jakarta/xml/bind/jakarta.xml.bind-api/4.0.2/jakarta.xml.bind-api-4.0.2.jar:/home/michele/.m2/repository/jakarta/activation/jakarta.activation-api/2.1.3/jakarta.activation-api-2.1.3.jar:/home/michele/.m2/repository/net/minidev/json-smart/2.5.1/json-smart-2.5.1.jar:/home/michele/.m2/repository/net/minidev/accessors-smart/2.5.1/accessors-smart-2.5.1.jar:/home/michele/.m2/repository/org/ow2/asm/asm/9.6/asm-9.6.jar:/home/michele/.m2/repository/org/assertj/assertj-core/3.26.3/assertj-core-3.26.3.jar:/home/michele/.m2/repository/org/awaitility/awaitility/4.2.2/awaitility-4.2.2.jar:/home/michele/.m2/repository/org/hamcrest/hamcrest/2.2/hamcrest-2.2.jar:/home/michele/.m2/repository/org/junit/jupiter/junit-jupiter/5.11.3/junit-jupiter-5.11.3.jar:/home/michele/.m2/repository/org/junit/jupiter/junit-jupiter-api/5.11.3/junit-jupiter-api-5.11.3.jar:/home/michele/.m2/repository/org/opentest4j/opentest4j/1.3.0/opentest4j-1.3.0.jar:/home/michele/.m2/repository/org/junit/platform/junit-platform-commons/1.11.3/junit-platform-commons-1.11.3.jar:/home/michele/.m2/repository/org/apiguardian/apiguardian-api/1.1.2/apiguardian-api-1.1.2.jar:/home/michele/.m2/repository/org/junit/jupiter/junit-jupiter-params/5.11.3/junit-jupiter-params-5.11.3.jar:/home/michele/.m2/repository/org/junit/jupiter/junit-jupiter-engine/5.11.3/junit-jupiter-engine-5.11.3.jar:/home/michele/.m2/repository/org/junit/platform/junit-platform-engine/1.11.3/junit-platform-engine-1.11.3.jar:/home/michele/.m2/repository/org/mockito/mockito-core/5.14.2/mockito-core-5.14.2.jar:/home/michele/.m2/repository/net/bytebuddy/byte-buddy-agent/1.15.10/byte-buddy-agent-1.15.10.jar:/home/michele/.m2/repository/org/objenesis/objenesis/3.3/objenesis-3.3.jar:/home/michele/.m2/repository/org/mockito/mockito-junit-jupiter/5.14.2/mockito-junit-jupiter-5.14.2.jar:/home/michele/.m2/repository/org/skyscreamer/jsonassert/1.5.3/jsonassert-1.5.3.jar:/home/michele/.m2/repository/com/vaadin/external/google/android-json/0.0.20131108.vaadin1/android-json-0.0.20131108.vaadin1.jar:/home/michele/.m2/repository/org/springframework/spring-core/6.2.0/spring-core-6.2.0.jar:/home/michele/.m2/repository/org/springframework/spring-jcl/6.2.0/spring-jcl-6.2.0.jar:/home/michele/.m2/repository/org/springframework/spring-test/6.2.0/spring-test-6.2.0.jar:/home/michele/.m2/repository/org/xmlunit/xmlunit-core/2.10.0/xmlunit-core-2.10.0.jar:"/>
    <property name="java.vm.vendor" value="Microsoft"/>
    <property name="sun.arch.data.model" value="64"/>
    <property name="java.vendor.url" value="https://www.microsoft.com"/>
    <property name="user.timezone" value="Europe/Rome"/>
    <property name="org.jboss.logging.provider" value="slf4j"/>
    <property name="os.name" value="Linux"/>
    <property name="java.vm.specification.version" value="21"/>
    <property name="APPLICATION_NAME" value="Wikifont"/>
    <property name="user.country" value="IT"/>
    <property name="sun.java.launcher" value="SUN_STANDARD"/>
    <property name="sun.boot.library.path" value="/opt/jdk-21.0.4+7/lib"/>
    <property name="sun.java.command" value="/home/michele/NetBeansProjects/Wikifont/target/surefire/surefirebooter-20250107113634674_3.jar /home/michele/NetBeansProjects/Wikifont/target/surefire 2025-01-07T11-36-34_540-jvmRun1 surefire-20250107113634674_1tmp surefire_0-20250107113634674_2tmp"/>
    <property name="jdk.debug" value="release"/>
    <property name="surefire.test.class.path" value="/home/michele/NetBeansProjects/Wikifont/target/test-classes:/home/michele/NetBeansProjects/Wikifont/target/classes:/home/michele/.m2/repository/org/springframework/boot/spring-boot-starter-data-jpa/3.4.0/spring-boot-starter-data-jpa-3.4.0.jar:/home/michele/.m2/repository/org/springframework/boot/spring-boot-starter/3.4.0/spring-boot-starter-3.4.0.jar:/home/michele/.m2/repository/org/springframework/boot/spring-boot/3.4.0/spring-boot-3.4.0.jar:/home/michele/.m2/repository/org/springframework/boot/spring-boot-autoconfigure/3.4.0/spring-boot-autoconfigure-3.4.0.jar:/home/michele/.m2/repository/org/springframework/boot/spring-boot-starter-logging/3.4.0/spring-boot-starter-logging-3.4.0.jar:/home/michele/.m2/repository/ch/qos/logback/logback-classic/1.5.12/logback-classic-1.5.12.jar:/home/michele/.m2/repository/ch/qos/logback/logback-core/1.5.12/logback-core-1.5.12.jar:/home/michele/.m2/repository/org/apache/logging/log4j/log4j-to-slf4j/2.24.1/log4j-to-slf4j-2.24.1.jar:/home/michele/.m2/repository/org/apache/logging/log4j/log4j-api/2.24.1/log4j-api-2.24.1.jar:/home/michele/.m2/repository/org/slf4j/jul-to-slf4j/2.0.16/jul-to-slf4j-2.0.16.jar:/home/michele/.m2/repository/jakarta/annotation/jakarta.annotation-api/2.1.1/jakarta.annotation-api-2.1.1.jar:/home/michele/.m2/repository/org/yaml/snakeyaml/2.3/snakeyaml-2.3.jar:/home/michele/.m2/repository/org/springframework/boot/spring-boot-starter-jdbc/3.4.0/spring-boot-starter-jdbc-3.4.0.jar:/home/michele/.m2/repository/com/zaxxer/HikariCP/5.1.0/HikariCP-5.1.0.jar:/home/michele/.m2/repository/org/springframework/spring-jdbc/6.2.0/spring-jdbc-6.2.0.jar:/home/michele/.m2/repository/org/hibernate/orm/hibernate-core/6.6.2.Final/hibernate-core-6.6.2.Final.jar:/home/michele/.m2/repository/jakarta/persistence/jakarta.persistence-api/3.1.0/jakarta.persistence-api-3.1.0.jar:/home/michele/.m2/repository/jakarta/transaction/jakarta.transaction-api/2.0.1/jakarta.transaction-api-2.0.1.jar:/home/michele/.m2/repository/org/jboss/logging/jboss-logging/3.6.1.Final/jboss-logging-3.6.1.Final.jar:/home/michele/.m2/repository/org/hibernate/common/hibernate-commons-annotations/7.0.3.Final/hibernate-commons-annotations-7.0.3.Final.jar:/home/michele/.m2/repository/io/smallrye/jandex/3.2.0/jandex-3.2.0.jar:/home/michele/.m2/repository/com/fasterxml/classmate/1.7.0/classmate-1.7.0.jar:/home/michele/.m2/repository/net/bytebuddy/byte-buddy/1.15.10/byte-buddy-1.15.10.jar:/home/michele/.m2/repository/org/glassfish/jaxb/jaxb-runtime/4.0.5/jaxb-runtime-4.0.5.jar:/home/michele/.m2/repository/org/glassfish/jaxb/jaxb-core/4.0.5/jaxb-core-4.0.5.jar:/home/michele/.m2/repository/org/eclipse/angus/angus-activation/2.0.2/angus-activation-2.0.2.jar:/home/michele/.m2/repository/org/glassfish/jaxb/txw2/4.0.5/txw2-4.0.5.jar:/home/michele/.m2/repository/com/sun/istack/istack-commons-runtime/4.1.2/istack-commons-runtime-4.1.2.jar:/home/michele/.m2/repository/jakarta/inject/jakarta.inject-api/2.0.1/jakarta.inject-api-2.0.1.jar:/home/michele/.m2/repository/org/antlr/antlr4-runtime/4.13.0/antlr4-runtime-4.13.0.jar:/home/michele/.m2/repository/org/springframework/data/spring-data-jpa/3.4.0/spring-data-jpa-3.4.0.jar:/home/michele/.m2/repository/org/springframework/data/spring-data-commons/3.4.0/spring-data-commons-3.4.0.jar:/home/michele/.m2/repository/org/springframework/spring-orm/6.2.0/spring-orm-6.2.0.jar:/home/michele/.m2/repository/org/springframework/spring-context/6.2.0/spring-context-6.2.0.jar:/home/michele/.m2/repository/org/springframework/spring-aop/6.2.0/spring-aop-6.2.0.jar:/home/michele/.m2/repository/org/springframework/spring-tx/6.2.0/spring-tx-6.2.0.jar:/home/michele/.m2/repository/org/springframework/spring-beans/6.2.0/spring-beans-6.2.0.jar:/home/michele/.m2/repository/org/slf4j/slf4j-api/2.0.16/slf4j-api-2.0.16.jar:/home/michele/.m2/repository/org/springframework/spring-aspects/6.2.0/spring-aspects-6.2.0.jar:/home/michele/.m2/repository/org/aspectj/aspectjweaver/1.9.22.1/aspectjweaver-1.9.22.1.jar:/home/michele/.m2/repository/org/springframework/boot/spring-boot-starter-web/3.4.0/spring-boot-starter-web-3.4.0.jar:/home/michele/.m2/repository/org/springframework/boot/spring-boot-starter-json/3.4.0/spring-boot-starter-json-3.4.0.jar:/home/michele/.m2/repository/com/fasterxml/jackson/core/jackson-databind/2.18.1/jackson-databind-2.18.1.jar:/home/michele/.m2/repository/com/fasterxml/jackson/core/jackson-annotations/2.18.1/jackson-annotations-2.18.1.jar:/home/michele/.m2/repository/com/fasterxml/jackson/core/jackson-core/2.18.1/jackson-core-2.18.1.jar:/home/michele/.m2/repository/com/fasterxml/jackson/datatype/jackson-datatype-jdk8/2.18.1/jackson-datatype-jdk8-2.18.1.jar:/home/michele/.m2/repository/com/fasterxml/jackson/datatype/jackson-datatype-jsr310/2.18.1/jackson-datatype-jsr310-2.18.1.jar:/home/michele/.m2/repository/com/fasterxml/jackson/module/jackson-module-parameter-names/2.18.1/jackson-module-parameter-names-2.18.1.jar:/home/michele/.m2/repository/org/springframework/boot/spring-boot-starter-tomcat/3.4.0/spring-boot-starter-tomcat-3.4.0.jar:/home/michele/.m2/repository/org/apache/tomcat/embed/tomcat-embed-core/10.1.33/tomcat-embed-core-10.1.33.jar:/home/michele/.m2/repository/org/apache/tomcat/embed/tomcat-embed-el/10.1.33/tomcat-embed-el-10.1.33.jar:/home/michele/.m2/repository/org/apache/tomcat/embed/tomcat-embed-websocket/10.1.33/tomcat-embed-websocket-10.1.33.jar:/home/michele/.m2/repository/org/springframework/spring-web/6.2.0/spring-web-6.2.0.jar:/home/michele/.m2/repository/io/micrometer/micrometer-observation/1.14.1/micrometer-observation-1.14.1.jar:/home/michele/.m2/repository/io/micrometer/micrometer-commons/1.14.1/micrometer-commons-1.14.1.jar:/home/michele/.m2/repository/org/springframework/spring-webmvc/6.2.0/spring-webmvc-6.2.0.jar:/home/michele/.m2/repository/org/springframework/spring-expression/6.2.0/spring-expression-6.2.0.jar:/home/michele/.m2/repository/com/google/code/gson/gson/2.11.0/gson-2.11.0.jar:/home/michele/.m2/repository/com/google/errorprone/error_prone_annotations/2.27.0/error_prone_annotations-2.27.0.jar:/home/michele/.m2/repository/com/mysql/mysql-connector-j/9.1.0/mysql-connector-j-9.1.0.jar:/home/michele/.m2/repository/org/springframework/boot/spring-boot-starter-test/3.4.0/spring-boot-starter-test-3.4.0.jar:/home/michele/.m2/repository/org/springframework/boot/spring-boot-test/3.4.0/spring-boot-test-3.4.0.jar:/home/michele/.m2/repository/org/springframework/boot/spring-boot-test-autoconfigure/3.4.0/spring-boot-test-autoconfigure-3.4.0.jar:/home/michele/.m2/repository/com/jayway/jsonpath/json-path/2.9.0/json-path-2.9.0.jar:/home/michele/.m2/repository/jakarta/xml/bind/jakarta.xml.bind-api/4.0.2/jakarta.xml.bind-api-4.0.2.jar:/home/michele/.m2/repository/jakarta/activation/jakarta.activation-api/2.1.3/jakarta.activation-api-2.1.3.jar:/home/michele/.m2/repository/net/minidev/json-smart/2.5.1/json-smart-2.5.1.jar:/home/michele/.m2/repository/net/minidev/accessors-smart/2.5.1/accessors-smart-2.5.1.jar:/home/michele/.m2/repository/org/ow2/asm/asm/9.6/asm-9.6.jar:/home/michele/.m2/repository/org/assertj/assertj-core/3.26.3/assertj-core-3.26.3.jar:/home/michele/.m2/repository/org/awaitility/awaitility/4.2.2/awaitility-4.2.2.jar:/home/michele/.m2/repository/org/hamcrest/hamcrest/2.2/hamcrest-2.2.jar:/home/michele/.m2/repository/org/junit/jupiter/junit-jupiter/5.11.3/junit-jupiter-5.11.3.jar:/home/michele/.m2/repository/org/junit/jupiter/junit-jupiter-api/5.11.3/junit-jupiter-api-5.11.3.jar:/home/michele/.m2/repository/org/opentest4j/opentest4j/1.3.0/opentest4j-1.3.0.jar:/home/michele/.m2/repository/org/junit/platform/junit-platform-commons/1.11.3/junit-platform-commons-1.11.3.jar:/home/michele/.m2/repository/org/apiguardian/apiguardian-api/1.1.2/apiguardian-api-1.1.2.jar:/home/michele/.m2/repository/org/junit/jupiter/junit-jupiter-params/5.11.3/junit-jupiter-params-5.11.3.jar:/home/michele/.m2/repository/org/junit/jupiter/junit-jupiter-engine/5.11.3/junit-jupiter-engine-5.11.3.jar:/home/michele/.m2/repository/org/junit/platform/junit-platform-engine/1.11.3/junit-platform-engine-1.11.3.jar:/home/michele/.m2/repository/org/mockito/mockito-core/5.14.2/mockito-core-5.14.2.jar:/home/michele/.m2/repository/net/bytebuddy/byte-buddy-agent/1.15.10/byte-buddy-agent-1.15.10.jar:/home/michele/.m2/repository/org/objenesis/objenesis/3.3/objenesis-3.3.jar:/home/michele/.m2/repository/org/mockito/mockito-junit-jupiter/5.14.2/mockito-junit-jupiter-5.14.2.jar:/home/michele/.m2/repository/org/skyscreamer/jsonassert/1.5.3/jsonassert-1.5.3.jar:/home/michele/.m2/repository/com/vaadin/external/google/android-json/0.0.20131108.vaadin1/android-json-0.0.20131108.vaadin1.jar:/home/michele/.m2/repository/org/springframework/spring-core/6.2.0/spring-core-6.2.0.jar:/home/michele/.m2/repository/org/springframework/spring-jcl/6.2.0/spring-jcl-6.2.0.jar:/home/michele/.m2/repository/org/springframework/spring-test/6.2.0/spring-test-6.2.0.jar:/home/michele/.m2/repository/org/xmlunit/xmlunit-core/2.10.0/xmlunit-core-2.10.0.jar:"/>
    <property name="test" value="it.unipi.Wikifont.WikifontApplicationTests"/>
    <property name="sun.cpu.endian" value="little"/>
    <property name="user.home" value="/home/michele"/>
    <property name="user.language" value="it"/>
    <property name="java.specification.vendor" value="Oracle Corporation"/>
    <property name="java.version.date" value="2024-07-16"/>
    <property name="java.home" value="/opt/jdk-21.0.4+7"/>
    <property name="file.separator" value="/"/>
    <property name="basedir" value="/home/michele/NetBeansProjects/Wikifont"/>
    <property name="java.vm.compressedOopsMode" value="Zero based"/>
    <property name="line.separator" value="&#10;"/>
    <property name="java.vm.specification.vendor" value="Oracle Corporation"/>
    <property name="java.specification.name" value="Java Platform API Specification"/>
    <property name="FILE_LOG_CHARSET" value="UTF-8"/>
    <property name="java.awt.headless" value="true"/>
    <property name="surefire.real.class.path" value="/home/michele/NetBeansProjects/Wikifont/target/surefire/surefirebooter-20250107113634674_3.jar"/>
    <property name="sun.management.compiler" value="HotSpot 64-Bit Tiered Compilers"/>
    <property name="java.runtime.version" value="21.0.4+7-LTS"/>
    <property name="user.name" value="michele"/>
    <property name="stdout.encoding" value="UTF-8"/>
    <property name="path.separator" value=":"/>
    <property name="os.version" value="6.11.7-300.fc41.x86_64"/>
    <property name="java.runtime.name" value="OpenJDK Runtime Environment"/>
    <property name="file.encoding" value="UTF-8"/>
    <property name="java.vm.name" value="OpenJDK 64-Bit Server VM"/>
    <property name="java.vendor.version" value="Microsoft-9889606"/>
    <property name="maven.ext.class.path" value="/home/michele/netbeans-14/netbeans/java/maven-nblib/netbeans-eventspy.jar"/>
    <property name="localRepository" value="/home/michele/.m2/repository"/>
    <property name="java.vendor.url.bug" value="https://github.com/microsoft/openjdk/issues"/>
    <property name="java.io.tmpdir" value="/tmp"/>
    <property name="com.zaxxer.hikari.pool_number" value="1"/>
    <property name="java.version" value="21.0.4"/>
    <property name="user.dir" value="/home/michele/NetBeansProjects/Wikifont"/>
    <property name="os.arch" value="amd64"/>
    <property name="java.vm.specification.name" value="Java Virtual Machine Specification"/>
    <property name="PID" value="42739"/>
    <property name="CONSOLE_LOG_CHARSET" value="UTF-8"/>
    <property name="native.encoding" value="UTF-8"/>
    <property name="java.library.path" value="/usr/java/packages/lib:/usr/lib64:/lib64:/lib:/usr/lib"/>
    <property name="java.vm.info" value="mixed mode, sharing"/>
    <property name="stderr.encoding" value="UTF-8"/>
    <property name="java.vendor" value="Microsoft"/>
    <property name="java.vm.version" value="21.0.4+7-LTS"/>
    <property name="sun.io.unicode.encoding" value="UnicodeLittle"/>
    <property name="java.class.version" value="65.0"/>
    <property name="LOGGED_APPLICATION_NAME" value="[Wikifont] "/>
  </properties>
  <testcase name="getData" classname="it.unipi.Wikifont.WikifontApplicationTests" time="1.297">
    <system-out><![CDATA[11:36:35.791 [main] INFO org.springframework.test.context.support.AnnotationConfigContextLoaderUtils -- Could not detect default configuration classes for test class [it.unipi.Wikifont.WikifontApplicationTests]: WikifontApplicationTests does not declare any static, non-private, non-final, nested classes annotated with @Configuration.
11:36:35.991 [main] INFO org.springframework.boot.test.context.SpringBootTestContextBootstrapper -- Found @SpringBootConfiguration it.unipi.Wikifont.WikifontApplication for test class it.unipi.Wikifont.WikifontApplicationTests

  .   ____          _            __ _ _
 /\\ / ___'_ __ _ _(_)_ __  __ _ \ \ \ \
( ( )\___ | '_ | '_| | '_ \/ _` | \ \ \ \
 \\/  ___)| |_)| | | | | || (_| |  ) ) ) )
  '  |____| .__|_| |_|_| |_\__, | / / / /
 =========|_|==============|___/=/_/_/_/

 :: Spring Boot ::                (v3.4.0)

2025-01-07T11:36:36.664+01:00  INFO 42739 --- [Wikifont] [           main] i.u.Wikifont.WikifontApplicationTests    : Starting WikifontApplicationTests using Java 21.0.4 with PID 42739 (started by michele in /home/michele/NetBeansProjects/Wikifont)
2025-01-07T11:36:36.667+01:00  INFO 42739 --- [Wikifont] [           main] i.u.Wikifont.WikifontApplicationTests    : No active profile set, falling back to 1 default profile: "default"
2025-01-07T11:36:37.699+01:00  INFO 42739 --- [Wikifont] [           main] .s.d.r.c.RepositoryConfigurationDelegate : Bootstrapping Spring Data JPA repositories in DEFAULT mode.
2025-01-07T11:36:37.790+01:00  INFO 42739 --- [Wikifont] [           main] .s.d.r.c.RepositoryConfigurationDelegate : Finished Spring Data repository scanning in 77 ms. Found 2 JPA repository interfaces.
2025-01-07T11:36:38.486+01:00  INFO 42739 --- [Wikifont] [           main] o.hibernate.jpa.internal.util.LogHelper  : HHH000204: Processing PersistenceUnitInfo [name: default]
2025-01-07T11:36:38.587+01:00  INFO 42739 --- [Wikifont] [           main] org.hibernate.Version                    : HHH000412: Hibernate ORM core version 6.6.2.Final
2025-01-07T11:36:38.634+01:00  INFO 42739 --- [Wikifont] [           main] o.h.c.internal.RegionFactoryInitiator    : HHH000026: Second-level cache disabled
2025-01-07T11:36:39.058+01:00  INFO 42739 --- [Wikifont] [           main] o.s.o.j.p.SpringPersistenceUnitInfo      : No LoadTimeWeaver setup: ignoring JPA class transformer
2025-01-07T11:36:39.094+01:00  INFO 42739 --- [Wikifont] [           main] com.zaxxer.hikari.HikariDataSource       : HikariPool-1 - Starting...
2025-01-07T11:36:39.683+01:00  INFO 42739 --- [Wikifont] [           main] com.zaxxer.hikari.pool.HikariPool        : HikariPool-1 - Added connection com.mysql.cj.jdbc.ConnectionImpl@628962e5
2025-01-07T11:36:39.686+01:00  INFO 42739 --- [Wikifont] [           main] com.zaxxer.hikari.HikariDataSource       : HikariPool-1 - Start completed.
2025-01-07T11:36:39.790+01:00  INFO 42739 --- [Wikifont] [           main] org.hibernate.orm.connections.pooling    : HHH10001005: Database info:
	Database JDBC URL [Connecting through datasource 'HikariDataSource (HikariPool-1)']
	Database driver: undefined/unknown
	Database version: 8.0.30
	Autocommit mode: undefined/unknown
	Isolation level: undefined/unknown
	Minimum pool size: undefined/unknown
	Maximum pool size: undefined/unknown
2025-01-07T11:36:40.203+01:00  WARN 42739 --- [Wikifont] [           main] org.hibernate.mapping.RootClass          : HHH000038: Composite-id class does not override equals(): it.unipi.Wikifont.VariantsDB$PrimaryKey
2025-01-07T11:36:40.203+01:00  WARN 42739 --- [Wikifont] [           main] org.hibernate.mapping.RootClass          : HHH000039: Composite-id class does not override hashCode(): it.unipi.Wikifont.VariantsDB$PrimaryKey
2025-01-07T11:36:40.937+01:00  INFO 42739 --- [Wikifont] [           main] o.h.e.t.j.p.i.JtaPlatformInitiator       : HHH000489: No JTA platform available (set 'hibernate.transaction.jta.platform' to enable JTA platform integration)
2025-01-07T11:36:41.042+01:00  INFO 42739 --- [Wikifont] [           main] j.LocalContainerEntityManagerFactoryBean : Initialized JPA EntityManagerFactory for persistence unit 'default'
2025-01-07T11:36:41.703+01:00  WARN 42739 --- [Wikifont] [           main] JpaBaseConfiguration$JpaWebConfiguration : spring.jpa.open-in-view is enabled by default. Therefore, database queries may be performed during view rendering. Explicitly configure spring.jpa.open-in-view to disable this warning
2025-01-07T11:36:42.225+01:00  INFO 42739 --- [Wikifont] [           main] o.s.b.t.m.w.SpringBootMockServletContext : Initializing Spring TestDispatcherServlet ''
2025-01-07T11:36:42.226+01:00  INFO 42739 --- [Wikifont] [           main] o.s.t.web.servlet.TestDispatcherServlet  : Initializing Servlet ''
2025-01-07T11:36:42.229+01:00  INFO 42739 --- [Wikifont] [           main] o.s.t.web.servlet.TestDispatcherServlet  : Completed initialization in 2 ms
2025-01-07T11:36:42.305+01:00  INFO 42739 --- [Wikifont] [           main] i.u.Wikifont.WikifontApplicationTests    : Started WikifontApplicationTests in 6.048 seconds (process running for 7.546)

MockHttpServletRequest:
      HTTP Method = GET
      Request URI = /font/caricadati
       Parameters = {}
          Headers = [Accept:"application/json"]
             Body = null
    Session Attrs = {}

Handler:
             Type = it.unipi.Wikifont.MainController
           Method = it.unipi.Wikifont.MainController#dowloadData()

Async:
    Async started = false
     Async result = null

Resolved Exception:
             Type = null

ModelAndView:
        View name = null
             View = null
            Model = null

FlashMap:
       Attributes = null

MockHttpServletResponse:
           Status = 200
    Error message = null
          Headers = [Content-Type:"application/json"]
     Content type = application/json
             Body = [{"family":"ABeeZee","version":"v22","lastModified":"2024-09-04","category":"sans-serif","kind":"webfonts#webfont","menu":"https://fonts.gstatic.com/s/abeezee/v22/esDR31xSG-6AGleN2tOklQ.ttf"},{"family":"Abel","version":"v18","lastModified":"2024-09-04","category":"sans-serif","kind":"webfonts#webfont","menu":"https://fonts.gstatic.com/s/abel/v18/MwQ5bhbm2POE2VlBOA.ttf"},{"family":"Abhaya Libre","version":"v17","lastModified":"2024-09-04","category":"serif","kind":"webfonts#webfont","menu":"https://fonts.gstatic.com/s/abhayalibre/v17/e3tmeuGtX-Co5MNzeAOqinEQeknS.ttf"},{"family":"Aboreto","version":"v2","lastModified":"2024-09-04","category":"display","kind":"webfonts#webfont","menu":"https://fonts.gstatic.com/s/aboreto/v2/5DCXAKLhwDDQ4N8bpKXUBw.ttf"},{"family":"Abril Fatface","version":"v23","lastModified":"2024-09-04","category":"display","kind":"webfonts#webfont","menu":"https://fonts.gstatic.com/s/abrilfatface/v23/zOL64pLDlL1D99S8g8PtiKchq-FmiA.ttf"},{"family":"Abyssinica SIL","version":"v8","lastModified":"2024-11-20","category":"serif","kind":"webfonts#webfont","menu":"https://fonts.gstatic.com/s/abyssinicasil/v8/oY1H8ezOqK7iI3rK_45WKoc8J5UYDlc.ttf"},{"family":"Aclonica","version":"v23","lastModified":"2024-11-20","category":"sans-serif","kind":"webfonts#webfont","menu":"https://fonts.gstatic.com/s/aclonica/v23/K2FyfZJVlfNNSEBXGY7SAoo.ttf"},{"family":"Acme","version":"v25","lastModified":"2024-09-04","category":"sans-serif","kind":"webfonts#webfont","menu":"https://fonts.gstatic.com/s/acme/v25/RrQfboBx-C5_XxzBaw.ttf"},{"family":"Actor","version":"v17","lastModified":"2024-09-04","category":"sans-serif","kind":"webfonts#webfont","menu":"https://fonts.gstatic.com/s/actor/v17/wEOzEBbCkc5cO0elVSw.ttf"},{"family":"Adamina","version":"v21","lastModified":"2024-09-04","category":"serif","kind":"webfonts#webfont","menu":"https://fonts.gstatic.com/s/adamina/v21/j8_r6-DH1bjoc-dwi-vUFQ.ttf"},{"family":"ADLaM Display","version":"v1","lastModified":"2024-09-04","category":"display","kind":"webfonts#webfont","menu":"https://fonts.gstatic.com/s/adlamdisplay/v1/KFOhCnGXkPOLlhx6jD8_b1ZEOsDSlQ.ttf"},{"family":"Advent Pro","version":"v28","lastModified":"2024-09-04","category":"sans-serif","kind":"webfonts#webfont","menu":"https://fonts.gstatic.com/s/adventpro/v28/V8mqoQfxVT4Dvddr_yOwrzaFxV7JtdQgFqXdUAQrGp_zgX5sWCpLQyN_TZAs.ttf"},{"family":"Afacad","version":"v1","lastModified":"2024-09-04","category":"sans-serif","kind":"webfonts#webfont","menu":"https://fonts.gstatic.com/s/afacad/v1/6NUK8FKMIQOGaw6wjYT7ZHG_zsBBfhXtamE-9g.ttf"},{"family":"Afacad Flux","version":"v2","lastModified":"2024-11-07","category":"sans-serif","kind":"webfonts#webfont","menu":"https://fonts.gstatic.com/s/afacadflux/v2/9oRgNYYQryMlneUPykRmTuH4ET0fri4I5rJVT_CWHKDZnskVK5edsUwXVaVgRg.ttf"},{"family":"Agdasima","version":"v4","lastModified":"2024-09-04","category":"sans-serif","kind":"webfonts#webfont","menu":"https://fonts.gstatic.com/s/agdasima/v4/PN_zRfyxp2f1fUCgAPg7pTw.ttf"},{"family":"Agu Display","version":"v1","lastModified":"2024-12-10","category":"display","kind":"webfonts#webfont","menu":"https://fonts.gstatic.com/s/agudisplay/v1/iJWXBXKbbi6BeMC1_RX7qF_V5E7aciGRRWUwX4fdkKVP.ttf"},{"family":"Aguafina Script","version":"v22","lastModified":"2024-09-04","category":"handwriting","kind":"webfonts#webfont","menu":"https://fonts.gstatic.com/s/aguafinascript/v22/If2QXTv_ZzSxGIO30LemWEOmt1b3q8Qt.ttf"},{"family":"Akatab","version":"v7","lastModified":"2024-09-04","category":"sans-serif","kind":"webfonts#webfont","menu":"https://fonts.gstatic.com/s/akatab/v7/VuJwdNrK3Z7gqJE_WYb9.ttf"},{"family":"Akaya Kanadaka","version":"v16","lastModified":"2024-09-04","category":"display","kind":"webfonts#webfont","menu":"https://fonts.gstatic.com/s/akayakanadaka/v16/N0bM2S5CPO5oOQqvazoRRb-8-MfQQZE.ttf"},{"family":"Akaya Telivigala","version":"v27","lastModified":"2024-11-20","category":"display","kind":"webfonts#webfont","menu":"https://fonts.gstatic.com/s/akayatelivigala/v27/lJwc-oo_iG9wXqU3rCTD395tp0uiTdPXtA.ttf"},{"family":"Akronim","version":"v23","lastModified":"2024-09-04","category":"display","kind":"webfonts#webfont","menu":"https://fonts.gstatic.com/s/akronim/v23/fdN-9sqWtWZZlHRpygF7lA.ttf"},{"family":"Akshar","version":"v14","lastModified":"2024-12-04","category":"sans-serif","kind":"webfonts#webfont","menu":"https://fonts.gstatic.com/s/akshar/v14/Yq6I-LyHWTfz9rGoqDaUbHvhkAUsSXYF-9GS8w.ttf"},{"family":"Aladin","version":"v24","lastModified":"2024-09-04","category":"display","kind":"webfonts#webfont","menu":"https://fonts.gstatic.com/s/aladin/v24/ZgNSjPJFPrvJV5fF6C38.ttf"},{"family":"Alata","version":"v11","lastModified":"2024-09-30","category":"sans-serif","kind":"webfonts#webfont","menu":"https://fonts.gstatic.com/s/alata/v11/PbytFmztEwbIoce7zqM.ttf"},{"family":"Alatsi","version":"v13","lastModified":"2024-09-04","category":"sans-serif","kind":"webfonts#webfont","menu":"https://fonts.gstatic.com/s/alatsi/v13/TK3iWkUJAxQ2nLN2Hz8D.ttf"},{"family":"Albert Sans","version":"v1","lastModified":"2024-09-04","category":"sans-serif","kind":"webfonts#webfont","menu":"https://fonts.gstatic.com/s/albertsans/v1/i7dZIFdwYjGaAMFtZd_QA3xXSKZqhr-TenSHq5PPrYfy.ttf"},{"family":"Aldrich","version":"v21","lastModified":"2024-09-04","category":"sans-serif","kind":"webfonts#webfont","menu":"https://fonts.gstatic.com/s/aldrich/v21/MCoTzAn-1s3IGyJMVaEY2g.ttf"},{"family":"Alef","version":"v22","lastModified":"2024-11-20","category":"sans-serif","kind":"webfonts#webfont","menu":"https://fonts.gstatic.com/s/alef/v22/FeVfS0NQpLYgnjNRDw.ttf"},{"family":"Alegreya","version":"v36","lastModified":"2024-09-30","category":"serif","kind":"webfonts#webfont","menu":"https://fonts.gstatic.com/s/alegreya/v36/4UacrEBBsBhlBjvfkQjt71kZfyBzPgNG9hU4_aqm.ttf"},{"family":"Alegreya Sans","version":"v25","lastModified":"2024-09-30","category":"sans-serif","kind":"webfonts#webfont","menu":"https://fonts.gstatic.com/s/alegreyasans/v25/5aUz9_-1phKLFgshYDvh6Vwt7VxtuA.ttf"},{"family":"Alegreya Sans SC","version":"v23","lastModified":"2024-09-04","category":"sans-serif","kind":"webfonts#webfont","menu":"https://fonts.gstatic.com/s/alegreyasanssc/v23/mtGh4-RGJqfMvt7P8FUr0Q1j-Hf1Bk9l8g.ttf"},{"family":"Alegreya SC","version":"v25","lastModified":"2024-09-04","category":"serif","kind":"webfonts#webfont","menu":"https://fonts.gstatic.com/s/alegreyasc/v25/taiOGmRtCJ62-O0HhNEa-Z6p2ZU.ttf"},{"family":"Aleo","version":"v14","lastModified":"2024-09-04","category":"serif","kind":"webfonts#webfont","menu":"https://fonts.gstatic.com/s/aleo/v14/c4m61nF8G8_s6gHhIOX0IYBo_KJ3GlP8Foo.ttf"},{"family":"Alex Brush","version":"v22","lastModified":"2024-09-04","category":"handwriting","kind":"webfonts#webfont","menu":"https://fonts.gstatic.com/s/alexbrush/v22/SZc83FzrJKuqFbwMKk6EhUPz6A.ttf"},{"family":"Alexandria","version":"v3","lastModified":"2024-09-04","category":"sans-serif","kind":"webfonts#webfont","menu":"https://fonts.gstatic.com/s/alexandria/v3/UMBCrPdDqW66y0Y2usFeQCH18mulUxBvI9r7TpbGFps.ttf"},{"family":"Alfa Slab One","version":"v19","lastModified":"2024-09-04","category":"display","kind":"webfonts#webfont","menu":"https://fonts.gstatic.com/s/alfaslabone/v19/6NUQ8FmMKwSEKjnm5-4v-4Jh2dRhfg.ttf"},{"family":"Alice","version":"v20","lastModified":"2024-09-04","category":"serif","kind":"webfonts#webfont","menu":"https://fonts.gstatic.com/s/alice/v20/OpNCnoEEmtHa6GcIrgs.ttf"},{"family":"Alike","version":"v21","lastModified":"2024-09-04","category":"serif","kind":"webfonts#webfont","menu":"https://fonts.gstatic.com/s/alike/v21/HI_EiYEYI6BIoHjAQ5E.ttf"},{"family":"Alike Angular","version":"v25","lastModified":"2024-09-04","category":"serif","kind":"webfonts#webfont","menu":"https://fonts.gstatic.com/s/alikeangular/v25/3qTrojWunjGQtEBlIcwMbSoI7kIwaA.ttf"},{"family":"Alkalami","version":"v7","lastModified":"2024-09-04","category":"serif","kind":"webfonts#webfont","menu":"https://fonts.gstatic.com/s/alkalami/v7/zOL_4pfDmqRL95WXi6eKycQ.ttf"},{"family":"Alkatra","version":"v3","lastModified":"2024-09-04","category":"display","kind":"webfonts#webfont","menu":"https://fonts.gstatic.com/s/alkatra/v3/r05EGLZA5qhCYsyJbuChFuK48Medzngmu4cOptQ.ttf"},{"family":"Allan","version":"v24","lastModified":"2024-09-04","category":"display","kind":"webfonts#webfont","menu":"https://fonts.gstatic.com/s/allan/v24/ea8XadU7WuTxEub3NdA.ttf"},{"family":"Allerta","version":"v18","lastModified":"2024-09-04","category":"sans-serif","kind":"webfonts#webfont","menu":"https://fonts.gstatic.com/s/allerta/v18/TwMO-IAHRlkbx940YnAXTQ.ttf"},{"family":"Allerta Stencil","version":"v22","lastModified":"2024-09-04","category":"sans-serif","kind":"webfonts#webfont","menu":"https://fonts.gstatic.com/s/allertastencil/v22/HTx0L209KT-LmIE9N7OR6eiycOe1-jbz.ttf"},{"family":"Allison","version":"v11","lastModified":"2024-09-04","category":"handwriting","kind":"webfonts#webfont","menu":"https://fonts.gstatic.com/s/allison/v11/X7nl4b88AP2nkbvZCCea5A.ttf"},{"family":"Allura","version":"v21","lastModified":"2024-09-04","category":"handwriting","kind":"webfonts#webfont","menu":"https://fonts.gstatic.com/s/allura/v21/9oRPNYsQpS4zjuA_jQgT.ttf"},{"family":"Almarai","version":"v18","lastModified":"2024-11-20","category":"sans-serif","kind":"webfonts#webfont","menu":"https://fonts.gstatic.com/s/almarai/v18/tsstApxBaigK_hnnQ1uFpg.ttf"},{"family":"Almendra","version":"v26","lastModified":"2024-09-04","category":"serif","kind":"webfonts#webfont","menu":"https://fonts.gstatic.com/s/almendra/v26/H4ckBXKAlMnTn0CskxY7yLs.ttf"},{"family":"Almendra Display","version":"v31","lastModified":"2024-09-04","category":"display","kind":"webfonts#webfont","menu":"https://fonts.gstatic.com/s/almendradisplay/v31/0FlPVOGWl1Sb4O3tETtADHRRlZhzbS7USw.ttf"},{"family":"Almendra SC","version":"v29","lastModified":"2024-09-04","category":"serif","kind":"webfonts#webfont","menu":"https://fonts.gstatic.com/s/almendrasc/v29/Iure6Yx284eebowr7hbyTaZIrLE.ttf"},{"family":"Alumni Sans","version":"v18","lastModified":"2024-09-04","category":"sans-serif","kind":"webfonts#webfont","menu":"https://fonts.gstatic.com/s/alumnisans/v18/nwpHtKqkOwdO2aOIwhWudEWpx_zq_Xna-Xd9OO9gqVEN.ttf"},{"family":"Alumni Sans Collegiate One","version":"v5","lastModified":"2024-09-04","category":"sans-serif","kind":"webfonts#webfont","menu":"https://fonts.gstatic.com/s/alumnisanscollegiateone/v5/MQpB-XChK8G5CtmK_AuGxQrdNvPSXkn0RM-XqjWWhgdbwjw.ttf"},{"family":"Alumni Sans Inline One","version":"v5","lastModified":"2024-09-04","category":"display","kind":"webfonts#webfont","menu":"https://fonts.gstatic.com/s/alumnisansinlineone/v5/RrQBbpJx9zZ3IXTBOASKp5gJAetBdaihcjbpP3ETdg.ttf"},{"family":"Alumni Sans Pinstripe","version":"v6","lastModified":"2024-09-04","category":"sans-serif","kind":"webfonts#webfont","menu":"https://fonts.gstatic.com/s/alumnisanspinstripe/v6/ZgNNjOFFPq_AUJD1umyS30W-Xub8zD1ObheDY79M.ttf"},{"family":"Amarante","version":"v28","lastModified":"2024-09-04","category":"display","kind":"webfonts#webfont","menu":"https://fonts.gstatic.com/s/amarante/v28/xMQXuF1KTa6EvGx9bp-2AX4.ttf"},{"family":"Amaranth","version":"v18","lastModified":"2024-09-04","category":"sans-serif","kind":"webfonts#webfont","menu":"https://fonts.gstatic.com/s/amaranth/v18/KtkuALODe433f0j1zMnDHdU.ttf"},{"family":"Amatic SC","version":"v26","lastModified":"2024-09-04","category":"handwriting","kind":"webfonts#webfont","menu":"https://fonts.gstatic.com/s/amaticsc/v26/TUZyzwprpvBS1izr_vOEDOSa.ttf"},{"family":"Amethysta","version":"v16","lastModified":"2024-09-04","category":"serif","kind":"webfonts#webfont","menu":"https://fonts.gstatic.com/s/amethysta/v16/rP2Fp2K15kgb_F3ibfW4GT-G.ttf"},{"family":"Amiko","version":"v14","lastModified":"2024-09-04","category":"sans-serif","kind":"webfonts#webfont","menu":"https://fonts.gstatic.com/s/amiko/v14/WwkQxPq1DFK04uqkeVo.ttf"},{"family":"Amiri","version":"v27","lastModified":"2024-09-04","category":"serif","kind":"webfonts#webfont","menu":"https://fonts.gstatic.com/s/amiri/v27/J7aRnpd8CGxBHpUotLY.ttf"},{"family":"Amiri Quran","version":"v14","lastModified":"2024-08-12","category":"serif","kind":"webfonts#webfont","menu":"https://fonts.gstatic.com/s/amiriquran/v14/_Xmo-Hk0rD6DbUL4_vH8Zp5s5ig.ttf"},{"family":"Amita","version":"v18","lastModified":"2024-09-04","category":"handwriting","kind":"webfonts#webfont","menu":"https://fonts.gstatic.com/s/amita/v18/HhyaU5si9Om7PTluC_A.ttf"},{"family":"Anaheim","version":"v15","lastModified":"2024-09-04","category":"sans-serif","kind":"webfonts#webfont","menu":"https://fonts.gstatic.com/s/anaheim/v15/8vIX7w042Wp87g4Gy0_24JbCiPrl-h5sLprEKEY.ttf"},{"family":"Andada Pro","version":"v21","lastModified":"2024-09-30","category":"serif","kind":"webfonts#webfont","menu":"https://fonts.gstatic.com/s/andadapro/v21/HhyEU5Qi9-SuOEhPe4LtKoVCuWGURPcg3DPJBb8dHrg.ttf"},{"family":"Andika","version":"v25","lastModified":"2024-09-04","category":"sans-serif","kind":"webfonts#webfont","menu":"https://fonts.gstatic.com/s/andika/v25/mem_Ya6iyW-LwqgwbLYV.ttf"},{"family":"Anek Bangla","version":"v15","lastModified":"2024-12-04","category":"sans-serif","kind":"webfonts#webfont","menu":"https://fonts.gstatic.com/s/anekbangla/v15/_gPW1R38qTExHg-17BhM6n66QhabMYB0fBKONtHhRSIUIre5mq3Ofm9ZEoYq4w.ttf"},{"family":"Anek Devanagari","version":"v14","lastModified":"2024-12-04","category":"sans-serif","kind":"webfonts#webfont","menu":"https://fonts.gstatic.com/s/anekdevanagari/v14/jVyo7nP0CGrUsxB-QiRgw0NlLaVt_QUAkYxLRoCL23mlh20ZVHOMAWbgHLDtkt9mHEk.ttf"},{"family":"Anek Gujarati","version":"v16","lastModified":"2024-12-04","category":"sans-serif","kind":"webfonts#webfont","menu":"https://fonts.gstatic.com/s/anekgujarati/v16/l7g_bj5oysqknvkCo2T_8FuiIRBA7lncQUmbIBEtPKiYYQhRwyBxCD-0F5CLwkik.ttf"},{"family":"Anek Gurmukhi","version":"v8","lastModified":"2024-09-04","category":"sans-serif","kind":"webfonts#webfont","menu":"https://fonts.gstatic.com/s/anekgurmukhi/v8/0QIAMXRO_YSkA0quVLY79JnHybfeEOrXCa9Dmd9Ql6a6R_vEMc5TaLkbd5tZXaQx.ttf"},{"family":"Anek Kannada","version":"v14","lastModified":"2024-12-04","category":"sans-serif","kind":"webfonts#webfont","menu":"https://fonts.gstatic.com/s/anekkannada/v14/raxcHiCNvNMKe1CKFsINYFlgkEIwGa8nL6ruWJg1j--h8pvBKSiw4dFDETulXxM.ttf"},{"family":"Anek Latin","version":"v5","lastModified":"2024-09-04","category":"sans-serif","kind":"webfonts#webfont","menu":"https://fonts.gstatic.com/s/aneklatin/v5/co3pmWZulTRoU4a8dqrWiajBS5ByUkvdrluH-xWG5uJTY4x-L3PuR7ApKNqh.ttf"},{"family":"Anek Malayalam","version":"v17","lastModified":"2024-12-04","category":"sans-serif","kind":"webfonts#webfont","menu":"https://fonts.gstatic.com/s/anekmalayalam/v17/6qLjKZActRTs_mZAJUZWWkhke0nYa_vC8_Azq3-gP1SReZeOtqQuDVUTUZu-LMvzOA.ttf"},{"family":"Anek Odia","version":"v16","lastModified":"2024-12-04","category":"sans-serif","kind":"webfonts#webfont","menu":"https://fonts.gstatic.com/s/anekodia/v16/TK3PWkoJARApz5UCd345tuevwwQX0CwsoYkAWgWYevAauivBUnmZfp3nV5Q.ttf"},{"family":"Anek Tamil","version":"v17","lastModified":"2024-12-04","category":"sans-serif","kind":"webfonts#webfont","menu":"https://fonts.gstatic.com/s/anektamil/v17/XLYJIZH2bYJHGYtPGSbUB8JKTp-_9n55SsLHW0WZez6TjtkDu3uNQidKqoH8.ttf"},{"family":"Anek Telugu","version":"v10","lastModified":"2024-12-04","category":"sans-serif","kind":"webfonts#webfont","menu":"https://fonts.gstatic.com/s/anektelugu/v10/LhWLMVrUNvsddMtYGCx4FcVWOjlwE1WgXdoJ-5XHMl2DkooGK7i13y--kEyM3Q.ttf"},{"family":"Angkor","version":"v33","lastModified":"2024-12-04","category":"display","kind":"webfonts#webfont","menu":"https://fonts.gstatic.com/s/angkor/v33/H4cmBXyAlsPdnlbO8yY6.ttf"},{"family":"Annapurna SIL","version":"v2","lastModified":"2024-09-04","category":"serif","kind":"webfonts#webfont","menu":"https://fonts.gstatic.com/s/annapurnasil/v2/yYLv0hDY0f2iu9tPmRWtllidwNJ3cQ.ttf"},{"family":"Annie Use Your Telescope","version":"v19","lastModified":"2024-11-20","category":"handwriting","kind":"webfonts#webfont","menu":"https://fonts.gstatic.com/s/annieuseyourtelescope/v19/daaLSS4tI2qYYl3Jq9s_Hu74xwktnlKxH6osGVGTlT3F.ttf"},{"family":"Anonymous Pro","version":"v21","lastModified":"2024-09-04","category":"monospace","kind":"webfonts#webfont","menu":"https://fonts.gstatic.com/s/anonymouspro/v21/rP2Bp2a15UIB7Un-bOeISG3pHl028A.ttf"},{"family":"Anta","version":"v1","lastModified":"2024-09-04","category":"sans-serif","kind":"webfonts#webfont","menu":"https://fonts.gstatic.com/s/anta/v1/gyBzhwQ3KsIyVF07OA.ttf"},{"family":"Antic","version":"v19","lastModified":"2024-09-04","category":"sans-serif","kind":"webfonts#webfont","menu":"https://fonts.gstatic.com/s/antic/v19/TuGfUVB8XY5DRZZKq9w.ttf"},{"family":"Antic Didone","version":"v16","lastModified":"2024-09-04","category":"serif","kind":"webfonts#webfont","menu":"https://fonts.gstatic.com/s/anticdidone/v16/RWmPoKKX6u8sp8fIWdnDKqDSqIEC.ttf"},{"family":"Antic Slab","version":"v16","lastModified":"2024-09-04","category":"serif","kind":"webfonts#webfont","menu":"https://fonts.gstatic.com/s/anticslab/v16/bWt97fPFfRzkCa9Jlp6IacNcWQ.ttf"},{"family":"Anton","version":"v25","lastModified":"2024-09-04","category":"sans-serif","kind":"webfonts#webfont","menu":"https://fonts.gstatic.com/s/anton/v25/1Ptgg87LROyAm3K1-Co.ttf"},{"family":"Anton SC","version":"v1","lastModified":"2024-09-04","category":"sans-serif","kind":"webfonts#webfont","menu":"https://fonts.gstatic.com/s/antonsc/v1/4UaBrEBBsgltGn71syLnx60.ttf"},{"family":"Antonio","version":"v19","lastModified":"2024-09-04","category":"sans-serif","kind":"webfonts#webfont","menu":"https://fonts.gstatic.com/s/antonio/v19/gNMbW3NwSYq_9WD34ngK5F8vR8T0PVxx8StJaWQ.ttf"},{"family":"Anuphan","version":"v4","lastModified":"2024-09-04","category":"sans-serif","kind":"webfonts#webfont","menu":"https://fonts.gstatic.com/s/anuphan/v4/2sDBZGxYgY7LkLT0s2Yrm5UhuLoIZCkY9T4lEGE.ttf"},{"family":"Anybody","version":"v11","lastModified":"2024-09-04","category":"display","kind":"webfonts#webfont","menu":"https://fonts.gstatic.com/s/anybody/v11/VuJbdNvK2Ib2ppdWYq311GH32hxIv0sd5grncSUi2F_Wim4J12D_r8_H.ttf"},{"family":"Aoboshi One","version":"v11","lastModified":"2024-08-07","category":"serif","kind":"webfonts#webfont","menu":"https://fonts.gstatic.com/s/aoboshione/v11/Gg8xN5kXaAXtHQrFxwl10xsKDGI.ttf"},{"family":"AR One Sans","version":"v4","lastModified":"2024-09-04","category":"sans-serif","kind":"webfonts#webfont","menu":"https://fonts.gstatic.com/s/aronesans/v4/TUZezwhrmbFp0Srr_tH6fv6RcUejHO_u7GF5aXfv-U2QzBLF6gslWn_9PWw9mg.ttf"},{"family":"Arapey","version":"v16","lastModified":"2024-09-04","category":"serif","kind":"webfonts#webfont","menu":"https://fonts.gstatic.com/s/arapey/v16/-W__XJn-UDDA2RCKZtoY.ttf"},{"family":"Arbutus","version":"v28","lastModified":"2024-09-04","category":"serif","kind":"webfonts#webfont","menu":"https://fonts.gstatic.com/s/arbutus/v28/NaPYcZ7dG_5J3pooX9Nnqw.ttf"},{"family":"Arbutus Slab","version":"v16","lastModified":"2024-09-04","category":"serif","kind":"webfonts#webfont","menu":"https://fonts.gstatic.com/s/arbutusslab/v16/oY1Z8e7OuLXkJGbXtr5ba7ZlaqUZ.ttf"},{"family":"Architects Daughter","version":"v19","lastModified":"2024-11-20","category":"handwriting","kind":"webfonts#webfont","menu":"https://fonts.gstatic.com/s/architectsdaughter/v19/KtkxAKiDZI_td1Lkx62xHZHDtgO_Y-bvTY9g5g.ttf"},{"family":"Archivo","version":"v19","lastModified":"2024-09-04","category":"sans-serif","kind":"webfonts#webfont","menu":"https://fonts.gstatic.com/s/archivo/v19/k3k6o8UDI-1M0wlSV9XAw6lQkqWY8Q82sJaRE-NWIDdgffTTNDNZ8Rds.ttf"},{"family":"Archivo Black","version":"v21","lastModified":"2024-09-04","category":"sans-serif","kind":"webfonts#webfont","menu":"https://fonts.gstatic.com/s/archivoblack/v21/HTxqL289NzCGg4MzN6KJ7eW6CYqF-w.ttf"},{"family":"Archivo Narrow","version":"v30","lastModified":"2024-09-04","category":"sans-serif","kind":"webfonts#webfont","menu":"https://fonts.gstatic.com/s/archivonarrow/v30/tss5ApVBdCYD5Q7hcxTE1ArZ0Zz8oY2KRmwvKhhvLFG6pXmp.ttf"},{"family":"Are You Serious","version":"v12","lastModified":"2024-09-04","category":"handwriting","kind":"webfonts#webfont","menu":"https://fonts.gstatic.com/s/areyouserious/v12/ll8kK2GVSSr-PtjQ5nONVcNn430KhDVj.ttf"},{"family":"Aref Ruqaa","version":"v25","lastModified":"2024-09-04","category":"serif","kind":"webfonts#webfont","menu":"https://fonts.gstatic.com/s/arefruqaa/v25/WwkbxPW1E165rajQKDulIIEoUA.ttf"},{"family":"Aref Ruqaa Ink","version":"v10","lastModified":"2024-09-04","category":"serif","kind":"webfonts#webfont","menu":"https://fonts.gstatic.com/s/arefruqaaink/v10/1q2fY5WOGUFlt84GTOkP6Kdx71TgXoU.ttf"},{"family":"Arima","version":"v5","lastModified":"2024-09-04","category":"display","kind":"webfonts#webfont","menu":"https://fonts.gstatic.com/s/arima/v5/neIWzCqmt4Aup_qE1nFWqxI1RZX1YTAOpAuK.ttf"},{"family":"Arimo","version":"v29","lastModified":"2024-09-04","category":"sans-serif","kind":"webfonts#webfont","menu":"https://fonts.gstatic.com/s/arimo/v29/P5sfzZCDf9_T_3cV7NCUECyoxNk37cxcBhrE.ttf"},{"family":"Arizonia","version":"v21","lastModified":"2024-09-04","category":"handwriting","kind":"webfonts#webfont","menu":"https://fonts.gstatic.com/s/arizonia/v21/neIIzCemt4A5qa7mv5WHFqk.ttf"},{"family":"Armata","version":"v20","lastModified":"2024-09-04","category":"sans-serif","kind":"webfonts#webfont","menu":"https://fonts.gstatic.com/s/armata/v20/gokvH63_HV5jQ-ENlTRz.ttf"},{"family":"Arsenal","version":"v12","lastModified":"2024-09-04","category":"sans-serif","kind":"webfonts#webfont","menu":"https://fonts.gstatic.com/s/arsenal/v12/wXKrE3kQtZQ4pF3D517cBQ.ttf"},{"family":"Arsenal SC","version":"v1","lastModified":"2024-09-04","category":"sans-serif","kind":"webfonts#webfont","menu":"https://fonts.gstatic.com/s/arsenalsc/v1/x3dlckLHea6e5BEtsfxibNsmtw.ttf"},{"family":"Artifika","version":"v21","lastModified":"2024-09-04","category":"serif","kind":"webfonts#webfont","menu":"https://fonts.gstatic.com/s/artifika/v21/VEMyRoxzronptCuxu5Ws7DQ.ttf"},{"family":"Arvo","version":"v22","lastModified":"2024-09-04","category":"serif","kind":"webfonts#webfont","menu":"https://fonts.gstatic.com/s/arvo/v22/tDbD2oWUg0MKqSEQ6A.ttf"},{"family":"Arya","version":"v19","lastModified":"2024-09-04","category":"sans-serif","kind":"webfonts#webfont","menu":"https://fonts.gstatic.com/s/arya/v19/ga6CawNG-HJdxUf__Q.ttf"},{"family":"Asap","version":"v30","lastModified":"2024-09-04","category":"sans-serif","kind":"webfonts#webfont","menu":"https://fonts.gstatic.com/s/asap/v30/KFOOCniXp96a4Tc2DaTeuDAoKsE617JFc49knOIYdjTYkqUcL2mT.ttf"},{"family":"Asap Condensed","version":"v17","lastModified":"2024-09-04","category":"sans-serif","kind":"webfonts#webfont","menu":"https://fonts.gstatic.com/s/asapcondensed/v17/pxidypY1o9NHyXh3WvSbGSggdOeKaEk.ttf"},{"family":"Asar","version":"v23","lastModified":"2024-12-04","category":"serif","kind":"webfonts#webfont","menu":"https://fonts.gstatic.com/s/asar/v23/sZlLdRyI6TBIbkcaCA.ttf"},{"family":"Asset","version":"v29","lastModified":"2024-09-04","category":"display","kind":"webfonts#webfont","menu":"https://fonts.gstatic.com/s/asset/v29/SLXGc1na-mM4cVInTp4.ttf"},{"family":"Assistant","version":"v19","lastModified":"2024-09-04","category":"sans-serif","kind":"webfonts#webfont","menu":"https://fonts.gstatic.com/s/assistant/v19/2sDPZGJYnIjSi6H75xkZZE1I0yCmYzzQtuZnIGCV2g.ttf"},{"family":"Astloch","version":"v26","lastModified":"2024-09-04","category":"display","kind":"webfonts#webfont","menu":"https://fonts.gstatic.com/s/astloch/v26/TuGRUVJ8QI5GSeUjm90byA.ttf"},{"family":"Asul","version":"v21","lastModified":"2024-09-04","category":"sans-serif","kind":"webfonts#webfont","menu":"https://fonts.gstatic.com/s/asul/v21/VuJ-dNjKxYr42fIPWA.ttf"},{"family":"Athiti","version":"v12","lastModified":"2024-09-04","category":"sans-serif","kind":"webfonts#webfont","menu":"https://fonts.gstatic.com/s/athiti/v12/pe0vMISdLIZIv1wIDRJS.ttf"},{"family":"Atkinson Hyperlegible","version":"v11","lastModified":"2024-09-04","category":"sans-serif","kind":"webfonts#webfont","menu":"https://fonts.gstatic.com/s/atkinsonhyperlegible/v11/9Bt23C1KxNDXMspQ1lPyU89-1h6ONRlW45G05JIt.ttf"},{"family":"Atma","version":"v16","lastModified":"2024-09-04","category":"display","kind":"webfonts#webfont","menu":"https://fonts.gstatic.com/s/atma/v16/uK_84rqWc-Eoq29RCg.ttf"},{"family":"Atomic Age","version":"v28","lastModified":"2024-11-20","category":"display","kind":"webfonts#webfont","menu":"https://fonts.gstatic.com/s/atomicage/v28/f0Xz0eug6sdmRFkYZZGL18Dn8Q.ttf"},{"family":"Aubrey","version":"v28","lastModified":"2024-09-04","category":"display","kind":"webfonts#webfont","menu":"https://fonts.gstatic.com/s/aubrey/v28/q5uGsou7NPBw-p7fuwlo.ttf"},{"family":"Audiowide","version":"v20","lastModified":"2024-09-04","category":"display","kind":"webfonts#webfont","menu":"https://fonts.gstatic.com/s/audiowide/v20/l7gdbjpo0cum0ckerWCdkA_L.ttf"},{"family":"Autour One","version":"v24","lastModified":"2024-09-04","category":"display","kind":"webfonts#webfont","menu":"https://fonts.gstatic.com/s/autourone/v24/UqyVK80cP25l3fJgbdfbo5hcUg.ttf"},{"family":"Average","version":"v18","lastModified":"2024-09-04","category":"serif","kind":"webfonts#webfont","menu":"https://fonts.gstatic.com/s/average/v18/fC1hPYBHe23MxA7rEeN6UQ.ttf"},{"family":"Average Sans","version":"v16","lastModified":"2024-09-04","category":"sans-serif","kind":"webfonts#webfont","menu":"https://fonts.gstatic.com/s/averagesans/v16/1Ptpg8fLXP2dlAXR-HlJJNJ_BNCe.ttf"},{"family":"Averia Gruesa Libre","version":"v22","lastModified":"2024-09-04","category":"display","kind":"webfonts#webfont","menu":"https://fonts.gstatic.com/s/averiagruesalibre/v22/NGSov4nEGEktOaDRKsY-1dhh8eEtIx3ZYmiDxw.ttf"},{"family":"Averia Libre","version":"v16","lastModified":"2024-09-04","category":"display","kind":"webfonts#webfont","menu":"https://fonts.gstatic.com/s/averialibre/v16/2V0aKIcMGZEnV6xygz7eNjESA6nN.ttf"},{"family":"Averia Sans Libre","version":"v19","lastModified":"2024-09-04","category":"display","kind":"webfonts#webfont","menu":"https://fonts.gstatic.com/s/averiasanslibre/v19/ga6XaxZG_G5OvCf_rt7FH3B6BHLMEdVIEoc.ttf"},{"family":"Averia Serif Libre","version":"v18","lastModified":"2024-09-04","category":"display","kind":"webfonts#webfont","menu":"https://fonts.gstatic.com/s/averiaseriflibre/v18/neIWzD2ms4wxr6GvjeD0X88SHPyX2xYOpAuK.ttf"},{"family":"Azeret Mono","version":"v17","lastModified":"2024-09-04","category":"monospace","kind":"webfonts#webfont","menu":"https://fonts.gstatic.com/s/azeretmono/v17/3XF5ErsiyJsY9O_Gepph-FvtTQgMQUdNekSfnPVR07ye.ttf"},{"family":"B612","version":"v12","lastModified":"2024-09-04","category":"sans-serif","kind":"webfonts#webfont","menu":"https://fonts.gstatic.com/s/b612/v12/3JnySDDxiSz36jiyHA.ttf"},{"family":"B612 Mono","version":"v14","lastModified":"2024-09-04","category":"monospace","kind":"webfonts#webfont","menu":"https://fonts.gstatic.com/s/b612mono/v14/kmK_Zq85QVWbN1eW6lJV1g7Y.ttf"},{"family":"Babylonica","version":"v5","lastModified":"2024-09-04","category":"handwriting","kind":"webfonts#webfont","menu":"https://fonts.gstatic.com/s/babylonica/v5/5aUw9_i2qxWVCAE2aHjTmDN-_Q.ttf"},{"family":"Bacasime Antique","version":"v1","lastModified":"2024-09-04","category":"serif","kind":"webfonts#webfont","menu":"https://fonts.gstatic.com/s/bacasimeantique/v1/tDbX2pGXkFYEykldjZSrmI6T_XWZCwWnTQ.ttf"},{"family":"Bad Script","version":"v17","lastModified":"2024-12-04","category":"handwriting","kind":"webfonts#webfont","menu":"https://fonts.gstatic.com/s/badscript/v17/6NUT8F6PJgbFWQn47_x7pO0kyQ.ttf"},{"family":"Badeen Display","version":"v1","lastModified":"2024-12-10","category":"display","kind":"webfonts#webfont","menu":"https://fonts.gstatic.com/s/badeendisplay/v1/pxidypY2sdZSjFU4cPmNBzckaeeKaEk.ttf"},{"family":"Bagel Fat One","version":"v1","lastModified":"2024-08-12","category":"display","kind":"webfonts#webfont","menu":"https://fonts.gstatic.com/s/bagelfatone/v1/hYkPPucsQOr5dy02WmQr5Zkd4B9sug.ttf"},{"family":"Bahiana","version":"v23","lastModified":"2024-09-04","category":"display","kind":"webfonts#webfont","menu":"https://fonts.gstatic.com/s/bahiana/v23/uU9PCBUV4YenPWJU3xLR2g.ttf"},{"family":"Bahianita","version":"v21","lastModified":"2024-09-04","category":"display","kind":"webfonts#webfont","menu":"https://fonts.gstatic.com/s/bahianita/v21/yYLr0hTb3vuqqsBUgxWdxDHR.ttf"},{"family":"Bai Jamjuree","version":"v11","lastModified":"2024-09-04","category":"sans-serif","kind":"webfonts#webfont","menu":"https://fonts.gstatic.com/s/baijamjuree/v11/LDI1apSCOBt_aeQQ7ftydoa8WMLO.ttf"},{"family":"Bakbak One","version":"v9","lastModified":"2024-12-04","category":"display","kind":"webfonts#webfont","menu":"https://fonts.gstatic.com/s/bakbakone/v9/zOL54pXAl6RI-p_ardnu-cVkuw.ttf"},{"family":"Ballet","version":"v27","lastModified":"2024-09-04","category":"handwriting","kind":"webfonts#webfont","menu":"https://fonts.gstatic.com/s/ballet/v27/QGYyz_MYZA-HM4NjuGOVnUEXme1I4Xi3O4C0Fg.ttf"},{"family":"Baloo 2","version":"v21","lastModified":"2024-09-04","category":"display","kind":"webfonts#webfont","menu":"https://fonts.gstatic.com/s/baloo2/v21/wXK0E3kTposypRydzVT08TS3JnAmtdgazZpu_lI.ttf"},{"family":"Baloo Bhai 2","version":"v28","lastModified":"2024-09-04","category":"display","kind":"webfonts#webfont","menu":"https://fonts.gstatic.com/s/baloobhai2/v28/sZlWdRSL-z1VEWZ4YNA7Y5ItevYWUOHDE8FvNighAXaIpw.ttf"},{"family":"Baloo Bhaijaan 2","version":"v19","lastModified":"2024-09-04","category":"display","kind":"webfonts#webfont","menu":"https://fonts.gstatic.com/s/baloobhaijaan2/v19/zYXwKUwuEqdVGqM8tPDdAA_Y-_bMKo1EhQd2tWxo8TyRSpP5JY4.ttf"},{"family":"Baloo Bhaina 2","version":"v27","lastModified":"2024-09-04","category":"display","kind":"webfonts#webfont","menu":"https://fonts.gstatic.com/s/baloobhaina2/v27/qWc-B6yyq4P9Adr3RtoX1q6ySgbwusXwJjkOS-XEssPfRP5P.ttf"},{"family":"Baloo Chettan 2","version":"v21","lastModified":"2024-09-04","category":"display","kind":"webfonts#webfont","menu":"https://fonts.gstatic.com/s/baloochettan2/v21/vm8hdRbmXEva26PK-NtuX4ynWEzF69-L4gqgkIL5CeKTC1sUGw.ttf"},{"family":"Baloo Da 2","version":"v24","lastModified":"2024-09-04","category":"display","kind":"webfonts#webfont","menu":"https://fonts.gstatic.com/s/balooda2/v24/2-c39J9j0IaUMQZwAJyJaOX1UUnf3GLnYjALsQNf7ZI.ttf"},{"family":"Baloo Paaji 2","version":"v27","lastModified":"2024-09-04","category":"display","kind":"webfonts#webfont","menu":"https://fonts.gstatic.com/s/baloopaaji2/v27/i7dfIFFzbz-QHZUdV9_UGWZuelmy79QJ1HOSY9AX77fzZxE.ttf"},{"family":"Baloo Tamma 2","version":"v16","lastModified":"2024-09-04","category":"display","kind":"webfonts#webfont","menu":"https://fonts.gstatic.com/s/balootamma2/v16/vEFE2_hCAgcR46PaajtrYlBbVUMUJgIC5LHTrMscPq-1Klo.ttf"},{"family":"Baloo Tammudu 2","version":"v23","lastModified":"2024-09-04","category":"display","kind":"webfonts#webfont","menu":"https://fonts.gstatic.com/s/balootammudu2/v23/1Pt5g8TIS_SAmkLguUdFP8UaJcKkzlPmMT00GaE_Jf8e0c-FYQ.ttf"},{"family":"Baloo Thambi 2","version":"v17","lastModified":"2024-09-04","category":"display","kind":"webfonts#webfont","menu":"https://fonts.gstatic.com/s/baloothambi2/v17/cY9RfjeOW0NHpmOQXranrbDyu5JMJmNp-aDvUBbKzcIDaA5C.ttf"},{"family":"Balsamiq Sans","version":"v14","lastModified":"2024-09-04","category":"display","kind":"webfonts#webfont","menu":"https://fonts.gstatic.com/s/balsamiqsans/v14/P5sEzZiAbNrN8SB3lQQX7PncwdgXJQ.ttf"},{"family":"Balthazar","version":"v17","lastModified":"2024-09-04","category":"serif","kind":"webfonts#webfont","menu":"https://fonts.gstatic.com/s/balthazar/v17/d6lKkaajS8Gm4CVQjFEfyB7s.ttf"},{"family":"Bangers","version":"v24","lastModified":"2024-09-04","category":"display","kind":"webfonts#webfont","menu":"https://fonts.gstatic.com/s/bangers/v24/FeVQS0BTqb0h60ACH5hQ3Q.ttf"},{"family":"Barlow","version":"v12","lastModified":"2024-09-04","category":"sans-serif","kind":"webfonts#webfont","menu":"https://fonts.gstatic.com/s/barlow/v12/7cHpv4kjgoGqM7E_Css8.ttf"},{"family":"Barlow Condensed","version":"v12","lastModified":"2024-09-04","category":"sans-serif","kind":"webfonts#webfont","menu":"https://fonts.gstatic.com/s/barlowcondensed/v12/HTx3L3I-JCGChYJ8VI-L6OO_au7B6xfT3w.ttf"},{"family":"Barlow Semi Condensed","version":"v15","lastModified":"2024-09-04","category":"sans-serif","kind":"webfonts#webfont","menu":"https://fonts.gstatic.com/s/barlowsemicondensed/v15/wlpvgxjLBV1hqnzfr-F8sEYMB0Yybp0mudRXfoqv.ttf"},{"family":"Barriecito","version":"v17","lastModified":"2024-09-04","category":"display","kind":"webfonts#webfont","menu":"https://fonts.gstatic.com/s/barriecito/v17/WWXXlj-CbBOSLY2QTuY_GdQoZw.ttf"},{"family":"Barrio","version":"v19","lastModified":"2024-09-04","category":"display","kind":"webfonts#webfont","menu":"https://fonts.gstatic.com/s/barrio/v19/wEO8EBXBk8hBIDi0dAwl.ttf"},{"family":"Basic","version":"v17","lastModified":"2024-09-04","category":"sans-serif","kind":"webfonts#webfont","menu":"https://fonts.gstatic.com/s/basic/v17/xfu_0WLxV2_XKTN26FQ.ttf"},{"family":"Baskervville","version":"v16","lastModified":"2024-09-04","category":"serif","kind":"webfonts#webfont","menu":"https://fonts.gstatic.com/s/baskervville/v16/YA9Ur0yU4l_XOrogbkun3kQQtpms.ttf"},{"family":"Baskervville SC","version":"v1","lastModified":"2024-09-04","category":"serif","kind":"webfonts#webfont","menu":"https://fonts.gstatic.com/s/baskervvillesc/v1/X7n94bc_DeKlh6bBbk_WiKnBSUvh7l5z.ttf"},{"family":"Battambang","version":"v25","lastModified":"2024-12-04","category":"display","kind":"webfonts#webfont","menu":"https://fonts.gstatic.com/s/battambang/v25/uk-mEGe7raEw-HjkzZabPnSp5w.ttf"},{"family":"Baumans","version":"v17","lastModified":"2024-09-04","category":"display","kind":"webfonts#webfont","menu":"https://fonts.gstatic.com/s/baumans/v17/-W_-XJj9QyTd3Qfpd_s4bg.ttf"},{"family":"Bayon","version":"v34","lastModified":"2024-08-12","category":"sans-serif","kind":"webfonts#webfont","menu":"https://fonts.gstatic.com/s/bayon/v34/9XUrlJNmn0LPFm-oMBI.ttf"},{"family":"Be Vietnam Pro","version":"v11","lastModified":"2024-09-04","category":"sans-serif","kind":"webfonts#webfont","menu":"https://fonts.gstatic.com/s/bevietnampro/v11/QdVPSTAyLFyeg_IDWvOJmVES_HwxBX8.ttf"},{"family":"Beau Rivage","version":"v2","lastModified":"2024-09-04","category":"handwriting","kind":"webfonts#webfont","menu":"https://fonts.gstatic.com/s/beaurivage/v2/UcCi3FIgIG2bH4mMNWJUllg2P54.ttf"},{"family":"Bebas Neue","version":"v14","lastModified":"2024-09-04","category":"sans-serif","kind":"webfonts#webfont","menu":"https://fonts.gstatic.com/s/bebasneue/v14/JTUSjIg69CK48gW7PXoo9W9hzg.ttf"},{"family":"Beiruti","version":"v4","lastModified":"2024-12-04","category":"sans-serif","kind":"webfonts#webfont","menu":"https://fonts.gstatic.com/s/beiruti/v4/JTUIjIU69Cmr9FGcYgRFEb7cdQn2-9a95zuii2w.ttf"},{"family":"Belanosima","version":"v3","lastModified":"2024-09-04","category":"sans-serif","kind":"webfonts#webfont","menu":"https://fonts.gstatic.com/s/belanosima/v3/3y9k6bI8ejDo_3MfCDSL9AFREw.ttf"},{"family":"Belgrano","version":"v18","lastModified":"2024-09-04","category":"serif","kind":"webfonts#webfont","menu":"https://fonts.gstatic.com/s/belgrano/v18/55xvey5tM9rwKWrJZfMEgL0.ttf"},{"family":"Bellefair","version":"v14","lastModified":"2024-08-12","category":"serif","kind":"webfonts#webfont","menu":"https://fonts.gstatic.com/s/bellefair/v14/kJExBuYY6AAuhiXUxG1N_voy.ttf"},{"family":"Belleza","version":"v17","lastModified":"2024-09-04","category":"sans-serif","kind":"webfonts#webfont","menu":"https://fonts.gstatic.com/s/belleza/v17/0nkoC9_pNeMfhX4Bhcf4bw.ttf"},{"family":"Bellota","version":"v16","lastModified":"2024-09-04","category":"display","kind":"webfonts#webfont","menu":"https://fonts.gstatic.com/s/bellota/v16/MwQ2bhXl3_qEpiwAKJNbsA.ttf"},{"family":"Bellota Text","version":"v18","lastModified":"2024-09-04","category":"display","kind":"webfonts#webfont","menu":"https://fonts.gstatic.com/s/bellotatext/v18/0FlTVP2VnlWS4f3-UE9hHXMx-NkK.ttf"},{"family":"BenchNine","version":"v16","lastModified":"2024-09-04","category":"sans-serif","kind":"webfonts#webfont","menu":"https://fonts.gstatic.com/s/benchnine/v16/ahcbv8612zF4jxrwMosbVslx.ttf"},{"family":"Benne","version":"v22","lastModified":"2024-09-04","category":"serif","kind":"webfonts#webfont","menu":"https://fonts.gstatic.com/s/benne/v22/L0xzDFAhn18E6WjwnNo.ttf"},{"family":"Bentham","version":"v19","lastModified":"2024-11-20","category":"serif","kind":"webfonts#webfont","menu":"https://fonts.gstatic.com/s/bentham/v19/VdGeAZQPEpYfmHglGW0xDA.ttf"},{"family":"Berkshire Swash","version":"v20","lastModified":"2024-09-04","category":"handwriting","kind":"webfonts#webfont","menu":"https://fonts.gstatic.com/s/berkshireswash/v20/ptRRTi-cavZOGqCvnNJDl5m5XmN_rM42.ttf"},{"family":"Besley","version":"v20","lastModified":"2024-09-30","category":"serif","kind":"webfonts#webfont","menu":"https://fonts.gstatic.com/s/besley/v20/PlIhFlO1MaNwaNGWUC92IOH_mtG4fbbBedViEA.ttf"},{"family":"Beth Ellen","version":"v21","lastModified":"2024-09-04","category":"handwriting","kind":"webfonts#webfont","menu":"https://fonts.gstatic.com/s/bethellen/v21/WwkbxPW2BE-3rb_JNT-qIIEoUA.ttf"},{"family":"Bevan","version":"v24","lastModified":"2024-09-04","category":"serif","kind":"webfonts#webfont","menu":"https://fonts.gstatic.com/s/bevan/v24/4iCj6KZ0a9NXjG8bWC4.ttf"},{"family":"BhuTuka Expanded One","version":"v7","lastModified":"2024-09-04","category":"serif","kind":"webfonts#webfont","menu":"https://fonts.gstatic.com/s/bhutukaexpandedone/v7/SLXXc0jZ4WUJcClHTtv0t7IaDRsBsWRiJByW-Jw.ttf"},{"family":"Big Shoulders Display","version":"v21","lastModified":"2024-09-04","category":"display","kind":"webfonts#webfont","menu":"https://fonts.gstatic.com/s/bigshouldersdisplay/v21/fC1MPZJEZG-e9gHhdI4-NBbfd2ys3SjJCx12wPgf9g-_3F0YdY87FF8wTQ.ttf"},{"family":"Big Shoulders Inline Display","version":"v27","lastModified":"2024-09-04","category":"display","kind":"webfonts#webfont","menu":"https://fonts.gstatic.com/s/bigshouldersinlinedisplay/v27/_LOumyfF4eSU_SCrJc9OI24U7siGvBGcZqmqV9-ZZ85CGNOFeNLxoYMPJ0nBE0R4wvM.ttf"},{"family":"Big Shoulders Inline Text","version":"v26","lastModified":"2024-09-04","category":"display","kind":"webfonts#webfont","menu":"https://fonts.gstatic.com/s/bigshouldersinlinetext/v26/vm8XdQDmVECV5-vm5dJ-Tp-6WDeRjL4RV7dP8u-NMyHY74qpoNNcwga0y5GM54o.ttf"},{"family":"Big Shoulders Stencil Display","version":"v28","lastModified":"2024-09-04","category":"display","kind":"webfonts#webfont","menu":"https://fonts.gstatic.com/s/bigshouldersstencildisplay/v28/6aeZ4LS6U6pR_bp5b_t2ugOhHWFcxSGP9ttD96KCb8xPytKb-oPRU-vkuLm_O0j_KXbj.ttf"},{"family":"Big Shoulders Stencil Text","version":"v26","lastModified":"2024-09-04","category":"display","kind":"webfonts#webfont","menu":"https://fonts.gstatic.com/s/bigshouldersstenciltext/v26/5aUV9-i2oxDMNwY3dHfW7UAt3Q453SM15wNj53bCcab2SJYLLUtk1OGR04T4GCXL.ttf"},{"family":"Big Shoulders Text","version":"v24","lastModified":"2024-09-04","category":"display","kind":"webfonts#webfont","menu":"https://fonts.gstatic.com/s/bigshoulderstext/v24/55xEezRtP9G3CGPIf49hxc8P0eytUxB2l66LmF6xc3kA3Y-q7TMFMg.ttf"},{"family":"Bigelow Rules","version":"v29","lastModified":"2024-09-04","category":"display","kind":"webfonts#webfont","menu":"https://fonts.gstatic.com/s/bigelowrules/v29/RrQWboly8iR_I3KWSzeRuN0zf4YIGw.ttf"},{"family":"Bigshot One","version":"v29","lastModified":"2024-09-04","category":"display","kind":"webfonts#webfont","menu":"https://fonts.gstatic.com/s/bigshotone/v29/u-470qukhRkkO6BD_7cM_jxvWwY.ttf"},{"family":"Bilbo","version":"v20","lastModified":"2024-09-04","category":"handwriting","kind":"webfonts#webfont","menu":"https://fonts.gstatic.com/s/bilbo/v20/o-0EIpgpwWwZ220groA.ttf"},{"family":"Bilbo Swash Caps","version":"v22","lastModified":"2024-09-04","category":"handwriting","kind":"webfonts#webfont","menu":"https://fonts.gstatic.com/s/bilboswashcaps/v22/zrf-0GXbz-H3Wb4XBsGrTgq2PVmdmALiog.ttf"},{"family":"BioRhyme","version":"v17","lastModified":"2024-09-04","category":"serif","kind":"webfonts#webfont","menu":"https://fonts.gstatic.com/s/biorhyme/v17/1cXeaULHBpDMsHYW_GZNh7loEHurwOIGadI205trrbeBgQs4OjIiqieujw.ttf"},{"family":"BioRhyme Expanded","version":"v21","lastModified":"2024-09-04","category":"serif","kind":"webfonts#webfont","menu":"https://fonts.gstatic.com/s/biorhymeexpanded/v21/i7dQIE1zZzytGswgU577CDY9LjbffxSVT3Q.ttf"},{"family":"Birthstone","version":"v14","lastModified":"2024-09-04","category":"handwriting","kind":"webfonts#webfont","menu":"https://fonts.gstatic.com/s/birthstone/v14/8AtsGs2xO4yLRhy87sv_LLjziQ.ttf"},{"family":"Birthstone Bounce","version":"v11","lastModified":"2024-09-04","category":"handwriting","kind":"webfonts#webfont","menu":"https://fonts.gstatic.com/s/birthstonebounce/v11/ga6XaxZF43lIvTWrktHOTBJZGH7dEdVIEoc.ttf"},{"family":"Biryani","version":"v13","lastModified":"2024-09-04","category":"sans-serif","kind":"webfonts#webfont","menu":"https://fonts.gstatic.com/s/biryani/v13/hv-WlzNxIFoO84YdfU0TOQ.ttf"},{"family":"Bitter","version":"v36","lastModified":"2024-09-04","category":"serif","kind":"webfonts#webfont","menu":"https://fonts.gstatic.com/s/bitter/v36/raxhHiqOu8IVPmnRc6SY1KXhnF_Y8fbfOL7OWA.ttf"},{"family":"BIZ UDGothic","version":"v12","lastModified":"2024-09-04","category":"sans-serif","kind":"webfonts#webfont","menu":"https://fonts.gstatic.com/s/bizudgothic/v12/daafSTouBF7RUjnbt8p3LuKdtAl5.ttf"},{"family":"BIZ UDMincho","version":"v11","lastModified":"2024-09-04","category":"serif","kind":"webfonts#webfont","menu":"https://fonts.gstatic.com/s/bizudmincho/v11/EJRRQgI6eOxFjBdKs38yhtWFdg7_.ttf"},{"family":"BIZ UDPGothic","version":"v14","lastModified":"2024-09-04","category":"sans-serif","kind":"webfonts#webfont","menu":"https://fonts.gstatic.com/s/bizudpgothic/v14/hES36X5pHAIBjmS84VL0Bue87nQGRQ.ttf"},{"family":"BIZ UDPMincho","version":"v11","lastModified":"2024-09-04","category":"serif","kind":"webfonts#webfont","menu":"https://fonts.gstatic.com/s/bizudpmincho/v11/ypvfbXOBrmYppy7oWWTg1_58rhlSsQ.ttf"},{"family":"Black And White Picture","version":"v29","lastModified":"2024-12-04","category":"display","kind":"webfonts#webfont","menu":"https://fonts.gstatic.com/s/blackandwhitepicture/v29/TwMe-JAERlQd3ooUHBUXGmrmioKjjnRSFO-NqL5GZ8c.ttf"},{"family":"Black Han Sans","version":"v23","lastModified":"2024-12-04","category":"sans-serif","kind":"webfonts#webfont","menu":"https://fonts.gstatic.com/s/blackhansans/v23/ea8Aad44WunzF9a-dL6toA8r8kqUK3A.ttf"},{"family":"Black Ops One","version":"v20","lastModified":"2024-09-04","category":"display","kind":"webfonts#webfont","menu":"https://fonts.gstatic.com/s/blackopsone/v20/qWcsB6-ypo7xBdr6Xshe96H3aD3bsg.ttf"},{"family":"Blaka","version":"v7","lastModified":"2024-09-04","category":"display","kind":"webfonts#webfont","menu":"https://fonts.gstatic.com/s/blaka/v7/8vIG7w8722p_6ndq0UQ.ttf"},{"family":"Blaka Hollow","version":"v7","lastModified":"2024-09-04","category":"display","kind":"webfonts#webfont","menu":"https://fonts.gstatic.com/s/blakahollow/v7/MCoUzAL91sjRE2FsKsxUtezoBtAB.ttf"},{"family":"Blaka Ink","version":"v8","lastModified":"2024-09-04","category":"display","kind":"webfonts#webfont","menu":"https://fonts.gstatic.com/s/blakaink/v8/AlZy_zVVtpj22Znag2cRdH38.ttf"},{"family":"Blinker","version":"v13","lastModified":"2024-08-12","category":"sans-serif","kind":"webfonts#webfont","menu":"https://fonts.gstatic.com/s/blinker/v13/cIf9MaFatEE-VTaP9CihZA.ttf"},{"family":"Bodoni Moda","version":"v25","lastModified":"2024-09-04","category":"serif","kind":"webfonts#webfont","menu":"https://fonts.gstatic.com/s/bodonimoda/v25/aFT67PxzY382XsXX63LUYL6GYFcan6NJrKp-VPjfJMShrpsGFUt8oU7a8IF4sQ.ttf"},{"family":"Bodoni Moda SC","version":"v1","lastModified":"2024-09-04","category":"serif","kind":"webfonts#webfont","menu":"https://fonts.gstatic.com/s/bodonimodasc/v1/LYjhdGTykkIgA8197UwkzHp8F-XUUG5UNs2KqliEb-g_DaUdIA6SfiYHbA7ubJ2R8A.ttf"},{"family":"Bokor","version":"v31","lastModified":"2024-12-04","category":"display","kind":"webfonts#webfont","menu":"https://fonts.gstatic.com/s/bokor/v31/m8JcjfpeeaqTiS2Xfo0.ttf"},{"family":"Bona Nova","version":"v11","lastModified":"2024-09-30","category":"serif","kind":"webfonts#webfont","menu":"https://fonts.gstatic.com/s/bonanova/v11/B50NF7ZCpX7fcHfvIUB5iqJu.ttf"},{"family":"Bona Nova SC","version":"v1","lastModified":"2024-09-04","category":"serif","kind":"webfonts#webfont","menu":"https://fonts.gstatic.com/s/bonanovasc/v1/mem5YaShyGWDiYdPG_c1Af4OVOhs.ttf"},{"family":"Bonbon","version":"v30","lastModified":"2024-09-04","category":"handwriting","kind":"webfonts#webfont","menu":"https://fonts.gstatic.com/s/bonbon/v30/0FlVVPeVlFec4eePcTsE.ttf"},{"family":"Bonheur Royale","version":"v13","lastModified":"2024-09-04","category":"handwriting","kind":"webfonts#webfont","menu":"https://fonts.gstatic.com/s/bonheurroyale/v13/c4m51nt_GMTrtX-b9GcG4-YRmbK-eUM.ttf"},{"family":"Boogaloo","version":"v23","lastModified":"2024-09-04","category":"display","kind":"webfonts#webfont","menu":"https://fonts.gstatic.com/s/boogaloo/v23/kmK-Zq45GAvOdnaW6y1E9y4.ttf"},{"family":"Borel","version":"v3","lastModified":"2024-09-04","category":"handwriting","kind":"webfonts#webfont","menu":"https://fonts.gstatic.com/s/borel/v3/6qLOKZsftAPisjsgaSc.ttf"},{"family":"Bowlby One","version":"v23","lastModified":"2024-09-04","category":"display","kind":"webfonts#webfont","menu":"https://fonts.gstatic.com/s/bowlbyone/v23/taiPGmVuC4y96PFeqp8sqo-I-Q.ttf"},{"family":"Bowlby One SC","version":"v25","lastModified":"2024-09-04","category":"display","kind":"webfonts#webfont","menu":"https://fonts.gstatic.com/s/bowlbyonesc/v25/DtVlJxerQqQm37tzN3wMug9P_gn2pw.ttf"},{"family":"Braah One","version":"v6","lastModified":"2024-09-04","category":"sans-serif","kind":"webfonts#webfont","menu":"https://fonts.gstatic.com/s/braahone/v6/KFOlCnWUpt6LsxxxiylfAhc9.ttf"},{"family":"Brawler","version":"v19","lastModified":"2024-09-04","category":"serif","kind":"webfonts#webfont","menu":"https://fonts.gstatic.com/s/brawler/v19/xn7gYHE3xXewAscGggGxTw.ttf"},{"family":"Bree Serif","version":"v17","lastModified":"2024-09-04","category":"serif","kind":"webfonts#webfont","menu":"https://fonts.gstatic.com/s/breeserif/v17/4UaHrEJCrhhnVA3DgluA96zp4g.ttf"},{"family":"Bricolage Grotesque","version":"v7","lastModified":"2024-09-04","category":"sans-serif","kind":"webfonts#webfont","menu":"https://fonts.gstatic.com/s/bricolagegrotesque/v7/3y9U6as8bTXq_nANBjzKo3IeZx8z6up5BeSl5jBNz_19PpbpMXuECpwUxJBOm_OJWiaaD30YfKfjZZoLvRvi-Mwltw.ttf"},{"family":"Bruno Ace","version":"v5","lastModified":"2024-09-04","category":"display","kind":"webfonts#webfont","menu":"https://fonts.gstatic.com/s/brunoace/v5/WwkcxPa2E06x4trkOj_UMaAI.ttf"},{"family":"Bruno Ace SC","version":"v5","lastModified":"2024-09-04","category":"display","kind":"webfonts#webfont","menu":"https://fonts.gstatic.com/s/brunoacesc/v5/ptROTiycffFLBuiHjdJDl63ILCtv.ttf"},{"family":"Brygada 1918","version":"v25","lastModified":"2024-09-30","category":"serif","kind":"webfonts#webfont","menu":"https://fonts.gstatic.com/s/brygada1918/v25/pe08MI6eKpdGqlF5LANrM--ACNaeo8mTUIR_y2-fyV4cvw.ttf"},{"family":"Bubblegum Sans","version":"v20","lastModified":"2024-09-04","category":"display","kind":"webfonts#webfont","menu":"https://fonts.gstatic.com/s/bubblegumsans/v20/AYCSpXb_Z9EORv1M5QTjEzMEteaGxIc.ttf"},{"family":"Bubbler One","version":"v21","lastModified":"2024-09-04","category":"sans-serif","kind":"webfonts#webfont","menu":"https://fonts.gstatic.com/s/bubblerone/v21/f0Xy0eqj68ppQV9KBLmAotHG0ac.ttf"},{"family":"Buda","version":"v29","lastModified":"2024-09-04","category":"display","kind":"webfonts#webfont","menu":"https://fonts.gstatic.com/s/buda/v29/GFDqWAN8mnyIJSSrK7QLqw.ttf"},{"family":"Buenard","version":"v17","lastModified":"2024-09-04","category":"serif","kind":"webfonts#webfont","menu":"https://fonts.gstatic.com/s/buenard/v17/OD5DuM6Cyma8FnnsDzb3rA.ttf"},{"family":"Bungee","version":"v15","lastModified":"2024-12-10","category":"display","kind":"webfonts#webfont","menu":"https://fonts.gstatic.com/s/bungee/v15/N0bU2SZBIuF2PU_0C3Rw.ttf"},{"family":"Bungee Hairline","version":"v24","lastModified":"2024-12-10","category":"display","kind":"webfonts#webfont","menu":"https://fonts.gstatic.com/s/bungeehairline/v24/snfys0G548t04270a_ljTLUVrv-LYReZ.ttf"},{"family":"Bungee Inline","version":"v17","lastModified":"2024-12-10","category":"display","kind":"webfonts#webfont","menu":"https://fonts.gstatic.com/s/bungeeinline/v17/Gg8zN58UcgnlCweMrih332VuPGN__A.ttf"},{"family":"Bungee Outline","version":"v22","lastModified":"2024-12-10","category":"display","kind":"webfonts#webfont","menu":"https://fonts.gstatic.com/s/bungeeoutline/v22/_6_mEDvmVP24UvU2MyiGDslL3Tg2aBY.ttf"},{"family":"Bungee Shade","version":"v15","lastModified":"2024-12-10","category":"display","kind":"webfonts#webfont","menu":"https://fonts.gstatic.com/s/bungeeshade/v15/DtVkJxarWL0t2KdzK3oI_jkc7yjW.ttf"},{"family":"Bungee Spice","version":"v13","lastModified":"2024-12-10","category":"display","kind":"webfonts#webfont","menu":"https://fonts.gstatic.com/s/bungeespice/v13/nwpTtK2nIhxE0q-IwgSpZBqyzig6.ttf"},{"family":"Bungee Tint","version":"v1","lastModified":"2024-09-04","category":"display","kind":"webfonts#webfont","menu":"https://fonts.gstatic.com/s/bungeetint/v1/J7abnpl_EGtUEuAJwN9WmotLOjg.ttf"},{"family":"Butcherman","version":"v24","lastModified":"2024-09-04","category":"display","kind":"webfonts#webfont","menu":"https://fonts.gstatic.com/s/butcherman/v24/2EbiL-thF0loflXUBOdb5zS5rw.ttf"},{"family":"Butterfly Kids","version":"v25","lastModified":"2024-09-04","category":"handwriting","kind":"webfonts#webfont","menu":"https://fonts.gstatic.com/s/butterflykids/v25/ll8lK2CWTjuqAsXDqlnIbMNs5R4bpRU.ttf"},{"family":"Cabin","version":"v27","lastModified":"2024-09-04","category":"sans-serif","kind":"webfonts#webfont","menu":"https://fonts.gstatic.com/s/cabin/v27/u-4X0qWljRw-PfU81xCKCpdpbgZJl6XFpfEd7eA9BIxxkV2EH7Clwg.ttf"},{"family":"Cabin Condensed","version":"v20","lastModified":"2024-09-04","category":"sans-serif","kind":"webfonts#webfont","menu":"https://fonts.gstatic.com/s/cabincondensed/v20/nwpMtK6mNhBK2err_hqkYhHRqmwqYeLd.ttf"},{"family":"Cabin Sketch","version":"v21","lastModified":"2024-09-04","category":"display","kind":"webfonts#webfont","menu":"https://fonts.gstatic.com/s/cabinsketch/v21/QGYpz_kZZAGCONcK2A4bGOj8nthI.ttf"},{"family":"Cactus Classical Serif","version":"v5","lastModified":"2024-09-04","category":"serif","kind":"webfonts#webfont","menu":"https://fonts.gstatic.com/s/cactusclassicalserif/v5/sZlVdQ6K-zJOCzUaS90zMNN-Ep-OoC8dZr0JJuFCEQ.ttf"},{"family":"Caesar Dressing","version":"v21","lastModified":"2024-09-04","category":"display","kind":"webfonts#webfont","menu":"https://fonts.gstatic.com/s/caesardressing/v21/yYLx0hLa3vawqtwdswbotmK4vrRHcLz-.ttf"},{"family":"Cagliostro","version":"v21","lastModified":"2024-09-04","category":"sans-serif","kind":"webfonts#webfont","menu":"https://fonts.gstatic.com/s/cagliostro/v21/ZgNWjP5HM73BV5amnX-TvGTONw.ttf"},{"family":"Cairo","version":"v28","lastModified":"2024-09-04","category":"sans-serif","kind":"webfonts#webfont","menu":"https://fonts.gstatic.com/s/cairo/v28/SLXgc1nY6HkvangtZmpQdkhzfH5lkSs2SgRjCAGMQ1z0hOA-a1XiKQ.ttf"},{"family":"Cairo Play","version":"v7","lastModified":"2024-09-04","category":"sans-serif","kind":"webfonts#webfont","menu":"https://fonts.gstatic.com/s/cairoplay/v7/wXKEE3QSpo4vpRz_mz6FP-8iaauCLt_Hjopv3miu5IvcJo49mOo1knYa9i_e.ttf"},{"family":"Caladea","version":"v7","lastModified":"2024-09-04","category":"serif","kind":"webfonts#webfont","menu":"https://fonts.gstatic.com/s/caladea/v7/kJEzBugZ7AAjhybUvR59_w.ttf"},{"family":"Calistoga","version":"v16","lastModified":"2024-09-04","category":"display","kind":"webfonts#webfont","menu":"https://fonts.gstatic.com/s/calistoga/v16/6NUU8F2OJg6MeR7l4e0ftcwE.ttf"},{"family":"Calligraffitti","version":"v19","lastModified":"2024-09-04","category":"handwriting","kind":"webfonts#webfont","menu":"https://fonts.gstatic.com/s/calligraffitti/v19/46k2lbT3XjDVqJw3DCmCFjE0vkFYOZI.ttf"},{"family":"Cambay","version":"v13","lastModified":"2024-12-04","category":"sans-serif","kind":"webfonts#webfont","menu":"https://fonts.gstatic.com/s/cambay/v13/SLXJc1rY6H0_ZDs2b76M.ttf"},{"family":"Cambo","version":"v18","lastModified":"2024-09-30","category":"serif","kind":"webfonts#webfont","menu":"https://fonts.gstatic.com/s/cambo/v18/IFSqHeNEk8FJk717qEo.ttf"},{"family":"Candal","version":"v15","lastModified":"2024-09-04","category":"sans-serif","kind":"webfonts#webfont","menu":"https://fonts.gstatic.com/s/candal/v15/XoHn2YH6T7-t_8c9ABQN.ttf"},{"family":"Cantarell","version":"v17","lastModified":"2024-09-04","category":"sans-serif","kind":"webfonts#webfont","menu":"https://fonts.gstatic.com/s/cantarell/v17/B50NF7ZDq37KMUvlO015iqJu.ttf"},{"family":"Cantata One","version":"v15","lastModified":"2024-09-04","category":"serif","kind":"webfonts#webfont","menu":"https://fonts.gstatic.com/s/cantataone/v15/PlI5Fl60Nb5obNzNe2jslWxFvcQ.ttf"},{"family":"Cantora One","version":"v19","lastModified":"2024-09-04","category":"sans-serif","kind":"webfonts#webfont","menu":"https://fonts.gstatic.com/s/cantoraone/v19/gyB4hws1JdgnKy56GB_JX5zcbY8.ttf"},{"family":"Caprasimo","version":"v5","lastModified":"2024-09-04","category":"display","kind":"webfonts#webfont","menu":"https://fonts.gstatic.com/s/caprasimo/v5/esDT31JQOPuXIUGBp72UlJ8G.ttf"},{"family":"Capriola","version":"v14","lastModified":"2024-09-04","category":"sans-serif","kind":"webfonts#webfont","menu":"https://fonts.gstatic.com/s/capriola/v14/wXKoE3YSppcvo1PDlk_9JeQ.ttf"},{"family":"Caramel","version":"v7","lastModified":"2024-09-04","category":"handwriting","kind":"webfonts#webfont","menu":"https://fonts.gstatic.com/s/caramel/v7/P5sCzZKBbMTf_Shy9CVkjQ.ttf"},{"family":"Carattere","version":"v7","lastModified":"2024-09-04","category":"handwriting","kind":"webfonts#webfont","menu":"https://fonts.gstatic.com/s/carattere/v7/4iCv6Kp1b9dXlgt_CkvjtmyI.ttf"},{"family":"Cardo","version":"v19","lastModified":"2024-09-04","category":"serif","kind":"webfonts#webfont","menu":"https://fonts.gstatic.com/s/cardo/v19/wlp_gwjKBV1pqhv-3IQ.ttf"},{"family":"Carlito","version":"v3","lastModified":"2024-09-04","category":"sans-serif","kind":"webfonts#webfont","menu":"https://fonts.gstatic.com/s/carlito/v3/3Jn9SDPw3m-pk039DDGBSQ.ttf"},{"family":"Carme","version":"v16","lastModified":"2024-08-12","category":"sans-serif","kind":"webfonts#webfont","menu":"https://fonts.gstatic.com/s/carme/v16/ptRHTiWdbvZIDNjHzrc.ttf"},{"family":"Carrois Gothic","version":"v16","lastModified":"2024-09-04","category":"sans-serif","kind":"webfonts#webfont","menu":"https://fonts.gstatic.com/s/carroisgothic/v16/Z9XPDmFATg-N1PLtLOOxvIHl9amC1Co.ttf"},{"family":"Carrois Gothic SC","version":"v15","lastModified":"2024-09-04","category":"sans-serif","kind":"webfonts#webfont","menu":"https://fonts.gstatic.com/s/carroisgothicsc/v15/ZgNJjOVHM6jfUZCmyUqT2A2HVKjc-18mPnI.ttf"},{"family":"Carter One","version":"v17","lastModified":"2024-09-04","category":"display","kind":"webfonts#webfont","menu":"https://fonts.gstatic.com/s/carterone/v17/q5uCsoe5IOB2-pXv9UcNExV8gQ.ttf"},{"family":"Castoro","version":"v19","lastModified":"2024-09-04","category":"serif","kind":"webfonts#webfont","menu":"https://fonts.gstatic.com/s/castoro/v19/1q2GY5yMCld3-O4cLYlOyA.ttf"},{"family":"Castoro Titling","version":"v8","lastModified":"2024-09-04","category":"display","kind":"webfonts#webfont","menu":"https://fonts.gstatic.com/s/castorotitling/v8/buEupouwccj03leTfjUAhEZWlrNaYw0g.ttf"},{"family":"Catamaran","version":"v19","lastModified":"2024-09-04","category":"sans-serif","kind":"webfonts#webfont","menu":"https://fonts.gstatic.com/s/catamaran/v19/o-0bIpQoyXQa2RxT7-5B6Ryxs2E_6n1iPHjd5ajdvg.ttf"},{"family":"Caudex","version":"v17","lastModified":"2024-09-04","category":"serif","kind":"webfonts#webfont","menu":"https://fonts.gstatic.com/s/caudex/v17/esDQ311QOP6BJUr4y_KE.ttf"},{"family":"Caveat","version":"v18","lastModified":"2024-09-04","category":"handwriting","kind":"webfonts#webfont","menu":"https://fonts.gstatic.com/s/caveat/v18/WnznHAc5bAfYB2QRah7pcpNvOx-pjfJ9eIOpZA.ttf"},{"family":"Caveat Brush","version":"v11","lastModified":"2024-09-04","category":"handwriting","kind":"webfonts#webfont","menu":"https://fonts.gstatic.com/s/caveatbrush/v11/EYq0maZfwr9S9-ETZc3fKXt8WrOX.ttf"},{"family":"Cedarville Cursive","version":"v17","lastModified":"2024-09-04","category":"handwriting","kind":"webfonts#webfont","menu":"https://fonts.gstatic.com/s/cedarvillecursive/v17/yYL00g_a2veiudhUmxjo5VKkoqA-B_nuJLp1.ttf"},{"family":"Ceviche One","version":"v16","lastModified":"2024-09-04","category":"display","kind":"webfonts#webfont","menu":"https://fonts.gstatic.com/s/cevicheone/v16/gyB4hws1IcA6JzR-GB_JX5zcbY8.ttf"},{"family":"Chakra Petch","version":"v11","lastModified":"2024-09-04","category":"sans-serif","kind":"webfonts#webfont","menu":"https://fonts.gstatic.com/s/chakrapetch/v11/cIf6MapbsEk7TDLdtEz1BwkWmapl.ttf"},{"family":"Changa","version":"v27","lastModified":"2024-09-04","category":"sans-serif","kind":"webfonts#webfont","menu":"https://fonts.gstatic.com/s/changa/v27/2-c79JNi2YuVOUcOarRPgnNGooxCZ62xcjHj8g.ttf"},{"family":"Changa One","version":"v20","lastModified":"2024-09-04","category":"display","kind":"webfonts#webfont","menu":"https://fonts.gstatic.com/s/changaone/v20/xfu00W3wXn3QLUJXhzq42AfivA.ttf"},{"family":"Chango","version":"v27","lastModified":"2024-09-04","category":"display","kind":"webfonts#webfont","menu":"https://fonts.gstatic.com/s/chango/v27/2V0cKI0OB5U7WaJCzne8.ttf"},{"family":"Charis SIL","version":"v2","lastModified":"2024-09-04","category":"serif","kind":"webfonts#webfont","menu":"https://fonts.gstatic.com/s/charissil/v2/oPWK_kV3l-s-Q8govXvKnPvsZg.ttf"},{"family":"Charm","version":"v11","lastModified":"2024-09-04","category":"handwriting","kind":"webfonts#webfont","menu":"https://fonts.gstatic.com/s/charm/v11/7cHmv4oii5K0MdYuK-s.ttf"},{"family":"Charmonman","version":"v18","lastModified":"2024-09-04","category":"handwriting","kind":"webfonts#webfont","menu":"https://fonts.gstatic.com/s/charmonman/v18/MjQDmiR3vP_nuxDv47jiaJCiuA.ttf"},{"family":"Chathura","version":"v21","lastModified":"2024-12-04","category":"sans-serif","kind":"webfonts#webfont","menu":"https://fonts.gstatic.com/s/chathura/v21/_gP71R7-rzUuVjim428hq0Q.ttf"},{"family":"Chau Philomene One","version":"v15","lastModified":"2024-09-04","category":"sans-serif","kind":"webfonts#webfont","menu":"https://fonts.gstatic.com/s/chauphilomeneone/v15/55xxezRsPtfie1vPY49qzdgSlJiHRQFcnYZ_.ttf"},{"family":"Chela One","version":"v21","lastModified":"2024-09-04","category":"display","kind":"webfonts#webfont","menu":"https://fonts.gstatic.com/s/chelaone/v21/6ae-4KC7Uqgdz_JZdPIC3lHS.ttf"},{"family":"Chelsea Market","version":"v13","lastModified":"2024-09-04","category":"display","kind":"webfonts#webfont","menu":"https://fonts.gstatic.com/s/chelseamarket/v13/BCawqZsHqfr89WNP_IApC8tzKChkJgo.ttf"},{"family":"Chenla","version":"v25","lastModified":"2022-09-22","category":"display","kind":"webfonts#webfont","menu":"https://fonts.gstatic.com/s/chenla/v25/SZc43FDpIKu8WZ9uXh3s.ttf"},{"family":"Cherish","version":"v8","lastModified":"2024-09-04","category":"handwriting","kind":"webfonts#webfont","menu":"https://fonts.gstatic.com/s/cherish/v8/ll88K2mXUyqsDsTN1iHIJw.ttf"},{"family":"Cherry Bomb One","version":"v9","lastModified":"2024-08-07","category":"display","kind":"webfonts#webfont","menu":"https://fonts.gstatic.com/s/cherrybombone/v9/y83DW4od1h6KlV3c6JJhRhGOdhr6DdBB.ttf"},{"family":"Cherry Cream Soda","version":"v21","lastModified":"2024-09-04","category":"display","kind":"webfonts#webfont","menu":"https://fonts.gstatic.com/s/cherrycreamsoda/v21/UMBIrOxBrW6w2FFyi9paG0fdVdRciQd7A9o.ttf"},{"family":"Cherry Swash","version":"v20","lastModified":"2024-09-04","category":"display","kind":"webfonts#webfont","menu":"https://fonts.gstatic.com/s/cherryswash/v20/i7dNIFByZjaNAMxtZcnfAy5MQXK6.ttf"},{"family":"Chewy","version":"v18","lastModified":"2024-09-04","category":"display","kind":"webfonts#webfont","menu":"https://fonts.gstatic.com/s/chewy/v18/uK_94ruUb-k-wn5wKjc.ttf"},{"family":"Chicle","version":"v25","lastModified":"2024-09-04","category":"display","kind":"webfonts#webfont","menu":"https://fonts.gstatic.com/s/chicle/v25/lJwG-pw9i2dqU-BzyGiq.ttf"},{"family":"Chilanka","version":"v22","lastModified":"2024-12-04","category":"handwriting","kind":"webfonts#webfont","menu":"https://fonts.gstatic.com/s/chilanka/v22/WWXRlj2DZQiMJYaYRoJRKdU.ttf"},{"family":"Chivo","version":"v18","lastModified":"2024-09-04","category":"sans-serif","kind":"webfonts#webfont","menu":"https://fonts.gstatic.com/s/chivo/v18/va9b4kzIxd1KFppkaRKvDRPJVDf_vB_elmrW.ttf"},{"family":"Chivo Mono","version":"v9","lastModified":"2024-09-04","category":"monospace","kind":"webfonts#webfont","menu":"https://fonts.gstatic.com/s/chivomono/v9/mFThWbgRxKvF_Z5eQMO9qRMrJJrnKNtC3D7hr5fUIJw.ttf"},{"family":"Chocolate Classical Sans","version":"v5","lastModified":"2024-09-04","category":"sans-serif","kind":"webfonts#webfont","menu":"https://fonts.gstatic.com/s/chocolateclassicalsans/v5/nuFqD-PLTZX4XIgT-P2ToCDudWHHflqUpTpfjWdzPYeN.ttf"},{"family":"Chokokutai","version":"v10","lastModified":"2024-08-07","category":"display","kind":"webfonts#webfont","menu":"https://fonts.gstatic.com/s/chokokutai/v10/kmK4Zqw4HwvCeHGM8Fwsxy_4og.ttf"},{"family":"Chonburi","version":"v12","lastModified":"2024-09-04","category":"display","kind":"webfonts#webfont","menu":"https://fonts.gstatic.com/s/chonburi/v12/8AtqGs-wOpGRTBq66LWbHLk.ttf"},{"family":"Cinzel","version":"v23","lastModified":"2024-09-04","category":"serif","kind":"webfonts#webfont","menu":"https://fonts.gstatic.com/s/cinzel/v23/8vIU7ww63mVu7gtR-kwKxNvkNOjw-tbnfYvlCA.ttf"},{"family":"Cinzel Decorative","version":"v17","lastModified":"2024-11-20","category":"display","kind":"webfonts#webfont","menu":"https://fonts.gstatic.com/s/cinzeldecorative/v17/daaCSScvJGqLYhG8nNt8KPPswUAPni7VTMk.ttf"},{"family":"Clicker Script","version":"v13","lastModified":"2024-09-04","category":"handwriting","kind":"webfonts#webfont","menu":"https://fonts.gstatic.com/s/clickerscript/v13/raxkHiKPvt8CMH6ZWP8PdlEq71rZ0T4.ttf"},{"family":"Climate Crisis","version":"v8","lastModified":"2024-09-04","category":"display","kind":"webfonts#webfont","menu":"https://fonts.gstatic.com/s/climatecrisis/v8/wEOpEB3AntNeKCPBVW9XOKlmp3AUgWFN1DvIvcM0gFpKjK8v.ttf"},{"family":"Coda","version":"v21","lastModified":"2024-09-04","category":"display","kind":"webfonts#webfont","menu":"https://fonts.gstatic.com/s/coda/v21/SLXHc1jY5nQ8FUMGbg.ttf"},{"family":"Codystar","version":"v17","lastModified":"2024-09-04","category":"display","kind":"webfonts#webfont","menu":"https://fonts.gstatic.com/s/codystar/v17/FwZY7-Q1xVk-40qxOu6B6Mw.ttf"},{"family":"Coiny","version":"v16","lastModified":"2024-09-04","category":"display","kind":"webfonts#webfont","menu":"https://fonts.gstatic.com/s/coiny/v16/gyByhwU1K989PUwaGFA.ttf"},{"family":"Combo","version":"v21","lastModified":"2024-09-04","category":"display","kind":"webfonts#webfont","menu":"https://fonts.gstatic.com/s/combo/v21/BXRlvF3Jh_fIhj0jDOs.ttf"},{"family":"Comfortaa","version":"v45","lastModified":"2024-09-04","category":"display","kind":"webfonts#webfont","menu":"https://fonts.gstatic.com/s/comfortaa/v45/1Pt_g8LJRfWJmhDAuUsSQamb1W0lwk4S4WjMDrUfJQ.ttf"},{"family":"Comforter","version":"v7","lastModified":"2024-09-04","category":"handwriting","kind":"webfonts#webfont","menu":"https://fonts.gstatic.com/s/comforter/v7/H4clBXOCl8nQnlaql3Qq6Zu4.ttf"},{"family":"Comforter Brush","version":"v7","lastModified":"2024-09-04","category":"handwriting","kind":"webfonts#webfont","menu":"https://fonts.gstatic.com/s/comforterbrush/v7/Y4GTYa1xVSggrfzZI5WMjxRaOz0Twbj5.ttf"},{"family":"Comic Neue","version":"v8","lastModified":"2024-09-04","category":"handwriting","kind":"webfonts#webfont","menu":"https://fonts.gstatic.com/s/comicneue/v8/4UaHrEJDsxBrF37olUeD96zp4g.ttf"},{"family":"Coming Soon","version":"v19","lastModified":"2024-09-04","category":"handwriting","kind":"webfonts#webfont","menu":"https://fonts.gstatic.com/s/comingsoon/v19/qWcuB6mzpYL7AJ2VfdQR1t-TWDw.ttf"},{"family":"Comme","version":"v2","lastModified":"2024-09-04","category":"sans-serif","kind":"webfonts#webfont","menu":"https://fonts.gstatic.com/s/comme/v2/8QIUdirKhMbn-uG1kHz0MgviDe1z5cFb6oQb.ttf"},{"family":"Commissioner","version":"v20","lastModified":"2024-09-04","category":"sans-serif","kind":"webfonts#webfont","menu":"https://fonts.gstatic.com/s/commissioner/v20/tDaH2o2WnlgI0FNDgduEk4jAhwgumbU1SVfU5BD8OuRL8OstC6KOhgvBYWSFJ-Mgdrgiju6fF8meZm0rk4eF-ZugTMNdKPaxEg.ttf"},{"family":"Concert One","version":"v22","lastModified":"2024-09-04","category":"display","kind":"webfonts#webfont","menu":"https://fonts.gstatic.com/s/concertone/v22/VEM1Ro9xs5PjtzCu-srDqSTkjPs.ttf"},{"family":"Condiment","version":"v24","lastModified":"2024-09-04","category":"handwriting","kind":"webfonts#webfont","menu":"https://fonts.gstatic.com/s/condiment/v24/pONk1hggFNmwvXALyH6iqoP8.ttf"},{"family":"Content","version":"v27","lastModified":"2024-12-04","category":"display","kind":"webfonts#webfont","menu":"https://fonts.gstatic.com/s/content/v27/zrfl0HLayePhU_AwYaH4Jg.ttf"},{"family":"Contrail One","version":"v19","lastModified":"2024-09-04","category":"display","kind":"webfonts#webfont","menu":"https://fonts.gstatic.com/s/contrailone/v19/eLGbP-j_JA-kG0_Zo51noaftZEHp.ttf"},{"family":"Convergence","version":"v15","lastModified":"2024-09-04","category":"sans-serif","kind":"webfonts#webfont","menu":"https://fonts.gstatic.com/s/convergence/v15/rax5HiePvdgXPmmMHcIPYShbu0o.ttf"},{"family":"Cookie","version":"v21","lastModified":"2024-09-04","category":"handwriting","kind":"webfonts#webfont","menu":"https://fonts.gstatic.com/s/cookie/v21/syky-y18lb0tSbf9lAqX.ttf"},{"family":"Copse","version":"v15","lastModified":"2024-09-04","category":"serif","kind":"webfonts#webfont","menu":"https://fonts.gstatic.com/s/copse/v15/11hPGpDKz1rGb3diFEw.ttf"},{"family":"Corben","version":"v21","lastModified":"2024-09-04","category":"display","kind":"webfonts#webfont","menu":"https://fonts.gstatic.com/s/corben/v21/LYjDdGzzklQtCMpNoQNA.ttf"},{"family":"Corinthia","version":"v11","lastModified":"2024-09-04","category":"handwriting","kind":"webfonts#webfont","menu":"https://fonts.gstatic.com/s/corinthia/v11/wEO_EBrAnchaJyPMHE01UPoP.ttf"},{"family":"Cormorant","version":"v21","lastModified":"2024-09-04","category":"serif","kind":"webfonts#webfont","menu":"https://fonts.gstatic.com/s/cormorant/v21/H4c2BXOCl9bbnla_nHIA47NMUjsNbCVrFhFTc7Vq6A.ttf"},{"family":"Cormorant Garamond","version":"v16","lastModified":"2024-09-04","category":"serif","kind":"webfonts#webfont","menu":"https://fonts.gstatic.com/s/cormorantgaramond/v16/co3bmX5slCNuHLi8bLeY9MK7whWMhyjYr3tP.ttf"},{"family":"Cormorant Infant","version":"v17","lastModified":"2024-09-04","category":"serif","kind":"webfonts#webfont","menu":"https://fonts.gstatic.com/s/cormorantinfant/v17/HhyPU44g9vKiM1sORYSiWeAsLN997_EV3A.ttf"},{"family":"Cormorant SC","version":"v18","lastModified":"2024-09-04","category":"serif","kind":"webfonts#webfont","menu":"https://fonts.gstatic.com/s/cormorantsc/v18/0yb5GD4kxqXBmOVLG30OGwsurTA0.ttf"},{"family":"Cormorant Unicase","version":"v24","lastModified":"2024-09-04","category":"serif","kind":"webfonts#webfont","menu":"https://fonts.gstatic.com/s/cormorantunicase/v24/HI_QiZUaILtOqhqgDeXoF_n1_fTGX9vSlMc.ttf"},{"family":"Cormorant Upright","version":"v18","lastModified":"2024-09-04","category":"serif","kind":"webfonts#webfont","menu":"https://fonts.gstatic.com/s/cormorantupright/v18/VuJrdM3I2Y35poFONtLdafkUCHw1y1vUhDA.ttf"},{"family":"Courgette","version":"v17","lastModified":"2024-09-04","category":"handwriting","kind":"webfonts#webfont","menu":"https://fonts.gstatic.com/s/courgette/v17/wEO_EBrAnc9BLjLQAUk1UPoP.ttf"},{"family":"Courier Prime","version":"v9","lastModified":"2024-09-04","category":"monospace","kind":"webfonts#webfont","menu":"https://fonts.gstatic.com/s/courierprime/v9/u-450q2lgwslOqpF_6gQ8kELawdpXw.ttf"},{"family":"Cousine","version":"v27","lastModified":"2024-09-04","category":"monospace","kind":"webfonts#webfont","menu":"https://fonts.gstatic.com/s/cousine/v27/d6lIkaiiRdih4SpP_SIvyQ.ttf"},{"family":"Coustard","version":"v16","lastModified":"2024-09-04","category":"serif","kind":"webfonts#webfont","menu":"https://fonts.gstatic.com/s/coustard/v16/3XFpErgg3YsZ5fqUU-UOt2E.ttf"},{"family":"Covered By Your Grace","version":"v16","lastModified":"2024-11-20","category":"handwriting","kind":"webfonts#webfont","menu":"https://fonts.gstatic.com/s/coveredbyyourgrace/v16/QGYwz-AZahWOJJI9kykWW9mD6opopoqXSOSEFwgp.ttf"},{"family":"Crafty Girls","version":"v16","lastModified":"2024-09-04","category":"handwriting","kind":"webfonts#webfont","menu":"https://fonts.gstatic.com/s/craftygirls/v16/va9B4kXI39VaDdlPJo8N_NveQBf_.ttf"},{"family":"Creepster","version":"v13","lastModified":"2024-09-04","category":"display","kind":"webfonts#webfont","menu":"https://fonts.gstatic.com/s/creepster/v13/AlZy_zVUqJz4yMrniH4RdH38.ttf"},{"family":"Crete Round","version":"v15","lastModified":"2024-09-04","category":"serif","kind":"webfonts#webfont","menu":"https://fonts.gstatic.com/s/creteround/v15/55xoey1sJNPjPiv1ZZZrxK190bg.ttf"},{"family":"Crimson Pro","version":"v24","lastModified":"2024-09-04","category":"serif","kind":"webfonts#webfont","menu":"https://fonts.gstatic.com/s/crimsonpro/v24/q5uUsoa5M_tv7IihmnkabC5XiXCAlXGks1WZzm1MOZs7.ttf"},{"family":"Crimson Text","version":"v19","lastModified":"2024-09-04","category":"serif","kind":"webfonts#webfont","menu":"https://fonts.gstatic.com/s/crimsontext/v19/wlp2gwHKFkZgtmSR3NB0oRJfaQhW.ttf"},{"family":"Croissant One","version":"v26","lastModified":"2024-09-04","category":"display","kind":"webfonts#webfont","menu":"https://fonts.gstatic.com/s/croissantone/v26/3y9n6bU9bTPg4m8NDy3Kq24UA3tgmw.ttf"},{"family":"Crushed","version":"v30","lastModified":"2024-11-20","category":"display","kind":"webfonts#webfont","menu":"https://fonts.gstatic.com/s/crushed/v30/U9Mc6dym6WXImTlFf1gVvA.ttf"},{"family":"Cuprum","version":"v25","lastModified":"2024-09-04","category":"sans-serif","kind":"webfonts#webfont","menu":"https://fonts.gstatic.com/s/cuprum/v25/dg45_pLmvrkcOkBnKsOzXyGWTBcmg-X6Vj3YIg.ttf"},{"family":"Cute Font","version":"v27","lastModified":"2024-12-04","category":"display","kind":"webfonts#webfont","menu":"https://fonts.gstatic.com/s/cutefont/v27/Noaw6Uny2oWPbSHMrY6fmZlR.ttf"},{"family":"Cutive","version":"v22","lastModified":"2024-09-04","category":"serif","kind":"webfonts#webfont","menu":"https://fonts.gstatic.com/s/cutive/v22/NaPZcZ_fHOhV3IpLTvJH.ttf"},{"family":"Cutive Mono","version":"v21","lastModified":"2024-09-04","category":"monospace","kind":"webfonts#webfont","menu":"https://fonts.gstatic.com/s/cutivemono/v21/m8JWjfRfY7WVjVi2E-K9H6RETms.ttf"},{"family":"Dai Banna SIL","version":"v2","lastModified":"2024-09-04","category":"serif","kind":"webfonts#webfont","menu":"https://fonts.gstatic.com/s/daibannasil/v2/lW-4wj0AJWmpwGyJ2uEoA4I7vS-KLg.ttf"},{"family":"Damion","version":"v15","lastModified":"2024-09-04","category":"handwriting","kind":"webfonts#webfont","menu":"https://fonts.gstatic.com/s/damion/v15/hv-XlzJ3KEUe_YZkbGwz.ttf"},{"family":"Dancing Script","version":"v25","lastModified":"2024-09-04","category":"handwriting","kind":"webfonts#webfont","menu":"https://fonts.gstatic.com/s/dancingscript/v25/If2cXTr6YS-zF4S-kcSWSVi_sxjsohD9F50Ruu7BMSo3TOp5.ttf"},{"family":"Danfo","version":"v3","lastModified":"2024-09-04","category":"serif","kind":"webfonts#webfont","menu":"https://fonts.gstatic.com/s/danfo/v3/snf3s0u_98t16THfK1Csj3N41ZqbYDeJSrdX.ttf"},{"family":"Dangrek","version":"v31","lastModified":"2024-12-04","category":"display","kind":"webfonts#webfont","menu":"https://fonts.gstatic.com/s/dangrek/v31/LYjCdG30nEgoH8E2sCJgrQ.ttf"},{"family":"Darker Grotesque","version":"v8","lastModified":"2024-09-04","category":"sans-serif","kind":"webfonts#webfont","menu":"https://fonts.gstatic.com/s/darkergrotesque/v8/U9MK6cuh-mLQlC4BKCtayOfARkSVgb381b-W8-QDqXw3qk7z83U.ttf"},{"family":"Darumadrop One","version":"v12","lastModified":"2024-08-07","category":"display","kind":"webfonts#webfont","menu":"https://fonts.gstatic.com/s/darumadropone/v12/cY9cfjeIW11dpCKgRLi675a87LhGDpc.ttf"},{"family":"David Libre","version":"v16","lastModified":"2024-09-04","category":"serif","kind":"webfonts#webfont","menu":"https://fonts.gstatic.com/s/davidlibre/v16/snfus0W_99N64iuYSvp4W8l94Jo.ttf"},{"family":"Dawning of a New Day","version":"v20","lastModified":"2024-09-04","category":"handwriting","kind":"webfonts#webfont","menu":"https://fonts.gstatic.com/s/dawningofanewday/v20/t5t_IQMbOp2SEwuncwLRjMfIg1yYit_nAw8aj2Y.ttf"},{"family":"Days One","version":"v18","lastModified":"2024-09-04","category":"sans-serif","kind":"webfonts#webfont","menu":"https://fonts.gstatic.com/s/daysone/v18/mem9YaCnxnKRiYZOCIYUcr0.ttf"},{"family":"Dekko","version":"v21","lastModified":"2024-08-12","category":"handwriting","kind":"webfonts#webfont","menu":"https://fonts.gstatic.com/s/dekko/v21/46khlb_wWjfSrutETU8.ttf"},{"family":"Dela Gothic One","version":"v17","lastModified":"2024-12-04","category":"display","kind":"webfonts#webfont","menu":"https://fonts.gstatic.com/s/delagothicone/v17/hESp6XxvMDRA-2eD0lXpDa6QkBA2REEN.ttf"},{"family":"Delicious Handrawn","version":"v8","lastModified":"2024-09-04","category":"handwriting","kind":"webfonts#webfont","menu":"https://fonts.gstatic.com/s/delicioushandrawn/v8/wlpsgx_NAUNkpmKQifcxkQchDFo3fJ1F3ZBH.ttf"},{"family":"Delius","version":"v19","lastModified":"2024-09-04","category":"handwriting","kind":"webfonts#webfont","menu":"https://fonts.gstatic.com/s/delius/v19/PN_xRfK0pW_9e1rdYMg6.ttf"},{"family":"Delius Swash Caps","version":"v23","lastModified":"2024-09-04","category":"handwriting","kind":"webfonts#webfont","menu":"https://fonts.gstatic.com/s/deliusswashcaps/v23/oY1E8fPLr7v4JWCExZpWebxVKORpXUecIGM.ttf"},{"family":"Delius Unicase","version":"v28","lastModified":"2024-09-04","category":"handwriting","kind":"webfonts#webfont","menu":"https://fonts.gstatic.com/s/deliusunicase/v28/845BNMEwEIOVT8BmgfSzIr_6mlLGfeo.ttf"},{"family":"Della Respira","version":"v22","lastModified":"2024-09-04","category":"serif","kind":"webfonts#webfont","menu":"https://fonts.gstatic.com/s/dellarespira/v22/RLp5K5v44KaueWI6iEJQBiGPdfgYvw.ttf"},{"family":"Denk One","version":"v19","lastModified":"2024-09-04","category":"sans-serif","kind":"webfonts#webfont","menu":"https://fonts.gstatic.com/s/denkone/v19/dg4m_pzhrqcFb2IzRNtGr7w.ttf"},{"family":"Devonshire","version":"v27","lastModified":"2024-09-04","category":"handwriting","kind":"webfonts#webfont","menu":"https://fonts.gstatic.com/s/devonshire/v27/46kqlbDwWirWr4gtBD2Bb0Rg1w.ttf"},{"family":"Dhurjati","version":"v25","lastModified":"2024-12-04","category":"sans-serif","kind":"webfonts#webfont","menu":"https://fonts.gstatic.com/s/dhurjati/v25/_6_8ED3gSeatXfFiFU3zQqA.ttf"},{"family":"Didact Gothic","version":"v20","lastModified":"2024-09-04","category":"sans-serif","kind":"webfonts#webfont","menu":"https://fonts.gstatic.com/s/didactgothic/v20/ahcfv8qz1zt6hCC5G4F_P4ASlU2Yow.ttf"},{"family":"Diphylleia","version":"v1","lastModified":"2024-09-04","category":"serif","kind":"webfonts#webfont","menu":"https://fonts.gstatic.com/s/diphylleia/v1/DtVmJxCtRKMixK4_HXsIil0s7g.ttf"},{"family":"Diplomata","version":"v31","lastModified":"2024-09-04","category":"display","kind":"webfonts#webfont","menu":"https://fonts.gstatic.com/s/diplomata/v31/Cn-0JtiMXwhNwp-wKxyvYWZc.ttf"},{"family":"Diplomata SC","version":"v28","lastModified":"2024-09-04","category":"display","kind":"webfonts#webfont","menu":"https://fonts.gstatic.com/s/diplomatasc/v28/buExpoi3ecvs3kidKgBJo2kv-fRK.ttf"},{"family":"DM Mono","version":"v14","lastModified":"2024-09-04","category":"monospace","kind":"webfonts#webfont","menu":"https://fonts.gstatic.com/s/dmmono/v14/aFTU7PB1QTsUX8KYthyQAQ.ttf"},{"family":"DM Sans","version":"v15","lastModified":"2024-09-04","category":"sans-serif","kind":"webfonts#webfont","menu":"https://fonts.gstatic.com/s/dmsans/v15/rP2tp2ywxg089UriI5-g4vlH9VoD8CmcqZG40F9JadbnoEwAopxRT23z.ttf"},{"family":"DM Serif Display","version":"v15","lastModified":"2024-09-04","category":"serif","kind":"webfonts#webfont","menu":"https://fonts.gstatic.com/s/dmserifdisplay/v15/-nFnOHM81r4j6k0gjAW3mujVU2B2G_Zx1w.ttf"},{"family":"DM Serif Text","version":"v12","lastModified":"2024-09-04","category":"serif","kind":"webfonts#webfont","menu":"https://fonts.gstatic.com/s/dmseriftext/v12/rnCu-xZa_krGokauCeNq1wWyWfKFWA.ttf"},{"family":"Do Hyeon","version":"v19","lastModified":"2024-08-12","category":"sans-serif","kind":"webfonts#webfont","menu":"https://fonts.gstatic.com/s/dohyeon/v19/TwMN-I8CRRU2zM86HGE2bQI.ttf"},{"family":"Dokdo","version":"v22","lastModified":"2024-12-04","category":"display","kind":"webfonts#webfont","menu":"https://fonts.gstatic.com/s/dokdo/v22/esDf315XNuCBLyLp6tI.ttf"},{"family":"Domine","version":"v23","lastModified":"2024-09-04","category":"serif","kind":"webfonts#webfont","menu":"https://fonts.gstatic.com/s/domine/v23/L0xhDFMnlVwD4h3Lt9JWnbX3jG-2X3LAE1wfFg.ttf"},{"family":"Donegal One","version":"v21","lastModified":"2024-09-04","category":"serif","kind":"webfonts#webfont","menu":"https://fonts.gstatic.com/s/donegalone/v21/m8JWjfRYea-ZnFz6fsK9FaRETms.ttf"},{"family":"Dongle","version":"v15","lastModified":"2024-11-20","category":"sans-serif","kind":"webfonts#webfont","menu":"https://fonts.gstatic.com/s/dongle/v15/sJoF3Ltdjt6VPkqWvO5L.ttf"},{"family":"Doppio One","version":"v13","lastModified":"2024-09-04","category":"sans-serif","kind":"webfonts#webfont","menu":"https://fonts.gstatic.com/s/doppioone/v13/Gg8wN5gSaBfyBw2MqCh-pgorLA.ttf"},{"family":"Dorsa","version":"v27","lastModified":"2024-09-04","category":"sans-serif","kind":"webfonts#webfont","menu":"https://fonts.gstatic.com/s/dorsa/v27/yYLn0hjd0OGwqr4813Q.ttf"},{"family":"Dosis","version":"v32","lastModified":"2024-09-04","category":"sans-serif","kind":"webfonts#webfont","menu":"https://fonts.gstatic.com/s/dosis/v32/HhyJU5sn9vOmLxNkIwRSjTVNWLEJN7Ml3RMB.ttf"},{"family":"DotGothic16","version":"v19","lastModified":"2024-12-04","category":"sans-serif","kind":"webfonts#webfont","menu":"https://fonts.gstatic.com/s/dotgothic16/v19/v6-QGYjBJFKgyw5nSoDAGH7K6Xo.ttf"},{"family":"Doto","version":"v1","lastModified":"2024-11-07","category":"sans-serif","kind":"webfonts#webfont","menu":"https://fonts.gstatic.com/s/doto/v1/t5tJIRMbNJ6TQG7Il_EKPqP9zTnvqqGNcuvLMt1JIphFOOKuzk-W.ttf"},{"family":"Dr Sugiyama","version":"v28","lastModified":"2024-09-04","category":"handwriting","kind":"webfonts#webfont","menu":"https://fonts.gstatic.com/s/drsugiyama/v28/HTxoL2k4N3O9n5I1boGI7ZbQOYs.ttf"},{"family":"Duru Sans","version":"v20","lastModified":"2024-09-04","category":"sans-serif","kind":"webfonts#webfont","menu":"https://fonts.gstatic.com/s/durusans/v20/xn7iYH8xwmSyTvEV_HOBTv3c.ttf"},{"family":"Dynalight","version":"v22","lastModified":"2024-09-04","category":"display","kind":"webfonts#webfont","menu":"https://fonts.gstatic.com/s/dynalight/v22/1Ptsg8LOU_aOmQvTsF44S4Fv.ttf"},{"family":"DynaPuff","version":"v4","lastModified":"2024-09-04","category":"display","kind":"webfonts#webfont","menu":"https://fonts.gstatic.com/s/dynapuff/v4/z7N5dRvsZDIVHbYPMhZJ3HQ83UaSu4uhr7-ZFeoYkgAr1x8RSxYu2YnhTQ.ttf"},{"family":"Eagle Lake","version":"v24","lastModified":"2024-09-04","category":"handwriting","kind":"webfonts#webfont","menu":"https://fonts.gstatic.com/s/eaglelake/v24/ptRMTiqbbuNJDOiKj9wG1O_4LQ.ttf"},{"family":"East Sea Dokdo","version":"v25","lastModified":"2024-11-20","category":"handwriting","kind":"webfonts#webfont","menu":"https://fonts.gstatic.com/s/eastseadokdo/v25/xfuo0Wn2V2_KanASqXSZp22m06_bE68.ttf"},{"family":"Eater","version":"v25","lastModified":"2024-09-04","category":"display","kind":"webfonts#webfont","menu":"https://fonts.gstatic.com/s/eater/v25/mtG04_FCK7bOvqu3sXU.ttf"},{"family":"EB Garamond","version":"v30","lastModified":"2024-09-30","category":"serif","kind":"webfonts#webfont","menu":"https://fonts.gstatic.com/s/ebgaramond/v30/SlGDmQSNjdsmc35JDF1K5E55YMjF_7DPuGi-6_RkAo96.ttf"},{"family":"Economica","version":"v15","lastModified":"2024-09-04","category":"sans-serif","kind":"webfonts#webfont","menu":"https://fonts.gstatic.com/s/economica/v15/Qw3fZQZaHCLgIWa29ZBbMMIE.ttf"},{"family":"Eczar","version":"v22","lastModified":"2024-09-04","category":"serif","kind":"webfonts#webfont","menu":"https://fonts.gstatic.com/s/eczar/v22/BXR2vF3Pi-DLmxcpJB-qbNTyTMDXHd6mqDgR.ttf"},{"family":"Edu AU VIC WA NT Arrows","version":"v1","lastModified":"2024-11-20","category":"handwriting","kind":"webfonts#webfont","menu":"https://fonts.gstatic.com/s/eduauvicwantarrows/v1/z7N7dQTteSlUDJZJAmUB9MuVbLPBjsrTFZLUbdjnSmlATbEWXt5tAcvRTDM5.ttf"},{"family":"Edu AU VIC WA NT Dots","version":"v1","lastModified":"2024-09-23","category":"handwriting","kind":"webfonts#webfont","menu":"https://fonts.gstatic.com/s/eduauvicwantdots/v1/S6uQw5FFVDKI3kwwDUbsPHCpzZNhzrA3or3_B4dZ6MmTX8QNLvtYItiZ3Q.ttf"},{"family":"Edu AU VIC WA NT Guides","version":"v1","lastModified":"2024-09-23","category":"handwriting","kind":"webfonts#webfont","menu":"https://fonts.gstatic.com/s/eduauvicwantguides/v1/TuG-UUJ4V48KZ9Nr3ZV46JQkJxtkFIKnvy00LCZuAcLMeb8FnyPdK1Zqz4tw.ttf"},{"family":"Edu AU VIC WA NT Hand","version":"v1","lastModified":"2024-09-04","category":"handwriting","kind":"webfonts#webfont","menu":"https://fonts.gstatic.com/s/eduauvicwanthand/v1/C8cO4dY1tX2x0uuiUHFS4y7ERV-jfqJ6x063HfvcsxiYKifhtCJ1pKpPaQ.ttf"},{"family":"Edu AU VIC WA NT Pre","version":"v1","lastModified":"2024-11-07","category":"handwriting","kind":"webfonts#webfont","menu":"https://fonts.gstatic.com/s/eduauvicwantpre/v1/f0Xc0fWk-t0rbG8Ycr-t55aG0elTWbFeXaYI98CnuNLeosIyJmkArqkl.ttf"},{"family":"Edu NSW ACT Foundation","version":"v2","lastModified":"2024-08-12","category":"handwriting","kind":"webfonts#webfont","menu":"https://fonts.gstatic.com/s/edunswactfoundation/v2/raxRHjqJtsNBFUi8WO0vUBgc9D-2lV_oQdCAYlt_QTQ0vUxJki9tosGKcis.ttf"},{"family":"Edu QLD Beginner","version":"v3","lastModified":"2024-08-12","category":"handwriting","kind":"webfonts#webfont","menu":"https://fonts.gstatic.com/s/eduqldbeginner/v3/AMOHz5iUuHLEMNXyohhc_Y56PR3A8dNLF_w3Ka4HKE4E3reaga8.ttf"},{"family":"Edu SA Beginner","version":"v3","lastModified":"2024-08-12","category":"handwriting","kind":"webfonts#webfont","menu":"https://fonts.gstatic.com/s/edusabeginner/v3/rnC_-xRb1x-1lHXnLaZZ2xOoLIGfU3L82irpr_3C9989Tox4Aw.ttf"},{"family":"Edu TAS Beginner","version":"v3","lastModified":"2024-08-12","category":"handwriting","kind":"webfonts#webfont","menu":"https://fonts.gstatic.com/s/edutasbeginner/v3/ZXuwe04WubHfGVY-1TcNg7AFUmshg8jIUTzK3r34f_HwelkqD2A.ttf"},{"family":"Edu VIC WA NT Beginner","version":"v4","lastModified":"2024-08-12","category":"handwriting","kind":"webfonts#webfont","menu":"https://fonts.gstatic.com/s/eduvicwantbeginner/v4/jiz2RF1BuW9OwcnNPxLl4KfZCHd9nFtd5Tu7stCpElYpvPfZZ-OXlMmEVQ0.ttf"},{"family":"El Messiri","version":"v22","lastModified":"2024-09-04","category":"sans-serif","kind":"webfonts#webfont","menu":"https://fonts.gstatic.com/s/elmessiri/v22/K2FhfZBRmr9vQ1pHEey6GIGo8_pv3myYjuXwe55hjDk.ttf"},{"family":"Electrolize","version":"v18","lastModified":"2024-09-04","category":"sans-serif","kind":"webfonts#webfont","menu":"https://fonts.gstatic.com/s/electrolize/v18/cIf5Ma1dtE0zSiGSiED7AXEHuIo.ttf"},{"family":"Elsie","version":"v24","lastModified":"2024-09-04","category":"display","kind":"webfonts#webfont","menu":"https://fonts.gstatic.com/s/elsie/v24/BCanqZABrez54xYv_M0.ttf"},{"family":"Elsie Swash Caps","version":"v24","lastModified":"2024-09-04","category":"display","kind":"webfonts#webfont","menu":"https://fonts.gstatic.com/s/elsieswashcaps/v24/845DNN8xGZyVX5MVo_upKf7KnjK0TevfLA.ttf"},{"family":"Emblema One","version":"v21","lastModified":"2024-09-04","category":"display","kind":"webfonts#webfont","menu":"https://fonts.gstatic.com/s/emblemaone/v21/nKKT-GQ0F5dSY8vzG0rOELRAFFo.ttf"},{"family":"Emilys Candy","version":"v19","lastModified":"2024-09-04","category":"display","kind":"webfonts#webfont","menu":"https://fonts.gstatic.com/s/emilyscandy/v19/2EbgL-1mD1Rnb0OGKudbk0yJrtZv.ttf"},{"family":"Encode Sans","version":"v19","lastModified":"2024-09-04","category":"sans-serif","kind":"webfonts#webfont","menu":"https://fonts.gstatic.com/s/encodesans/v19/LDIcapOFNxEwR-Bd1O9uYNmnUQomAgE25imKSbHhROjLsZBWTSrQGGHjVtSF6A.ttf"},{"family":"Encode Sans Condensed","version":"v10","lastModified":"2024-09-04","category":"sans-serif","kind":"webfonts#webfont","menu":"https://fonts.gstatic.com/s/encodesanscondensed/v10/j8_16_LD37rqfuwxyIuaZhE6cRXOLtm2gfT2gK-J.ttf"},{"family":"Encode Sans Expanded","version":"v11","lastModified":"2024-09-04","category":"sans-serif","kind":"webfonts#webfont","menu":"https://fonts.gstatic.com/s/encodesansexpanded/v11/c4m_1mF4GcnstG_Jh1QH6ac4hNLeNyeYUpojKQM.ttf"},{"family":"Encode Sans SC","version":"v9","lastModified":"2024-09-04","category":"sans-serif","kind":"webfonts#webfont","menu":"https://fonts.gstatic.com/s/encodesanssc/v9/jVyp7nLwCGzQ9zE7ZyRg0QRXHPZc_uUA6Kb3VJWLE_Pdtm7lcD6qvXT1HHhmwc5HPA.ttf"},{"family":"Encode Sans Semi Condensed","version":"v10","lastModified":"2024-09-04","category":"sans-serif","kind":"webfonts#webfont","menu":"https://fonts.gstatic.com/s/encodesanssemicondensed/v10/3qT4oiKqnDuUtQUEHMoXcmspmy55SFWrXFRp9FTOG1yQ9ME.ttf"},{"family":"Encode Sans Semi Expanded","version":"v19","lastModified":"2024-09-04","category":"sans-serif","kind":"webfonts#webfont","menu":"https://fonts.gstatic.com/s/encodesanssemiexpanded/v19/ke83OhAPMEZs-BDuzwftTNJ85JvwMOzE9d9Cca5TO4s1Kw.ttf"},{"family":"Engagement","version":"v27","lastModified":"2024-11-20","category":"handwriting","kind":"webfonts#webfont","menu":"https://fonts.gstatic.com/s/engagement/v27/x3dlckLDZbqa7RUs9MFVbNsmtw.ttf"},{"family":"Englebert","version":"v21","lastModified":"2024-09-04","category":"sans-serif","kind":"webfonts#webfont","menu":"https://fonts.gstatic.com/s/englebert/v21/xn7iYH8w2XGrC8AR4HSBTv3c.ttf"},{"family":"Enriqueta","version":"v17","lastModified":"2024-09-04","category":"serif","kind":"webfonts#webfont","menu":"https://fonts.gstatic.com/s/enriqueta/v17/goksH6L7AUFrRvV44HVjSkqn.ttf"},{"family":"Ephesis","version":"v9","lastModified":"2024-09-04","category":"handwriting","kind":"webfonts#webfont","menu":"https://fonts.gstatic.com/s/ephesis/v9/uU9PCBUS8IerL2VG3xLR2g.ttf"},{"family":"Epilogue","version":"v17","lastModified":"2024-09-04","category":"sans-serif","kind":"webfonts#webfont","menu":"https://fonts.gstatic.com/s/epilogue/v17/O4ZMFGj5hxF0EhjimngomvnCCtqb30OXMDPSDZ_R.ttf"},{"family":"Erica One","version":"v27","lastModified":"2024-09-04","category":"display","kind":"webfonts#webfont","menu":"https://fonts.gstatic.com/s/ericaone/v27/WBLnrEXccV9VGrOKmGDFWkXI.ttf"},{"family":"Esteban","version":"v15","lastModified":"2024-09-04","category":"serif","kind":"webfonts#webfont","menu":"https://fonts.gstatic.com/s/esteban/v15/r05bGLZE-bdGdN-GROqJ4g.ttf"},{"family":"Estonia","version":"v11","lastModified":"2024-09-04","category":"handwriting","kind":"webfonts#webfont","menu":"https://fonts.gstatic.com/s/estonia/v11/7Au_p_4ijSecA1yHOCP2yg.ttf"},{"family":"Euphoria Script","version":"v20","lastModified":"2024-09-04","category":"handwriting","kind":"webfonts#webfont","menu":"https://fonts.gstatic.com/s/euphoriascript/v20/mFTpWb0X2bLb_cx6To2B8GpKoD5qkvxX.ttf"},{"family":"Ewert","version":"v25","lastModified":"2024-09-04","category":"display","kind":"webfonts#webfont","menu":"https://fonts.gstatic.com/s/ewert/v25/va9I4kzO2tFODbBuQeY.ttf"},{"family":"Exo","version":"v21","lastModified":"2024-09-04","category":"sans-serif","kind":"webfonts#webfont","menu":"https://fonts.gstatic.com/s/exo/v21/4UaZrEtFpBI4f1ZSIK9d4LjJ4lM3OwJmPg.ttf"},{"family":"Exo 2","version":"v24","lastModified":"2024-11-07","category":"sans-serif","kind":"webfonts#webfont","menu":"https://fonts.gstatic.com/s/exo2/v24/7cH1v4okm5zmbvwkAx_sfcEuiD8jvvKsP9C6.ttf"},{"family":"Expletus Sans","version":"v29","lastModified":"2024-09-04","category":"display","kind":"webfonts#webfont","menu":"https://fonts.gstatic.com/s/expletussans/v29/RLpqK5v5_bqufTYdnhFzDj2dX_IwS3my73zcDaSY2v1pHwA.ttf"},{"family":"Explora","version":"v9","lastModified":"2024-09-04","category":"handwriting","kind":"webfonts#webfont","menu":"https://fonts.gstatic.com/s/explora/v9/tsstApxFfjUH4wrvQ1uFpg.ttf"},{"family":"Faculty Glyphic","version":"v4","lastModified":"2024-12-04","category":"sans-serif","kind":"webfonts#webfont","menu":"https://fonts.gstatic.com/s/facultyglyphic/v4/RrQIbot2-iBvI2mYSyKIrcgoBuQ4Gu2B.ttf"},{"family":"Fahkwang","version":"v16","lastModified":"2024-09-04","category":"sans-serif","kind":"webfonts#webfont","menu":"https://fonts.gstatic.com/s/fahkwang/v16/Noax6Uj3zpmBOgbNpOqOuLk.ttf"},{"family":"Familjen Grotesk","version":"v8","lastModified":"2024-09-04","category":"sans-serif","kind":"webfonts#webfont","menu":"https://fonts.gstatic.com/s/familjengrotesk/v8/Qw3LZR9ZHiDnImG6-NEMQ41wby8WRnYsfkunR_eGfMGJaRzseVw.ttf"},{"family":"Fanwood Text","version":"v16","lastModified":"2024-11-20","category":"serif","kind":"webfonts#webfont","menu":"https://fonts.gstatic.com/s/fanwoodtext/v16/3XFtErwl05Ad_vSCF6Fq7xX2RNzc.ttf"},{"family":"Farro","version":"v14","lastModified":"2024-09-04","category":"sans-serif","kind":"webfonts#webfont","menu":"https://fonts.gstatic.com/s/farro/v14/i7dEIFl3byGNHaVMFr4.ttf"},{"family":"Farsan","version":"v22","lastModified":"2024-09-04","category":"display","kind":"webfonts#webfont","menu":"https://fonts.gstatic.com/s/farsan/v22/VEMwRoJ0vY_zsyzK26Wt.ttf"},{"family":"Fascinate","version":"v22","lastModified":"2024-11-20","category":"display","kind":"webfonts#webfont","menu":"https://fonts.gstatic.com/s/fascinate/v22/z7NWdRrufC8XJK0IIElS1bzU.ttf"},{"family":"Fascinate Inline","version":"v23","lastModified":"2024-11-20","category":"display","kind":"webfonts#webfont","menu":"https://fonts.gstatic.com/s/fascinateinline/v23/jVyR7mzzB3zc-jp6QCAu60poNqIy5gzIeQ.ttf"},{"family":"Faster One","version":"v19","lastModified":"2024-09-04","category":"display","kind":"webfonts#webfont","menu":"https://fonts.gstatic.com/s/fasterone/v19/H4ciBXCHmdfClFb-vWhf-LqYgg.ttf"},{"family":"Fasthand","version":"v31","lastModified":"2024-10-29","category":"display","kind":"webfonts#webfont","menu":"https://fonts.gstatic.com/s/fasthand/v31/0yb9GDohyKTYn_ZEERkvaEg.ttf"},{"family":"Fauna One","version":"v15","lastModified":"2024-09-04","category":"serif","kind":"webfonts#webfont","menu":"https://fonts.gstatic.com/s/faunaone/v15/wlpzgwTPBVpjpCuwkuEB2EZP.ttf"},{"family":"Faustina","version":"v20","lastModified":"2024-09-04","category":"serif","kind":"webfonts#webfont","menu":"https://fonts.gstatic.com/s/faustina/v20/XLY4IZPxYpJfTbZAFXWzNT2SO8wpWHlsgoEfGF-S.ttf"},{"family":"Federant","version":"v29","lastModified":"2024-09-04","category":"display","kind":"webfonts#webfont","menu":"https://fonts.gstatic.com/s/federant/v29/2sDdZGNfip_eirT0_X0iT0U.ttf"},{"family":"Federo","version":"v19","lastModified":"2024-09-04","category":"sans-serif","kind":"webfonts#webfont","menu":"https://fonts.gstatic.com/s/federo/v19/iJWFBX-cbD_ETsbWjFma.ttf"},{"family":"Felipa","version":"v25","lastModified":"2024-09-04","category":"handwriting","kind":"webfonts#webfont","menu":"https://fonts.gstatic.com/s/felipa/v25/FwZa7-owz1Eu4F_ASd6A.ttf"},{"family":"Fenix","version":"v20","lastModified":"2024-09-04","category":"serif","kind":"webfonts#webfont","menu":"https://fonts.gstatic.com/s/fenix/v20/XoHo2YL_S7-g5rssITQ.ttf"},{"family":"Festive","version":"v9","lastModified":"2024-09-04","category":"handwriting","kind":"webfonts#webfont","menu":"https://fonts.gstatic.com/s/festive/v9/cY9Ffj6KX1xcoDWhJtbqzw.ttf"},{"family":"Figtree","version":"v6","lastModified":"2024-09-30","category":"sans-serif","kind":"webfonts#webfont","menu":"https://fonts.gstatic.com/s/figtree/v6/_Xmz-HUzqDCFdgfMsYiV_F7wfS-Bs_d_QG5fyEU.ttf"},{"family":"Finger Paint","version":"v19","lastModified":"2024-09-04","category":"display","kind":"webfonts#webfont","menu":"https://fonts.gstatic.com/s/fingerpaint/v19/0QInMXVJ-o-oRn_7dron8YW-8pzW.ttf"},{"family":"Finlandica","version":"v8","lastModified":"2024-09-04","category":"sans-serif","kind":"webfonts#webfont","menu":"https://fonts.gstatic.com/s/finlandica/v8/-nFsOGk-8vAc7lEtg0aSyZCty9GSsPBE19A7rHjw_Co.ttf"},{"family":"Fira Code","version":"v22","lastModified":"2024-09-04","category":"monospace","kind":"webfonts#webfont","menu":"https://fonts.gstatic.com/s/firacode/v22/uU9eCBsR6Z2vfE9aq3bL0fxyUs4tcw4W_D1sJVb7Mw.ttf"},{"family":"Fira Mono","version":"v14","lastModified":"2024-09-04","category":"monospace","kind":"webfonts#webfont","menu":"https://fonts.gstatic.com/s/firamono/v14/N0bX2SlFPv1weGeLZDtgIP7X.ttf"},{"family":"Fira Sans","version":"v17","lastModified":"2024-09-04","category":"sans-serif","kind":"webfonts#webfont","menu":"https://fonts.gstatic.com/s/firasans/v17/va9E4kDNxMZdWfMOD5VvkYjO.ttf"},{"family":"Fira Sans Condensed","version":"v10","lastModified":"2024-09-04","category":"sans-serif","kind":"webfonts#webfont","menu":"https://fonts.gstatic.com/s/firasanscondensed/v10/wEOhEADFm8hSaQTFG18FErVhsC9x-tarUfDtqA.ttf"},{"family":"Fira Sans Extra Condensed","version":"v10","lastModified":"2024-09-04","category":"sans-serif","kind":"webfonts#webfont","menu":"https://fonts.gstatic.com/s/firasansextracondensed/v10/NaPKcYDaAO5dirw6IaFn7lPJFqXmS-M9Atn3wgda1fmuvw.ttf"},{"family":"Fjalla One","version":"v15","lastModified":"2024-09-04","category":"sans-serif","kind":"webfonts#webfont","menu":"https://fonts.gstatic.com/s/fjallaone/v15/Yq6R-LCAWCX3-6Ky7FAFrOd6lw.ttf"},{"family":"Fjord One","version":"v21","lastModified":"2024-09-04","category":"serif","kind":"webfonts#webfont","menu":"https://fonts.gstatic.com/s/fjordone/v21/zOL-4pbEnKBY_9S1jNKb6ORE.ttf"},{"family":"Flamenco","version":"v18","lastModified":"2024-09-04","category":"display","kind":"webfonts#webfont","menu":"https://fonts.gstatic.com/s/flamenco/v18/neIIzCehqYguo67ssZWHFqk.ttf"},{"family":"Flavors","version":"v26","lastModified":"2024-09-04","category":"display","kind":"webfonts#webfont","menu":"https://fonts.gstatic.com/s/flavors/v26/FBV2dDrhxqmveJTpXk3vMg.ttf"},{"family":"Fleur De Leah","version":"v9","lastModified":"2024-09-04","category":"handwriting","kind":"webfonts#webfont","menu":"https://fonts.gstatic.com/s/fleurdeleah/v9/AYCNpXX7ftYZWLhv9UmPJTMC1ven5A.ttf"},{"family":"Flow Block","version":"v11","lastModified":"2024-09-04","category":"display","kind":"webfonts#webfont","menu":"https://fonts.gstatic.com/s/flowblock/v11/wlp0gwfPCEB65UmTk-d6yWdvaA.ttf"},{"family":"Flow Circular","version":"v11","lastModified":"2024-09-04","category":"display","kind":"webfonts#webfont","menu":"https://fonts.gstatic.com/s/flowcircular/v11/lJwB-pc4j2F-H8YKuyvfxdZ41ibjXQ.ttf"},{"family":"Flow Rounded","version":"v11","lastModified":"2024-09-04","category":"display","kind":"webfonts#webfont","menu":"https://fonts.gstatic.com/s/flowrounded/v11/-zki91mtwsU9qlLiGwD4oQXHoJ_6.ttf"},{"family":"Foldit","version":"v5","lastModified":"2024-09-04","category":"display","kind":"webfonts#webfont","menu":"https://fonts.gstatic.com/s/foldit/v5/aFTI7PF3Y3c9WdjNrRVE0Rk2b7j8XpAMqateZA.ttf"},{"family":"Fondamento","version":"v20","lastModified":"2024-09-04","category":"handwriting","kind":"webfonts#webfont","menu":"https://fonts.gstatic.com/s/fondamento/v20/4UaHrEJGsxNmFTPDnkaJ96zp4g.ttf"},{"family":"Fontdiner Swanky","version":"v23","lastModified":"2024-09-04","category":"display","kind":"webfonts#webfont","menu":"https://fonts.gstatic.com/s/fontdinerswanky/v23/ijwOs4XgRNsiaI5-hcVb4hQgMvCD0uAVLg.ttf"},{"family":"Forum","version":"v18","lastModified":"2024-09-04","category":"display","kind":"webfonts#webfont","menu":"https://fonts.gstatic.com/s/forum/v18/6aey4Ky-Vb8Ew8IXOpc.ttf"},{"family":"Fragment Mono","version":"v4","lastModified":"2024-09-04","category":"monospace","kind":"webfonts#webfont","menu":"https://fonts.gstatic.com/s/fragmentmono/v4/4iCr6K5wfMRRjxp0DA6-2CLnB4VHgw.ttf"},{"family":"Francois One","version":"v21","lastModified":"2024-09-04","category":"sans-serif","kind":"webfonts#webfont","menu":"https://fonts.gstatic.com/s/francoisone/v21/_Xmr-H4zszafZw3A-KPSZut9xwiU.ttf"},{"family":"Frank Ruhl Libre","version":"v21","lastModified":"2024-09-04","category":"serif","kind":"webfonts#webfont","menu":"https://fonts.gstatic.com/s/frankruhllibre/v21/j8_96_fAw7jrcalD7oKYNX0QfAnPcbzNEEB7OoicBw7FYWqRNRA.ttf"},{"family":"Fraunces","version":"v31","lastModified":"2024-09-04","category":"serif","kind":"webfonts#webfont","menu":"https://fonts.gstatic.com/s/fraunces/v31/6NUh8FyLNQOQZAnv9bYEvDiIdE9Ea92uemAk_WBq8U_9v0c2Wa0K7iN7hzFUPJH58nib1603gg7S2nfgRYIctxuTD_7W.ttf"},{"family":"Freckle Face","version":"v15","lastModified":"2024-09-04","category":"display","kind":"webfonts#webfont","menu":"https://fonts.gstatic.com/s/freckleface/v15/AMOWz4SXrmKHCvXTohxY-YIEUliy.ttf"},{"family":"Fredericka the Great","version":"v21","lastModified":"2024-09-04","category":"display","kind":"webfonts#webfont","menu":"https://fonts.gstatic.com/s/frederickathegreat/v21/9Bt33CxNwt7aOctW2xjbCstzwVKsIBVV--SlxbI.ttf"},{"family":"Fredoka","version":"v14","lastModified":"2024-09-04","category":"sans-serif","kind":"webfonts#webfont","menu":"https://fonts.gstatic.com/s/fredoka/v14/X7nP4b87HvSqjb_WIi2yDCRwoQ_k7367_B-i2yQag0-mac3O8SL8F-mP.ttf"},{"family":"Freehand","version":"v32","lastModified":"2024-12-04","category":"display","kind":"webfonts#webfont","menu":"https://fonts.gstatic.com/s/freehand/v32/cIf-Ma5eqk01VjKTgDmARGE.ttf"},{"family":"Freeman","version":"v1","lastModified":"2024-09-04","category":"display","kind":"webfonts#webfont","menu":"https://fonts.gstatic.com/s/freeman/v1/S6u9w4NGQiLN8nh-Sw6PHA.ttf"},{"family":"Fresca","version":"v22","lastModified":"2024-09-04","category":"sans-serif","kind":"webfonts#webfont","menu":"https://fonts.gstatic.com/s/fresca/v22/6ae94K--SKgCzbMGG7cS.ttf"},{"family":"Frijole","version":"v14","lastModified":"2024-09-04","category":"display","kind":"webfonts#webfont","menu":"https://fonts.gstatic.com/s/frijole/v14/uU9PCBUR8oakM2BQ3xLR2g.ttf"},{"family":"Fruktur","version":"v27","lastModified":"2024-09-04","category":"display","kind":"webfonts#webfont","menu":"https://fonts.gstatic.com/s/fruktur/v27/SZc53FHsOru5QYsMTzzMlQ.ttf"},{"family":"Fugaz One","version":"v19","lastModified":"2024-09-04","category":"display","kind":"webfonts#webfont","menu":"https://fonts.gstatic.com/s/fugazone/v19/rax_HiWKp9EAITukFsl8BRha.ttf"},{"family":"Fuggles","version":"v12","lastModified":"2024-09-04","category":"handwriting","kind":"webfonts#webfont","menu":"https://fonts.gstatic.com/s/fuggles/v12/k3kQo8UEJOlD1hpOfd_oKw.ttf"},{"family":"Funnel Display","version":"v1","lastModified":"2024-11-07","category":"display","kind":"webfonts#webfont","menu":"https://fonts.gstatic.com/s/funneldisplay/v1/B50bF7FGv37QNVWgE0ga--4PbZSRJXrOHcLHLoAYmmPnWc90.ttf"},{"family":"Funnel Sans","version":"v1","lastModified":"2024-11-07","category":"sans-serif","kind":"webfonts#webfont","menu":"https://fonts.gstatic.com/s/funnelsans/v1/OpNfno8Dg9bX6Bsp3Wq69RB-VukSVv3aISFAlXm0f2VJ.ttf"},{"family":"Fustat","version":"v1","lastModified":"2024-09-04","category":"sans-serif","kind":"webfonts#webfont","menu":"https://fonts.gstatic.com/s/fustat/v1/NaPEcZ_aHO9Iy5thRNqze7YGY9HGCEQQdr25sQ.ttf"},{"family":"Fuzzy Bubbles","version":"v7","lastModified":"2024-09-04","category":"handwriting","kind":"webfonts#webfont","menu":"https://fonts.gstatic.com/s/fuzzybubbles/v7/6qLGKZMbrgv9pwtjPEVNV0F2BnLzYw.ttf"},{"family":"Ga Maamli","version":"v2","lastModified":"2024-09-04","category":"display","kind":"webfonts#webfont","menu":"https://fonts.gstatic.com/s/gamaamli/v2/uU9NCBsQ4c-DPW1Yo3rh29SG.ttf"},{"family":"Gabarito","version":"v7","lastModified":"2024-09-04","category":"display","kind":"webfonts#webfont","menu":"https://fonts.gstatic.com/s/gabarito/v7/QGYwz_0dZAGKJJ4t3FFkc3Q8AkNP9Pj248KEFwgp.ttf"},{"family":"Gabriela","version":"v21","lastModified":"2024-09-04","category":"serif","kind":"webfonts#webfont","menu":"https://fonts.gstatic.com/s/gabriela/v21/qkBWXvsO6sreR8E-b8m_xL4.ttf"},{"family":"Gaegu","version":"v22","lastModified":"2024-12-04","category":"handwriting","kind":"webfonts#webfont","menu":"https://fonts.gstatic.com/s/gaegu/v22/TuGfUVB6Up9NU5ZKq9w.ttf"},{"family":"Gafata","version":"v20","lastModified":"2024-09-04","category":"sans-serif","kind":"webfonts#webfont","menu":"https://fonts.gstatic.com/s/gafata/v20/XRXV3I6Cn0VJKonIM-aE.ttf"},{"family":"Gajraj One","version":"v5","lastModified":"2024-09-04","category":"display","kind":"webfonts#webfont","menu":"https://fonts.gstatic.com/s/gajrajone/v5/1cX2aUDCDpXsuWVb1jIjn1CggQ.ttf"},{"family":"Galada","version":"v19","lastModified":"2024-12-04","category":"display","kind":"webfonts#webfont","menu":"https://fonts.gstatic.com/s/galada/v19/H4cmBXyGmcjXlUXO8yY6.ttf"},{"family":"Galdeano","version":"v22","lastModified":"2024-09-04","category":"sans-serif","kind":"webfonts#webfont","menu":"https://fonts.gstatic.com/s/galdeano/v22/uU9MCBoQ4YOqOW1boAPw-vQ.ttf"},{"family":"Galindo","version":"v24","lastModified":"2024-09-04","category":"display","kind":"webfonts#webfont","menu":"https://fonts.gstatic.com/s/galindo/v24/HI_KiYMeLqVKqwyuc5DoQg.ttf"},{"family":"Gamja Flower","version":"v25","lastModified":"2024-11-20","category":"handwriting","kind":"webfonts#webfont","menu":"https://fonts.gstatic.com/s/gamjaflower/v25/6NUR8FiKJg-Pa0rM6uN40Z4UyPVB.ttf"},{"family":"Gantari","version":"v1","lastModified":"2024-09-04","category":"sans-serif","kind":"webfonts#webfont","menu":"https://fonts.gstatic.com/s/gantari/v1/jVyV7nvyB2HL8iZyDk4GVvSZ5MtC9g0gOg3xYZU.ttf"},{"family":"Gasoek One","version":"v3","lastModified":"2024-08-12","category":"sans-serif","kind":"webfonts#webfont","menu":"https://fonts.gstatic.com/s/gasoekone/v3/EJRTQgQ_UMUKvDgnlX80_ru1dw.ttf"},{"family":"Gayathri","version":"v18","lastModified":"2024-12-04","category":"sans-serif","kind":"webfonts#webfont","menu":"https://fonts.gstatic.com/s/gayathri/v18/MCoQzAb429DbBilWLLA5-ps.ttf"},{"family":"Geist","version":"v1","lastModified":"2024-11-07","category":"sans-serif","kind":"webfonts#webfont","menu":"https://fonts.gstatic.com/s/geist/v1/gyBhhwUxId8gMGYQMKR3pzfaWI_RnOMInJnf.ttf"},{"family":"Geist Mono","version":"v1","lastModified":"2024-11-07","category":"monospace","kind":"webfonts#webfont","menu":"https://fonts.gstatic.com/s/geistmono/v1/or3yQ6H-1_WfwkMZI_qYPLs1a-t7PU0AbeE9KK5S5Cw.ttf"},{"family":"Gelasio","version":"v12","lastModified":"2024-09-04","category":"serif","kind":"webfonts#webfont","menu":"https://fonts.gstatic.com/s/gelasio/v12/cIfiMaFfvUQxTTqS3iKJkLGbI41wQL8Ilxct8zQ.ttf"},{"family":"Gemunu Libre","version":"v14","lastModified":"2024-09-04","category":"sans-serif","kind":"webfonts#webfont","menu":"https://fonts.gstatic.com/s/gemunulibre/v14/X7n34bQ6Cfy7jKGXVE_YlqnbEQAFP-PIuTCp0xiJDvWBfA.ttf"},{"family":"Genos","version":"v12","lastModified":"2024-09-04","category":"sans-serif","kind":"webfonts#webfont","menu":"https://fonts.gstatic.com/s/genos/v12/SlGNmQqPqpUOYTYjacb0Hc91fTwVqkjYrEi-.ttf"},{"family":"Gentium Book Plus","version":"v1","lastModified":"2024-09-04","category":"serif","kind":"webfonts#webfont","menu":"https://fonts.gstatic.com/s/gentiumbookplus/v1/vEFL2-RHBgUK5fbjKxRpbBtJPyRpocKef7Y.ttf"},{"family":"Gentium Plus","version":"v2","lastModified":"2024-09-04","category":"serif","kind":"webfonts#webfont","menu":"https://fonts.gstatic.com/s/gentiumplus/v2/Iurd6Ytw-oSPaZ00r2bNe8VZjZFI.ttf"},{"family":"Geo","version":"v21","lastModified":"2024-09-04","category":"sans-serif","kind":"webfonts#webfont","menu":"https://fonts.gstatic.com/s/geo/v21/CSRz4zRZluflLnpi.ttf"},{"family":"Geologica","version":"v1","lastModified":"2024-09-04","category":"sans-serif","kind":"webfonts#webfont","menu":"https://fonts.gstatic.com/s/geologica/v1/oY1o8evIr7j9P3TN9YwNAdyjzUyDKkKdAGOJh1UlCDUIhAIdhCZOn1fLsig7jfvCCPHZckU8H3G11_z-_OZqDx_rc-ISBQ.ttf"},{"family":"Georama","version":"v13","lastModified":"2024-09-04","category":"sans-serif","kind":"webfonts#webfont","menu":"https://fonts.gstatic.com/s/georama/v13/MCo5zAn438bIEyxFf6swMnNpvPcUwW4u4yRcDh-ZjxApn9K5GvgdmAEP.ttf"},{"family":"Geostar","version":"v26","lastModified":"2024-09-04","category":"display","kind":"webfonts#webfont","menu":"https://fonts.gstatic.com/s/geostar/v26/sykz-yx4n701VLOfhSu3_g.ttf"},{"family":"Geostar Fill","version":"v26","lastModified":"2024-09-04","category":"display","kind":"webfonts#webfont","menu":"https://fonts.gstatic.com/s/geostarfill/v26/AMOWz4SWuWiXFfjEohxQ9osEUliy.ttf"},{"family":"Germania One","version":"v20","lastModified":"2024-09-04","category":"display","kind":"webfonts#webfont","menu":"https://fonts.gstatic.com/s/germaniaone/v20/Fh4yPjrqIyv2ucM2qzBjeS3uzQhK.ttf"},{"family":"GFS Didot","version":"v16","lastModified":"2024-04-12","category":"serif","kind":"webfonts#webfont","menu":"https://fonts.gstatic.com/s/gfsdidot/v16/Jqzh5TybZ9vZMWFssvwSFu3C.ttf"},{"family":"GFS Neohellenic","version":"v25","lastModified":"2024-08-12","category":"sans-serif","kind":"webfonts#webfont","menu":"https://fonts.gstatic.com/s/gfsneohellenic/v25/8QIRdiDOrfiq0b7R8O1Iw9WLcY5jLKJL.ttf"},{"family":"Gideon Roman","version":"v11","lastModified":"2024-09-04","category":"display","kind":"webfonts#webfont","menu":"https://fonts.gstatic.com/s/gideonroman/v11/e3tmeuGrVOys8sxzZgWlmXoQeknS.ttf"},{"family":"Gidugu","version":"v26","lastModified":"2024-11-20","category":"sans-serif","kind":"webfonts#webfont","menu":"https://fonts.gstatic.com/s/gidugu/v26/L0x8DFMkk1Uf6w3hvfqi.ttf"},{"family":"Gilda Display","version":"v18","lastModified":"2024-09-04","category":"serif","kind":"webfonts#webfont","menu":"https://fonts.gstatic.com/s/gildadisplay/v18/t5tmIRoYMoaYG0WEOh7HwMeR3TjPqg.ttf"},{"family":"Girassol","version":"v22","lastModified":"2024-09-04","category":"display","kind":"webfonts#webfont","menu":"https://fonts.gstatic.com/s/girassol/v22/JTUUjIo_-DK48laaNB9MxW4.ttf"},{"family":"Give You Glory","version":"v16","lastModified":"2024-11-20","category":"handwriting","kind":"webfonts#webfont","menu":"https://fonts.gstatic.com/s/giveyouglory/v16/8QIQdiHOgt3vv4LR7ahjw9-XYf1yDYI.ttf"},{"family":"Glass Antiqua","version":"v24","lastModified":"2024-09-04","category":"display","kind":"webfonts#webfont","menu":"https://fonts.gstatic.com/s/glassantiqua/v24/xfu30Wr0Wn3NOQM2piC0uXOjrL76Mw.ttf"},{"family":"Glegoo","version":"v16","lastModified":"2024-09-04","category":"serif","kind":"webfonts#webfont","menu":"https://fonts.gstatic.com/s/glegoo/v16/_Xmt-HQyrTKWaw25iqOd.ttf"},{"family":"Gloock","version":"v6","lastModified":"2024-09-04","category":"serif","kind":"webfonts#webfont","menu":"https://fonts.gstatic.com/s/gloock/v6/Iurb6YFw84WUY4NJjhah.ttf"},{"family":"Gloria Hallelujah","version":"v22","lastModified":"2024-11-20","category":"handwriting","kind":"webfonts#webfont","menu":"https://fonts.gstatic.com/s/gloriahallelujah/v22/LYjYdHv3kUk9BMV96EIswT9DIbW-MISz1zY.ttf"},{"family":"Glory","version":"v15","lastModified":"2024-09-04","category":"sans-serif","kind":"webfonts#webfont","menu":"https://fonts.gstatic.com/s/glory/v15/q5uasoi9Lf1w5t3Est24nq9blIRQwImzp3WZ.ttf"},{"family":"Gluten","version":"v16","lastModified":"2024-09-04","category":"display","kind":"webfonts#webfont","menu":"https://fonts.gstatic.com/s/gluten/v16/Hhy_U5gk9fW7OUdVIPh2zD_RSqQJ__A15jgJsn-Bhb_yI8Vb7S1KsHw.ttf"},{"family":"Goblin One","version":"v26","lastModified":"2024-09-04","category":"display","kind":"webfonts#webfont","menu":"https://fonts.gstatic.com/s/goblinone/v26/CSR64z1ZnOqZRjRCBVY_fOYKSA.ttf"},{"family":"Gochi Hand","version":"v23","lastModified":"2024-09-04","category":"handwriting","kind":"webfonts#webfont","menu":"https://fonts.gstatic.com/s/gochihand/v23/hES06XlsOjtJsgCkx1Pkfo___g.ttf"},{"family":"Goldman","version":"v19","lastModified":"2024-09-04","category":"display","kind":"webfonts#webfont","menu":"https://fonts.gstatic.com/s/goldman/v19/pe0uMIWbN4JFplR2HDNyAg.ttf"},{"family":"Golos Text","version":"v4","lastModified":"2024-09-04","category":"sans-serif","kind":"webfonts#webfont","menu":"https://fonts.gstatic.com/s/golostext/v4/q5uXsoe9Lv5t7Meb31EcOR9UdVTNs822plVRRT5dGLs.ttf"},{"family":"Gorditas","version":"v22","lastModified":"2024-09-04","category":"display","kind":"webfonts#webfont","menu":"https://fonts.gstatic.com/s/gorditas/v22/ll8_K2aTVD26DsPEtTDpB6o.ttf"},{"family":"Gothic A1","version":"v17","lastModified":"2024-11-20","category":"sans-serif","kind":"webfonts#webfont","menu":"https://fonts.gstatic.com/s/gothica1/v17/CSR94z5ZnPydRjlCCwlKbccq.ttf"},{"family":"Gotu","version":"v16","lastModified":"2024-09-04","category":"sans-serif","kind":"webfonts#webfont","menu":"https://fonts.gstatic.com/s/gotu/v16/o-0FIpksx3QOpHwBjg.ttf"},{"family":"Goudy Bookletter 1911","version":"v19","lastModified":"2024-09-04","category":"serif","kind":"webfonts#webfont","menu":"https://fonts.gstatic.com/s/goudybookletter1911/v19/sykt-z54laciWfKv-kX8krex0jDiD2HbY6IJtBzT.ttf"},{"family":"Gowun Batang","version":"v11","lastModified":"2024-11-20","category":"serif","kind":"webfonts#webfont","menu":"https://fonts.gstatic.com/s/gowunbatang/v11/ijwSs5nhRMIjYsdSgcMa3wRRXbv6.ttf"},{"family":"Gowun Dodum","version":"v11","lastModified":"2024-11-20","category":"sans-serif","kind":"webfonts#webfont","menu":"https://fonts.gstatic.com/s/gowundodum/v11/3Jn5SD_00GqwlBnWc1TUJG0EduA.ttf"},{"family":"Graduate","version":"v17","lastModified":"2024-09-04","category":"serif","kind":"webfonts#webfont","menu":"https://fonts.gstatic.com/s/graduate/v17/C8cg4cs3o2n15t_2YygQ43k.ttf"},{"family":"Grand Hotel","version":"v19","lastModified":"2024-09-04","category":"handwriting","kind":"webfonts#webfont","menu":"https://fonts.gstatic.com/s/grandhotel/v19/7Au7p_IgjDKdCRWuR1azplQMGFk.ttf"},{"family":"Grandiflora One","version":"v3","lastModified":"2024-09-04","category":"serif","kind":"webfonts#webfont","menu":"https://fonts.gstatic.com/s/grandifloraone/v3/0ybmGD0g27bCk_5MGWZcKWhxwnUk_Bf2.ttf"},{"family":"Grandstander","version":"v18","lastModified":"2024-09-30","category":"display","kind":"webfonts#webfont","menu":"https://fonts.gstatic.com/s/grandstander/v18/ga6fawtA-GpSsTWrnNHPCSIMZhhKpFjyNZIQD1--P3ncsg.ttf"},{"family":"Grape Nuts","version":"v5","lastModified":"2024-09-04","category":"handwriting","kind":"webfonts#webfont","menu":"https://fonts.gstatic.com/s/grapenuts/v5/syk2-yF4iLM2RfKj4F7k7tPlpg.ttf"},{"family":"Gravitas One","version":"v19","lastModified":"2024-09-04","category":"display","kind":"webfonts#webfont","menu":"https://fonts.gstatic.com/s/gravitasone/v19/5h1diZ4hJ3cblKy3LWakKQmqDG5J.ttf"},{"family":"Great Vibes","version":"v19","lastModified":"2024-09-04","category":"handwriting","kind":"webfonts#webfont","menu":"https://fonts.gstatic.com/s/greatvibes/v19/RWmMoKWR9v4ksMfaWd_JN9XDiaE.ttf"},{"family":"Grechen Fuemen","version":"v9","lastModified":"2024-09-04","category":"handwriting","kind":"webfonts#webfont","menu":"https://fonts.gstatic.com/s/grechenfuemen/v9/vEFI2_tHEQ4d5ObgKxBzZh0MAVgd8tI.ttf"},{"family":"Grenze","version":"v15","lastModified":"2024-09-04","category":"serif","kind":"webfonts#webfont","menu":"https://fonts.gstatic.com/s/grenze/v15/O4ZTFGb7hR12BxqH_mIj.ttf"},{"family":"Grenze Gotisch","version":"v18","lastModified":"2024-09-04","category":"display","kind":"webfonts#webfont","menu":"https://fonts.gstatic.com/s/grenzegotisch/v18/Fh4hPjjqNDz1osh_jX9YfjudpBJBNV5y5wf_k1i5Lz9kcYqZ.ttf"},{"family":"Grey Qo","version":"v9","lastModified":"2024-09-04","category":"handwriting","kind":"webfonts#webfont","menu":"https://fonts.gstatic.com/s/greyqo/v9/BXRrvF_Nmv_TyXxNPOpa8Q.ttf"},{"family":"Griffy","version":"v22","lastModified":"2024-09-04","category":"display","kind":"webfonts#webfont","menu":"https://fonts.gstatic.com/s/griffy/v22/FwZa7-ox2FQh9kfASd6A.ttf"},{"family":"Gruppo","version":"v21","lastModified":"2024-09-04","category":"sans-serif","kind":"webfonts#webfont","menu":"https://fonts.gstatic.com/s/gruppo/v21/WwkfxPmzE06v_ZW1WHrE.ttf"},{"family":"Gudea","version":"v15","lastModified":"2024-09-04","category":"sans-serif","kind":"webfonts#webfont","menu":"https://fonts.gstatic.com/s/gudea/v15/neIFzCqgsI0mp9CO_oU.ttf"},{"family":"Gugi","version":"v20","lastModified":"2024-12-04","category":"display","kind":"webfonts#webfont","menu":"https://fonts.gstatic.com/s/gugi/v20/A2BVn5dXywshZA-K8A.ttf"},{"family":"Gulzar","version":"v12","lastModified":"2024-09-04","category":"serif","kind":"webfonts#webfont","menu":"https://fonts.gstatic.com/s/gulzar/v12/Wnz6HAc9eB3HB2I7YDYd.ttf"},{"family":"Gupter","version":"v17","lastModified":"2024-12-04","category":"serif","kind":"webfonts#webfont","menu":"https://fonts.gstatic.com/s/gupter/v17/2-cm9JNmxJqPO1QkYJy7.ttf"},{"family":"Gurajada","version":"v20","lastModified":"2024-11-20","category":"serif","kind":"webfonts#webfont","menu":"https://fonts.gstatic.com/s/gurajada/v20/FwZY7-Qx308m-l-0Ke6B6Mw.ttf"},{"family":"Gwendolyn","version":"v7","lastModified":"2024-09-04","category":"handwriting","kind":"webfonts#webfont","menu":"https://fonts.gstatic.com/s/gwendolyn/v7/qkBXXvoO_M3CSss-d7eu5Z5P.ttf"},{"family":"Habibi","version":"v21","lastModified":"2024-09-04","category":"serif","kind":"webfonts#webfont","menu":"https://fonts.gstatic.com/s/habibi/v21/CSR-4zFWkuqcTTNySxha.ttf"},{"family":"Hachi Maru Pop","version":"v21","lastModified":"2024-12-04","category":"handwriting","kind":"webfonts#webfont","menu":"https://fonts.gstatic.com/s/hachimarupop/v21/HI_TiYoRLqpLrEiMAuO9Ysfz7oW0Gss.ttf"},{"family":"Hahmlet","version":"v18","lastModified":"2024-12-04","category":"serif","kind":"webfonts#webfont","menu":"https://fonts.gstatic.com/s/hahmlet/v18/BngXUXpCQ3nKpIo0TfPyfCdXfaeU4RhKOOjpZMc.ttf"},{"family":"Halant","version":"v16","lastModified":"2024-12-04","category":"serif","kind":"webfonts#webfont","menu":"https://fonts.gstatic.com/s/halant/v16/u-4-0qaujRI2Pbsn3thi.ttf"},{"family":"Hammersmith One","version":"v17","lastModified":"2024-09-04","category":"sans-serif","kind":"webfonts#webfont","menu":"https://fonts.gstatic.com/s/hammersmithone/v17/qWcyB624q4L_C4jGQ9IK0O_dFlnrsxEg.ttf"},{"family":"Hanalei","version":"v23","lastModified":"2024-09-04","category":"display","kind":"webfonts#webfont","menu":"https://fonts.gstatic.com/s/hanalei/v23/E21n_dD8iufIjBRHbzksUw.ttf"},{"family":"Hanalei Fill","version":"v22","lastModified":"2024-09-04","category":"display","kind":"webfonts#webfont","menu":"https://fonts.gstatic.com/s/hanaleifill/v22/fC1mPYtObGbfyQznIaQzPQi8VgjF.ttf"},{"family":"Handjet","version":"v19","lastModified":"2024-09-04","category":"display","kind":"webfonts#webfont","menu":"https://fonts.gstatic.com/s/handjet/v19/oY1n8eXHq7n1OnbQrOY_2FrEwYEMLlcdP1mCtZaLaTutCwcIhGZ0lGU0akFcO3XFHTmaYkQmFA.ttf"},{"family":"Handlee","version":"v18","lastModified":"2024-09-04","category":"handwriting","kind":"webfonts#webfont","menu":"https://fonts.gstatic.com/s/handlee/v18/-F6xfjBsISg9aMakPmvwpg.ttf"},{"family":"Hanken Grotesk","version":"v8","lastModified":"2024-09-04","category":"sans-serif","kind":"webfonts#webfont","menu":"https://fonts.gstatic.com/s/hankengrotesk/v8/ieVq2YZDLWuGJpnzaiwFXS9tYvBRzyFLlZg_f_Ncs2Zq4PBJ.ttf"},{"family":"Hanuman","version":"v23","lastModified":"2024-12-04","category":"serif","kind":"webfonts#webfont","menu":"https://fonts.gstatic.com/s/hanuman/v23/VuJxdNvD15HhpJJBSKfdPA.ttf"},{"family":"Happy Monkey","version":"v14","lastModified":"2024-09-04","category":"display","kind":"webfonts#webfont","menu":"https://fonts.gstatic.com/s/happymonkey/v14/K2F2fZZcl-9SXwl5F_C4R_OwBgry.ttf"},{"family":"Harmattan","version":"v21","lastModified":"2024-11-20","category":"sans-serif","kind":"webfonts#webfont","menu":"https://fonts.gstatic.com/s/harmattan/v21/goksH6L2DkFvVvRp9XpjSkqn.ttf"},{"family":"Headland One","version":"v16","lastModified":"2024-09-04","category":"serif","kind":"webfonts#webfont","menu":"https://fonts.gstatic.com/s/headlandone/v16/yYLu0hHR2vKnp89Tk1TCq3TB0fNX.ttf"},{"family":"Hedvig Letters Sans","version":"v2","lastModified":"2024-09-04","category":"sans-serif","kind":"webfonts#webfont","menu":"https://fonts.gstatic.com/s/hedvigletterssans/v2/CHy_V_PfGVjobSBkihHWDT98RVp37w8jcJxH2Q.ttf"},{"family":"Hedvig Letters Serif","version":"v2","lastModified":"2024-09-04","category":"serif","kind":"webfonts#webfont","menu":"https://fonts.gstatic.com/s/hedviglettersserif/v2/OD5puN2I2mekHmyoU1Kj2AXOd5_7v7gIDlX8quj7viQ_N1HixEApfr3Y.ttf"},{"family":"Heebo","version":"v26","lastModified":"2024-09-04","category":"sans-serif","kind":"webfonts#webfont","menu":"https://fonts.gstatic.com/s/heebo/v26/NGSpv5_NC0k9P_v6ZUCbLRAHxK1EiSysc0mj.ttf"},{"family":"Henny Penny","version":"v17","lastModified":"2024-09-04","category":"display","kind":"webfonts#webfont","menu":"https://fonts.gstatic.com/s/hennypenny/v17/wXKvE3UZookzsxz_kjGSfPQrvXc.ttf"},{"family":"Hepta Slab","version":"v23","lastModified":"2024-09-04","category":"serif","kind":"webfonts#webfont","menu":"https://fonts.gstatic.com/s/heptaslab/v23/ea8JadoyU_jkHdalebHvyWVNdYoIsHe5HvkV5wfaaZQ.ttf"},{"family":"Herr Von Muellerhoff","version":"v21","lastModified":"2024-09-04","category":"handwriting","kind":"webfonts#webfont","menu":"https://fonts.gstatic.com/s/herrvonmuellerhoff/v21/WBL6rFjRZkREW8WqmCWYLgCkQKXb4CAft0c79KY.ttf"},{"family":"Hi Melody","version":"v18","lastModified":"2024-11-20","category":"handwriting","kind":"webfonts#webfont","menu":"https://fonts.gstatic.com/s/himelody/v18/46ktlbP8Vnz0pJcqCTb0fmVA.ttf"},{"family":"Hina Mincho","version":"v14","lastModified":"2024-12-04","category":"serif","kind":"webfonts#webfont","menu":"https://fonts.gstatic.com/s/hinamincho/v14/2sDaZGBRhpXa2Jjz5w5LAFW9I70.ttf"},{"family":"Hind","version":"v17","lastModified":"2024-12-04","category":"sans-serif","kind":"webfonts#webfont","menu":"https://fonts.gstatic.com/s/hind/v17/5aU69_a8oxmIdG94AQ.ttf"},{"family":"Hind Guntur","version":"v13","lastModified":"2024-12-04","category":"sans-serif","kind":"webfonts#webfont","menu":"https://fonts.gstatic.com/s/hindguntur/v13/wXKvE3UZrok56nvamSuJd_QrvXc.ttf"},{"family":"Hind Madurai","version":"v11","lastModified":"2024-09-04","category":"sans-serif","kind":"webfonts#webfont","menu":"https://fonts.gstatic.com/s/hindmadurai/v11/f0Xx0e2p98ZvDXdZQIOcpqjX8IcH.ttf"},{"family":"Hind Mysuru","version":"v1","lastModified":"2024-12-04","category":"sans-serif","kind":"webfonts#webfont","menu":"https://fonts.gstatic.com/s/hindmysuru/v1/syk3-yB3k7wiAJ-U5l_li8LEhlU.ttf"},{"family":"Hind Siliguri","version":"v13","lastModified":"2024-12-04","category":"sans-serif","kind":"webfonts#webfont","menu":"https://fonts.gstatic.com/s/hindsiliguri/v13/ijwTs5juQtsyLLR5jN4cxBEoTJrawg.ttf"},{"family":"Hind Vadodara","version":"v15","lastModified":"2024-12-04","category":"sans-serif","kind":"webfonts#webfont","menu":"https://fonts.gstatic.com/s/hindvadodara/v15/neINzCKvrIcn5pbuuuriV9tTQJTVqQ.ttf"},{"family":"Holtwood One SC","version":"v21","lastModified":"2024-09-04","category":"serif","kind":"webfonts#webfont","menu":"https://fonts.gstatic.com/s/holtwoodonesc/v21/yYLx0hLR0P-3vMFSk1TCq3Txg5BHcLz-.ttf"},{"family":"Homemade Apple","version":"v22","lastModified":"2024-09-04","category":"handwriting","kind":"webfonts#webfont","menu":"https://fonts.gstatic.com/s/homemadeapple/v22/Qw3EZQFXECDrI2q789EKQZJob0x8XH0.ttf"},{"family":"Homenaje","version":"v16","lastModified":"2024-09-04","category":"sans-serif","kind":"webfonts#webfont","menu":"https://fonts.gstatic.com/s/homenaje/v16/FwZY7-Q-xVAi_l-6Le6B6Mw.ttf"},{"family":"Honk","version":"v1","lastModified":"2024-09-04","category":"display","kind":"webfonts#webfont","menu":"https://fonts.gstatic.com/s/honk/v1/m8J7jftUea-XwTaemClumrBQbmvynOmXBji9zFhHRr8WFgV7orFJ.ttf"},{"family":"Host Grotesk","version":"v4","lastModified":"2024-12-04","category":"sans-serif","kind":"webfonts#webfont","menu":"https://fonts.gstatic.com/s/hostgrotesk/v4/co3UmWBnlCJ3U42vbbfdwMjzqHAXOdFzqU5PuefO_hej_g.ttf"},{"family":"Hubballi","version":"v8","lastModified":"2024-12-04","category":"sans-serif","kind":"webfonts#webfont","menu":"https://fonts.gstatic.com/s/hubballi/v8/o-0JIpUj3WIZ1RFN55B6whQ.ttf"},{"family":"Hubot Sans","version":"v4","lastModified":"2024-12-04","category":"sans-serif","kind":"webfonts#webfont","menu":"https://fonts.gstatic.com/s/hubotsans/v4/pe0BMIiULYxOvxVLbVwhONyy6zb7yFM9V5G3iZ3X0avsIiCxjLsC57ZtgbrR.ttf"},{"family":"Hurricane","version":"v7","lastModified":"2024-09-04","category":"handwriting","kind":"webfonts#webfont","menu":"https://fonts.gstatic.com/s/hurricane/v7/pe0sMIuULZxTolZ5YldCA_e6.ttf"},{"family":"Ibarra Real Nova","version":"v27","lastModified":"2024-09-04","category":"serif","kind":"webfonts#webfont","menu":"https://fonts.gstatic.com/s/ibarrarealnova/v27/sZlSdQiA-DBIDCcaWtQzL4BZHoiDundw4ATyjed3EXdg5PDsXzs.ttf"},{"family":"IBM Plex Mono","version":"v19","lastModified":"2024-09-04","category":"monospace","kind":"webfonts#webfont","menu":"https://fonts.gstatic.com/s/ibmplexmono/v19/-F63fjptAgt5VM-kVkqdyU8n1ikq0g.ttf"},{"family":"IBM Plex Sans","version":"v19","lastModified":"2024-09-04","category":"sans-serif","kind":"webfonts#webfont","menu":"https://fonts.gstatic.com/s/ibmplexsans/v19/zYXgKVElMYYaJe8bpLHnCwDKhdfeEA.ttf"},{"family":"IBM Plex Sans Arabic","version":"v13","lastModified":"2024-12-04","category":"sans-serif","kind":"webfonts#webfont","menu":"https://fonts.gstatic.com/s/ibmplexsansarabic/v13/Qw3CZRtWPQCuHme67tEYUIx3Kh0PHR9N6Ys73PA.ttf"},{"family":"IBM Plex Sans Condensed","version":"v14","lastModified":"2024-09-04","category":"sans-serif","kind":"webfonts#webfont","menu":"https://fonts.gstatic.com/s/ibmplexsanscondensed/v14/Gg8lN4UfRSqiPg7Jn2ZI12V4DCEwkj1E4LVeHYavyKs.ttf"},{"family":"IBM Plex Sans Devanagari","version":"v11","lastModified":"2024-09-04","category":"sans-serif","kind":"webfonts#webfont","menu":"https://fonts.gstatic.com/s/ibmplexsansdevanagari/v11/XRXH3JCMvG4IDoS9SubXB6W-UX5iehIMBFR2-O_PVEjw.ttf"},{"family":"IBM Plex Sans Hebrew","version":"v11","lastModified":"2024-09-04","category":"sans-serif","kind":"webfonts#webfont","menu":"https://fonts.gstatic.com/s/ibmplexsanshebrew/v11/BCa2qYENg9Kw1mpLpO0bGM5lfHAAZHhDXE2k-l0.ttf"},{"family":"IBM Plex Sans JP","version":"v6","lastModified":"2024-09-04","category":"sans-serif","kind":"webfonts#webfont","menu":"https://fonts.gstatic.com/s/ibmplexsansjp/v6/Z9XNDn9KbTDf6_f7dISNqYf_tvPT5CvyjA.ttf"},{"family":"IBM Plex Sans KR","version":"v10","lastModified":"2024-08-12","category":"sans-serif","kind":"webfonts#webfont","menu":"https://fonts.gstatic.com/s/ibmplexsanskr/v10/vEFK2-VJISZe3O_rc3ZVYh4aTwNOwtO_Xw.ttf"},{"family":"IBM Plex Sans Thai","version":"v10","lastModified":"2024-09-04","category":"sans-serif","kind":"webfonts#webfont","menu":"https://fonts.gstatic.com/s/ibmplexsansthai/v10/m8JPje1VVIzcq1HzJq2AEdo2Tj_qvLqMD9Yl.ttf"},{"family":"IBM Plex Sans Thai Looped","version":"v11","lastModified":"2024-09-04","category":"sans-serif","kind":"webfonts#webfont","menu":"https://fonts.gstatic.com/s/ibmplexsansthailooped/v11/tss_AoJJRAhL3BTrK3r2xxbFhvKfyBB6l7hHT30L9BOKpA.ttf"},{"family":"IBM Plex Serif","version":"v19","lastModified":"2024-09-04","category":"serif","kind":"webfonts#webfont","menu":"https://fonts.gstatic.com/s/ibmplexserif/v19/jizDREVNn1dOx-zrZ2X3pZvkTiUZ2zI.ttf"},{"family":"Iceberg","version":"v24","lastModified":"2024-09-04","category":"display","kind":"webfonts#webfont","menu":"https://fonts.gstatic.com/s/iceberg/v24/8QIJdijAiM7o-qnZiIkErw.ttf"},{"family":"Iceland","version":"v20","lastModified":"2024-09-04","category":"display","kind":"webfonts#webfont","menu":"https://fonts.gstatic.com/s/iceland/v20/rax9HiuFsdMNOnWPaK1MBA.ttf"},{"family":"IM Fell Double Pica","version":"v14","lastModified":"2024-09-04","category":"serif","kind":"webfonts#webfont","menu":"https://fonts.gstatic.com/s/imfelldoublepica/v14/3XF2EqMq_94s9PeKF7Fg4gOKINyMtZ8rf0W_VA.ttf"},{"family":"IM Fell Double Pica SC","version":"v21","lastModified":"2024-09-04","category":"serif","kind":"webfonts#webfont","menu":"https://fonts.gstatic.com/s/imfelldoublepicasc/v21/neIazDmuiMkFo6zj_sHpQ8teNbWlwBB_hXjJ0YwOfg.ttf"},{"family":"IM Fell DW Pica","version":"v16","lastModified":"2024-09-04","category":"serif","kind":"webfonts#webfont","menu":"https://fonts.gstatic.com/s/imfelldwpica/v16/2sDGZGRQotv9nbn2qSl0TxXVYNwNZQnQ.ttf"},{"family":"IM Fell DW Pica SC","version":"v21","lastModified":"2024-09-04","category":"serif","kind":"webfonts#webfont","menu":"https://fonts.gstatic.com/s/imfelldwpicasc/v21/0ybjGCAu5PfqkvtGVU15aBhXz3EUrnTm-RKO.ttf"},{"family":"IM Fell English","version":"v14","lastModified":"2024-09-04","category":"serif","kind":"webfonts#webfont","menu":"https://fonts.gstatic.com/s/imfellenglish/v14/Ktk1ALSLW8zDe0rthJysWrnLsAzHFqOd.ttf"},{"family":"IM Fell English SC","version":"v16","lastModified":"2024-09-04","category":"serif","kind":"webfonts#webfont","menu":"https://fonts.gstatic.com/s/imfellenglishsc/v16/a8IENpD3CDX-4zrWfr1VY879qFF05pZ7OoIK.ttf"},{"family":"IM Fell French Canon","version":"v21","lastModified":"2024-09-04","category":"serif","kind":"webfonts#webfont","menu":"https://fonts.gstatic.com/s/imfellfrenchcanon/v21/-F6ufiNtDWYfYc-tDiyiw08rrghJszkK6foUNNk.ttf"},{"family":"IM Fell French Canon SC","version":"v22","lastModified":"2024-09-04","category":"serif","kind":"webfonts#webfont","menu":"https://fonts.gstatic.com/s/imfellfrenchcanonsc/v22/FBVmdCru5-ifcor2bgq9V89khWcmQghEURY7H0c1WhQ.ttf"},{"family":"IM Fell Great Primer","version":"v21","lastModified":"2024-09-04","category":"serif","kind":"webfonts#webfont","menu":"https://fonts.gstatic.com/s/imfellgreatprimer/v21/bx6aNwSJtayYxOkbYFsT6hMsLzX7u85rJrrWtj4.ttf"},{"family":"IM Fell Great Primer SC","version":"v21","lastModified":"2024-09-04","category":"serif","kind":"webfonts#webfont","menu":"https://fonts.gstatic.com/s/imfellgreatprimersc/v21/ga6daxBOxyt6sCqz3fjZCTFCTUDMHagsQKdDTIf8D3g.ttf"},{"family":"Imbue","version":"v27","lastModified":"2024-09-04","category":"serif","kind":"webfonts#webfont","menu":"https://fonts.gstatic.com/s/imbue/v27/RLpXK5P16Ki3fXhj5cvGrqjocPk4n-gVX3M93TnrnvhoP8iXTOoHMA.ttf"},{"family":"Imperial Script","version":"v6","lastModified":"2024-09-04","category":"handwriting","kind":"webfonts#webfont","menu":"https://fonts.gstatic.com/s/imperialscript/v6/5DCPAKrpzy_H98IV2ISnZBbGrVNfPOPh.ttf"},{"family":"Imprima","version":"v18","lastModified":"2024-09-04","category":"sans-serif","kind":"webfonts#webfont","menu":"https://fonts.gstatic.com/s/imprima/v18/VEMxRoN7sY3yuy-7yoSNzA.ttf"},{"family":"Inclusive Sans","version":"v1","lastModified":"2024-09-04","category":"sans-serif","kind":"webfonts#webfont","menu":"https://fonts.gstatic.com/s/inclusivesans/v1/0nkxC9biPuwflXcJ46P4PGWE0-70qQI.ttf"},{"family":"Inconsolata","version":"v32","lastModified":"2024-09-04","category":"monospace","kind":"webfonts#webfont","menu":"https://fonts.gstatic.com/s/inconsolata/v32/QldgNThLqRwH-OJ1UHjlKENVzkWGVkL3GZQmAwLYxYWI2qfdm7Lpp4U8WRv2kg.ttf"},{"family":"Inder","version":"v14","lastModified":"2024-09-04","category":"sans-serif","kind":"webfonts#webfont","menu":"https://fonts.gstatic.com/s/inder/v14/w8gUH2YoQe8_4sq7rQs.ttf"},{"family":"Indie Flower","version":"v22","lastModified":"2024-11-20","category":"handwriting","kind":"webfonts#webfont","menu":"https://fonts.gstatic.com/s/indieflower/v22/m8JVjfNVeKWVnh3QMuKkFcZVb0uC.ttf"},{"family":"Ingrid Darling","version":"v5","lastModified":"2024-09-04","category":"handwriting","kind":"webfonts#webfont","menu":"https://fonts.gstatic.com/s/ingriddarling/v5/LDIrapaJNxUtSuFdw-9yf4rCPvLPs7o.ttf"},{"family":"Inika","version":"v21","lastModified":"2024-09-04","category":"serif","kind":"webfonts#webfont","menu":"https://fonts.gstatic.com/s/inika/v21/rnCm-x5X3QP-piTGT8M.ttf"},{"family":"Inknut Antiqua","version":"v14","lastModified":"2024-08-12","category":"serif","kind":"webfonts#webfont","menu":"https://fonts.gstatic.com/s/inknutantiqua/v14/Y4GSYax7VC4ot_qNB4nYpBdaKUUC4Jg.ttf"},{"family":"Inria Sans","version":"v14","lastModified":"2024-08-12","category":"sans-serif","kind":"webfonts#webfont","menu":"https://fonts.gstatic.com/s/inriasans/v14/ptRMTiqXYfZMCOiVj9kQ1O_4LQ.ttf"},{"family":"Inria Serif","version":"v16","lastModified":"2024-08-12","category":"serif","kind":"webfonts#webfont","menu":"https://fonts.gstatic.com/s/inriaserif/v16/fC1lPYxPY3rXxEndZJAzN3Stdyg.ttf"},{"family":"Inspiration","version":"v6","lastModified":"2024-09-04","category":"handwriting","kind":"webfonts#webfont","menu":"https://fonts.gstatic.com/s/inspiration/v6/x3dkckPPZa6L4wIg5cZOEsoHly4.ttf"},{"family":"Instrument Sans","version":"v1","lastModified":"2024-09-04","category":"sans-serif","kind":"webfonts#webfont","menu":"https://fonts.gstatic.com/s/instrumentsans/v1/pximypc9vsFDm051Uf6KVwgkfoSxQ0GsQv8ToedPibnr-yp2JGEJOH9npSTF-Tf0kyk.ttf"},{"family":"Instrument Serif","version":"v4","lastModified":"2024-09-04","category":"serif","kind":"webfonts#webfont","menu":"https://fonts.gstatic.com/s/instrumentserif/v4/jizBRFtNs2ka5fXjeivQ4LroWlx-6zMTiw.ttf"},{"family":"Inter","version":"v18","lastModified":"2024-09-04","category":"sans-serif","kind":"webfonts#webfont","menu":"https://fonts.gstatic.com/s/inter/v18/UcCO3FwrK3iLTeHuS_nVMrMxCp50SjIw2boKoduKmMEVuLyfAZlhjQ.ttf"},{"family":"Inter Tight","version":"v7","lastModified":"2024-09-04","category":"sans-serif","kind":"webfonts#webfont","menu":"https://fonts.gstatic.com/s/intertight/v7/NGSnv5HMAFg6IuGlBNMjxJEL2VmU3NS7Z2mjDw-aXS5X.ttf"},{"family":"Irish Grover","version":"v23","lastModified":"2024-09-04","category":"display","kind":"webfonts#webfont","menu":"https://fonts.gstatic.com/s/irishgrover/v23/buExpoi6YtLz2QW7LA4flVgv-fRK.ttf"},{"family":"Island Moments","version":"v6","lastModified":"2024-09-04","category":"handwriting","kind":"webfonts#webfont","menu":"https://fonts.gstatic.com/s/islandmoments/v6/NaPBcZfVGvBdxIt7Ar0qzkXJF9THKIw.ttf"},{"family":"Istok Web","version":"v24","lastModified":"2024-09-04","category":"sans-serif","kind":"webfonts#webfont","menu":"https://fonts.gstatic.com/s/istokweb/v24/3qTvojGmgSyUukBzKslpAGt6.ttf"},{"family":"Italiana","version":"v20","lastModified":"2024-09-04","category":"serif","kind":"webfonts#webfont","menu":"https://fonts.gstatic.com/s/italiana/v20/QldNNTtLsx4E__B0XQmQaXk.ttf"},{"family":"Italianno","version":"v17","lastModified":"2024-09-04","category":"handwriting","kind":"webfonts#webfont","menu":"https://fonts.gstatic.com/s/italianno/v17/dg4n_p3sv6gCJkwzT6RXjpwt.ttf"},{"family":"Itim","version":"v14","lastModified":"2024-09-04","category":"handwriting","kind":"webfonts#webfont","menu":"https://fonts.gstatic.com/s/itim/v14/0nknC9ziJOYe8AVAlQ.ttf"},{"family":"Jacquard 12","version":"v6","lastModified":"2024-09-04","category":"display","kind":"webfonts#webfont","menu":"https://fonts.gstatic.com/s/jacquard12/v6/vm8ydRLuXETEweL79J4rGf3IWH4.ttf"},{"family":"Jacquard 12 Charted","version":"v2","lastModified":"2024-09-04","category":"display","kind":"webfonts#webfont","menu":"https://fonts.gstatic.com/s/jacquard12charted/v2/i7dWIE97bzCOB9Q_Up6PQmYfKDPIb2Hwf3WnYw.ttf"},{"family":"Jacquard 24","version":"v2","lastModified":"2024-09-04","category":"display","kind":"webfonts#webfont","menu":"https://fonts.gstatic.com/s/jacquard24/v2/jVyO7nf_B2zO5jVpUGU8ljQFf8w.ttf"},{"family":"Jacquard 24 Charted","version":"v3","lastModified":"2024-09-04","category":"display","kind":"webfonts#webfont","menu":"https://fonts.gstatic.com/s/jacquard24charted/v3/mtGm4-dNK6HaudrE9VVKhENTsEXEYish4iVhNQ.ttf"},{"family":"Jacquarda Bastarda 9","version":"v4","lastModified":"2024-09-04","category":"display","kind":"webfonts#webfont","menu":"https://fonts.gstatic.com/s/jacquardabastarda9/v4/f0Xp0fWr_8t6WFtKQJfOhaC0hcZ1HYAMAYwC3zQ.ttf"},{"family":"Jacquarda Bastarda 9 Charted","version":"v2","lastModified":"2024-09-04","category":"display","kind":"webfonts#webfont","menu":"https://fonts.gstatic.com/s/jacquardabastarda9charted/v2/Yq6D-KaMUyfq4qLgx19A_ocp43FeLd9m0vDxm-yf8JPuT0YFbA.ttf"},{"family":"Jacques Francois","version":"v24","lastModified":"2024-09-04","category":"serif","kind":"webfonts#webfont","menu":"https://fonts.gstatic.com/s/jacquesfrancois/v24/ZXu9e04ZvKeOOHIe1TMahbcIU2cgqcLgpQ.ttf"},{"family":"Jacques Francois Shadow","version":"v25","lastModified":"2024-09-04","category":"display","kind":"webfonts#webfont","menu":"https://fonts.gstatic.com/s/jacquesfrancoisshadow/v25/KR1FBtOz8PKTMk-kqdkLVrvR0ECFrB6Pin-2_p8Uun8.ttf"},{"family":"Jaini","version":"v1","lastModified":"2024-09-04","category":"display","kind":"webfonts#webfont","menu":"https://fonts.gstatic.com/s/jaini/v1/fC1vPYJMbGHQzHmPIeI.ttf"},{"family":"Jaini Purva","version":"v1","lastModified":"2024-09-04","category":"display","kind":"webfonts#webfont","menu":"https://fonts.gstatic.com/s/jainipurva/v1/CHynV-vdHVXwbWcUswbUGEoPFno.ttf"},{"family":"Jaldi","version":"v12","lastModified":"2024-09-04","category":"sans-serif","kind":"webfonts#webfont","menu":"https://fonts.gstatic.com/s/jaldi/v12/or3sQ67z0_CI33NVbJQ.ttf"},{"family":"Jaro","version":"v6","lastModified":"2024-09-04","category":"sans-serif","kind":"webfonts#webfont","menu":"https://fonts.gstatic.com/s/jaro/v6/ea8DadQwV_r_Rv3-7zZMCGhQgVr1SmCtPvk.ttf"},{"family":"Jersey 10","version":"v2","lastModified":"2024-09-04","category":"display","kind":"webfonts#webfont","menu":"https://fonts.gstatic.com/s/jersey10/v2/GftH7vZKsggXMf9n_J5n-Zjk.ttf"},{"family":"Jersey 10 Charted","version":"v2","lastModified":"2024-09-04","category":"display","kind":"webfonts#webfont","menu":"https://fonts.gstatic.com/s/jersey10charted/v2/oY1E8fPFr6XiNWqEp90XSbwUGfF8SkecIGM.ttf"},{"family":"Jersey 15","version":"v2","lastModified":"2024-09-04","category":"display","kind":"webfonts#webfont","menu":"https://fonts.gstatic.com/s/jersey15/v2/_6_9EDzuROGsUuk2TWjiY4Al.ttf"},{"family":"Jersey 15 Charted","version":"v2","lastModified":"2024-09-04","category":"display","kind":"webfonts#webfont","menu":"https://fonts.gstatic.com/s/jersey15charted/v2/nuFjD-rCQIjoVp1Sva2ToCTudGbLeSv5pWk.ttf"},{"family":"Jersey 20","version":"v2","lastModified":"2024-09-04","category":"display","kind":"webfonts#webfont","menu":"https://fonts.gstatic.com/s/jersey20/v2/ZgNRjP1ON6jeW4D12z3srUXu.ttf"},{"family":"Jersey 20 Charted","version":"v2","lastModified":"2024-09-04","category":"display","kind":"webfonts#webfont","menu":"https://fonts.gstatic.com/s/jersey20charted/v2/JTUNjJMy9DKq5FzVaj9tpgYgvHqGn8Z0hCs.ttf"},{"family":"Jersey 25","version":"v2","lastModified":"2024-09-04","category":"display","kind":"webfonts#webfont","menu":"https://fonts.gstatic.com/s/jersey25/v2/ll8-K2eeXj2tAs6F9BX4JooI.ttf"},{"family":"Jersey 25 Charted","version":"v2","lastModified":"2024-09-04","category":"display","kind":"webfonts#webfont","menu":"https://fonts.gstatic.com/s/jersey25charted/v2/6NUM8EWHIhCWbxOqtLkv94Rlu6EkGs2vWmA.ttf"},{"family":"JetBrains Mono","version":"v20","lastModified":"2024-09-30","category":"monospace","kind":"webfonts#webfont","menu":"https://fonts.gstatic.com/s/jetbrainsmono/v20/tDbY2o-flEEny0FZhsfKu5WU4zr3E_BX0PnT8RD8yKxTPFOQ.ttf"},{"family":"Jim Nightshade","version":"v20","lastModified":"2024-09-04","category":"handwriting","kind":"webfonts#webfont","menu":"https://fonts.gstatic.com/s/jimnightshade/v20/PlIkFlu9Pb08Q8HLM1PxmB0g-NS5XX4.ttf"},{"family":"Joan","version":"v11","lastModified":"2024-09-04","category":"serif","kind":"webfonts#webfont","menu":"https://fonts.gstatic.com/s/joan/v11/ZXupe1oZsqWRXRZN9Q.ttf"},{"family":"Jockey One","version":"v21","lastModified":"2024-09-04","category":"sans-serif","kind":"webfonts#webfont","menu":"https://fonts.gstatic.com/s/jockeyone/v21/HTxpL2g2KjCFj4x8WI6AnIfxGQ.ttf"},{"family":"Jolly Lodger","version":"v20","lastModified":"2024-09-04","category":"display","kind":"webfonts#webfont","menu":"https://fonts.gstatic.com/s/jollylodger/v20/BXRsvFTAh_bGkA1uQ48dlB3lWODX.ttf"},{"family":"Jomhuria","version":"v21","lastModified":"2024-12-04","category":"display","kind":"webfonts#webfont","menu":"https://fonts.gstatic.com/s/jomhuria/v21/Dxxp8j-TMXf-llKur1b0OuU.ttf"},{"family":"Jomolhari","version":"v19","lastModified":"2024-12-04","category":"serif","kind":"webfonts#webfont","menu":"https://fonts.gstatic.com/s/jomolhari/v19/EvONzA1M1Iw_CBd2hsQyFlgd.ttf"},{"family":"Josefin Sans","version":"v32","lastModified":"2024-09-04","category":"sans-serif","kind":"webfonts#webfont","menu":"https://fonts.gstatic.com/s/josefinsans/v32/Qw3PZQNVED7rKGKxtqIqX5E-AVSJrOCfjY46_DjQbMBhKg.ttf"},{"family":"Josefin Slab","version":"v27","lastModified":"2024-12-04","category":"serif","kind":"webfonts#webfont","menu":"https://fonts.gstatic.com/s/josefinslab/v27/lW-swjwOK3Ps5GSJlNNkMalNpiZe_ldbOR4W71msR3g9Lw.ttf"},{"family":"Jost","version":"v18","lastModified":"2024-09-30","category":"sans-serif","kind":"webfonts#webfont","menu":"https://fonts.gstatic.com/s/jost/v18/92zPtBhPNqw79Ij1E865zBUv7myjJTVHNI0.ttf"},{"family":"Joti One","version":"v26","lastModified":"2024-09-04","category":"display","kind":"webfonts#webfont","menu":"https://fonts.gstatic.com/s/jotione/v26/Z9XVDmdJQAmWm9TwabTf6Ok.ttf"},{"family":"Jua","version":"v16","lastModified":"2024-08-12","category":"sans-serif","kind":"webfonts#webfont","menu":"https://fonts.gstatic.com/s/jua/v16/co3KmW9ljjATcurd.ttf"},{"family":"Judson","version":"v19","lastModified":"2024-09-04","category":"serif","kind":"webfonts#webfont","menu":"https://fonts.gstatic.com/s/judson/v19/FeVRS0Fbvbc14VxhDrlw.ttf"},{"family":"Julee","version":"v25","lastModified":"2024-09-04","category":"handwriting","kind":"webfonts#webfont","menu":"https://fonts.gstatic.com/s/julee/v25/TuGfUVB3RpZPQ5ZKq9w.ttf"},{"family":"Julius Sans One","version":"v18","lastModified":"2024-09-04","category":"sans-serif","kind":"webfonts#webfont","menu":"https://fonts.gstatic.com/s/juliussansone/v18/1Pt2g8TAX_SGgBGUi0tGOYEga5WOxHsS.ttf"},{"family":"Junge","version":"v24","lastModified":"2024-09-04","category":"serif","kind":"webfonts#webfont","menu":"https://fonts.gstatic.com/s/junge/v24/gokgH670Gl1lUpActBQ.ttf"},{"family":"Jura","version":"v31","lastModified":"2024-09-04","category":"sans-serif","kind":"webfonts#webfont","menu":"https://fonts.gstatic.com/s/jura/v31/z7NOdRfiaC4Vd8hhoPzfb5vBTP1d7ZugR_0.ttf"},{"family":"Just Another Hand","version":"v20","lastModified":"2024-11-20","category":"handwriting","kind":"webfonts#webfont","menu":"https://fonts.gstatic.com/s/justanotherhand/v20/845CNN4-AJyIGvIou-6yJKyptyOpOfr-DG0.ttf"},{"family":"Just Me Again Down Here","version":"v24","lastModified":"2024-09-04","category":"handwriting","kind":"webfonts#webfont","menu":"https://fonts.gstatic.com/s/justmeagaindownhere/v24/MwQmbgXtz-Wc6RUEGNMc0QpRrfUh2hSdBBMoAtwGtKQ.ttf"},{"family":"K2D","version":"v11","lastModified":"2024-09-04","category":"sans-serif","kind":"webfonts#webfont","menu":"https://fonts.gstatic.com/s/k2d/v11/J7aTnpF2V0EjdqUp.ttf"},{"family":"Kablammo","version":"v1","lastModified":"2024-09-04","category":"display","kind":"webfonts#webfont","menu":"https://fonts.gstatic.com/s/kablammo/v1/bWtm7fHPcgrhC-J3lcXhcQTY5Ixs6Au9YgCTjhcV.ttf"},{"family":"Kadwa","version":"v11","lastModified":"2024-11-20","category":"serif","kind":"webfonts#webfont","menu":"https://fonts.gstatic.com/s/kadwa/v11/rnCm-x5V0g7ipiTGT8M.ttf"},{"family":"Kaisei Decol","version":"v10","lastModified":"2024-12-04","category":"serif","kind":"webfonts#webfont","menu":"https://fonts.gstatic.com/s/kaiseidecol/v10/bMrwmSqP45sidWf3QmfFW6iCWlsL.ttf"},{"family":"Kaisei HarunoUmi","version":"v10","lastModified":"2024-10-29","category":"serif","kind":"webfonts#webfont","menu":"https://fonts.gstatic.com/s/kaiseiharunoumi/v10/HI_RiZQSLqBQoAHhK_C6N_nzy_jcKsrztA.ttf"},{"family":"Kaisei Opti","version":"v10","lastModified":"2024-10-29","category":"serif","kind":"webfonts#webfont","menu":"https://fonts.gstatic.com/s/kaiseiopti/v10/QldKNThJphYb8_g6c2nlIGlf5q0.ttf"},{"family":"Kaisei Tokumin","version":"v10","lastModified":"2024-10-29","category":"serif","kind":"webfonts#webfont","menu":"https://fonts.gstatic.com/s/kaiseitokumin/v10/Gg8sN5wdZg7xCwuMsylww2ZiQnJe3Fk.ttf"},{"family":"Kalam","version":"v17","lastModified":"2024-10-29","category":"handwriting","kind":"webfonts#webfont","menu":"https://fonts.gstatic.com/s/kalam/v17/YA9dr0Wd4kDdMthXOCI.ttf"},{"family":"Kalnia","version":"v2","lastModified":"2024-09-04","category":"serif","kind":"webfonts#webfont","menu":"https://fonts.gstatic.com/s/kalnia/v2/11hqGpPCwUbbYwZZP0RBuDY62BQZhjvOytM_sLzi-TFWAW9illxQEtM.ttf"},{"family":"Kalnia Glaze","version":"v1","lastModified":"2024-09-04","category":"display","kind":"webfonts#webfont","menu":"https://fonts.gstatic.com/s/kalniaglaze/v1/wlpQgwHCBUNjrGrfu-hwowN1YyC-42Lu26VHf2LtOkAod0wTxm2tFYdL6knYI_w.ttf"},{"family":"Kameron","version":"v16","lastModified":"2024-09-04","category":"serif","kind":"webfonts#webfont","menu":"https://fonts.gstatic.com/s/kameron/v16/vm8pdR7vXErQxuznqrUS3z1Uw3nq4Ne3cYcat5c.ttf"},{"family":"Kanit","version":"v15","lastModified":"2024-09-04","category":"sans-serif","kind":"webfonts#webfont","menu":"https://fonts.gstatic.com/s/kanit/v15/nKKZ-Go6G5tXcraTGwU.ttf"},{"family":"Kantumruy Pro","version":"v9","lastModified":"2024-10-29","category":"sans-serif","kind":"webfonts#webfont","menu":"https://fonts.gstatic.com/s/kantumruypro/v9/1q2TY5aECkp34vEBSPFOmJxwvk_pilU8OGNfyg1urHs1OXo.ttf"},{"family":"Karantina","version":"v11","lastModified":"2024-09-04","category":"display","kind":"webfonts#webfont","menu":"https://fonts.gstatic.com/s/karantina/v11/buE0po24ccnh31GVMAB58Qo_.ttf"},{"family":"Karla","version":"v31","lastModified":"2024-09-04","category":"sans-serif","kind":"webfonts#webfont","menu":"https://fonts.gstatic.com/s/karla/v31/qkBIXvYC6trAT55ZBi1ueQVIjQTD-JqaFUlP.ttf"},{"family":"Karla Tamil Inclined","version":"v2","lastModified":"2024-10-29","category":"sans-serif","kind":"webfonts#webfont","menu":"https://fonts.gstatic.com/s/karlatamilinclined/v2/vm8pdQ3vXFXZ1aPd8dNzR82AFh2TibkaVocat5c.ttf"},{"family":"Karla Tamil Upright","version":"v2","lastModified":"2024-10-29","category":"sans-serif","kind":"webfonts#webfont","menu":"https://fonts.gstatic.com/s/karlatamilupright/v2/IFS4HfVMk95HnY0u6SeQ_cHoozW_3U5XkBN3gA.ttf"},{"family":"Karma","version":"v17","lastModified":"2024-10-29","category":"serif","kind":"webfonts#webfont","menu":"https://fonts.gstatic.com/s/karma/v17/va9I4kzAzMZRGLBuQeY.ttf"},{"family":"Katibeh","version":"v20","lastModified":"2024-10-29","category":"display","kind":"webfonts#webfont","menu":"https://fonts.gstatic.com/s/katibeh/v20/ZGjXol5MQJog4bxDWCxbUA.ttf"},{"family":"Kaushan Script","version":"v18","lastModified":"2024-09-04","category":"handwriting","kind":"webfonts#webfont","menu":"https://fonts.gstatic.com/s/kaushanscript/v18/vm8vdRfvXFLG3OLnsO15WYS5DG7-wNc.ttf"},{"family":"Kavivanar","version":"v20","lastModified":"2024-09-04","category":"handwriting","kind":"webfonts#webfont","menu":"https://fonts.gstatic.com/s/kavivanar/v20/o-0IIpQgyXYSwhxP7_Jr4zRF.ttf"},{"family":"Kavoon","version":"v23","lastModified":"2024-09-04","category":"display","kind":"webfonts#webfont","menu":"https://fonts.gstatic.com/s/kavoon/v23/pxiFyp4_scRYhlUINbD-.ttf"},{"family":"Kay Pho Du","version":"v2","lastModified":"2024-09-04","category":"serif","kind":"webfonts#webfont","menu":"https://fonts.gstatic.com/s/kayphodu/v2/jizfREFPvGNOx-jhPwHR0OitKA.ttf"},{"family":"Kdam Thmor Pro","version":"v5","lastModified":"2024-10-29","category":"sans-serif","kind":"webfonts#webfont","menu":"https://fonts.gstatic.com/s/kdamthmorpro/v5/EJRPQgAzVdcI-Qdvt34jzurnGD7-hcs.ttf"},{"family":"Keania One","version":"v24","lastModified":"2024-09-04","category":"display","kind":"webfonts#webfont","menu":"https://fonts.gstatic.com/s/keaniaone/v24/zOL54pXJk65E8pXardnu-cVkuw.ttf"},{"family":"Kelly Slab","version":"v17","lastModified":"2024-09-04","category":"display","kind":"webfonts#webfont","menu":"https://fonts.gstatic.com/s/kellyslab/v17/-W_7XJX0Rz3cxUnJC5t6fkILew.ttf"},{"family":"Kenia","version":"v28","lastModified":"2024-09-04","category":"display","kind":"webfonts#webfont","menu":"https://fonts.gstatic.com/s/kenia/v28/jizURE5PuHQH9pCPP0U.ttf"},{"family":"Khand","version":"v21","lastModified":"2024-11-20","category":"sans-serif","kind":"webfonts#webfont","menu":"https://fonts.gstatic.com/s/khand/v21/TwMA-IINQlQQ0bpUUnE.ttf"},{"family":"Khmer","version":"v34","lastModified":"2024-11-20","category":"sans-serif","kind":"webfonts#webfont","menu":"https://fonts.gstatic.com/s/khmer/v34/MjQImit_vPPwpG-Artk.ttf"},{"family":"Khula","version":"v16","lastModified":"2024-11-20","category":"sans-serif","kind":"webfonts#webfont","menu":"https://fonts.gstatic.com/s/khula/v16/OpNCnoEOns3V7GcIrgs.ttf"},{"family":"Kings","version":"v7","lastModified":"2024-09-04","category":"handwriting","kind":"webfonts#webfont","menu":"https://fonts.gstatic.com/s/kings/v7/8AtnGsK4O5CYXX_JoaU.ttf"},{"family":"Kirang Haerang","version":"v21","lastModified":"2024-08-12","category":"display","kind":"webfonts#webfont","menu":"https://fonts.gstatic.com/s/kiranghaerang/v21/E21-_dn_gvvIjhYON1lpIU4-bfquUvI.ttf"},{"family":"Kite One","version":"v22","lastModified":"2024-09-04","category":"sans-serif","kind":"webfonts#webfont","menu":"https://fonts.gstatic.com/s/kiteone/v22/70lQu7shLnA_E02vyp1a4n0.ttf"},{"family":"Kiwi Maru","version":"v19","lastModified":"2024-11-20","category":"serif","kind":"webfonts#webfont","menu":"https://fonts.gstatic.com/s/kiwimaru/v19/R70YjykGkuuDep-hRg6omQqU.ttf"},{"family":"Klee One","version":"v12","lastModified":"2024-11-20","category":"handwriting","kind":"webfonts#webfont","menu":"https://fonts.gstatic.com/s/kleeone/v12/LDIxapCLNRc6A8oT4p4BM-M.ttf"},{"family":"Knewave","version":"v14","lastModified":"2024-09-04","category":"display","kind":"webfonts#webfont","menu":"https://fonts.gstatic.com/s/knewave/v14/sykz-yx0lLcxQaSIhSu3_g.ttf"},{"family":"Kodchasan","version":"v17","lastModified":"2024-09-04","category":"sans-serif","kind":"webfonts#webfont","menu":"https://fonts.gstatic.com/s/kodchasan/v17/1cXxaUPOAJv9sG4I-DJWjnGA.ttf"},{"family":"Kode Mono","version":"v2","lastModified":"2024-09-04","category":"monospace","kind":"webfonts#webfont","menu":"https://fonts.gstatic.com/s/kodemono/v2/A2BLn5pb0QgtVEPFnlYkkaoBgw4qv9odq5myxDuZbA.ttf"},{"family":"Koh Santepheap","version":"v14","lastModified":"2024-11-20","category":"serif","kind":"webfonts#webfont","menu":"https://fonts.gstatic.com/s/kohsantepheap/v14/gNMdW3p6SJbwyGj2rBZyeOrTjNPgHVw.ttf"},{"family":"KoHo","version":"v16","lastModified":"2024-09-04","category":"sans-serif","kind":"webfonts#webfont","menu":"https://fonts.gstatic.com/s/koho/v16/K2F-fZ5fmddNNigUeA.ttf"},{"family":"Kolker Brush","version":"v6","lastModified":"2024-09-04","category":"handwriting","kind":"webfonts#webfont","menu":"https://fonts.gstatic.com/s/kolkerbrush/v6/iJWDBXWRZjfKWdvmzwvvog3O7ah-.ttf"},{"family":"Konkhmer Sleokchher","version":"v2","lastModified":"2024-09-04","category":"display","kind":"webfonts#webfont","menu":"https://fonts.gstatic.com/s/konkhmersleokchher/v2/_Xmw-GE-rjmabA_M-aPOZOsCrUv825LFE39-6A.ttf"},{"family":"Kosugi","version":"v15","lastModified":"2024-08-12","category":"sans-serif","kind":"webfonts#webfont","menu":"https://fonts.gstatic.com/s/kosugi/v15/pxiFyp4_v8FCjlIINbD-.ttf"},{"family":"Kosugi Maru","version":"v14","lastModified":"2024-08-12","category":"sans-serif","kind":"webfonts#webfont","menu":"https://fonts.gstatic.com/s/kosugimaru/v14/0nksC9PgP_wGh21A2KeqGhTrgP4.ttf"},{"family":"Kotta One","version":"v20","lastModified":"2024-09-04","category":"serif","kind":"webfonts#webfont","menu":"https://fonts.gstatic.com/s/kottaone/v20/S6u_w41LXzPc_jlfNWq_HQfo.ttf"},{"family":"Koulen","version":"v28","lastModified":"2024-08-12","category":"display","kind":"webfonts#webfont","menu":"https://fonts.gstatic.com/s/koulen/v28/AMOQz46as3KIBPemg3o5.ttf"},{"family":"Kranky","version":"v28","lastModified":"2024-09-04","category":"display","kind":"webfonts#webfont","menu":"https://fonts.gstatic.com/s/kranky/v28/hESw6XVgJzlPsFn8px2A.ttf"},{"family":"Kreon","version":"v37","lastModified":"2024-09-04","category":"serif","kind":"webfonts#webfont","menu":"https://fonts.gstatic.com/s/kreon/v37/t5t9IRIUKY-TFF_LW5lnMR3v2DnvYtiWez8b.ttf"},{"family":"Kristi","version":"v21","lastModified":"2024-09-04","category":"handwriting","kind":"webfonts#webfont","menu":"https://fonts.gstatic.com/s/kristi/v21/uK_y4ricdeU6zwdhCxcX.ttf"},{"family":"Krona One","version":"v14","lastModified":"2024-09-04","category":"sans-serif","kind":"webfonts#webfont","menu":"https://fonts.gstatic.com/s/kronaone/v14/jAnEgHdjHcjgfIb1ZcUyMIWl.ttf"},{"family":"Krub","version":"v9","lastModified":"2024-09-04","category":"sans-serif","kind":"webfonts#webfont","menu":"https://fonts.gstatic.com/s/krub/v9/sZlLdRyC6CRYbkcaCA.ttf"},{"family":"Kufam","version":"v21","lastModified":"2024-09-04","category":"sans-serif","kind":"webfonts#webfont","menu":"https://fonts.gstatic.com/s/kufam/v21/C8c-4cY7pG7w_oSJDszBXsKCcBH3lqkLqAqN.ttf"},{"family":"Kulim Park","version":"v14","lastModified":"2024-09-04","category":"sans-serif","kind":"webfonts#webfont","menu":"https://fonts.gstatic.com/s/kulimpark/v14/fdN79secq3hflz1Uu3IwhF8s4Q.ttf"},{"family":"Kumar One","version":"v24","lastModified":"2024-11-20","category":"display","kind":"webfonts#webfont","menu":"https://fonts.gstatic.com/s/kumarone/v24/bMr1mS-P958wYi6YaGe2NeSS.ttf"},{"family":"Kumar One Outline","version":"v17","lastModified":"2024-09-04","category":"display","kind":"webfonts#webfont","menu":"https://fonts.gstatic.com/s/kumaroneoutline/v17/Noao6VH62pyLP0fsrZ-v18wlUEcX9wDxTw8.ttf"},{"family":"Kumbh Sans","version":"v22","lastModified":"2024-09-04","category":"sans-serif","kind":"webfonts#webfont","menu":"https://fonts.gstatic.com/s/kumbhsans/v22/c4mP1n92AsfhuCq6tVsaoIx1LQICk0boNoq0SjlDfnzKo-bF3mdQkZYw8L7q.ttf"},{"family":"Kurale","version":"v12","lastModified":"2024-09-04","category":"serif","kind":"webfonts#webfont","menu":"https://fonts.gstatic.com/s/kurale/v12/4iCs6KV9e9dXjhoKeQ7z.ttf"},{"family":"La Belle Aurore","version":"v21","lastModified":"2024-11-20","category":"handwriting","kind":"webfonts#webfont","menu":"https://fonts.gstatic.com/s/labelleaurore/v21/RrQIbot8-mNYKnGNDkWlocovHeI4Gu2B.ttf"},{"family":"Labrada","version":"v2","lastModified":"2024-09-04","category":"serif","kind":"webfonts#webfont","menu":"https://fonts.gstatic.com/s/labrada/v2/ieVh2Y9HLWefIpOyF1Vi3ZqDss1Px9VTSzM5SvM.ttf"},{"family":"Lacquer","version":"v15","lastModified":"2024-09-04","category":"display","kind":"webfonts#webfont","menu":"https://fonts.gstatic.com/s/lacquer/v15/EYqzma1QwqpG4_BBN76KWg.ttf"},{"family":"Laila","version":"v18","lastModified":"2024-11-20","category":"sans-serif","kind":"webfonts#webfont","menu":"https://fonts.gstatic.com/s/laila/v18/LYjMdG_8nE8jDLRcgCM.ttf"},{"family":"Lakki Reddy","version":"v24","lastModified":"2024-11-20","category":"handwriting","kind":"webfonts#webfont","menu":"https://fonts.gstatic.com/s/lakkireddy/v24/S6u5w49MUSzD9jlCPmvLZTfpzd0.ttf"},{"family":"Lalezar","version":"v14","lastModified":"2024-09-04","category":"display","kind":"webfonts#webfont","menu":"https://fonts.gstatic.com/s/lalezar/v14/zrfl0HLVx-HwTP82YaH4Jg.ttf"},{"family":"Lancelot","version":"v26","lastModified":"2024-09-04","category":"display","kind":"webfonts#webfont","menu":"https://fonts.gstatic.com/s/lancelot/v26/J7acnppxBGtQEulG4KY5zps.ttf"},{"family":"Langar","version":"v27","lastModified":"2024-09-04","category":"display","kind":"webfonts#webfont","menu":"https://fonts.gstatic.com/s/langar/v27/kJEyBukW7AIlgjGlrD9d.ttf"},{"family":"Lateef","version":"v32","lastModified":"2024-12-04","category":"serif","kind":"webfonts#webfont","menu":"https://fonts.gstatic.com/s/lateef/v32/hESw6XVnNCxEvkb8px2A.ttf"},{"family":"Lato","version":"v24","lastModified":"2024-09-04","category":"sans-serif","kind":"webfonts#webfont","menu":"https://fonts.gstatic.com/s/lato/v24/S6uyw4BMUTPHjxgwWw.ttf"},{"family":"Lavishly Yours","version":"v5","lastModified":"2024-09-04","category":"handwriting","kind":"webfonts#webfont","menu":"https://fonts.gstatic.com/s/lavishlyyours/v5/jizDREVIvGwH5OjiZmX9r5z_WyUZ2zI.ttf"},{"family":"League Gothic","version":"v11","lastModified":"2024-09-04","category":"sans-serif","kind":"webfonts#webfont","menu":"https://fonts.gstatic.com/s/leaguegothic/v11/qFdR35CBi4tvBz81xy7WG7ep-BQAY7Krj7feObpH_9ang9A.ttf"},{"family":"League Script","version":"v28","lastModified":"2024-08-12","category":"handwriting","kind":"webfonts#webfont","menu":"https://fonts.gstatic.com/s/leaguescript/v28/CSR54zpSlumSWj9CGVsoBZdeWNJevA.ttf"},{"family":"League Spartan","version":"v11","lastModified":"2024-09-04","category":"sans-serif","kind":"webfonts#webfont","menu":"https://fonts.gstatic.com/s/leaguespartan/v11/kJEnBuEW6A0lliaV_m88ja5Twtx8BWhtkDVmjZvM_oTZBc1Y.ttf"},{"family":"Leckerli One","version":"v20","lastModified":"2024-09-04","category":"handwriting","kind":"webfonts#webfont","menu":"https://fonts.gstatic.com/s/leckerlione/v20/V8mCoQH8VCsNttEnxnGQ-1idLJZY.ttf"},{"family":"Ledger","version":"v16","lastModified":"2024-09-04","category":"serif","kind":"webfonts#webfont","menu":"https://fonts.gstatic.com/s/ledger/v16/j8_q6-HK1L3if_sBmsr0.ttf"},{"family":"Lekton","version":"v20","lastModified":"2024-09-04","category":"monospace","kind":"webfonts#webfont","menu":"https://fonts.gstatic.com/s/lekton/v20/SZc43FDmLaWmWpBuXh3s.ttf"},{"family":"Lemon","version":"v17","lastModified":"2024-09-04","category":"display","kind":"webfonts#webfont","menu":"https://fonts.gstatic.com/s/lemon/v17/HI_EiYEVKqRMq3jAQ5E.ttf"},{"family":"Lemonada","version":"v28","lastModified":"2024-09-04","category":"display","kind":"webfonts#webfont","menu":"https://fonts.gstatic.com/s/lemonada/v28/0QI-MXFD9oygTWy_R-FFlwV-bgfR7QJGeutGmP-Y.ttf"},{"family":"Lexend","version":"v23","lastModified":"2024-09-30","category":"sans-serif","kind":"webfonts#webfont","menu":"https://fonts.gstatic.com/s/lexend/v23/wlptgwvFAVdoq2_F94zlCfv0bz1WCzsWzLFnfw.ttf"},{"family":"Lexend Deca","version":"v21","lastModified":"2024-09-04","category":"sans-serif","kind":"webfonts#webfont","menu":"https://fonts.gstatic.com/s/lexenddeca/v21/K2FifZFYk-dHSE0UPPuwQ7CrD94i-NCKm-U48M1wrRnG.ttf"},{"family":"Lexend Exa","version":"v30","lastModified":"2024-09-04","category":"sans-serif","kind":"webfonts#webfont","menu":"https://fonts.gstatic.com/s/lexendexa/v30/UMBCrPdOoHOnxExyjdBeQCH18mulUxBvI9r7TpbGFps.ttf"},{"family":"Lexend Giga","version":"v25","lastModified":"2024-09-04","category":"sans-serif","kind":"webfonts#webfont","menu":"https://fonts.gstatic.com/s/lexendgiga/v25/PlIuFl67Mah5Y8yMHE7lkUZPlTBo4MWFfNRC2Li06sAs.ttf"},{"family":"Lexend Mega","version":"v25","lastModified":"2024-09-04","category":"sans-serif","kind":"webfonts#webfont","menu":"https://fonts.gstatic.com/s/lexendmega/v25/qFdX35aBi5JtHD41zSTFEuTByuvYFuE9IbDL8fmfvOam.ttf"},{"family":"Lexend Peta","version":"v27","lastModified":"2024-09-04","category":"sans-serif","kind":"webfonts#webfont","menu":"https://fonts.gstatic.com/s/lexendpeta/v27/BXR4vFPGjeLPh0kCfI4OkFX-UTQHSCaxvBgR6SBCWlwq.ttf"},{"family":"Lexend Tera","version":"v27","lastModified":"2024-09-04","category":"sans-serif","kind":"webfonts#webfont","menu":"https://fonts.gstatic.com/s/lexendtera/v27/RrQDbo98_jt_IXnBPwCWtYJLZ3P4hnaGKFiM5zMjd5bw.ttf"},{"family":"Lexend Zetta","version":"v28","lastModified":"2024-09-04","category":"sans-serif","kind":"webfonts#webfont","menu":"https://fonts.gstatic.com/s/lexendzetta/v28/ll8uK2KYXje7CdOFnEWcU8synQbuVYjYB3BCy9bG4z9pag.ttf"},{"family":"Libre Barcode 128","version":"v28","lastModified":"2024-08-12","category":"display","kind":"webfonts#webfont","menu":"https://fonts.gstatic.com/s/librebarcode128/v28/cIfnMbdUsUoiW3O_hVviCwVjuLtXeK_B9Ac.ttf"},{"family":"Libre Barcode 128 Text","version":"v28","lastModified":"2024-08-12","category":"display","kind":"webfonts#webfont","menu":"https://fonts.gstatic.com/s/librebarcode128text/v28/fdNv9tubt3ZEnz1Gu3I4-zppwZ9CWZ16Z0w5QVzS7A.ttf"},{"family":"Libre Barcode 39","version":"v21","lastModified":"2024-08-12","category":"display","kind":"webfonts#webfont","menu":"https://fonts.gstatic.com/s/librebarcode39/v21/-nFnOHM08vwC6h8Li1eQnP_AHzI2G_Zx1w.ttf"},{"family":"Libre Barcode 39 Extended","version":"v27","lastModified":"2024-08-12","category":"display","kind":"webfonts#webfont","menu":"https://fonts.gstatic.com/s/librebarcode39extended/v27/8At7Gt6_O5yNS0-K4Nf5U922qSzhJ3dUdfJpwNUgTNVIPQ.ttf"},{"family":"Libre Barcode 39 Extended Text","version":"v27","lastModified":"2024-08-12","category":"display","kind":"webfonts#webfont","menu":"https://fonts.gstatic.com/s/librebarcode39extendedtext/v27/eLG1P_rwIgOiDA7yrs9LoKaYRVLQ1YldrrOnnL7xPO4jNP6Mfbgm.ttf"},{"family":"Libre Barcode 39 Text","version":"v28","lastModified":"2024-08-12","category":"display","kind":"webfonts#webfont","menu":"https://fonts.gstatic.com/s/librebarcode39text/v28/sJoa3KhViNKANw_E3LwoDXvs5Un0HQ1vT-0H1B5P.ttf"},{"family":"Libre Barcode EAN13 Text","version":"v21","lastModified":"2024-08-12","category":"display","kind":"webfonts#webfont","menu":"https://fonts.gstatic.com/s/librebarcodeean13text/v21/wlpigxXFDU1_oCu9nfZytgIqSG0XRcJm_OQiB96_AWsg.ttf"},{"family":"Libre Baskerville","version":"v14","lastModified":"2024-09-04","category":"serif","kind":"webfonts#webfont","menu":"https://fonts.gstatic.com/s/librebaskerville/v14/kmKnZrc3Hgbbcjq75U4uslyuy4kn0qNfaxY.ttf"},{"family":"Libre Bodoni","version":"v5","lastModified":"2024-09-04","category":"serif","kind":"webfonts#webfont","menu":"https://fonts.gstatic.com/s/librebodoni/v5/_Xm--H45qDWDYULr5OfyZudXzSBgY2oMBGte6I1f8W3TdA.ttf"},{"family":"Libre Caslon Display","version":"v16","lastModified":"2024-09-04","category":"serif","kind":"webfonts#webfont","menu":"https://fonts.gstatic.com/s/librecaslondisplay/v16/TuGOUUFxWphYQ6YI6q9Xp61FQzxDRKmzr1lQfxw.ttf"},{"family":"Libre Caslon Text","version":"v5","lastModified":"2024-09-04","category":"serif","kind":"webfonts#webfont","menu":"https://fonts.gstatic.com/s/librecaslontext/v5/DdT878IGsGw1aF1JU10PUbTvNNaDMfq-1-c.ttf"},{"family":"Libre Franklin","version":"v18","lastModified":"2024-09-30","category":"sans-serif","kind":"webfonts#webfont","menu":"https://fonts.gstatic.com/s/librefranklin/v18/jizOREVItHgc8qDIbSTKq4XkRg8T88bjFuXOnduhLsWkBtDM.ttf"},{"family":"Licorice","version":"v6","lastModified":"2024-09-04","category":"handwriting","kind":"webfonts#webfont","menu":"https://fonts.gstatic.com/s/licorice/v6/t5tjIR8TMomTCAyjNn22jKY.ttf"},{"family":"Life Savers","version":"v21","lastModified":"2024-09-04","category":"display","kind":"webfonts#webfont","menu":"https://fonts.gstatic.com/s/lifesavers/v21/ZXuie1UftKKabUQMgxAal8lqHA4.ttf"},{"family":"Lilita One","version":"v15","lastModified":"2024-09-04","category":"display","kind":"webfonts#webfont","menu":"https://fonts.gstatic.com/s/lilitaone/v15/i7dPIFZ9Zz-WBtRtedDbYEd8QA.ttf"},{"family":"Lily Script One","version":"v15","lastModified":"2024-09-04","category":"display","kind":"webfonts#webfont","menu":"https://fonts.gstatic.com/s/lilyscriptone/v15/LhW9MV7ZMfIPdMxeBjBvFN8SXLSIg86n.ttf"},{"family":"Limelight","version":"v19","lastModified":"2024-09-04","category":"display","kind":"webfonts#webfont","menu":"https://fonts.gstatic.com/s/limelight/v19/XLYkIZL7aopJVbZJHDuoPOlC.ttf"},{"family":"Linden Hill","version":"v25","lastModified":"2024-11-20","category":"serif","kind":"webfonts#webfont","menu":"https://fonts.gstatic.com/s/lindenhill/v25/-F61fjxoKSg9Yc3hZgO8yjFJ5ig.ttf"},{"family":"Linefont","version":"v5","lastModified":"2024-08-12","category":"display","kind":"webfonts#webfont","menu":"https://fonts.gstatic.com/s/linefont/v5/dg4I_pzpoqcLKUIzVfFMh1TF2rkhli25jn7CKTTWSumsFuSnY4UMXu_nnQ.ttf"},{"family":"Lisu Bosa","version":"v2","lastModified":"2024-09-04","category":"serif","kind":"webfonts#webfont","menu":"https://fonts.gstatic.com/s/lisubosa/v2/3XFoErkv240fsdmJRJQflkHm.ttf"},{"family":"Literata","version":"v35","lastModified":"2024-09-04","category":"serif","kind":"webfonts#webfont","menu":"https://fonts.gstatic.com/s/literata/v35/or3PQ6P12-iJxAIgLa78DkrbXsDgk0oVDaDPYLanFLHpPf2TbBG_J_fWSQ.ttf"},{"family":"Liu Jian Mao Cao","version":"v23","lastModified":"2024-11-20","category":"handwriting","kind":"webfonts#webfont","menu":"https://fonts.gstatic.com/s/liujianmaocao/v23/845DNN84HJrccNonurqXILGpvCOoTevfLA.ttf"},{"family":"Livvic","version":"v14","lastModified":"2024-09-04","category":"sans-serif","kind":"webfonts#webfont","menu":"https://fonts.gstatic.com/s/livvic/v14/rnCp-x1S2hzjrlfXbuM-.ttf"},{"family":"Lobster","version":"v30","lastModified":"2024-09-04","category":"display","kind":"webfonts#webfont","menu":"https://fonts.gstatic.com/s/lobster/v30/neILzCirqoswsqX9zoSmNg.ttf"},{"family":"Lobster Two","version":"v20","lastModified":"2024-09-04","category":"display","kind":"webfonts#webfont","menu":"https://fonts.gstatic.com/s/lobstertwo/v20/BngMUXZGTXPUvIoyV6yN5-fL5qA.ttf"},{"family":"Londrina Outline","version":"v27","lastModified":"2024-09-04","category":"display","kind":"webfonts#webfont","menu":"https://fonts.gstatic.com/s/londrinaoutline/v27/C8c44dM8vmb14dfsZxhetg3pDH-STus7qQ.ttf"},{"family":"Londrina Shadow","version":"v26","lastModified":"2024-09-04","category":"display","kind":"webfonts#webfont","menu":"https://fonts.gstatic.com/s/londrinashadow/v26/oPWX_kB4kOQoWNJmjxLV5JuoCUlnR1yW.ttf"},{"family":"Londrina Sketch","version":"v25","lastModified":"2024-09-04","category":"display","kind":"webfonts#webfont","menu":"https://fonts.gstatic.com/s/londrinasketch/v25/c4m41npxGMTnomOHtRU68eIJn8qvWGP9.ttf"},{"family":"Londrina Solid","version":"v17","lastModified":"2024-09-04","category":"display","kind":"webfonts#webfont","menu":"https://fonts.gstatic.com/s/londrinasolid/v17/flUhRq6sw40kQEJxWNgkLuudGfNYKBY.ttf"},{"family":"Long Cang","version":"v17","lastModified":"2024-08-12","category":"handwriting","kind":"webfonts#webfont","menu":"https://fonts.gstatic.com/s/longcang/v17/LYjAdGP8kkgoTec8zkRQrHov.ttf"},{"family":"Lora","version":"v35","lastModified":"2024-09-04","category":"serif","kind":"webfonts#webfont","menu":"https://fonts.gstatic.com/s/lora/v35/0QI6MX1D_JOuGQbT0gvTJPa787weuxJHkqg.ttf"},{"family":"Love Light","version":"v6","lastModified":"2024-09-04","category":"handwriting","kind":"webfonts#webfont","menu":"https://fonts.gstatic.com/s/lovelight/v6/t5tlIR0TNJyZWimpNAXDvKfIzQ.ttf"},{"family":"Love Ya Like A Sister","version":"v22","lastModified":"2024-09-04","category":"display","kind":"webfonts#webfont","menu":"https://fonts.gstatic.com/s/loveyalikeasister/v22/R70EjzUBlOqPeouhFDfR80-0FhOqJubN-BeL83xY.ttf"},{"family":"Loved by the King","version":"v22","lastModified":"2024-11-20","category":"handwriting","kind":"webfonts#webfont","menu":"https://fonts.gstatic.com/s/lovedbytheking/v22/Gw6gwdP76VDVJNXerebZxUMeRXUF2MiMn3U.ttf"},{"family":"Lovers Quarrel","version":"v23","lastModified":"2024-09-04","category":"handwriting","kind":"webfonts#webfont","menu":"https://fonts.gstatic.com/s/loversquarrel/v23/Yq6N-LSKXTL-5bCy8ksBzpQ_-wAtab4.ttf"},{"family":"Luckiest Guy","version":"v23","lastModified":"2024-11-20","category":"display","kind":"webfonts#webfont","menu":"https://fonts.gstatic.com/s/luckiestguy/v23/_gP_1RrxsjcxVyin9l9n_j2hS95z.ttf"},{"family":"Lugrasimo","version":"v4","lastModified":"2024-09-04","category":"handwriting","kind":"webfonts#webfont","menu":"https://fonts.gstatic.com/s/lugrasimo/v4/qkBXXvoF_s_eT9c7Y7au5Z5P.ttf"},{"family":"Lumanosimo","version":"v4","lastModified":"2024-09-04","category":"handwriting","kind":"webfonts#webfont","menu":"https://fonts.gstatic.com/s/lumanosimo/v4/K2F0fZBYg_JDSEZHEfO8MouABw.ttf"},{"family":"Lunasima","version":"v1","lastModified":"2024-09-04","category":"sans-serif","kind":"webfonts#webfont","menu":"https://fonts.gstatic.com/s/lunasima/v1/wEO-EBvPh9RSOj7JFDwkcdo.ttf"},{"family":"Lusitana","version":"v13","lastModified":"2024-09-04","category":"serif","kind":"webfonts#webfont","menu":"https://fonts.gstatic.com/s/lusitana/v13/CSR84z9ShvucWzsMKyhbTOc.ttf"},{"family":"Lustria","version":"v13","lastModified":"2024-09-04","category":"serif","kind":"webfonts#webfont","menu":"https://fonts.gstatic.com/s/lustria/v13/9oRONYodvDEyjuhOnCkzNg.ttf"},{"family":"Luxurious Roman","version":"v8","lastModified":"2024-09-04","category":"display","kind":"webfonts#webfont","menu":"https://fonts.gstatic.com/s/luxuriousroman/v8/buEupou_ZcP1w0yTKxJJokVSmbpaYw0g.ttf"},{"family":"Luxurious Script","version":"v7","lastModified":"2024-09-04","category":"handwriting","kind":"webfonts#webfont","menu":"https://fonts.gstatic.com/s/luxuriousscript/v7/ahcCv9e7yydulT32KZ0rBIoD7DzMs0vEaw.ttf"},{"family":"LXGW WenKai Mono TC","version":"v5","lastModified":"2024-09-04","category":"monospace","kind":"webfonts#webfont","menu":"https://fonts.gstatic.com/s/lxgwwenkaimonotc/v5/pxiYyos4iPVgyWx9WtufHnsIf5nkaB0Hum-Ipg.ttf"},{"family":"LXGW WenKai TC","version":"v5","lastModified":"2024-09-04","category":"handwriting","kind":"webfonts#webfont","menu":"https://fonts.gstatic.com/s/lxgwwenkaitc/v5/w8gDH20td8wNsI3f40DmtXZb4_uLJ9k.ttf"},{"family":"M PLUS 1","version":"v12","lastModified":"2024-11-07","category":"sans-serif","kind":"webfonts#webfont","menu":"https://fonts.gstatic.com/s/mplus1/v12/R70EjygA28ymD4HgBUGzkN5Eyoj-WpW5VSaL83xY.ttf"},{"family":"M PLUS 1 Code","version":"v14","lastModified":"2024-11-07","category":"monospace","kind":"webfonts#webfont","menu":"https://fonts.gstatic.com/s/mplus1code/v14/ypvMbXOOx2xFpzmYJS3N2_J2hBN6RZ5oIp8m_7iN0EHoYJg.ttf"},{"family":"M PLUS 1p","version":"v31","lastModified":"2024-11-07","category":"sans-serif","kind":"webfonts#webfont","menu":"https://fonts.gstatic.com/s/mplus1p/v31/e3tjeuShHdiFyPFzBRrY-TQA.ttf"},{"family":"M PLUS 2","version":"v12","lastModified":"2024-11-07","category":"sans-serif","kind":"webfonts#webfont","menu":"https://fonts.gstatic.com/s/mplus2/v12/7Auhp_Eq3gO_OGbGGhjdwrDdpeIBxlkwOa6lx1CD.ttf"},{"family":"M PLUS Code Latin","version":"v13","lastModified":"2024-09-04","category":"sans-serif","kind":"webfonts#webfont","menu":"https://fonts.gstatic.com/s/mpluscodelatin/v13/hv-ylyV-aXg7x7tULiNXXBA0Np4WMS8fDIymHY8fy8wn4_ifLAtrObKDO0Xf1EbA2i9GrA.ttf"},{"family":"M PLUS Rounded 1c","version":"v16","lastModified":"2024-09-04","category":"sans-serif","kind":"webfonts#webfont","menu":"https://fonts.gstatic.com/s/mplusrounded1c/v16/VdGEAYIAV6gnpUpoWwNkYvrugw9RuMWHxLs.ttf"},{"family":"Ma Shan Zheng","version":"v10","lastModified":"2024-08-12","category":"handwriting","kind":"webfonts#webfont","menu":"https://fonts.gstatic.com/s/mashanzheng/v10/NaPecZTRCLxvwo41b4gvzkXadMXmCA.ttf"},{"family":"Macondo","version":"v25","lastModified":"2024-09-04","category":"display","kind":"webfonts#webfont","menu":"https://fonts.gstatic.com/s/macondo/v25/RrQQboN9-iB1IXmOe2TE1A.ttf"},{"family":"Macondo Swash Caps","version":"v24","lastModified":"2024-09-04","category":"display","kind":"webfonts#webfont","menu":"https://fonts.gstatic.com/s/macondoswashcaps/v24/6NUL8EaAJgGKZA7lpt941Z9s6ZYgDq6-e0Ae.ttf"},{"family":"Mada","version":"v19","lastModified":"2024-09-04","category":"sans-serif","kind":"webfonts#webfont","menu":"https://fonts.gstatic.com/s/mada/v19/7Aulp_0qnzeSVz7u3PJLcUMYOFnOkEkx0e0.ttf"},{"family":"Madimi One","version":"v1","lastModified":"2024-09-04","category":"sans-serif","kind":"webfonts#webfont","menu":"https://fonts.gstatic.com/s/madimione/v1/2V0YKIEADpA8U6RygDnZVFUiAg.ttf"},{"family":"Magra","version":"v14","lastModified":"2024-09-04","category":"sans-serif","kind":"webfonts#webfont","menu":"https://fonts.gstatic.com/s/magra/v14/uK_94ruaZus72n5wKjc.ttf"},{"family":"Maiden Orange","version":"v30","lastModified":"2024-11-20","category":"serif","kind":"webfonts#webfont","menu":"https://fonts.gstatic.com/s/maidenorange/v30/kJE1BuIX7AUmhi2V4m08kb1XvOdXDQ.ttf"},{"family":"Maitree","version":"v10","lastModified":"2024-09-04","category":"serif","kind":"webfonts#webfont","menu":"https://fonts.gstatic.com/s/maitree/v10/MjQGmil5tffhpBrkntiseA.ttf"},{"family":"Major Mono Display","version":"v16","lastModified":"2024-09-04","category":"monospace","kind":"webfonts#webfont","menu":"https://fonts.gstatic.com/s/majormonodisplay/v16/RWmVoLyb5fEqtsfBX9PDZIGr2tFubRh7C3eU.ttf"},{"family":"Mako","version":"v19","lastModified":"2024-09-04","category":"sans-serif","kind":"webfonts#webfont","menu":"https://fonts.gstatic.com/s/mako/v19/H4coBX6Mmc_Z4SX-8g.ttf"},{"family":"Mali","version":"v10","lastModified":"2024-09-04","category":"handwriting","kind":"webfonts#webfont","menu":"https://fonts.gstatic.com/s/mali/v10/N0ba2SRONuN4SCvECg.ttf"},{"family":"Mallanna","version":"v14","lastModified":"2024-08-12","category":"sans-serif","kind":"webfonts#webfont","menu":"https://fonts.gstatic.com/s/mallanna/v14/hv-Vlzx-KEQb84YaDFwyGTA.ttf"},{"family":"Maname","version":"v1","lastModified":"2024-09-04","category":"serif","kind":"webfonts#webfont","menu":"https://fonts.gstatic.com/s/maname/v1/gNMFW3J8RpCx9myI2VMC.ttf"},{"family":"Mandali","version":"v15","lastModified":"2024-08-12","category":"sans-serif","kind":"webfonts#webfont","menu":"https://fonts.gstatic.com/s/mandali/v15/LhWlMVbYOfASNfNUZFg_YA.ttf"},{"family":"Manjari","version":"v12","lastModified":"2024-09-04","category":"sans-serif","kind":"webfonts#webfont","menu":"https://fonts.gstatic.com/s/manjari/v12/k3kQo8UPMOBO2w1Ufd_oKw.ttf"},{"family":"Manrope","version":"v15","lastModified":"2024-08-12","category":"sans-serif","kind":"webfonts#webfont","menu":"https://fonts.gstatic.com/s/manrope/v15/xn7_YHE41ni1AdIRqAuZuw1Bx9mbZk79FN_E-bw.ttf"},{"family":"Mansalva","version":"v14","lastModified":"2024-09-04","category":"handwriting","kind":"webfonts#webfont","menu":"https://fonts.gstatic.com/s/mansalva/v14/aWB4m0aacbtDfvq5NKlkKYo.ttf"},{"family":"Manuale","version":"v28","lastModified":"2024-09-04","category":"serif","kind":"webfonts#webfont","menu":"https://fonts.gstatic.com/s/manuale/v28/f0Xp0eas_8Z-TFZdHv3mMxFaSqASeeHke4wC3zQ.ttf"},{"family":"Marcellus","version":"v13","lastModified":"2024-09-04","category":"serif","kind":"webfonts#webfont","menu":"https://fonts.gstatic.com/s/marcellus/v13/wEO_EBrOk8hQLDvIAF81UPoP.ttf"},{"family":"Marcellus SC","version":"v13","lastModified":"2024-09-04","category":"serif","kind":"webfonts#webfont","menu":"https://fonts.gstatic.com/s/marcellussc/v13/ke8iOgUHP1dg-Rmi6RWjbLE_gNaZ.ttf"},{"family":"Marck Script","version":"v20","lastModified":"2024-09-04","category":"handwriting","kind":"webfonts#webfont","menu":"https://fonts.gstatic.com/s/marckscript/v20/nwpTtK2oNgBA3Or78gapdwuyzig6.ttf"},{"family":"Margarine","version":"v25","lastModified":"2024-09-04","category":"display","kind":"webfonts#webfont","menu":"https://fonts.gstatic.com/s/margarine/v25/qkBXXvoE6trLT9Y7YLyu5Z5P.ttf"},{"family":"Marhey","version":"v6","lastModified":"2024-09-04","category":"display","kind":"webfonts#webfont","menu":"https://fonts.gstatic.com/s/marhey/v6/x3d8ck7Laq-T7wl7mqfVrEe9sDvtBctwC2YdjA.ttf"},{"family":"Markazi Text","version":"v23","lastModified":"2024-09-04","category":"serif","kind":"webfonts#webfont","menu":"https://fonts.gstatic.com/s/markazitext/v23/sykh-ydym6AtQaiEtX7yhqb_rV1k_81ZVYYZtfSQf4IvAQ.ttf"},{"family":"Marko One","version":"v23","lastModified":"2024-09-04","category":"serif","kind":"webfonts#webfont","menu":"https://fonts.gstatic.com/s/markoone/v23/9Btq3DFG0cnVM5lw1haqK58b.ttf"},{"family":"Marmelad","version":"v18","lastModified":"2024-09-04","category":"sans-serif","kind":"webfonts#webfont","menu":"https://fonts.gstatic.com/s/marmelad/v18/Qw3eZQdSHj_jK2e-8uFKEeI.ttf"},{"family":"Martel","version":"v11","lastModified":"2024-09-04","category":"serif","kind":"webfonts#webfont","menu":"https://fonts.gstatic.com/s/martel/v11/PN_xRfK9oXHga0XdYMg6.ttf"},{"family":"Martel Sans","version":"v13","lastModified":"2024-09-04","category":"sans-serif","kind":"webfonts#webfont","menu":"https://fonts.gstatic.com/s/martelsans/v13/h0GsssGi7VdzDgKjM-4d8hjex-s.ttf"},{"family":"Martian Mono","version":"v3","lastModified":"2024-09-04","category":"monospace","kind":"webfonts#webfont","menu":"https://fonts.gstatic.com/s/martianmono/v3/2V08KIcADoYhV6w87xrTKjs4CYElh_VS9YA4TlTnQzaVMIE6j15dYY1qu_6XBbo.ttf"},{"family":"Marvel","version":"v16","lastModified":"2024-09-04","category":"sans-serif","kind":"webfonts#webfont","menu":"https://fonts.gstatic.com/s/marvel/v16/nwpVtKeoNgBV0qa4kFTA.ttf"},{"family":"Mate","version":"v17","lastModified":"2024-09-04","category":"serif","kind":"webfonts#webfont","menu":"https://fonts.gstatic.com/s/mate/v17/m8JdjftRd7WZ6zy2Xg.ttf"},{"family":"Mate SC","version":"v22","lastModified":"2024-09-04","category":"serif","kind":"webfonts#webfont","menu":"https://fonts.gstatic.com/s/matesc/v22/-nF8OGQ1-uoVr2wK-iTT8w.ttf"},{"family":"Matemasie","version":"v3","lastModified":"2024-11-07","category":"sans-serif","kind":"webfonts#webfont","menu":"https://fonts.gstatic.com/s/matemasie/v3/OD5BuMCN3ne3Gmr7dlLHrUC8.ttf"},{"family":"Material Icons","version":"v142","lastModified":"2024-08-12","category":"monospace","kind":"webfonts#webfont","menu":"https://fonts.gstatic.com/s/materialicons/v142/flUhRq6tzZclQEJ-Vdg-IuiaDvNYKBY.ttf"},{"family":"Material Icons Outlined","version":"v109","lastModified":"2024-08-12","category":"monospace","kind":"webfonts#webfont","menu":"https://fonts.gstatic.com/s/materialiconsoutlined/v109/gok-H7zzDkdnRel8-DQ6KAXJ69wP1tGnf4ZGhXcanZM.otf"},{"family":"Material Icons Round","version":"v108","lastModified":"2024-08-12","category":"monospace","kind":"webfonts#webfont","menu":"https://fonts.gstatic.com/s/materialiconsround/v108/LDItaoyNOAY6Uewc665JcIzCKsKc_M9flzmLofU.otf"},{"family":"Material Icons Sharp","version":"v109","lastModified":"2024-08-12","category":"monospace","kind":"webfonts#webfont","menu":"https://fonts.gstatic.com/s/materialiconssharp/v109/oPWQ_lt5nv4pWNJpghLP75WiFR4kLh3kvlvVKGM.otf"},{"family":"Material Icons Two Tone","version":"v112","lastModified":"2024-08-12","category":"monospace","kind":"webfonts#webfont","menu":"https://fonts.gstatic.com/s/materialiconstwotone/v112/hESh6WRmNCxEqUmNyh3JDeGxjVVyMg4tHGctNBuwPDI.otf"},{"family":"Material Symbols Outlined","version":"v222","lastModified":"2024-12-04","category":"monospace","kind":"webfonts#webfont","menu":"https://fonts.gstatic.com/s/materialsymbolsoutlined/v222/kJF1BvYX7BgnkSrUwT8OhrdQw4oELdPIeeII9v6oDMzByHX9rA6RzaxHMPdY43zj-jCxv3fzvRNU22ZXGJpEpjC_1v-p_4MrImHCIJIZrDCvHNenZ9o.ttf"},{"family":"Material Symbols Rounded","version":"v222","lastModified":"2024-12-04","category":"monospace","kind":"webfonts#webfont","menu":"https://fonts.gstatic.com/s/materialsymbolsrounded/v222/syl0-zNym6YjUruM-QrEh7-nyTnjDwKNJ_190FjpZIvDmUSVOK7BDB_Qb9vUSzq3wzLK-P0J-V_Zs-QtQth3-jOcbTCVpeRL2w5rwZu2rIelbxODLA.ttf"},{"family":"Material Symbols Sharp","version":"v218","lastModified":"2024-12-04","category":"monospace","kind":"webfonts#webfont","menu":"https://fonts.gstatic.com/s/materialsymbolssharp/v218/gNNBW2J8Roq16WD5tFNRaeLQk6-SHQ_R00k4c2_whPnoY9ruReaU4bHmz74m0ZkGH-VBYe1x0TV6x4yFH8F-H5OdzEL3sVTgJtfbYxOLogCPLVU.ttf"},{"family":"Maven Pro","version":"v36","lastModified":"2024-09-04","category":"sans-serif","kind":"webfonts#webfont","menu":"https://fonts.gstatic.com/s/mavenpro/v36/7Auup_AqnyWWAxW2Wk3swUz56MS91Eww8SX21nGjpw.ttf"},{"family":"McLaren","version":"v17","lastModified":"2024-09-04","category":"display","kind":"webfonts#webfont","menu":"https://fonts.gstatic.com/s/mclaren/v17/2EbnL-ZuAXFqZFXIeYcV9w.ttf"},{"family":"Mea Culpa","version":"v6","lastModified":"2024-09-04","category":"handwriting","kind":"webfonts#webfont","menu":"https://fonts.gstatic.com/s/meaculpa/v6/AMOTz4GcuWbEIuza8jspm8cU.ttf"},{"family":"Meddon","version":"v25","lastModified":"2024-11-20","category":"handwriting","kind":"webfonts#webfont","menu":"https://fonts.gstatic.com/s/meddon/v25/kmK8ZqA2EgDNeHTphR1F.ttf"},{"family":"MedievalSharp","version":"v26","lastModified":"2024-09-04","category":"display","kind":"webfonts#webfont","menu":"https://fonts.gstatic.com/s/medievalsharp/v26/EvOJzAlL3oU5AQl2mP5KdgptMq5wNw.ttf"},{"family":"Medula One","version":"v19","lastModified":"2024-09-04","category":"display","kind":"webfonts#webfont","menu":"https://fonts.gstatic.com/s/medulaone/v19/YA9Wr0qb5kjJM6l2V0yuoiAgtw.ttf"},{"family":"Meera Inimai","version":"v12","lastModified":"2024-09-04","category":"sans-serif","kind":"webfonts#webfont","menu":"https://fonts.gstatic.com/s/meerainimai/v12/845fNMM5EIqOW5MPuvO3ILeZ_mLH.ttf"},{"family":"Megrim","version":"v17","lastModified":"2024-11-20","category":"display","kind":"webfonts#webfont","menu":"https://fonts.gstatic.com/s/megrim/v17/46kulbz5WjvLqJZVbG_k.ttf"},{"family":"Meie Script","version":"v21","lastModified":"2024-09-04","category":"handwriting","kind":"webfonts#webfont","menu":"https://fonts.gstatic.com/s/meiescript/v21/_LOImzDK7erRjhunIspaMgxm7oE.ttf"},{"family":"Meow Script","version":"v5","lastModified":"2024-09-04","category":"handwriting","kind":"webfonts#webfont","menu":"https://fonts.gstatic.com/s/meowscript/v5/0FlQVPqanlaJrtr8AnJ0ERcg2fk.ttf"},{"family":"Merienda","version":"v19","lastModified":"2024-09-04","category":"handwriting","kind":"webfonts#webfont","menu":"https://fonts.gstatic.com/s/merienda/v19/gNMaW3x8Qoy5_mf8uUkJGHtiYXjmKFy5enhYSET4.ttf"},{"family":"Merriweather","version":"v30","lastModified":"2024-09-04","category":"serif","kind":"webfonts#webfont","menu":"https://fonts.gstatic.com/s/merriweather/v30/u-440qyriQwlOrhSvowK_l5-eiZJ.ttf"},{"family":"Merriweather Sans","version":"v26","lastModified":"2024-09-04","category":"sans-serif","kind":"webfonts#webfont","menu":"https://fonts.gstatic.com/s/merriweathersans/v26/2-cO9IRs1JiJN1FRAMjTN5zd9vgsFF_5asQTb6hZ2JKZou4Vj-sC.ttf"},{"family":"Metal","version":"v30","lastModified":"2024-08-12","category":"display","kind":"webfonts#webfont","menu":"https://fonts.gstatic.com/s/metal/v30/lW-wwjUJIXTo7h3mlIA.ttf"},{"family":"Metal Mania","version":"v22","lastModified":"2024-09-04","category":"display","kind":"webfonts#webfont","menu":"https://fonts.gstatic.com/s/metalmania/v22/RWmMoKWb4e8kqMfBUdPFJdXDiaE.ttf"},{"family":"Metamorphous","version":"v20","lastModified":"2024-09-04","category":"display","kind":"webfonts#webfont","menu":"https://fonts.gstatic.com/s/metamorphous/v20/Wnz8HA03aAXcC39ZEX5y133EPSqp.ttf"},{"family":"Metrophobic","version":"v23","lastModified":"2024-09-04","category":"sans-serif","kind":"webfonts#webfont","menu":"https://fonts.gstatic.com/s/metrophobic/v23/sJoA3LZUhMSAPV_u0qwiAQ-I5Xo.ttf"},{"family":"Michroma","version":"v19","lastModified":"2024-09-04","category":"sans-serif","kind":"webfonts#webfont","menu":"https://fonts.gstatic.com/s/michroma/v19/PN_zRfy9qWD8fEagAPg7pTw.ttf"},{"family":"Micro 5","version":"v1","lastModified":"2024-09-04","category":"display","kind":"webfonts#webfont","menu":"https://fonts.gstatic.com/s/micro5/v1/H4cnBX2MkcfEngTr4gca6A.ttf"},{"family":"Micro 5 Charted","version":"v1","lastModified":"2024-09-04","category":"display","kind":"webfonts#webfont","menu":"https://fonts.gstatic.com/s/micro5charted/v1/hESp6XxmPDtTtADZhn7oD_yrmxE2REEN.ttf"},{"family":"Milonga","version":"v22","lastModified":"2024-09-04","category":"display","kind":"webfonts#webfont","menu":"https://fonts.gstatic.com/s/milonga/v22/SZc53FHnIaK9W5kfTzzMlQ.ttf"},{"family":"Miltonian","version":"v30","lastModified":"2024-09-04","category":"display","kind":"webfonts#webfont","menu":"https://fonts.gstatic.com/s/miltonian/v30/zOL-4pbPn6Ne9JqTg9mb6ORE.ttf"},{"family":"Miltonian Tattoo","version":"v32","lastModified":"2024-09-04","category":"display","kind":"webfonts#webfont","menu":"https://fonts.gstatic.com/s/miltoniantattoo/v32/EvOUzBRL0o0kCxF-lcMCQxlpVsA_JwL2NA.ttf"},{"family":"Mina","version":"v11","lastModified":"2024-09-04","category":"sans-serif","kind":"webfonts#webfont","menu":"https://fonts.gstatic.com/s/mina/v11/-nFzOGc18vARnz5p6g.ttf"},{"family":"Mingzat","version":"v8","lastModified":"2023-09-13","category":"sans-serif","kind":"webfonts#webfont","menu":"https://fonts.gstatic.com/s/mingzat/v8/0QIgMX5C-o-oWWyvNtpunw.ttf"},{"family":"Miniver","version":"v25","lastModified":"2024-09-04","category":"display","kind":"webfonts#webfont","menu":"https://fonts.gstatic.com/s/miniver/v25/eLGcP-PxIg-5H0vC37wIzw.ttf"},{"family":"Miriam Libre","version":"v16","lastModified":"2024-10-29","category":"sans-serif","kind":"webfonts#webfont","menu":"https://fonts.gstatic.com/s/miriamlibre/v16/DdT0798HsHwubBAqfkcBTL_1a7sPlXcE8PJjH9P3o9rMKw.ttf"},{"family":"Mirza","version":"v17","lastModified":"2024-09-04","category":"serif","kind":"webfonts#webfont","menu":"https://fonts.gstatic.com/s/mirza/v17/co3ImWlikiN5EtrcIsM.ttf"},{"family":"Miss Fajardose","version":"v22","lastModified":"2024-09-04","category":"handwriting","kind":"webfonts#webfont","menu":"https://fonts.gstatic.com/s/missfajardose/v22/E21-_dn5gvrawDdPFVl-N0Ajb_quUvI.ttf"},{"family":"Mitr","version":"v11","lastModified":"2024-09-04","category":"sans-serif","kind":"webfonts#webfont","menu":"https://fonts.gstatic.com/s/mitr/v11/pxiLypw5ucZF-To4NA.ttf"},{"family":"Mochiy Pop One","version":"v10","lastModified":"2024-09-04","category":"sans-serif","kind":"webfonts#webfont","menu":"https://fonts.gstatic.com/s/mochiypopone/v10/QdVPSTA9Jh-gg-5XZP2UmU4O9nwxBX8.ttf"},{"family":"Mochiy Pop P One","version":"v10","lastModified":"2024-09-04","category":"sans-serif","kind":"webfonts#webfont","menu":"https://fonts.gstatic.com/s/mochiypoppone/v10/Ktk2AKuPeY_td1-h9LayHYWCjAqyB4K9XQ.ttf"},{"family":"Modak","version":"v18","lastModified":"2024-09-04","category":"display","kind":"webfonts#webfont","menu":"https://fonts.gstatic.com/s/modak/v18/EJRYQgs1XtIEskMG-hE.ttf"},{"family":"Modern Antiqua","version":"v24","lastModified":"2024-09-04","category":"display","kind":"webfonts#webfont","menu":"https://fonts.gstatic.com/s/modernantiqua/v24/NGStv5TIAUg6Iq_RLNo_2dp1sL1FYW8.ttf"},{"family":"Moderustic","version":"v1","lastModified":"2024-09-04","category":"sans-serif","kind":"webfonts#webfont","menu":"https://fonts.gstatic.com/s/moderustic/v1/2-c39J9s3o6eLFNHFdXYaOX1UUnf3GLnYjALsQNf7ZI.ttf"},{"family":"Mogra","version":"v19","lastModified":"2024-09-04","category":"display","kind":"webfonts#webfont","menu":"https://fonts.gstatic.com/s/mogra/v19/f0X40eSs8c95TCo5BPY.ttf"},{"family":"Mohave","version":"v9","lastModified":"2024-09-04","category":"sans-serif","kind":"webfonts#webfont","menu":"https://fonts.gstatic.com/s/mohave/v9/7cH0v4ksjJunKqMVAOPIMOeSmiojdnn_LvGapg.ttf"},{"family":"Moirai One","version":"v1","lastModified":"2024-08-12","category":"display","kind":"webfonts#webfont","menu":"https://fonts.gstatic.com/s/moiraione/v1/2sDbZGFUgJLJmby6xgNGf0ScAw.ttf"},{"family":"Molengo","version":"v16","lastModified":"2024-09-04","category":"sans-serif","kind":"webfonts#webfont","menu":"https://fonts.gstatic.com/s/molengo/v16/I_uuMpWeuBzZNBtQXbValg.ttf"},{"family":"Molle","version":"v23","lastModified":"2024-09-04","category":"handwriting","kind":"webfonts#webfont","menu":"https://fonts.gstatic.com/s/molle/v23/E21n_dL5hOXFhWEsbzksUw.ttf"},{"family":"Mona Sans","version":"v3","lastModified":"2024-12-04","category":"sans-serif","kind":"webfonts#webfont","menu":"https://fonts.gstatic.com/s/monasans/v3/o-0mIpQmx24alC5A4PNB6Ryti20_6n1iPHjcz6L1SoM-jCpoiyD9A-9c6Vc.ttf"},{"family":"Monda","version":"v17","lastModified":"2024-09-04","category":"sans-serif","kind":"webfonts#webfont","menu":"https://fonts.gstatic.com/s/monda/v17/TK3-WkYFABsmjuBtFuvTIFRAPpWsH3o8oGFC.ttf"},{"family":"Monofett","version":"v23","lastModified":"2024-09-04","category":"monospace","kind":"webfonts#webfont","menu":"https://fonts.gstatic.com/s/monofett/v23/mFTyWbofw6zc9NtnW73Tsxg.ttf"},{"family":"Monomaniac One","version":"v12","lastModified":"2024-08-07","category":"sans-serif","kind":"webfonts#webfont","menu":"https://fonts.gstatic.com/s/monomaniacone/v12/4iC06K17YctZjx50EU-QlwPmcpRmo40.ttf"},{"family":"Monoton","version":"v20","lastModified":"2024-11-20","category":"display","kind":"webfonts#webfont","menu":"https://fonts.gstatic.com/s/monoton/v20/5h1aiZUrOngCibe4TkfLRw.ttf"},{"family":"Monsieur La Doulaise","version":"v18","lastModified":"2024-09-04","category":"handwriting","kind":"webfonts#webfont","menu":"https://fonts.gstatic.com/s/monsieurladoulaise/v18/_Xmz-GY4rjmCbQfc-aPRaa4pqV340p7EZm5fyEU.ttf"},{"family":"Montaga","version":"v13","lastModified":"2024-09-04","category":"serif","kind":"webfonts#webfont","menu":"https://fonts.gstatic.com/s/montaga/v13/H4cnBX2Ml8rCkEO_4gca6A.ttf"},{"family":"Montagu Slab","version":"v12","lastModified":"2024-09-04","category":"serif","kind":"webfonts#webfont","menu":"https://fonts.gstatic.com/s/montaguslab/v12/6qLhKZIQtB_zv0xUaXRDWkY_HXsphdLRZF40vm_jzR2jhk_n3T6ACkDbEkP8HMo.ttf"},{"family":"MonteCarlo","version":"v11","lastModified":"2024-09-04","category":"handwriting","kind":"webfonts#webfont","menu":"https://fonts.gstatic.com/s/montecarlo/v11/buEzpo6-f9X01GadLA0G4Csf-A.ttf"},{"family":"Montez","version":"v23","lastModified":"2024-11-20","category":"handwriting","kind":"webfonts#webfont","menu":"https://fonts.gstatic.com/s/montez/v23/845ZNMk5GoGIX8lW1bra.ttf"},{"family":"Montserrat","version":"v29","lastModified":"2024-11-07","category":"sans-serif","kind":"webfonts#webfont","menu":"https://fonts.gstatic.com/s/montserrat/v29/JTUHjIg1_i6t8kCHKm4532VJOt5-QNFgpCtr6Hw_aX8.ttf"},{"family":"Montserrat Alternates","version":"v17","lastModified":"2024-09-04","category":"sans-serif","kind":"webfonts#webfont","menu":"https://fonts.gstatic.com/s/montserratalternates/v17/mFTvWacfw6zH4dthXcyms1lPpC8I_b0juU057afV.ttf"},{"family":"Montserrat Subrayada","version":"v19","lastModified":"2024-09-04","category":"sans-serif","kind":"webfonts#webfont","menu":"https://fonts.gstatic.com/s/montserratsubrayada/v19/U9MD6c-o9H7PgjlTHThBnNHGVUORwteQQH8KaOM.ttf"},{"family":"Montserrat Underline","version":"v2","lastModified":"2024-12-04","category":"sans-serif","kind":"webfonts#webfont","menu":"https://fonts.gstatic.com/s/montserratunderline/v2/mFTbWaYfw6zH4dthXcyms01NtC8I_7U5uQQi5HMFnSdEx2F5WihMuLzb.ttf"},{"family":"Moo Lah Lah","version":"v6","lastModified":"2024-09-04","category":"display","kind":"webfonts#webfont","menu":"https://fonts.gstatic.com/s/moolahlah/v6/dg4h_p_opKZOA0w1AYcm56wsawI.ttf"},{"family":"Mooli","version":"v1","lastModified":"2024-09-04","category":"sans-serif","kind":"webfonts#webfont","menu":"https://fonts.gstatic.com/s/mooli/v1/-F6_fjJpLyk1bbPADmo.ttf"},{"family":"Moon Dance","version":"v6","lastModified":"2024-09-04","category":"handwriting","kind":"webfonts#webfont","menu":"https://fonts.gstatic.com/s/moondance/v6/WBLgrEbUbFlYW9ekmGawS2ToLA.ttf"},{"family":"Moul","version":"v28","lastModified":"2024-11-07","category":"display","kind":"webfonts#webfont","menu":"https://fonts.gstatic.com/s/moul/v28/nuF2D__FSo_3I-VSjA.ttf"},{"family":"Moulpali","version":"v31","lastModified":"2024-11-07","category":"sans-serif","kind":"webfonts#webfont","menu":"https://fonts.gstatic.com/s/moulpali/v31/H4ckBXKMl9HagUWymxY7yLs.ttf"},{"family":"Mountains of Christmas","version":"v22","lastModified":"2024-09-04","category":"display","kind":"webfonts#webfont","menu":"https://fonts.gstatic.com/s/mountainsofchristmas/v22/3y9w6a4zcCnn5X0FDyrKi2ZRUBIy8uxoUo7eDNesNA.ttf"},{"family":"Mouse Memoirs","version":"v17","lastModified":"2024-09-04","category":"sans-serif","kind":"webfonts#webfont","menu":"https://fonts.gstatic.com/s/mousememoirs/v17/t5tmIRoSNJ-PH0WNNgDYxdSb3TjPqg.ttf"},{"family":"Mr Bedfort","version":"v22","lastModified":"2024-09-04","category":"handwriting","kind":"webfonts#webfont","menu":"https://fonts.gstatic.com/s/mrbedfort/v22/MQpR-WCtNZSWAdTMwBicpiu-WQ.ttf"},{"family":"Mr Dafoe","version":"v14","lastModified":"2024-09-04","category":"handwriting","kind":"webfonts#webfont","menu":"https://fonts.gstatic.com/s/mrdafoe/v14/lJwE-pIzkS5NXuMMrFiribc.ttf"},{"family":"Mr De Haviland","version":"v14","lastModified":"2024-09-04","category":"handwriting","kind":"webfonts#webfont","menu":"https://fonts.gstatic.com/s/mrdehaviland/v14/OpNVnooIhJj96FdB73296ksbOg3D60Y.ttf"},{"family":"Mrs Saint Delafield","version":"v13","lastModified":"2024-09-04","category":"handwriting","kind":"webfonts#webfont","menu":"https://fonts.gstatic.com/s/mrssaintdelafield/v13/v6-IGZDIOVXH9xtmTZfRagunqBw5WC62QK8nKg.ttf"},{"family":"Mrs Sheppards","version":"v23","lastModified":"2024-09-04","category":"handwriting","kind":"webfonts#webfont","menu":"https://fonts.gstatic.com/s/mrssheppards/v23/PN_2Rfm9snC0XUGoEZhb91ig7vn7zg.ttf"},{"family":"Ms Madi","version":"v2","lastModified":"2024-09-04","category":"handwriting","kind":"webfonts#webfont","menu":"https://fonts.gstatic.com/s/msmadi/v2/HTxsL2UxNnOji5E1B-HFjA.ttf"},{"family":"Mukta","version":"v16","lastModified":"2024-11-07","category":"sans-serif","kind":"webfonts#webfont","menu":"https://fonts.gstatic.com/s/mukta/v16/iJWKBXyXfDDVXbnHrXk.ttf"},{"family":"Mukta Mahee","version":"v16","lastModified":"2024-09-04","category":"sans-serif","kind":"webfonts#webfont","menu":"https://fonts.gstatic.com/s/muktamahee/v16/XRXQ3IOIi0hcP8iVU67hA9vMUTo.ttf"},{"family":"Mukta Malar","version":"v12","lastModified":"2024-09-04","category":"sans-serif","kind":"webfonts#webfont","menu":"https://fonts.gstatic.com/s/muktamalar/v12/MCoXzAXyz8LOE2FpJMxZqIv5J_A.ttf"},{"family":"Mukta Vaani","version":"v14","lastModified":"2024-11-07","category":"sans-serif","kind":"webfonts#webfont","menu":"https://fonts.gstatic.com/s/muktavaani/v14/3Jn5SD_-ynaxmxnEfVHPIG0EduA.ttf"},{"family":"Mulish","version":"v13","lastModified":"2024-09-04","category":"sans-serif","kind":"webfonts#webfont","menu":"https://fonts.gstatic.com/s/mulish/v13/1Ptyg83HX_SGhgqO0yLcmjzUAuWexZNR8aGvHg.ttf"},{"family":"Murecho","version":"v12","lastModified":"2024-08-07","category":"sans-serif","kind":"webfonts#webfont","menu":"https://fonts.gstatic.com/s/murecho/v12/q5uYsoq3NOBn_I-ggCJg98TBOoNFCMpr5UWYJi4.ttf"},{"family":"MuseoModerno","version":"v27","lastModified":"2024-09-04","category":"display","kind":"webfonts#webfont","menu":"https://fonts.gstatic.com/s/museomoderno/v27/zrf30HnU0_7wWdMrFcWqSEXPVyEaWJ55pTleMlZEie0QiQ.ttf"},{"family":"My Soul","version":"v5","lastModified":"2024-09-04","category":"handwriting","kind":"webfonts#webfont","menu":"https://fonts.gstatic.com/s/mysoul/v5/3XFqErcuy945_u6KJ_Qvlw.ttf"},{"family":"Mynerve","version":"v6","lastModified":"2024-09-04","category":"handwriting","kind":"webfonts#webfont","menu":"https://fonts.gstatic.com/s/mynerve/v6/P5sCzZKPdNjb4jt79CVkjQ.ttf"},{"family":"Mystery Quest","version":"v20","lastModified":"2024-09-04","category":"display","kind":"webfonts#webfont","menu":"https://fonts.gstatic.com/s/mysteryquest/v20/-nF6OG414u0E6k0wynSGlujRLwAvCw.ttf"},{"family":"Nabla","version":"v10","lastModified":"2024-09-04","category":"display","kind":"webfonts#webfont","menu":"https://fonts.gstatic.com/s/nabla/v10/j8_D6-LI0Lvpe7Makz5UhJt9C3uqg_X_75gyGS4jAxsNIjrRBRFeEA.ttf"},{"family":"Namdhinggo","version":"v2","lastModified":"2024-09-04","category":"serif","kind":"webfonts#webfont","menu":"https://fonts.gstatic.com/s/namdhinggo/v2/uk-mEGe3rbgg8Xzoy5-TPnSp5w.ttf"},{"family":"Nanum Brush Script","version":"v25","lastModified":"2024-11-20","category":"handwriting","kind":"webfonts#webfont","menu":"https://fonts.gstatic.com/s/nanumbrushscript/v25/wXK2E2wfpokopxzthSqPbcR5_gVaxazCj6pv.ttf"},{"family":"Nanum Gothic","version":"v26","lastModified":"2024-11-20","category":"sans-serif","kind":"webfonts#webfont","menu":"https://fonts.gstatic.com/s/nanumgothic/v26/PN_3Rfi-oW3hYwmKDpxS7F_D_9jb.ttf"},{"family":"Nanum Gothic Coding","version":"v26","lastModified":"2024-12-04","category":"handwriting","kind":"webfonts#webfont","menu":"https://fonts.gstatic.com/s/nanumgothiccoding/v26/8QIVdjzHisX_8vv59_xMxtPFW4IXROws-6U7Ug.ttf"},{"family":"Nanum Myeongjo","version":"v26","lastModified":"2024-12-04","category":"serif","kind":"webfonts#webfont","menu":"https://fonts.gstatic.com/s/nanummyeongjo/v26/9Btx3DZF0dXLMZlywRbVRNhxy2LqcnA.ttf"},{"family":"Nanum Pen Script","version":"v25","lastModified":"2024-12-04","category":"handwriting","kind":"webfonts#webfont","menu":"https://fonts.gstatic.com/s/nanumpenscript/v25/daaDSSYiLGqEal3MvdA_FOL_3FkN6z_0bA.ttf"},{"family":"Narnoor","version":"v7","lastModified":"2023-11-28","category":"serif","kind":"webfonts#webfont","menu":"https://fonts.gstatic.com/s/narnoor/v7/cIf9MaFWuVo-UTyP9CihZA.ttf"},{"family":"Neonderthaw","version":"v6","lastModified":"2024-09-04","category":"handwriting","kind":"webfonts#webfont","menu":"https://fonts.gstatic.com/s/neonderthaw/v6/Iure6Yx5-oWVZI0r-17AeaZIrLE.ttf"},{"family":"Nerko One","version":"v16","lastModified":"2024-09-04","category":"handwriting","kind":"webfonts#webfont","menu":"https://fonts.gstatic.com/s/nerkoone/v16/m8JQjfZSc7OXlB3ZMOjDcZRF.ttf"},{"family":"Neucha","version":"v17","lastModified":"2024-09-04","category":"handwriting","kind":"webfonts#webfont","menu":"https://fonts.gstatic.com/s/neucha/v17/q5uGsou0JOdh94bfuwlo.ttf"},{"family":"Neuton","version":"v22","lastModified":"2024-08-12","category":"serif","kind":"webfonts#webfont","menu":"https://fonts.gstatic.com/s/neuton/v22/UMBTrPtMoH62xUZCyYg_.ttf"},{"family":"New Amsterdam","version":"v1","lastModified":"2024-09-04","category":"sans-serif","kind":"webfonts#webfont","menu":"https://fonts.gstatic.com/s/newamsterdam/v1/YA9Vr02Y5lucHqUlbEe51kBtp7iMjg.ttf"},{"family":"New Rocker","version":"v16","lastModified":"2024-09-04","category":"display","kind":"webfonts#webfont","menu":"https://fonts.gstatic.com/s/newrocker/v16/MwQzbhjp3-HImzcCU_cJoGIfjQ.ttf"},{"family":"New Tegomin","version":"v12","lastModified":"2024-12-04","category":"serif","kind":"webfonts#webfont","menu":"https://fonts.gstatic.com/s/newtegomin/v12/SLXMc1fV7Gd9USdBAfPlqcN1SX4.ttf"},{"family":"News Cycle","version":"v23","lastModified":"2024-09-04","category":"sans-serif","kind":"webfonts#webfont","menu":"https://fonts.gstatic.com/s/newscycle/v23/CSR64z1Qlv-GDxkbKVQ_fOYKSA.ttf"},{"family":"Newsreader","version":"v20","lastModified":"2024-09-04","category":"serif","kind":"webfonts#webfont","menu":"https://fonts.gstatic.com/s/newsreader/v20/cY9qfjOCX1hbuyalUrK49dLac06G1ZGsZBtoBCzBDXXD9JVF438weI_wDeZA.ttf"},{"family":"Niconne","version":"v15","lastModified":"2024-09-04","category":"handwriting","kind":"webfonts#webfont","menu":"https://fonts.gstatic.com/s/niconne/v15/w8gaH2QvRug1_rTfnQqn3A.ttf"},{"family":"Niramit","version":"v10","lastModified":"2024-09-04","category":"sans-serif","kind":"webfonts#webfont","menu":"https://fonts.gstatic.com/s/niramit/v10/I_uuMpWdvgLdNxVLXbValg.ttf"},{"family":"Nixie One","version":"v16","lastModified":"2024-09-04","category":"display","kind":"webfonts#webfont","menu":"https://fonts.gstatic.com/s/nixieone/v16/lW-8wjkKLXjg5y2o2uUYUet3.ttf"},{"family":"Nobile","version":"v17","lastModified":"2024-09-04","category":"sans-serif","kind":"webfonts#webfont","menu":"https://fonts.gstatic.com/s/nobile/v17/m8JTjflSeaOVl1iGX63T.ttf"},{"family":"Nokora","version":"v32","lastModified":"2024-12-04","category":"sans-serif","kind":"webfonts#webfont","menu":"https://fonts.gstatic.com/s/nokora/v32/hYkIPuwgTubzaWxgOjAL.ttf"},{"family":"Norican","version":"v15","lastModified":"2024-09-04","category":"handwriting","kind":"webfonts#webfont","menu":"https://fonts.gstatic.com/s/norican/v15/MwQ2bhXp1eSBqjkPKJNbsA.ttf"},{"family":"Nosifer","version":"v22","lastModified":"2024-09-04","category":"display","kind":"webfonts#webfont","menu":"https://fonts.gstatic.com/s/nosifer/v22/ZGjXol5JTp0g5bxZWCxbUA.ttf"},{"family":"Notable","version":"v18","lastModified":"2024-09-04","category":"sans-serif","kind":"webfonts#webfont","menu":"https://fonts.gstatic.com/s/notable/v18/gNMEW3N_SIqx-WX9yHIiEA.ttf"},{"family":"Nothing You Could Do","version":"v19","lastModified":"2024-09-04","category":"handwriting","kind":"webfonts#webfont","menu":"https://fonts.gstatic.com/s/nothingyoucoulddo/v19/oY1B8fbBpaP5OX3DtrRYf_Q2BPB1SnfZb3OInV4.ttf"},{"family":"Noticia Text","version":"v15","lastModified":"2024-09-04","category":"serif","kind":"webfonts#webfont","menu":"https://fonts.gstatic.com/s/noticiatext/v15/VuJ2dNDF2Yv9qppOePKYRP12YDtd.ttf"},{"family":"Noto Color Emoji","version":"v32","lastModified":"2024-09-03","category":"sans-serif","kind":"webfonts#webfont","menu":"https://fonts.gstatic.com/s/notocoloremoji/v32/Yq6P-KqIXTD0t4D9z1ESnKM3-HpFWb9m6w.ttf"},{"family":"Noto Emoji","version":"v53","lastModified":"2024-11-26","category":"sans-serif","kind":"webfonts#webfont","menu":"https://fonts.gstatic.com/s/notoemoji/v53/bMrnmSyK7YY-MEu6aWjPDs-ar6uWaGWuob-r0gwuQeU.ttf"},{"family":"Noto Kufi Arabic","version":"v21","lastModified":"2024-02-29","category":"sans-serif","kind":"webfonts#webfont","menu":"https://fonts.gstatic.com/s/notokufiarabic/v21/CSRp4ydQnPyaDxEXLFF6LZVLKrodhu8t57o1kDc5Wh5v37bOlrA.ttf"},{"family":"Noto Music","version":"v20","lastModified":"2024-09-04","category":"sans-serif","kind":"webfonts#webfont","menu":"https://fonts.gstatic.com/s/notomusic/v20/pe0rMIiSN5pO63htf1sxEtaaAw.ttf"},{"family":"Noto Naskh Arabic","version":"v34","lastModified":"2024-04-12","category":"serif","kind":"webfonts#webfont","menu":"https://fonts.gstatic.com/s/notonaskharabic/v34/RrQ5bpV-9Dd1b1OAGA6M9PkyDuVBePeKNaxcsss0Y7bwvc5Urac3.ttf"},{"family":"Noto Nastaliq Urdu","version":"v20","lastModified":"2023-03-21","category":"serif","kind":"webfonts#webfont","menu":"https://fonts.gstatic.com/s/notonastaliqurdu/v20/LhWNMUPbN-oZdNFcBy1-DJYsEoTq5pudQ9L940pGPkB3Qt_-PKyV3w.ttf"},{"family":"Noto Rashi Hebrew","version":"v26","lastModified":"2024-06-05","category":"serif","kind":"webfonts#webfont","menu":"https://fonts.gstatic.com/s/notorashihebrew/v26/EJR_Qh82XsIK-QFmqXk4zvLwFVya0vFL-HlKM5e6C6HZB-HURiC-.ttf"},{"family":"Noto Sans","version":"v38","lastModified":"2024-12-04","category":"sans-serif","kind":"webfonts#webfont","menu":"https://fonts.gstatic.com/s/notosans/v38/o-0mIpQlx3QUlC5A4PNB6Ryti20_6n1iPHjcz6L1SoM-jCpoiyD9A-9c6Vc.ttf"},{"family":"Noto Sans Adlam","version":"v22","lastModified":"2023-09-14","category":"sans-serif","kind":"webfonts#webfont","menu":"https://fonts.gstatic.com/s/notosansadlam/v22/neIczCCpqp0s5pPusPamd81eMfjPonvqdbYxxpgufnv0fGjLYA.ttf"},{"family":"Noto Sans Adlam Unjoined","version":"v26","lastModified":"2024-07-01","category":"sans-serif","kind":"webfonts#webfont","menu":"https://fonts.gstatic.com/s/notosansadlamunjoined/v26/P5sszY2MYsLRsB5_ildkzPPDsLQXcOEmaFOqOGcaYrzFTIjsPam_Ye35DMAU_A.ttf"},{"family":"Noto Sans Anatolian Hieroglyphs","version":"v16","lastModified":"2023-07-24","category":"sans-serif","kind":"webfonts#webfont","menu":"https://fonts.gstatic.com/s/notosansanatolianhieroglyphs/v16/ijw9s4roRME5LLRxjsRb8A0gKPSWq4BbDmHHu6j2pEtUJzZWbyfCzg.ttf"},{"family":"Noto Sans Arabic","version":"v28","lastModified":"2024-11-20","category":"sans-serif","kind":"webfonts#webfont","menu":"https://fonts.gstatic.com/s/notosansarabic/v28/nwpxtLGrOAZMl5nJ_wfgRg3DrWFZWsnVBJ_sS6tlqHHFlhQ5l3sQWIHPqzCfyGyfunqF.ttf"},{"family":"Noto Sans Armenian","version":"v43","lastModified":"2023-11-09","category":"sans-serif","kind":"webfonts#webfont","menu":"https://fonts.gstatic.com/s/notosansarmenian/v43/ZgN0jOZKPa7CHqq0h37c7ReDUubm2SEdFXp7ig73qtTY5idb74R9UdM3y2nZLorxb50jaSo.ttf"},{"family":"Noto Sans Avestan","version":"v21","lastModified":"2023-09-13","category":"sans-serif","kind":"webfonts#webfont","menu":"https://fonts.gstatic.com/s/notosansavestan/v21/bWti7ejKfBziStx7lIzKOLQZKhIJkxu8QgA.ttf"},{"family":"Noto Sans Balinese","version":"v24","lastModified":"2023-05-02","category":"sans-serif","kind":"webfonts#webfont","menu":"https://fonts.gstatic.com/s/notosansbalinese/v24/NaPwcYvSBuhTirw6IaFn6UrRDaqje-lpbbRtYf-Fwu2Ov7fdtE9fcw.ttf"},{"family":"Noto Sans Bamum","version":"v27","lastModified":"2023-09-14","category":"sans-serif","kind":"webfonts#webfont","menu":"https://fonts.gstatic.com/s/notosansbamum/v27/uk-0EGK3o6EruUbnwovcbBTkkklK_Ya_PBHfNGTPEddOy_kBzg.ttf"},{"family":"Noto Sans Bassa Vah","version":"v17","lastModified":"2022-11-09","category":"sans-serif","kind":"webfonts#webfont","menu":"https://fonts.gstatic.com/s/notosansbassavah/v17/PN_bRee-r3f7LnqsD5sax12gjZn7mBpL5YwUpA2MBdcFn4MaAf6o1Yw.ttf"},{"family":"Noto Sans Batak","version":"v20","lastModified":"2024-02-29","category":"sans-serif","kind":"webfonts#webfont","menu":"https://fonts.gstatic.com/s/notosansbatak/v20/gok2H6TwAEdtF9N8-mdTCQvT-ZdQooXL.ttf"},{"family":"Noto Sans Bengali","version":"v26","lastModified":"2024-11-20","category":"sans-serif","kind":"webfonts#webfont","menu":"https://fonts.gstatic.com/s/notosansbengali/v26/Cn-SJsCGWQxOjaGwMQ6fIiMywrNJIky6nvd8BjzVMvJx2mcSPVFpVEqE-6KmsolLidGu9g.ttf"},{"family":"Noto Sans Bhaiksuki","version":"v17","lastModified":"2023-09-27","category":"sans-serif","kind":"webfonts#webfont","menu":"https://fonts.gstatic.com/s/notosansbhaiksuki/v17/UcC63EosKniBH4iELXATsSBWdvUHXxhjwrPecQ.ttf"},{"family":"Noto Sans Brahmi","version":"v19","lastModified":"2024-02-29","category":"sans-serif","kind":"webfonts#webfont","menu":"https://fonts.gstatic.com/s/notosansbrahmi/v19/vEFK2-VODB8RrNDvZSUmQQIIByV1wtO_Xw.ttf"},{"family":"Noto Sans Buginese","version":"v18","lastModified":"2023-05-02","category":"sans-serif","kind":"webfonts#webfont","menu":"https://fonts.gstatic.com/s/notosansbuginese/v18/esDM30ldNv-KYGGJpKGk18phe_7Da6_QtPGA.ttf"},{"family":"Noto Sans Buhid","version":"v22","lastModified":"2023-09-13","category":"sans-serif","kind":"webfonts#webfont","menu":"https://fonts.gstatic.com/s/notosansbuhid/v22/Dxxy8jiXMW75w3OmoDXVWJD7YwzweqFk.ttf"},{"family":"Noto Sans Canadian Aboriginal","version":"v26","lastModified":"2024-05-02","category":"sans-serif","kind":"webfonts#webfont","menu":"https://fonts.gstatic.com/s/notosanscanadianaboriginal/v26/4C_TLjTuEqPj-8J01CwaGkiZ9os0iGVkezM1mUT-j_Lmlzda6uH_nnX1bzigWLnPyQEk.ttf"},{"family":"Noto Sans Carian","version":"v16","lastModified":"2023-07-24","category":"sans-serif","kind":"webfonts#webfont","menu":"https://fonts.gstatic.com/s/notosanscarian/v16/LDIpaoiONgYwA9Yc6f0gUILeMIOgg7sR8w.ttf"},{"family":"Noto Sans Caucasian Albanian","version":"v18","lastModified":"2023-10-25","category":"sans-serif","kind":"webfonts#webfont","menu":"https://fonts.gstatic.com/s/notosanscaucasianalbanian/v18/nKKA-HM_FYFRJvXzVXaANsU0VzsAc46QGOkWytlTs-TXnYHspQ.ttf"},{"family":"Noto Sans Chakma","version":"v17","lastModified":"2022-11-09","category":"sans-serif","kind":"webfonts#webfont","menu":"https://fonts.gstatic.com/s/notosanschakma/v17/Y4GQYbJ8VTEp4t3MKJSMjg5OIzhi0JnZRg.ttf"},{"family":"Noto Sans Cham","version":"v31","lastModified":"2024-07-30","category":"sans-serif","kind":"webfonts#webfont","menu":"https://fonts.gstatic.com/s/notosanscham/v31/pe06MIySN5pO62Z5YkFyQb_bbuRhe6D4yip43qfcERwsvru2.ttf"},{"family":"Noto Sans Cherokee","version":"v20","lastModified":"2023-09-14","category":"sans-serif","kind":"webfonts#webfont","menu":"https://fonts.gstatic.com/s/notosanscherokee/v20/KFOPCm6Yu8uF-29fiz9vQF9YWK6Z8O10cHNA0cSkZCHYWi5PPkizqA.ttf"},{"family":"Noto Sans Chorasmian","version":"v3","lastModified":"2024-01-26","category":"sans-serif","kind":"webfonts#webfont","menu":"https://fonts.gstatic.com/s/notosanschorasmian/v3/MQpL-X6uKMC7ROPLwRnI9ULxK_7NVkf8S6vzqno.ttf"},{"family":"Noto Sans Coptic","version":"v21","lastModified":"2023-12-14","category":"sans-serif","kind":"webfonts#webfont","menu":"https://fonts.gstatic.com/s/notosanscoptic/v21/iJWfBWmUZi_OHPqn4wq6kgqumOEd38q1UA.ttf"},{"family":"Noto Sans Cuneiform","version":"v17","lastModified":"2023-07-24","category":"sans-serif","kind":"webfonts#webfont","menu":"https://fonts.gstatic.com/s/notosanscuneiform/v17/bMrrmTWK7YY-MF22aHGGd7H8PhJtvBDWsb5DkQ.ttf"},{"family":"Noto Sans Cypriot","version":"v19","lastModified":"2023-11-09","category":"sans-serif","kind":"webfonts#webfont","menu":"https://fonts.gstatic.com/s/notosanscypriot/v19/8AtzGta9PYqQDjyp79a6f8Cj-3a3cyItIZc.ttf"},{"family":"Noto Sans Cypro Minoan","version":"v1","lastModified":"2024-09-04","category":"sans-serif","kind":"webfonts#webfont","menu":"https://fonts.gstatic.com/s/notosanscyprominoan/v1/2Eb2L_dtDUlkNmPHB_UVtEzp3ZlPGqZ_4nAGm9aYew.ttf"},{"family":"Noto Sans Deseret","version":"v17","lastModified":"2023-07-24","category":"sans-serif","kind":"webfonts#webfont","menu":"https://fonts.gstatic.com/s/notosansdeseret/v17/MwQsbgPp1eKH6QsAVuFb9AZM6MMr2Wq8bHY.ttf"},{"family":"Noto Sans Devanagari","version":"v26","lastModified":"2024-07-01","category":"sans-serif","kind":"webfonts#webfont","menu":"https://fonts.gstatic.com/s/notosansdevanagari/v26/TuGoUUFzXI5FBtUq5a8bjKYTZjtRU6Sgv3NaV_SNmI0b8QQCQmHn6B2OHjbL_08AlXQl--E5pA.ttf"},{"family":"Noto Sans Display","version":"v26","lastModified":"2023-09-14","category":"sans-serif","kind":"webfonts#webfont","menu":"https://fonts.gstatic.com/s/notosansdisplay/v26/RLpbK4fy6r6tOBEJg0IAKzqdFZVZxpMkXJMhnB9XjO1o90LuV-PT4Doq_AKp_3cKZTCa3g.ttf"},{"family":"Noto Sans Duployan","version":"v18","lastModified":"2024-07-01","category":"sans-serif","kind":"webfonts#webfont","menu":"https://fonts.gstatic.com/s/notosansduployan/v18/gokzH7nwAEdtF9N8-mdTDx_X9JM5wsvbF8gj.ttf"},{"family":"Noto Sans Egyptian Hieroglyphs","version":"v29","lastModified":"2024-05-02","category":"sans-serif","kind":"webfonts#webfont","menu":"https://fonts.gstatic.com/s/notosansegyptianhieroglyphs/v29/vEF42-tODB8RrNDvZSUmRhcQHzx1s7y_F9-j3qSzEcbEYintSFi4.ttf"},{"family":"Noto Sans Elbasan","version":"v16","lastModified":"2023-05-23","category":"sans-serif","kind":"webfonts#webfont","menu":"https://fonts.gstatic.com/s/notosanselbasan/v16/-F6rfiZqLzI2JPCgQBnw400qp1trvEdkp-o.ttf"},{"family":"Noto Sans Elymaic","version":"v17","lastModified":"2023-10-25","category":"sans-serif","kind":"webfonts#webfont","menu":"https://fonts.gstatic.com/s/notosanselymaic/v17/UqyKK9YTJW5liNMhTMqe9vUFP65ZD7AiUuA.ttf"},{"family":"Noto Sans Ethiopic","version":"v47","lastModified":"2023-09-13","category":"sans-serif","kind":"webfonts#webfont","menu":"https://fonts.gstatic.com/s/notosansethiopic/v47/7cHPv50vjIepfJVOZZgcpQ5B9FBTH9KGNfhSTgtoow1KVnIvyBoMSzUMacb-T35OK5DiyGM.ttf"},{"family":"Noto Sans Georgian","version":"v44","lastModified":"2024-02-29","category":"sans-serif","kind":"webfonts#webfont","menu":"https://fonts.gstatic.com/s/notosansgeorgian/v44/PlIaFke5O6RzLfvNNVSitxkr76PRHBC4Ytyq-Gof7PUs4S7zWn-8YDB09HFNdpvnzGj_dZE.ttf"},{"family":"Noto Sans Glagolitic","version":"v18","lastModified":"2024-01-26","category":"sans-serif","kind":"webfonts#webfont","menu":"https://fonts.gstatic.com/s/notosansglagolitic/v18/1q2ZY4-BBFBst88SU_tOj4J-4yuNF_HI4HRL6g0.ttf"},{"family":"Noto Sans Gothic","version":"v16","lastModified":"2023-07-24","category":"sans-serif","kind":"webfonts#webfont","menu":"https://fonts.gstatic.com/s/notosansgothic/v16/TuGKUUVzXI5FBtUq5a8bj6wRbzxTJMTy1g.ttf"},{"family":"Noto Sans Grantha","version":"v19","lastModified":"2024-06-10","category":"sans-serif","kind":"webfonts#webfont","menu":"https://fonts.gstatic.com/s/notosansgrantha/v19/3y976akwcCjmsU8NDyrKo3IQfQ4o-o8dH-8.ttf"},{"family":"Noto Sans Gujarati","version":"v25","lastModified":"2023-11-28","category":"sans-serif","kind":"webfonts#webfont","menu":"https://fonts.gstatic.com/s/notosansgujarati/v25/wlpWgx_HC1ti5ViekvcxnhMlCVo3f5pv17ivlzsUB14gg1TMR2Gw4VceEl7MA_ypFzPN9uM.ttf"},{"family":"Noto Sans Gunjala Gondi","version":"v19","lastModified":"2023-09-27","category":"sans-serif","kind":"webfonts#webfont","menu":"https://fonts.gstatic.com/s/notosansgunjalagondi/v19/bWtX7e7KfBziStx7lIzKPrcSMwcEnCv6DW7n5g0ef3PLtymzNxYL4YD04ZQr.ttf"},{"family":"Noto Sans Gurmukhi","version":"v26","lastModified":"2023-04-27","category":"sans-serif","kind":"webfonts#webfont","menu":"https://fonts.gstatic.com/s/notosansgurmukhi/v26/w8g9H3EvQP81sInb43inmyN9zZ7hb7ATbSWo4q8dJ74a3cVrYFQ_bogT0-gPeG1Oekbwbf8.ttf"},{"family":"Noto Sans Hanifi Rohingya","version":"v28","lastModified":"2023-09-27","category":"sans-serif","kind":"webfonts#webfont","menu":"https://fonts.gstatic.com/s/notosanshanifirohingya/v28/5h17iYsoOmIC3Yu3MDXLDw3UZCgghyOEBBY7hhLNyo3tiaiuSIAqrIYY4g6ut88.ttf"},{"family":"Noto Sans Hanunoo","version":"v21","lastModified":"2023-11-09","category":"sans-serif","kind":"webfonts#webfont","menu":"https://fonts.gstatic.com/s/notosanshanunoo/v21/f0Xs0fCv8dxkDWlZSoXOj6CphMloFvEtGJw.ttf"},{"family":"Noto Sans Hatran","version":"v16","lastModified":"2023-07-13","category":"sans-serif","kind":"webfonts#webfont","menu":"https://fonts.gstatic.com/s/notosanshatran/v16/A2BBn4Ne0RgnVF3Lnko-0sOBIfL_qM49qw.ttf"},{"family":"Noto Sans Hebrew","version":"v46","lastModified":"2024-07-01","category":"sans-serif","kind":"webfonts#webfont","menu":"https://fonts.gstatic.com/s/notosanshebrew/v46/or3HQ7v33eiDljA1IufXTtVf7V6RvEEdhQlk0LlGxCyaeNKYZC0sqk3xXGiXd4qdoyhh.ttf"},{"family":"Noto Sans HK","version":"v32","lastModified":"2024-07-30","category":"sans-serif","kind":"webfonts#webfont","menu":"https://fonts.gstatic.com/s/notosanshk/v32/nKKF-GM_FYFRJvXzVXaAPe97P1KHynJFP716qHB-yoSZjQ.ttf"},{"family":"Noto Sans Imperial Aramaic","version":"v17","lastModified":"2024-07-01","category":"sans-serif","kind":"webfonts#webfont","menu":"https://fonts.gstatic.com/s/notosansimperialaramaic/v17/a8IMNpjwKmHXpgXbMIsbTc_kvks91LlLetBr5itQrudnnXI.ttf"},{"family":"Noto Sans Indic Siyaq Numbers","version":"v16","lastModified":"2024-09-04","category":"sans-serif","kind":"webfonts#webfont","menu":"https://fonts.gstatic.com/s/notosansindicsiyaqnumbers/v16/6xK5dTJFKcWIu4bpRBjRZRpsIYHabOeZ8UZLubTzpXNHKy2XNu4.ttf"},{"family":"Noto Sans Inscriptional Pahlavi","version":"v17","lastModified":"2024-07-01","category":"sans-serif","kind":"webfonts#webfont","menu":"https://fonts.gstatic.com/s/notosansinscriptionalpahlavi/v17/ll8UK3GaVDuxR-TEqFPIbsR79Xxz9WEKbwsjpz7VklYlC7FCZtufPA.ttf"},{"family":"Noto Sans Inscriptional Parthian","version":"v17","lastModified":"2024-07-01","category":"sans-serif","kind":"webfonts#webfont","menu":"https://fonts.gstatic.com/s/notosansinscriptionalparthian/v17/k3k7o-IMPvpLmixcA63oYi-yStDkgXuXncL7dzfW3P4TAJ2ykmBI0Dc.ttf"},{"family":"Noto Sans Javanese","version":"v23","lastModified":"2023-09-27","category":"sans-serif","kind":"webfonts#webfont","menu":"https://fonts.gstatic.com/s/notosansjavanese/v23/2V01KJkDAIA6Hp4zoSScDjV0Y-eoHAHT-Z3MngEefiidxJnkJFhoYQ.ttf"},{"family":"Noto Sans JP","version":"v53","lastModified":"2024-08-07","category":"sans-serif","kind":"webfonts#webfont","menu":"https://fonts.gstatic.com/s/notosansjp/v53/-F6jfjtqLzI2JPCgQBnw7HFyzSD-AsregP8VFBEj35rS1g.ttf"},{"family":"Noto Sans Kaithi","version":"v22","lastModified":"2024-07-30","category":"sans-serif","kind":"webfonts#webfont","menu":"https://fonts.gstatic.com/s/notosanskaithi/v22/buEtppS9f8_vkXadMBJJu0tWjLwjciwAcg.ttf"},{"family":"Noto Sans Kannada","version":"v27","lastModified":"2023-10-25","category":"sans-serif","kind":"webfonts#webfont","menu":"https://fonts.gstatic.com/s/notosanskannada/v27/8vIs7xs32H97qzQKnzfeXycxXZyUmySvZWItmf1fe6TVmgop9ndpS-BqHEyGrDvN_SMGKg.ttf"},{"family":"Noto Sans Kawi","version":"v3","lastModified":"2023-10-25","category":"sans-serif","kind":"webfonts#webfont","menu":"https://fonts.gstatic.com/s/notosanskawi/v3/92zBtBJLNqsg7tCciW0EPHNNh1ZgbtGWiTYDjvnK4AhWC552.ttf"},{"family":"Noto Sans Kayah Li","version":"v21","lastModified":"2023-09-14","category":"sans-serif","kind":"webfonts#webfont","menu":"https://fonts.gstatic.com/s/notosanskayahli/v21/B50nF61OpWTRcGrhOVJJwOMXdca6Yecki3E06x2jVTX3WCc3OZDyFQ.ttf"},{"family":"Noto Sans Kharoshthi","version":"v16","lastModified":"2023-04-27","category":"sans-serif","kind":"webfonts#webfont","menu":"https://fonts.gstatic.com/s/notosanskharoshthi/v16/Fh4qPiLjKS30-P4-pGMMXCCfvkc5Vd7KE6z5plg.ttf"},{"family":"Noto Sans Khmer","version":"v24","lastModified":"2023-10-25","category":"sans-serif","kind":"webfonts#webfont","menu":"https://fonts.gstatic.com/s/notosanskhmer/v24/ijw3s5roRME5LLRxjsRb-gssOenAyendxrgV2c-Zw-9vbVUti_Z_dWgtWYuNAKz5mgI.ttf"},{"family":"Noto Sans Khojki","version":"v19","lastModified":"2024-02-16","category":"sans-serif","kind":"webfonts#webfont","menu":"https://fonts.gstatic.com/s/notosanskhojki/v19/-nFnOHM29Oofr2wohFbTuPPKVWpmG_Zx1w.ttf"},{"family":"Noto Sans Khudawadi","version":"v22","lastModified":"2024-08-21","category":"sans-serif","kind":"webfonts#webfont","menu":"https://fonts.gstatic.com/s/notosanskhudawadi/v22/fdNi9t6ZsWBZ2k5ltHN73zZ5hc8HANlHEjVtUQ.ttf"},{"family":"Noto Sans KR","version":"v36","lastModified":"2023-08-17","category":"sans-serif","kind":"webfonts#webfont","menu":"https://fonts.gstatic.com/s/notosanskr/v36/PbyxFmXiEBPT4ITbgNA5Cgms3VYcOA-vvnIzzuoySLXg9A.ttf"},{"family":"Noto Sans Lao","version":"v30","lastModified":"2023-09-27","category":"sans-serif","kind":"webfonts#webfont","menu":"https://fonts.gstatic.com/s/notosanslao/v30/bx6lNx2Ol_ixgdYWLm9BwxM3NW6BOkuf763Clj73CiQ_J1Djx9pidOt4ccbtfpkO.ttf"},{"family":"Noto Sans Lao Looped","version":"v7","lastModified":"2023-09-27","category":"sans-serif","kind":"webfonts#webfont","menu":"https://fonts.gstatic.com/s/notosanslaolooped/v7/a8IgNpbwKmHXpgXbMIsbSMP7-3U72qUOX5gBg6LRXExhqHIX9YPTpvqkW4UthhjomPr3A-d64Q.ttf"},{"family":"Noto Sans Lepcha","version":"v19","lastModified":"2023-09-13","category":"sans-serif","kind":"webfonts#webfont","menu":"https://fonts.gstatic.com/s/notosanslepcha/v19/0QI7MWlB_JWgA166SKhu05TekNS36ANmsg.ttf"},{"family":"Noto Sans Limbu","version":"v24","lastModified":"2024-07-30","category":"sans-serif","kind":"webfonts#webfont","menu":"https://fonts.gstatic.com/s/notosanslimbu/v24/3JnlSDv90Gmq2mrzckOBBRRoNJVT0ctz.ttf"},{"family":"Noto Sans Linear A","version":"v18","lastModified":"2023-07-24","category":"sans-serif","kind":"webfonts#webfont","menu":"https://fonts.gstatic.com/s/notosanslineara/v18/oPWS_l16kP4jCuhpgEGmwJOiA18FZj2Gz2vU.ttf"},{"family":"Noto Sans Linear B","version":"v17","lastModified":"2023-07-24","category":"sans-serif","kind":"webfonts#webfont","menu":"https://fonts.gstatic.com/s/notosanslinearb/v17/HhyJU4wt9vSgfHoORYOiXOckKNB737Il3RMB.ttf"},{"family":"Noto Sans Lisu","version":"v25","lastModified":"2023-03-09","category":"sans-serif","kind":"webfonts#webfont","menu":"https://fonts.gstatic.com/s/notosanslisu/v25/uk-3EGO3o6EruUbnwovcYhz6kh57_nqbcTdjJnHP2Vwd2tgh.ttf"},{"family":"Noto Sans Lycian","version":"v15","lastModified":"2022-05-10","category":"sans-serif","kind":"webfonts#webfont","menu":"https://fonts.gstatic.com/s/notosanslycian/v15/QldVNSNMqAsHtsJ7UmqxBQA9r8wA1_jQDA.ttf"},{"family":"Noto Sans Lydian","version":"v18","lastModified":"2023-12-14","category":"sans-serif","kind":"webfonts#webfont","menu":"https://fonts.gstatic.com/s/notosanslydian/v18/c4m71mVzGN7s8FmIukZJ1v4ZlcPRSULdNg.ttf"},{"family":"Noto Sans Mahajani","version":"v19","lastModified":"2023-09-13","category":"sans-serif","kind":"webfonts#webfont","menu":"https://fonts.gstatic.com/s/notosansmahajani/v19/-F6sfiVqLzI2JPCgQBnw60Agp0JrvD51hsoV.ttf"},{"family":"Noto Sans Malayalam","version":"v26","lastModified":"2023-04-27","category":"sans-serif","kind":"webfonts#webfont","menu":"https://fonts.gstatic.com/s/notosansmalayalam/v26/sJoi3K5XjsSdcnzn071rL37lpAOsUThnDZIfPdbeSNzVakglNM-Qw8EaeB8Nss-_RuDNBVbA.ttf"},{"family":"Noto Sans Mandaic","version":"v17","lastModified":"2024-07-30","category":"sans-serif","kind":"webfonts#webfont","menu":"https://fonts.gstatic.com/s/notosansmandaic/v17/cIfnMbdWt1w_HgCcilqhKQBo_OsMI6_B9Ac.ttf"},{"family":"Noto Sans Manichaean","version":"v18","lastModified":"2023-10-25","category":"sans-serif","kind":"webfonts#webfont","menu":"https://fonts.gstatic.com/s/notosansmanichaean/v18/taiVGntiC4--qtsfi4Jp9-_GkPZZCcrfenqDPz8.ttf"},{"family":"Noto Sans Marchen","version":"v20","lastModified":"2024-07-30","category":"sans-serif","kind":"webfonts#webfont","menu":"https://fonts.gstatic.com/s/notosansmarchen/v20/aFTO7OZ_Y282EP-WyG6QTOX_C8WZMEhOmao.ttf"},{"family":"Noto Sans Masaram Gondi","version":"v17","lastModified":"2022-11-09","category":"sans-serif","kind":"webfonts#webfont","menu":"https://fonts.gstatic.com/s/notosansmasaramgondi/v17/6xK_dThFKcWIu4bpRBjRYRV7KZCbUq6n_1kPntGf5xY.ttf"},{"family":"Noto Sans Math","version":"v15","lastModified":"2024-09-04","category":"sans-serif","kind":"webfonts#webfont","menu":"https://fonts.gstatic.com/s/notosansmath/v15/7Aump_cpkSecTWaHRlH2hyV5UEkH81k.ttf"},{"family":"Noto Sans Mayan Numerals","version":"v16","lastModified":"2024-09-04","category":"sans-serif","kind":"webfonts#webfont","menu":"https://fonts.gstatic.com/s/notosansmayannumerals/v16/PlIuFk25O6RzLfvNNVSivR09_KqYMwvvDKYjfIi06sAs.ttf"},{"family":"Noto Sans Medefaidrin","version":"v23","lastModified":"2023-09-14","category":"sans-serif","kind":"webfonts#webfont","menu":"https://fonts.gstatic.com/s/notosansmedefaidrin/v23/WwkzxOq6Dk-wranENynkfeVsNbRZtbOIdLb1exeM4ZeuabBfmErWpTz_9Q.ttf"},{"family":"Noto Sans Meetei Mayek","version":"v15","lastModified":"2023-09-14","category":"sans-serif","kind":"webfonts#webfont","menu":"https://fonts.gstatic.com/s/notosansmeeteimayek/v15/HTxAL3QyKieByqY9eZPFweO0be7M21uSphSdhqILnmrRfJ8t_1TJ_sTX7vw.ttf"},{"family":"Noto Sans Mende Kikakui","version":"v28","lastModified":"2022-11-09","category":"sans-serif","kind":"webfonts#webfont","menu":"https://fonts.gstatic.com/s/notosansmendekikakui/v28/11hRGoLHz17aKjQCWj-JHcLvu2Q5zZrnkbNCLXx-YjY.ttf"},{"family":"Noto Sans Meroitic","version":"v18","lastModified":"2023-11-09","category":"sans-serif","kind":"webfonts#webfont","menu":"https://fonts.gstatic.com/s/notosansmeroitic/v18/IFS5HfRJndhE3P4b5jnZ3ITPvC6i00UzgTJX.ttf"},{"family":"Noto Sans Miao","version":"v17","lastModified":"2022-09-28","category":"sans-serif","kind":"webfonts#webfont","menu":"https://fonts.gstatic.com/s/notosansmiao/v17/Dxxz8jmXMW75w3OmoDXVV4zyZXjhW4E.ttf"},{"family":"Noto Sans Modi","version":"v23","lastModified":"2023-09-27","category":"sans-serif","kind":"webfonts#webfont","menu":"https://fonts.gstatic.com/s/notosansmodi/v23/pe03MIySN5pO62Z5YkFyT7jeas5rU1Q.ttf"},{"family":"Noto Sans Mongolian","version":"v22","lastModified":"2024-09-30","category":"sans-serif","kind":"webfonts#webfont","menu":"https://fonts.gstatic.com/s/notosansmongolian/v22/VdGCAYADGIwE0EopZx8xQfHlgEAMsrTo9Loq7w.ttf"},{"family":"Noto Sans Mono","version":"v30","lastModified":"2023-10-25","category":"sans-serif","kind":"webfonts#webfont","menu":"https://fonts.gstatic.com/s/notosansmono/v30/BngrUXNETWXI6LwhGYvaxZikqZqK6fBq6kPvUce2oAZcdthSBUsYck4-_FNJ09vdUA.ttf"},{"family":"Noto Sans Mro","version":"v18","lastModified":"2022-12-08","category":"sans-serif","kind":"webfonts#webfont","menu":"https://fonts.gstatic.com/s/notosansmro/v18/qWcsB6--pZv9TqnUQMhe9b39aD3bsg.ttf"},{"family":"Noto Sans Multani","version":"v20","lastModified":"2022-11-09","category":"sans-serif","kind":"webfonts#webfont","menu":"https://fonts.gstatic.com/s/notosansmultani/v20/9Bty3ClF38_RfOpe1gCaZ8p30BOFO2A1r_Q.ttf"},{"family":"Noto Sans Myanmar","version":"v20","lastModified":"2022-09-28","category":"sans-serif","kind":"webfonts#webfont","menu":"https://fonts.gstatic.com/s/notosansmyanmar/v20/AlZq_y1ZtY3ymOryg38hOCSdOnFq0Hn31uE.ttf"},{"family":"Noto Sans Nabataean","version":"v16","lastModified":"2023-06-22","category":"sans-serif","kind":"webfonts#webfont","menu":"https://fonts.gstatic.com/s/notosansnabataean/v16/IFS4HfVJndhE3P4b5jnZ34DfsjO330dNkBN3gA.ttf"},{"family":"Noto Sans Nag Mundari","version":"v2","lastModified":"2024-07-30","category":"sans-serif","kind":"webfonts#webfont","menu":"https://fonts.gstatic.com/s/notosansnagmundari/v2/3qTAoi2hnSyU8TNFIdhZTyod3g5lBnKlQFk2kS9fr9Eq09RHRxirXUCK1w.ttf"},{"family":"Noto Sans Nandinagari","version":"v4","lastModified":"2023-10-25","category":"sans-serif","kind":"webfonts#webfont","menu":"https://fonts.gstatic.com/s/notosansnandinagari/v4/or38Q7733eiDljA1IufXSNFT-1KI5y10H4jlap5T.ttf"},{"family":"Noto Sans New Tai Lue","version":"v22","lastModified":"2023-09-27","category":"sans-serif","kind":"webfonts#webfont","menu":"https://fonts.gstatic.com/s/notosansnewtailue/v22/H4cKBW-Pl9DZ0Xe_nHUapt7PovLXAhAnY7wqaLy-OJgU3p_pdeXAUUfqgA.ttf"},{"family":"Noto Sans Newa","version":"v16","lastModified":"2022-11-09","category":"sans-serif","kind":"webfonts#webfont","menu":"https://fonts.gstatic.com/s/notosansnewa/v16/7r3fqXp6utEsO9pI4f8ok8sWg_n-oto.ttf"},{"family":"Noto Sans NKo","version":"v6","lastModified":"2023-09-27","category":"sans-serif","kind":"webfonts#webfont","menu":"https://fonts.gstatic.com/s/notosansnko/v6/esDX31ZdNv-KYGGJpKGk2_RpApGGGA.ttf"},{"family":"Noto Sans NKo Unjoined","version":"v2","lastModified":"2023-09-27","category":"sans-serif","kind":"webfonts#webfont","menu":"https://fonts.gstatic.com/s/notosansnkounjoined/v2/MCo_zBjx1d3VUhJFK9MYlNCXJ6VvqwGPz3szPOBB5nuzMdWs0rvF2jEOz_o.ttf"},{"family":"Noto Sans Nushu","version":"v19","lastModified":"2023-04-27","category":"sans-serif","kind":"webfonts#webfont","menu":"https://fonts.gstatic.com/s/notosansnushu/v19/rnCw-xRQ3B7652emAbAe_Ai1IYa1WVoI.ttf"},{"family":"Noto Sans Ogham","version":"v17","lastModified":"2023-07-24","category":"sans-serif","kind":"webfonts#webfont","menu":"https://fonts.gstatic.com/s/notosansogham/v17/kmKlZqk1GBDGN0mY6k5lmEmww4hbtpNe.ttf"},{"family":"Noto Sans Ol Chiki","version":"v29","lastModified":"2023-09-14","category":"sans-serif","kind":"webfonts#webfont","menu":"https://fonts.gstatic.com/s/notosansolchiki/v29/N0b92TJNOPt-eHmFZCdQbrL32r-4CvhzDzRwlxOQYuVALWk227MwhQ.ttf"},{"family":"Noto Sans Old Hungarian","version":"v18","lastModified":"2023-09-13","category":"sans-serif","kind":"webfonts#webfont","menu":"https://fonts.gstatic.com/s/notosansoldhungarian/v18/E213_cD6hP3GwCJPEUssHEM0KqLaHJXg2PiIgSfiZAo.ttf"},{"family":"Noto Sans Old Italic","version":"v17","lastModified":"2024-07-30","category":"sans-serif","kind":"webfonts#webfont","menu":"https://fonts.gstatic.com/s/notosansolditalic/v17/TuGOUUFzXI5FBtUq5a8bh68BJxxEVam7tVlQfxw.ttf"},{"family":"Noto Sans Old North Arabian","version":"v16","lastModified":"2023-07-13","category":"sans-serif","kind":"webfonts#webfont","menu":"https://fonts.gstatic.com/s/notosansoldnortharabian/v16/esDF30BdNv-KYGGJpKGk2tNiMt7Jar6olZDyNdr81zBgmEA7.ttf"},{"family":"Noto Sans Old Permic","version":"v17","lastModified":"2023-07-13","category":"sans-serif","kind":"webfonts#webfont","menu":"https://fonts.gstatic.com/s/notosansoldpermic/v17/snf1s1q1-dF8pli1TesqcbUY4Mr-ElrwKIdWiPs.ttf"},{"family":"Noto Sans Old Persian","version":"v16","lastModified":"2023-07-13","category":"sans-serif","kind":"webfonts#webfont","menu":"https://fonts.gstatic.com/s/notosansoldpersian/v16/wEOjEAbNnc5caQTFG18FHrZr9Bp6-8CmIJ_dqeNU.ttf"},{"family":"Noto Sans Old Sogdian","version":"v17","lastModified":"2024-07-30","category":"sans-serif","kind":"webfonts#webfont","menu":"https://fonts.gstatic.com/s/notosansoldsogdian/v17/3JnjSCH90Gmq2mrzckOBBhFhdrMst48aURtLnOgu.ttf"},{"family":"Noto Sans Old South Arabian","version":"v16","lastModified":"2023-07-13","category":"sans-serif","kind":"webfonts#webfont","menu":"https://fonts.gstatic.com/s/notosansoldsoutharabian/v16/3qT5oiOhnSyU8TNFIdhZTice3hB_HWKsEnF--0XCHiKB1eFH.ttf"},{"family":"Noto Sans Old Turkic","version":"v18","lastModified":"2024-07-30","category":"sans-serif","kind":"webfonts#webfont","menu":"https://fonts.gstatic.com/s/notosansoldturkic/v18/yMJNMJVya43H0SUF_WmcGEQVqoEMKDKbsH2Qhkg.ttf"},{"family":"Noto Sans Oriya","version":"v31","lastModified":"2024-04-12","category":"sans-serif","kind":"webfonts#webfont","menu":"https://fonts.gstatic.com/s/notosansoriya/v31/AYCppXfzfccDCstK_hrjDyADv5e9748vhj3CJBLHIARtgD6TJQS0dJT5Ivj0f5_d4rw.ttf"},{"family":"Noto Sans Osage","version":"v18","lastModified":"2022-11-09","category":"sans-serif","kind":"webfonts#webfont","menu":"https://fonts.gstatic.com/s/notosansosage/v18/oPWX_kB6kP4jCuhpgEGmw4mtAVtnR1yW.ttf"},{"family":"Noto Sans Osmanya","version":"v18","lastModified":"2022-11-09","category":"sans-serif","kind":"webfonts#webfont","menu":"https://fonts.gstatic.com/s/notosansosmanya/v18/8vIS7xs32H97qzQKnzfeWzUyUpOJmw6lTYo.ttf"},{"family":"Noto Sans Pahawh Hmong","version":"v18","lastModified":"2023-05-02","category":"sans-serif","kind":"webfonts#webfont","menu":"https://fonts.gstatic.com/s/notosanspahawhhmong/v18/bWtp7e_KfBziStx7lIzKKaMUOBEA3UPQDW7knzY1dw.ttf"},{"family":"Noto Sans Palmyrene","version":"v16","lastModified":"2023-06-22","category":"sans-serif","kind":"webfonts#webfont","menu":"https://fonts.gstatic.com/s/notosanspalmyrene/v16/ZgNPjOdKPa7CHqq0h37c_ASCWvH93SFCDnOzYg.ttf"},{"family":"Noto Sans Pau Cin Hau","version":"v20","lastModified":"2023-05-02","category":"sans-serif","kind":"webfonts#webfont","menu":"https://fonts.gstatic.com/s/notosanspaucinhau/v20/x3d-cl3IZKmUqiMg_9wBLLtzl22EayN7ehItjU-u.ttf"},{"family":"Noto Sans PhagsPa","version":"v23","lastModified":"2024-12-10","category":"sans-serif","kind":"webfonts#webfont","menu":"https://fonts.gstatic.com/s/notosansphagspa/v23/XLY8IYr5bJNDGYxPGjyYbaEjwQR-LGltasI.ttf"},{"family":"Noto Sans Phoenician","version":"v17","lastModified":"2023-07-24","category":"sans-serif","kind":"webfonts#webfont","menu":"https://fonts.gstatic.com/s/notosansphoenician/v17/jizFRF9Ksm4Bt9PvcTaEkIHiTVtxmFtS5U7IqNs.ttf"},{"family":"Noto Sans Psalter Pahlavi","version":"v17","lastModified":"2024-07-30","category":"sans-serif","kind":"webfonts#webfont","menu":"https://fonts.gstatic.com/s/notosanspsalterpahlavi/v17/rP2Vp3K65FkAtHfwd-eISGznYihzggmsicPfud3w5GzAtQ.ttf"},{"family":"Noto Sans Rejang","version":"v21","lastModified":"2023-09-27","category":"sans-serif","kind":"webfonts#webfont","menu":"https://fonts.gstatic.com/s/notosansrejang/v21/Ktk2AKuMeZjqPnXgyqrib7DIogqwB4K9XQ.ttf"},{"family":"Noto Sans Runic","version":"v17","lastModified":"2023-07-24","category":"sans-serif","kind":"webfonts#webfont","menu":"https://fonts.gstatic.com/s/notosansrunic/v17/H4c_BXWPl9DZ0Xe_nHUaus7W68WmahBr.ttf"},{"family":"Noto Sans Samaritan","version":"v16","lastModified":"2023-06-22","category":"sans-serif","kind":"webfonts#webfont","menu":"https://fonts.gstatic.com/s/notosanssamaritan/v16/buEqppe9f8_vkXadMBJJo0tSmaYjFkxOYo9pMg.ttf"},{"family":"Noto Sans Saurashtra","version":"v23","lastModified":"2023-09-13","category":"sans-serif","kind":"webfonts#webfont","menu":"https://fonts.gstatic.com/s/notosanssaurashtra/v23/ea8GacQ0Wfz_XKWXe6OtoA8w8zvmYwTef-nchBc.ttf"},{"family":"Noto Sans SC","version":"v37","lastModified":"2024-07-30","category":"sans-serif","kind":"webfonts#webfont","menu":"https://fonts.gstatic.com/s/notosanssc/v37/k3kCo84MPvpLmixcA63oeAL7Iqp5IZJF9bmaG9_FrY1HaA.ttf"},{"family":"Noto Sans Sharada","version":"v16","lastModified":"2022-11-18","category":"sans-serif","kind":"webfonts#webfont","menu":"https://fonts.gstatic.com/s/notosanssharada/v16/gok0H7rwAEdtF9N8-mdTGALG6p0kwrXKNug.ttf"},{"family":"Noto Sans Shavian","version":"v17","lastModified":"2023-07-24","category":"sans-serif","kind":"webfonts#webfont","menu":"https://fonts.gstatic.com/s/notosansshavian/v17/CHy5V_HZE0jxJBQlqAeCKjJvQBNF4HFRQJ0.ttf"},{"family":"Noto Sans Siddham","version":"v20","lastModified":"2023-09-27","category":"sans-serif","kind":"webfonts#webfont","menu":"https://fonts.gstatic.com/s/notosanssiddham/v20/OZpZg-FwqiNLe9PELUikxTWDoCCeGpncmXY.ttf"},{"family":"Noto Sans SignWriting","version":"v4","lastModified":"2024-09-04","category":"sans-serif","kind":"webfonts#webfont","menu":"https://fonts.gstatic.com/s/notosanssignwriting/v4/Noas6VX_wIWFbTTCrYmvy9A2UnkL-2SZAWikEFqE.ttf"},{"family":"Noto Sans Sinhala","version":"v32","lastModified":"2024-11-20","category":"sans-serif","kind":"webfonts#webfont","menu":"https://fonts.gstatic.com/s/notosanssinhala/v32/yMJ2MJBya43H0SUF_WmcBEEf4rQVO2P524V5N_MxQzQtb-tf5dJbC30Fu9zUwg2a1lkBoA.ttf"},{"family":"Noto Sans Sogdian","version":"v16","lastModified":"2023-06-22","category":"sans-serif","kind":"webfonts#webfont","menu":"https://fonts.gstatic.com/s/notosanssogdian/v16/taiQGn5iC4--qtsfi4Jp6eHPnfxQBr-_NGo.ttf"},{"family":"Noto Sans Sora Sompeng","version":"v24","lastModified":"2023-03-09","category":"sans-serif","kind":"webfonts#webfont","menu":"https://fonts.gstatic.com/s/notosanssorasompeng/v24/PlIRFkO5O6RzLfvNNVSioxM2_OTrEhPyDLolKvCsHzCxWuGkYHR81_Dob3Y.ttf"},{"family":"Noto Sans Soyombo","version":"v17","lastModified":"2023-07-24","category":"sans-serif","kind":"webfonts#webfont","menu":"https://fonts.gstatic.com/s/notosanssoyombo/v17/RWmSoL-Y6-8q5LTtXs6MF6q7xsxgY3FqKlc.ttf"},{"family":"Noto Sans Sundanese","version":"v26","lastModified":"2024-05-02","category":"sans-serif","kind":"webfonts#webfont","menu":"https://fonts.gstatic.com/s/notosanssundanese/v26/FwZw7_84xUkosG2xJo2gm7nFwSLQkdymq2mkz3Gz1_b6ctxpNOHDgT8.ttf"},{"family":"Noto Sans Syloti Nagri","version":"v23","lastModified":"2024-08-12","category":"sans-serif","kind":"webfonts#webfont","menu":"https://fonts.gstatic.com/s/notosanssylotinagri/v23/uU9eCAQZ75uhfF9UoWDRiY3q7Sf_VFV3m4dGJVb7Mw.ttf"},{"family":"Noto Sans Symbols","version":"v43","lastModified":"2024-09-04","category":"sans-serif","kind":"webfonts#webfont","menu":"https://fonts.gstatic.com/s/notosanssymbols/v43/rP2up3q65FkAtHfwd-eIS2brbDN6gxP34F9jRRCe4W3gfQ8Qa_9B.ttf"},{"family":"Noto Sans Symbols 2","version":"v24","lastModified":"2024-09-30","category":"sans-serif","kind":"webfonts#webfont","menu":"https://fonts.gstatic.com/s/notosanssymbols2/v24/I_uyMoGduATTei9eI8daxVHDyfisHr71-pLgeQ.ttf"},{"family":"Noto Sans Syriac","version":"v16","lastModified":"2023-04-27","category":"sans-serif","kind":"webfonts#webfont","menu":"https://fonts.gstatic.com/s/notosanssyriac/v16/Ktk7AKuMeZjqPnXgyqribqzQqgW0LYiVqV7dXcP0C-VD9PaIw5M.ttf"},{"family":"Noto Sans Syriac Eastern","version":"v1","lastModified":"2023-07-13","category":"sans-serif","kind":"webfonts#webfont","menu":"https://fonts.gstatic.com/s/notosanssyriaceastern/v1/Noac6Vj_wIWFbTTCrYmvy8AjVU8aslWRHHvRYxS-Ro3yS0FDacnHPi-fgzGB4Q.ttf"},{"family":"Noto Sans Tagalog","version":"v22","lastModified":"2023-09-27","category":"sans-serif","kind":"webfonts#webfont","menu":"https://fonts.gstatic.com/s/notosanstagalog/v22/J7aFnoNzCnFcV9ZI-sUYuvote1R0wzEBCcw.ttf"},{"family":"Noto Sans Tagbanwa","version":"v18","lastModified":"2023-05-02","category":"sans-serif","kind":"webfonts#webfont","menu":"https://fonts.gstatic.com/s/notosanstagbanwa/v18/Y4GWYbB8VTEp4t3MKJSMmQdIKjRtt_npRz4A.ttf"},{"family":"Noto Sans Tai Le","version":"v17","lastModified":"2022-11-09","category":"sans-serif","kind":"webfonts#webfont","menu":"https://fonts.gstatic.com/s/notosanstaile/v17/vEFK2-VODB8RrNDvZSUmVxEATwR5wtO_Xw.ttf"},{"family":"Noto Sans Tai Tham","version":"v20","lastModified":"2023-09-14","category":"sans-serif","kind":"webfonts#webfont","menu":"https://fonts.gstatic.com/s/notosanstaitham/v20/kJEbBv0U4hgtwxDUw2x9q7tbjLIfbPGHBoaVSAZ3MdLJBCUbDgukzQ.ttf"},{"family":"Noto Sans Tai Viet","version":"v19","lastModified":"2023-09-27","category":"sans-serif","kind":"webfonts#webfont","menu":"https://fonts.gstatic.com/s/notosanstaiviet/v19/8QIUdj3HhN_lv4jf9vsE-9GMOLsaSPZb6oQb.ttf"},{"family":"Noto Sans Takri","version":"v24","lastModified":"2023-10-25","category":"sans-serif","kind":"webfonts#webfont","menu":"https://fonts.gstatic.com/s/notosanstakri/v24/TuGJUVpzXI5FBtUq5a8bnKIOdTwgNeXS.ttf"},{"family":"Noto Sans Tamil","version":"v27","lastModified":"2023-04-27","category":"sans-serif","kind":"webfonts#webfont","menu":"https://fonts.gstatic.com/s/notosanstamil/v27/ieVc2YdFI3GCY6SyQy1KfStzYKZgzN1z4LKDbeZce-0429tBManUktuex7vGo40QoqQ.ttf"},{"family":"Noto Sans Tamil Supplement","version":"v21","lastModified":"2023-06-30","category":"sans-serif","kind":"webfonts#webfont","menu":"https://fonts.gstatic.com/s/notosanstamilsupplement/v21/DdTz78kEtnooLS5rXF1DaruiCd_bFp_Ph4sGcn7ax8vtC-c.ttf"},{"family":"Noto Sans Tangsa","version":"v6","lastModified":"2023-10-25","category":"sans-serif","kind":"webfonts#webfont","menu":"https://fonts.gstatic.com/s/notosanstangsa/v6/z7NCdQPmcigbbZAIOl9igP26K470lICpky0-peX5Qp1YkxoQa94.ttf"},{"family":"Noto Sans TC","version":"v36","lastModified":"2024-07-30","category":"sans-serif","kind":"webfonts#webfont","menu":"https://fonts.gstatic.com/s/notosanstc/v36/-nFuOG829Oofr2wohFbTp9ifNAn722rq0MXz76CyzCtEsg.ttf"},{"family":"Noto Sans Telugu","version":"v26","lastModified":"2023-10-25","category":"sans-serif","kind":"webfonts#webfont","menu":"https://fonts.gstatic.com/s/notosanstelugu/v26/0FlxVOGZlE2Rrtr-HmgkMWJNjJ5_RyT8o8c7fHkeg-esVC5dzHkHIJQqrEntezbaQEzb.ttf"},{"family":"Noto Sans Thaana","version":"v24","lastModified":"2023-11-09","category":"sans-serif","kind":"webfonts#webfont","menu":"https://fonts.gstatic.com/s/notosansthaana/v24/C8c14dM-vnz-s-3jaEsxlxHkBH-WZOETXfoQrfQ9Y4XrbiLglOo.ttf"},{"family":"Noto Sans Thai","version":"v25","lastModified":"2023-10-25","category":"sans-serif","kind":"webfonts#webfont","menu":"https://fonts.gstatic.com/s/notosansthai/v25/iJWnBXeUZi_OHPqn4wq6hQ2_hbJ1xyN9wd43SofNWcd1MKVQt_So_9CdU5RtlzB0RQ.ttf"},{"family":"Noto Sans Thai Looped","version":"v14","lastModified":"2023-04-27","category":"sans-serif","kind":"webfonts#webfont","menu":"https://fonts.gstatic.com/s/notosansthailooped/v14/B50RF6pOpWTRcGrhOVJJ3-oPfY7WQuFu5R3QOqAY.ttf"},{"family":"Noto Sans Tifinagh","version":"v20","lastModified":"2023-09-27","category":"sans-serif","kind":"webfonts#webfont","menu":"https://fonts.gstatic.com/s/notosanstifinagh/v20/I_uzMoCduATTei9eI8dawkHIwvmhCvbX67PA.ttf"},{"family":"Noto Sans Tirhuta","version":"v16","lastModified":"2023-07-24","category":"sans-serif","kind":"webfonts#webfont","menu":"https://fonts.gstatic.com/s/notosanstirhuta/v16/t5t6IQYRNJ6TWjahPR6X-M-apUyby4uHWh8.ttf"},{"family":"Noto Sans Ugaritic","version":"v16","lastModified":"2023-05-23","category":"sans-serif","kind":"webfonts#webfont","menu":"https://fonts.gstatic.com/s/notosansugaritic/v16/3qTwoiqhnSyU8TNFIdhZVCwbjCpkAXXUMxAM.ttf"},{"family":"Noto Sans Vai","version":"v17","lastModified":"2022-09-28","category":"sans-serif","kind":"webfonts#webfont","menu":"https://fonts.gstatic.com/s/notosansvai/v17/NaPecZTSBuhTirw6IaFn_UrUdMXmCA.ttf"},{"family":"Noto Sans Vithkuqi","version":"v1","lastModified":"2023-07-24","category":"sans-serif","kind":"webfonts#webfont","menu":"https://fonts.gstatic.com/s/notosansvithkuqi/v1/jVyi7m77CXvQswd6WjYu9E1wN6cih2TSchUEkQgw3KTnva5SsKIxug.ttf"},{"family":"Noto Sans Wancho","version":"v17","lastModified":"2022-09-28","category":"sans-serif","kind":"webfonts#webfont","menu":"https://fonts.gstatic.com/s/notosanswancho/v17/zrf-0GXXyfn6Fs0lH9P4cUubP0GBmALiog.ttf"},{"family":"Noto Sans Warang Citi","version":"v17","lastModified":"2022-09-28","category":"sans-serif","kind":"webfonts#webfont","menu":"https://fonts.gstatic.com/s/notosanswarangciti/v17/EYqtmb9SzL1YtsZSScyKDXIeOv3w-zgsNvKhpO9G.ttf"},{"family":"Noto Sans Yi","version":"v19","lastModified":"2023-05-02","category":"sans-serif","kind":"webfonts#webfont","menu":"https://fonts.gstatic.com/s/notosansyi/v19/sJoD3LFXjsSdcnzn071rO3aZxFrN.ttf"},{"family":"Noto Sans Zanabazar Square","version":"v19","lastModified":"2023-09-27","category":"sans-serif","kind":"webfonts#webfont","menu":"https://fonts.gstatic.com/s/notosanszanabazarsquare/v19/Cn-jJsuGWQxOjaGwMQ6fOicyxLBEMRfDtkzl4uagQuJwMiU.ttf"},{"family":"Noto Serif","version":"v23","lastModified":"2023-10-25","category":"serif","kind":"webfonts#webfont","menu":"https://fonts.gstatic.com/s/notoserif/v23/ga6iaw1J5X9T9RW6j9bNVls-hfgvz8JcMofYTa32J4wsL2JAlAhZqFCTwccP.ttf"},{"family":"Noto Serif Ahom","version":"v20","lastModified":"2023-11-09","category":"serif","kind":"webfonts#webfont","menu":"https://fonts.gstatic.com/s/notoserifahom/v20/FeVIS0hfp6cprmEUffAW_fUL_ANOw-wv.ttf"},{"family":"Noto Serif Armenian","version":"v27","lastModified":"2023-11-09","category":"serif","kind":"webfonts#webfont","menu":"https://fonts.gstatic.com/s/notoserifarmenian/v27/3XFMEqMt3YoFsciDRZxptyCUKJmytZ0kVU-XvF7QaZuL85rnQ_zDNzDe5xNnKxyZi8Krx__e.ttf"},{"family":"Noto Serif Balinese","version":"v20","lastModified":"2024-07-30","category":"serif","kind":"webfonts#webfont","menu":"https://fonts.gstatic.com/s/notoserifbalinese/v20/QdVKSS0-JginysQSRvuCmUMB_wVeQAxXdbkDcg.ttf"},{"family":"Noto Serif Bengali","version":"v25","lastModified":"2024-11-20","category":"serif","kind":"webfonts#webfont","menu":"https://fonts.gstatic.com/s/notoserifbengali/v25/hYkuPvggTvnzO14VSXltirUdnnkt1pwmWrprmO7RjE0a5BtdATYU1crFaM_5JfcAHkqm6rw.ttf"},{"family":"Noto Serif Devanagari","version":"v30","lastModified":"2024-07-01","category":"serif","kind":"webfonts#webfont","menu":"https://fonts.gstatic.com/s/notoserifdevanagari/v30/x3dYcl3IZKmUqiMk48ZHXJ5jwU-DZGRSaQ4Hh2dGyFzPLcQPVbnRNeFsw0xRWb6uxTA-oz-GO0M.ttf"},{"family":"Noto Serif Display","version":"v24","lastModified":"2023-08-25","category":"serif","kind":"webfonts#webfont","menu":"https://fonts.gstatic.com/s/notoserifdisplay/v24/buERppa9f8_vkXaZLAgP0G5Wi6QmA1QaeYah2sovLCDq_ZgLyt3idQfktOG-PVpd4ugLYjE.ttf"},{"family":"Noto Serif Dogra","version":"v23","lastModified":"2023-11-28","category":"serif","kind":"webfonts#webfont","menu":"https://fonts.gstatic.com/s/notoserifdogra/v23/MQpP-XquKMC7ROPP3QOOlm7xPu3fKy-9JQ.ttf"},{"family":"Noto Serif Ethiopic","version":"v30","lastModified":"2023-09-14","category":"serif","kind":"webfonts#webfont","menu":"https://fonts.gstatic.com/s/notoserifethiopic/v30/V8mjoR7-XjwJ8_Au3Ti5tXj5Rd83frpWLK4d-taxqWw2HMWjDxBAg5S_0QsrggxCzSUTkKm5.ttf"},{"family":"Noto Serif Georgian","version":"v26","lastModified":"2023-11-28","category":"serif","kind":"webfonts#webfont","menu":"https://fonts.gstatic.com/s/notoserifgeorgian/v26/VEMXRpd8s4nv8hG_qOzL7HOAw4nt0Sl_XxyaEduNMvi7T6Y4etRnmGhyLop-R3aSTvovdj70.ttf"},{"family":"Noto Serif Grantha","version":"v21","lastModified":"2024-06-10","category":"serif","kind":"webfonts#webfont","menu":"https://fonts.gstatic.com/s/notoserifgrantha/v21/qkBIXuEH5NzDDvc3fLDYxPk9-Wq3WLiaFUlP.ttf"},{"family":"Noto Serif Gujarati","version":"v27","lastModified":"2023-11-28","category":"serif","kind":"webfonts#webfont","menu":"https://fonts.gstatic.com/s/notoserifgujarati/v27/hESa6WBlOixO-3OJ1FTmTsmqlBRUJBVkcgNLpdsspzP2HuYycLzvOVY.ttf"},{"family":"Noto Serif Gurmukhi","version":"v20","lastModified":"2023-04-27","category":"serif","kind":"webfonts#webfont","menu":"https://fonts.gstatic.com/s/notoserifgurmukhi/v20/92z-tA9LNqsg7tCYlXdCV1VPnAEeDU0vLoYMbylXk0xTCr6-eSTMkKE.ttf"},{"family":"Noto Serif Hebrew","version":"v28","lastModified":"2024-06-10","category":"serif","kind":"webfonts#webfont","menu":"https://fonts.gstatic.com/s/notoserifhebrew/v28/k3k0o9MMPvpLmixYH7euCwmkS9DohjX1-kRyiqyBqIxnoLbp93i9IKrXKF_qVAwSMG41ug.ttf"},{"family":"Noto Serif HK","version":"v9","lastModified":"2024-09-23","category":"serif","kind":"webfonts#webfont","menu":"https://fonts.gstatic.com/s/notoserifhk/v9/BngdUXBETWXI6LwlBZGcqL-B_KuJFcgfwP_9RMd-K1RnXdA.ttf"},{"family":"Noto Serif JP","version":"v30","lastModified":"2024-09-23","category":"serif","kind":"webfonts#webfont","menu":"https://fonts.gstatic.com/s/notoserifjp/v30/xn71YHs72GKoTvER4Gn3b5eMRtWGkp6o7MjQ2bwxOtbBKrc.ttf"},{"family":"Noto Serif Kannada","version":"v27","lastModified":"2023-10-25","category":"serif","kind":"webfonts#webfont","menu":"https://fonts.gstatic.com/s/notoserifkannada/v27/v6-8GZHLJFKIhClqUYqXDiWqpxQxWSPoW6bz-l4hGHiNgcYDQeVD6w.ttf"},{"family":"Noto Serif Khitan Small Script","version":"v4","lastModified":"2024-09-04","category":"serif","kind":"webfonts#webfont","menu":"https://fonts.gstatic.com/s/notoserifkhitansmallscript/v4/jizzRFVKsm4Bt9PrbSzC4KLlQUF5lRJg5j-l5PvyhfTdd4TcZsNf.ttf"},{"family":"Noto Serif Khmer","version":"v25","lastModified":"2023-10-25","category":"serif","kind":"webfonts#webfont","menu":"https://fonts.gstatic.com/s/notoserifkhmer/v25/-F6UfidqLzI2JPCkXAO2hmogq0146FxtbwKEr951z5s6lI40sDRH_AVhUKdN6B8AXUxO.ttf"},{"family":"Noto Serif Khojki","version":"v11","lastModified":"2024-02-02","category":"serif","kind":"webfonts#webfont","menu":"https://fonts.gstatic.com/s/notoserifkhojki/v11/I_uHMoOduATTei9aP90ctmPGxP2rBKTM4mcQ5M3z9QMY0ghfyJcU.ttf"},{"family":"Noto Serif KR","version":"v28","lastModified":"2024-09-23","category":"serif","kind":"webfonts#webfont","menu":"https://fonts.gstatic.com/s/notoserifkr/v28/3JnoSDn90Gmq2mr3blnHaTZXbOtLJDvui3JOncjmeP53658.ttf"},{"family":"Noto Serif Lao","version":"v24","lastModified":"2023-09-27","category":"serif","kind":"webfonts#webfont","menu":"https://fonts.gstatic.com/s/notoseriflao/v24/3y9C6bYwcCjmsU8JEzCMxEwQfEBLk3f0rlSqCdaM_LlSNZ59oNw0BWH8VeMKnvKpkg.ttf"},{"family":"Noto Serif Makasar","version":"v1","lastModified":"2023-06-30","category":"serif","kind":"webfonts#webfont","menu":"https://fonts.gstatic.com/s/notoserifmakasar/v1/memjYbqtyH-NiZpFH_9zcvB_PqkfY9SLjovX.ttf"},{"family":"Noto Serif Malayalam","version":"v28","lastModified":"2023-05-02","category":"serif","kind":"webfonts#webfont","menu":"https://fonts.gstatic.com/s/notoserifmalayalam/v28/JIAZUU5sdmdP_HMcVcZFcH7DeVBeGVgSMEk2cmVDq1ihUXL1t-xvnFYD.ttf"},{"family":"Noto Serif Myanmar","version":"v13","lastModified":"2022-09-28","category":"serif","kind":"webfonts#webfont","menu":"https://fonts.gstatic.com/s/notoserifmyanmar/v13/VuJsdM7F2Yv76aBKKs-bHMQfAHUw3jnFpRDs.ttf"},{"family":"Noto Serif NP Hmong","version":"v1","lastModified":"2022-12-08","category":"serif","kind":"webfonts#webfont","menu":"https://fonts.gstatic.com/s/notoserifnphmong/v1/pONN1gItFMO79E4L1GPUi-2sixKHZyFj9Jy6_KhXPwzdvbjPhGLo1Ok.ttf"},{"family":"Noto Serif Old Uyghur","version":"v4","lastModified":"2024-09-23","category":"serif","kind":"webfonts#webfont","menu":"https://fonts.gstatic.com/s/notoserifolduyghur/v4/v6-KGZbLJFKIhClqUYqXDiGnrVoFRCW6JdwXK-Oa.ttf"},{"family":"Noto Serif Oriya","version":"v4","lastModified":"2023-03-09","category":"serif","kind":"webfonts#webfont","menu":"https://fonts.gstatic.com/s/notoseriforiya/v4/MjQQmj56u-r69izk_LDqWN7w0cYByutv9qeWYrvLaxrc_Ey_tUk.ttf"},{"family":"Noto Serif Ottoman Siyaq","version":"v2","lastModified":"2024-09-04","category":"serif","kind":"webfonts#webfont","menu":"https://fonts.gstatic.com/s/notoserifottomansiyaq/v2/fC1yPZ9IYnzRhTrrc4s8cSvYI0eozzaFOQ01qoH7J7IE.ttf"},{"family":"Noto Serif SC","version":"v31","lastModified":"2024-07-30","category":"serif","kind":"webfonts#webfont","menu":"https://fonts.gstatic.com/s/notoserifsc/v31/H4cyBXePl9DZ0Xe7gG9cyOj7uK2-n-D2rd4FY7SCqxWu-Yo.ttf"},{"family":"Noto Serif Sinhala","version":"v26","lastModified":"2023-05-02","category":"serif","kind":"webfonts#webfont","menu":"https://fonts.gstatic.com/s/notoserifsinhala/v26/DtVEJwinQqclnZE2CnsPug9lgGC3y2F2nehQ7Eg4EdBKWxPiDxMivFLgRXs_-pGxR2Mtz6Y.ttf"},{"family":"Noto Serif Tamil","version":"v28","lastModified":"2023-04-27","category":"serif","kind":"webfonts#webfont","menu":"https://fonts.gstatic.com/s/notoseriftamil/v28/LYjndHr-klIgTfc40komjQ5OObazYp-6H94dBF-RX6nNRJfi-Gf55IgAecattN-h8fbz.ttf"},{"family":"Noto Serif Tangut","version":"v16","lastModified":"2023-05-23","category":"serif","kind":"webfonts#webfont","menu":"https://fonts.gstatic.com/s/notoseriftangut/v16/xn76YGc72GKoTvER4Gn3b4m9Ern7El40d88.ttf"},{"family":"Noto Serif TC","version":"v32","lastModified":"2024-09-23","category":"serif","kind":"webfonts#webfont","menu":"https://fonts.gstatic.com/s/notoseriftc/v32/XLYzIZb5bJNDGYxLBibeHZ0BnHwmuanx8cUaGX9aMNpCM2I.ttf"},{"family":"Noto Serif Telugu","version":"v26","lastModified":"2023-10-25","category":"serif","kind":"webfonts#webfont","menu":"https://fonts.gstatic.com/s/notoseriftelugu/v26/tDbl2pCbnkEKmXNVmt2M1q6f4HWbbj6MRbYEeav7Fe9D9TCAuIeb.ttf"},{"family":"Noto Serif Thai","version":"v24","lastModified":"2023-10-25","category":"serif","kind":"webfonts#webfont","menu":"https://fonts.gstatic.com/s/notoserifthai/v24/k3kyo80MPvpLmixYH7euCxWpSMu3-gcWGj0hHAKGvUQlUv_bCKDUSzB5L0oiF9RQAG8.ttf"},{"family":"Noto Serif Tibetan","version":"v22","lastModified":"2023-03-09","category":"serif","kind":"webfonts#webfont","menu":"https://fonts.gstatic.com/s/notoseriftibetan/v22/gokGH7nwAEdtF9N45n0Vaz7O-pk0wsvxHeDXMfqguoCmIrYcDS_hcQ.ttf"},{"family":"Noto Serif Toto","version":"v5","lastModified":"2024-07-16","category":"serif","kind":"webfonts#webfont","menu":"https://fonts.gstatic.com/s/notoseriftoto/v5/Ktk6ALSMeZjqPnXk1rCkHYHNtwvtHItpjRP74dHhCy3Ip-ep4w.ttf"},{"family":"Noto Serif Vithkuqi","version":"v1","lastModified":"2023-07-24","category":"serif","kind":"webfonts#webfont","menu":"https://fonts.gstatic.com/s/notoserifvithkuqi/v1/YA94r1OY7FjTf5szakutkndpw9HH-4a4z9pklvg1IQSNcRWMdV2DoSs.ttf"},{"family":"Noto Serif Yezidi","version":"v21","lastModified":"2023-07-24","category":"serif","kind":"webfonts#webfont","menu":"https://fonts.gstatic.com/s/notoserifyezidi/v21/XLYPIYr5bJNDGYxLBibeHZAn3B5KJENnQjbfhMSVZspD2yEUr1uN.ttf"},{"family":"Noto Traditional Nushu","version":"v22","lastModified":"2024-12-04","category":"sans-serif","kind":"webfonts#webfont","menu":"https://fonts.gstatic.com/s/nototraditionalnushu/v22/SZcV3EDkJ7q9FaoMPlmF4Su8hlIjoGh5aj67PUZX6ADm6oa8IXus1unOYbA.ttf"},{"family":"Noto Znamenny Musical Notation","version":"v3","lastModified":"2024-09-04","category":"sans-serif","kind":"webfonts#webfont","menu":"https://fonts.gstatic.com/s/notoznamennymusicalnotation/v3/CSRW4ylQnPyaDwAMK1U_AolTaJ4Lz41GcgaIZV9YO2rO88jft5Cu.ttf"},{"family":"Nova Cut","version":"v25","lastModified":"2024-11-20","category":"display","kind":"webfonts#webfont","menu":"https://fonts.gstatic.com/s/novacut/v25/KFOkCnSYu8mL-39LkVxOIzc.ttf"},{"family":"Nova Flat","version":"v25","lastModified":"2024-11-20","category":"display","kind":"webfonts#webfont","menu":"https://fonts.gstatic.com/s/novaflat/v25/QdVUSTc-JgqpytEbVeb0uCFg.ttf"},{"family":"Nova Mono","version":"v21","lastModified":"2024-11-20","category":"monospace","kind":"webfonts#webfont","menu":"https://fonts.gstatic.com/s/novamono/v21/Cn-0JtiGWQ5Ajb--MRKvYWZc.ttf"},{"family":"Nova Oval","version":"v25","lastModified":"2024-11-20","category":"display","kind":"webfonts#webfont","menu":"https://fonts.gstatic.com/s/novaoval/v25/jAnEgHdmANHvPenMaswyMIWl.ttf"},{"family":"Nova Round","version":"v22","lastModified":"2024-11-20","category":"display","kind":"webfonts#webfont","menu":"https://fonts.gstatic.com/s/novaround/v22/flU9Rqquw5UhEnlwTJYTUYbUfQ.ttf"},{"family":"Nova Script","version":"v26","lastModified":"2024-11-20","category":"display","kind":"webfonts#webfont","menu":"https://fonts.gstatic.com/s/novascript/v26/7Au7p_IpkSWSTWaFWkumvlQMGFk.ttf"},{"family":"Nova Slim","version":"v25","lastModified":"2024-11-20","category":"display","kind":"webfonts#webfont","menu":"https://fonts.gstatic.com/s/novaslim/v25/Z9XUDmZNQAuem8jyZcnOycmM.ttf"},{"family":"Nova Square","version":"v25","lastModified":"2024-11-20","category":"display","kind":"webfonts#webfont","menu":"https://fonts.gstatic.com/s/novasquare/v25/RrQUbo9-9DV7b06QHgSWsahBT4c.ttf"},{"family":"NTR","version":"v18","lastModified":"2024-11-20","category":"sans-serif","kind":"webfonts#webfont","menu":"https://fonts.gstatic.com/s/ntr/v18/RLpzK5Xy0ZjSGWJo.ttf"},{"family":"Numans","version":"v15","lastModified":"2024-09-04","category":"sans-serif","kind":"webfonts#webfont","menu":"https://fonts.gstatic.com/s/numans/v15/SlGRmQmGupYAfH84YBIk.ttf"},{"family":"Nunito","version":"v26","lastModified":"2024-09-04","category":"sans-serif","kind":"webfonts#webfont","menu":"https://fonts.gstatic.com/s/nunito/v26/XRXI3I6Li01BKofiOc5wtlZ2di8HDLshdTI3ig.ttf"},{"family":"Nunito Sans","version":"v15","lastModified":"2024-09-04","category":"sans-serif","kind":"webfonts#webfont","menu":"https://fonts.gstatic.com/s/nunitosans/v15/pe1mMImSLYBIv1o4X1M8ce2xCx3yop4tQpF_MeTm0lfGWVpNn64CL7U8upHZIbMV51Q42ptCp5F5bxqqtQ1yiU4G1ilXtVUg.ttf"},{"family":"Nuosu SIL","version":"v10","lastModified":"2024-09-04","category":"sans-serif","kind":"webfonts#webfont","menu":"https://fonts.gstatic.com/s/nuosusil/v10/8vIK7wM3wmRn_kc4uAjuFWZf.ttf"},{"family":"Odibee Sans","version":"v18","lastModified":"2024-09-04","category":"display","kind":"webfonts#webfont","menu":"https://fonts.gstatic.com/s/odibeesans/v18/neIPzCSooYAho6WvjeToRbkzcJU.ttf"},{"family":"Odor Mean Chey","version":"v30","lastModified":"2024-11-20","category":"serif","kind":"webfonts#webfont","menu":"https://fonts.gstatic.com/s/odormeanchey/v30/raxkHiKDttkTe1aOGcJMR1A_4lrZ0T4.ttf"},{"family":"Offside","version":"v24","lastModified":"2024-09-04","category":"display","kind":"webfonts#webfont","menu":"https://fonts.gstatic.com/s/offside/v24/HI_KiYMWKa9QrAykc5DoQg.ttf"},{"family":"Oi","version":"v20","lastModified":"2024-11-20","category":"display","kind":"webfonts#webfont","menu":"https://fonts.gstatic.com/s/oi/v20/w8gXH2EuRptbsNo.ttf"},{"family":"Ojuju","version":"v3","lastModified":"2024-09-04","category":"sans-serif","kind":"webfonts#webfont","menu":"https://fonts.gstatic.com/s/ojuju/v3/7r3bqXF7v9ApbrMih3jYQBVm9-n_SpkJ5mtV.ttf"},{"family":"Old Standard TT","version":"v20","lastModified":"2024-09-04","category":"serif","kind":"webfonts#webfont","menu":"https://fonts.gstatic.com/s/oldstandardtt/v20/MwQubh3o1vLImiwAVvYawgcf2eVerFq9.ttf"},{"family":"Oldenburg","version":"v22","lastModified":"2024-09-04","category":"display","kind":"webfonts#webfont","menu":"https://fonts.gstatic.com/s/oldenburg/v22/fC1jPY5JYWzbywv7c4VKUESs.ttf"},{"family":"Ole","version":"v3","lastModified":"2024-09-04","category":"handwriting","kind":"webfonts#webfont","menu":"https://fonts.gstatic.com/s/ole/v3/dFazZf6Z-rdM9PY-.ttf"},{"family":"Oleo Script","version":"v14","lastModified":"2024-09-04","category":"display","kind":"webfonts#webfont","menu":"https://fonts.gstatic.com/s/oleoscript/v14/rax5HieDvtMOe0iICsUccChbu0o.ttf"},{"family":"Oleo Script Swash Caps","version":"v13","lastModified":"2024-09-04","category":"display","kind":"webfonts#webfont","menu":"https://fonts.gstatic.com/s/oleoscriptswashcaps/v13/Noaj6Vb-w5SFbTTAsZP_7JkCS08K-jCzDn_HAXukTQ.ttf"},{"family":"Onest","version":"v6","lastModified":"2024-09-04","category":"sans-serif","kind":"webfonts#webfont","menu":"https://fonts.gstatic.com/s/onest/v6/gNMZW3F-SZuj7zOT0IfSjTS16cPh9R-psxtI.ttf"},{"family":"Oooh Baby","version":"v4","lastModified":"2024-09-04","category":"handwriting","kind":"webfonts#webfont","menu":"https://fonts.gstatic.com/s/ooohbaby/v4/2sDcZGJWgJTT2Jf76xQzbmW8.ttf"},{"family":"Open Sans","version":"v40","lastModified":"2024-09-04","category":"sans-serif","kind":"webfonts#webfont","menu":"https://fonts.gstatic.com/s/opensans/v40/memSYaGs126MiZpBA-UvWbX2vVnXBbObj2OVZyOOSr4dVJWUgsjZ0B4maVc.ttf"},{"family":"Oranienbaum","version":"v15","lastModified":"2024-09-04","category":"serif","kind":"webfonts#webfont","menu":"https://fonts.gstatic.com/s/oranienbaum/v15/OZpHg_txtzZKMuXLIVrx-0zm5Eg.ttf"},{"family":"Orbit","version":"v1","lastModified":"2024-08-12","category":"sans-serif","kind":"webfonts#webfont","menu":"https://fonts.gstatic.com/s/orbit/v1/_LOCmz7I-uHd2ljFcKM.ttf"},{"family":"Orbitron","version":"v31","lastModified":"2024-09-04","category":"sans-serif","kind":"webfonts#webfont","menu":"https://fonts.gstatic.com/s/orbitron/v31/yMJMMIlzdpvBhQQL_SC3X9yhF25-T1nyGy6Bp2g2.ttf"},{"family":"Oregano","version":"v15","lastModified":"2024-09-04","category":"display","kind":"webfonts#webfont","menu":"https://fonts.gstatic.com/s/oregano/v15/If2IXTPxciS3H4S2oZbVOw.ttf"},{"family":"Orelega One","version":"v12","lastModified":"2024-09-04","category":"display","kind":"webfonts#webfont","menu":"https://fonts.gstatic.com/s/orelegaone/v12/3qTpojOggD2XtAdFb-QXZFt73kM.ttf"},{"family":"Orienta","version":"v15","lastModified":"2024-09-04","category":"sans-serif","kind":"webfonts#webfont","menu":"https://fonts.gstatic.com/s/orienta/v15/PlI9FlK4Jrl5Y9zNSyai8A.ttf"},{"family":"Original Surfer","version":"v23","lastModified":"2024-11-20","category":"display","kind":"webfonts#webfont","menu":"https://fonts.gstatic.com/s/originalsurfer/v23/RWmQoKGZ9vIirYntXJ3_MbekzNMSDUFr.ttf"},{"family":"Oswald","version":"v53","lastModified":"2024-09-04","category":"sans-serif","kind":"webfonts#webfont","menu":"https://fonts.gstatic.com/s/oswald/v53/TK3_WkUHHAIjg75cFRf3bXL8LICs1_FvsUBiYA.ttf"},{"family":"Outfit","version":"v11","lastModified":"2024-09-04","category":"sans-serif","kind":"webfonts#webfont","menu":"https://fonts.gstatic.com/s/outfit/v11/QGYyz_MVcBeNP4NjuGObqx1XmO1I4TC1O4C0Fg.ttf"},{"family":"Over the Rainbow","version":"v21","lastModified":"2024-11-20","category":"handwriting","kind":"webfonts#webfont","menu":"https://fonts.gstatic.com/s/overtherainbow/v21/11haGoXG1k_HKhMLUWz7Mc7vvW5ulvKs8A.ttf"},{"family":"Overlock","version":"v17","lastModified":"2024-09-04","category":"display","kind":"webfonts#webfont","menu":"https://fonts.gstatic.com/s/overlock/v17/Z9XVDmdMWRiN1_T9Z7Tf6Ok.ttf"},{"family":"Overlock SC","version":"v23","lastModified":"2024-09-04","category":"display","kind":"webfonts#webfont","menu":"https://fonts.gstatic.com/s/overlocksc/v23/1cX3aUHKGZrstGAY8nwVzEGBocA.ttf"},{"family":"Overpass","version":"v16","lastModified":"2024-09-30","category":"sans-serif","kind":"webfonts#webfont","menu":"https://fonts.gstatic.com/s/overpass/v16/qFda35WCmI96Ajtm83upeyoaX6QPnlo6_PPbOJqP.ttf"},{"family":"Overpass Mono","version":"v16","lastModified":"2024-09-04","category":"monospace","kind":"webfonts#webfont","menu":"https://fonts.gstatic.com/s/overpassmono/v16/_Xm5-H86tzKDdAPa-KPQZ-AC_COcRycquHlL6EXUonzyVO4.ttf"},{"family":"Ovo","version":"v17","lastModified":"2024-09-04","category":"serif","kind":"webfonts#webfont","menu":"https://fonts.gstatic.com/s/ovo/v17/yYLl0h7WyfzTyo49.ttf"},{"family":"Oxanium","version":"v19","lastModified":"2024-09-04","category":"display","kind":"webfonts#webfont","menu":"https://fonts.gstatic.com/s/oxanium/v19/RrQPboN_4yJ0JmiMUW7sIGjd1IA9G81JfkiND3A.ttf"},{"family":"Oxygen","version":"v15","lastModified":"2024-09-04","category":"sans-serif","kind":"webfonts#webfont","menu":"https://fonts.gstatic.com/s/oxygen/v15/2sDfZG1Wl4LcnbuKiE0j.ttf"},{"family":"Oxygen Mono","version":"v14","lastModified":"2024-09-04","category":"monospace","kind":"webfonts#webfont","menu":"https://fonts.gstatic.com/s/oxygenmono/v14/h0GsssGg9FxgDgCjLeAd7hjex-s.ttf"},{"family":"Pacifico","version":"v22","lastModified":"2024-09-04","category":"handwriting","kind":"webfonts#webfont","menu":"https://fonts.gstatic.com/s/pacifico/v22/FwZY7-Qmy14u9lezJ-6B6Mw.ttf"},{"family":"Padauk","version":"v16","lastModified":"2024-09-04","category":"sans-serif","kind":"webfonts#webfont","menu":"https://fonts.gstatic.com/s/padauk/v16/RrQRboJg-id7OnbxakXk.ttf"},{"family":"Padyakke Expanded One","version":"v6","lastModified":"2024-09-04","category":"serif","kind":"webfonts#webfont","menu":"https://fonts.gstatic.com/s/padyakkeexpandedone/v6/K2FvfY9El_tbR0JfHb6WWvrBaU6XAUvC4IAoOa5g.ttf"},{"family":"Palanquin","version":"v16","lastModified":"2024-11-20","category":"sans-serif","kind":"webfonts#webfont","menu":"https://fonts.gstatic.com/s/palanquin/v16/9XUnlJ90n1fBFg7ceXwcd1tI.ttf"},{"family":"Palanquin Dark","version":"v16","lastModified":"2024-11-20","category":"sans-serif","kind":"webfonts#webfont","menu":"https://fonts.gstatic.com/s/palanquindark/v16/xn75YHgl1nqmANMB-26xC7yuF86PRk4.ttf"},{"family":"Palette Mosaic","version":"v11","lastModified":"2024-08-07","category":"display","kind":"webfonts#webfont","menu":"https://fonts.gstatic.com/s/palettemosaic/v11/AMOIz4aBvWuBFe3TohdW6YZ9MGiz69g.ttf"},{"family":"Pangolin","version":"v11","lastModified":"2024-09-04","category":"handwriting","kind":"webfonts#webfont","menu":"https://fonts.gstatic.com/s/pangolin/v11/cY9GfjGcW0FPpi-tWMfL79k.ttf"},{"family":"Paprika","version":"v21","lastModified":"2022-09-22","category":"display","kind":"webfonts#webfont","menu":"https://fonts.gstatic.com/s/paprika/v21/8QIJdijZitv49rDfiIkErw.ttf"},{"family":"Parisienne","version":"v13","lastModified":"2024-09-04","category":"handwriting","kind":"webfonts#webfont","menu":"https://fonts.gstatic.com/s/parisienne/v13/E21i_d3kivvAkxhLEVZpQy5wCg.ttf"},{"family":"Parkinsans","version":"v1","lastModified":"2024-11-20","category":"sans-serif","kind":"webfonts#webfont","menu":"https://fonts.gstatic.com/s/parkinsans/v1/-W_uXJXvQyPb1QfpBpRrVEgjj0W4zSUk4gTW6S8L8cI.ttf"},{"family":"Passero One","version":"v26","lastModified":"2024-09-04","category":"display","kind":"webfonts#webfont","menu":"https://fonts.gstatic.com/s/passeroone/v26/JTUTjIko8DOq5FeaeEAjgH5A7g4.ttf"},{"family":"Passion One","version":"v18","lastModified":"2024-09-04","category":"display","kind":"webfonts#webfont","menu":"https://fonts.gstatic.com/s/passionone/v18/PbynFmL8HhTPqbjUzux3JEuX9l4.ttf"},{"family":"Passions Conflict","version":"v7","lastModified":"2024-09-04","category":"handwriting","kind":"webfonts#webfont","menu":"https://fonts.gstatic.com/s/passionsconflict/v7/kmKnZrcrFhfafnWX9x0GuEC-zowow6NfaxY.ttf"},{"family":"Pathway Extreme","version":"v3","lastModified":"2024-09-04","category":"sans-serif","kind":"webfonts#webfont","menu":"https://fonts.gstatic.com/s/pathwayextreme/v3/neI6zCC3pJ0rsaH2_sD-QttXPfDPonvkQ-pxx5gufvP2VmLjiFyxGf8BLymNjYv2Oy6vkLmw4xak2N1FKiYz.ttf"},{"family":"Pathway Gothic One","version":"v15","lastModified":"2024-09-04","category":"sans-serif","kind":"webfonts#webfont","menu":"https://fonts.gstatic.com/s/pathwaygothicone/v15/MwQrbgD32-KAvjkYGNUUxAtW7pEBwx-tTVZa.ttf"},{"family":"Patrick Hand","version":"v23","lastModified":"2024-09-04","category":"handwriting","kind":"webfonts#webfont","menu":"https://fonts.gstatic.com/s/patrickhand/v23/LDI1apSQOAYtSuYWp8ZhfYe8WMLO.ttf"},{"family":"Patrick Hand SC","version":"v15","lastModified":"2024-09-04","category":"handwriting","kind":"webfonts#webfont","menu":"https://fonts.gstatic.com/s/patrickhandsc/v15/0nkwC9f7MfsBiWcLtY65AWDK873liCK-.ttf"},{"family":"Pattaya","version":"v16","lastModified":"2024-09-04","category":"sans-serif","kind":"webfonts#webfont","menu":"https://fonts.gstatic.com/s/pattaya/v16/ea8ZadcqV_zkHY-XBdGt8w.ttf"},{"family":"Patua One","version":"v20","lastModified":"2024-09-04","category":"display","kind":"webfonts#webfont","menu":"https://fonts.gstatic.com/s/patuaone/v20/ZXuke1cDvLCKLDcimxB45flr.ttf"},{"family":"Pavanam","version":"v11","lastModified":"2024-09-04","category":"sans-serif","kind":"webfonts#webfont","menu":"https://fonts.gstatic.com/s/pavanam/v11/BXRrvF_aiezLh0xPPOpa8Q.ttf"},{"family":"Paytone One","version":"v23","lastModified":"2024-09-04","category":"sans-serif","kind":"webfonts#webfont","menu":"https://fonts.gstatic.com/s/paytoneone/v23/0nksC9P7MfYHj2oFtYm2ChTrgP4.ttf"},{"family":"Peddana","version":"v23","lastModified":"2024-11-20","category":"serif","kind":"webfonts#webfont","menu":"https://fonts.gstatic.com/s/peddana/v23/aFTU7PBhaX89UcKWthyQAQ.ttf"},{"family":"Peralta","version":"v19","lastModified":"2024-09-04","category":"serif","kind":"webfonts#webfont","menu":"https://fonts.gstatic.com/s/peralta/v19/hYkJPu0-RP_9d3kRKxErqg.ttf"},{"family":"Permanent Marker","version":"v16","lastModified":"2024-09-04","category":"handwriting","kind":"webfonts#webfont","menu":"https://fonts.gstatic.com/s/permanentmarker/v16/Fh4uPib9Iyv2ucM6pGQMWimMp004LauCeg.ttf"},{"family":"Petemoss","version":"v7","lastModified":"2024-09-04","category":"handwriting","kind":"webfonts#webfont","menu":"https://fonts.gstatic.com/s/petemoss/v7/A2BZn5tA2xgtGWHZgykfuqI.ttf"},{"family":"Petit Formal Script","version":"v17","lastModified":"2024-09-04","category":"handwriting","kind":"webfonts#webfont","menu":"https://fonts.gstatic.com/s/petitformalscript/v17/B50TF6xQr2TXJBnGOFME6u5OR83oRP5qkHjgOw.ttf"},{"family":"Petrona","version":"v32","lastModified":"2024-09-04","category":"serif","kind":"webfonts#webfont","menu":"https://fonts.gstatic.com/s/petrona/v32/mtGl4_NXL7bZo9XXq35wRLONYyOjFk6NsTRAFYo.ttf"},{"family":"Phetsarath","version":"v1","lastModified":"2024-11-20","category":"serif","kind":"webfonts#webfont","menu":"https://fonts.gstatic.com/s/phetsarath/v1/N0bQ2SpTP-plK0uWayAYMd_3mQ.ttf"},{"family":"Philosopher","version":"v20","lastModified":"2024-09-04","category":"sans-serif","kind":"webfonts#webfont","menu":"https://fonts.gstatic.com/s/philosopher/v20/vEFV2_5QCwIS4_Dhez5jcWBoT0g.ttf"},{"family":"Phudu","version":"v4","lastModified":"2024-09-04","category":"display","kind":"webfonts#webfont","menu":"https://fonts.gstatic.com/s/phudu/v4/0FlJVPSHk0ya-7OUeO_U-Lwm7PkKtWzkSg-q.ttf"},{"family":"Piazzolla","version":"v36","lastModified":"2024-09-30","category":"serif","kind":"webfonts#webfont","menu":"https://fonts.gstatic.com/s/piazzolla/v36/N0b52SlTPu5rIkWIZjVKKtYtfxYqZ4RJBFzFfYUjkSDdlqZgy7LYxkLz3gU.ttf"},{"family":"Piedra","version":"v25","lastModified":"2024-09-04","category":"display","kind":"webfonts#webfont","menu":"https://fonts.gstatic.com/s/piedra/v25/ke8kOg8aN0Bn7hTenUaD.ttf"},{"family":"Pinyon Script","version":"v22","lastModified":"2024-09-04","category":"handwriting","kind":"webfonts#webfont","menu":"https://fonts.gstatic.com/s/pinyonscript/v22/6xKpdSJbL9-e9LuoeQiDRQR8WOPaPw.ttf"},{"family":"Pirata One","version":"v22","lastModified":"2024-09-04","category":"display","kind":"webfonts#webfont","menu":"https://fonts.gstatic.com/s/pirataone/v22/I_urMpiDvgLdLh0fAtofhimOqw.ttf"},{"family":"Pixelify Sans","version":"v1","lastModified":"2024-09-04","category":"display","kind":"webfonts#webfont","menu":"https://fonts.gstatic.com/s/pixelifysans/v1/CHy2V-3HFUT7aC4iv1TxGDR9DHEserHN25py2TTp0E1ZZZY.ttf"},{"family":"Plaster","version":"v24","lastModified":"2024-09-04","category":"display","kind":"webfonts#webfont","menu":"https://fonts.gstatic.com/s/plaster/v24/DdTm79QatW80eRh4Ii9DPg.ttf"},{"family":"Platypi","version":"v4","lastModified":"2024-09-04","category":"serif","kind":"webfonts#webfont","menu":"https://fonts.gstatic.com/s/platypi/v4/bMromSGU7pMlaX6-PAmuwBQP4Hwe02Jz4q9isRw.ttf"},{"family":"Play","version":"v19","lastModified":"2024-09-04","category":"sans-serif","kind":"webfonts#webfont","menu":"https://fonts.gstatic.com/s/play/v19/6aez4K2oVqwIvtM2Gg.ttf"},{"family":"Playball","version":"v20","lastModified":"2024-09-04","category":"display","kind":"webfonts#webfont","menu":"https://fonts.gstatic.com/s/playball/v20/TK3gWksYAxQ7jbsKcg8Cne8.ttf"},{"family":"Playfair","version":"v2","lastModified":"2024-09-04","category":"serif","kind":"webfonts#webfont","menu":"https://fonts.gstatic.com/s/playfair/v2/0nkQC9D7PO4KhmUJ5_zTZ_4MYQXznAK-TUcZXKO3UMnW6VNpe4-SiiZ4b8h5G3GutPkUeugcqyc.ttf"},{"family":"Playfair Display","version":"v37","lastModified":"2024-09-04","category":"serif","kind":"webfonts#webfont","menu":"https://fonts.gstatic.com/s/playfairdisplay/v37/nuFvD-vYSZviVYUb_rj3ij__anPXJzDwcbmjWBN2PKdFvXDRbtY.ttf"},{"family":"Playfair Display SC","version":"v17","lastModified":"2024-09-04","category":"serif","kind":"webfonts#webfont","menu":"https://fonts.gstatic.com/s/playfairdisplaysc/v17/ke85OhoaMkR6-hSn7kbHVoFf7ZfgMPr_lb8MFQ.ttf"},{"family":"Playpen Sans","version":"v13","lastModified":"2024-08-12","category":"handwriting","kind":"webfonts#webfont","menu":"https://fonts.gstatic.com/s/playpensans/v13/dg43_pj1p6gXP0gzAZgm4c8XQArSU7ACQSn4IvRhinU3EQ.ttf"},{"family":"Playwrite AR","version":"v1","lastModified":"2024-08-12","category":"handwriting","kind":"webfonts#webfont","menu":"https://fonts.gstatic.com/s/playwritear/v1/VEMjRohisJz5pTCzruCNjWbfp_N-aNWqYgKS-ftfmf6OTw.ttf"},{"family":"Playwrite AR Guides","version":"v2","lastModified":"2024-12-10","category":"handwriting","kind":"webfonts#webfont","menu":"https://fonts.gstatic.com/s/playwritearguides/v2/iJWYBWqKZTrYS9uv-Ry6kDf-q_0Xq67mQGQQXw.ttf"},{"family":"Playwrite AT","version":"v1","lastModified":"2024-08-12","category":"handwriting","kind":"webfonts#webfont","menu":"https://fonts.gstatic.com/s/playwriteat/v1/Gw6owc7n6kfJN4fVoKON7HIEBRSfb0U2uGBm2M76R0zGKA.ttf"},{"family":"Playwrite AT Guides","version":"v1","lastModified":"2024-12-10","category":"handwriting","kind":"webfonts#webfont","menu":"https://fonts.gstatic.com/s/playwriteatguides/v1/QdVKSS0gJR2xneUeQPfE-FVA1BlZQRpBdbkDcg.ttf"},{"family":"Playwrite AU NSW","version":"v4","lastModified":"2024-08-12","category":"handwriting","kind":"webfonts#webfont","menu":"https://fonts.gstatic.com/s/playwriteaunsw/v4/6qLWKY4NtxD-qVlIPUIPenElWCCEWRgilpupBXi19xZjMY97Rjk.ttf"},{"family":"Playwrite AU NSW Guides","version":"v1","lastModified":"2024-12-10","category":"handwriting","kind":"webfonts#webfont","menu":"https://fonts.gstatic.com/s/playwriteaunswguides/v1/LDIiao-QNRMmVPcU8-sgUraMF7GZs_1Emk3v8uPab-A.ttf"},{"family":"Playwrite AU QLD","version":"v4","lastModified":"2024-08-12","category":"handwriting","kind":"webfonts#webfont","menu":"https://fonts.gstatic.com/s/playwriteauqld/v4/SlGGmR-Yo5oYZX5BFVcEwSFSOXBRWADAWbgjmLBhA6-yML2eoGk.ttf"},{"family":"Playwrite AU QLD Guides","version":"v1","lastModified":"2024-12-10","category":"handwriting","kind":"webfonts#webfont","menu":"https://fonts.gstatic.com/s/playwriteauqldguides/v1/TuGBUUJtX5tTUfQi_7kbiZZFVhl0FIKnvy00LAxkKTY.ttf"},{"family":"Playwrite AU SA","version":"v4","lastModified":"2024-08-12","category":"handwriting","kind":"webfonts#webfont","menu":"https://fonts.gstatic.com/s/playwriteausa/v4/YcmhsZpNS1SdgmHbGgtRuUElnR3CmSC5bVQVlrclpZgRQuRpDg.ttf"},{"family":"Playwrite AU SA Guides","version":"v1","lastModified":"2024-12-10","category":"handwriting","kind":"webfonts#webfont","menu":"https://fonts.gstatic.com/s/playwriteausaguides/v1/3JnsSCLj03y8jUv7aFWBCCglBaFjl54aVBAojckOOw.ttf"},{"family":"Playwrite AU TAS","version":"v4","lastModified":"2024-08-12","category":"handwriting","kind":"webfonts#webfont","menu":"https://fonts.gstatic.com/s/playwriteautas/v4/GftT7u9QuxsdI_QuuctXue3ElxxmcBb3ih0opvWiLLUEH5K7FFs.ttf"},{"family":"Playwrite AU TAS Guides","version":"v1","lastModified":"2024-12-10","category":"handwriting","kind":"webfonts#webfont","menu":"https://fonts.gstatic.com/s/playwriteautasguides/v1/cY9Vfi6cVk5RvjGtQrLqjozy3ekUDtDMDX-NNgbLJYE.ttf"},{"family":"Playwrite AU VIC","version":"v4","lastModified":"2024-08-12","category":"handwriting","kind":"webfonts#webfont","menu":"https://fonts.gstatic.com/s/playwriteauvic/v4/bWtu7enUfwn0Hf1zjprKOJdcDy8rxwC1ltAeNDAAd4fTaYK1AhY.ttf"},{"family":"Playwrite AU VIC Guides","version":"v1","lastModified":"2024-12-10","category":"handwriting","kind":"webfonts#webfont","menu":"https://fonts.gstatic.com/s/playwriteauvicguides/v1/ll8sK3mEVy6nEMXMskXIZv8owEdZpVIWaQEnuA6E0z4.ttf"},{"family":"Playwrite BE VLG","version":"v1","lastModified":"2024-08-12","category":"handwriting","kind":"webfonts#webfont","menu":"https://fonts.gstatic.com/s/playwritebevlg/v1/GFD8WBdug3mQSvrAT9AL6fd4ZkB-a2sDmg3dy2W0blL8vMCNOCg.ttf"},{"family":"Playwrite BE VLG Guides","version":"v2","lastModified":"2024-12-10","category":"handwriting","kind":"webfonts#webfont","menu":"https://fonts.gstatic.com/s/playwritebevlgguides/v2/EYqjmb1Mz6hO4edaU9qKGFZMDd_Q-zwwK__U1t9HIX0.ttf"},{"family":"Playwrite BE WAL","version":"v1","lastModified":"2024-08-12","category":"handwriting","kind":"webfonts#webfont","menu":"https://fonts.gstatic.com/s/playwritebewal/v1/DtV1Jwq5QbIzyrA6DHdJ2BksuUmanQtEYjAlv96WFsWCGMuhFRg.ttf"},{"family":"Playwrite BE WAL Guides","version":"v1","lastModified":"2024-12-10","category":"handwriting","kind":"webfonts#webfont","menu":"https://fonts.gstatic.com/s/playwritebewalguides/v1/l7gPbiR5yM62ycwevWCt02rrTFoEJvY4kyrrUwHkXpI.ttf"},{"family":"Playwrite BR","version":"v4","lastModified":"2024-08-12","category":"handwriting","kind":"webfonts#webfont","menu":"https://fonts.gstatic.com/s/playwritebr/v4/kJEhBuMK4Q07lDHc2Xp9vYgIp-6D3QEGCpthmFOPJsbpBA.ttf"},{"family":"Playwrite BR Guides","version":"v1","lastModified":"2024-12-10","category":"handwriting","kind":"webfonts#webfont","menu":"https://fonts.gstatic.com/s/playwritebrguides/v1/tssxAohQaiQS-wrnJz-F5CqW4dOezRwpy9YIPw.ttf"},{"family":"Playwrite CA","version":"v4","lastModified":"2024-08-12","category":"handwriting","kind":"webfonts#webfont","menu":"https://fonts.gstatic.com/s/playwriteca/v4/z7NGdR_4cT0NOrEAIElil93uR_VhfhYaYOijHiqvUpyw0A.ttf"},{"family":"Playwrite CA Guides","version":"v1","lastModified":"2024-12-10","category":"handwriting","kind":"webfonts#webfont","menu":"https://fonts.gstatic.com/s/playwritecaguides/v1/MjQamj1kuP_soQ3o-rysO9Ci_8oJlIUUEnYr2Q.ttf"},{"family":"Playwrite CL","version":"v1","lastModified":"2024-08-12","category":"handwriting","kind":"webfonts#webfont","menu":"https://fonts.gstatic.com/s/playwritecl/v1/-zk391m7wssz_XLkGgu8hy3tqrcOhnbf6ForU8JajLu9Cw.ttf"},{"family":"Playwrite CL Guides","version":"v2","lastModified":"2024-12-10","category":"handwriting","kind":"webfonts#webfont","menu":"https://fonts.gstatic.com/s/playwriteclguides/v2/Z9XKDnxTQxyGzOn3eMH-i6Ws0czqkE-hnNtfvw.ttf"},{"family":"Playwrite CO","version":"v6","lastModified":"2024-08-12","category":"handwriting","kind":"webfonts#webfont","menu":"https://fonts.gstatic.com/s/playwriteco/v6/0FlGVP2Hl1iH-fv2BH4kJkgb8vH-rbJPTDqqx7ZIk-ZEFg.ttf"},{"family":"Playwrite CO Guides","version":"v2","lastModified":"2024-12-10","category":"handwriting","kind":"webfonts#webfont","menu":"https://fonts.gstatic.com/s/playwritecoguides/v2/AYCXpWvtftIVXepC5AzjAx1KgYPugOK0fq1ZIw.ttf"},{"family":"Playwrite CU","version":"v1","lastModified":"2024-08-12","category":"handwriting","kind":"webfonts#webfont","menu":"https://fonts.gstatic.com/s/playwritecu/v1/VuJjdNDb2p7tvoFGLMPdf9xcahOpb9ZuoyXseRmxVeXxnw.ttf"},{"family":"Playwrite CU Guides","version":"v1","lastModified":"2024-12-10","category":"handwriting","kind":"webfonts#webfont","menu":"https://fonts.gstatic.com/s/playwritecuguides/v1/c4m81mZtG8v6p3iAoFBJ2dJdu9fWPSaOJosCCQ.ttf"},{"family":"Playwrite CZ","version":"v1","lastModified":"2024-08-12","category":"handwriting","kind":"webfonts#webfont","menu":"https://fonts.gstatic.com/s/playwritecz/v1/8vIa7wYp22pt_BUChSHeVxxlOPUEKoMfap_FCI4bfqX1Ug.ttf"},{"family":"Playwrite CZ Guides","version":"v1","lastModified":"2024-12-10","category":"handwriting","kind":"webfonts#webfont","menu":"https://fonts.gstatic.com/s/playwriteczguides/v1/6qLcKY0NtxD-qVlIPUIPeH4lUQa6B3ZZckoUvg.ttf"},{"family":"Playwrite DE Grund","version":"v4","lastModified":"2024-08-12","category":"handwriting","kind":"webfonts#webfont","menu":"https://fonts.gstatic.com/s/playwritedegrund/v4/EJR-QhwoXdccriFurnRxqv-1MFyKy696-4VufrEGGbTZz2qHVwGePQ.ttf"},{"family":"Playwrite DE Grund Guides","version":"v1","lastModified":"2024-12-10","category":"handwriting","kind":"webfonts#webfont","menu":"https://fonts.gstatic.com/s/playwritedegrundguides/v1/OD5RuNCQ02KrAHnha1L36CWcQ83dtK5BLxqexndub94ZIg.ttf"},{"family":"Playwrite DE LA","version":"v4","lastModified":"2024-08-12","category":"handwriting","kind":"webfonts#webfont","menu":"https://fonts.gstatic.com/s/playwritedela/v4/oY1J8e3fprboJ2HN4ogXTpFVJ8QjJV9p0P4yukst2FnqDgYohA.ttf"},{"family":"Playwrite DE LA Guides","version":"v2","lastModified":"2024-12-10","category":"handwriting","kind":"webfonts#webfont","menu":"https://fonts.gstatic.com/s/playwritedelaguides/v2/1q2XY42fB0V64O4aSe1OjKs_yAXBOfDI5wE52gyG7w.ttf"},{"family":"Playwrite DE SAS","version":"v4","lastModified":"2024-08-12","category":"handwriting","kind":"webfonts#webfont","menu":"https://fonts.gstatic.com/s/playwritedesas/v4/1Pt4g9vaRvmWghDdrE8IDuRPVrHN_1AaFXASpbMqJTeVgt6kQSE.ttf"},{"family":"Playwrite DE SAS Guides","version":"v1","lastModified":"2024-12-10","category":"handwriting","kind":"webfonts#webfont","menu":"https://fonts.gstatic.com/s/playwritedesasguides/v1/8At5GtCjPp-GWR2h9cC6ePzz2l6LJ3VZaPNi16BFfNQ.ttf"},{"family":"Playwrite DE VA","version":"v4","lastModified":"2024-08-12","category":"handwriting","kind":"webfonts#webfont","menu":"https://fonts.gstatic.com/s/playwritedeva/v4/VuJmdNPb2p7tvoFGLMPdeMxGN1pntEMhdK1XfsTyRSySj28pHw.ttf"},{"family":"Playwrite DE VA Guides","version":"v1","lastModified":"2024-12-10","category":"handwriting","kind":"webfonts#webfont","menu":"https://fonts.gstatic.com/s/playwritedevaguides/v1/WwkPxOmkDVqm-ojMLT_kdMUoBpMYm6KTeb28YB5YMQ.ttf"},{"family":"Playwrite DK Loopet","version":"v1","lastModified":"2024-08-12","category":"handwriting","kind":"webfonts#webfont","menu":"https://fonts.gstatic.com/s/playwritedkloopet/v1/memVYbuzy2qb3rtJGfM1FvY-GacDcsPvtaDfqfgbBWmV75JJwdgQsw4.ttf"},{"family":"Playwrite DK Loopet Guides","version":"v1","lastModified":"2024-12-10","category":"handwriting","kind":"webfonts#webfont","menu":"https://fonts.gstatic.com/s/playwritedkloopetguides/v1/4iC46LlmYsRPlQ1zDEvT8weoW-sI8-h9xxN83W-Cb6tnGFw.ttf"},{"family":"Playwrite DK Uloopet","version":"v1","lastModified":"2024-08-12","category":"handwriting","kind":"webfonts#webfont","menu":"https://fonts.gstatic.com/s/playwritedkuloopet/v1/bWtS7e3Ufwn0Hf1zjprKPYlcDAoHknvYFjqIh8PF6jwcP5K06lUbKOPk.ttf"},{"family":"Playwrite DK Uloopet Guides","version":"v1","lastModified":"2024-12-10","category":"handwriting","kind":"webfonts#webfont","menu":"https://fonts.gstatic.com/s/playwritedkuloopetguides/v1/WwkKxOSkDVqm-ojMLT_kdMsoBb5Xs6efafiIBXYcVHkFb4Vf.ttf"},{"family":"Playwrite ES","version":"v4","lastModified":"2024-08-12","category":"handwriting","kind":"webfonts#webfont","menu":"https://fonts.gstatic.com/s/playwritees/v4/kJEhBuMK4Q07lDHc2Xp9uokIp-6D3QEGCpthmFOPJsbpBA.ttf"},{"family":"Playwrite ES Deco","version":"v4","lastModified":"2024-08-12","category":"handwriting","kind":"webfonts#webfont","menu":"https://fonts.gstatic.com/s/playwriteesdeco/v4/7AuWp-g3kjKKGkePXEf2jxctfDxlvGM7-RllW8uEsjJ4yrdBOAVt.ttf"},{"family":"Playwrite ES Deco Guides","version":"v1","lastModified":"2024-12-10","category":"handwriting","kind":"webfonts#webfont","menu":"https://fonts.gstatic.com/s/playwriteesdecoguides/v1/flUrRriwwII5RVl2TZ1XBNTUOYY6ZzZzwPCEKtwaYUaH.ttf"},{"family":"Playwrite ES Guides","version":"v1","lastModified":"2024-12-10","category":"handwriting","kind":"webfonts#webfont","menu":"https://fonts.gstatic.com/s/playwriteesguides/v1/VuJtdM_b2p7tvoFGLMPdedpGJm402y6mtDHMeQ.ttf"},{"family":"Playwrite FR Moderne","version":"v4","lastModified":"2024-08-12","category":"handwriting","kind":"webfonts#webfont","menu":"https://fonts.gstatic.com/s/playwritefrmoderne/v4/3y9L6awucz3w5m4FFTzKolJRXhUk_u1yWtWmFCJcqUBvK5aJuAKfA1T8.ttf"},{"family":"Playwrite FR Moderne Guides","version":"v2","lastModified":"2024-12-10","category":"handwriting","kind":"webfonts#webfont","menu":"https://fonts.gstatic.com/s/playwritefrmoderneguides/v2/CSRr4yxOn-mMWCgLPl16KrUKBbwa2ZZLdkrvXllIP223nYbP.ttf"},{"family":"Playwrite FR Trad","version":"v6","lastModified":"2024-08-12","category":"handwriting","kind":"webfonts#webfont","menu":"https://fonts.gstatic.com/s/playwritefrtrad/v6/sJot3KxJjdGLJV3vyatrJE2pkQisWWMBP23HSIVI5tvAogv9d9Wb.ttf"},{"family":"Playwrite FR Trad Guides","version":"v1","lastModified":"2024-12-10","category":"handwriting","kind":"webfonts#webfont","menu":"https://fonts.gstatic.com/s/playwritefrtradguides/v1/l7gMbit5yM62ycwevWCt133rT2kpYpEKjyfqRWL1f7KT.ttf"},{"family":"Playwrite GB J","version":"v4","lastModified":"2024-08-12","category":"handwriting","kind":"webfonts#webfont","menu":"https://fonts.gstatic.com/s/playwritegbj/v4/k3kEo8wSPe9dzQ1UGbvobAPhY5iG-fsubxedDheGdc93adTT.ttf"},{"family":"Playwrite GB J Guides","version":"v2","lastModified":"2024-12-10","category":"handwriting","kind":"webfonts#webfont","menu":"https://fonts.gstatic.com/s/playwritegbjguides/v2/CSRh4yJOn-mMWCgLPl16K6UKAvM5yY1Bdhm4KhAs.ttf"},{"family":"Playwrite GB S","version":"v5","lastModified":"2024-08-12","category":"handwriting","kind":"webfonts#webfont","menu":"https://fonts.gstatic.com/s/playwritegbs/v5/oPWb_kFkk-s1Xclhmlemy7jsNQR8TohGU_DTHWU6uhDMxp2I.ttf"},{"family":"Playwrite GB S Guides","version":"v1","lastModified":"2024-12-10","category":"handwriting","kind":"webfonts#webfont","menu":"https://fonts.gstatic.com/s/playwritegbsguides/v1/0FlKVOSHl1iH-fv2BH4kIkUBqtlNCEaQLly6xl4L.ttf"},{"family":"Playwrite HR","version":"v1","lastModified":"2024-08-12","category":"handwriting","kind":"webfonts#webfont","menu":"https://fonts.gstatic.com/s/playwritehr/v1/WWXAljmQYQCZM5qaU_dwQYcybAQ7GFn1mFNJPsoBxYDdBA.ttf"},{"family":"Playwrite HR Guides","version":"v1","lastModified":"2024-12-10","category":"handwriting","kind":"webfonts#webfont","menu":"https://fonts.gstatic.com/s/playwritehrguides/v1/6NUK8EedKwOcfRjj8ukv_L4kjqAoGrjdamE-9g.ttf"},{"family":"Playwrite HR Lijeva","version":"v1","lastModified":"2024-08-12","category":"handwriting","kind":"webfonts#webfont","menu":"https://fonts.gstatic.com/s/playwritehrlijeva/v1/gNMvW2dhS5-p7HvxrBYiWN2SsKqLWCrYiDBAvbRl82ZY0d4zBvaVwYs.ttf"},{"family":"Playwrite HR Lijeva Guides","version":"v1","lastModified":"2024-12-10","category":"handwriting","kind":"webfonts#webfont","menu":"https://fonts.gstatic.com/s/playwritehrlijevaguides/v1/uU9aCAgH7I63K35cu3bRkqamzjr8EW133LJaXDO-QNbgijw.ttf"},{"family":"Playwrite HU","version":"v1","lastModified":"2024-08-12","category":"handwriting","kind":"webfonts#webfont","menu":"https://fonts.gstatic.com/s/playwritehu/v1/A2BIn59A0g0xA3zDhFw-0vfPWJtlaFKmrETx1PL6fOyXGw.ttf"},{"family":"Playwrite HU Guides","version":"v1","lastModified":"2024-12-10","category":"handwriting","kind":"webfonts#webfont","menu":"https://fonts.gstatic.com/s/playwritehuguides/v1/AYCXpWvtftIVXepC5AzjCAdKgYPugOK0fq1ZIw.ttf"},{"family":"Playwrite ID","version":"v4","lastModified":"2024-08-12","category":"handwriting","kind":"webfonts#webfont","menu":"https://fonts.gstatic.com/s/playwriteid/v4/Cn-kJt2YWhlY2oC4KxifKQJmrtrRm-sKkQqUl0-RN_NREg.ttf"},{"family":"Playwrite ID Guides","version":"v1","lastModified":"2024-12-10","category":"handwriting","kind":"webfonts#webfont","menu":"https://fonts.gstatic.com/s/playwriteidguides/v1/MjQamj1kuP_soQ3o-rysMdWi_8oJlIUUEnYr2Q.ttf"},{"family":"Playwrite IE","version":"v4","lastModified":"2024-08-12","category":"handwriting","kind":"webfonts#webfont","menu":"https://fonts.gstatic.com/s/playwriteie/v4/fC1zPYtWYWnH0hvndYd6GCGWXCAxfsUebXFMyzioNpMk2w.ttf"},{"family":"Playwrite IE Guides","version":"v1","lastModified":"2024-12-10","category":"handwriting","kind":"webfonts#webfont","menu":"https://fonts.gstatic.com/s/playwriteieguides/v1/LhW5MULFNP8PI-1UADw_Kbp9daTx5ovUWNspMw.ttf"},{"family":"Playwrite IN","version":"v4","lastModified":"2024-08-12","category":"handwriting","kind":"webfonts#webfont","menu":"https://fonts.gstatic.com/s/playwritein/v4/uk-xEGGpoLQ97mfv2J3cZzuz7CyEJhPw65lkM7mMAR4t2w.ttf"},{"family":"Playwrite IN Guides","version":"v1","lastModified":"2024-12-10","category":"handwriting","kind":"webfonts#webfont","menu":"https://fonts.gstatic.com/s/playwriteinguides/v1/GFD2WBRug3mQSvrAT9AL4vx4d3lQNQV4ftxgcA.ttf"},{"family":"Playwrite IS","version":"v3","lastModified":"2024-08-12","category":"handwriting","kind":"webfonts#webfont","menu":"https://fonts.gstatic.com/s/playwriteis/v3/JTUFjI4o_SGg9lecLGptrD17xQYXK0vOoz6jq6R9WX50ow.ttf"},{"family":"Playwrite IS Guides","version":"v1","lastModified":"2024-12-10","category":"handwriting","kind":"webfonts#webfont","menu":"https://fonts.gstatic.com/s/playwriteisguides/v1/5aUp9-GkphaVExwxdX6SwWF-uigk3Cglnm5jsw.ttf"},{"family":"Playwrite IT Moderna","version":"v4","lastModified":"2024-08-12","category":"handwriting","kind":"webfonts#webfont","menu":"https://fonts.gstatic.com/s/playwriteitmoderna/v4/mFTbWaYCwKPK5cx6W8jy2kwDnSUe9q45vQQi5HMFnSdEx2F5WihMuLzb.ttf"},{"family":"Playwrite IT Moderna Guides","version":"v1","lastModified":"2024-12-10","category":"handwriting","kind":"webfonts#webfont","menu":"https://fonts.gstatic.com/s/playwriteitmodernaguides/v1/2sDKZHBJg5rCj6fz_QgDJhGcTtJ5AVu-1w5jRQjRv9q_pe9p.ttf"},{"family":"Playwrite IT Trad","version":"v4","lastModified":"2024-08-12","category":"handwriting","kind":"webfonts#webfont","menu":"https://fonts.gstatic.com/s/playwriteittrad/v4/SlG5mR6Yo5oYZX5BFVcEySBSPE50BjHDpZxuvgxzFq96u-6PgUlJ.ttf"},{"family":"Playwrite IT Trad Guides","version":"v2","lastModified":"2024-12-10","category":"handwriting","kind":"webfonts#webfont","menu":"https://fonts.gstatic.com/s/playwriteittradguides/v2/SlGDmReYo5oYZX5BFVcEySBSPE50BiuP2AHaRsRkAo96.ttf"},{"family":"Playwrite MX","version":"v4","lastModified":"2024-08-12","category":"handwriting","kind":"webfonts#webfont","menu":"https://fonts.gstatic.com/s/playwritemx/v4/6xK9dSNbKtCe7KfhXg7RYSwyQ-oO7xNblyJr9wnd1xcVWA.ttf"},{"family":"Playwrite MX Guides","version":"v1","lastModified":"2024-12-10","category":"handwriting","kind":"webfonts#webfont","menu":"https://fonts.gstatic.com/s/playwritemxguides/v1/k3kMo9ESPe9dzQ1UGbvoZhnhbtfklWqN4q26Gw.ttf"},{"family":"Playwrite NG Modern","version":"v4","lastModified":"2024-08-12","category":"handwriting","kind":"webfonts#webfont","menu":"https://fonts.gstatic.com/s/playwritengmodern/v4/ijw-s4b2R9Qve5V5lNJb_yRhEfSep5NbFCKmKgoEeCA4V17tPDbj7m8.ttf"},{"family":"Playwrite NG Modern Guides","version":"v1","lastModified":"2024-12-10","category":"handwriting","kind":"webfonts#webfont","menu":"https://fonts.gstatic.com/s/playwritengmodernguides/v1/6qLVKYQNtxD-qVlIPUIPdWMlWxy3BmFEQgxB1xvFhAaqUp8.ttf"},{"family":"Playwrite NL","version":"v3","lastModified":"2024-08-12","category":"handwriting","kind":"webfonts#webfont","menu":"https://fonts.gstatic.com/s/playwritenl/v3/k3kCo84SPe9dzQ1UGbvoZQ37Iqp5IZJF9bmaG9_FrY1HaA.ttf"},{"family":"Playwrite NL Guides","version":"v1","lastModified":"2024-12-10","category":"handwriting","kind":"webfonts#webfont","menu":"https://fonts.gstatic.com/s/playwritenlguides/v1/FwZH7_8mxlw-50y5PJughoCL4jbXkMqwgWOMOw.ttf"},{"family":"Playwrite NO","version":"v3","lastModified":"2024-08-12","category":"handwriting","kind":"webfonts#webfont","menu":"https://fonts.gstatic.com/s/playwriteno/v3/nuFrD_fYSZviRJYb-P2TrQO1DRpazaZDgnw-49wgLKat_g.ttf"},{"family":"Playwrite NO Guides","version":"v1","lastModified":"2024-12-10","category":"handwriting","kind":"webfonts#webfont","menu":"https://fonts.gstatic.com/s/playwritenoguides/v1/DPEwYx-Cyg4cQ2aAcFshOLL79zJKccqHS26T3g.ttf"},{"family":"Playwrite NZ","version":"v4","lastModified":"2024-08-12","category":"handwriting","kind":"webfonts#webfont","menu":"https://fonts.gstatic.com/s/playwritenz/v4/d6lakaOxRsyr_zZDmUYvh2TW3NCQVvjKPjPjngAUSRpzhA.ttf"},{"family":"Playwrite NZ Guides","version":"v1","lastModified":"2024-12-10","category":"handwriting","kind":"webfonts#webfont","menu":"https://fonts.gstatic.com/s/playwritenzguides/v1/t5t8IQQPN4uFDRepJwiX4vzIikyGzv71ah47rw.ttf"},{"family":"Playwrite PE","version":"v1","lastModified":"2024-08-12","category":"handwriting","kind":"webfonts#webfont","menu":"https://fonts.gstatic.com/s/playwritepe/v1/FwZJ7-Amxlw-50y5PJugmImRrktKJDJ4lnesO2ltfPDPcg.ttf"},{"family":"Playwrite PE Guides","version":"v1","lastModified":"2024-12-10","category":"handwriting","kind":"webfonts#webfont","menu":"https://fonts.gstatic.com/s/playwritepeguides/v1/AMONz5uBsGadFuvf9j8ZyqI0FA3br70w8y2Kkg.ttf"},{"family":"Playwrite PL","version":"v3","lastModified":"2024-08-12","category":"handwriting","kind":"webfonts#webfont","menu":"https://fonts.gstatic.com/s/playwritepl/v3/0QIyMXVf_4C2VH-yUr5uz72U-LQiKJ_9tb1WmRfbxZ2RTw.ttf"},{"family":"Playwrite PL Guides","version":"v1","lastModified":"2024-12-10","category":"handwriting","kind":"webfonts#webfont","menu":"https://fonts.gstatic.com/s/playwriteplguides/v1/jVyW7m_lCm7G5CZyQCAu8mgkGLk-kmibaRzQQQ.ttf"},{"family":"Playwrite PT","version":"v3","lastModified":"2024-08-12","category":"handwriting","kind":"webfonts#webfont","menu":"https://fonts.gstatic.com/s/playwritept/v3/6NUE8FidKwOcfRjj8ukv5Lg-wt21rkAVfXUe9qDiffNnug.ttf"},{"family":"Playwrite PT Guides","version":"v2","lastModified":"2024-12-10","category":"handwriting","kind":"webfonts#webfont","menu":"https://fonts.gstatic.com/s/playwriteptguides/v2/sJoY3K5JjdGLJV3vyatrMkupgg-kWTx5J5g31Q.ttf"},{"family":"Playwrite RO","version":"v3","lastModified":"2024-08-12","category":"handwriting","kind":"webfonts#webfont","menu":"https://fonts.gstatic.com/s/playwritero/v3/gok8H6fuA1J7QPJ04HFTGSWdk_S0czhwEf0j4a9YrZSGIg.ttf"},{"family":"Playwrite RO Guides","version":"v1","lastModified":"2024-12-10","category":"handwriting","kind":"webfonts#webfont","menu":"https://fonts.gstatic.com/s/playwriteroguides/v1/wlptgx7ZCE50snmWiOExiylvL10_b5YmzLFnfw.ttf"},{"family":"Playwrite SK","version":"v3","lastModified":"2024-08-12","category":"handwriting","kind":"webfonts#webfont","menu":"https://fonts.gstatic.com/s/playwritesk/v3/9XU3lJp0klrZDw3AZHcsJTByz7latrF9yDIlf-2cjsK5cA.ttf"},{"family":"Playwrite SK Guides","version":"v1","lastModified":"2024-12-10","category":"handwriting","kind":"webfonts#webfont","menu":"https://fonts.gstatic.com/s/playwriteskguides/v1/P5sezYaSYdfH5z93kEFk3tyPlqxeQeo_FzvkXQ.ttf"},{"family":"Playwrite TZ","version":"v4","lastModified":"2024-08-12","category":"handwriting","kind":"webfonts#webfont","menu":"https://fonts.gstatic.com/s/playwritetz/v4/RLptK5rs6au7bzABmVQAOwnUbvHMbzSUU27JDWwTiexIPw.ttf"},{"family":"Playwrite TZ Guides","version":"v1","lastModified":"2024-12-10","category":"handwriting","kind":"webfonts#webfont","menu":"https://fonts.gstatic.com/s/playwritetzguides/v1/SLXUc0_L5XEkcjBPGvusk4lULgsM9U5_UQ232A.ttf"},{"family":"Playwrite US Modern","version":"v4","lastModified":"2024-08-12","category":"handwriting","kind":"webfonts#webfont","menu":"https://fonts.gstatic.com/s/playwriteusmodern/v4/H4cMBWmRlMXPhla3hmMaveiYz8nSDkIFLNIYl2TXUwK62YohNj2CYUY.ttf"},{"family":"Playwrite US Modern Guides","version":"v1","lastModified":"2024-12-10","category":"handwriting","kind":"webfonts#webfont","menu":"https://fonts.gstatic.com/s/playwriteusmodernguides/v1/0QI1MWNf_4C2VH-yUr5uyqKOvtOynXAoku8j8Lv9poywbw8.ttf"},{"family":"Playwrite US Trad","version":"v4","lastModified":"2024-08-12","category":"handwriting","kind":"webfonts#webfont","menu":"https://fonts.gstatic.com/s/playwriteustrad/v4/fdNX9tyHsnVPjW9trmV7wQ0stdwRBYclCsCdzOb1-cd1E8tQjqib.ttf"},{"family":"Playwrite US Trad Guides","version":"v1","lastModified":"2024-12-10","category":"handwriting","kind":"webfonts#webfont","menu":"https://fonts.gstatic.com/s/playwriteustradguides/v1/-zk29027wssz_XLkGgu8kTL39c2bMssjmiZPNnkJnZqd.ttf"},{"family":"Playwrite VN","version":"v4","lastModified":"2024-08-12","category":"handwriting","kind":"webfonts#webfont","menu":"https://fonts.gstatic.com/s/playwritevn/v4/mtGo4_hXJqPSu8nf5RBY5i0q0yxCxtP-9TFBNUI9I-5NOQ.ttf"},{"family":"Playwrite VN Guides","version":"v1","lastModified":"2024-12-10","category":"handwriting","kind":"webfonts#webfont","menu":"https://fonts.gstatic.com/s/playwritevnguides/v1/JIAvUUlydXJZq1IQU8oDBn2CUkROHFEATXIdeg.ttf"},{"family":"Playwrite ZA","version":"v4","lastModified":"2024-08-12","category":"handwriting","kind":"webfonts#webfont","menu":"https://fonts.gstatic.com/s/playwriteza/v4/Noag6Uzhw5CTOhXKt5-vwvhrNyaNQo1LaBq0EbLHXYQmmw.ttf"},{"family":"Playwrite ZA Guides","version":"v1","lastModified":"2024-12-10","category":"handwriting","kind":"webfonts#webfont","menu":"https://fonts.gstatic.com/s/playwritezaguides/v1/O4ZOFHPsmxlhCg3-iycDyEwy0BT1ribk6HHiDA.ttf"},{"family":"Plus Jakarta Sans","version":"v8","lastModified":"2024-09-04","category":"sans-serif","kind":"webfonts#webfont","menu":"https://fonts.gstatic.com/s/plusjakartasans/v8/LDIbaomQNQcsA88c7O9yZ4KMCoOg4IA6-91aHEjcWuA_qU79Sx_Q.ttf"},{"family":"Podkova","version":"v31","lastModified":"2024-09-04","category":"serif","kind":"webfonts#webfont","menu":"https://fonts.gstatic.com/s/podkova/v31/K2FufZ1EmftJSV9VQpXb1lo9vC3nZWtFzfU5GI4.ttf"},{"family":"Poetsen One","version":"v3","lastModified":"2024-09-04","category":"display","kind":"webfonts#webfont","menu":"https://fonts.gstatic.com/s/poetsenone/v3/ke8hOgIaMUB37xCgvCntWuIuofY.ttf"},{"family":"Poiret One","version":"v16","lastModified":"2024-09-04","category":"display","kind":"webfonts#webfont","menu":"https://fonts.gstatic.com/s/poiretone/v16/UqyVK80NJXN4zfRgbdfbo5hcUg.ttf"},{"family":"Poller One","version":"v23","lastModified":"2024-09-04","category":"display","kind":"webfonts#webfont","menu":"https://fonts.gstatic.com/s/pollerone/v23/ahccv82n0TN3gia5E4BuR-hRhQ.ttf"},{"family":"Poltawski Nowy","version":"v2","lastModified":"2024-09-04","category":"serif","kind":"webfonts#webfont","menu":"https://fonts.gstatic.com/s/poltawskinowy/v2/flUsRq6ww480U1xsUpFXD-iDBNlSAOLkKCLnWq8KqCWXDCSR.ttf"},{"family":"Poly","version":"v17","lastModified":"2024-11-20","category":"serif","kind":"webfonts#webfont","menu":"https://fonts.gstatic.com/s/poly/v17/MQpb-W6wKNitdLGKrw.ttf"},{"family":"Pompiere","version":"v19","lastModified":"2024-09-04","category":"display","kind":"webfonts#webfont","menu":"https://fonts.gstatic.com/s/pompiere/v19/VEMyRoxis5Dwuyeov5Ws7DQ.ttf"},{"family":"Ponnala","version":"v2","lastModified":"2024-11-20","category":"display","kind":"webfonts#webfont","menu":"https://fonts.gstatic.com/s/ponnala/v2/w8gaH2QxQOU08bbbnQqn3A.ttf"},{"family":"Pontano Sans","version":"v17","lastModified":"2024-09-04","category":"sans-serif","kind":"webfonts#webfont","menu":"https://fonts.gstatic.com/s/pontanosans/v17/qFdW35GdgYR8EzR6oBLDHa3wyRf8W8eBM6XLOXLMrceGow.ttf"},{"family":"Poor Story","version":"v23","lastModified":"2024-11-20","category":"display","kind":"webfonts#webfont","menu":"https://fonts.gstatic.com/s/poorstory/v23/jizfREFUsnUct9P6cDfd0OitKA.ttf"},{"family":"Poppins","version":"v22","lastModified":"2024-12-04","category":"sans-serif","kind":"webfonts#webfont","menu":"https://fonts.gstatic.com/s/poppins/v22/pxiEyp8kv8JHgFVrJJHedw.ttf"},{"family":"Port Lligat Sans","version":"v22","lastModified":"2024-09-04","category":"sans-serif","kind":"webfonts#webfont","menu":"https://fonts.gstatic.com/s/portlligatsans/v22/kmKmZrYrGBbdN1aV7Vokow6Lw4s4p7J-Sw.ttf"},{"family":"Port Lligat Slab","version":"v25","lastModified":"2024-09-04","category":"serif","kind":"webfonts#webfont","menu":"https://fonts.gstatic.com/s/portlligatslab/v25/LDIpaoiQNgArA8kR7ulhZ8P_NYOsg7sR8w.ttf"},{"family":"Potta One","version":"v18","lastModified":"2024-12-04","category":"display","kind":"webfonts#webfont","menu":"https://fonts.gstatic.com/s/pottaone/v18/FeVSS05Bp6cy7xI-Yfxg3JRj.ttf"},{"family":"Pragati Narrow","version":"v14","lastModified":"2024-12-04","category":"sans-serif","kind":"webfonts#webfont","menu":"https://fonts.gstatic.com/s/pragatinarrow/v14/vm8vdRf0T0bS1ffgsPB7WZ-mD27-wNc.ttf"},{"family":"Praise","version":"v7","lastModified":"2024-09-04","category":"handwriting","kind":"webfonts#webfont","menu":"https://fonts.gstatic.com/s/praise/v7/qkBUXvUZ-cnFXcFCD_m-.ttf"},{"family":"Prata","version":"v20","lastModified":"2024-09-04","category":"serif","kind":"webfonts#webfont","menu":"https://fonts.gstatic.com/s/prata/v20/6xKhdSpbNNCT-sWJCms.ttf"},{"family":"Preahvihear","version":"v30","lastModified":"2024-12-04","category":"sans-serif","kind":"webfonts#webfont","menu":"https://fonts.gstatic.com/s/preahvihear/v30/6NUS8F-dNQeEYhzj7uluxvwF6dU.ttf"},{"family":"Press Start 2P","version":"v15","lastModified":"2024-09-04","category":"display","kind":"webfonts#webfont","menu":"https://fonts.gstatic.com/s/pressstart2p/v15/e3t4euO8T-267oIAQAu6jDQyK3nTivY.ttf"},{"family":"Pridi","version":"v13","lastModified":"2024-09-04","category":"serif","kind":"webfonts#webfont","menu":"https://fonts.gstatic.com/s/pridi/v13/2sDQZG5JnZLfkcWbqW0.ttf"},{"family":"Princess Sofia","version":"v25","lastModified":"2024-09-04","category":"handwriting","kind":"webfonts#webfont","menu":"https://fonts.gstatic.com/s/princesssofia/v25/qWczB6yguIb8DZ_GXZst16n7GSz6kjE.ttf"},{"family":"Prociono","version":"v26","lastModified":"2024-09-04","category":"serif","kind":"webfonts#webfont","menu":"https://fonts.gstatic.com/s/prociono/v26/r05YGLlR-KxAf9GGO_uowjI.ttf"},{"family":"Prompt","version":"v10","lastModified":"2024-09-04","category":"sans-serif","kind":"webfonts#webfont","menu":"https://fonts.gstatic.com/s/prompt/v10/-W__XJnvUD7dzB2KZtoY.ttf"},{"family":"Prosto One","version":"v19","lastModified":"2024-09-04","category":"display","kind":"webfonts#webfont","menu":"https://fonts.gstatic.com/s/prostoone/v19/OpNJno4VhNfK-RgpwWWxlitVXg.ttf"},{"family":"Protest Guerrilla","version":"v2","lastModified":"2024-09-04","category":"display","kind":"webfonts#webfont","menu":"https://fonts.gstatic.com/s/protestguerrilla/v2/Qw3HZR5PDSL6K3irtrY-VJB2YzARHW0lqps.ttf"},{"family":"Protest Revolution","version":"v2","lastModified":"2024-09-04","category":"display","kind":"webfonts#webfont","menu":"https://fonts.gstatic.com/s/protestrevolution/v2/11hcGofZ0kXBbxQXFB7MJsjtqnVw6Z2c8fg3.ttf"},{"family":"Protest Riot","version":"v2","lastModified":"2024-09-04","category":"display","kind":"webfonts#webfont","menu":"https://fonts.gstatic.com/s/protestriot/v2/d6lPkaOxWMKm7TdezXFmpkr81vhk.ttf"},{"family":"Protest Strike","version":"v2","lastModified":"2024-09-04","category":"display","kind":"webfonts#webfont","menu":"https://fonts.gstatic.com/s/proteststrike/v2/0QI5MXdf4Y67Rn6vBog67ZjFlqzX2AI.ttf"},{"family":"Proza Libre","version":"v9","lastModified":"2024-09-04","category":"sans-serif","kind":"webfonts#webfont","menu":"https://fonts.gstatic.com/s/prozalibre/v9/LYjGdGHgj0k1DIQRyUEyyEoudN8.ttf"},{"family":"PT Mono","version":"v13","lastModified":"2024-08-12","category":"monospace","kind":"webfonts#webfont","menu":"https://fonts.gstatic.com/s/ptmono/v13/9oRONYoBnWILk-9AnCkzNg.ttf"},{"family":"PT Sans","version":"v17","lastModified":"2024-08-12","category":"sans-serif","kind":"webfonts#webfont","menu":"https://fonts.gstatic.com/s/ptsans/v17/jizaRExUiTo99u79D0SEwA.ttf"},{"family":"PT Sans Caption","version":"v19","lastModified":"2024-08-12","category":"sans-serif","kind":"webfonts#webfont","menu":"https://fonts.gstatic.com/s/ptsanscaption/v19/0FlMVP6Hrxmt7-fsUFhlFXNIlpcafA_0.ttf"},{"family":"PT Sans Narrow","version":"v18","lastModified":"2024-08-12","category":"sans-serif","kind":"webfonts#webfont","menu":"https://fonts.gstatic.com/s/ptsansnarrow/v18/BngRUXNadjH0qYEzV7ab-oWlsbCAwRg.ttf"},{"family":"PT Serif","version":"v18","lastModified":"2024-08-12","category":"serif","kind":"webfonts#webfont","menu":"https://fonts.gstatic.com/s/ptserif/v18/EJRVQgYoZZY2vCFuvAFQzro.ttf"},{"family":"PT Serif Caption","version":"v17","lastModified":"2024-08-12","category":"serif","kind":"webfonts#webfont","menu":"https://fonts.gstatic.com/s/ptserifcaption/v17/ieVl2ZhbGCW-JoW6S34pSDpqYKU019S7CA.ttf"},{"family":"Public Sans","version":"v18","lastModified":"2024-09-30","category":"sans-serif","kind":"webfonts#webfont","menu":"https://fonts.gstatic.com/s/publicsans/v18/ijwGs572Xtc6ZYQws9YVwllKVG8qX1oyOymuFpmJwgct.ttf"},{"family":"Puppies Play","version":"v9","lastModified":"2024-09-04","category":"handwriting","kind":"webfonts#webfont","menu":"https://fonts.gstatic.com/s/puppiesplay/v9/wlp2gwHZEV99rG6M3NR9uB9faQhW.ttf"},{"family":"Puritan","version":"v24","lastModified":"2024-09-04","category":"sans-serif","kind":"webfonts#webfont","menu":"https://fonts.gstatic.com/s/puritan/v24/845YNMgkAJ2VTtIoxJv6QQ.ttf"},{"family":"Purple Purse","version":"v23","lastModified":"2024-09-04","category":"display","kind":"webfonts#webfont","menu":"https://fonts.gstatic.com/s/purplepurse/v23/qWctB66gv53iAp-Vfs4My6qCeRz7.ttf"},{"family":"Qahiri","version":"v9","lastModified":"2024-08-12","category":"sans-serif","kind":"webfonts#webfont","menu":"https://fonts.gstatic.com/s/qahiri/v9/tsssAp1RZy0C_hGeUnql.ttf"},{"family":"Quando","version":"v16","lastModified":"2024-09-04","category":"serif","kind":"webfonts#webfont","menu":"https://fonts.gstatic.com/s/quando/v16/xMQVuFNaVa6YuW0ZCq-3.ttf"},{"family":"Quantico","version":"v17","lastModified":"2024-09-04","category":"sans-serif","kind":"webfonts#webfont","menu":"https://fonts.gstatic.com/s/quantico/v17/rax-HiSdp9cPL3KIF7xtJDg.ttf"},{"family":"Quattrocento","version":"v23","lastModified":"2024-09-04","category":"serif","kind":"webfonts#webfont","menu":"https://fonts.gstatic.com/s/quattrocento/v23/OZpEg_xvsDZQL_LKIF7q4jP3xWj_.ttf"},{"family":"Quattrocento Sans","version":"v21","lastModified":"2024-09-04","category":"sans-serif","kind":"webfonts#webfont","menu":"https://fonts.gstatic.com/s/quattrocentosans/v21/va9c4lja2NVIDdIAAoMR5MfuElaRB0zPt0o.ttf"},{"family":"Questrial","version":"v18","lastModified":"2024-09-04","category":"sans-serif","kind":"webfonts#webfont","menu":"https://fonts.gstatic.com/s/questrial/v18/QdVUSTchPBm7nuUeVf70uCFg.ttf"},{"family":"Quicksand","version":"v31","lastModified":"2024-09-04","category":"sans-serif","kind":"webfonts#webfont","menu":"https://fonts.gstatic.com/s/quicksand/v31/6xK-dSZaM9iE8KbpRA_LJ3z8mH9BOJvgkP8o58C-xw.ttf"},{"family":"Quintessential","version":"v22","lastModified":"2024-09-04","category":"handwriting","kind":"webfonts#webfont","menu":"https://fonts.gstatic.com/s/quintessential/v22/fdNn9sOGq31Yjnh3qWU14Ddtjb5xQb0.ttf"},{"family":"Qwigley","version":"v18","lastModified":"2024-09-04","category":"handwriting","kind":"webfonts#webfont","menu":"https://fonts.gstatic.com/s/qwigley/v18/1cXzaU3UGJb5tGoCiV1mjw.ttf"},{"family":"Qwitcher Grypen","version":"v6","lastModified":"2024-09-04","category":"handwriting","kind":"webfonts#webfont","menu":"https://fonts.gstatic.com/s/qwitchergrypen/v6/pxicypclp9tDilN9RrC5BSI1dZmbSWlE.ttf"},{"family":"Racing Sans One","version":"v15","lastModified":"2024-09-04","category":"display","kind":"webfonts#webfont","menu":"https://fonts.gstatic.com/s/racingsansone/v15/sykr-yRtm7EvTrXNxkv5jfKKyDCALnDi.ttf"},{"family":"Radio Canada","version":"v21","lastModified":"2024-09-04","category":"sans-serif","kind":"webfonts#webfont","menu":"https://fonts.gstatic.com/s/radiocanada/v21/XRX13ISXn0dBMcibU6jlAqr3ejLv5OLZYiYXik6db2P4jxxlsls-0nFMkTPJLuM.ttf"},{"family":"Radio Canada Big","version":"v1","lastModified":"2024-09-04","category":"sans-serif","kind":"webfonts#webfont","menu":"https://fonts.gstatic.com/s/radiocanadabig/v1/LYjUdHrinEImAoQewU0hyTsPFra4Yp-6A-YRBF-RX6nNRb3o0JM.ttf"},{"family":"Radley","version":"v22","lastModified":"2024-09-04","category":"serif","kind":"webfonts#webfont","menu":"https://fonts.gstatic.com/s/radley/v22/LYjDdGzinEIjCN1NoQNA.ttf"},{"family":"Rajdhani","version":"v16","lastModified":"2024-12-04","category":"sans-serif","kind":"webfonts#webfont","menu":"https://fonts.gstatic.com/s/rajdhani/v16/LDIxapCSOBg7S-QT7p4BM-M.ttf"},{"family":"Rakkas","version":"v20","lastModified":"2024-12-04","category":"display","kind":"webfonts#webfont","menu":"https://fonts.gstatic.com/s/rakkas/v20/Qw3cZQlNHiblL3jPl9FL.ttf"},{"family":"Raleway","version":"v34","lastModified":"2024-09-04","category":"sans-serif","kind":"webfonts#webfont","menu":"https://fonts.gstatic.com/s/raleway/v34/1Ptxg8zYS_SKggPN4iEgvnHyvveLxVvaorCOPrQ.ttf"},{"family":"Raleway Dots","version":"v18","lastModified":"2024-09-04","category":"display","kind":"webfonts#webfont","menu":"https://fonts.gstatic.com/s/ralewaydots/v18/6NUR8FifJg6AfQvzpshgwJ8UyPVB.ttf"},{"family":"Ramabhadra","version":"v16","lastModified":"2024-12-04","category":"sans-serif","kind":"webfonts#webfont","menu":"https://fonts.gstatic.com/s/ramabhadra/v16/EYq2maBOwqRW9P1SQ83LShJMWw.ttf"},{"family":"Ramaraja","version":"v16","lastModified":"2024-12-04","category":"serif","kind":"webfonts#webfont","menu":"https://fonts.gstatic.com/s/ramaraja/v16/SlGTmQearpYAYG1CACIloHQ.ttf"},{"family":"Rambla","version":"v13","lastModified":"2024-09-04","category":"sans-serif","kind":"webfonts#webfont","menu":"https://fonts.gstatic.com/s/rambla/v13/snfrs0ip98hx6mrEIrgK.ttf"},{"family":"Rammetto One","version":"v19","lastModified":"2024-09-04","category":"display","kind":"webfonts#webfont","menu":"https://fonts.gstatic.com/s/rammettoone/v19/LhWiMV3HOfMbMetJG3lQDppNM_GY.ttf"},{"family":"Rampart One","version":"v11","lastModified":"2024-12-04","category":"display","kind":"webfonts#webfont","menu":"https://fonts.gstatic.com/s/rampartone/v11/K2F1fZFGl_JSR1tAWNG9R5qhJyo.ttf"},{"family":"Ranchers","version":"v17","lastModified":"2024-09-04","category":"display","kind":"webfonts#webfont","menu":"https://fonts.gstatic.com/s/ranchers/v17/zrfm0H3Lx-P2Xvs2ArDZBio.ttf"},{"family":"Rancho","version":"v21","lastModified":"2024-09-04","category":"handwriting","kind":"webfonts#webfont","menu":"https://fonts.gstatic.com/s/rancho/v21/46kulbzmXjLaqZRVbG_k.ttf"},{"family":"Ranga","version":"v21","lastModified":"2024-09-04","category":"display","kind":"webfonts#webfont","menu":"https://fonts.gstatic.com/s/ranga/v21/C8ct4cYisGb28q6DJjg.ttf"},{"family":"Rasa","version":"v22","lastModified":"2024-09-04","category":"serif","kind":"webfonts#webfont","menu":"https://fonts.gstatic.com/s/rasa/v22/xn76YHIn1mWmVKl8ZtAM9NrJfN5GJV40d88.ttf"},{"family":"Rationale","version":"v28","lastModified":"2024-09-04","category":"sans-serif","kind":"webfonts#webfont","menu":"https://fonts.gstatic.com/s/rationale/v28/9XUnlJ92n0_JFxHIfHccd1tI.ttf"},{"family":"Ravi Prakash","version":"v20","lastModified":"2024-12-04","category":"display","kind":"webfonts#webfont","menu":"https://fonts.gstatic.com/s/raviprakash/v20/gokpH6fsDkVrF9Bv9X8SOAK3mdxA.ttf"},{"family":"Readex Pro","version":"v21","lastModified":"2024-09-04","category":"sans-serif","kind":"webfonts#webfont","menu":"https://fonts.gstatic.com/s/readexpro/v21/SLXnc1bJ7HE5YDoGPuzj_dh8uc7wUy8ZQQyX2KY8TL0kGZN6blTC4USWg2Ek.ttf"},{"family":"Recursive","version":"v38","lastModified":"2024-09-04","category":"sans-serif","kind":"webfonts#webfont","menu":"https://fonts.gstatic.com/s/recursive/v38/8vJN7wMr0mhh-RQChyHEH06TlXhq_gukbYrFMk1QuAIcyEwG_X-dpEfaE5YaERmK-CImKsvxvU-MXGX2fSqasNfUvz2xbXfn1uEQadCCk319tQg.ttf"},{"family":"Red Hat Display","version":"v20","lastModified":"2024-12-04","category":"sans-serif","kind":"webfonts#webfont","menu":"https://fonts.gstatic.com/s/redhatdisplay/v20/8vIf7wUr0m80wwYf0QCXZzYzUoTK8RZQvRd-D1NYbmyWQkkz_Q.ttf"},{"family":"Red Hat Mono","version":"v15","lastModified":"2024-12-04","category":"monospace","kind":"webfonts#webfont","menu":"https://fonts.gstatic.com/s/redhatmono/v15/jVyY7nDnA2uf2zVvFAhhzEs-VMSjJpBTfgjwQV3Iy7DHvQ.ttf"},{"family":"Red Hat Text","version":"v18","lastModified":"2024-12-04","category":"sans-serif","kind":"webfonts#webfont","menu":"https://fonts.gstatic.com/s/redhattext/v18/RrQCbohi_ic6B3yVSzGBrMx6ZI_cy1A6Ok2ML7hwZrfQdQ.ttf"},{"family":"Red Rose","version":"v20","lastModified":"2024-09-04","category":"display","kind":"webfonts#webfont","menu":"https://fonts.gstatic.com/s/redrose/v20/QdVISTYiLBjouPgEUajvsfWwDtc3MH8yrfszcz6o.ttf"},{"family":"Redacted","version":"v8","lastModified":"2024-09-04","category":"display","kind":"webfonts#webfont","menu":"https://fonts.gstatic.com/s/redacted/v8/Z9XVDmdRShme2O_7aLTf6Ok.ttf"},{"family":"Redacted Script","version":"v10","lastModified":"2024-09-04","category":"display","kind":"webfonts#webfont","menu":"https://fonts.gstatic.com/s/redactedscript/v10/ypvBbXGRglhokR7dcC3d1-R6zmxisG71.ttf"},{"family":"Reddit Mono","version":"v3","lastModified":"2024-09-04","category":"monospace","kind":"webfonts#webfont","menu":"https://fonts.gstatic.com/s/redditmono/v3/oPWc_kRmmu4oQ88oo13o48DHbsqn28eR20vUwCYqc3Pc.ttf"},{"family":"Reddit Sans","version":"v4","lastModified":"2024-09-04","category":"sans-serif","kind":"webfonts#webfont","menu":"https://fonts.gstatic.com/s/redditsans/v4/EYqgmaFOxq1T_-ETdN7EKSlnU2dHRsBCV5uxbYxWAF3F.ttf"},{"family":"Reddit Sans Condensed","version":"v3","lastModified":"2024-09-04","category":"sans-serif","kind":"webfonts#webfont","menu":"https://fonts.gstatic.com/s/redditsanscondensed/v3/m8J_jepOc6WYkkm2Dey9A5QGAQXmuL3va5IfZsq2gyKtWVJro1kKYpQyvw.ttf"},{"family":"Redressed","version":"v30","lastModified":"2024-11-20","category":"handwriting","kind":"webfonts#webfont","menu":"https://fonts.gstatic.com/s/redressed/v30/x3dickHUbrmJ7wMy9MsxffoG.ttf"},{"family":"Reem Kufi","version":"v21","lastModified":"2024-09-04","category":"sans-serif","kind":"webfonts#webfont","menu":"https://fonts.gstatic.com/s/reemkufi/v21/2sDPZGJLip7W2J7v7wQZZE1I0yCmYzzQtuZnIGCV2g.ttf"},{"family":"Reem Kufi Fun","version":"v7","lastModified":"2024-09-04","category":"sans-serif","kind":"webfonts#webfont","menu":"https://fonts.gstatic.com/s/reemkufifun/v7/uK_m4rOFYukkmyUEbF43fIryZEk5qRZ8nrKChoYj3kChpP4.ttf"},{"family":"Reem Kufi Ink","version":"v9","lastModified":"2024-09-04","category":"sans-serif","kind":"webfonts#webfont","menu":"https://fonts.gstatic.com/s/reemkufiink/v9/oPWJ_kJmmu8hCvB9iFumxZSndj9XRg.ttf"},{"family":"Reenie Beanie","version":"v20","lastModified":"2024-09-04","category":"handwriting","kind":"webfonts#webfont","menu":"https://fonts.gstatic.com/s/reeniebeanie/v20/z7NSdR76eDkaJKZJFkkjuvWxXPy1rg.ttf"},{"family":"Reggae One","version":"v17","lastModified":"2024-09-04","category":"display","kind":"webfonts#webfont","menu":"https://fonts.gstatic.com/s/reggaeone/v17/7r3DqX5msMIkeuwJwOJtza9B4g.ttf"},{"family":"REM","version":"v2","lastModified":"2024-09-04","category":"sans-serif","kind":"webfonts#webfont","menu":"https://fonts.gstatic.com/s/rem/v2/WnzgHAIoSDyHbRjfsYumpRvUPMLqnTseaA.ttf"},{"family":"Rethink Sans","version":"v5","lastModified":"2024-09-04","category":"sans-serif","kind":"webfonts#webfont","menu":"https://fonts.gstatic.com/s/rethinksans/v5/AMODz4SDuXOMCPfdoglY9JQuWHBGG0X45DmqkmFROE_snQ.ttf"},{"family":"Revalia","version":"v22","lastModified":"2024-09-04","category":"display","kind":"webfonts#webfont","menu":"https://fonts.gstatic.com/s/revalia/v22/WwkexPimBE2-4ZPESVvkMA.ttf"},{"family":"Rhodium Libre","version":"v19","lastModified":"2024-08-12","category":"serif","kind":"webfonts#webfont","menu":"https://fonts.gstatic.com/s/rhodiumlibre/v19/1q2AY5adA0tn_ukeHcQHqpx6lEXBfg.ttf"},{"family":"Ribeye","version":"v25","lastModified":"2024-09-04","category":"display","kind":"webfonts#webfont","menu":"https://fonts.gstatic.com/s/ribeye/v25/L0x8DFMxk1MP9R3hvfqi.ttf"},{"family":"Ribeye Marrow","version":"v24","lastModified":"2024-09-04","category":"display","kind":"webfonts#webfont","menu":"https://fonts.gstatic.com/s/ribeyemarrow/v24/GFDsWApshnqMRO2JdtRZ2d0vIA0ZUQ.ttf"},{"family":"Righteous","version":"v17","lastModified":"2024-09-04","category":"display","kind":"webfonts#webfont","menu":"https://fonts.gstatic.com/s/righteous/v17/1cXxaUPXBpj2rGoU7C9WjnGA.ttf"},{"family":"Risque","version":"v22","lastModified":"2024-09-04","category":"display","kind":"webfonts#webfont","menu":"https://fonts.gstatic.com/s/risque/v22/VdGfAZUfHosahXxYCEwR.ttf"},{"family":"Road Rage","version":"v7","lastModified":"2024-09-04","category":"display","kind":"webfonts#webfont","menu":"https://fonts.gstatic.com/s/roadrage/v7/6NUU8F2fKAOBKjjr4ekftcwE.ttf"},{"family":"Roboto","version":"v32","lastModified":"2024-09-04","category":"sans-serif","kind":"webfonts#webfont","menu":"https://fonts.gstatic.com/s/roboto/v32/KFOmCnqEu92Fr1Mu5GxP.ttf"},{"family":"Roboto Condensed","version":"v27","lastModified":"2024-09-04","category":"sans-serif","kind":"webfonts#webfont","menu":"https://fonts.gstatic.com/s/robotocondensed/v27/ieVo2ZhZI2eCN5jzbjEETS9weq8-_d6T_POl0fRJeyWyosBI5Xk.ttf"},{"family":"Roboto Flex","version":"v26","lastModified":"2024-09-04","category":"sans-serif","kind":"webfonts#webfont","menu":"https://fonts.gstatic.com/s/robotoflex/v26/NaNnepOXO_NexZs0b5QrzlOHb8wCikXpYqmZsWI-__OGbt8jZktqc2V3Zs0KvDLdBP8SBZtOs2IifRuUZQMsPJtUsR4DEK6cULNeUx9XgTnH37Ha_FIAp4Fm0PP1hw45DntW2x0wZGzhPmr1YNMYKYn9_1IQXGwJAiUJVUMdN5YUW4O8HtSoXjC1z3QSabshNFVe3e0O5j3ZjrZCu23Qd4G0EBysQNK-QKavMl1cKq3tHXtXi8mzLjaAcbCkmA.ttf"},{"family":"Roboto Mono","version":"v23","lastModified":"2024-09-04","category":"monospace","kind":"webfonts#webfont","menu":"https://fonts.gstatic.com/s/robotomono/v23/L0xuDF4xlVMF-BfR8bXMIhJHg45mwgGEFl0_3vq_QuW9.ttf"},{"family":"Roboto Serif","version":"v15","lastModified":"2024-09-30","category":"serif","kind":"webfonts#webfont","menu":"https://fonts.gstatic.com/s/robotoserif/v15/R71RjywflP6FLr3gZx7K8UyuXDs9zVwDmXCb8lxYgmuii32UGoVldX6UgfjL4-3sMM_kB_qXSEXTJQCFLH5-_bcEliotl6Z8BQ.ttf"},{"family":"Roboto Slab","version":"v34","lastModified":"2024-09-04","category":"serif","kind":"webfonts#webfont","menu":"https://fonts.gstatic.com/s/robotoslab/v34/BngbUXZYTXPIvIBgJJSb6s3BzlRRfKOFbvjojISmaWRm.ttf"},{"family":"Rochester","version":"v22","lastModified":"2024-09-04","category":"handwriting","kind":"webfonts#webfont","menu":"https://fonts.gstatic.com/s/rochester/v22/6ae-4KCqVa4Zy6Fif-UC3lHS.ttf"},{"family":"Rock 3D","version":"v11","lastModified":"2024-08-07","category":"display","kind":"webfonts#webfont","menu":"https://fonts.gstatic.com/s/rock3d/v11/yYLp0hrL0PCo651553WtxQ.ttf"},{"family":"Rock Salt","version":"v22","lastModified":"2024-09-04","category":"handwriting","kind":"webfonts#webfont","menu":"https://fonts.gstatic.com/s/rocksalt/v22/MwQ0bhv11fWD6QsAVOZrsUM_.ttf"},{"family":"RocknRoll One","version":"v14","lastModified":"2024-09-04","category":"sans-serif","kind":"webfonts#webfont","menu":"https://fonts.gstatic.com/s/rocknrollone/v14/kmK7ZqspGAfCeUiW6FFlmEC9suRrtw.ttf"},{"family":"Rokkitt","version":"v36","lastModified":"2024-09-04","category":"serif","kind":"webfonts#webfont","menu":"https://fonts.gstatic.com/s/rokkitt/v36/qFdb35qfgYFjGy5hukqqhw5XeRgdi1ryd6DKGbo.ttf"},{"family":"Romanesco","version":"v21","lastModified":"2024-09-04","category":"handwriting","kind":"webfonts#webfont","menu":"https://fonts.gstatic.com/s/romanesco/v21/w8gYH2ozQOY7_r_J7mSX3XYP.ttf"},{"family":"Ropa Sans","version":"v15","lastModified":"2024-09-04","category":"sans-serif","kind":"webfonts#webfont","menu":"https://fonts.gstatic.com/s/ropasans/v15/EYqxmaNOzLlWtsZSScy6WzNs.ttf"},{"family":"Rosario","version":"v31","lastModified":"2024-09-04","category":"sans-serif","kind":"webfonts#webfont","menu":"https://fonts.gstatic.com/s/rosario/v31/xfuu0WDhWW_fOEoY8l_VPNZfB7jPM68YCVcyfeI.ttf"},{"family":"Rosarivo","version":"v22","lastModified":"2024-09-04","category":"serif","kind":"webfonts#webfont","menu":"https://fonts.gstatic.com/s/rosarivo/v22/PlI-Fl2lO6N9f8HaNDeD0Hw.ttf"},{"family":"Rouge Script","version":"v18","lastModified":"2024-09-04","category":"handwriting","kind":"webfonts#webfont","menu":"https://fonts.gstatic.com/s/rougescript/v18/LYjFdGbiklMoCIQOw1Ep3S4_Vf_f.ttf"},{"family":"Rowdies","version":"v17","lastModified":"2024-09-04","category":"display","kind":"webfonts#webfont","menu":"https://fonts.gstatic.com/s/rowdies/v17/ptRJTieMYPNBAK21_rZDxA.ttf"},{"family":"Rozha One","version":"v15","lastModified":"2024-09-04","category":"serif","kind":"webfonts#webfont","menu":"https://fonts.gstatic.com/s/rozhaone/v15/AlZy_zVFtYP12Zncg2kRdH38.ttf"},{"family":"Rubik","version":"v28","lastModified":"2024-09-04","category":"sans-serif","kind":"webfonts#webfont","menu":"https://fonts.gstatic.com/s/rubik/v28/iJWZBXyIfDnIV5PNhY1KTN7Z-Yh-B4iFUUUw.ttf"},{"family":"Rubik 80s Fade","version":"v2","lastModified":"2024-09-04","category":"display","kind":"webfonts#webfont","menu":"https://fonts.gstatic.com/s/rubik80sfade/v2/U9MF6dW37nLSmnwZXyoV-uPXUiHxm7Y.ttf"},{"family":"Rubik Beastly","version":"v10","lastModified":"2024-09-04","category":"display","kind":"webfonts#webfont","menu":"https://fonts.gstatic.com/s/rubikbeastly/v10/0QImMXRd5oOmSC2ZQ7o9653X4732-A.ttf"},{"family":"Rubik Broken Fax","version":"v1","lastModified":"2024-09-04","category":"display","kind":"webfonts#webfont","menu":"https://fonts.gstatic.com/s/rubikbrokenfax/v1/NGSvv4rXG042O-GzH9sg1cUgl8w8UW6ccg.ttf"},{"family":"Rubik Bubbles","version":"v3","lastModified":"2024-09-04","category":"display","kind":"webfonts#webfont","menu":"https://fonts.gstatic.com/s/rubikbubbles/v3/JIA1UVdwbHFJtwA7Us1BPFbRBTAHeA.ttf"},{"family":"Rubik Burned","version":"v1","lastModified":"2024-09-04","category":"display","kind":"webfonts#webfont","menu":"https://fonts.gstatic.com/s/rubikburned/v1/Jqzk5TmOVOqQHihKqPpscqnSHAGe.ttf"},{"family":"Rubik Dirt","version":"v2","lastModified":"2024-09-04","category":"display","kind":"webfonts#webfont","menu":"https://fonts.gstatic.com/s/rubikdirt/v2/DtVmJxC7WLEj1uIXEWAdil0s7g.ttf"},{"family":"Rubik Distressed","version":"v1","lastModified":"2024-09-04","category":"display","kind":"webfonts#webfont","menu":"https://fonts.gstatic.com/s/rubikdistressed/v1/GFDxWBdsmnqAVqjtUsZf2dcrQ2ldQWErbg.ttf"},{"family":"Rubik Doodle Shadow","version":"v1","lastModified":"2024-09-04","category":"display","kind":"webfonts#webfont","menu":"https://fonts.gstatic.com/s/rubikdoodleshadow/v1/rP2bp3im_k8G_wTVdvvMdHqmXTR3lEaL-KqT2A.ttf"},{"family":"Rubik Doodle Triangles","version":"v1","lastModified":"2024-09-04","category":"display","kind":"webfonts#webfont","menu":"https://fonts.gstatic.com/s/rubikdoodletriangles/v1/esDA301BLOmMKxKspb3g-domRuLPeaSn2bTzRLm1tg.ttf"},{"family":"Rubik Gemstones","version":"v1","lastModified":"2024-09-04","category":"display","kind":"webfonts#webfont","menu":"https://fonts.gstatic.com/s/rubikgemstones/v1/zrf90HrL0-_8Xb4DFM2rUkWbOVr-iSPC.ttf"},{"family":"Rubik Glitch","version":"v2","lastModified":"2024-09-04","category":"display","kind":"webfonts#webfont","menu":"https://fonts.gstatic.com/s/rubikglitch/v2/qkBSXv8b_srFRYQVYrDKh9ZfmSTD.ttf"},{"family":"Rubik Glitch Pop","version":"v1","lastModified":"2024-09-04","category":"display","kind":"webfonts#webfont","menu":"https://fonts.gstatic.com/s/rubikglitchpop/v1/tDbX2pGHhFcM0gB3hN2elZLa3G-MCwWnTQ.ttf"},{"family":"Rubik Iso","version":"v2","lastModified":"2024-09-04","category":"display","kind":"webfonts#webfont","menu":"https://fonts.gstatic.com/s/rubikiso/v2/x3dickHUfr-S4VAI4sAxffoG.ttf"},{"family":"Rubik Lines","version":"v1","lastModified":"2024-09-04","category":"display","kind":"webfonts#webfont","menu":"https://fonts.gstatic.com/s/rubiklines/v1/_gP81R3vsjYzVW2Y6xFF-FSwav4.ttf"},{"family":"Rubik Maps","version":"v1","lastModified":"2024-09-04","category":"display","kind":"webfonts#webfont","menu":"https://fonts.gstatic.com/s/rubikmaps/v1/Gw6_wcjl80TZK9XxtbbevSceDg.ttf"},{"family":"Rubik Marker Hatch","version":"v1","lastModified":"2024-09-04","category":"display","kind":"webfonts#webfont","menu":"https://fonts.gstatic.com/s/rubikmarkerhatch/v1/QldTNSFQsh0B_bFXXWv6LAt-jswapJHgDbQm.ttf"},{"family":"Rubik Maze","version":"v2","lastModified":"2024-09-04","category":"display","kind":"webfonts#webfont","menu":"https://fonts.gstatic.com/s/rubikmaze/v2/xMQRuF9ZVa2ftiJEavXSMX_omQ.ttf"},{"family":"Rubik Microbe","version":"v2","lastModified":"2024-09-04","category":"display","kind":"webfonts#webfont","menu":"https://fonts.gstatic.com/s/rubikmicrobe/v2/UqyWK8oPP3hjw6ANS9rM3PsZQs4QbA.ttf"},{"family":"Rubik Mono One","version":"v18","lastModified":"2024-08-12","category":"sans-serif","kind":"webfonts#webfont","menu":"https://fonts.gstatic.com/s/rubikmonoone/v18/UqyJK8kPP3hjw6ANTdfRk9YSN98xTKA.ttf"},{"family":"Rubik Moonrocks","version":"v5","lastModified":"2024-09-04","category":"display","kind":"webfonts#webfont","menu":"https://fonts.gstatic.com/s/rubikmoonrocks/v5/845ANMAmAI2VUZMLu_W0M7HqlDHXXMr_.ttf"},{"family":"Rubik Pixels","version":"v2","lastModified":"2024-09-04","category":"display","kind":"webfonts#webfont","menu":"https://fonts.gstatic.com/s/rubikpixels/v2/SlGXmQOaupkIeSx4CEpB7AdiaRwV.ttf"},{"family":"Rubik Puddles","version":"v2","lastModified":"2024-09-04","category":"display","kind":"webfonts#webfont","menu":"https://fonts.gstatic.com/s/rubikpuddles/v2/1Ptog8bYX_qGnkLkrU5MJsQcFfG-xQ.ttf"},{"family":"Rubik Scribble","version":"v1","lastModified":"2024-09-04","category":"display","kind":"webfonts#webfont","menu":"https://fonts.gstatic.com/s/rubikscribble/v1/snfzs0Cp48d67SuHQOpjXLsQpYqaQDc.ttf"},{"family":"Rubik Spray Paint","version":"v1","lastModified":"2024-09-04","category":"display","kind":"webfonts#webfont","menu":"https://fonts.gstatic.com/s/rubikspraypaint/v1/WnzhHBAoeBPUDTB4EWR82y6EXWPH-So_SII.ttf"},{"family":"Rubik Storm","version":"v1","lastModified":"2024-09-04","category":"display","kind":"webfonts#webfont","menu":"https://fonts.gstatic.com/s/rubikstorm/v1/eLGYP-_uPgO5Ag7ju9JaotL8RWE.ttf"},{"family":"Rubik Vinyl","version":"v1","lastModified":"2024-09-04","category":"display","kind":"webfonts#webfont","menu":"https://fonts.gstatic.com/s/rubikvinyl/v1/iJWABXKIfDnIV4mQ5BfjvXXfzIg.ttf"},{"family":"Rubik Wet Paint","version":"v2","lastModified":"2024-09-04","category":"display","kind":"webfonts#webfont","menu":"https://fonts.gstatic.com/s/rubikwetpaint/v2/HTx0L20uMDGHgdULcpTF3Oe4d_-1-jbz.ttf"},{"family":"Ruda","version":"v28","lastModified":"2024-09-04","category":"sans-serif","kind":"webfonts#webfont","menu":"https://fonts.gstatic.com/s/ruda/v28/k3kKo8YQJOpFgHQ1mQ5VkEbUKaJFsh__0qw.ttf"},{"family":"Rufina","version":"v15","lastModified":"2024-09-04","category":"serif","kind":"webfonts#webfont","menu":"https://fonts.gstatic.com/s/rufina/v15/Yq6V-LyURyLy-aKCoh5g.ttf"},{"family":"Ruge Boogie","version":"v28","lastModified":"2024-09-04","category":"handwriting","kind":"webfonts#webfont","menu":"https://fonts.gstatic.com/s/rugeboogie/v28/JIA3UVFwbHRF_GIWSMhKNSOjNTE.ttf"},{"family":"Ruluko","version":"v21","lastModified":"2024-09-04","category":"sans-serif","kind":"webfonts#webfont","menu":"https://fonts.gstatic.com/s/ruluko/v21/xMQVuFNZVaODtm0ZCq-3.ttf"},{"family":"Rum Raisin","version":"v22","lastModified":"2024-09-04","category":"sans-serif","kind":"webfonts#webfont","menu":"https://fonts.gstatic.com/s/rumraisin/v22/nwpRtKu3Ih8D5avB4h2uF36Czw.ttf"},{"family":"Ruslan Display","version":"v26","lastModified":"2024-09-04","category":"display","kind":"webfonts#webfont","menu":"https://fonts.gstatic.com/s/ruslandisplay/v26/Gw6jwczl81XcIZuckK_e3Upfdwxqn9g.ttf"},{"family":"Russo One","version":"v16","lastModified":"2024-09-04","category":"sans-serif","kind":"webfonts#webfont","menu":"https://fonts.gstatic.com/s/russoone/v16/Z9XUDmZRWg6M1LvRYsHOycmM.ttf"},{"family":"Ruthie","version":"v26","lastModified":"2024-09-04","category":"handwriting","kind":"webfonts#webfont","menu":"https://fonts.gstatic.com/s/ruthie/v26/gokvH63sGkdqXuUNlTRz.ttf"},{"family":"Ruwudu","version":"v4","lastModified":"2024-09-04","category":"serif","kind":"webfonts#webfont","menu":"https://fonts.gstatic.com/s/ruwudu/v4/syky-y1tj6UzRKf9lAqX.ttf"},{"family":"Rye","version":"v15","lastModified":"2024-09-04","category":"display","kind":"webfonts#webfont","menu":"https://fonts.gstatic.com/s/rye/v15/r05XGLJT86YzF57o.ttf"},{"family":"Sacramento","version":"v15","lastModified":"2024-09-04","category":"handwriting","kind":"webfonts#webfont","menu":"https://fonts.gstatic.com/s/sacramento/v15/buEzpo6gcdjy0EiZMBUG4Csf-A.ttf"},{"family":"Sahitya","version":"v18","lastModified":"2024-11-20","category":"serif","kind":"webfonts#webfont","menu":"https://fonts.gstatic.com/s/sahitya/v18/6qLAKZkOuhnuqlJAWSYPOw.ttf"},{"family":"Sail","version":"v16","lastModified":"2024-09-04","category":"display","kind":"webfonts#webfont","menu":"https://fonts.gstatic.com/s/sail/v16/DPEjYwiBxwYJJBXJBA.ttf"},{"family":"Saira","version":"v20","lastModified":"2024-09-04","category":"sans-serif","kind":"webfonts#webfont","menu":"https://fonts.gstatic.com/s/saira/v20/memWYa2wxmKQyPMrZX79wwYZQMhsyuShhKMjjbU9uXuA71rCkskxkw.ttf"},{"family":"Saira Condensed","version":"v11","lastModified":"2024-09-04","category":"sans-serif","kind":"webfonts#webfont","menu":"https://fonts.gstatic.com/s/sairacondensed/v11/EJROQgErUN8XuHNEtX81i9TmEkrvpOtA.ttf"},{"family":"Saira Extra Condensed","version":"v13","lastModified":"2024-09-04","category":"sans-serif","kind":"webfonts#webfont","menu":"https://fonts.gstatic.com/s/sairaextracondensed/v13/-nFiOHYr-vcC7h8MklGBkrvmUG9rbpkisrTj7kjx.ttf"},{"family":"Saira Semi Condensed","version":"v13","lastModified":"2024-09-04","category":"sans-serif","kind":"webfonts#webfont","menu":"https://fonts.gstatic.com/s/sairasemicondensed/v13/U9MD6c-2-nnJkHxyCjRcnMHcWVWV1cWRRX8KaOM.ttf"},{"family":"Saira Stencil One","version":"v16","lastModified":"2024-09-04","category":"display","kind":"webfonts#webfont","menu":"https://fonts.gstatic.com/s/sairastencilone/v16/SLXSc03I6HkvZGJ1GvvipLoYSTEL9DsNYQw.ttf"},{"family":"Salsa","version":"v21","lastModified":"2024-09-04","category":"display","kind":"webfonts#webfont","menu":"https://fonts.gstatic.com/s/salsa/v21/gNMKW3FiRpKj-hmZ-HM.ttf"},{"family":"Sanchez","version":"v15","lastModified":"2024-09-04","category":"serif","kind":"webfonts#webfont","menu":"https://fonts.gstatic.com/s/sanchez/v15/Ycm2sZJORluHnXbIfm9R-A.ttf"},{"family":"Sancreek","version":"v25","lastModified":"2024-09-04","category":"display","kind":"webfonts#webfont","menu":"https://fonts.gstatic.com/s/sancreek/v25/pxiHypAnsdxUm159X4D_V1s.ttf"},{"family":"Sankofa Display","version":"v2","lastModified":"2024-09-04","category":"sans-serif","kind":"webfonts#webfont","menu":"https://fonts.gstatic.com/s/sankofadisplay/v2/Ktk1ALSRd4LucUDghJ2rTqXOoh3HFqOd.ttf"},{"family":"Sansita","version":"v11","lastModified":"2024-09-04","category":"sans-serif","kind":"webfonts#webfont","menu":"https://fonts.gstatic.com/s/sansita/v11/QldONTRRphEb_-V7LBixSQ.ttf"},{"family":"Sansita Swashed","version":"v18","lastModified":"2024-09-04","category":"display","kind":"webfonts#webfont","menu":"https://fonts.gstatic.com/s/sansitaswashed/v18/BXR8vFfZifTZgFlDDLgNkBydPKTt3pVCeYWqJnZSW7RpXTsffg.ttf"},{"family":"Sarabun","version":"v15","lastModified":"2024-09-04","category":"sans-serif","kind":"webfonts#webfont","menu":"https://fonts.gstatic.com/s/sarabun/v15/DtVjJx26TKEr37c9aBNJmg.ttf"},{"family":"Sarala","version":"v12","lastModified":"2024-09-04","category":"sans-serif","kind":"webfonts#webfont","menu":"https://fonts.gstatic.com/s/sarala/v12/uK_y4riEZv4o1w9hCxcX.ttf"},{"family":"Sarina","version":"v23","lastModified":"2024-09-04","category":"display","kind":"webfonts#webfont","menu":"https://fonts.gstatic.com/s/sarina/v23/-F6wfjF3ITQwasLRL0rQ.ttf"},{"family":"Sarpanch","version":"v13","lastModified":"2024-09-04","category":"sans-serif","kind":"webfonts#webfont","menu":"https://fonts.gstatic.com/s/sarpanch/v13/hESy6Xt4NCpRuk6Pzi2BTo4.ttf"},{"family":"Sassy Frass","version":"v7","lastModified":"2024-09-04","category":"handwriting","kind":"webfonts#webfont","menu":"https://fonts.gstatic.com/s/sassyfrass/v7/LhWhMVrGOe0FLb97BjhsE-9cEtE.ttf"},{"family":"Satisfy","version":"v21","lastModified":"2024-09-04","category":"handwriting","kind":"webfonts#webfont","menu":"https://fonts.gstatic.com/s/satisfy/v21/rP2Hp2yn6lkG50LoCZWIGA.ttf"},{"family":"Sawarabi Gothic","version":"v13","lastModified":"2024-09-04","category":"sans-serif","kind":"webfonts#webfont","menu":"https://fonts.gstatic.com/s/sawarabigothic/v13/x3d4ckfVaqqa-BEj-I9mE65u3k39BCMz.ttf"},{"family":"Sawarabi Mincho","version":"v18","lastModified":"2024-09-04","category":"serif","kind":"webfonts#webfont","menu":"https://fonts.gstatic.com/s/sawarabimincho/v18/8QIRdiDaitzr7brc8ahpxt6GcIJjLKJL.ttf"},{"family":"Scada","version":"v15","lastModified":"2024-09-04","category":"sans-serif","kind":"webfonts#webfont","menu":"https://fonts.gstatic.com/s/scada/v15/RLpxK5Pv5qumeVJpzTE.ttf"},{"family":"Scheherazade New","version":"v17","lastModified":"2024-11-20","category":"serif","kind":"webfonts#webfont","menu":"https://fonts.gstatic.com/s/scheherazadenew/v17/4UaZrFhTvxVnHDvUkUiHg8jprP4DOwJmPg.ttf"},{"family":"Schibsted Grotesk","version":"v3","lastModified":"2024-09-04","category":"sans-serif","kind":"webfonts#webfont","menu":"https://fonts.gstatic.com/s/schibstedgrotesk/v3/JqzK5SSPQuCQF3t8uOwiUL-taUTtarVKQ9vZ6pJJWlMNIsEwTshq.ttf"},{"family":"Schoolbell","version":"v18","lastModified":"2024-09-04","category":"handwriting","kind":"webfonts#webfont","menu":"https://fonts.gstatic.com/s/schoolbell/v18/92zQtBZWOrcgoe-fgnJIZxMa7g.ttf"},{"family":"Scope One","version":"v14","lastModified":"2024-09-04","category":"serif","kind":"webfonts#webfont","menu":"https://fonts.gstatic.com/s/scopeone/v14/WBLnrEXKYFlGHrOKmGDFWkXI.ttf"},{"family":"Seaweed Script","version":"v15","lastModified":"2024-09-04","category":"display","kind":"webfonts#webfont","menu":"https://fonts.gstatic.com/s/seaweedscript/v15/bx6cNx6Tne2pxOATYE8C_Rsoe3WI8qM.ttf"},{"family":"Secular One","version":"v12","lastModified":"2024-09-04","category":"sans-serif","kind":"webfonts#webfont","menu":"https://fonts.gstatic.com/s/secularone/v12/8QINdiTajsj_87rMuMdKyqDkOO0.ttf"},{"family":"Sedan","version":"v1","lastModified":"2024-09-04","category":"serif","kind":"webfonts#webfont","menu":"https://fonts.gstatic.com/s/sedan/v1/Yq6a-L-VVyD6-dOTgz4.ttf"},{"family":"Sedan SC","version":"v2","lastModified":"2024-09-04","category":"serif","kind":"webfonts#webfont","menu":"https://fonts.gstatic.com/s/sedansc/v2/yMJRMIlvYZ3Jn1Y30Aq9dyg.ttf"},{"family":"Sedgwick Ave","version":"v12","lastModified":"2024-09-04","category":"handwriting","kind":"webfonts#webfont","menu":"https://fonts.gstatic.com/s/sedgwickave/v12/uK_04rKEYuguzAcSYRdWTJqMX2Ix.ttf"},{"family":"Sedgwick Ave Display","version":"v21","lastModified":"2024-09-04","category":"handwriting","kind":"webfonts#webfont","menu":"https://fonts.gstatic.com/s/sedgwickavedisplay/v21/xfuu0XPgU3jZPUoUo3ScvmPi-NapQ8OxM1cyfeI.ttf"},{"family":"Sen","version":"v9","lastModified":"2024-09-04","category":"sans-serif","kind":"webfonts#webfont","menu":"https://fonts.gstatic.com/s/sen/v9/6xK0dSxYI9_dkN18-vZKK2EISCq5L4_AkA.ttf"},{"family":"Send Flowers","version":"v5","lastModified":"2024-09-04","category":"handwriting","kind":"webfonts#webfont","menu":"https://fonts.gstatic.com/s/sendflowers/v5/If2PXTjtZS-0Xqy13uCQSULfxgLn.ttf"},{"family":"Sevillana","version":"v23","lastModified":"2024-09-04","category":"display","kind":"webfonts#webfont","menu":"https://fonts.gstatic.com/s/sevillana/v23/KFOlCnWFscmDt1Bfiy1fAhc9.ttf"},{"family":"Seymour One","version":"v23","lastModified":"2024-09-04","category":"sans-serif","kind":"webfonts#webfont","menu":"https://fonts.gstatic.com/s/seymourone/v23/4iCp6Khla9xbjQpoWGGd0lyJN4Q.ttf"},{"family":"Shadows Into Light","version":"v20","lastModified":"2024-11-20","category":"handwriting","kind":"webfonts#webfont","menu":"https://fonts.gstatic.com/s/shadowsintolight/v20/UqyNK9UOIntux_czAvDQx_ZcHqZXBNQzc8D8.ttf"},{"family":"Shadows Into Light Two","version":"v17","lastModified":"2024-09-04","category":"handwriting","kind":"webfonts#webfont","menu":"https://fonts.gstatic.com/s/shadowsintolighttwo/v17/4iC86LVlZsRSjQhpWGedwyOoW-0A6_kpsyNmpArHHA.ttf"},{"family":"Shalimar","version":"v7","lastModified":"2024-09-04","category":"handwriting","kind":"webfonts#webfont","menu":"https://fonts.gstatic.com/s/shalimar/v7/uU9MCBoE6I6iNWFUvQPw-vQ.ttf"},{"family":"Shantell Sans","version":"v10","lastModified":"2024-09-04","category":"display","kind":"webfonts#webfont","menu":"https://fonts.gstatic.com/s/shantellsans/v10/FeUaS0pCoLIo-lcdY7kjvNoQqWVWB0qWpl29ajppTuUTu_kJKmHesPOL-maYi4xZeHCNQ09eBlmv2QcUzJ39-rAISYR8S1i3wvg.ttf"},{"family":"Shanti","version":"v25","lastModified":"2024-09-04","category":"sans-serif","kind":"webfonts#webfont","menu":"https://fonts.gstatic.com/s/shanti/v25/t5thIREMM4uSDgzQUk23.ttf"},{"family":"Share","version":"v18","lastModified":"2024-09-04","category":"sans-serif","kind":"webfonts#webfont","menu":"https://fonts.gstatic.com/s/share/v18/i7dEIFliZjKNF6VMFr4.ttf"},{"family":"Share Tech","version":"v21","lastModified":"2024-09-04","category":"sans-serif","kind":"webfonts#webfont","menu":"https://fonts.gstatic.com/s/sharetech/v21/7cHtv4Uyi5K0OeZ7bohU8HsJnQ.ttf"},{"family":"Share Tech Mono","version":"v15","lastModified":"2024-09-04","category":"monospace","kind":"webfonts#webfont","menu":"https://fonts.gstatic.com/s/sharetechmono/v15/J7aHnp1uDWRBEqV98dVQztYldFcLpQEA.ttf"},{"family":"Shippori Antique","version":"v9","lastModified":"2024-09-04","category":"sans-serif","kind":"webfonts#webfont","menu":"https://fonts.gstatic.com/s/shipporiantique/v9/-F6qfid3KC8pdMyzR0qRyFUht11vwlZFhw.ttf"},{"family":"Shippori Antique B1","version":"v9","lastModified":"2024-09-04","category":"sans-serif","kind":"webfonts#webfont","menu":"https://fonts.gstatic.com/s/shipporiantiqueb1/v9/2Eb7L_JwClR7Zl_UAKZ0mUHw3oMKd40gnRBIiw.ttf"},{"family":"Shippori Mincho","version":"v15","lastModified":"2024-09-04","category":"serif","kind":"webfonts#webfont","menu":"https://fonts.gstatic.com/s/shipporimincho/v15/VdGGAZweH5EbgHY6YExcZfDoj0Bw2vWG.ttf"},{"family":"Shippori Mincho B1","version":"v22","lastModified":"2024-09-04","category":"serif","kind":"webfonts#webfont","menu":"https://fonts.gstatic.com/s/shipporiminchob1/v22/wXK2E2wCr44tulPdnn-xbIpJ9RgT9-nCj6pv.ttf"},{"family":"Shizuru","version":"v11","lastModified":"2024-08-07","category":"display","kind":"webfonts#webfont","menu":"https://fonts.gstatic.com/s/shizuru/v11/O4ZSFGfvnxFiCA3i70MDkg.ttf"},{"family":"Shojumaru","version":"v15","lastModified":"2024-09-04","category":"display","kind":"webfonts#webfont","menu":"https://fonts.gstatic.com/s/shojumaru/v15/rax_HiWfutkLLnaKCtl8BRha.ttf"},{"family":"Short Stack","version":"v15","lastModified":"2024-09-04","category":"handwriting","kind":"webfonts#webfont","menu":"https://fonts.gstatic.com/s/shortstack/v15/bMrzmS2X6p0jZC6EcmPFX9STe3s.ttf"},{"family":"Shrikhand","version":"v15","lastModified":"2024-09-04","category":"display","kind":"webfonts#webfont","menu":"https://fonts.gstatic.com/s/shrikhand/v15/a8IbNovtLWfR7T7bMJwrBYKU.ttf"},{"family":"Siemreap","version":"v28","lastModified":"2023-08-25","category":"sans-serif","kind":"webfonts#webfont","menu":"https://fonts.gstatic.com/s/siemreap/v28/Gg82N5oFbgLvHAfNl1Yalgs.ttf"},{"family":"Sigmar","version":"v7","lastModified":"2024-09-04","category":"display","kind":"webfonts#webfont","menu":"https://fonts.gstatic.com/s/sigmar/v7/hv-XlzJgIE8a85pkbGwz.ttf"},{"family":"Sigmar One","version":"v18","lastModified":"2024-09-04","category":"display","kind":"webfonts#webfont","menu":"https://fonts.gstatic.com/s/sigmarone/v18/co3DmWZ8kjZuErj9Ta3do6Lpow.ttf"},{"family":"Signika","version":"v25","lastModified":"2024-09-04","category":"sans-serif","kind":"webfonts#webfont","menu":"https://fonts.gstatic.com/s/signika/v25/vEF72_JTCgwQ5ejvMV0Ox_Kg1UwJ0tKfX4zNpD8E4ASzH1r9gTuozDkj.ttf"},{"family":"Signika Negative","version":"v21","lastModified":"2024-09-04","category":"sans-serif","kind":"webfonts#webfont","menu":"https://fonts.gstatic.com/s/signikanegative/v21/E21x_cfngu7HiRpPX3ZpNE4kY5zKSPmJXkF0VDD2RAqnS43tvdw.ttf"},{"family":"Silkscreen","version":"v4","lastModified":"2024-09-04","category":"display","kind":"webfonts#webfont","menu":"https://fonts.gstatic.com/s/silkscreen/v4/m8JXjfVPf62XiF7kO-i9YLVlbg.ttf"},{"family":"Simonetta","version":"v27","lastModified":"2024-09-04","category":"display","kind":"webfonts#webfont","menu":"https://fonts.gstatic.com/s/simonetta/v27/x3dickHVYrCU5BU15c4xffoG.ttf"},{"family":"Single Day","version":"v17","lastModified":"2024-08-12","category":"display","kind":"webfonts#webfont","menu":"https://fonts.gstatic.com/s/singleday/v17/LYjHdGDjlEgoAcF95EI5vVsPVA.ttf"},{"family":"Sintony","version":"v15","lastModified":"2024-09-04","category":"sans-serif","kind":"webfonts#webfont","menu":"https://fonts.gstatic.com/s/sintony/v15/XoHm2YDqR7-98cVUETUtvw.ttf"},{"family":"Sirin Stencil","version":"v25","lastModified":"2024-09-04","category":"display","kind":"webfonts#webfont","menu":"https://fonts.gstatic.com/s/sirinstencil/v25/mem4YaWwznmLx-lzGfN7MdRyRclMAg.ttf"},{"family":"Six Caps","version":"v21","lastModified":"2024-11-20","category":"sans-serif","kind":"webfonts#webfont","menu":"https://fonts.gstatic.com/s/sixcaps/v21/6ae_4KGrU7VR7bNmaYcT_3E.ttf"},{"family":"Sixtyfour","version":"v1","lastModified":"2024-09-04","category":"monospace","kind":"webfonts#webfont","menu":"https://fonts.gstatic.com/s/sixtyfour/v1/OD5vuMCT1numDm3nakXtp2h4jg463t9haG_3mBkVsV20uFT3BAE5f43ZlSA.ttf"},{"family":"Sixtyfour Convergence","version":"v1","lastModified":"2024-09-30","category":"monospace","kind":"webfonts#webfont","menu":"https://fonts.gstatic.com/s/sixtyfourconvergence/v1/m8IQjepPf7mIglv5K__zM9srGA7wurbybZMfZsqG2Q6EWlJro5FJSJ4acT9PoOPwGgieaK7zkSpdXP-GrR9Yw9Tg7E4HGLbUKPlOh102topulw.ttf"},{"family":"Skranji","version":"v13","lastModified":"2024-09-04","category":"display","kind":"webfonts#webfont","menu":"https://fonts.gstatic.com/s/skranji/v13/OZpDg_dtriVFNerMUzqklg.ttf"},{"family":"Slabo 13px","version":"v15","lastModified":"2024-09-04","category":"serif","kind":"webfonts#webfont","menu":"https://fonts.gstatic.com/s/slabo13px/v15/11hEGp_azEvXZUdSBzzRQKah3w.ttf"},{"family":"Slabo 27px","version":"v14","lastModified":"2024-09-04","category":"serif","kind":"webfonts#webfont","menu":"https://fonts.gstatic.com/s/slabo27px/v14/mFT0WbgBwKPR_Z4hGN2qgxkD0A.ttf"},{"family":"Slackey","version":"v28","lastModified":"2024-09-04","category":"display","kind":"webfonts#webfont","menu":"https://fonts.gstatic.com/s/slackey/v28/N0bV2SdQO-5yM0-dGlVQIQ.ttf"},{"family":"Slackside One","version":"v11","lastModified":"2024-08-07","category":"handwriting","kind":"webfonts#webfont","menu":"https://fonts.gstatic.com/s/slacksideone/v11/EJRQQgMrXdcGsiBuvnRxodTwZy_fpQ.ttf"},{"family":"Smokum","version":"v29","lastModified":"2024-11-20","category":"display","kind":"webfonts#webfont","menu":"https://fonts.gstatic.com/s/smokum/v29/TK3iWkUbAhopmrd2Hz8D.ttf"},{"family":"Smooch","version":"v7","lastModified":"2024-09-04","category":"handwriting","kind":"webfonts#webfont","menu":"https://fonts.gstatic.com/s/smooch/v7/o-0LIps4xW8U1xUxj6B7.ttf"},{"family":"Smooch Sans","version":"v13","lastModified":"2024-09-04","category":"sans-serif","kind":"webfonts#webfont","menu":"https://fonts.gstatic.com/s/smoochsans/v13/c4mz1n5uGsXss2LJh1QH6b129FZvxPj6I4oiwUBYd6ga.ttf"},{"family":"Smythe","version":"v23","lastModified":"2024-09-04","category":"display","kind":"webfonts#webfont","menu":"https://fonts.gstatic.com/s/smythe/v23/MwQ3bhT01--coT1xObJ7.ttf"},{"family":"Sniglet","version":"v17","lastModified":"2024-09-04","category":"display","kind":"webfonts#webfont","menu":"https://fonts.gstatic.com/s/sniglet/v17/cIf9MaFLtkE3UjaJ9CihZA.ttf"},{"family":"Snippet","version":"v21","lastModified":"2024-09-04","category":"sans-serif","kind":"webfonts#webfont","menu":"https://fonts.gstatic.com/s/snippet/v21/bWt47f7XfQH9Gupu6v7KeQ.ttf"},{"family":"Snowburst One","version":"v20","lastModified":"2024-09-04","category":"display","kind":"webfonts#webfont","menu":"https://fonts.gstatic.com/s/snowburstone/v20/MQpS-WezKdujBsXY3B7I-UT7SZ6eOw.ttf"},{"family":"Sofadi One","version":"v21","lastModified":"2024-09-04","category":"display","kind":"webfonts#webfont","menu":"https://fonts.gstatic.com/s/sofadione/v21/JIA2UVBxdnVBuElZaMFGQDKCFQ.ttf"},{"family":"Sofia","version":"v14","lastModified":"2024-09-04","category":"handwriting","kind":"webfonts#webfont","menu":"https://fonts.gstatic.com/s/sofia/v14/8QIHdirahM3j_su_uIg.ttf"},{"family":"Sofia Sans","version":"v16","lastModified":"2024-09-04","category":"sans-serif","kind":"webfonts#webfont","menu":"https://fonts.gstatic.com/s/sofiasans/v16/Yq6E-LCVXSLy9uPBwlAThu1SY8Cx8rlT69B6sJ3spPY.ttf"},{"family":"Sofia Sans Condensed","version":"v2","lastModified":"2024-09-04","category":"sans-serif","kind":"webfonts#webfont","menu":"https://fonts.gstatic.com/s/sofiasanscondensed/v2/r05xGKVS5aVKd567NYXawnFKJaTtoAuLnK0EjiAN5s9CZwUqh-Gcls4K.ttf"},{"family":"Sofia Sans Extra Condensed","version":"v2","lastModified":"2024-09-04","category":"sans-serif","kind":"webfonts#webfont","menu":"https://fonts.gstatic.com/s/sofiasansextracondensed/v2/raxdHjafvdAIOju4GcIfJH0i7zi50X3zRtuLNiMS0d6iDr-MD5Si9NGLmmi0fjOI.ttf"},{"family":"Sofia Sans Semi Condensed","version":"v4","lastModified":"2024-09-04","category":"sans-serif","kind":"webfonts#webfont","menu":"https://fonts.gstatic.com/s/sofiasanssemicondensed/v4/46kOlaPnUDrQoNsWDCGXXxYlujh5Wv0nwP4RwxURm28cA7YLHsIVvoobEd9SE6w.ttf"},{"family":"Solitreo","version":"v2","lastModified":"2024-09-04","category":"handwriting","kind":"webfonts#webfont","menu":"https://fonts.gstatic.com/s/solitreo/v2/r05YGLlS5a9KYsyNO_uowjI.ttf"},{"family":"Solway","version":"v18","lastModified":"2024-09-04","category":"serif","kind":"webfonts#webfont","menu":"https://fonts.gstatic.com/s/solway/v18/AMOQz46Cs2uTAOCmg3o5.ttf"},{"family":"Sometype Mono","version":"v1","lastModified":"2024-09-04","category":"monospace","kind":"webfonts#webfont","menu":"https://fonts.gstatic.com/s/sometypemono/v1/70lGu745KGk_R3uxyq0WrROhAJiJsJ_eTWllpTAMGH9biwQ.ttf"},{"family":"Song Myung","version":"v20","lastModified":"2024-08-12","category":"serif","kind":"webfonts#webfont","menu":"https://fonts.gstatic.com/s/songmyung/v20/1cX2aUDWAJH5-EIC7DIhn1CggQ.ttf"},{"family":"Sono","version":"v6","lastModified":"2024-09-04","category":"sans-serif","kind":"webfonts#webfont","menu":"https://fonts.gstatic.com/s/sono/v6/aFT97PNiY3U2Cqf_aYEN64CYaK18YWJEsV6u-QLiOsxVtkWtE358.ttf"},{"family":"Sonsie One","version":"v21","lastModified":"2024-09-04","category":"display","kind":"webfonts#webfont","menu":"https://fonts.gstatic.com/s/sonsieone/v21/PbymFmP_EAnPqbKaoc18UVq21g.ttf"},{"family":"Sora","version":"v12","lastModified":"2024-09-04","category":"sans-serif","kind":"webfonts#webfont","menu":"https://fonts.gstatic.com/s/sora/v12/xMQOuFFYT72X5wkB_18qmnndmSdSnk-LKQc.ttf"},{"family":"Sorts Mill Goudy","version":"v15","lastModified":"2024-09-04","category":"serif","kind":"webfonts#webfont","menu":"https://fonts.gstatic.com/s/sortsmillgoudy/v15/Qw3GZR9MED_6PSuS_50nEaVrfzgEbHwEig.ttf"},{"family":"Sour Gummy","version":"v1","lastModified":"2024-11-07","category":"sans-serif","kind":"webfonts#webfont","menu":"https://fonts.gstatic.com/s/sourgummy/v1/8AtGGs2gPYuNDii97MjjBrLbYfdJvDU5AZfP5opPVCC4oC5ANR1N88Nk9lqI.ttf"},{"family":"Source Code Pro","version":"v23","lastModified":"2024-09-04","category":"monospace","kind":"webfonts#webfont","menu":"https://fonts.gstatic.com/s/sourcecodepro/v23/HI_diYsKILxRpg3hIP6sJ7fM7PqPMcMnZFqUwX28DMyQtM9rSQ.ttf"},{"family":"Source Sans 3","version":"v15","lastModified":"2024-09-04","category":"sans-serif","kind":"webfonts#webfont","menu":"https://fonts.gstatic.com/s/sourcesans3/v15/nwpBtKy2OAdR1K-IwhWudF-R9QMylBJAV3Bo8Ky462EM9C4.ttf"},{"family":"Source Serif 4","version":"v8","lastModified":"2024-09-04","category":"serif","kind":"webfonts#webfont","menu":"https://fonts.gstatic.com/s/sourceserif4/v8/vEFy2_tTDB4M7-auWDN0ahZJW3IX2ih5nk3AucvUHf6OAVIJmeUDygwjihdqnh1dCw.ttf"},{"family":"Space Grotesk","version":"v16","lastModified":"2024-09-04","category":"sans-serif","kind":"webfonts#webfont","menu":"https://fonts.gstatic.com/s/spacegrotesk/v16/V8mQoQDjQSkFtoMM3T6r8E7mF71Q-gOoraIAEj7oUXsiPMU.ttf"},{"family":"Space Mono","version":"v14","lastModified":"2024-09-30","category":"monospace","kind":"webfonts#webfont","menu":"https://fonts.gstatic.com/s/spacemono/v14/i7dPIFZifjKcF5UAWdDRYEd8QA.ttf"},{"family":"Special Elite","version":"v19","lastModified":"2024-11-20","category":"display","kind":"webfonts#webfont","menu":"https://fonts.gstatic.com/s/specialelite/v19/XLYgIZbkc4JPUL5CVArUVL0ntnYOTQ.ttf"},{"family":"Spectral","version":"v14","lastModified":"2024-11-05","category":"serif","kind":"webfonts#webfont","menu":"https://fonts.gstatic.com/s/spectral/v14/rnCr-xNNww_2s0amA9M_kn0.ttf"},{"family":"Spectral SC","version":"v14","lastModified":"2024-11-05","category":"serif","kind":"webfonts#webfont","menu":"https://fonts.gstatic.com/s/spectralsc/v14/KtkpALCRZonmalTgyPmRfsWj42Q.ttf"},{"family":"Spicy Rice","version":"v26","lastModified":"2024-11-20","category":"display","kind":"webfonts#webfont","menu":"https://fonts.gstatic.com/s/spicyrice/v26/uK_24rSEd-Uqwk4jY1RyKv68Xg.ttf"},{"family":"Spinnaker","version":"v19","lastModified":"2024-09-04","category":"sans-serif","kind":"webfonts#webfont","menu":"https://fonts.gstatic.com/s/spinnaker/v19/w8gYH2oyX-I0_rvR6HmX3XYP.ttf"},{"family":"Spirax","version":"v21","lastModified":"2024-09-04","category":"display","kind":"webfonts#webfont","menu":"https://fonts.gstatic.com/s/spirax/v21/buE3poKgYNLy0F3sX0Fp.ttf"},{"family":"Splash","version":"v6","lastModified":"2024-09-04","category":"handwriting","kind":"webfonts#webfont","menu":"https://fonts.gstatic.com/s/splash/v6/KtksAL2RZoDkbU6RpfnC.ttf"},{"family":"Spline Sans","version":"v10","lastModified":"2024-09-04","category":"sans-serif","kind":"webfonts#webfont","menu":"https://fonts.gstatic.com/s/splinesans/v10/_6_sED73Uf-2WfU2LzycEZousNzn1a1lKWRpOFnoE9Hh.ttf"},{"family":"Spline Sans Mono","version":"v10","lastModified":"2024-09-04","category":"monospace","kind":"webfonts#webfont","menu":"https://fonts.gstatic.com/s/splinesansmono/v10/R70MjzAei_CDNLfgZxrW6wrZOF2WdZ6xabUGSVtNuGBiMotUwYM.ttf"},{"family":"Squada One","version":"v18","lastModified":"2024-09-04","category":"display","kind":"webfonts#webfont","menu":"https://fonts.gstatic.com/s/squadaone/v18/BCasqZ8XsOrx4mcOk6MtaaE2XA.ttf"},{"family":"Square Peg","version":"v5","lastModified":"2024-09-04","category":"handwriting","kind":"webfonts#webfont","menu":"https://fonts.gstatic.com/s/squarepeg/v5/y83eW48Nzw6ZlUHc-phrNDDhGA.ttf"},{"family":"Sree Krushnadevaraya","version":"v21","lastModified":"2024-08-12","category":"serif","kind":"webfonts#webfont","menu":"https://fonts.gstatic.com/s/sreekrushnadevaraya/v21/R70FjzQeifmPepmyQQjQ9kvwMkWYPfTA_HWa0lw.ttf"},{"family":"Sriracha","version":"v14","lastModified":"2024-09-04","category":"handwriting","kind":"webfonts#webfont","menu":"https://fonts.gstatic.com/s/sriracha/v14/0nkrC9D4IuYBgWcI9NbZTwQ.ttf"},{"family":"Srisakdi","version":"v16","lastModified":"2024-09-04","category":"display","kind":"webfonts#webfont","menu":"https://fonts.gstatic.com/s/srisakdi/v16/yMJRMIlvdpDbkB0A-gq9dyg.ttf"},{"family":"Staatliches","version":"v13","lastModified":"2024-09-04","category":"display","kind":"webfonts#webfont","menu":"https://fonts.gstatic.com/s/staatliches/v13/HI_OiY8KO6hCsQSoAPmtMYedvpU.ttf"},{"family":"Stalemate","version":"v22","lastModified":"2024-09-04","category":"handwriting","kind":"webfonts#webfont","menu":"https://fonts.gstatic.com/s/stalemate/v22/taiIGmZ_EJq97-UfkZRZu66o.ttf"},{"family":"Stalinist One","version":"v56","lastModified":"2024-09-04","category":"display","kind":"webfonts#webfont","menu":"https://fonts.gstatic.com/s/stalinistone/v56/MQpS-WezM9W4Dd7D3B7I-UT7SZ6eOw.ttf"},{"family":"Stardos Stencil","version":"v15","lastModified":"2024-09-04","category":"display","kind":"webfonts#webfont","menu":"https://fonts.gstatic.com/s/stardosstencil/v15/X7n94bcuGPC8hrvEOHXOgaKCc2Th7l5z.ttf"},{"family":"Stick","version":"v18","lastModified":"2024-09-04","category":"sans-serif","kind":"webfonts#webfont","menu":"https://fonts.gstatic.com/s/stick/v18/Qw3TZQpMCyTtJRvetvE.ttf"},{"family":"Stick No Bills","version":"v15","lastModified":"2024-09-04","category":"sans-serif","kind":"webfonts#webfont","menu":"https://fonts.gstatic.com/s/sticknobills/v15/bWts7ffXZwHuAa9Uld-oEK4QKlxj9f9t_7uEmjcVv8QLK7K0.ttf"},{"family":"Stint Ultra Condensed","version":"v23","lastModified":"2024-09-04","category":"serif","kind":"webfonts#webfont","menu":"https://fonts.gstatic.com/s/stintultracondensed/v23/-W_gXIrsVjjeyEnPC45qD2NoFPtBE0xCh2AOqx8K.ttf"},{"family":"Stint Ultra Expanded","version":"v22","lastModified":"2024-09-04","category":"serif","kind":"webfonts#webfont","menu":"https://fonts.gstatic.com/s/stintultraexpanded/v22/CSRg4yNNh-GbW3o3JkwoDcdvMKMf0oBAd3qpCzA.ttf"},{"family":"STIX Two Text","version":"v12","lastModified":"2024-09-04","category":"serif","kind":"webfonts#webfont","menu":"https://fonts.gstatic.com/s/stixtwotext/v12/YA9Gr02F12Xkf5whdwKf11l0jbKkeidMTtZ5Yihg2ROZURU.ttf"},{"family":"Stoke","version":"v24","lastModified":"2024-09-04","category":"serif","kind":"webfonts#webfont","menu":"https://fonts.gstatic.com/s/stoke/v24/z7NadRb7aTMfKNNodCw.ttf"},{"family":"Strait","version":"v17","lastModified":"2024-09-04","category":"sans-serif","kind":"webfonts#webfont","menu":"https://fonts.gstatic.com/s/strait/v17/DtViJxy6WaEr1LZDeTJp.ttf"},{"family":"Style Script","version":"v11","lastModified":"2024-09-04","category":"handwriting","kind":"webfonts#webfont","menu":"https://fonts.gstatic.com/s/stylescript/v11/vm8xdRX3SV7Z0aPa88xzW5nZeV7_.ttf"},{"family":"Stylish","version":"v22","lastModified":"2024-08-12","category":"sans-serif","kind":"webfonts#webfont","menu":"https://fonts.gstatic.com/s/stylish/v22/m8JSjfhPYriQkk7-TozzcA.ttf"},{"family":"Sue Ellen Francisco","version":"v20","lastModified":"2024-09-04","category":"handwriting","kind":"webfonts#webfont","menu":"https://fonts.gstatic.com/s/sueellenfrancisco/v20/wXK3E20CsoJ9j1DDkjHcQ5ZL8xRaxru9notP3g.ttf"},{"family":"Suez One","version":"v13","lastModified":"2024-09-04","category":"serif","kind":"webfonts#webfont","menu":"https://fonts.gstatic.com/s/suezone/v13/taiJGmd_EZ6rqscQgOFImo4.ttf"},{"family":"Sulphur Point","version":"v15","lastModified":"2024-09-04","category":"sans-serif","kind":"webfonts#webfont","menu":"https://fonts.gstatic.com/s/sulphurpoint/v15/RLp5K5vv8KaycDcazWFPBj2adfgYvw.ttf"},{"family":"Sumana","version":"v10","lastModified":"2024-09-04","category":"serif","kind":"webfonts#webfont","menu":"https://fonts.gstatic.com/s/sumana/v10/4UaDrE5TqRBjGj-28RLm.ttf"},{"family":"Sunflower","version":"v16","lastModified":"2024-08-12","category":"sans-serif","kind":"webfonts#webfont","menu":"https://fonts.gstatic.com/s/sunflower/v16/RWmPoKeF8fUjqIj7Vc-06MfSqIEC.ttf"},{"family":"Sunshiney","version":"v24","lastModified":"2024-09-04","category":"handwriting","kind":"webfonts#webfont","menu":"https://fonts.gstatic.com/s/sunshiney/v24/LDIwapGTLBwsS-wT4vcQEsOs.ttf"},{"family":"Supermercado One","version":"v27","lastModified":"2024-11-20","category":"display","kind":"webfonts#webfont","menu":"https://fonts.gstatic.com/s/supermercadoone/v27/OpNXnpQWg8jc_xps_Gi14kVVEXOn20f9NA.ttf"},{"family":"Sura","version":"v19","lastModified":"2024-09-04","category":"serif","kind":"webfonts#webfont","menu":"https://fonts.gstatic.com/s/sura/v19/SZc23FL5PbyzJf9eXw.ttf"},{"family":"Suranna","version":"v13","lastModified":"2024-08-12","category":"serif","kind":"webfonts#webfont","menu":"https://fonts.gstatic.com/s/suranna/v13/gokuH6ztGkFjWe58hBVTSw.ttf"},{"family":"Suravaram","version":"v21","lastModified":"2024-08-12","category":"serif","kind":"webfonts#webfont","menu":"https://fonts.gstatic.com/s/suravaram/v21/_gP61R_usiY7SCym4xIwimSx.ttf"},{"family":"SUSE","version":"v1","lastModified":"2024-08-28","category":"sans-serif","kind":"webfonts#webfont","menu":"https://fonts.gstatic.com/s/suse/v1/MwQsbhb078Wt81NpzELmC2QqjbGG7mq8bHY.ttf"},{"family":"Suwannaphum","version":"v31","lastModified":"2024-08-12","category":"serif","kind":"webfonts#webfont","menu":"https://fonts.gstatic.com/s/suwannaphum/v31/jAnCgHV7GtDvc8jbe8hXXLWk9cQ.ttf"},{"family":"Swanky and Moo Moo","version":"v23","lastModified":"2024-11-20","category":"handwriting","kind":"webfonts#webfont","menu":"https://fonts.gstatic.com/s/swankyandmoomoo/v23/flUlRrKz24IuWVI_WJYTYcqbEsMUZ3kktLng.ttf"},{"family":"Syncopate","version":"v22","lastModified":"2024-11-20","category":"sans-serif","kind":"webfonts#webfont","menu":"https://fonts.gstatic.com/s/syncopate/v22/pe0sMIuPIYBCpEV5eFdCA_e6.ttf"},{"family":"Syne","version":"v22","lastModified":"2024-09-04","category":"sans-serif","kind":"webfonts#webfont","menu":"https://fonts.gstatic.com/s/syne/v22/8vIS7w4qzmVxsWxjBZRjr0FKM_04uQ6lTYo.ttf"},{"family":"Syne Mono","version":"v15","lastModified":"2024-09-04","category":"monospace","kind":"webfonts#webfont","menu":"https://fonts.gstatic.com/s/synemono/v15/K2FzfZNHj_FHBmRbFvHDI6qg.ttf"},{"family":"Syne Tactile","version":"v15","lastModified":"2024-09-04","category":"display","kind":"webfonts#webfont","menu":"https://fonts.gstatic.com/s/synetactile/v15/11hGGpna2UTQKjMCVzjAPMKR3iEZ.ttf"},{"family":"Tac One","version":"v4","lastModified":"2024-09-04","category":"sans-serif","kind":"webfonts#webfont","menu":"https://fonts.gstatic.com/s/tacone/v4/ahcZv8Cj3zw7qDr8TO8rVw.ttf"},{"family":"Tai Heritage Pro","version":"v6","lastModified":"2023-05-31","category":"serif","kind":"webfonts#webfont","menu":"https://fonts.gstatic.com/s/taiheritagepro/v6/sZlfdQid-zgaNiNIYcUzJMU3IYyNkH1YFA.ttf"},{"family":"Tajawal","version":"v10","lastModified":"2024-09-04","category":"sans-serif","kind":"webfonts#webfont","menu":"https://fonts.gstatic.com/s/tajawal/v10/Iura6YBj_oCad4k1nzeBDg.ttf"},{"family":"Tangerine","version":"v17","lastModified":"2024-09-04","category":"handwriting","kind":"webfonts#webfont","menu":"https://fonts.gstatic.com/s/tangerine/v17/IurY6Y5j_oScZZow4VOxD5ZJ.ttf"},{"family":"Tapestry","version":"v4","lastModified":"2023-08-25","category":"handwriting","kind":"webfonts#webfont","menu":"https://fonts.gstatic.com/s/tapestry/v4/SlGTmQecrosEYXhaGCIloHQ.ttf"},{"family":"Taprom","version":"v27","lastModified":"2024-08-12","category":"display","kind":"webfonts#webfont","menu":"https://fonts.gstatic.com/s/taprom/v27/UcCn3F82JHycULb1QiMz.ttf"},{"family":"Tauri","version":"v18","lastModified":"2024-09-04","category":"sans-serif","kind":"webfonts#webfont","menu":"https://fonts.gstatic.com/s/tauri/v18/TwMA-IISS0AM3LpUUnE.ttf"},{"family":"Taviraj","version":"v13","lastModified":"2024-09-04","category":"serif","kind":"webfonts#webfont","menu":"https://fonts.gstatic.com/s/taviraj/v13/ahcZv8Cj3ylylTXzTO8rVw.ttf"},{"family":"Teachers","version":"v4","lastModified":"2024-09-04","category":"sans-serif","kind":"webfonts#webfont","menu":"https://fonts.gstatic.com/s/teachers/v4/H4c5BXKVncXVmUGsgTwx4E9oHx2xfjBr3poAYpRK.ttf"},{"family":"Teko","version":"v20","lastModified":"2024-09-04","category":"sans-serif","kind":"webfonts#webfont","menu":"https://fonts.gstatic.com/s/teko/v20/LYjYdG7kmE0gV69VVPPdFl06VN8XG4Sz1zY.ttf"},{"family":"Tektur","version":"v3","lastModified":"2024-09-04","category":"display","kind":"webfonts#webfont","menu":"https://fonts.gstatic.com/s/tektur/v3/XoHN2YHtS7q969kXCjzlV0aSkS_o8OacmTe0TYlYFot8TrwuVbtPacc.ttf"},{"family":"Telex","version":"v17","lastModified":"2024-09-04","category":"sans-serif","kind":"webfonts#webfont","menu":"https://fonts.gstatic.com/s/telex/v17/ieVw2Y1fKWmIO-fSDV4.ttf"},{"family":"Tenali Ramakrishna","version":"v12","lastModified":"2024-08-12","category":"sans-serif","kind":"webfonts#webfont","menu":"https://fonts.gstatic.com/s/tenaliramakrishna/v12/raxgHj6Yt9gAN3LLKs0BZVMo8jmwn1-MKZ_u.ttf"},{"family":"Tenor Sans","version":"v19","lastModified":"2024-09-04","category":"sans-serif","kind":"webfonts#webfont","menu":"https://fonts.gstatic.com/s/tenorsans/v19/bx6ANxqUneKx06UkIXISn3N4Dw.ttf"},{"family":"Text Me One","version":"v24","lastModified":"2024-09-04","category":"sans-serif","kind":"webfonts#webfont","menu":"https://fonts.gstatic.com/s/textmeone/v24/i7dOIFdlayuLUvgoFvHQFVZdYFI.ttf"},{"family":"Texturina","version":"v28","lastModified":"2024-09-04","category":"serif","kind":"webfonts#webfont","menu":"https://fonts.gstatic.com/s/texturina/v28/c4mM1nxpEtL3pXiAulRTkY-HGmNEX1b9NspjMwhAgliHhVrXy2eYGsUh0Z4.ttf"},{"family":"Thasadith","version":"v11","lastModified":"2024-09-04","category":"sans-serif","kind":"webfonts#webfont","menu":"https://fonts.gstatic.com/s/thasadith/v11/mtG44_1TIqPYrd_f5R1osUMQ.ttf"},{"family":"The Girl Next Door","version":"v23","lastModified":"2024-11-20","category":"handwriting","kind":"webfonts#webfont","menu":"https://fonts.gstatic.com/s/thegirlnextdoor/v23/pe0zMJCIMIsBjFxqYBIcZ6_OI5oFHCY4VrF_.ttf"},{"family":"The Nautigal","version":"v6","lastModified":"2024-09-04","category":"handwriting","kind":"webfonts#webfont","menu":"https://fonts.gstatic.com/s/thenautigal/v6/VdGZAZ8ZH51Lvng9fQV2bfKb5g9g.ttf"},{"family":"Tienne","version":"v20","lastModified":"2024-09-04","category":"serif","kind":"webfonts#webfont","menu":"https://fonts.gstatic.com/s/tienne/v20/AYCKpX7pe9YCRP07kUnD.ttf"},{"family":"Tillana","version":"v13","lastModified":"2024-09-04","category":"display","kind":"webfonts#webfont","menu":"https://fonts.gstatic.com/s/tillana/v13/VuJxdNvf35P4qJ1OSKfdPA.ttf"},{"family":"Tilt Neon","version":"v10","lastModified":"2024-09-04","category":"display","kind":"webfonts#webfont","menu":"https://fonts.gstatic.com/s/tiltneon/v10/E21L_d7gguXdwD9LEFY2WCeElCNtd-eBqpHp1TzrkJSmwpj5ndxquUK8UOI.ttf"},{"family":"Tilt Prism","version":"v11","lastModified":"2024-09-04","category":"display","kind":"webfonts#webfont","menu":"https://fonts.gstatic.com/s/tiltprism/v11/5h11iZgyPHoZ3YikNzWGfWey2dCAZXT-bH9V4VGn-FJ7tLI25oc_rIbAoD6v.ttf"},{"family":"Tilt Warp","version":"v12","lastModified":"2024-09-04","category":"display","kind":"webfonts#webfont","menu":"https://fonts.gstatic.com/s/tiltwarp/v12/AlZc_zVDs5XpmO7yn3w7flUoytXJp3z29uEwmEMLEJljLXvT8UJSZQBwC1M.ttf"},{"family":"Timmana","version":"v12","lastModified":"2024-08-12","category":"sans-serif","kind":"webfonts#webfont","menu":"https://fonts.gstatic.com/s/timmana/v12/6xKvdShfL9yK-rvpOmrRLA.ttf"},{"family":"Tinos","version":"v24","lastModified":"2024-09-04","category":"serif","kind":"webfonts#webfont","menu":"https://fonts.gstatic.com/s/tinos/v24/buE4poGnedXvwjX9fmE.ttf"},{"family":"Tiny5","version":"v3","lastModified":"2024-12-10","category":"sans-serif","kind":"webfonts#webfont","menu":"https://fonts.gstatic.com/s/tiny5/v3/KFOpCnmCvdGT7iw_xUw.ttf"},{"family":"Tiro Bangla","version":"v6","lastModified":"2024-09-04","category":"serif","kind":"webfonts#webfont","menu":"https://fonts.gstatic.com/s/tirobangla/v6/IFSgHe1Tm95E3O8b5i2V8PG880c.ttf"},{"family":"Tiro Devanagari Hindi","version":"v5","lastModified":"2024-09-04","category":"serif","kind":"webfonts#webfont","menu":"https://fonts.gstatic.com/s/tirodevanagarihindi/v5/55xyezN7P8T4e0_CfIJrwdodg9HoYw0i-M9vSeMK.ttf"},{"family":"Tiro Devanagari Marathi","version":"v5","lastModified":"2024-09-04","category":"serif","kind":"webfonts#webfont","menu":"https://fonts.gstatic.com/s/tirodevanagarimarathi/v5/fC1xPZBSZHrRhS3rd4M0MAPNJUHl4znXCxAkouDqBpI.ttf"},{"family":"Tiro Devanagari Sanskrit","version":"v5","lastModified":"2024-09-04","category":"serif","kind":"webfonts#webfont","menu":"https://fonts.gstatic.com/s/tirodevanagarisanskrit/v5/MCoAzBbr09vVUgVBM8FWu_yZdZkhkg-I0nUlb59ZE4su.ttf"},{"family":"Tiro Gurmukhi","version":"v6","lastModified":"2024-09-04","category":"serif","kind":"webfonts#webfont","menu":"https://fonts.gstatic.com/s/tirogurmukhi/v6/x3dmckXSYq-Uqjc048JUF7Jvpy_NBQ.ttf"},{"family":"Tiro Kannada","version":"v6","lastModified":"2024-09-04","category":"serif","kind":"webfonts#webfont","menu":"https://fonts.gstatic.com/s/tirokannada/v6/CSR44ztKmvqaDxEDJFY7CIY6SfN-.ttf"},{"family":"Tiro Tamil","version":"v10","lastModified":"2024-09-04","category":"serif","kind":"webfonts#webfont","menu":"https://fonts.gstatic.com/s/tirotamil/v10/m8JXjfVIf7OT22n3M-S_YLVlbg.ttf"},{"family":"Tiro Telugu","version":"v7","lastModified":"2024-09-04","category":"serif","kind":"webfonts#webfont","menu":"https://fonts.gstatic.com/s/tirotelugu/v7/aFTQ7PxlZWk2EPiSymjXdJSMSK0.ttf"},{"family":"Titan One","version":"v15","lastModified":"2024-09-04","category":"display","kind":"webfonts#webfont","menu":"https://fonts.gstatic.com/s/titanone/v15/mFTzWbsGxbbS_J5cQcjCkjgj.ttf"},{"family":"Titillium Web","version":"v17","lastModified":"2024-09-04","category":"sans-serif","kind":"webfonts#webfont","menu":"https://fonts.gstatic.com/s/titilliumweb/v17/NaPecZTIAOhVxoMyOr9n_E7fdMXmCA.ttf"},{"family":"Tomorrow","version":"v17","lastModified":"2024-09-04","category":"sans-serif","kind":"webfonts#webfont","menu":"https://fonts.gstatic.com/s/tomorrow/v17/WBLmrETNbFtZCeGqgRXUe2U.ttf"},{"family":"Tourney","version":"v13","lastModified":"2024-09-04","category":"display","kind":"webfonts#webfont","menu":"https://fonts.gstatic.com/s/tourney/v13/AlZa_ztDtYzv1tzq1wcJnbVt7xseomk-tNs7qrzTWbyt8n7GOQFCZDBx.ttf"},{"family":"Trade Winds","version":"v17","lastModified":"2024-09-04","category":"display","kind":"webfonts#webfont","menu":"https://fonts.gstatic.com/s/tradewinds/v17/AYCPpXPpYNIIT7h8-QenM0Jr5vY.ttf"},{"family":"Train One","version":"v14","lastModified":"2024-09-04","category":"display","kind":"webfonts#webfont","menu":"https://fonts.gstatic.com/s/trainone/v14/gyB-hwkiNtc6KnxUVjW3O6zd.ttf"},{"family":"Trirong","version":"v15","lastModified":"2024-09-04","category":"serif","kind":"webfonts#webfont","menu":"https://fonts.gstatic.com/s/trirong/v15/7r3GqXNgp8wxdOdOn40o3Q.ttf"},{"family":"Trispace","version":"v24","lastModified":"2024-09-04","category":"sans-serif","kind":"webfonts#webfont","menu":"https://fonts.gstatic.com/s/trispace/v24/Yq65-LKSQC3o56LxxgRrtA6yBqsrXL5GI5KI-IUZVGsxWFIlbH9rkQh-yA.ttf"},{"family":"Trocchi","version":"v17","lastModified":"2024-09-04","category":"serif","kind":"webfonts#webfont","menu":"https://fonts.gstatic.com/s/trocchi/v17/qWcqB6WkuIDxDZLcPrpeuA.ttf"},{"family":"Trochut","version":"v22","lastModified":"2024-09-04","category":"display","kind":"webfonts#webfont","menu":"https://fonts.gstatic.com/s/trochut/v22/CHyjV-fDDlP9bDIw1nWCeQ.ttf"},{"family":"Truculenta","version":"v22","lastModified":"2024-09-04","category":"sans-serif","kind":"webfonts#webfont","menu":"https://fonts.gstatic.com/s/truculenta/v22/LhWfMVvBKusVIfNYGi1-WvRVyDdZeeiySNppcu32Mb2f06y6Oa21F6XHi0VYDX_PzOupMlAigwYPGg.ttf"},{"family":"Trykker","version":"v21","lastModified":"2024-09-04","category":"serif","kind":"webfonts#webfont","menu":"https://fonts.gstatic.com/s/trykker/v21/KtktALyWZJXudUPztNjiPQ.ttf"},{"family":"Tsukimi Rounded","version":"v11","lastModified":"2024-08-07","category":"sans-serif","kind":"webfonts#webfont","menu":"https://fonts.gstatic.com/s/tsukimirounded/v11/sJoc3LJNksWZO0LvnZwkF3HtoB7dPHkK.ttf"},{"family":"Tulpen One","version":"v25","lastModified":"2024-09-04","category":"display","kind":"webfonts#webfont","menu":"https://fonts.gstatic.com/s/tulpenone/v25/dFa6ZfeC474skLgesc0Cajw6-A.ttf"},{"family":"Turret Road","version":"v9","lastModified":"2024-09-04","category":"display","kind":"webfonts#webfont","menu":"https://fonts.gstatic.com/s/turretroad/v9/pxiAypMgpcBFjE84Zv-fE0tEMPc.ttf"},{"family":"Twinkle Star","version":"v6","lastModified":"2024-09-04","category":"handwriting","kind":"webfonts#webfont","menu":"https://fonts.gstatic.com/s/twinklestar/v6/pe0pMI6IL4dPoFl9LGEmY6WqAv5q.ttf"},{"family":"Ubuntu","version":"v20","lastModified":"2024-09-04","category":"sans-serif","kind":"webfonts#webfont","menu":"https://fonts.gstatic.com/s/ubuntu/v20/4iCs6KVjbNBYlgoKeQ7z.ttf"},{"family":"Ubuntu Condensed","version":"v16","lastModified":"2024-09-04","category":"sans-serif","kind":"webfonts#webfont","menu":"https://fonts.gstatic.com/s/ubuntucondensed/v16/u-4k0rCzjgs5J7oXnJcM_0kACGMtT-bfrg.ttf"},{"family":"Ubuntu Mono","version":"v17","lastModified":"2024-09-04","category":"monospace","kind":"webfonts#webfont","menu":"https://fonts.gstatic.com/s/ubuntumono/v17/KFOjCneDtsqEr0keqCMhbCc8CsE.ttf"},{"family":"Ubuntu Sans","version":"v2","lastModified":"2024-09-04","category":"sans-serif","kind":"webfonts#webfont","menu":"https://fonts.gstatic.com/s/ubuntusans/v2/co3omWd6mSRtB7_9UaLWwJnCq5ALePfPu1tPcW235R53LqrCPWbujzt6OfuBUA.ttf"},{"family":"Ubuntu Sans Mono","version":"v1","lastModified":"2024-09-04","category":"monospace","kind":"webfonts#webfont","menu":"https://fonts.gstatic.com/s/ubuntusansmono/v1/jVyc7mzgBHrR5yE7ZyRg0QRJMKI4zAbgjc1t-pKe27Ev_nYQgKM.ttf"},{"family":"Uchen","version":"v9","lastModified":"2024-09-04","category":"serif","kind":"webfonts#webfont","menu":"https://fonts.gstatic.com/s/uchen/v9/nKKZ-GokGZ1baLaTGwU.ttf"},{"family":"Ultra","version":"v24","lastModified":"2024-11-20","category":"serif","kind":"webfonts#webfont","menu":"https://fonts.gstatic.com/s/ultra/v24/zOLy4prXmrtY-uT7wrc.ttf"},{"family":"Unbounded","version":"v8","lastModified":"2024-09-30","category":"sans-serif","kind":"webfonts#webfont","menu":"https://fonts.gstatic.com/s/unbounded/v8/Yq6F-LOTXCb04q32xlpat-6uR42XTqtG6xjx44zNhA.ttf"},{"family":"Uncial Antiqua","version":"v21","lastModified":"2024-11-20","category":"display","kind":"webfonts#webfont","menu":"https://fonts.gstatic.com/s/uncialantiqua/v21/N0bM2S5WOex4OUbESzoESK-i-MfQQZE.ttf"},{"family":"Underdog","version":"v23","lastModified":"2024-09-04","category":"display","kind":"webfonts#webfont","menu":"https://fonts.gstatic.com/s/underdog/v23/CHygV-jCElj7diMroWSjWVo.ttf"},{"family":"Unica One","version":"v18","lastModified":"2024-09-04","category":"display","kind":"webfonts#webfont","menu":"https://fonts.gstatic.com/s/unicaone/v18/DPEuYwWHyAYGVTSmalsRd93b.ttf"},{"family":"UnifrakturCook","version":"v23","lastModified":"2024-09-04","category":"display","kind":"webfonts#webfont","menu":"https://fonts.gstatic.com/s/unifrakturcook/v23/IurA6Yli8YOdcoky-0PTTdkm56n05Xw01oY.ttf"},{"family":"UnifrakturMaguntia","version":"v20","lastModified":"2024-09-04","category":"display","kind":"webfonts#webfont","menu":"https://fonts.gstatic.com/s/unifrakturmaguntia/v20/WWXPlieVYwiGNomYU-ciRLRvEmK7oaVenmZJ.ttf"},{"family":"Unkempt","version":"v21","lastModified":"2024-09-04","category":"display","kind":"webfonts#webfont","menu":"https://fonts.gstatic.com/s/unkempt/v21/2EbnL-Z2DFZue0DSeYcV9w.ttf"},{"family":"Unlock","version":"v26","lastModified":"2024-09-04","category":"display","kind":"webfonts#webfont","menu":"https://fonts.gstatic.com/s/unlock/v26/7Au-p_8ykD-cDl72KQLW.ttf"},{"family":"Unna","version":"v23","lastModified":"2024-09-04","category":"serif","kind":"webfonts#webfont","menu":"https://fonts.gstatic.com/s/unna/v23/AYCEpXzofN0NOpkLkA.ttf"},{"family":"Updock","version":"v5","lastModified":"2024-09-04","category":"handwriting","kind":"webfonts#webfont","menu":"https://fonts.gstatic.com/s/updock/v5/nuF4D_3dVZ70UI9ijbiz.ttf"},{"family":"Urbanist","version":"v15","lastModified":"2024-09-04","category":"sans-serif","kind":"webfonts#webfont","menu":"https://fonts.gstatic.com/s/urbanist/v15/L0xjDF02iFML4hGCyOCpRdycFsGxSrqDyx4vF5mv.ttf"},{"family":"Vampiro One","version":"v18","lastModified":"2024-09-04","category":"display","kind":"webfonts#webfont","menu":"https://fonts.gstatic.com/s/vampiroone/v18/gokqH6DoDl5yXvJytFsdLnqmuPw.ttf"},{"family":"Varela","version":"v16","lastModified":"2024-09-04","category":"sans-serif","kind":"webfonts#webfont","menu":"https://fonts.gstatic.com/s/varela/v16/DPEtYwqExx0AWHX5BR4B.ttf"},{"family":"Varela Round","version":"v20","lastModified":"2024-09-04","category":"sans-serif","kind":"webfonts#webfont","menu":"https://fonts.gstatic.com/s/varelaround/v20/w8gdH283Tvk__Lua32TysjIfocuK.ttf"},{"family":"Varta","version":"v21","lastModified":"2024-09-04","category":"sans-serif","kind":"webfonts#webfont","menu":"https://fonts.gstatic.com/s/varta/v21/Qw3AZQpJHj_6LzHUngWbrFkDH1x9tD40i7s6.ttf"},{"family":"Vast Shadow","version":"v19","lastModified":"2024-09-04","category":"serif","kind":"webfonts#webfont","menu":"https://fonts.gstatic.com/s/vastshadow/v19/pe0qMImKOZ1V62ZwbVY9dce7I94.ttf"},{"family":"Vazirmatn","version":"v13","lastModified":"2024-09-04","category":"sans-serif","kind":"webfonts#webfont","menu":"https://fonts.gstatic.com/s/vazirmatn/v13/Dxx78j6PP2D_kU2muijPEe1n2vVbfJRklWgzCRaT6w.ttf"},{"family":"Vesper Libre","version":"v19","lastModified":"2024-09-04","category":"serif","kind":"webfonts#webfont","menu":"https://fonts.gstatic.com/s/vesperlibre/v19/bx6CNxyWnf-uxPdXDHUD_RdIDkWJ.ttf"},{"family":"Viaoda Libre","version":"v18","lastModified":"2024-09-04","category":"display","kind":"webfonts#webfont","menu":"https://fonts.gstatic.com/s/viaodalibre/v18/vEFW2_lWCgoR6OKuRz9kcRV5bmgc.ttf"},{"family":"Vibes","version":"v14","lastModified":"2024-09-04","category":"display","kind":"webfonts#webfont","menu":"https://fonts.gstatic.com/s/vibes/v14/QdVYSTsmIB6tmYd2FJI.ttf"},{"family":"Vibur","version":"v23","lastModified":"2024-09-04","category":"handwriting","kind":"webfonts#webfont","menu":"https://fonts.gstatic.com/s/vibur/v23/DPEiYwmEzw0QRgToJD4.ttf"},{"family":"Victor Mono","version":"v3","lastModified":"2024-09-04","category":"monospace","kind":"webfonts#webfont","menu":"https://fonts.gstatic.com/s/victormono/v3/Yq6H-LGQWyfv-LGy7lEO09xRn-T81AVB_tCyO879hdaK.ttf"},{"family":"Vidaloka","version":"v18","lastModified":"2024-09-04","category":"serif","kind":"webfonts#webfont","menu":"https://fonts.gstatic.com/s/vidaloka/v18/7cHrv4c3ipenMKlEavs9wHo.ttf"},{"family":"Viga","version":"v14","lastModified":"2024-09-04","category":"sans-serif","kind":"webfonts#webfont","menu":"https://fonts.gstatic.com/s/viga/v14/xMQbuFFdSaiXzQMpCw.ttf"},{"family":"Vina Sans","version":"v6","lastModified":"2024-09-04","category":"display","kind":"webfonts#webfont","menu":"https://fonts.gstatic.com/s/vinasans/v6/m8JQjfZKf6-d2273MP7DcZRF.ttf"},{"family":"Voces","version":"v22","lastModified":"2024-09-04","category":"sans-serif","kind":"webfonts#webfont","menu":"https://fonts.gstatic.com/s/voces/v22/-F6_fjJyLyU8d7PADmo.ttf"},{"family":"Volkhov","version":"v17","lastModified":"2024-09-04","category":"serif","kind":"webfonts#webfont","menu":"https://fonts.gstatic.com/s/volkhov/v17/SlGQmQieoJcKemNecTMEgA.ttf"},{"family":"Vollkorn","version":"v27","lastModified":"2024-09-30","category":"serif","kind":"webfonts#webfont","menu":"https://fonts.gstatic.com/s/vollkorn/v27/0ybgGDoxxrvAnPhYGzMlQLzuMasz6Df2MHGeGGmZ.ttf"},{"family":"Vollkorn SC","version":"v11","lastModified":"2024-09-04","category":"serif","kind":"webfonts#webfont","menu":"https://fonts.gstatic.com/s/vollkornsc/v11/j8_v6-zQ3rXpceZj9cqnViF4Pns.ttf"},{"family":"Voltaire","version":"v21","lastModified":"2024-09-04","category":"sans-serif","kind":"webfonts#webfont","menu":"https://fonts.gstatic.com/s/voltaire/v21/1Pttg8PcRfSblAvGvTopaqE.ttf"},{"family":"VT323","version":"v17","lastModified":"2024-09-04","category":"monospace","kind":"webfonts#webfont","menu":"https://fonts.gstatic.com/s/vt323/v17/pxiKyp0ihIEF2isZFJA.ttf"},{"family":"Vujahday Script","version":"v8","lastModified":"2024-09-04","category":"handwriting","kind":"webfonts#webfont","menu":"https://fonts.gstatic.com/s/vujahdayscript/v8/RWmQoKGA8fEkrIPtSZ3_J7er2dUSDUFr.ttf"},{"family":"Waiting for the Sunrise","version":"v21","lastModified":"2024-11-20","category":"handwriting","kind":"webfonts#webfont","menu":"https://fonts.gstatic.com/s/waitingforthesunrise/v21/WBL1rFvOYl9CEv2i1mO6KUW8RKWJ2zoXoz5JsbZR_Bs.ttf"},{"family":"Wallpoet","version":"v20","lastModified":"2024-09-04","category":"display","kind":"webfonts#webfont","menu":"https://fonts.gstatic.com/s/wallpoet/v20/f0X10em2_8RnXVVdUObv58E.ttf"},{"family":"Walter Turncoat","version":"v23","lastModified":"2024-09-04","category":"handwriting","kind":"webfonts#webfont","menu":"https://fonts.gstatic.com/s/walterturncoat/v23/snfys0Gs98ln43n0d-14ULoToe6LYReZ.ttf"},{"family":"Warnes","version":"v27","lastModified":"2024-09-04","category":"display","kind":"webfonts#webfont","menu":"https://fonts.gstatic.com/s/warnes/v27/pONn1hc0GsW6sW5-pyqy.ttf"},{"family":"Water Brush","version":"v4","lastModified":"2024-09-04","category":"handwriting","kind":"webfonts#webfont","menu":"https://fonts.gstatic.com/s/waterbrush/v4/AYCPpXPqc8cJWLhp4hywKEJr5vY.ttf"},{"family":"Waterfall","version":"v6","lastModified":"2024-09-04","category":"handwriting","kind":"webfonts#webfont","menu":"https://fonts.gstatic.com/s/waterfall/v6/MCoRzAfo293fACdFKcwo27v4.ttf"},{"family":"Wavefont","version":"v12","lastModified":"2024-11-14","category":"display","kind":"webfonts#webfont","menu":"https://fonts.gstatic.com/s/wavefont/v12/L0xFDF00m0cP6hefyOCpRezQNuizSrqDyx8FHbFu21B3L4m0SEzuQYwq-f_JJ8I1WI3V04DGVq8.ttf"},{"family":"Wellfleet","version":"v23","lastModified":"2024-09-04","category":"serif","kind":"webfonts#webfont","menu":"https://fonts.gstatic.com/s/wellfleet/v23/nuF7D_LfQJb3VYgX6eyj4myP.ttf"},{"family":"Wendy One","version":"v18","lastModified":"2024-09-04","category":"sans-serif","kind":"webfonts#webfont","menu":"https://fonts.gstatic.com/s/wendyone/v18/2sDcZGJOipXfgfXV5wgzbmW8.ttf"},{"family":"Whisper","version":"v5","lastModified":"2024-09-04","category":"handwriting","kind":"webfonts#webfont","menu":"https://fonts.gstatic.com/s/whisper/v5/q5uHsoqtKftx74K9qihIAw.ttf"},{"family":"WindSong","version":"v11","lastModified":"2024-09-04","category":"handwriting","kind":"webfonts#webfont","menu":"https://fonts.gstatic.com/s/windsong/v11/KR1WBsyu-P-GFEW57o94F9U.ttf"},{"family":"Wire One","version":"v28","lastModified":"2024-09-04","category":"sans-serif","kind":"webfonts#webfont","menu":"https://fonts.gstatic.com/s/wireone/v28/qFdH35Wah5htUhV75VGjU94.ttf"},{"family":"Wittgenstein","version":"v2","lastModified":"2024-09-04","category":"serif","kind":"webfonts#webfont","menu":"https://fonts.gstatic.com/s/wittgenstein/v2/WBL3rEDOakJCHParhXGwMgvyJ8hdWNLC1kI61G4TzBrxYw.ttf"},{"family":"Wix Madefor Display","version":"v10","lastModified":"2024-09-04","category":"sans-serif","kind":"webfonts#webfont","menu":"https://fonts.gstatic.com/s/wixmadefordisplay/v10/SZcS3EX9IbbyeJ8aOluD52KXgUA_7Ed1I13G853Cp9duUYFhYmtltfk.ttf"},{"family":"Wix Madefor Text","version":"v13","lastModified":"2024-09-04","category":"sans-serif","kind":"webfonts#webfont","menu":"https://fonts.gstatic.com/s/wixmadefortext/v13/-W_oXI_oSymQ8Qj-Apx3HGN_Hu1RTCk5FtSDETgf0cK_NNeEiJA.ttf"},{"family":"Work Sans","version":"v19","lastModified":"2024-09-04","category":"sans-serif","kind":"webfonts#webfont","menu":"https://fonts.gstatic.com/s/worksans/v19/QGY_z_wNahGAdqQ43RhVcIgYT2Xz5u32K0nXBikJow.ttf"},{"family":"Workbench","version":"v1","lastModified":"2024-09-04","category":"monospace","kind":"webfonts#webfont","menu":"https://fonts.gstatic.com/s/workbench/v1/FeV8S05Gp6Et7FcfbPFK1rynGd_MxtkvNFmoUDFhgF2VKTGQk6vapeOK2mY.ttf"},{"family":"Xanh Mono","version":"v18","lastModified":"2024-09-04","category":"monospace","kind":"webfonts#webfont","menu":"https://fonts.gstatic.com/s/xanhmono/v18/R70YjykVmvKCep-vWhSomQqU.ttf"},{"family":"Yaldevi","version":"v12","lastModified":"2024-09-04","category":"sans-serif","kind":"webfonts#webfont","menu":"https://fonts.gstatic.com/s/yaldevi/v12/cY9afj6VW0NMrDWtDNzCOwlPMq9SLpdxJwvpZRY.ttf"},{"family":"Yanone Kaffeesatz","version":"v30","lastModified":"2024-09-04","category":"sans-serif","kind":"webfonts#webfont","menu":"https://fonts.gstatic.com/s/yanonekaffeesatz/v30/3y9I6aknfjLm_3lMKjiMgmUUYBs04aUXNxt9gW2LIfto9tWZcWGP.ttf"},{"family":"Yantramanav","version":"v13","lastModified":"2024-09-04","category":"sans-serif","kind":"webfonts#webfont","menu":"https://fonts.gstatic.com/s/yantramanav/v13/flU8Rqu5zY00QEpyWJYWN5f1XeM.ttf"},{"family":"Yarndings 12","version":"v2","lastModified":"2024-08-12","category":"display","kind":"webfonts#webfont","menu":"https://fonts.gstatic.com/s/yarndings12/v2/55xreyp2N8T5P2LJbZAlkY9s8JjI.ttf"},{"family":"Yarndings 12 Charted","version":"v2","lastModified":"2024-08-12","category":"display","kind":"webfonts#webfont","menu":"https://fonts.gstatic.com/s/yarndings12charted/v2/eLGDP_DlKhO-DUfeqM4I_vDdJgmIh7hAvsbI2Ns.ttf"},{"family":"Yarndings 20","version":"v2","lastModified":"2024-08-12","category":"display","kind":"webfonts#webfont","menu":"https://fonts.gstatic.com/s/yarndings20/v2/TuGWUVlkUohEQu8l7K8b-vN1BnUw.ttf"},{"family":"Yarndings 20 Charted","version":"v2","lastModified":"2024-08-12","category":"display","kind":"webfonts#webfont","menu":"https://fonts.gstatic.com/s/yarndings20charted/v2/QldRNSdbpg0G8vh0W2qxe0l-hcUPtY2VaIQn60A.ttf"},{"family":"Yatra One","version":"v14","lastModified":"2024-09-04","category":"display","kind":"webfonts#webfont","menu":"https://fonts.gstatic.com/s/yatraone/v14/C8ch4copsHzj8p7NaF0BwlmF.ttf"},{"family":"Yellowtail","version":"v23","lastModified":"2024-11-20","category":"handwriting","kind":"webfonts#webfont","menu":"https://fonts.gstatic.com/s/yellowtail/v23/OZpGg_pnoDtINPfRIlLohl3HxA.ttf"},{"family":"Yeon Sung","version":"v21","lastModified":"2024-08-12","category":"display","kind":"webfonts#webfont","menu":"https://fonts.gstatic.com/s/yeonsung/v21/QldMNTpbohAGtsJvUn6BSFle.ttf"},{"family":"Yeseva One","version":"v22","lastModified":"2024-09-04","category":"display","kind":"webfonts#webfont","menu":"https://fonts.gstatic.com/s/yesevaone/v22/OpNJno4ck8vc-xYpwWWxlitVXg.ttf"},{"family":"Yesteryear","version":"v19","lastModified":"2024-11-20","category":"handwriting","kind":"webfonts#webfont","menu":"https://fonts.gstatic.com/s/yesteryear/v19/dg4g_p78rroaKl8kRKo1n70NSw.ttf"},{"family":"Yomogi","version":"v12","lastModified":"2024-08-07","category":"handwriting","kind":"webfonts#webfont","menu":"https://fonts.gstatic.com/s/yomogi/v12/VuJwdNrS2ZL7rpo_WYb9.ttf"},{"family":"Young Serif","version":"v2","lastModified":"2024-09-04","category":"serif","kind":"webfonts#webfont","menu":"https://fonts.gstatic.com/s/youngserif/v2/3qTpojO2nS2VtkB3KtkQZ1t73kM.ttf"},{"family":"Yrsa","version":"v20","lastModified":"2024-09-04","category":"serif","kind":"webfonts#webfont","menu":"https://fonts.gstatic.com/s/yrsa/v20/wlprgwnQFlxs_wD3CFSMYmFaaCieSONU_LA.ttf"},{"family":"Ysabeau","version":"v2","lastModified":"2024-09-04","category":"sans-serif","kind":"webfonts#webfont","menu":"https://fonts.gstatic.com/s/ysabeau/v2/kmKiZqEiBAXLcnuMvjZNI_5FGeJet7OWCAYxKcU.ttf"},{"family":"Ysabeau Infant","version":"v2","lastModified":"2024-09-04","category":"sans-serif","kind":"webfonts#webfont","menu":"https://fonts.gstatic.com/s/ysabeauinfant/v2/hv-ClzpqOkkV94kBTQVdX1EWI9B0V-HEmd9JmTQYFo83Kpql.ttf"},{"family":"Ysabeau Office","version":"v2","lastModified":"2024-09-04","category":"sans-serif","kind":"webfonts#webfont","menu":"https://fonts.gstatic.com/s/ysabeauoffice/v2/LDImapaZKhM9RuQIp8FmdYrPPNjFm07hbpKNlPPbh6MvYC3t.ttf"},{"family":"Ysabeau SC","version":"v2","lastModified":"2024-09-04","category":"sans-serif","kind":"webfonts#webfont","menu":"https://fonts.gstatic.com/s/ysabeausc/v2/Noai6Uro3JCIKAbW46nMorJZyP7kKRflbw98UmqFbYU.ttf"},{"family":"Yuji Boku","version":"v6","lastModified":"2024-09-04","category":"serif","kind":"webfonts#webfont","menu":"https://fonts.gstatic.com/s/yujiboku/v6/P5sAzZybeNzXsA9xj1FUjLev.ttf"},{"family":"Yuji Hentaigana Akari","version":"v12","lastModified":"2024-08-07","category":"handwriting","kind":"webfonts#webfont","menu":"https://fonts.gstatic.com/s/yujihentaiganaakari/v12/cY9bfiyVT0VB6QuhWKOrpr6z58lnb_zYFnL4RDbK.ttf"},{"family":"Yuji Hentaigana Akebono","version":"v13","lastModified":"2024-08-07","category":"handwriting","kind":"webfonts#webfont","menu":"https://fonts.gstatic.com/s/yujihentaiganaakebono/v13/EJRGQhkhRNwM-RtitGUwh930GU_f5KAlkuL0wTy8PqE.ttf"},{"family":"Yuji Mai","version":"v6","lastModified":"2024-09-04","category":"serif","kind":"webfonts#webfont","menu":"https://fonts.gstatic.com/s/yujimai/v6/ZgNQjPxdJ7DEHrS0gB39jGU.ttf"},{"family":"Yuji Syuku","version":"v6","lastModified":"2024-09-04","category":"serif","kind":"webfonts#webfont","menu":"https://fonts.gstatic.com/s/yujisyuku/v6/BngNUXdTV3vO6Lw5ApOPmPbqxg.ttf"},{"family":"Yusei Magic","version":"v14","lastModified":"2024-09-04","category":"sans-serif","kind":"webfonts#webfont","menu":"https://fonts.gstatic.com/s/yuseimagic/v14/yYLt0hbAyuCmoo5wlhPkpgHQ8NM.ttf"},{"family":"Zain","version":"v3","lastModified":"2024-11-20","category":"sans-serif","kind":"webfonts#webfont","menu":"https://fonts.gstatic.com/s/zain/v3/syk8-y9lm7soMNPNlQ.ttf"},{"family":"ZCOOL KuaiLe","version":"v19","lastModified":"2024-08-12","category":"sans-serif","kind":"webfonts#webfont","menu":"https://fonts.gstatic.com/s/zcoolkuaile/v19/tssqApdaRQokwFjFJjvM6h2mp4b3.ttf"},{"family":"ZCOOL QingKe HuangYou","version":"v15","lastModified":"2024-08-12","category":"sans-serif","kind":"webfonts#webfont","menu":"https://fonts.gstatic.com/s/zcoolqingkehuangyou/v15/2Eb5L_R5IXJEWhD3AOhSvFC554MOOahI4mR4ive4.ttf"},{"family":"ZCOOL XiaoWei","version":"v14","lastModified":"2024-08-12","category":"sans-serif","kind":"webfonts#webfont","menu":"https://fonts.gstatic.com/s/zcoolxiaowei/v14/i7dMIFFrTRywPpUVX9_RJyM1UFOaGw.ttf"},{"family":"Zen Antique","version":"v13","lastModified":"2024-08-07","category":"serif","kind":"webfonts#webfont","menu":"https://fonts.gstatic.com/s/zenantique/v13/AYCPpXPnd91Ma_Zf-Ri2JUJr5vY.ttf"},{"family":"Zen Antique Soft","version":"v13","lastModified":"2024-08-07","category":"serif","kind":"webfonts#webfont","menu":"https://fonts.gstatic.com/s/zenantiquesoft/v13/DtV4JwqzSL1q_KwnEWMc_3xfgW6itwFslg.ttf"},{"family":"Zen Dots","version":"v12","lastModified":"2024-09-04","category":"display","kind":"webfonts#webfont","menu":"https://fonts.gstatic.com/s/zendots/v12/XRXX3ICfm00IGoesQdaFRss.ttf"},{"family":"Zen Kaku Gothic Antique","version":"v16","lastModified":"2024-08-07","category":"sans-serif","kind":"webfonts#webfont","menu":"https://fonts.gstatic.com/s/zenkakugothicantique/v16/6qLQKYkHvh-nlUpKPAdoVFBtfxDzIn1eCzpB22-h1xY.ttf"},{"family":"Zen Kaku Gothic New","version":"v16","lastModified":"2024-08-07","category":"sans-serif","kind":"webfonts#webfont","menu":"https://fonts.gstatic.com/s/zenkakugothicnew/v16/gNMYW2drQpDw0GjzrVNFf_valaDBcznOojpoSQ.ttf"},{"family":"Zen Kurenaido","version":"v17","lastModified":"2024-08-07","category":"sans-serif","kind":"webfonts#webfont","menu":"https://fonts.gstatic.com/s/zenkurenaido/v17/3XFsEr0515BK2u6UUptu_gWJVf383A.ttf"},{"family":"Zen Loop","version":"v9","lastModified":"2024-09-04","category":"display","kind":"webfonts#webfont","menu":"https://fonts.gstatic.com/s/zenloop/v9/h0GrssK16UsnJwHsEJ9yoQg.ttf"},{"family":"Zen Maru Gothic","version":"v17","lastModified":"2024-08-07","category":"sans-serif","kind":"webfonts#webfont","menu":"https://fonts.gstatic.com/s/zenmarugothic/v17/o-0SIpIxzW5b-RxT-6A8jWAtCp-U7Ehi.ttf"},{"family":"Zen Old Mincho","version":"v12","lastModified":"2024-08-07","category":"serif","kind":"webfonts#webfont","menu":"https://fonts.gstatic.com/s/zenoldmincho/v12/tss0ApVaYytLwxTqcxfMyBveybb2iXk.ttf"},{"family":"Zen Tokyo Zoo","version":"v7","lastModified":"2024-09-04","category":"display","kind":"webfonts#webfont","menu":"https://fonts.gstatic.com/s/zentokyozoo/v7/NGSyv5ffC0J_BK6aFNtr6sRvwaxkQQ.ttf"},{"family":"Zeyada","version":"v20","lastModified":"2024-11-20","category":"handwriting","kind":"webfonts#webfont","menu":"https://fonts.gstatic.com/s/zeyada/v20/11hAGpPTxVPUbgZzNWyp.ttf"},{"family":"Zhi Mang Xing","version":"v17","lastModified":"2024-08-12","category":"handwriting","kind":"webfonts#webfont","menu":"https://fonts.gstatic.com/s/zhimangxing/v17/f0Xw0ey79sErYFtWQ9a2rq-g4aYneQ.ttf"},{"family":"Zilla Slab","version":"v11","lastModified":"2024-09-04","category":"serif","kind":"webfonts#webfont","menu":"https://fonts.gstatic.com/s/zillaslab/v11/dFa6ZfeM_74wlPZtksIFajw6-A.ttf"},{"family":"Zilla Slab Highlight","version":"v19","lastModified":"2024-09-04","category":"serif","kind":"webfonts#webfont","menu":"https://fonts.gstatic.com/s/zillaslabhighlight/v19/gNMbW2BrTpK8-inLtBJgMMfbm6uNVDvRxitJaWQ.ttf"}]
    Forwarded URL = null
   Redirected URL = null
          Cookies = []
]]></system-out>
    <system-err><![CDATA[Mockito is currently self-attaching to enable the inline-mock-maker. This will no longer work in future releases of the JDK. Please add Mockito as an agent to your build what is described in Mockito's documentation: https://javadoc.io/doc/org.mockito/mockito-core/latest/org/mockito/Mockito.html#0.3
WARNING: A Java agent has been loaded dynamically (/home/michele/.m2/repository/net/bytebuddy/byte-buddy-agent/1.15.10/byte-buddy-agent-1.15.10.jar)
WARNING: If a serviceability tool is in use, please run with -XX:+EnableDynamicAgentLoading to hide this warning
WARNING: If a serviceability tool is not in use, please run with -Djdk.instrument.traceUsage for more information
WARNING: Dynamic loading of agents will be disallowed by default in a future release
]]></system-err>
  </testcase>
  <testcase name="tryAddDeleteNewFont" classname="it.unipi.Wikifont.WikifontApplicationTests" time="0.316">
    <system-out><![CDATA[
MockHttpServletRequest:
      HTTP Method = POST
      Request URI = /font/variants
       Parameters = {family=[FontProva]}
          Headers = [Accept:"application/json"]
             Body = null
    Session Attrs = {}

Handler:
             Type = it.unipi.Wikifont.MainController
           Method = it.unipi.Wikifont.MainController#getVariants(String)

Async:
    Async started = false
     Async result = null

Resolved Exception:
             Type = null

ModelAndView:
        View name = null
             View = null
            Model = null

FlashMap:
       Attributes = null

MockHttpServletResponse:
           Status = 200
    Error message = null
          Headers = [Content-Type:"application/json"]
     Content type = application/json
             Body = []
    Forwarded URL = null
   Redirected URL = null
          Cookies = []

MockHttpServletRequest:
      HTTP Method = POST
      Request URI = /font/deletevariant
       Parameters = {}
          Headers = [Content-Type:"application/json;charset=UTF-8", Accept:"application/json", Content-Length:"69"]
             Body = {"family":"VariantProva","variant":"FontProva","link":"VariantProva"}
    Session Attrs = {}

Handler:
             Type = it.unipi.Wikifont.MainController
           Method = it.unipi.Wikifont.MainController#deleteVariant(Variants)

Async:
    Async started = false
     Async result = null

Resolved Exception:
             Type = null

ModelAndView:
        View name = null
             View = null
            Model = null

FlashMap:
       Attributes = null

MockHttpServletResponse:
           Status = 200
    Error message = null
          Headers = [Content-Type:"application/json", Content-Length:"4"]
     Content type = application/json
             Body = done
    Forwarded URL = null
   Redirected URL = null
          Cookies = []

MockHttpServletRequest:
      HTTP Method = POST
      Request URI = /font/deletefont
       Parameters = {}
          Headers = [Content-Type:"application/json;charset=UTF-8", Accept:"application/json", Content-Length:"133"]
             Body = {"family":"FontProva","version":"FontProva","lastModified":"0000-01-01","category":"FontProva","kind":"FontProva","menu":"FontProva"}
    Session Attrs = {}

Handler:
             Type = it.unipi.Wikifont.MainController
           Method = it.unipi.Wikifont.MainController#deleteFont(Font)

Async:
    Async started = false
     Async result = null

Resolved Exception:
             Type = null

ModelAndView:
        View name = null
             View = null
            Model = null

FlashMap:
       Attributes = null

MockHttpServletResponse:
           Status = 200
    Error message = null
          Headers = [Content-Type:"application/json", Content-Length:"4"]
     Content type = application/json
             Body = done
    Forwarded URL = null
   Redirected URL = null
          Cookies = []
]]></system-out>
  </testcase>
  <testcase name="getAllFont" classname="it.unipi.Wikifont.WikifontApplicationTests" time="0.172">
    <system-out><![CDATA[
MockHttpServletRequest:
      HTTP Method = GET
      Request URI = /font/all
       Parameters = {}
          Headers = [Accept:"application/json"]
             Body = null
    Session Attrs = {}

Handler:
             Type = it.unipi.Wikifont.MainController
           Method = it.unipi.Wikifont.MainController#getAllFonts()

Async:
    Async started = false
     Async result = null

Resolved Exception:
             Type = null

ModelAndView:
        View name = null
             View = null
            Model = null

FlashMap:
       Attributes = null

MockHttpServletResponse:
           Status = 200
    Error message = null
          Headers = [Content-Type:"application/json"]
     Content type = application/json
             Body = [{"family":"ABeeZee","version":"v22","lastModified":"2024-09-04","category":"sans-serif","kind":"webfonts#webfont","menu":"https://fonts.gstatic.com/s/abeezee/v22/esDR31xSG-6AGleN2tOklQ.ttf"},{"family":"Abel","version":"v18","lastModified":"2024-09-04","category":"sans-serif","kind":"webfonts#webfont","menu":"https://fonts.gstatic.com/s/abel/v18/MwQ5bhbm2POE2VlBOA.ttf"},{"family":"Abhaya Libre","version":"v17","lastModified":"2024-09-04","category":"serif","kind":"webfonts#webfont","menu":"https://fonts.gstatic.com/s/abhayalibre/v17/e3tmeuGtX-Co5MNzeAOqinEQeknS.ttf"},{"family":"Aboreto","version":"v2","lastModified":"2024-09-04","category":"display","kind":"webfonts#webfont","menu":"https://fonts.gstatic.com/s/aboreto/v2/5DCXAKLhwDDQ4N8bpKXUBw.ttf"},{"family":"Abril Fatface","version":"v23","lastModified":"2024-09-04","category":"display","kind":"webfonts#webfont","menu":"https://fonts.gstatic.com/s/abrilfatface/v23/zOL64pLDlL1D99S8g8PtiKchq-FmiA.ttf"},{"family":"Abyssinica SIL","version":"v8","lastModified":"2024-11-20","category":"serif","kind":"webfonts#webfont","menu":"https://fonts.gstatic.com/s/abyssinicasil/v8/oY1H8ezOqK7iI3rK_45WKoc8J5UYDlc.ttf"},{"family":"Aclonica","version":"v23","lastModified":"2024-11-20","category":"sans-serif","kind":"webfonts#webfont","menu":"https://fonts.gstatic.com/s/aclonica/v23/K2FyfZJVlfNNSEBXGY7SAoo.ttf"},{"family":"Acme","version":"v25","lastModified":"2024-09-04","category":"sans-serif","kind":"webfonts#webfont","menu":"https://fonts.gstatic.com/s/acme/v25/RrQfboBx-C5_XxzBaw.ttf"},{"family":"Actor","version":"v17","lastModified":"2024-09-04","category":"sans-serif","kind":"webfonts#webfont","menu":"https://fonts.gstatic.com/s/actor/v17/wEOzEBbCkc5cO0elVSw.ttf"},{"family":"Adamina","version":"v21","lastModified":"2024-09-04","category":"serif","kind":"webfonts#webfont","menu":"https://fonts.gstatic.com/s/adamina/v21/j8_r6-DH1bjoc-dwi-vUFQ.ttf"},{"family":"ADLaM Display","version":"v1","lastModified":"2024-09-04","category":"display","kind":"webfonts#webfont","menu":"https://fonts.gstatic.com/s/adlamdisplay/v1/KFOhCnGXkPOLlhx6jD8_b1ZEOsDSlQ.ttf"},{"family":"Advent Pro","version":"v28","lastModified":"2024-09-04","category":"sans-serif","kind":"webfonts#webfont","menu":"https://fonts.gstatic.com/s/adventpro/v28/V8mqoQfxVT4Dvddr_yOwrzaFxV7JtdQgFqXdUAQrGp_zgX5sWCpLQyN_TZAs.ttf"},{"family":"Afacad","version":"v1","lastModified":"2024-09-04","category":"sans-serif","kind":"webfonts#webfont","menu":"https://fonts.gstatic.com/s/afacad/v1/6NUK8FKMIQOGaw6wjYT7ZHG_zsBBfhXtamE-9g.ttf"},{"family":"Afacad Flux","version":"v2","lastModified":"2024-11-07","category":"sans-serif","kind":"webfonts#webfont","menu":"https://fonts.gstatic.com/s/afacadflux/v2/9oRgNYYQryMlneUPykRmTuH4ET0fri4I5rJVT_CWHKDZnskVK5edsUwXVaVgRg.ttf"},{"family":"Agdasima","version":"v4","lastModified":"2024-09-04","category":"sans-serif","kind":"webfonts#webfont","menu":"https://fonts.gstatic.com/s/agdasima/v4/PN_zRfyxp2f1fUCgAPg7pTw.ttf"},{"family":"Agu Display","version":"v1","lastModified":"2024-12-10","category":"display","kind":"webfonts#webfont","menu":"https://fonts.gstatic.com/s/agudisplay/v1/iJWXBXKbbi6BeMC1_RX7qF_V5E7aciGRRWUwX4fdkKVP.ttf"},{"family":"Aguafina Script","version":"v22","lastModified":"2024-09-04","category":"handwriting","kind":"webfonts#webfont","menu":"https://fonts.gstatic.com/s/aguafinascript/v22/If2QXTv_ZzSxGIO30LemWEOmt1b3q8Qt.ttf"},{"family":"Akatab","version":"v7","lastModified":"2024-09-04","category":"sans-serif","kind":"webfonts#webfont","menu":"https://fonts.gstatic.com/s/akatab/v7/VuJwdNrK3Z7gqJE_WYb9.ttf"},{"family":"Akaya Kanadaka","version":"v16","lastModified":"2024-09-04","category":"display","kind":"webfonts#webfont","menu":"https://fonts.gstatic.com/s/akayakanadaka/v16/N0bM2S5CPO5oOQqvazoRRb-8-MfQQZE.ttf"},{"family":"Akaya Telivigala","version":"v27","lastModified":"2024-11-20","category":"display","kind":"webfonts#webfont","menu":"https://fonts.gstatic.com/s/akayatelivigala/v27/lJwc-oo_iG9wXqU3rCTD395tp0uiTdPXtA.ttf"},{"family":"Akronim","version":"v23","lastModified":"2024-09-04","category":"display","kind":"webfonts#webfont","menu":"https://fonts.gstatic.com/s/akronim/v23/fdN-9sqWtWZZlHRpygF7lA.ttf"},{"family":"Akshar","version":"v14","lastModified":"2024-12-04","category":"sans-serif","kind":"webfonts#webfont","menu":"https://fonts.gstatic.com/s/akshar/v14/Yq6I-LyHWTfz9rGoqDaUbHvhkAUsSXYF-9GS8w.ttf"},{"family":"Aladin","version":"v24","lastModified":"2024-09-04","category":"display","kind":"webfonts#webfont","menu":"https://fonts.gstatic.com/s/aladin/v24/ZgNSjPJFPrvJV5fF6C38.ttf"},{"family":"Alata","version":"v11","lastModified":"2024-09-30","category":"sans-serif","kind":"webfonts#webfont","menu":"https://fonts.gstatic.com/s/alata/v11/PbytFmztEwbIoce7zqM.ttf"},{"family":"Alatsi","version":"v13","lastModified":"2024-09-04","category":"sans-serif","kind":"webfonts#webfont","menu":"https://fonts.gstatic.com/s/alatsi/v13/TK3iWkUJAxQ2nLN2Hz8D.ttf"},{"family":"Albert Sans","version":"v1","lastModified":"2024-09-04","category":"sans-serif","kind":"webfonts#webfont","menu":"https://fonts.gstatic.com/s/albertsans/v1/i7dZIFdwYjGaAMFtZd_QA3xXSKZqhr-TenSHq5PPrYfy.ttf"},{"family":"Aldrich","version":"v21","lastModified":"2024-09-04","category":"sans-serif","kind":"webfonts#webfont","menu":"https://fonts.gstatic.com/s/aldrich/v21/MCoTzAn-1s3IGyJMVaEY2g.ttf"},{"family":"Alef","version":"v22","lastModified":"2024-11-20","category":"sans-serif","kind":"webfonts#webfont","menu":"https://fonts.gstatic.com/s/alef/v22/FeVfS0NQpLYgnjNRDw.ttf"},{"family":"Alegreya","version":"v36","lastModified":"2024-09-30","category":"serif","kind":"webfonts#webfont","menu":"https://fonts.gstatic.com/s/alegreya/v36/4UacrEBBsBhlBjvfkQjt71kZfyBzPgNG9hU4_aqm.ttf"},{"family":"Alegreya Sans","version":"v25","lastModified":"2024-09-30","category":"sans-serif","kind":"webfonts#webfont","menu":"https://fonts.gstatic.com/s/alegreyasans/v25/5aUz9_-1phKLFgshYDvh6Vwt7VxtuA.ttf"},{"family":"Alegreya Sans SC","version":"v23","lastModified":"2024-09-04","category":"sans-serif","kind":"webfonts#webfont","menu":"https://fonts.gstatic.com/s/alegreyasanssc/v23/mtGh4-RGJqfMvt7P8FUr0Q1j-Hf1Bk9l8g.ttf"},{"family":"Alegreya SC","version":"v25","lastModified":"2024-09-04","category":"serif","kind":"webfonts#webfont","menu":"https://fonts.gstatic.com/s/alegreyasc/v25/taiOGmRtCJ62-O0HhNEa-Z6p2ZU.ttf"},{"family":"Aleo","version":"v14","lastModified":"2024-09-04","category":"serif","kind":"webfonts#webfont","menu":"https://fonts.gstatic.com/s/aleo/v14/c4m61nF8G8_s6gHhIOX0IYBo_KJ3GlP8Foo.ttf"},{"family":"Alex Brush","version":"v22","lastModified":"2024-09-04","category":"handwriting","kind":"webfonts#webfont","menu":"https://fonts.gstatic.com/s/alexbrush/v22/SZc83FzrJKuqFbwMKk6EhUPz6A.ttf"},{"family":"Alexandria","version":"v3","lastModified":"2024-09-04","category":"sans-serif","kind":"webfonts#webfont","menu":"https://fonts.gstatic.com/s/alexandria/v3/UMBCrPdDqW66y0Y2usFeQCH18mulUxBvI9r7TpbGFps.ttf"},{"family":"Alfa Slab One","version":"v19","lastModified":"2024-09-04","category":"display","kind":"webfonts#webfont","menu":"https://fonts.gstatic.com/s/alfaslabone/v19/6NUQ8FmMKwSEKjnm5-4v-4Jh2dRhfg.ttf"},{"family":"Alice","version":"v20","lastModified":"2024-09-04","category":"serif","kind":"webfonts#webfont","menu":"https://fonts.gstatic.com/s/alice/v20/OpNCnoEEmtHa6GcIrgs.ttf"},{"family":"Alike","version":"v21","lastModified":"2024-09-04","category":"serif","kind":"webfonts#webfont","menu":"https://fonts.gstatic.com/s/alike/v21/HI_EiYEYI6BIoHjAQ5E.ttf"},{"family":"Alike Angular","version":"v25","lastModified":"2024-09-04","category":"serif","kind":"webfonts#webfont","menu":"https://fonts.gstatic.com/s/alikeangular/v25/3qTrojWunjGQtEBlIcwMbSoI7kIwaA.ttf"},{"family":"Alkalami","version":"v7","lastModified":"2024-09-04","category":"serif","kind":"webfonts#webfont","menu":"https://fonts.gstatic.com/s/alkalami/v7/zOL_4pfDmqRL95WXi6eKycQ.ttf"},{"family":"Alkatra","version":"v3","lastModified":"2024-09-04","category":"display","kind":"webfonts#webfont","menu":"https://fonts.gstatic.com/s/alkatra/v3/r05EGLZA5qhCYsyJbuChFuK48Medzngmu4cOptQ.ttf"},{"family":"Allan","version":"v24","lastModified":"2024-09-04","category":"display","kind":"webfonts#webfont","menu":"https://fonts.gstatic.com/s/allan/v24/ea8XadU7WuTxEub3NdA.ttf"},{"family":"Allerta","version":"v18","lastModified":"2024-09-04","category":"sans-serif","kind":"webfonts#webfont","menu":"https://fonts.gstatic.com/s/allerta/v18/TwMO-IAHRlkbx940YnAXTQ.ttf"},{"family":"Allerta Stencil","version":"v22","lastModified":"2024-09-04","category":"sans-serif","kind":"webfonts#webfont","menu":"https://fonts.gstatic.com/s/allertastencil/v22/HTx0L209KT-LmIE9N7OR6eiycOe1-jbz.ttf"},{"family":"Allison","version":"v11","lastModified":"2024-09-04","category":"handwriting","kind":"webfonts#webfont","menu":"https://fonts.gstatic.com/s/allison/v11/X7nl4b88AP2nkbvZCCea5A.ttf"},{"family":"Allura","version":"v21","lastModified":"2024-09-04","category":"handwriting","kind":"webfonts#webfont","menu":"https://fonts.gstatic.com/s/allura/v21/9oRPNYsQpS4zjuA_jQgT.ttf"},{"family":"Almarai","version":"v18","lastModified":"2024-11-20","category":"sans-serif","kind":"webfonts#webfont","menu":"https://fonts.gstatic.com/s/almarai/v18/tsstApxBaigK_hnnQ1uFpg.ttf"},{"family":"Almendra","version":"v26","lastModified":"2024-09-04","category":"serif","kind":"webfonts#webfont","menu":"https://fonts.gstatic.com/s/almendra/v26/H4ckBXKAlMnTn0CskxY7yLs.ttf"},{"family":"Almendra Display","version":"v31","lastModified":"2024-09-04","category":"display","kind":"webfonts#webfont","menu":"https://fonts.gstatic.com/s/almendradisplay/v31/0FlPVOGWl1Sb4O3tETtADHRRlZhzbS7USw.ttf"},{"family":"Almendra SC","version":"v29","lastModified":"2024-09-04","category":"serif","kind":"webfonts#webfont","menu":"https://fonts.gstatic.com/s/almendrasc/v29/Iure6Yx284eebowr7hbyTaZIrLE.ttf"},{"family":"Alumni Sans","version":"v18","lastModified":"2024-09-04","category":"sans-serif","kind":"webfonts#webfont","menu":"https://fonts.gstatic.com/s/alumnisans/v18/nwpHtKqkOwdO2aOIwhWudEWpx_zq_Xna-Xd9OO9gqVEN.ttf"},{"family":"Alumni Sans Collegiate One","version":"v5","lastModified":"2024-09-04","category":"sans-serif","kind":"webfonts#webfont","menu":"https://fonts.gstatic.com/s/alumnisanscollegiateone/v5/MQpB-XChK8G5CtmK_AuGxQrdNvPSXkn0RM-XqjWWhgdbwjw.ttf"},{"family":"Alumni Sans Inline One","version":"v5","lastModified":"2024-09-04","category":"display","kind":"webfonts#webfont","menu":"https://fonts.gstatic.com/s/alumnisansinlineone/v5/RrQBbpJx9zZ3IXTBOASKp5gJAetBdaihcjbpP3ETdg.ttf"},{"family":"Alumni Sans Pinstripe","version":"v6","lastModified":"2024-09-04","category":"sans-serif","kind":"webfonts#webfont","menu":"https://fonts.gstatic.com/s/alumnisanspinstripe/v6/ZgNNjOFFPq_AUJD1umyS30W-Xub8zD1ObheDY79M.ttf"},{"family":"Amarante","version":"v28","lastModified":"2024-09-04","category":"display","kind":"webfonts#webfont","menu":"https://fonts.gstatic.com/s/amarante/v28/xMQXuF1KTa6EvGx9bp-2AX4.ttf"},{"family":"Amaranth","version":"v18","lastModified":"2024-09-04","category":"sans-serif","kind":"webfonts#webfont","menu":"https://fonts.gstatic.com/s/amaranth/v18/KtkuALODe433f0j1zMnDHdU.ttf"},{"family":"Amatic SC","version":"v26","lastModified":"2024-09-04","category":"handwriting","kind":"webfonts#webfont","menu":"https://fonts.gstatic.com/s/amaticsc/v26/TUZyzwprpvBS1izr_vOEDOSa.ttf"},{"family":"Amethysta","version":"v16","lastModified":"2024-09-04","category":"serif","kind":"webfonts#webfont","menu":"https://fonts.gstatic.com/s/amethysta/v16/rP2Fp2K15kgb_F3ibfW4GT-G.ttf"},{"family":"Amiko","version":"v14","lastModified":"2024-09-04","category":"sans-serif","kind":"webfonts#webfont","menu":"https://fonts.gstatic.com/s/amiko/v14/WwkQxPq1DFK04uqkeVo.ttf"},{"family":"Amiri","version":"v27","lastModified":"2024-09-04","category":"serif","kind":"webfonts#webfont","menu":"https://fonts.gstatic.com/s/amiri/v27/J7aRnpd8CGxBHpUotLY.ttf"},{"family":"Amiri Quran","version":"v14","lastModified":"2024-08-12","category":"serif","kind":"webfonts#webfont","menu":"https://fonts.gstatic.com/s/amiriquran/v14/_Xmo-Hk0rD6DbUL4_vH8Zp5s5ig.ttf"},{"family":"Amita","version":"v18","lastModified":"2024-09-04","category":"handwriting","kind":"webfonts#webfont","menu":"https://fonts.gstatic.com/s/amita/v18/HhyaU5si9Om7PTluC_A.ttf"},{"family":"Anaheim","version":"v15","lastModified":"2024-09-04","category":"sans-serif","kind":"webfonts#webfont","menu":"https://fonts.gstatic.com/s/anaheim/v15/8vIX7w042Wp87g4Gy0_24JbCiPrl-h5sLprEKEY.ttf"},{"family":"Andada Pro","version":"v21","lastModified":"2024-09-30","category":"serif","kind":"webfonts#webfont","menu":"https://fonts.gstatic.com/s/andadapro/v21/HhyEU5Qi9-SuOEhPe4LtKoVCuWGURPcg3DPJBb8dHrg.ttf"},{"family":"Andika","version":"v25","lastModified":"2024-09-04","category":"sans-serif","kind":"webfonts#webfont","menu":"https://fonts.gstatic.com/s/andika/v25/mem_Ya6iyW-LwqgwbLYV.ttf"},{"family":"Anek Bangla","version":"v15","lastModified":"2024-12-04","category":"sans-serif","kind":"webfonts#webfont","menu":"https://fonts.gstatic.com/s/anekbangla/v15/_gPW1R38qTExHg-17BhM6n66QhabMYB0fBKONtHhRSIUIre5mq3Ofm9ZEoYq4w.ttf"},{"family":"Anek Devanagari","version":"v14","lastModified":"2024-12-04","category":"sans-serif","kind":"webfonts#webfont","menu":"https://fonts.gstatic.com/s/anekdevanagari/v14/jVyo7nP0CGrUsxB-QiRgw0NlLaVt_QUAkYxLRoCL23mlh20ZVHOMAWbgHLDtkt9mHEk.ttf"},{"family":"Anek Gujarati","version":"v16","lastModified":"2024-12-04","category":"sans-serif","kind":"webfonts#webfont","menu":"https://fonts.gstatic.com/s/anekgujarati/v16/l7g_bj5oysqknvkCo2T_8FuiIRBA7lncQUmbIBEtPKiYYQhRwyBxCD-0F5CLwkik.ttf"},{"family":"Anek Gurmukhi","version":"v8","lastModified":"2024-09-04","category":"sans-serif","kind":"webfonts#webfont","menu":"https://fonts.gstatic.com/s/anekgurmukhi/v8/0QIAMXRO_YSkA0quVLY79JnHybfeEOrXCa9Dmd9Ql6a6R_vEMc5TaLkbd5tZXaQx.ttf"},{"family":"Anek Kannada","version":"v14","lastModified":"2024-12-04","category":"sans-serif","kind":"webfonts#webfont","menu":"https://fonts.gstatic.com/s/anekkannada/v14/raxcHiCNvNMKe1CKFsINYFlgkEIwGa8nL6ruWJg1j--h8pvBKSiw4dFDETulXxM.ttf"},{"family":"Anek Latin","version":"v5","lastModified":"2024-09-04","category":"sans-serif","kind":"webfonts#webfont","menu":"https://fonts.gstatic.com/s/aneklatin/v5/co3pmWZulTRoU4a8dqrWiajBS5ByUkvdrluH-xWG5uJTY4x-L3PuR7ApKNqh.ttf"},{"family":"Anek Malayalam","version":"v17","lastModified":"2024-12-04","category":"sans-serif","kind":"webfonts#webfont","menu":"https://fonts.gstatic.com/s/anekmalayalam/v17/6qLjKZActRTs_mZAJUZWWkhke0nYa_vC8_Azq3-gP1SReZeOtqQuDVUTUZu-LMvzOA.ttf"},{"family":"Anek Odia","version":"v16","lastModified":"2024-12-04","category":"sans-serif","kind":"webfonts#webfont","menu":"https://fonts.gstatic.com/s/anekodia/v16/TK3PWkoJARApz5UCd345tuevwwQX0CwsoYkAWgWYevAauivBUnmZfp3nV5Q.ttf"},{"family":"Anek Tamil","version":"v17","lastModified":"2024-12-04","category":"sans-serif","kind":"webfonts#webfont","menu":"https://fonts.gstatic.com/s/anektamil/v17/XLYJIZH2bYJHGYtPGSbUB8JKTp-_9n55SsLHW0WZez6TjtkDu3uNQidKqoH8.ttf"},{"family":"Anek Telugu","version":"v10","lastModified":"2024-12-04","category":"sans-serif","kind":"webfonts#webfont","menu":"https://fonts.gstatic.com/s/anektelugu/v10/LhWLMVrUNvsddMtYGCx4FcVWOjlwE1WgXdoJ-5XHMl2DkooGK7i13y--kEyM3Q.ttf"},{"family":"Angkor","version":"v33","lastModified":"2024-12-04","category":"display","kind":"webfonts#webfont","menu":"https://fonts.gstatic.com/s/angkor/v33/H4cmBXyAlsPdnlbO8yY6.ttf"},{"family":"Annapurna SIL","version":"v2","lastModified":"2024-09-04","category":"serif","kind":"webfonts#webfont","menu":"https://fonts.gstatic.com/s/annapurnasil/v2/yYLv0hDY0f2iu9tPmRWtllidwNJ3cQ.ttf"},{"family":"Annie Use Your Telescope","version":"v19","lastModified":"2024-11-20","category":"handwriting","kind":"webfonts#webfont","menu":"https://fonts.gstatic.com/s/annieuseyourtelescope/v19/daaLSS4tI2qYYl3Jq9s_Hu74xwktnlKxH6osGVGTlT3F.ttf"},{"family":"Anonymous Pro","version":"v21","lastModified":"2024-09-04","category":"monospace","kind":"webfonts#webfont","menu":"https://fonts.gstatic.com/s/anonymouspro/v21/rP2Bp2a15UIB7Un-bOeISG3pHl028A.ttf"},{"family":"Anta","version":"v1","lastModified":"2024-09-04","category":"sans-serif","kind":"webfonts#webfont","menu":"https://fonts.gstatic.com/s/anta/v1/gyBzhwQ3KsIyVF07OA.ttf"},{"family":"Antic","version":"v19","lastModified":"2024-09-04","category":"sans-serif","kind":"webfonts#webfont","menu":"https://fonts.gstatic.com/s/antic/v19/TuGfUVB8XY5DRZZKq9w.ttf"},{"family":"Antic Didone","version":"v16","lastModified":"2024-09-04","category":"serif","kind":"webfonts#webfont","menu":"https://fonts.gstatic.com/s/anticdidone/v16/RWmPoKKX6u8sp8fIWdnDKqDSqIEC.ttf"},{"family":"Antic Slab","version":"v16","lastModified":"2024-09-04","category":"serif","kind":"webfonts#webfont","menu":"https://fonts.gstatic.com/s/anticslab/v16/bWt97fPFfRzkCa9Jlp6IacNcWQ.ttf"},{"family":"Anton","version":"v25","lastModified":"2024-09-04","category":"sans-serif","kind":"webfonts#webfont","menu":"https://fonts.gstatic.com/s/anton/v25/1Ptgg87LROyAm3K1-Co.ttf"},{"family":"Anton SC","version":"v1","lastModified":"2024-09-04","category":"sans-serif","kind":"webfonts#webfont","menu":"https://fonts.gstatic.com/s/antonsc/v1/4UaBrEBBsgltGn71syLnx60.ttf"},{"family":"Antonio","version":"v19","lastModified":"2024-09-04","category":"sans-serif","kind":"webfonts#webfont","menu":"https://fonts.gstatic.com/s/antonio/v19/gNMbW3NwSYq_9WD34ngK5F8vR8T0PVxx8StJaWQ.ttf"},{"family":"Anuphan","version":"v4","lastModified":"2024-09-04","category":"sans-serif","kind":"webfonts#webfont","menu":"https://fonts.gstatic.com/s/anuphan/v4/2sDBZGxYgY7LkLT0s2Yrm5UhuLoIZCkY9T4lEGE.ttf"},{"family":"Anybody","version":"v11","lastModified":"2024-09-04","category":"display","kind":"webfonts#webfont","menu":"https://fonts.gstatic.com/s/anybody/v11/VuJbdNvK2Ib2ppdWYq311GH32hxIv0sd5grncSUi2F_Wim4J12D_r8_H.ttf"},{"family":"Aoboshi One","version":"v11","lastModified":"2024-08-07","category":"serif","kind":"webfonts#webfont","menu":"https://fonts.gstatic.com/s/aoboshione/v11/Gg8xN5kXaAXtHQrFxwl10xsKDGI.ttf"},{"family":"AR One Sans","version":"v4","lastModified":"2024-09-04","category":"sans-serif","kind":"webfonts#webfont","menu":"https://fonts.gstatic.com/s/aronesans/v4/TUZezwhrmbFp0Srr_tH6fv6RcUejHO_u7GF5aXfv-U2QzBLF6gslWn_9PWw9mg.ttf"},{"family":"Arapey","version":"v16","lastModified":"2024-09-04","category":"serif","kind":"webfonts#webfont","menu":"https://fonts.gstatic.com/s/arapey/v16/-W__XJn-UDDA2RCKZtoY.ttf"},{"family":"Arbutus","version":"v28","lastModified":"2024-09-04","category":"serif","kind":"webfonts#webfont","menu":"https://fonts.gstatic.com/s/arbutus/v28/NaPYcZ7dG_5J3pooX9Nnqw.ttf"},{"family":"Arbutus Slab","version":"v16","lastModified":"2024-09-04","category":"serif","kind":"webfonts#webfont","menu":"https://fonts.gstatic.com/s/arbutusslab/v16/oY1Z8e7OuLXkJGbXtr5ba7ZlaqUZ.ttf"},{"family":"Architects Daughter","version":"v19","lastModified":"2024-11-20","category":"handwriting","kind":"webfonts#webfont","menu":"https://fonts.gstatic.com/s/architectsdaughter/v19/KtkxAKiDZI_td1Lkx62xHZHDtgO_Y-bvTY9g5g.ttf"},{"family":"Archivo","version":"v19","lastModified":"2024-09-04","category":"sans-serif","kind":"webfonts#webfont","menu":"https://fonts.gstatic.com/s/archivo/v19/k3k6o8UDI-1M0wlSV9XAw6lQkqWY8Q82sJaRE-NWIDdgffTTNDNZ8Rds.ttf"},{"family":"Archivo Black","version":"v21","lastModified":"2024-09-04","category":"sans-serif","kind":"webfonts#webfont","menu":"https://fonts.gstatic.com/s/archivoblack/v21/HTxqL289NzCGg4MzN6KJ7eW6CYqF-w.ttf"},{"family":"Archivo Narrow","version":"v30","lastModified":"2024-09-04","category":"sans-serif","kind":"webfonts#webfont","menu":"https://fonts.gstatic.com/s/archivonarrow/v30/tss5ApVBdCYD5Q7hcxTE1ArZ0Zz8oY2KRmwvKhhvLFG6pXmp.ttf"},{"family":"Are You Serious","version":"v12","lastModified":"2024-09-04","category":"handwriting","kind":"webfonts#webfont","menu":"https://fonts.gstatic.com/s/areyouserious/v12/ll8kK2GVSSr-PtjQ5nONVcNn430KhDVj.ttf"},{"family":"Aref Ruqaa","version":"v25","lastModified":"2024-09-04","category":"serif","kind":"webfonts#webfont","menu":"https://fonts.gstatic.com/s/arefruqaa/v25/WwkbxPW1E165rajQKDulIIEoUA.ttf"},{"family":"Aref Ruqaa Ink","version":"v10","lastModified":"2024-09-04","category":"serif","kind":"webfonts#webfont","menu":"https://fonts.gstatic.com/s/arefruqaaink/v10/1q2fY5WOGUFlt84GTOkP6Kdx71TgXoU.ttf"},{"family":"Arima","version":"v5","lastModified":"2024-09-04","category":"display","kind":"webfonts#webfont","menu":"https://fonts.gstatic.com/s/arima/v5/neIWzCqmt4Aup_qE1nFWqxI1RZX1YTAOpAuK.ttf"},{"family":"Arimo","version":"v29","lastModified":"2024-09-04","category":"sans-serif","kind":"webfonts#webfont","menu":"https://fonts.gstatic.com/s/arimo/v29/P5sfzZCDf9_T_3cV7NCUECyoxNk37cxcBhrE.ttf"},{"family":"Arizonia","version":"v21","lastModified":"2024-09-04","category":"handwriting","kind":"webfonts#webfont","menu":"https://fonts.gstatic.com/s/arizonia/v21/neIIzCemt4A5qa7mv5WHFqk.ttf"},{"family":"Armata","version":"v20","lastModified":"2024-09-04","category":"sans-serif","kind":"webfonts#webfont","menu":"https://fonts.gstatic.com/s/armata/v20/gokvH63_HV5jQ-ENlTRz.ttf"},{"family":"Arsenal","version":"v12","lastModified":"2024-09-04","category":"sans-serif","kind":"webfonts#webfont","menu":"https://fonts.gstatic.com/s/arsenal/v12/wXKrE3kQtZQ4pF3D517cBQ.ttf"},{"family":"Arsenal SC","version":"v1","lastModified":"2024-09-04","category":"sans-serif","kind":"webfonts#webfont","menu":"https://fonts.gstatic.com/s/arsenalsc/v1/x3dlckLHea6e5BEtsfxibNsmtw.ttf"},{"family":"Artifika","version":"v21","lastModified":"2024-09-04","category":"serif","kind":"webfonts#webfont","menu":"https://fonts.gstatic.com/s/artifika/v21/VEMyRoxzronptCuxu5Ws7DQ.ttf"},{"family":"Arvo","version":"v22","lastModified":"2024-09-04","category":"serif","kind":"webfonts#webfont","menu":"https://fonts.gstatic.com/s/arvo/v22/tDbD2oWUg0MKqSEQ6A.ttf"},{"family":"Arya","version":"v19","lastModified":"2024-09-04","category":"sans-serif","kind":"webfonts#webfont","menu":"https://fonts.gstatic.com/s/arya/v19/ga6CawNG-HJdxUf__Q.ttf"},{"family":"Asap","version":"v30","lastModified":"2024-09-04","category":"sans-serif","kind":"webfonts#webfont","menu":"https://fonts.gstatic.com/s/asap/v30/KFOOCniXp96a4Tc2DaTeuDAoKsE617JFc49knOIYdjTYkqUcL2mT.ttf"},{"family":"Asap Condensed","version":"v17","lastModified":"2024-09-04","category":"sans-serif","kind":"webfonts#webfont","menu":"https://fonts.gstatic.com/s/asapcondensed/v17/pxidypY1o9NHyXh3WvSbGSggdOeKaEk.ttf"},{"family":"Asar","version":"v23","lastModified":"2024-12-04","category":"serif","kind":"webfonts#webfont","menu":"https://fonts.gstatic.com/s/asar/v23/sZlLdRyI6TBIbkcaCA.ttf"},{"family":"Asset","version":"v29","lastModified":"2024-09-04","category":"display","kind":"webfonts#webfont","menu":"https://fonts.gstatic.com/s/asset/v29/SLXGc1na-mM4cVInTp4.ttf"},{"family":"Assistant","version":"v19","lastModified":"2024-09-04","category":"sans-serif","kind":"webfonts#webfont","menu":"https://fonts.gstatic.com/s/assistant/v19/2sDPZGJYnIjSi6H75xkZZE1I0yCmYzzQtuZnIGCV2g.ttf"},{"family":"Astloch","version":"v26","lastModified":"2024-09-04","category":"display","kind":"webfonts#webfont","menu":"https://fonts.gstatic.com/s/astloch/v26/TuGRUVJ8QI5GSeUjm90byA.ttf"},{"family":"Asul","version":"v21","lastModified":"2024-09-04","category":"sans-serif","kind":"webfonts#webfont","menu":"https://fonts.gstatic.com/s/asul/v21/VuJ-dNjKxYr42fIPWA.ttf"},{"family":"Athiti","version":"v12","lastModified":"2024-09-04","category":"sans-serif","kind":"webfonts#webfont","menu":"https://fonts.gstatic.com/s/athiti/v12/pe0vMISdLIZIv1wIDRJS.ttf"},{"family":"Atkinson Hyperlegible","version":"v11","lastModified":"2024-09-04","category":"sans-serif","kind":"webfonts#webfont","menu":"https://fonts.gstatic.com/s/atkinsonhyperlegible/v11/9Bt23C1KxNDXMspQ1lPyU89-1h6ONRlW45G05JIt.ttf"},{"family":"Atma","version":"v16","lastModified":"2024-09-04","category":"display","kind":"webfonts#webfont","menu":"https://fonts.gstatic.com/s/atma/v16/uK_84rqWc-Eoq29RCg.ttf"},{"family":"Atomic Age","version":"v28","lastModified":"2024-11-20","category":"display","kind":"webfonts#webfont","menu":"https://fonts.gstatic.com/s/atomicage/v28/f0Xz0eug6sdmRFkYZZGL18Dn8Q.ttf"},{"family":"Aubrey","version":"v28","lastModified":"2024-09-04","category":"display","kind":"webfonts#webfont","menu":"https://fonts.gstatic.com/s/aubrey/v28/q5uGsou7NPBw-p7fuwlo.ttf"},{"family":"Audiowide","version":"v20","lastModified":"2024-09-04","category":"display","kind":"webfonts#webfont","menu":"https://fonts.gstatic.com/s/audiowide/v20/l7gdbjpo0cum0ckerWCdkA_L.ttf"},{"family":"Autour One","version":"v24","lastModified":"2024-09-04","category":"display","kind":"webfonts#webfont","menu":"https://fonts.gstatic.com/s/autourone/v24/UqyVK80cP25l3fJgbdfbo5hcUg.ttf"},{"family":"Average","version":"v18","lastModified":"2024-09-04","category":"serif","kind":"webfonts#webfont","menu":"https://fonts.gstatic.com/s/average/v18/fC1hPYBHe23MxA7rEeN6UQ.ttf"},{"family":"Average Sans","version":"v16","lastModified":"2024-09-04","category":"sans-serif","kind":"webfonts#webfont","menu":"https://fonts.gstatic.com/s/averagesans/v16/1Ptpg8fLXP2dlAXR-HlJJNJ_BNCe.ttf"},{"family":"Averia Gruesa Libre","version":"v22","lastModified":"2024-09-04","category":"display","kind":"webfonts#webfont","menu":"https://fonts.gstatic.com/s/averiagruesalibre/v22/NGSov4nEGEktOaDRKsY-1dhh8eEtIx3ZYmiDxw.ttf"},{"family":"Averia Libre","version":"v16","lastModified":"2024-09-04","category":"display","kind":"webfonts#webfont","menu":"https://fonts.gstatic.com/s/averialibre/v16/2V0aKIcMGZEnV6xygz7eNjESA6nN.ttf"},{"family":"Averia Sans Libre","version":"v19","lastModified":"2024-09-04","category":"display","kind":"webfonts#webfont","menu":"https://fonts.gstatic.com/s/averiasanslibre/v19/ga6XaxZG_G5OvCf_rt7FH3B6BHLMEdVIEoc.ttf"},{"family":"Averia Serif Libre","version":"v18","lastModified":"2024-09-04","category":"display","kind":"webfonts#webfont","menu":"https://fonts.gstatic.com/s/averiaseriflibre/v18/neIWzD2ms4wxr6GvjeD0X88SHPyX2xYOpAuK.ttf"},{"family":"Azeret Mono","version":"v17","lastModified":"2024-09-04","category":"monospace","kind":"webfonts#webfont","menu":"https://fonts.gstatic.com/s/azeretmono/v17/3XF5ErsiyJsY9O_Gepph-FvtTQgMQUdNekSfnPVR07ye.ttf"},{"family":"B612","version":"v12","lastModified":"2024-09-04","category":"sans-serif","kind":"webfonts#webfont","menu":"https://fonts.gstatic.com/s/b612/v12/3JnySDDxiSz36jiyHA.ttf"},{"family":"B612 Mono","version":"v14","lastModified":"2024-09-04","category":"monospace","kind":"webfonts#webfont","menu":"https://fonts.gstatic.com/s/b612mono/v14/kmK_Zq85QVWbN1eW6lJV1g7Y.ttf"},{"family":"Babylonica","version":"v5","lastModified":"2024-09-04","category":"handwriting","kind":"webfonts#webfont","menu":"https://fonts.gstatic.com/s/babylonica/v5/5aUw9_i2qxWVCAE2aHjTmDN-_Q.ttf"},{"family":"Bacasime Antique","version":"v1","lastModified":"2024-09-04","category":"serif","kind":"webfonts#webfont","menu":"https://fonts.gstatic.com/s/bacasimeantique/v1/tDbX2pGXkFYEykldjZSrmI6T_XWZCwWnTQ.ttf"},{"family":"Bad Script","version":"v17","lastModified":"2024-12-04","category":"handwriting","kind":"webfonts#webfont","menu":"https://fonts.gstatic.com/s/badscript/v17/6NUT8F6PJgbFWQn47_x7pO0kyQ.ttf"},{"family":"Badeen Display","version":"v1","lastModified":"2024-12-10","category":"display","kind":"webfonts#webfont","menu":"https://fonts.gstatic.com/s/badeendisplay/v1/pxidypY2sdZSjFU4cPmNBzckaeeKaEk.ttf"},{"family":"Bagel Fat One","version":"v1","lastModified":"2024-08-12","category":"display","kind":"webfonts#webfont","menu":"https://fonts.gstatic.com/s/bagelfatone/v1/hYkPPucsQOr5dy02WmQr5Zkd4B9sug.ttf"},{"family":"Bahiana","version":"v23","lastModified":"2024-09-04","category":"display","kind":"webfonts#webfont","menu":"https://fonts.gstatic.com/s/bahiana/v23/uU9PCBUV4YenPWJU3xLR2g.ttf"},{"family":"Bahianita","version":"v21","lastModified":"2024-09-04","category":"display","kind":"webfonts#webfont","menu":"https://fonts.gstatic.com/s/bahianita/v21/yYLr0hTb3vuqqsBUgxWdxDHR.ttf"},{"family":"Bai Jamjuree","version":"v11","lastModified":"2024-09-04","category":"sans-serif","kind":"webfonts#webfont","menu":"https://fonts.gstatic.com/s/baijamjuree/v11/LDI1apSCOBt_aeQQ7ftydoa8WMLO.ttf"},{"family":"Bakbak One","version":"v9","lastModified":"2024-12-04","category":"display","kind":"webfonts#webfont","menu":"https://fonts.gstatic.com/s/bakbakone/v9/zOL54pXAl6RI-p_ardnu-cVkuw.ttf"},{"family":"Ballet","version":"v27","lastModified":"2024-09-04","category":"handwriting","kind":"webfonts#webfont","menu":"https://fonts.gstatic.com/s/ballet/v27/QGYyz_MYZA-HM4NjuGOVnUEXme1I4Xi3O4C0Fg.ttf"},{"family":"Baloo 2","version":"v21","lastModified":"2024-09-04","category":"display","kind":"webfonts#webfont","menu":"https://fonts.gstatic.com/s/baloo2/v21/wXK0E3kTposypRydzVT08TS3JnAmtdgazZpu_lI.ttf"},{"family":"Baloo Bhai 2","version":"v28","lastModified":"2024-09-04","category":"display","kind":"webfonts#webfont","menu":"https://fonts.gstatic.com/s/baloobhai2/v28/sZlWdRSL-z1VEWZ4YNA7Y5ItevYWUOHDE8FvNighAXaIpw.ttf"},{"family":"Baloo Bhaijaan 2","version":"v19","lastModified":"2024-09-04","category":"display","kind":"webfonts#webfont","menu":"https://fonts.gstatic.com/s/baloobhaijaan2/v19/zYXwKUwuEqdVGqM8tPDdAA_Y-_bMKo1EhQd2tWxo8TyRSpP5JY4.ttf"},{"family":"Baloo Bhaina 2","version":"v27","lastModified":"2024-09-04","category":"display","kind":"webfonts#webfont","menu":"https://fonts.gstatic.com/s/baloobhaina2/v27/qWc-B6yyq4P9Adr3RtoX1q6ySgbwusXwJjkOS-XEssPfRP5P.ttf"},{"family":"Baloo Chettan 2","version":"v21","lastModified":"2024-09-04","category":"display","kind":"webfonts#webfont","menu":"https://fonts.gstatic.com/s/baloochettan2/v21/vm8hdRbmXEva26PK-NtuX4ynWEzF69-L4gqgkIL5CeKTC1sUGw.ttf"},{"family":"Baloo Da 2","version":"v24","lastModified":"2024-09-04","category":"display","kind":"webfonts#webfont","menu":"https://fonts.gstatic.com/s/balooda2/v24/2-c39J9j0IaUMQZwAJyJaOX1UUnf3GLnYjALsQNf7ZI.ttf"},{"family":"Baloo Paaji 2","version":"v27","lastModified":"2024-09-04","category":"display","kind":"webfonts#webfont","menu":"https://fonts.gstatic.com/s/baloopaaji2/v27/i7dfIFFzbz-QHZUdV9_UGWZuelmy79QJ1HOSY9AX77fzZxE.ttf"},{"family":"Baloo Tamma 2","version":"v16","lastModified":"2024-09-04","category":"display","kind":"webfonts#webfont","menu":"https://fonts.gstatic.com/s/balootamma2/v16/vEFE2_hCAgcR46PaajtrYlBbVUMUJgIC5LHTrMscPq-1Klo.ttf"},{"family":"Baloo Tammudu 2","version":"v23","lastModified":"2024-09-04","category":"display","kind":"webfonts#webfont","menu":"https://fonts.gstatic.com/s/balootammudu2/v23/1Pt5g8TIS_SAmkLguUdFP8UaJcKkzlPmMT00GaE_Jf8e0c-FYQ.ttf"},{"family":"Baloo Thambi 2","version":"v17","lastModified":"2024-09-04","category":"display","kind":"webfonts#webfont","menu":"https://fonts.gstatic.com/s/baloothambi2/v17/cY9RfjeOW0NHpmOQXranrbDyu5JMJmNp-aDvUBbKzcIDaA5C.ttf"},{"family":"Balsamiq Sans","version":"v14","lastModified":"2024-09-04","category":"display","kind":"webfonts#webfont","menu":"https://fonts.gstatic.com/s/balsamiqsans/v14/P5sEzZiAbNrN8SB3lQQX7PncwdgXJQ.ttf"},{"family":"Balthazar","version":"v17","lastModified":"2024-09-04","category":"serif","kind":"webfonts#webfont","menu":"https://fonts.gstatic.com/s/balthazar/v17/d6lKkaajS8Gm4CVQjFEfyB7s.ttf"},{"family":"Bangers","version":"v24","lastModified":"2024-09-04","category":"display","kind":"webfonts#webfont","menu":"https://fonts.gstatic.com/s/bangers/v24/FeVQS0BTqb0h60ACH5hQ3Q.ttf"},{"family":"Barlow","version":"v12","lastModified":"2024-09-04","category":"sans-serif","kind":"webfonts#webfont","menu":"https://fonts.gstatic.com/s/barlow/v12/7cHpv4kjgoGqM7E_Css8.ttf"},{"family":"Barlow Condensed","version":"v12","lastModified":"2024-09-04","category":"sans-serif","kind":"webfonts#webfont","menu":"https://fonts.gstatic.com/s/barlowcondensed/v12/HTx3L3I-JCGChYJ8VI-L6OO_au7B6xfT3w.ttf"},{"family":"Barlow Semi Condensed","version":"v15","lastModified":"2024-09-04","category":"sans-serif","kind":"webfonts#webfont","menu":"https://fonts.gstatic.com/s/barlowsemicondensed/v15/wlpvgxjLBV1hqnzfr-F8sEYMB0Yybp0mudRXfoqv.ttf"},{"family":"Barriecito","version":"v17","lastModified":"2024-09-04","category":"display","kind":"webfonts#webfont","menu":"https://fonts.gstatic.com/s/barriecito/v17/WWXXlj-CbBOSLY2QTuY_GdQoZw.ttf"},{"family":"Barrio","version":"v19","lastModified":"2024-09-04","category":"display","kind":"webfonts#webfont","menu":"https://fonts.gstatic.com/s/barrio/v19/wEO8EBXBk8hBIDi0dAwl.ttf"},{"family":"Basic","version":"v17","lastModified":"2024-09-04","category":"sans-serif","kind":"webfonts#webfont","menu":"https://fonts.gstatic.com/s/basic/v17/xfu_0WLxV2_XKTN26FQ.ttf"},{"family":"Baskervville","version":"v16","lastModified":"2024-09-04","category":"serif","kind":"webfonts#webfont","menu":"https://fonts.gstatic.com/s/baskervville/v16/YA9Ur0yU4l_XOrogbkun3kQQtpms.ttf"},{"family":"Baskervville SC","version":"v1","lastModified":"2024-09-04","category":"serif","kind":"webfonts#webfont","menu":"https://fonts.gstatic.com/s/baskervvillesc/v1/X7n94bc_DeKlh6bBbk_WiKnBSUvh7l5z.ttf"},{"family":"Battambang","version":"v25","lastModified":"2024-12-04","category":"display","kind":"webfonts#webfont","menu":"https://fonts.gstatic.com/s/battambang/v25/uk-mEGe7raEw-HjkzZabPnSp5w.ttf"},{"family":"Baumans","version":"v17","lastModified":"2024-09-04","category":"display","kind":"webfonts#webfont","menu":"https://fonts.gstatic.com/s/baumans/v17/-W_-XJj9QyTd3Qfpd_s4bg.ttf"},{"family":"Bayon","version":"v34","lastModified":"2024-08-12","category":"sans-serif","kind":"webfonts#webfont","menu":"https://fonts.gstatic.com/s/bayon/v34/9XUrlJNmn0LPFm-oMBI.ttf"},{"family":"Be Vietnam Pro","version":"v11","lastModified":"2024-09-04","category":"sans-serif","kind":"webfonts#webfont","menu":"https://fonts.gstatic.com/s/bevietnampro/v11/QdVPSTAyLFyeg_IDWvOJmVES_HwxBX8.ttf"},{"family":"Beau Rivage","version":"v2","lastModified":"2024-09-04","category":"handwriting","kind":"webfonts#webfont","menu":"https://fonts.gstatic.com/s/beaurivage/v2/UcCi3FIgIG2bH4mMNWJUllg2P54.ttf"},{"family":"Bebas Neue","version":"v14","lastModified":"2024-09-04","category":"sans-serif","kind":"webfonts#webfont","menu":"https://fonts.gstatic.com/s/bebasneue/v14/JTUSjIg69CK48gW7PXoo9W9hzg.ttf"},{"family":"Beiruti","version":"v4","lastModified":"2024-12-04","category":"sans-serif","kind":"webfonts#webfont","menu":"https://fonts.gstatic.com/s/beiruti/v4/JTUIjIU69Cmr9FGcYgRFEb7cdQn2-9a95zuii2w.ttf"},{"family":"Belanosima","version":"v3","lastModified":"2024-09-04","category":"sans-serif","kind":"webfonts#webfont","menu":"https://fonts.gstatic.com/s/belanosima/v3/3y9k6bI8ejDo_3MfCDSL9AFREw.ttf"},{"family":"Belgrano","version":"v18","lastModified":"2024-09-04","category":"serif","kind":"webfonts#webfont","menu":"https://fonts.gstatic.com/s/belgrano/v18/55xvey5tM9rwKWrJZfMEgL0.ttf"},{"family":"Bellefair","version":"v14","lastModified":"2024-08-12","category":"serif","kind":"webfonts#webfont","menu":"https://fonts.gstatic.com/s/bellefair/v14/kJExBuYY6AAuhiXUxG1N_voy.ttf"},{"family":"Belleza","version":"v17","lastModified":"2024-09-04","category":"sans-serif","kind":"webfonts#webfont","menu":"https://fonts.gstatic.com/s/belleza/v17/0nkoC9_pNeMfhX4Bhcf4bw.ttf"},{"family":"Bellota","version":"v16","lastModified":"2024-09-04","category":"display","kind":"webfonts#webfont","menu":"https://fonts.gstatic.com/s/bellota/v16/MwQ2bhXl3_qEpiwAKJNbsA.ttf"},{"family":"Bellota Text","version":"v18","lastModified":"2024-09-04","category":"display","kind":"webfonts#webfont","menu":"https://fonts.gstatic.com/s/bellotatext/v18/0FlTVP2VnlWS4f3-UE9hHXMx-NkK.ttf"},{"family":"BenchNine","version":"v16","lastModified":"2024-09-04","category":"sans-serif","kind":"webfonts#webfont","menu":"https://fonts.gstatic.com/s/benchnine/v16/ahcbv8612zF4jxrwMosbVslx.ttf"},{"family":"Benne","version":"v22","lastModified":"2024-09-04","category":"serif","kind":"webfonts#webfont","menu":"https://fonts.gstatic.com/s/benne/v22/L0xzDFAhn18E6WjwnNo.ttf"},{"family":"Bentham","version":"v19","lastModified":"2024-11-20","category":"serif","kind":"webfonts#webfont","menu":"https://fonts.gstatic.com/s/bentham/v19/VdGeAZQPEpYfmHglGW0xDA.ttf"},{"family":"Berkshire Swash","version":"v20","lastModified":"2024-09-04","category":"handwriting","kind":"webfonts#webfont","menu":"https://fonts.gstatic.com/s/berkshireswash/v20/ptRRTi-cavZOGqCvnNJDl5m5XmN_rM42.ttf"},{"family":"Besley","version":"v20","lastModified":"2024-09-30","category":"serif","kind":"webfonts#webfont","menu":"https://fonts.gstatic.com/s/besley/v20/PlIhFlO1MaNwaNGWUC92IOH_mtG4fbbBedViEA.ttf"},{"family":"Beth Ellen","version":"v21","lastModified":"2024-09-04","category":"handwriting","kind":"webfonts#webfont","menu":"https://fonts.gstatic.com/s/bethellen/v21/WwkbxPW2BE-3rb_JNT-qIIEoUA.ttf"},{"family":"Bevan","version":"v24","lastModified":"2024-09-04","category":"serif","kind":"webfonts#webfont","menu":"https://fonts.gstatic.com/s/bevan/v24/4iCj6KZ0a9NXjG8bWC4.ttf"},{"family":"BhuTuka Expanded One","version":"v7","lastModified":"2024-09-04","category":"serif","kind":"webfonts#webfont","menu":"https://fonts.gstatic.com/s/bhutukaexpandedone/v7/SLXXc0jZ4WUJcClHTtv0t7IaDRsBsWRiJByW-Jw.ttf"},{"family":"Big Shoulders Display","version":"v21","lastModified":"2024-09-04","category":"display","kind":"webfonts#webfont","menu":"https://fonts.gstatic.com/s/bigshouldersdisplay/v21/fC1MPZJEZG-e9gHhdI4-NBbfd2ys3SjJCx12wPgf9g-_3F0YdY87FF8wTQ.ttf"},{"family":"Big Shoulders Inline Display","version":"v27","lastModified":"2024-09-04","category":"display","kind":"webfonts#webfont","menu":"https://fonts.gstatic.com/s/bigshouldersinlinedisplay/v27/_LOumyfF4eSU_SCrJc9OI24U7siGvBGcZqmqV9-ZZ85CGNOFeNLxoYMPJ0nBE0R4wvM.ttf"},{"family":"Big Shoulders Inline Text","version":"v26","lastModified":"2024-09-04","category":"display","kind":"webfonts#webfont","menu":"https://fonts.gstatic.com/s/bigshouldersinlinetext/v26/vm8XdQDmVECV5-vm5dJ-Tp-6WDeRjL4RV7dP8u-NMyHY74qpoNNcwga0y5GM54o.ttf"},{"family":"Big Shoulders Stencil Display","version":"v28","lastModified":"2024-09-04","category":"display","kind":"webfonts#webfont","menu":"https://fonts.gstatic.com/s/bigshouldersstencildisplay/v28/6aeZ4LS6U6pR_bp5b_t2ugOhHWFcxSGP9ttD96KCb8xPytKb-oPRU-vkuLm_O0j_KXbj.ttf"},{"family":"Big Shoulders Stencil Text","version":"v26","lastModified":"2024-09-04","category":"display","kind":"webfonts#webfont","menu":"https://fonts.gstatic.com/s/bigshouldersstenciltext/v26/5aUV9-i2oxDMNwY3dHfW7UAt3Q453SM15wNj53bCcab2SJYLLUtk1OGR04T4GCXL.ttf"},{"family":"Big Shoulders Text","version":"v24","lastModified":"2024-09-04","category":"display","kind":"webfonts#webfont","menu":"https://fonts.gstatic.com/s/bigshoulderstext/v24/55xEezRtP9G3CGPIf49hxc8P0eytUxB2l66LmF6xc3kA3Y-q7TMFMg.ttf"},{"family":"Bigelow Rules","version":"v29","lastModified":"2024-09-04","category":"display","kind":"webfonts#webfont","menu":"https://fonts.gstatic.com/s/bigelowrules/v29/RrQWboly8iR_I3KWSzeRuN0zf4YIGw.ttf"},{"family":"Bigshot One","version":"v29","lastModified":"2024-09-04","category":"display","kind":"webfonts#webfont","menu":"https://fonts.gstatic.com/s/bigshotone/v29/u-470qukhRkkO6BD_7cM_jxvWwY.ttf"},{"family":"Bilbo","version":"v20","lastModified":"2024-09-04","category":"handwriting","kind":"webfonts#webfont","menu":"https://fonts.gstatic.com/s/bilbo/v20/o-0EIpgpwWwZ220groA.ttf"},{"family":"Bilbo Swash Caps","version":"v22","lastModified":"2024-09-04","category":"handwriting","kind":"webfonts#webfont","menu":"https://fonts.gstatic.com/s/bilboswashcaps/v22/zrf-0GXbz-H3Wb4XBsGrTgq2PVmdmALiog.ttf"},{"family":"BioRhyme","version":"v17","lastModified":"2024-09-04","category":"serif","kind":"webfonts#webfont","menu":"https://fonts.gstatic.com/s/biorhyme/v17/1cXeaULHBpDMsHYW_GZNh7loEHurwOIGadI205trrbeBgQs4OjIiqieujw.ttf"},{"family":"BioRhyme Expanded","version":"v21","lastModified":"2024-09-04","category":"serif","kind":"webfonts#webfont","menu":"https://fonts.gstatic.com/s/biorhymeexpanded/v21/i7dQIE1zZzytGswgU577CDY9LjbffxSVT3Q.ttf"},{"family":"Birthstone","version":"v14","lastModified":"2024-09-04","category":"handwriting","kind":"webfonts#webfont","menu":"https://fonts.gstatic.com/s/birthstone/v14/8AtsGs2xO4yLRhy87sv_LLjziQ.ttf"},{"family":"Birthstone Bounce","version":"v11","lastModified":"2024-09-04","category":"handwriting","kind":"webfonts#webfont","menu":"https://fonts.gstatic.com/s/birthstonebounce/v11/ga6XaxZF43lIvTWrktHOTBJZGH7dEdVIEoc.ttf"},{"family":"Biryani","version":"v13","lastModified":"2024-09-04","category":"sans-serif","kind":"webfonts#webfont","menu":"https://fonts.gstatic.com/s/biryani/v13/hv-WlzNxIFoO84YdfU0TOQ.ttf"},{"family":"Bitter","version":"v36","lastModified":"2024-09-04","category":"serif","kind":"webfonts#webfont","menu":"https://fonts.gstatic.com/s/bitter/v36/raxhHiqOu8IVPmnRc6SY1KXhnF_Y8fbfOL7OWA.ttf"},{"family":"BIZ UDGothic","version":"v12","lastModified":"2024-09-04","category":"sans-serif","kind":"webfonts#webfont","menu":"https://fonts.gstatic.com/s/bizudgothic/v12/daafSTouBF7RUjnbt8p3LuKdtAl5.ttf"},{"family":"BIZ UDMincho","version":"v11","lastModified":"2024-09-04","category":"serif","kind":"webfonts#webfont","menu":"https://fonts.gstatic.com/s/bizudmincho/v11/EJRRQgI6eOxFjBdKs38yhtWFdg7_.ttf"},{"family":"BIZ UDPGothic","version":"v14","lastModified":"2024-09-04","category":"sans-serif","kind":"webfonts#webfont","menu":"https://fonts.gstatic.com/s/bizudpgothic/v14/hES36X5pHAIBjmS84VL0Bue87nQGRQ.ttf"},{"family":"BIZ UDPMincho","version":"v11","lastModified":"2024-09-04","category":"serif","kind":"webfonts#webfont","menu":"https://fonts.gstatic.com/s/bizudpmincho/v11/ypvfbXOBrmYppy7oWWTg1_58rhlSsQ.ttf"},{"family":"Black And White Picture","version":"v29","lastModified":"2024-12-04","category":"display","kind":"webfonts#webfont","menu":"https://fonts.gstatic.com/s/blackandwhitepicture/v29/TwMe-JAERlQd3ooUHBUXGmrmioKjjnRSFO-NqL5GZ8c.ttf"},{"family":"Black Han Sans","version":"v23","lastModified":"2024-12-04","category":"sans-serif","kind":"webfonts#webfont","menu":"https://fonts.gstatic.com/s/blackhansans/v23/ea8Aad44WunzF9a-dL6toA8r8kqUK3A.ttf"},{"family":"Black Ops One","version":"v20","lastModified":"2024-09-04","category":"display","kind":"webfonts#webfont","menu":"https://fonts.gstatic.com/s/blackopsone/v20/qWcsB6-ypo7xBdr6Xshe96H3aD3bsg.ttf"},{"family":"Blaka","version":"v7","lastModified":"2024-09-04","category":"display","kind":"webfonts#webfont","menu":"https://fonts.gstatic.com/s/blaka/v7/8vIG7w8722p_6ndq0UQ.ttf"},{"family":"Blaka Hollow","version":"v7","lastModified":"2024-09-04","category":"display","kind":"webfonts#webfont","menu":"https://fonts.gstatic.com/s/blakahollow/v7/MCoUzAL91sjRE2FsKsxUtezoBtAB.ttf"},{"family":"Blaka Ink","version":"v8","lastModified":"2024-09-04","category":"display","kind":"webfonts#webfont","menu":"https://fonts.gstatic.com/s/blakaink/v8/AlZy_zVVtpj22Znag2cRdH38.ttf"},{"family":"Blinker","version":"v13","lastModified":"2024-08-12","category":"sans-serif","kind":"webfonts#webfont","menu":"https://fonts.gstatic.com/s/blinker/v13/cIf9MaFatEE-VTaP9CihZA.ttf"},{"family":"Bodoni Moda","version":"v25","lastModified":"2024-09-04","category":"serif","kind":"webfonts#webfont","menu":"https://fonts.gstatic.com/s/bodonimoda/v25/aFT67PxzY382XsXX63LUYL6GYFcan6NJrKp-VPjfJMShrpsGFUt8oU7a8IF4sQ.ttf"},{"family":"Bodoni Moda SC","version":"v1","lastModified":"2024-09-04","category":"serif","kind":"webfonts#webfont","menu":"https://fonts.gstatic.com/s/bodonimodasc/v1/LYjhdGTykkIgA8197UwkzHp8F-XUUG5UNs2KqliEb-g_DaUdIA6SfiYHbA7ubJ2R8A.ttf"},{"family":"Bokor","version":"v31","lastModified":"2024-12-04","category":"display","kind":"webfonts#webfont","menu":"https://fonts.gstatic.com/s/bokor/v31/m8JcjfpeeaqTiS2Xfo0.ttf"},{"family":"Bona Nova","version":"v11","lastModified":"2024-09-30","category":"serif","kind":"webfonts#webfont","menu":"https://fonts.gstatic.com/s/bonanova/v11/B50NF7ZCpX7fcHfvIUB5iqJu.ttf"},{"family":"Bona Nova SC","version":"v1","lastModified":"2024-09-04","category":"serif","kind":"webfonts#webfont","menu":"https://fonts.gstatic.com/s/bonanovasc/v1/mem5YaShyGWDiYdPG_c1Af4OVOhs.ttf"},{"family":"Bonbon","version":"v30","lastModified":"2024-09-04","category":"handwriting","kind":"webfonts#webfont","menu":"https://fonts.gstatic.com/s/bonbon/v30/0FlVVPeVlFec4eePcTsE.ttf"},{"family":"Bonheur Royale","version":"v13","lastModified":"2024-09-04","category":"handwriting","kind":"webfonts#webfont","menu":"https://fonts.gstatic.com/s/bonheurroyale/v13/c4m51nt_GMTrtX-b9GcG4-YRmbK-eUM.ttf"},{"family":"Boogaloo","version":"v23","lastModified":"2024-09-04","category":"display","kind":"webfonts#webfont","menu":"https://fonts.gstatic.com/s/boogaloo/v23/kmK-Zq45GAvOdnaW6y1E9y4.ttf"},{"family":"Borel","version":"v3","lastModified":"2024-09-04","category":"handwriting","kind":"webfonts#webfont","menu":"https://fonts.gstatic.com/s/borel/v3/6qLOKZsftAPisjsgaSc.ttf"},{"family":"Bowlby One","version":"v23","lastModified":"2024-09-04","category":"display","kind":"webfonts#webfont","menu":"https://fonts.gstatic.com/s/bowlbyone/v23/taiPGmVuC4y96PFeqp8sqo-I-Q.ttf"},{"family":"Bowlby One SC","version":"v25","lastModified":"2024-09-04","category":"display","kind":"webfonts#webfont","menu":"https://fonts.gstatic.com/s/bowlbyonesc/v25/DtVlJxerQqQm37tzN3wMug9P_gn2pw.ttf"},{"family":"Braah One","version":"v6","lastModified":"2024-09-04","category":"sans-serif","kind":"webfonts#webfont","menu":"https://fonts.gstatic.com/s/braahone/v6/KFOlCnWUpt6LsxxxiylfAhc9.ttf"},{"family":"Brawler","version":"v19","lastModified":"2024-09-04","category":"serif","kind":"webfonts#webfont","menu":"https://fonts.gstatic.com/s/brawler/v19/xn7gYHE3xXewAscGggGxTw.ttf"},{"family":"Bree Serif","version":"v17","lastModified":"2024-09-04","category":"serif","kind":"webfonts#webfont","menu":"https://fonts.gstatic.com/s/breeserif/v17/4UaHrEJCrhhnVA3DgluA96zp4g.ttf"},{"family":"Bricolage Grotesque","version":"v7","lastModified":"2024-09-04","category":"sans-serif","kind":"webfonts#webfont","menu":"https://fonts.gstatic.com/s/bricolagegrotesque/v7/3y9U6as8bTXq_nANBjzKo3IeZx8z6up5BeSl5jBNz_19PpbpMXuECpwUxJBOm_OJWiaaD30YfKfjZZoLvRvi-Mwltw.ttf"},{"family":"Bruno Ace","version":"v5","lastModified":"2024-09-04","category":"display","kind":"webfonts#webfont","menu":"https://fonts.gstatic.com/s/brunoace/v5/WwkcxPa2E06x4trkOj_UMaAI.ttf"},{"family":"Bruno Ace SC","version":"v5","lastModified":"2024-09-04","category":"display","kind":"webfonts#webfont","menu":"https://fonts.gstatic.com/s/brunoacesc/v5/ptROTiycffFLBuiHjdJDl63ILCtv.ttf"},{"family":"Brygada 1918","version":"v25","lastModified":"2024-09-30","category":"serif","kind":"webfonts#webfont","menu":"https://fonts.gstatic.com/s/brygada1918/v25/pe08MI6eKpdGqlF5LANrM--ACNaeo8mTUIR_y2-fyV4cvw.ttf"},{"family":"Bubblegum Sans","version":"v20","lastModified":"2024-09-04","category":"display","kind":"webfonts#webfont","menu":"https://fonts.gstatic.com/s/bubblegumsans/v20/AYCSpXb_Z9EORv1M5QTjEzMEteaGxIc.ttf"},{"family":"Bubbler One","version":"v21","lastModified":"2024-09-04","category":"sans-serif","kind":"webfonts#webfont","menu":"https://fonts.gstatic.com/s/bubblerone/v21/f0Xy0eqj68ppQV9KBLmAotHG0ac.ttf"},{"family":"Buda","version":"v29","lastModified":"2024-09-04","category":"display","kind":"webfonts#webfont","menu":"https://fonts.gstatic.com/s/buda/v29/GFDqWAN8mnyIJSSrK7QLqw.ttf"},{"family":"Buenard","version":"v17","lastModified":"2024-09-04","category":"serif","kind":"webfonts#webfont","menu":"https://fonts.gstatic.com/s/buenard/v17/OD5DuM6Cyma8FnnsDzb3rA.ttf"},{"family":"Bungee","version":"v15","lastModified":"2024-12-10","category":"display","kind":"webfonts#webfont","menu":"https://fonts.gstatic.com/s/bungee/v15/N0bU2SZBIuF2PU_0C3Rw.ttf"},{"family":"Bungee Hairline","version":"v24","lastModified":"2024-12-10","category":"display","kind":"webfonts#webfont","menu":"https://fonts.gstatic.com/s/bungeehairline/v24/snfys0G548t04270a_ljTLUVrv-LYReZ.ttf"},{"family":"Bungee Inline","version":"v17","lastModified":"2024-12-10","category":"display","kind":"webfonts#webfont","menu":"https://fonts.gstatic.com/s/bungeeinline/v17/Gg8zN58UcgnlCweMrih332VuPGN__A.ttf"},{"family":"Bungee Outline","version":"v22","lastModified":"2024-12-10","category":"display","kind":"webfonts#webfont","menu":"https://fonts.gstatic.com/s/bungeeoutline/v22/_6_mEDvmVP24UvU2MyiGDslL3Tg2aBY.ttf"},{"family":"Bungee Shade","version":"v15","lastModified":"2024-12-10","category":"display","kind":"webfonts#webfont","menu":"https://fonts.gstatic.com/s/bungeeshade/v15/DtVkJxarWL0t2KdzK3oI_jkc7yjW.ttf"},{"family":"Bungee Spice","version":"v13","lastModified":"2024-12-10","category":"display","kind":"webfonts#webfont","menu":"https://fonts.gstatic.com/s/bungeespice/v13/nwpTtK2nIhxE0q-IwgSpZBqyzig6.ttf"},{"family":"Bungee Tint","version":"v1","lastModified":"2024-09-04","category":"display","kind":"webfonts#webfont","menu":"https://fonts.gstatic.com/s/bungeetint/v1/J7abnpl_EGtUEuAJwN9WmotLOjg.ttf"},{"family":"Butcherman","version":"v24","lastModified":"2024-09-04","category":"display","kind":"webfonts#webfont","menu":"https://fonts.gstatic.com/s/butcherman/v24/2EbiL-thF0loflXUBOdb5zS5rw.ttf"},{"family":"Butterfly Kids","version":"v25","lastModified":"2024-09-04","category":"handwriting","kind":"webfonts#webfont","menu":"https://fonts.gstatic.com/s/butterflykids/v25/ll8lK2CWTjuqAsXDqlnIbMNs5R4bpRU.ttf"},{"family":"Cabin","version":"v27","lastModified":"2024-09-04","category":"sans-serif","kind":"webfonts#webfont","menu":"https://fonts.gstatic.com/s/cabin/v27/u-4X0qWljRw-PfU81xCKCpdpbgZJl6XFpfEd7eA9BIxxkV2EH7Clwg.ttf"},{"family":"Cabin Condensed","version":"v20","lastModified":"2024-09-04","category":"sans-serif","kind":"webfonts#webfont","menu":"https://fonts.gstatic.com/s/cabincondensed/v20/nwpMtK6mNhBK2err_hqkYhHRqmwqYeLd.ttf"},{"family":"Cabin Sketch","version":"v21","lastModified":"2024-09-04","category":"display","kind":"webfonts#webfont","menu":"https://fonts.gstatic.com/s/cabinsketch/v21/QGYpz_kZZAGCONcK2A4bGOj8nthI.ttf"},{"family":"Cactus Classical Serif","version":"v5","lastModified":"2024-09-04","category":"serif","kind":"webfonts#webfont","menu":"https://fonts.gstatic.com/s/cactusclassicalserif/v5/sZlVdQ6K-zJOCzUaS90zMNN-Ep-OoC8dZr0JJuFCEQ.ttf"},{"family":"Caesar Dressing","version":"v21","lastModified":"2024-09-04","category":"display","kind":"webfonts#webfont","menu":"https://fonts.gstatic.com/s/caesardressing/v21/yYLx0hLa3vawqtwdswbotmK4vrRHcLz-.ttf"},{"family":"Cagliostro","version":"v21","lastModified":"2024-09-04","category":"sans-serif","kind":"webfonts#webfont","menu":"https://fonts.gstatic.com/s/cagliostro/v21/ZgNWjP5HM73BV5amnX-TvGTONw.ttf"},{"family":"Cairo","version":"v28","lastModified":"2024-09-04","category":"sans-serif","kind":"webfonts#webfont","menu":"https://fonts.gstatic.com/s/cairo/v28/SLXgc1nY6HkvangtZmpQdkhzfH5lkSs2SgRjCAGMQ1z0hOA-a1XiKQ.ttf"},{"family":"Cairo Play","version":"v7","lastModified":"2024-09-04","category":"sans-serif","kind":"webfonts#webfont","menu":"https://fonts.gstatic.com/s/cairoplay/v7/wXKEE3QSpo4vpRz_mz6FP-8iaauCLt_Hjopv3miu5IvcJo49mOo1knYa9i_e.ttf"},{"family":"Caladea","version":"v7","lastModified":"2024-09-04","category":"serif","kind":"webfonts#webfont","menu":"https://fonts.gstatic.com/s/caladea/v7/kJEzBugZ7AAjhybUvR59_w.ttf"},{"family":"Calistoga","version":"v16","lastModified":"2024-09-04","category":"display","kind":"webfonts#webfont","menu":"https://fonts.gstatic.com/s/calistoga/v16/6NUU8F2OJg6MeR7l4e0ftcwE.ttf"},{"family":"Calligraffitti","version":"v19","lastModified":"2024-09-04","category":"handwriting","kind":"webfonts#webfont","menu":"https://fonts.gstatic.com/s/calligraffitti/v19/46k2lbT3XjDVqJw3DCmCFjE0vkFYOZI.ttf"},{"family":"Cambay","version":"v13","lastModified":"2024-12-04","category":"sans-serif","kind":"webfonts#webfont","menu":"https://fonts.gstatic.com/s/cambay/v13/SLXJc1rY6H0_ZDs2b76M.ttf"},{"family":"Cambo","version":"v18","lastModified":"2024-09-30","category":"serif","kind":"webfonts#webfont","menu":"https://fonts.gstatic.com/s/cambo/v18/IFSqHeNEk8FJk717qEo.ttf"},{"family":"Candal","version":"v15","lastModified":"2024-09-04","category":"sans-serif","kind":"webfonts#webfont","menu":"https://fonts.gstatic.com/s/candal/v15/XoHn2YH6T7-t_8c9ABQN.ttf"},{"family":"Cantarell","version":"v17","lastModified":"2024-09-04","category":"sans-serif","kind":"webfonts#webfont","menu":"https://fonts.gstatic.com/s/cantarell/v17/B50NF7ZDq37KMUvlO015iqJu.ttf"},{"family":"Cantata One","version":"v15","lastModified":"2024-09-04","category":"serif","kind":"webfonts#webfont","menu":"https://fonts.gstatic.com/s/cantataone/v15/PlI5Fl60Nb5obNzNe2jslWxFvcQ.ttf"},{"family":"Cantora One","version":"v19","lastModified":"2024-09-04","category":"sans-serif","kind":"webfonts#webfont","menu":"https://fonts.gstatic.com/s/cantoraone/v19/gyB4hws1JdgnKy56GB_JX5zcbY8.ttf"},{"family":"Caprasimo","version":"v5","lastModified":"2024-09-04","category":"display","kind":"webfonts#webfont","menu":"https://fonts.gstatic.com/s/caprasimo/v5/esDT31JQOPuXIUGBp72UlJ8G.ttf"},{"family":"Capriola","version":"v14","lastModified":"2024-09-04","category":"sans-serif","kind":"webfonts#webfont","menu":"https://fonts.gstatic.com/s/capriola/v14/wXKoE3YSppcvo1PDlk_9JeQ.ttf"},{"family":"Caramel","version":"v7","lastModified":"2024-09-04","category":"handwriting","kind":"webfonts#webfont","menu":"https://fonts.gstatic.com/s/caramel/v7/P5sCzZKBbMTf_Shy9CVkjQ.ttf"},{"family":"Carattere","version":"v7","lastModified":"2024-09-04","category":"handwriting","kind":"webfonts#webfont","menu":"https://fonts.gstatic.com/s/carattere/v7/4iCv6Kp1b9dXlgt_CkvjtmyI.ttf"},{"family":"Cardo","version":"v19","lastModified":"2024-09-04","category":"serif","kind":"webfonts#webfont","menu":"https://fonts.gstatic.com/s/cardo/v19/wlp_gwjKBV1pqhv-3IQ.ttf"},{"family":"Carlito","version":"v3","lastModified":"2024-09-04","category":"sans-serif","kind":"webfonts#webfont","menu":"https://fonts.gstatic.com/s/carlito/v3/3Jn9SDPw3m-pk039DDGBSQ.ttf"},{"family":"Carme","version":"v16","lastModified":"2024-08-12","category":"sans-serif","kind":"webfonts#webfont","menu":"https://fonts.gstatic.com/s/carme/v16/ptRHTiWdbvZIDNjHzrc.ttf"},{"family":"Carrois Gothic","version":"v16","lastModified":"2024-09-04","category":"sans-serif","kind":"webfonts#webfont","menu":"https://fonts.gstatic.com/s/carroisgothic/v16/Z9XPDmFATg-N1PLtLOOxvIHl9amC1Co.ttf"},{"family":"Carrois Gothic SC","version":"v15","lastModified":"2024-09-04","category":"sans-serif","kind":"webfonts#webfont","menu":"https://fonts.gstatic.com/s/carroisgothicsc/v15/ZgNJjOVHM6jfUZCmyUqT2A2HVKjc-18mPnI.ttf"},{"family":"Carter One","version":"v17","lastModified":"2024-09-04","category":"display","kind":"webfonts#webfont","menu":"https://fonts.gstatic.com/s/carterone/v17/q5uCsoe5IOB2-pXv9UcNExV8gQ.ttf"},{"family":"Castoro","version":"v19","lastModified":"2024-09-04","category":"serif","kind":"webfonts#webfont","menu":"https://fonts.gstatic.com/s/castoro/v19/1q2GY5yMCld3-O4cLYlOyA.ttf"},{"family":"Castoro Titling","version":"v8","lastModified":"2024-09-04","category":"display","kind":"webfonts#webfont","menu":"https://fonts.gstatic.com/s/castorotitling/v8/buEupouwccj03leTfjUAhEZWlrNaYw0g.ttf"},{"family":"Catamaran","version":"v19","lastModified":"2024-09-04","category":"sans-serif","kind":"webfonts#webfont","menu":"https://fonts.gstatic.com/s/catamaran/v19/o-0bIpQoyXQa2RxT7-5B6Ryxs2E_6n1iPHjd5ajdvg.ttf"},{"family":"Caudex","version":"v17","lastModified":"2024-09-04","category":"serif","kind":"webfonts#webfont","menu":"https://fonts.gstatic.com/s/caudex/v17/esDQ311QOP6BJUr4y_KE.ttf"},{"family":"Caveat","version":"v18","lastModified":"2024-09-04","category":"handwriting","kind":"webfonts#webfont","menu":"https://fonts.gstatic.com/s/caveat/v18/WnznHAc5bAfYB2QRah7pcpNvOx-pjfJ9eIOpZA.ttf"},{"family":"Caveat Brush","version":"v11","lastModified":"2024-09-04","category":"handwriting","kind":"webfonts#webfont","menu":"https://fonts.gstatic.com/s/caveatbrush/v11/EYq0maZfwr9S9-ETZc3fKXt8WrOX.ttf"},{"family":"Cedarville Cursive","version":"v17","lastModified":"2024-09-04","category":"handwriting","kind":"webfonts#webfont","menu":"https://fonts.gstatic.com/s/cedarvillecursive/v17/yYL00g_a2veiudhUmxjo5VKkoqA-B_nuJLp1.ttf"},{"family":"Ceviche One","version":"v16","lastModified":"2024-09-04","category":"display","kind":"webfonts#webfont","menu":"https://fonts.gstatic.com/s/cevicheone/v16/gyB4hws1IcA6JzR-GB_JX5zcbY8.ttf"},{"family":"Chakra Petch","version":"v11","lastModified":"2024-09-04","category":"sans-serif","kind":"webfonts#webfont","menu":"https://fonts.gstatic.com/s/chakrapetch/v11/cIf6MapbsEk7TDLdtEz1BwkWmapl.ttf"},{"family":"Changa","version":"v27","lastModified":"2024-09-04","category":"sans-serif","kind":"webfonts#webfont","menu":"https://fonts.gstatic.com/s/changa/v27/2-c79JNi2YuVOUcOarRPgnNGooxCZ62xcjHj8g.ttf"},{"family":"Changa One","version":"v20","lastModified":"2024-09-04","category":"display","kind":"webfonts#webfont","menu":"https://fonts.gstatic.com/s/changaone/v20/xfu00W3wXn3QLUJXhzq42AfivA.ttf"},{"family":"Chango","version":"v27","lastModified":"2024-09-04","category":"display","kind":"webfonts#webfont","menu":"https://fonts.gstatic.com/s/chango/v27/2V0cKI0OB5U7WaJCzne8.ttf"},{"family":"Charis SIL","version":"v2","lastModified":"2024-09-04","category":"serif","kind":"webfonts#webfont","menu":"https://fonts.gstatic.com/s/charissil/v2/oPWK_kV3l-s-Q8govXvKnPvsZg.ttf"},{"family":"Charm","version":"v11","lastModified":"2024-09-04","category":"handwriting","kind":"webfonts#webfont","menu":"https://fonts.gstatic.com/s/charm/v11/7cHmv4oii5K0MdYuK-s.ttf"},{"family":"Charmonman","version":"v18","lastModified":"2024-09-04","category":"handwriting","kind":"webfonts#webfont","menu":"https://fonts.gstatic.com/s/charmonman/v18/MjQDmiR3vP_nuxDv47jiaJCiuA.ttf"},{"family":"Chathura","version":"v21","lastModified":"2024-12-04","category":"sans-serif","kind":"webfonts#webfont","menu":"https://fonts.gstatic.com/s/chathura/v21/_gP71R7-rzUuVjim428hq0Q.ttf"},{"family":"Chau Philomene One","version":"v15","lastModified":"2024-09-04","category":"sans-serif","kind":"webfonts#webfont","menu":"https://fonts.gstatic.com/s/chauphilomeneone/v15/55xxezRsPtfie1vPY49qzdgSlJiHRQFcnYZ_.ttf"},{"family":"Chela One","version":"v21","lastModified":"2024-09-04","category":"display","kind":"webfonts#webfont","menu":"https://fonts.gstatic.com/s/chelaone/v21/6ae-4KC7Uqgdz_JZdPIC3lHS.ttf"},{"family":"Chelsea Market","version":"v13","lastModified":"2024-09-04","category":"display","kind":"webfonts#webfont","menu":"https://fonts.gstatic.com/s/chelseamarket/v13/BCawqZsHqfr89WNP_IApC8tzKChkJgo.ttf"},{"family":"Chenla","version":"v25","lastModified":"2022-09-22","category":"display","kind":"webfonts#webfont","menu":"https://fonts.gstatic.com/s/chenla/v25/SZc43FDpIKu8WZ9uXh3s.ttf"},{"family":"Cherish","version":"v8","lastModified":"2024-09-04","category":"handwriting","kind":"webfonts#webfont","menu":"https://fonts.gstatic.com/s/cherish/v8/ll88K2mXUyqsDsTN1iHIJw.ttf"},{"family":"Cherry Bomb One","version":"v9","lastModified":"2024-08-07","category":"display","kind":"webfonts#webfont","menu":"https://fonts.gstatic.com/s/cherrybombone/v9/y83DW4od1h6KlV3c6JJhRhGOdhr6DdBB.ttf"},{"family":"Cherry Cream Soda","version":"v21","lastModified":"2024-09-04","category":"display","kind":"webfonts#webfont","menu":"https://fonts.gstatic.com/s/cherrycreamsoda/v21/UMBIrOxBrW6w2FFyi9paG0fdVdRciQd7A9o.ttf"},{"family":"Cherry Swash","version":"v20","lastModified":"2024-09-04","category":"display","kind":"webfonts#webfont","menu":"https://fonts.gstatic.com/s/cherryswash/v20/i7dNIFByZjaNAMxtZcnfAy5MQXK6.ttf"},{"family":"Chewy","version":"v18","lastModified":"2024-09-04","category":"display","kind":"webfonts#webfont","menu":"https://fonts.gstatic.com/s/chewy/v18/uK_94ruUb-k-wn5wKjc.ttf"},{"family":"Chicle","version":"v25","lastModified":"2024-09-04","category":"display","kind":"webfonts#webfont","menu":"https://fonts.gstatic.com/s/chicle/v25/lJwG-pw9i2dqU-BzyGiq.ttf"},{"family":"Chilanka","version":"v22","lastModified":"2024-12-04","category":"handwriting","kind":"webfonts#webfont","menu":"https://fonts.gstatic.com/s/chilanka/v22/WWXRlj2DZQiMJYaYRoJRKdU.ttf"},{"family":"Chivo","version":"v18","lastModified":"2024-09-04","category":"sans-serif","kind":"webfonts#webfont","menu":"https://fonts.gstatic.com/s/chivo/v18/va9b4kzIxd1KFppkaRKvDRPJVDf_vB_elmrW.ttf"},{"family":"Chivo Mono","version":"v9","lastModified":"2024-09-04","category":"monospace","kind":"webfonts#webfont","menu":"https://fonts.gstatic.com/s/chivomono/v9/mFThWbgRxKvF_Z5eQMO9qRMrJJrnKNtC3D7hr5fUIJw.ttf"},{"family":"Chocolate Classical Sans","version":"v5","lastModified":"2024-09-04","category":"sans-serif","kind":"webfonts#webfont","menu":"https://fonts.gstatic.com/s/chocolateclassicalsans/v5/nuFqD-PLTZX4XIgT-P2ToCDudWHHflqUpTpfjWdzPYeN.ttf"},{"family":"Chokokutai","version":"v10","lastModified":"2024-08-07","category":"display","kind":"webfonts#webfont","menu":"https://fonts.gstatic.com/s/chokokutai/v10/kmK4Zqw4HwvCeHGM8Fwsxy_4og.ttf"},{"family":"Chonburi","version":"v12","lastModified":"2024-09-04","category":"display","kind":"webfonts#webfont","menu":"https://fonts.gstatic.com/s/chonburi/v12/8AtqGs-wOpGRTBq66LWbHLk.ttf"},{"family":"Cinzel","version":"v23","lastModified":"2024-09-04","category":"serif","kind":"webfonts#webfont","menu":"https://fonts.gstatic.com/s/cinzel/v23/8vIU7ww63mVu7gtR-kwKxNvkNOjw-tbnfYvlCA.ttf"},{"family":"Cinzel Decorative","version":"v17","lastModified":"2024-11-20","category":"display","kind":"webfonts#webfont","menu":"https://fonts.gstatic.com/s/cinzeldecorative/v17/daaCSScvJGqLYhG8nNt8KPPswUAPni7VTMk.ttf"},{"family":"Clicker Script","version":"v13","lastModified":"2024-09-04","category":"handwriting","kind":"webfonts#webfont","menu":"https://fonts.gstatic.com/s/clickerscript/v13/raxkHiKPvt8CMH6ZWP8PdlEq71rZ0T4.ttf"},{"family":"Climate Crisis","version":"v8","lastModified":"2024-09-04","category":"display","kind":"webfonts#webfont","menu":"https://fonts.gstatic.com/s/climatecrisis/v8/wEOpEB3AntNeKCPBVW9XOKlmp3AUgWFN1DvIvcM0gFpKjK8v.ttf"},{"family":"Coda","version":"v21","lastModified":"2024-09-04","category":"display","kind":"webfonts#webfont","menu":"https://fonts.gstatic.com/s/coda/v21/SLXHc1jY5nQ8FUMGbg.ttf"},{"family":"Codystar","version":"v17","lastModified":"2024-09-04","category":"display","kind":"webfonts#webfont","menu":"https://fonts.gstatic.com/s/codystar/v17/FwZY7-Q1xVk-40qxOu6B6Mw.ttf"},{"family":"Coiny","version":"v16","lastModified":"2024-09-04","category":"display","kind":"webfonts#webfont","menu":"https://fonts.gstatic.com/s/coiny/v16/gyByhwU1K989PUwaGFA.ttf"},{"family":"Combo","version":"v21","lastModified":"2024-09-04","category":"display","kind":"webfonts#webfont","menu":"https://fonts.gstatic.com/s/combo/v21/BXRlvF3Jh_fIhj0jDOs.ttf"},{"family":"Comfortaa","version":"v45","lastModified":"2024-09-04","category":"display","kind":"webfonts#webfont","menu":"https://fonts.gstatic.com/s/comfortaa/v45/1Pt_g8LJRfWJmhDAuUsSQamb1W0lwk4S4WjMDrUfJQ.ttf"},{"family":"Comforter","version":"v7","lastModified":"2024-09-04","category":"handwriting","kind":"webfonts#webfont","menu":"https://fonts.gstatic.com/s/comforter/v7/H4clBXOCl8nQnlaql3Qq6Zu4.ttf"},{"family":"Comforter Brush","version":"v7","lastModified":"2024-09-04","category":"handwriting","kind":"webfonts#webfont","menu":"https://fonts.gstatic.com/s/comforterbrush/v7/Y4GTYa1xVSggrfzZI5WMjxRaOz0Twbj5.ttf"},{"family":"Comic Neue","version":"v8","lastModified":"2024-09-04","category":"handwriting","kind":"webfonts#webfont","menu":"https://fonts.gstatic.com/s/comicneue/v8/4UaHrEJDsxBrF37olUeD96zp4g.ttf"},{"family":"Coming Soon","version":"v19","lastModified":"2024-09-04","category":"handwriting","kind":"webfonts#webfont","menu":"https://fonts.gstatic.com/s/comingsoon/v19/qWcuB6mzpYL7AJ2VfdQR1t-TWDw.ttf"},{"family":"Comme","version":"v2","lastModified":"2024-09-04","category":"sans-serif","kind":"webfonts#webfont","menu":"https://fonts.gstatic.com/s/comme/v2/8QIUdirKhMbn-uG1kHz0MgviDe1z5cFb6oQb.ttf"},{"family":"Commissioner","version":"v20","lastModified":"2024-09-04","category":"sans-serif","kind":"webfonts#webfont","menu":"https://fonts.gstatic.com/s/commissioner/v20/tDaH2o2WnlgI0FNDgduEk4jAhwgumbU1SVfU5BD8OuRL8OstC6KOhgvBYWSFJ-Mgdrgiju6fF8meZm0rk4eF-ZugTMNdKPaxEg.ttf"},{"family":"Concert One","version":"v22","lastModified":"2024-09-04","category":"display","kind":"webfonts#webfont","menu":"https://fonts.gstatic.com/s/concertone/v22/VEM1Ro9xs5PjtzCu-srDqSTkjPs.ttf"},{"family":"Condiment","version":"v24","lastModified":"2024-09-04","category":"handwriting","kind":"webfonts#webfont","menu":"https://fonts.gstatic.com/s/condiment/v24/pONk1hggFNmwvXALyH6iqoP8.ttf"},{"family":"Content","version":"v27","lastModified":"2024-12-04","category":"display","kind":"webfonts#webfont","menu":"https://fonts.gstatic.com/s/content/v27/zrfl0HLayePhU_AwYaH4Jg.ttf"},{"family":"Contrail One","version":"v19","lastModified":"2024-09-04","category":"display","kind":"webfonts#webfont","menu":"https://fonts.gstatic.com/s/contrailone/v19/eLGbP-j_JA-kG0_Zo51noaftZEHp.ttf"},{"family":"Convergence","version":"v15","lastModified":"2024-09-04","category":"sans-serif","kind":"webfonts#webfont","menu":"https://fonts.gstatic.com/s/convergence/v15/rax5HiePvdgXPmmMHcIPYShbu0o.ttf"},{"family":"Cookie","version":"v21","lastModified":"2024-09-04","category":"handwriting","kind":"webfonts#webfont","menu":"https://fonts.gstatic.com/s/cookie/v21/syky-y18lb0tSbf9lAqX.ttf"},{"family":"Copse","version":"v15","lastModified":"2024-09-04","category":"serif","kind":"webfonts#webfont","menu":"https://fonts.gstatic.com/s/copse/v15/11hPGpDKz1rGb3diFEw.ttf"},{"family":"Corben","version":"v21","lastModified":"2024-09-04","category":"display","kind":"webfonts#webfont","menu":"https://fonts.gstatic.com/s/corben/v21/LYjDdGzzklQtCMpNoQNA.ttf"},{"family":"Corinthia","version":"v11","lastModified":"2024-09-04","category":"handwriting","kind":"webfonts#webfont","menu":"https://fonts.gstatic.com/s/corinthia/v11/wEO_EBrAnchaJyPMHE01UPoP.ttf"},{"family":"Cormorant","version":"v21","lastModified":"2024-09-04","category":"serif","kind":"webfonts#webfont","menu":"https://fonts.gstatic.com/s/cormorant/v21/H4c2BXOCl9bbnla_nHIA47NMUjsNbCVrFhFTc7Vq6A.ttf"},{"family":"Cormorant Garamond","version":"v16","lastModified":"2024-09-04","category":"serif","kind":"webfonts#webfont","menu":"https://fonts.gstatic.com/s/cormorantgaramond/v16/co3bmX5slCNuHLi8bLeY9MK7whWMhyjYr3tP.ttf"},{"family":"Cormorant Infant","version":"v17","lastModified":"2024-09-04","category":"serif","kind":"webfonts#webfont","menu":"https://fonts.gstatic.com/s/cormorantinfant/v17/HhyPU44g9vKiM1sORYSiWeAsLN997_EV3A.ttf"},{"family":"Cormorant SC","version":"v18","lastModified":"2024-09-04","category":"serif","kind":"webfonts#webfont","menu":"https://fonts.gstatic.com/s/cormorantsc/v18/0yb5GD4kxqXBmOVLG30OGwsurTA0.ttf"},{"family":"Cormorant Unicase","version":"v24","lastModified":"2024-09-04","category":"serif","kind":"webfonts#webfont","menu":"https://fonts.gstatic.com/s/cormorantunicase/v24/HI_QiZUaILtOqhqgDeXoF_n1_fTGX9vSlMc.ttf"},{"family":"Cormorant Upright","version":"v18","lastModified":"2024-09-04","category":"serif","kind":"webfonts#webfont","menu":"https://fonts.gstatic.com/s/cormorantupright/v18/VuJrdM3I2Y35poFONtLdafkUCHw1y1vUhDA.ttf"},{"family":"Courgette","version":"v17","lastModified":"2024-09-04","category":"handwriting","kind":"webfonts#webfont","menu":"https://fonts.gstatic.com/s/courgette/v17/wEO_EBrAnc9BLjLQAUk1UPoP.ttf"},{"family":"Courier Prime","version":"v9","lastModified":"2024-09-04","category":"monospace","kind":"webfonts#webfont","menu":"https://fonts.gstatic.com/s/courierprime/v9/u-450q2lgwslOqpF_6gQ8kELawdpXw.ttf"},{"family":"Cousine","version":"v27","lastModified":"2024-09-04","category":"monospace","kind":"webfonts#webfont","menu":"https://fonts.gstatic.com/s/cousine/v27/d6lIkaiiRdih4SpP_SIvyQ.ttf"},{"family":"Coustard","version":"v16","lastModified":"2024-09-04","category":"serif","kind":"webfonts#webfont","menu":"https://fonts.gstatic.com/s/coustard/v16/3XFpErgg3YsZ5fqUU-UOt2E.ttf"},{"family":"Covered By Your Grace","version":"v16","lastModified":"2024-11-20","category":"handwriting","kind":"webfonts#webfont","menu":"https://fonts.gstatic.com/s/coveredbyyourgrace/v16/QGYwz-AZahWOJJI9kykWW9mD6opopoqXSOSEFwgp.ttf"},{"family":"Crafty Girls","version":"v16","lastModified":"2024-09-04","category":"handwriting","kind":"webfonts#webfont","menu":"https://fonts.gstatic.com/s/craftygirls/v16/va9B4kXI39VaDdlPJo8N_NveQBf_.ttf"},{"family":"Creepster","version":"v13","lastModified":"2024-09-04","category":"display","kind":"webfonts#webfont","menu":"https://fonts.gstatic.com/s/creepster/v13/AlZy_zVUqJz4yMrniH4RdH38.ttf"},{"family":"Crete Round","version":"v15","lastModified":"2024-09-04","category":"serif","kind":"webfonts#webfont","menu":"https://fonts.gstatic.com/s/creteround/v15/55xoey1sJNPjPiv1ZZZrxK190bg.ttf"},{"family":"Crimson Pro","version":"v24","lastModified":"2024-09-04","category":"serif","kind":"webfonts#webfont","menu":"https://fonts.gstatic.com/s/crimsonpro/v24/q5uUsoa5M_tv7IihmnkabC5XiXCAlXGks1WZzm1MOZs7.ttf"},{"family":"Crimson Text","version":"v19","lastModified":"2024-09-04","category":"serif","kind":"webfonts#webfont","menu":"https://fonts.gstatic.com/s/crimsontext/v19/wlp2gwHKFkZgtmSR3NB0oRJfaQhW.ttf"},{"family":"Croissant One","version":"v26","lastModified":"2024-09-04","category":"display","kind":"webfonts#webfont","menu":"https://fonts.gstatic.com/s/croissantone/v26/3y9n6bU9bTPg4m8NDy3Kq24UA3tgmw.ttf"},{"family":"Crushed","version":"v30","lastModified":"2024-11-20","category":"display","kind":"webfonts#webfont","menu":"https://fonts.gstatic.com/s/crushed/v30/U9Mc6dym6WXImTlFf1gVvA.ttf"},{"family":"Cuprum","version":"v25","lastModified":"2024-09-04","category":"sans-serif","kind":"webfonts#webfont","menu":"https://fonts.gstatic.com/s/cuprum/v25/dg45_pLmvrkcOkBnKsOzXyGWTBcmg-X6Vj3YIg.ttf"},{"family":"Cute Font","version":"v27","lastModified":"2024-12-04","category":"display","kind":"webfonts#webfont","menu":"https://fonts.gstatic.com/s/cutefont/v27/Noaw6Uny2oWPbSHMrY6fmZlR.ttf"},{"family":"Cutive","version":"v22","lastModified":"2024-09-04","category":"serif","kind":"webfonts#webfont","menu":"https://fonts.gstatic.com/s/cutive/v22/NaPZcZ_fHOhV3IpLTvJH.ttf"},{"family":"Cutive Mono","version":"v21","lastModified":"2024-09-04","category":"monospace","kind":"webfonts#webfont","menu":"https://fonts.gstatic.com/s/cutivemono/v21/m8JWjfRfY7WVjVi2E-K9H6RETms.ttf"},{"family":"Dai Banna SIL","version":"v2","lastModified":"2024-09-04","category":"serif","kind":"webfonts#webfont","menu":"https://fonts.gstatic.com/s/daibannasil/v2/lW-4wj0AJWmpwGyJ2uEoA4I7vS-KLg.ttf"},{"family":"Damion","version":"v15","lastModified":"2024-09-04","category":"handwriting","kind":"webfonts#webfont","menu":"https://fonts.gstatic.com/s/damion/v15/hv-XlzJ3KEUe_YZkbGwz.ttf"},{"family":"Dancing Script","version":"v25","lastModified":"2024-09-04","category":"handwriting","kind":"webfonts#webfont","menu":"https://fonts.gstatic.com/s/dancingscript/v25/If2cXTr6YS-zF4S-kcSWSVi_sxjsohD9F50Ruu7BMSo3TOp5.ttf"},{"family":"Danfo","version":"v3","lastModified":"2024-09-04","category":"serif","kind":"webfonts#webfont","menu":"https://fonts.gstatic.com/s/danfo/v3/snf3s0u_98t16THfK1Csj3N41ZqbYDeJSrdX.ttf"},{"family":"Dangrek","version":"v31","lastModified":"2024-12-04","category":"display","kind":"webfonts#webfont","menu":"https://fonts.gstatic.com/s/dangrek/v31/LYjCdG30nEgoH8E2sCJgrQ.ttf"},{"family":"Darker Grotesque","version":"v8","lastModified":"2024-09-04","category":"sans-serif","kind":"webfonts#webfont","menu":"https://fonts.gstatic.com/s/darkergrotesque/v8/U9MK6cuh-mLQlC4BKCtayOfARkSVgb381b-W8-QDqXw3qk7z83U.ttf"},{"family":"Darumadrop One","version":"v12","lastModified":"2024-08-07","category":"display","kind":"webfonts#webfont","menu":"https://fonts.gstatic.com/s/darumadropone/v12/cY9cfjeIW11dpCKgRLi675a87LhGDpc.ttf"},{"family":"David Libre","version":"v16","lastModified":"2024-09-04","category":"serif","kind":"webfonts#webfont","menu":"https://fonts.gstatic.com/s/davidlibre/v16/snfus0W_99N64iuYSvp4W8l94Jo.ttf"},{"family":"Dawning of a New Day","version":"v20","lastModified":"2024-09-04","category":"handwriting","kind":"webfonts#webfont","menu":"https://fonts.gstatic.com/s/dawningofanewday/v20/t5t_IQMbOp2SEwuncwLRjMfIg1yYit_nAw8aj2Y.ttf"},{"family":"Days One","version":"v18","lastModified":"2024-09-04","category":"sans-serif","kind":"webfonts#webfont","menu":"https://fonts.gstatic.com/s/daysone/v18/mem9YaCnxnKRiYZOCIYUcr0.ttf"},{"family":"Dekko","version":"v21","lastModified":"2024-08-12","category":"handwriting","kind":"webfonts#webfont","menu":"https://fonts.gstatic.com/s/dekko/v21/46khlb_wWjfSrutETU8.ttf"},{"family":"Dela Gothic One","version":"v17","lastModified":"2024-12-04","category":"display","kind":"webfonts#webfont","menu":"https://fonts.gstatic.com/s/delagothicone/v17/hESp6XxvMDRA-2eD0lXpDa6QkBA2REEN.ttf"},{"family":"Delicious Handrawn","version":"v8","lastModified":"2024-09-04","category":"handwriting","kind":"webfonts#webfont","menu":"https://fonts.gstatic.com/s/delicioushandrawn/v8/wlpsgx_NAUNkpmKQifcxkQchDFo3fJ1F3ZBH.ttf"},{"family":"Delius","version":"v19","lastModified":"2024-09-04","category":"handwriting","kind":"webfonts#webfont","menu":"https://fonts.gstatic.com/s/delius/v19/PN_xRfK0pW_9e1rdYMg6.ttf"},{"family":"Delius Swash Caps","version":"v23","lastModified":"2024-09-04","category":"handwriting","kind":"webfonts#webfont","menu":"https://fonts.gstatic.com/s/deliusswashcaps/v23/oY1E8fPLr7v4JWCExZpWebxVKORpXUecIGM.ttf"},{"family":"Delius Unicase","version":"v28","lastModified":"2024-09-04","category":"handwriting","kind":"webfonts#webfont","menu":"https://fonts.gstatic.com/s/deliusunicase/v28/845BNMEwEIOVT8BmgfSzIr_6mlLGfeo.ttf"},{"family":"Della Respira","version":"v22","lastModified":"2024-09-04","category":"serif","kind":"webfonts#webfont","menu":"https://fonts.gstatic.com/s/dellarespira/v22/RLp5K5v44KaueWI6iEJQBiGPdfgYvw.ttf"},{"family":"Denk One","version":"v19","lastModified":"2024-09-04","category":"sans-serif","kind":"webfonts#webfont","menu":"https://fonts.gstatic.com/s/denkone/v19/dg4m_pzhrqcFb2IzRNtGr7w.ttf"},{"family":"Devonshire","version":"v27","lastModified":"2024-09-04","category":"handwriting","kind":"webfonts#webfont","menu":"https://fonts.gstatic.com/s/devonshire/v27/46kqlbDwWirWr4gtBD2Bb0Rg1w.ttf"},{"family":"Dhurjati","version":"v25","lastModified":"2024-12-04","category":"sans-serif","kind":"webfonts#webfont","menu":"https://fonts.gstatic.com/s/dhurjati/v25/_6_8ED3gSeatXfFiFU3zQqA.ttf"},{"family":"Didact Gothic","version":"v20","lastModified":"2024-09-04","category":"sans-serif","kind":"webfonts#webfont","menu":"https://fonts.gstatic.com/s/didactgothic/v20/ahcfv8qz1zt6hCC5G4F_P4ASlU2Yow.ttf"},{"family":"Diphylleia","version":"v1","lastModified":"2024-09-04","category":"serif","kind":"webfonts#webfont","menu":"https://fonts.gstatic.com/s/diphylleia/v1/DtVmJxCtRKMixK4_HXsIil0s7g.ttf"},{"family":"Diplomata","version":"v31","lastModified":"2024-09-04","category":"display","kind":"webfonts#webfont","menu":"https://fonts.gstatic.com/s/diplomata/v31/Cn-0JtiMXwhNwp-wKxyvYWZc.ttf"},{"family":"Diplomata SC","version":"v28","lastModified":"2024-09-04","category":"display","kind":"webfonts#webfont","menu":"https://fonts.gstatic.com/s/diplomatasc/v28/buExpoi3ecvs3kidKgBJo2kv-fRK.ttf"},{"family":"DM Mono","version":"v14","lastModified":"2024-09-04","category":"monospace","kind":"webfonts#webfont","menu":"https://fonts.gstatic.com/s/dmmono/v14/aFTU7PB1QTsUX8KYthyQAQ.ttf"},{"family":"DM Sans","version":"v15","lastModified":"2024-09-04","category":"sans-serif","kind":"webfonts#webfont","menu":"https://fonts.gstatic.com/s/dmsans/v15/rP2tp2ywxg089UriI5-g4vlH9VoD8CmcqZG40F9JadbnoEwAopxRT23z.ttf"},{"family":"DM Serif Display","version":"v15","lastModified":"2024-09-04","category":"serif","kind":"webfonts#webfont","menu":"https://fonts.gstatic.com/s/dmserifdisplay/v15/-nFnOHM81r4j6k0gjAW3mujVU2B2G_Zx1w.ttf"},{"family":"DM Serif Text","version":"v12","lastModified":"2024-09-04","category":"serif","kind":"webfonts#webfont","menu":"https://fonts.gstatic.com/s/dmseriftext/v12/rnCu-xZa_krGokauCeNq1wWyWfKFWA.ttf"},{"family":"Do Hyeon","version":"v19","lastModified":"2024-08-12","category":"sans-serif","kind":"webfonts#webfont","menu":"https://fonts.gstatic.com/s/dohyeon/v19/TwMN-I8CRRU2zM86HGE2bQI.ttf"},{"family":"Dokdo","version":"v22","lastModified":"2024-12-04","category":"display","kind":"webfonts#webfont","menu":"https://fonts.gstatic.com/s/dokdo/v22/esDf315XNuCBLyLp6tI.ttf"},{"family":"Domine","version":"v23","lastModified":"2024-09-04","category":"serif","kind":"webfonts#webfont","menu":"https://fonts.gstatic.com/s/domine/v23/L0xhDFMnlVwD4h3Lt9JWnbX3jG-2X3LAE1wfFg.ttf"},{"family":"Donegal One","version":"v21","lastModified":"2024-09-04","category":"serif","kind":"webfonts#webfont","menu":"https://fonts.gstatic.com/s/donegalone/v21/m8JWjfRYea-ZnFz6fsK9FaRETms.ttf"},{"family":"Dongle","version":"v15","lastModified":"2024-11-20","category":"sans-serif","kind":"webfonts#webfont","menu":"https://fonts.gstatic.com/s/dongle/v15/sJoF3Ltdjt6VPkqWvO5L.ttf"},{"family":"Doppio One","version":"v13","lastModified":"2024-09-04","category":"sans-serif","kind":"webfonts#webfont","menu":"https://fonts.gstatic.com/s/doppioone/v13/Gg8wN5gSaBfyBw2MqCh-pgorLA.ttf"},{"family":"Dorsa","version":"v27","lastModified":"2024-09-04","category":"sans-serif","kind":"webfonts#webfont","menu":"https://fonts.gstatic.com/s/dorsa/v27/yYLn0hjd0OGwqr4813Q.ttf"},{"family":"Dosis","version":"v32","lastModified":"2024-09-04","category":"sans-serif","kind":"webfonts#webfont","menu":"https://fonts.gstatic.com/s/dosis/v32/HhyJU5sn9vOmLxNkIwRSjTVNWLEJN7Ml3RMB.ttf"},{"family":"DotGothic16","version":"v19","lastModified":"2024-12-04","category":"sans-serif","kind":"webfonts#webfont","menu":"https://fonts.gstatic.com/s/dotgothic16/v19/v6-QGYjBJFKgyw5nSoDAGH7K6Xo.ttf"},{"family":"Doto","version":"v1","lastModified":"2024-11-07","category":"sans-serif","kind":"webfonts#webfont","menu":"https://fonts.gstatic.com/s/doto/v1/t5tJIRMbNJ6TQG7Il_EKPqP9zTnvqqGNcuvLMt1JIphFOOKuzk-W.ttf"},{"family":"Dr Sugiyama","version":"v28","lastModified":"2024-09-04","category":"handwriting","kind":"webfonts#webfont","menu":"https://fonts.gstatic.com/s/drsugiyama/v28/HTxoL2k4N3O9n5I1boGI7ZbQOYs.ttf"},{"family":"Duru Sans","version":"v20","lastModified":"2024-09-04","category":"sans-serif","kind":"webfonts#webfont","menu":"https://fonts.gstatic.com/s/durusans/v20/xn7iYH8xwmSyTvEV_HOBTv3c.ttf"},{"family":"Dynalight","version":"v22","lastModified":"2024-09-04","category":"display","kind":"webfonts#webfont","menu":"https://fonts.gstatic.com/s/dynalight/v22/1Ptsg8LOU_aOmQvTsF44S4Fv.ttf"},{"family":"DynaPuff","version":"v4","lastModified":"2024-09-04","category":"display","kind":"webfonts#webfont","menu":"https://fonts.gstatic.com/s/dynapuff/v4/z7N5dRvsZDIVHbYPMhZJ3HQ83UaSu4uhr7-ZFeoYkgAr1x8RSxYu2YnhTQ.ttf"},{"family":"Eagle Lake","version":"v24","lastModified":"2024-09-04","category":"handwriting","kind":"webfonts#webfont","menu":"https://fonts.gstatic.com/s/eaglelake/v24/ptRMTiqbbuNJDOiKj9wG1O_4LQ.ttf"},{"family":"East Sea Dokdo","version":"v25","lastModified":"2024-11-20","category":"handwriting","kind":"webfonts#webfont","menu":"https://fonts.gstatic.com/s/eastseadokdo/v25/xfuo0Wn2V2_KanASqXSZp22m06_bE68.ttf"},{"family":"Eater","version":"v25","lastModified":"2024-09-04","category":"display","kind":"webfonts#webfont","menu":"https://fonts.gstatic.com/s/eater/v25/mtG04_FCK7bOvqu3sXU.ttf"},{"family":"EB Garamond","version":"v30","lastModified":"2024-09-30","category":"serif","kind":"webfonts#webfont","menu":"https://fonts.gstatic.com/s/ebgaramond/v30/SlGDmQSNjdsmc35JDF1K5E55YMjF_7DPuGi-6_RkAo96.ttf"},{"family":"Economica","version":"v15","lastModified":"2024-09-04","category":"sans-serif","kind":"webfonts#webfont","menu":"https://fonts.gstatic.com/s/economica/v15/Qw3fZQZaHCLgIWa29ZBbMMIE.ttf"},{"family":"Eczar","version":"v22","lastModified":"2024-09-04","category":"serif","kind":"webfonts#webfont","menu":"https://fonts.gstatic.com/s/eczar/v22/BXR2vF3Pi-DLmxcpJB-qbNTyTMDXHd6mqDgR.ttf"},{"family":"Edu AU VIC WA NT Arrows","version":"v1","lastModified":"2024-11-20","category":"handwriting","kind":"webfonts#webfont","menu":"https://fonts.gstatic.com/s/eduauvicwantarrows/v1/z7N7dQTteSlUDJZJAmUB9MuVbLPBjsrTFZLUbdjnSmlATbEWXt5tAcvRTDM5.ttf"},{"family":"Edu AU VIC WA NT Dots","version":"v1","lastModified":"2024-09-23","category":"handwriting","kind":"webfonts#webfont","menu":"https://fonts.gstatic.com/s/eduauvicwantdots/v1/S6uQw5FFVDKI3kwwDUbsPHCpzZNhzrA3or3_B4dZ6MmTX8QNLvtYItiZ3Q.ttf"},{"family":"Edu AU VIC WA NT Guides","version":"v1","lastModified":"2024-09-23","category":"handwriting","kind":"webfonts#webfont","menu":"https://fonts.gstatic.com/s/eduauvicwantguides/v1/TuG-UUJ4V48KZ9Nr3ZV46JQkJxtkFIKnvy00LCZuAcLMeb8FnyPdK1Zqz4tw.ttf"},{"family":"Edu AU VIC WA NT Hand","version":"v1","lastModified":"2024-09-04","category":"handwriting","kind":"webfonts#webfont","menu":"https://fonts.gstatic.com/s/eduauvicwanthand/v1/C8cO4dY1tX2x0uuiUHFS4y7ERV-jfqJ6x063HfvcsxiYKifhtCJ1pKpPaQ.ttf"},{"family":"Edu AU VIC WA NT Pre","version":"v1","lastModified":"2024-11-07","category":"handwriting","kind":"webfonts#webfont","menu":"https://fonts.gstatic.com/s/eduauvicwantpre/v1/f0Xc0fWk-t0rbG8Ycr-t55aG0elTWbFeXaYI98CnuNLeosIyJmkArqkl.ttf"},{"family":"Edu NSW ACT Foundation","version":"v2","lastModified":"2024-08-12","category":"handwriting","kind":"webfonts#webfont","menu":"https://fonts.gstatic.com/s/edunswactfoundation/v2/raxRHjqJtsNBFUi8WO0vUBgc9D-2lV_oQdCAYlt_QTQ0vUxJki9tosGKcis.ttf"},{"family":"Edu QLD Beginner","version":"v3","lastModified":"2024-08-12","category":"handwriting","kind":"webfonts#webfont","menu":"https://fonts.gstatic.com/s/eduqldbeginner/v3/AMOHz5iUuHLEMNXyohhc_Y56PR3A8dNLF_w3Ka4HKE4E3reaga8.ttf"},{"family":"Edu SA Beginner","version":"v3","lastModified":"2024-08-12","category":"handwriting","kind":"webfonts#webfont","menu":"https://fonts.gstatic.com/s/edusabeginner/v3/rnC_-xRb1x-1lHXnLaZZ2xOoLIGfU3L82irpr_3C9989Tox4Aw.ttf"},{"family":"Edu TAS Beginner","version":"v3","lastModified":"2024-08-12","category":"handwriting","kind":"webfonts#webfont","menu":"https://fonts.gstatic.com/s/edutasbeginner/v3/ZXuwe04WubHfGVY-1TcNg7AFUmshg8jIUTzK3r34f_HwelkqD2A.ttf"},{"family":"Edu VIC WA NT Beginner","version":"v4","lastModified":"2024-08-12","category":"handwriting","kind":"webfonts#webfont","menu":"https://fonts.gstatic.com/s/eduvicwantbeginner/v4/jiz2RF1BuW9OwcnNPxLl4KfZCHd9nFtd5Tu7stCpElYpvPfZZ-OXlMmEVQ0.ttf"},{"family":"El Messiri","version":"v22","lastModified":"2024-09-04","category":"sans-serif","kind":"webfonts#webfont","menu":"https://fonts.gstatic.com/s/elmessiri/v22/K2FhfZBRmr9vQ1pHEey6GIGo8_pv3myYjuXwe55hjDk.ttf"},{"family":"Electrolize","version":"v18","lastModified":"2024-09-04","category":"sans-serif","kind":"webfonts#webfont","menu":"https://fonts.gstatic.com/s/electrolize/v18/cIf5Ma1dtE0zSiGSiED7AXEHuIo.ttf"},{"family":"Elsie","version":"v24","lastModified":"2024-09-04","category":"display","kind":"webfonts#webfont","menu":"https://fonts.gstatic.com/s/elsie/v24/BCanqZABrez54xYv_M0.ttf"},{"family":"Elsie Swash Caps","version":"v24","lastModified":"2024-09-04","category":"display","kind":"webfonts#webfont","menu":"https://fonts.gstatic.com/s/elsieswashcaps/v24/845DNN8xGZyVX5MVo_upKf7KnjK0TevfLA.ttf"},{"family":"Emblema One","version":"v21","lastModified":"2024-09-04","category":"display","kind":"webfonts#webfont","menu":"https://fonts.gstatic.com/s/emblemaone/v21/nKKT-GQ0F5dSY8vzG0rOELRAFFo.ttf"},{"family":"Emilys Candy","version":"v19","lastModified":"2024-09-04","category":"display","kind":"webfonts#webfont","menu":"https://fonts.gstatic.com/s/emilyscandy/v19/2EbgL-1mD1Rnb0OGKudbk0yJrtZv.ttf"},{"family":"Encode Sans","version":"v19","lastModified":"2024-09-04","category":"sans-serif","kind":"webfonts#webfont","menu":"https://fonts.gstatic.com/s/encodesans/v19/LDIcapOFNxEwR-Bd1O9uYNmnUQomAgE25imKSbHhROjLsZBWTSrQGGHjVtSF6A.ttf"},{"family":"Encode Sans Condensed","version":"v10","lastModified":"2024-09-04","category":"sans-serif","kind":"webfonts#webfont","menu":"https://fonts.gstatic.com/s/encodesanscondensed/v10/j8_16_LD37rqfuwxyIuaZhE6cRXOLtm2gfT2gK-J.ttf"},{"family":"Encode Sans Expanded","version":"v11","lastModified":"2024-09-04","category":"sans-serif","kind":"webfonts#webfont","menu":"https://fonts.gstatic.com/s/encodesansexpanded/v11/c4m_1mF4GcnstG_Jh1QH6ac4hNLeNyeYUpojKQM.ttf"},{"family":"Encode Sans SC","version":"v9","lastModified":"2024-09-04","category":"sans-serif","kind":"webfonts#webfont","menu":"https://fonts.gstatic.com/s/encodesanssc/v9/jVyp7nLwCGzQ9zE7ZyRg0QRXHPZc_uUA6Kb3VJWLE_Pdtm7lcD6qvXT1HHhmwc5HPA.ttf"},{"family":"Encode Sans Semi Condensed","version":"v10","lastModified":"2024-09-04","category":"sans-serif","kind":"webfonts#webfont","menu":"https://fonts.gstatic.com/s/encodesanssemicondensed/v10/3qT4oiKqnDuUtQUEHMoXcmspmy55SFWrXFRp9FTOG1yQ9ME.ttf"},{"family":"Encode Sans Semi Expanded","version":"v19","lastModified":"2024-09-04","category":"sans-serif","kind":"webfonts#webfont","menu":"https://fonts.gstatic.com/s/encodesanssemiexpanded/v19/ke83OhAPMEZs-BDuzwftTNJ85JvwMOzE9d9Cca5TO4s1Kw.ttf"},{"family":"Engagement","version":"v27","lastModified":"2024-11-20","category":"handwriting","kind":"webfonts#webfont","menu":"https://fonts.gstatic.com/s/engagement/v27/x3dlckLDZbqa7RUs9MFVbNsmtw.ttf"},{"family":"Englebert","version":"v21","lastModified":"2024-09-04","category":"sans-serif","kind":"webfonts#webfont","menu":"https://fonts.gstatic.com/s/englebert/v21/xn7iYH8w2XGrC8AR4HSBTv3c.ttf"},{"family":"Enriqueta","version":"v17","lastModified":"2024-09-04","category":"serif","kind":"webfonts#webfont","menu":"https://fonts.gstatic.com/s/enriqueta/v17/goksH6L7AUFrRvV44HVjSkqn.ttf"},{"family":"Ephesis","version":"v9","lastModified":"2024-09-04","category":"handwriting","kind":"webfonts#webfont","menu":"https://fonts.gstatic.com/s/ephesis/v9/uU9PCBUS8IerL2VG3xLR2g.ttf"},{"family":"Epilogue","version":"v17","lastModified":"2024-09-04","category":"sans-serif","kind":"webfonts#webfont","menu":"https://fonts.gstatic.com/s/epilogue/v17/O4ZMFGj5hxF0EhjimngomvnCCtqb30OXMDPSDZ_R.ttf"},{"family":"Erica One","version":"v27","lastModified":"2024-09-04","category":"display","kind":"webfonts#webfont","menu":"https://fonts.gstatic.com/s/ericaone/v27/WBLnrEXccV9VGrOKmGDFWkXI.ttf"},{"family":"Esteban","version":"v15","lastModified":"2024-09-04","category":"serif","kind":"webfonts#webfont","menu":"https://fonts.gstatic.com/s/esteban/v15/r05bGLZE-bdGdN-GROqJ4g.ttf"},{"family":"Estonia","version":"v11","lastModified":"2024-09-04","category":"handwriting","kind":"webfonts#webfont","menu":"https://fonts.gstatic.com/s/estonia/v11/7Au_p_4ijSecA1yHOCP2yg.ttf"},{"family":"Euphoria Script","version":"v20","lastModified":"2024-09-04","category":"handwriting","kind":"webfonts#webfont","menu":"https://fonts.gstatic.com/s/euphoriascript/v20/mFTpWb0X2bLb_cx6To2B8GpKoD5qkvxX.ttf"},{"family":"Ewert","version":"v25","lastModified":"2024-09-04","category":"display","kind":"webfonts#webfont","menu":"https://fonts.gstatic.com/s/ewert/v25/va9I4kzO2tFODbBuQeY.ttf"},{"family":"Exo","version":"v21","lastModified":"2024-09-04","category":"sans-serif","kind":"webfonts#webfont","menu":"https://fonts.gstatic.com/s/exo/v21/4UaZrEtFpBI4f1ZSIK9d4LjJ4lM3OwJmPg.ttf"},{"family":"Exo 2","version":"v24","lastModified":"2024-11-07","category":"sans-serif","kind":"webfonts#webfont","menu":"https://fonts.gstatic.com/s/exo2/v24/7cH1v4okm5zmbvwkAx_sfcEuiD8jvvKsP9C6.ttf"},{"family":"Expletus Sans","version":"v29","lastModified":"2024-09-04","category":"display","kind":"webfonts#webfont","menu":"https://fonts.gstatic.com/s/expletussans/v29/RLpqK5v5_bqufTYdnhFzDj2dX_IwS3my73zcDaSY2v1pHwA.ttf"},{"family":"Explora","version":"v9","lastModified":"2024-09-04","category":"handwriting","kind":"webfonts#webfont","menu":"https://fonts.gstatic.com/s/explora/v9/tsstApxFfjUH4wrvQ1uFpg.ttf"},{"family":"Faculty Glyphic","version":"v4","lastModified":"2024-12-04","category":"sans-serif","kind":"webfonts#webfont","menu":"https://fonts.gstatic.com/s/facultyglyphic/v4/RrQIbot2-iBvI2mYSyKIrcgoBuQ4Gu2B.ttf"},{"family":"Fahkwang","version":"v16","lastModified":"2024-09-04","category":"sans-serif","kind":"webfonts#webfont","menu":"https://fonts.gstatic.com/s/fahkwang/v16/Noax6Uj3zpmBOgbNpOqOuLk.ttf"},{"family":"Familjen Grotesk","version":"v8","lastModified":"2024-09-04","category":"sans-serif","kind":"webfonts#webfont","menu":"https://fonts.gstatic.com/s/familjengrotesk/v8/Qw3LZR9ZHiDnImG6-NEMQ41wby8WRnYsfkunR_eGfMGJaRzseVw.ttf"},{"family":"Fanwood Text","version":"v16","lastModified":"2024-11-20","category":"serif","kind":"webfonts#webfont","menu":"https://fonts.gstatic.com/s/fanwoodtext/v16/3XFtErwl05Ad_vSCF6Fq7xX2RNzc.ttf"},{"family":"Farro","version":"v14","lastModified":"2024-09-04","category":"sans-serif","kind":"webfonts#webfont","menu":"https://fonts.gstatic.com/s/farro/v14/i7dEIFl3byGNHaVMFr4.ttf"},{"family":"Farsan","version":"v22","lastModified":"2024-09-04","category":"display","kind":"webfonts#webfont","menu":"https://fonts.gstatic.com/s/farsan/v22/VEMwRoJ0vY_zsyzK26Wt.ttf"},{"family":"Fascinate","version":"v22","lastModified":"2024-11-20","category":"display","kind":"webfonts#webfont","menu":"https://fonts.gstatic.com/s/fascinate/v22/z7NWdRrufC8XJK0IIElS1bzU.ttf"},{"family":"Fascinate Inline","version":"v23","lastModified":"2024-11-20","category":"display","kind":"webfonts#webfont","menu":"https://fonts.gstatic.com/s/fascinateinline/v23/jVyR7mzzB3zc-jp6QCAu60poNqIy5gzIeQ.ttf"},{"family":"Faster One","version":"v19","lastModified":"2024-09-04","category":"display","kind":"webfonts#webfont","menu":"https://fonts.gstatic.com/s/fasterone/v19/H4ciBXCHmdfClFb-vWhf-LqYgg.ttf"},{"family":"Fasthand","version":"v31","lastModified":"2024-10-29","category":"display","kind":"webfonts#webfont","menu":"https://fonts.gstatic.com/s/fasthand/v31/0yb9GDohyKTYn_ZEERkvaEg.ttf"},{"family":"Fauna One","version":"v15","lastModified":"2024-09-04","category":"serif","kind":"webfonts#webfont","menu":"https://fonts.gstatic.com/s/faunaone/v15/wlpzgwTPBVpjpCuwkuEB2EZP.ttf"},{"family":"Faustina","version":"v20","lastModified":"2024-09-04","category":"serif","kind":"webfonts#webfont","menu":"https://fonts.gstatic.com/s/faustina/v20/XLY4IZPxYpJfTbZAFXWzNT2SO8wpWHlsgoEfGF-S.ttf"},{"family":"Federant","version":"v29","lastModified":"2024-09-04","category":"display","kind":"webfonts#webfont","menu":"https://fonts.gstatic.com/s/federant/v29/2sDdZGNfip_eirT0_X0iT0U.ttf"},{"family":"Federo","version":"v19","lastModified":"2024-09-04","category":"sans-serif","kind":"webfonts#webfont","menu":"https://fonts.gstatic.com/s/federo/v19/iJWFBX-cbD_ETsbWjFma.ttf"},{"family":"Felipa","version":"v25","lastModified":"2024-09-04","category":"handwriting","kind":"webfonts#webfont","menu":"https://fonts.gstatic.com/s/felipa/v25/FwZa7-owz1Eu4F_ASd6A.ttf"},{"family":"Fenix","version":"v20","lastModified":"2024-09-04","category":"serif","kind":"webfonts#webfont","menu":"https://fonts.gstatic.com/s/fenix/v20/XoHo2YL_S7-g5rssITQ.ttf"},{"family":"Festive","version":"v9","lastModified":"2024-09-04","category":"handwriting","kind":"webfonts#webfont","menu":"https://fonts.gstatic.com/s/festive/v9/cY9Ffj6KX1xcoDWhJtbqzw.ttf"},{"family":"Figtree","version":"v6","lastModified":"2024-09-30","category":"sans-serif","kind":"webfonts#webfont","menu":"https://fonts.gstatic.com/s/figtree/v6/_Xmz-HUzqDCFdgfMsYiV_F7wfS-Bs_d_QG5fyEU.ttf"},{"family":"Finger Paint","version":"v19","lastModified":"2024-09-04","category":"display","kind":"webfonts#webfont","menu":"https://fonts.gstatic.com/s/fingerpaint/v19/0QInMXVJ-o-oRn_7dron8YW-8pzW.ttf"},{"family":"Finlandica","version":"v8","lastModified":"2024-09-04","category":"sans-serif","kind":"webfonts#webfont","menu":"https://fonts.gstatic.com/s/finlandica/v8/-nFsOGk-8vAc7lEtg0aSyZCty9GSsPBE19A7rHjw_Co.ttf"},{"family":"Fira Code","version":"v22","lastModified":"2024-09-04","category":"monospace","kind":"webfonts#webfont","menu":"https://fonts.gstatic.com/s/firacode/v22/uU9eCBsR6Z2vfE9aq3bL0fxyUs4tcw4W_D1sJVb7Mw.ttf"},{"family":"Fira Mono","version":"v14","lastModified":"2024-09-04","category":"monospace","kind":"webfonts#webfont","menu":"https://fonts.gstatic.com/s/firamono/v14/N0bX2SlFPv1weGeLZDtgIP7X.ttf"},{"family":"Fira Sans","version":"v17","lastModified":"2024-09-04","category":"sans-serif","kind":"webfonts#webfont","menu":"https://fonts.gstatic.com/s/firasans/v17/va9E4kDNxMZdWfMOD5VvkYjO.ttf"},{"family":"Fira Sans Condensed","version":"v10","lastModified":"2024-09-04","category":"sans-serif","kind":"webfonts#webfont","menu":"https://fonts.gstatic.com/s/firasanscondensed/v10/wEOhEADFm8hSaQTFG18FErVhsC9x-tarUfDtqA.ttf"},{"family":"Fira Sans Extra Condensed","version":"v10","lastModified":"2024-09-04","category":"sans-serif","kind":"webfonts#webfont","menu":"https://fonts.gstatic.com/s/firasansextracondensed/v10/NaPKcYDaAO5dirw6IaFn7lPJFqXmS-M9Atn3wgda1fmuvw.ttf"},{"family":"Fjalla One","version":"v15","lastModified":"2024-09-04","category":"sans-serif","kind":"webfonts#webfont","menu":"https://fonts.gstatic.com/s/fjallaone/v15/Yq6R-LCAWCX3-6Ky7FAFrOd6lw.ttf"},{"family":"Fjord One","version":"v21","lastModified":"2024-09-04","category":"serif","kind":"webfonts#webfont","menu":"https://fonts.gstatic.com/s/fjordone/v21/zOL-4pbEnKBY_9S1jNKb6ORE.ttf"},{"family":"Flamenco","version":"v18","lastModified":"2024-09-04","category":"display","kind":"webfonts#webfont","menu":"https://fonts.gstatic.com/s/flamenco/v18/neIIzCehqYguo67ssZWHFqk.ttf"},{"family":"Flavors","version":"v26","lastModified":"2024-09-04","category":"display","kind":"webfonts#webfont","menu":"https://fonts.gstatic.com/s/flavors/v26/FBV2dDrhxqmveJTpXk3vMg.ttf"},{"family":"Fleur De Leah","version":"v9","lastModified":"2024-09-04","category":"handwriting","kind":"webfonts#webfont","menu":"https://fonts.gstatic.com/s/fleurdeleah/v9/AYCNpXX7ftYZWLhv9UmPJTMC1ven5A.ttf"},{"family":"Flow Block","version":"v11","lastModified":"2024-09-04","category":"display","kind":"webfonts#webfont","menu":"https://fonts.gstatic.com/s/flowblock/v11/wlp0gwfPCEB65UmTk-d6yWdvaA.ttf"},{"family":"Flow Circular","version":"v11","lastModified":"2024-09-04","category":"display","kind":"webfonts#webfont","menu":"https://fonts.gstatic.com/s/flowcircular/v11/lJwB-pc4j2F-H8YKuyvfxdZ41ibjXQ.ttf"},{"family":"Flow Rounded","version":"v11","lastModified":"2024-09-04","category":"display","kind":"webfonts#webfont","menu":"https://fonts.gstatic.com/s/flowrounded/v11/-zki91mtwsU9qlLiGwD4oQXHoJ_6.ttf"},{"family":"Foldit","version":"v5","lastModified":"2024-09-04","category":"display","kind":"webfonts#webfont","menu":"https://fonts.gstatic.com/s/foldit/v5/aFTI7PF3Y3c9WdjNrRVE0Rk2b7j8XpAMqateZA.ttf"},{"family":"Fondamento","version":"v20","lastModified":"2024-09-04","category":"handwriting","kind":"webfonts#webfont","menu":"https://fonts.gstatic.com/s/fondamento/v20/4UaHrEJGsxNmFTPDnkaJ96zp4g.ttf"},{"family":"Fontdiner Swanky","version":"v23","lastModified":"2024-09-04","category":"display","kind":"webfonts#webfont","menu":"https://fonts.gstatic.com/s/fontdinerswanky/v23/ijwOs4XgRNsiaI5-hcVb4hQgMvCD0uAVLg.ttf"},{"family":"Forum","version":"v18","lastModified":"2024-09-04","category":"display","kind":"webfonts#webfont","menu":"https://fonts.gstatic.com/s/forum/v18/6aey4Ky-Vb8Ew8IXOpc.ttf"},{"family":"Fragment Mono","version":"v4","lastModified":"2024-09-04","category":"monospace","kind":"webfonts#webfont","menu":"https://fonts.gstatic.com/s/fragmentmono/v4/4iCr6K5wfMRRjxp0DA6-2CLnB4VHgw.ttf"},{"family":"Francois One","version":"v21","lastModified":"2024-09-04","category":"sans-serif","kind":"webfonts#webfont","menu":"https://fonts.gstatic.com/s/francoisone/v21/_Xmr-H4zszafZw3A-KPSZut9xwiU.ttf"},{"family":"Frank Ruhl Libre","version":"v21","lastModified":"2024-09-04","category":"serif","kind":"webfonts#webfont","menu":"https://fonts.gstatic.com/s/frankruhllibre/v21/j8_96_fAw7jrcalD7oKYNX0QfAnPcbzNEEB7OoicBw7FYWqRNRA.ttf"},{"family":"Fraunces","version":"v31","lastModified":"2024-09-04","category":"serif","kind":"webfonts#webfont","menu":"https://fonts.gstatic.com/s/fraunces/v31/6NUh8FyLNQOQZAnv9bYEvDiIdE9Ea92uemAk_WBq8U_9v0c2Wa0K7iN7hzFUPJH58nib1603gg7S2nfgRYIctxuTD_7W.ttf"},{"family":"Freckle Face","version":"v15","lastModified":"2024-09-04","category":"display","kind":"webfonts#webfont","menu":"https://fonts.gstatic.com/s/freckleface/v15/AMOWz4SXrmKHCvXTohxY-YIEUliy.ttf"},{"family":"Fredericka the Great","version":"v21","lastModified":"2024-09-04","category":"display","kind":"webfonts#webfont","menu":"https://fonts.gstatic.com/s/frederickathegreat/v21/9Bt33CxNwt7aOctW2xjbCstzwVKsIBVV--SlxbI.ttf"},{"family":"Fredoka","version":"v14","lastModified":"2024-09-04","category":"sans-serif","kind":"webfonts#webfont","menu":"https://fonts.gstatic.com/s/fredoka/v14/X7nP4b87HvSqjb_WIi2yDCRwoQ_k7367_B-i2yQag0-mac3O8SL8F-mP.ttf"},{"family":"Freehand","version":"v32","lastModified":"2024-12-04","category":"display","kind":"webfonts#webfont","menu":"https://fonts.gstatic.com/s/freehand/v32/cIf-Ma5eqk01VjKTgDmARGE.ttf"},{"family":"Freeman","version":"v1","lastModified":"2024-09-04","category":"display","kind":"webfonts#webfont","menu":"https://fonts.gstatic.com/s/freeman/v1/S6u9w4NGQiLN8nh-Sw6PHA.ttf"},{"family":"Fresca","version":"v22","lastModified":"2024-09-04","category":"sans-serif","kind":"webfonts#webfont","menu":"https://fonts.gstatic.com/s/fresca/v22/6ae94K--SKgCzbMGG7cS.ttf"},{"family":"Frijole","version":"v14","lastModified":"2024-09-04","category":"display","kind":"webfonts#webfont","menu":"https://fonts.gstatic.com/s/frijole/v14/uU9PCBUR8oakM2BQ3xLR2g.ttf"},{"family":"Fruktur","version":"v27","lastModified":"2024-09-04","category":"display","kind":"webfonts#webfont","menu":"https://fonts.gstatic.com/s/fruktur/v27/SZc53FHsOru5QYsMTzzMlQ.ttf"},{"family":"Fugaz One","version":"v19","lastModified":"2024-09-04","category":"display","kind":"webfonts#webfont","menu":"https://fonts.gstatic.com/s/fugazone/v19/rax_HiWKp9EAITukFsl8BRha.ttf"},{"family":"Fuggles","version":"v12","lastModified":"2024-09-04","category":"handwriting","kind":"webfonts#webfont","menu":"https://fonts.gstatic.com/s/fuggles/v12/k3kQo8UEJOlD1hpOfd_oKw.ttf"},{"family":"Funnel Display","version":"v1","lastModified":"2024-11-07","category":"display","kind":"webfonts#webfont","menu":"https://fonts.gstatic.com/s/funneldisplay/v1/B50bF7FGv37QNVWgE0ga--4PbZSRJXrOHcLHLoAYmmPnWc90.ttf"},{"family":"Funnel Sans","version":"v1","lastModified":"2024-11-07","category":"sans-serif","kind":"webfonts#webfont","menu":"https://fonts.gstatic.com/s/funnelsans/v1/OpNfno8Dg9bX6Bsp3Wq69RB-VukSVv3aISFAlXm0f2VJ.ttf"},{"family":"Fustat","version":"v1","lastModified":"2024-09-04","category":"sans-serif","kind":"webfonts#webfont","menu":"https://fonts.gstatic.com/s/fustat/v1/NaPEcZ_aHO9Iy5thRNqze7YGY9HGCEQQdr25sQ.ttf"},{"family":"Fuzzy Bubbles","version":"v7","lastModified":"2024-09-04","category":"handwriting","kind":"webfonts#webfont","menu":"https://fonts.gstatic.com/s/fuzzybubbles/v7/6qLGKZMbrgv9pwtjPEVNV0F2BnLzYw.ttf"},{"family":"Ga Maamli","version":"v2","lastModified":"2024-09-04","category":"display","kind":"webfonts#webfont","menu":"https://fonts.gstatic.com/s/gamaamli/v2/uU9NCBsQ4c-DPW1Yo3rh29SG.ttf"},{"family":"Gabarito","version":"v7","lastModified":"2024-09-04","category":"display","kind":"webfonts#webfont","menu":"https://fonts.gstatic.com/s/gabarito/v7/QGYwz_0dZAGKJJ4t3FFkc3Q8AkNP9Pj248KEFwgp.ttf"},{"family":"Gabriela","version":"v21","lastModified":"2024-09-04","category":"serif","kind":"webfonts#webfont","menu":"https://fonts.gstatic.com/s/gabriela/v21/qkBWXvsO6sreR8E-b8m_xL4.ttf"},{"family":"Gaegu","version":"v22","lastModified":"2024-12-04","category":"handwriting","kind":"webfonts#webfont","menu":"https://fonts.gstatic.com/s/gaegu/v22/TuGfUVB6Up9NU5ZKq9w.ttf"},{"family":"Gafata","version":"v20","lastModified":"2024-09-04","category":"sans-serif","kind":"webfonts#webfont","menu":"https://fonts.gstatic.com/s/gafata/v20/XRXV3I6Cn0VJKonIM-aE.ttf"},{"family":"Gajraj One","version":"v5","lastModified":"2024-09-04","category":"display","kind":"webfonts#webfont","menu":"https://fonts.gstatic.com/s/gajrajone/v5/1cX2aUDCDpXsuWVb1jIjn1CggQ.ttf"},{"family":"Galada","version":"v19","lastModified":"2024-12-04","category":"display","kind":"webfonts#webfont","menu":"https://fonts.gstatic.com/s/galada/v19/H4cmBXyGmcjXlUXO8yY6.ttf"},{"family":"Galdeano","version":"v22","lastModified":"2024-09-04","category":"sans-serif","kind":"webfonts#webfont","menu":"https://fonts.gstatic.com/s/galdeano/v22/uU9MCBoQ4YOqOW1boAPw-vQ.ttf"},{"family":"Galindo","version":"v24","lastModified":"2024-09-04","category":"display","kind":"webfonts#webfont","menu":"https://fonts.gstatic.com/s/galindo/v24/HI_KiYMeLqVKqwyuc5DoQg.ttf"},{"family":"Gamja Flower","version":"v25","lastModified":"2024-11-20","category":"handwriting","kind":"webfonts#webfont","menu":"https://fonts.gstatic.com/s/gamjaflower/v25/6NUR8FiKJg-Pa0rM6uN40Z4UyPVB.ttf"},{"family":"Gantari","version":"v1","lastModified":"2024-09-04","category":"sans-serif","kind":"webfonts#webfont","menu":"https://fonts.gstatic.com/s/gantari/v1/jVyV7nvyB2HL8iZyDk4GVvSZ5MtC9g0gOg3xYZU.ttf"},{"family":"Gasoek One","version":"v3","lastModified":"2024-08-12","category":"sans-serif","kind":"webfonts#webfont","menu":"https://fonts.gstatic.com/s/gasoekone/v3/EJRTQgQ_UMUKvDgnlX80_ru1dw.ttf"},{"family":"Gayathri","version":"v18","lastModified":"2024-12-04","category":"sans-serif","kind":"webfonts#webfont","menu":"https://fonts.gstatic.com/s/gayathri/v18/MCoQzAb429DbBilWLLA5-ps.ttf"},{"family":"Geist","version":"v1","lastModified":"2024-11-07","category":"sans-serif","kind":"webfonts#webfont","menu":"https://fonts.gstatic.com/s/geist/v1/gyBhhwUxId8gMGYQMKR3pzfaWI_RnOMInJnf.ttf"},{"family":"Geist Mono","version":"v1","lastModified":"2024-11-07","category":"monospace","kind":"webfonts#webfont","menu":"https://fonts.gstatic.com/s/geistmono/v1/or3yQ6H-1_WfwkMZI_qYPLs1a-t7PU0AbeE9KK5S5Cw.ttf"},{"family":"Gelasio","version":"v12","lastModified":"2024-09-04","category":"serif","kind":"webfonts#webfont","menu":"https://fonts.gstatic.com/s/gelasio/v12/cIfiMaFfvUQxTTqS3iKJkLGbI41wQL8Ilxct8zQ.ttf"},{"family":"Gemunu Libre","version":"v14","lastModified":"2024-09-04","category":"sans-serif","kind":"webfonts#webfont","menu":"https://fonts.gstatic.com/s/gemunulibre/v14/X7n34bQ6Cfy7jKGXVE_YlqnbEQAFP-PIuTCp0xiJDvWBfA.ttf"},{"family":"Genos","version":"v12","lastModified":"2024-09-04","category":"sans-serif","kind":"webfonts#webfont","menu":"https://fonts.gstatic.com/s/genos/v12/SlGNmQqPqpUOYTYjacb0Hc91fTwVqkjYrEi-.ttf"},{"family":"Gentium Book Plus","version":"v1","lastModified":"2024-09-04","category":"serif","kind":"webfonts#webfont","menu":"https://fonts.gstatic.com/s/gentiumbookplus/v1/vEFL2-RHBgUK5fbjKxRpbBtJPyRpocKef7Y.ttf"},{"family":"Gentium Plus","version":"v2","lastModified":"2024-09-04","category":"serif","kind":"webfonts#webfont","menu":"https://fonts.gstatic.com/s/gentiumplus/v2/Iurd6Ytw-oSPaZ00r2bNe8VZjZFI.ttf"},{"family":"Geo","version":"v21","lastModified":"2024-09-04","category":"sans-serif","kind":"webfonts#webfont","menu":"https://fonts.gstatic.com/s/geo/v21/CSRz4zRZluflLnpi.ttf"},{"family":"Geologica","version":"v1","lastModified":"2024-09-04","category":"sans-serif","kind":"webfonts#webfont","menu":"https://fonts.gstatic.com/s/geologica/v1/oY1o8evIr7j9P3TN9YwNAdyjzUyDKkKdAGOJh1UlCDUIhAIdhCZOn1fLsig7jfvCCPHZckU8H3G11_z-_OZqDx_rc-ISBQ.ttf"},{"family":"Georama","version":"v13","lastModified":"2024-09-04","category":"sans-serif","kind":"webfonts#webfont","menu":"https://fonts.gstatic.com/s/georama/v13/MCo5zAn438bIEyxFf6swMnNpvPcUwW4u4yRcDh-ZjxApn9K5GvgdmAEP.ttf"},{"family":"Geostar","version":"v26","lastModified":"2024-09-04","category":"display","kind":"webfonts#webfont","menu":"https://fonts.gstatic.com/s/geostar/v26/sykz-yx4n701VLOfhSu3_g.ttf"},{"family":"Geostar Fill","version":"v26","lastModified":"2024-09-04","category":"display","kind":"webfonts#webfont","menu":"https://fonts.gstatic.com/s/geostarfill/v26/AMOWz4SWuWiXFfjEohxQ9osEUliy.ttf"},{"family":"Germania One","version":"v20","lastModified":"2024-09-04","category":"display","kind":"webfonts#webfont","menu":"https://fonts.gstatic.com/s/germaniaone/v20/Fh4yPjrqIyv2ucM2qzBjeS3uzQhK.ttf"},{"family":"GFS Didot","version":"v16","lastModified":"2024-04-12","category":"serif","kind":"webfonts#webfont","menu":"https://fonts.gstatic.com/s/gfsdidot/v16/Jqzh5TybZ9vZMWFssvwSFu3C.ttf"},{"family":"GFS Neohellenic","version":"v25","lastModified":"2024-08-12","category":"sans-serif","kind":"webfonts#webfont","menu":"https://fonts.gstatic.com/s/gfsneohellenic/v25/8QIRdiDOrfiq0b7R8O1Iw9WLcY5jLKJL.ttf"},{"family":"Gideon Roman","version":"v11","lastModified":"2024-09-04","category":"display","kind":"webfonts#webfont","menu":"https://fonts.gstatic.com/s/gideonroman/v11/e3tmeuGrVOys8sxzZgWlmXoQeknS.ttf"},{"family":"Gidugu","version":"v26","lastModified":"2024-11-20","category":"sans-serif","kind":"webfonts#webfont","menu":"https://fonts.gstatic.com/s/gidugu/v26/L0x8DFMkk1Uf6w3hvfqi.ttf"},{"family":"Gilda Display","version":"v18","lastModified":"2024-09-04","category":"serif","kind":"webfonts#webfont","menu":"https://fonts.gstatic.com/s/gildadisplay/v18/t5tmIRoYMoaYG0WEOh7HwMeR3TjPqg.ttf"},{"family":"Girassol","version":"v22","lastModified":"2024-09-04","category":"display","kind":"webfonts#webfont","menu":"https://fonts.gstatic.com/s/girassol/v22/JTUUjIo_-DK48laaNB9MxW4.ttf"},{"family":"Give You Glory","version":"v16","lastModified":"2024-11-20","category":"handwriting","kind":"webfonts#webfont","menu":"https://fonts.gstatic.com/s/giveyouglory/v16/8QIQdiHOgt3vv4LR7ahjw9-XYf1yDYI.ttf"},{"family":"Glass Antiqua","version":"v24","lastModified":"2024-09-04","category":"display","kind":"webfonts#webfont","menu":"https://fonts.gstatic.com/s/glassantiqua/v24/xfu30Wr0Wn3NOQM2piC0uXOjrL76Mw.ttf"},{"family":"Glegoo","version":"v16","lastModified":"2024-09-04","category":"serif","kind":"webfonts#webfont","menu":"https://fonts.gstatic.com/s/glegoo/v16/_Xmt-HQyrTKWaw25iqOd.ttf"},{"family":"Gloock","version":"v6","lastModified":"2024-09-04","category":"serif","kind":"webfonts#webfont","menu":"https://fonts.gstatic.com/s/gloock/v6/Iurb6YFw84WUY4NJjhah.ttf"},{"family":"Gloria Hallelujah","version":"v22","lastModified":"2024-11-20","category":"handwriting","kind":"webfonts#webfont","menu":"https://fonts.gstatic.com/s/gloriahallelujah/v22/LYjYdHv3kUk9BMV96EIswT9DIbW-MISz1zY.ttf"},{"family":"Glory","version":"v15","lastModified":"2024-09-04","category":"sans-serif","kind":"webfonts#webfont","menu":"https://fonts.gstatic.com/s/glory/v15/q5uasoi9Lf1w5t3Est24nq9blIRQwImzp3WZ.ttf"},{"family":"Gluten","version":"v16","lastModified":"2024-09-04","category":"display","kind":"webfonts#webfont","menu":"https://fonts.gstatic.com/s/gluten/v16/Hhy_U5gk9fW7OUdVIPh2zD_RSqQJ__A15jgJsn-Bhb_yI8Vb7S1KsHw.ttf"},{"family":"Goblin One","version":"v26","lastModified":"2024-09-04","category":"display","kind":"webfonts#webfont","menu":"https://fonts.gstatic.com/s/goblinone/v26/CSR64z1ZnOqZRjRCBVY_fOYKSA.ttf"},{"family":"Gochi Hand","version":"v23","lastModified":"2024-09-04","category":"handwriting","kind":"webfonts#webfont","menu":"https://fonts.gstatic.com/s/gochihand/v23/hES06XlsOjtJsgCkx1Pkfo___g.ttf"},{"family":"Goldman","version":"v19","lastModified":"2024-09-04","category":"display","kind":"webfonts#webfont","menu":"https://fonts.gstatic.com/s/goldman/v19/pe0uMIWbN4JFplR2HDNyAg.ttf"},{"family":"Golos Text","version":"v4","lastModified":"2024-09-04","category":"sans-serif","kind":"webfonts#webfont","menu":"https://fonts.gstatic.com/s/golostext/v4/q5uXsoe9Lv5t7Meb31EcOR9UdVTNs822plVRRT5dGLs.ttf"},{"family":"Gorditas","version":"v22","lastModified":"2024-09-04","category":"display","kind":"webfonts#webfont","menu":"https://fonts.gstatic.com/s/gorditas/v22/ll8_K2aTVD26DsPEtTDpB6o.ttf"},{"family":"Gothic A1","version":"v17","lastModified":"2024-11-20","category":"sans-serif","kind":"webfonts#webfont","menu":"https://fonts.gstatic.com/s/gothica1/v17/CSR94z5ZnPydRjlCCwlKbccq.ttf"},{"family":"Gotu","version":"v16","lastModified":"2024-09-04","category":"sans-serif","kind":"webfonts#webfont","menu":"https://fonts.gstatic.com/s/gotu/v16/o-0FIpksx3QOpHwBjg.ttf"},{"family":"Goudy Bookletter 1911","version":"v19","lastModified":"2024-09-04","category":"serif","kind":"webfonts#webfont","menu":"https://fonts.gstatic.com/s/goudybookletter1911/v19/sykt-z54laciWfKv-kX8krex0jDiD2HbY6IJtBzT.ttf"},{"family":"Gowun Batang","version":"v11","lastModified":"2024-11-20","category":"serif","kind":"webfonts#webfont","menu":"https://fonts.gstatic.com/s/gowunbatang/v11/ijwSs5nhRMIjYsdSgcMa3wRRXbv6.ttf"},{"family":"Gowun Dodum","version":"v11","lastModified":"2024-11-20","category":"sans-serif","kind":"webfonts#webfont","menu":"https://fonts.gstatic.com/s/gowundodum/v11/3Jn5SD_00GqwlBnWc1TUJG0EduA.ttf"},{"family":"Graduate","version":"v17","lastModified":"2024-09-04","category":"serif","kind":"webfonts#webfont","menu":"https://fonts.gstatic.com/s/graduate/v17/C8cg4cs3o2n15t_2YygQ43k.ttf"},{"family":"Grand Hotel","version":"v19","lastModified":"2024-09-04","category":"handwriting","kind":"webfonts#webfont","menu":"https://fonts.gstatic.com/s/grandhotel/v19/7Au7p_IgjDKdCRWuR1azplQMGFk.ttf"},{"family":"Grandiflora One","version":"v3","lastModified":"2024-09-04","category":"serif","kind":"webfonts#webfont","menu":"https://fonts.gstatic.com/s/grandifloraone/v3/0ybmGD0g27bCk_5MGWZcKWhxwnUk_Bf2.ttf"},{"family":"Grandstander","version":"v18","lastModified":"2024-09-30","category":"display","kind":"webfonts#webfont","menu":"https://fonts.gstatic.com/s/grandstander/v18/ga6fawtA-GpSsTWrnNHPCSIMZhhKpFjyNZIQD1--P3ncsg.ttf"},{"family":"Grape Nuts","version":"v5","lastModified":"2024-09-04","category":"handwriting","kind":"webfonts#webfont","menu":"https://fonts.gstatic.com/s/grapenuts/v5/syk2-yF4iLM2RfKj4F7k7tPlpg.ttf"},{"family":"Gravitas One","version":"v19","lastModified":"2024-09-04","category":"display","kind":"webfonts#webfont","menu":"https://fonts.gstatic.com/s/gravitasone/v19/5h1diZ4hJ3cblKy3LWakKQmqDG5J.ttf"},{"family":"Great Vibes","version":"v19","lastModified":"2024-09-04","category":"handwriting","kind":"webfonts#webfont","menu":"https://fonts.gstatic.com/s/greatvibes/v19/RWmMoKWR9v4ksMfaWd_JN9XDiaE.ttf"},{"family":"Grechen Fuemen","version":"v9","lastModified":"2024-09-04","category":"handwriting","kind":"webfonts#webfont","menu":"https://fonts.gstatic.com/s/grechenfuemen/v9/vEFI2_tHEQ4d5ObgKxBzZh0MAVgd8tI.ttf"},{"family":"Grenze","version":"v15","lastModified":"2024-09-04","category":"serif","kind":"webfonts#webfont","menu":"https://fonts.gstatic.com/s/grenze/v15/O4ZTFGb7hR12BxqH_mIj.ttf"},{"family":"Grenze Gotisch","version":"v18","lastModified":"2024-09-04","category":"display","kind":"webfonts#webfont","menu":"https://fonts.gstatic.com/s/grenzegotisch/v18/Fh4hPjjqNDz1osh_jX9YfjudpBJBNV5y5wf_k1i5Lz9kcYqZ.ttf"},{"family":"Grey Qo","version":"v9","lastModified":"2024-09-04","category":"handwriting","kind":"webfonts#webfont","menu":"https://fonts.gstatic.com/s/greyqo/v9/BXRrvF_Nmv_TyXxNPOpa8Q.ttf"},{"family":"Griffy","version":"v22","lastModified":"2024-09-04","category":"display","kind":"webfonts#webfont","menu":"https://fonts.gstatic.com/s/griffy/v22/FwZa7-ox2FQh9kfASd6A.ttf"},{"family":"Gruppo","version":"v21","lastModified":"2024-09-04","category":"sans-serif","kind":"webfonts#webfont","menu":"https://fonts.gstatic.com/s/gruppo/v21/WwkfxPmzE06v_ZW1WHrE.ttf"},{"family":"Gudea","version":"v15","lastModified":"2024-09-04","category":"sans-serif","kind":"webfonts#webfont","menu":"https://fonts.gstatic.com/s/gudea/v15/neIFzCqgsI0mp9CO_oU.ttf"},{"family":"Gugi","version":"v20","lastModified":"2024-12-04","category":"display","kind":"webfonts#webfont","menu":"https://fonts.gstatic.com/s/gugi/v20/A2BVn5dXywshZA-K8A.ttf"},{"family":"Gulzar","version":"v12","lastModified":"2024-09-04","category":"serif","kind":"webfonts#webfont","menu":"https://fonts.gstatic.com/s/gulzar/v12/Wnz6HAc9eB3HB2I7YDYd.ttf"},{"family":"Gupter","version":"v17","lastModified":"2024-12-04","category":"serif","kind":"webfonts#webfont","menu":"https://fonts.gstatic.com/s/gupter/v17/2-cm9JNmxJqPO1QkYJy7.ttf"},{"family":"Gurajada","version":"v20","lastModified":"2024-11-20","category":"serif","kind":"webfonts#webfont","menu":"https://fonts.gstatic.com/s/gurajada/v20/FwZY7-Qx308m-l-0Ke6B6Mw.ttf"},{"family":"Gwendolyn","version":"v7","lastModified":"2024-09-04","category":"handwriting","kind":"webfonts#webfont","menu":"https://fonts.gstatic.com/s/gwendolyn/v7/qkBXXvoO_M3CSss-d7eu5Z5P.ttf"},{"family":"Habibi","version":"v21","lastModified":"2024-09-04","category":"serif","kind":"webfonts#webfont","menu":"https://fonts.gstatic.com/s/habibi/v21/CSR-4zFWkuqcTTNySxha.ttf"},{"family":"Hachi Maru Pop","version":"v21","lastModified":"2024-12-04","category":"handwriting","kind":"webfonts#webfont","menu":"https://fonts.gstatic.com/s/hachimarupop/v21/HI_TiYoRLqpLrEiMAuO9Ysfz7oW0Gss.ttf"},{"family":"Hahmlet","version":"v18","lastModified":"2024-12-04","category":"serif","kind":"webfonts#webfont","menu":"https://fonts.gstatic.com/s/hahmlet/v18/BngXUXpCQ3nKpIo0TfPyfCdXfaeU4RhKOOjpZMc.ttf"},{"family":"Halant","version":"v16","lastModified":"2024-12-04","category":"serif","kind":"webfonts#webfont","menu":"https://fonts.gstatic.com/s/halant/v16/u-4-0qaujRI2Pbsn3thi.ttf"},{"family":"Hammersmith One","version":"v17","lastModified":"2024-09-04","category":"sans-serif","kind":"webfonts#webfont","menu":"https://fonts.gstatic.com/s/hammersmithone/v17/qWcyB624q4L_C4jGQ9IK0O_dFlnrsxEg.ttf"},{"family":"Hanalei","version":"v23","lastModified":"2024-09-04","category":"display","kind":"webfonts#webfont","menu":"https://fonts.gstatic.com/s/hanalei/v23/E21n_dD8iufIjBRHbzksUw.ttf"},{"family":"Hanalei Fill","version":"v22","lastModified":"2024-09-04","category":"display","kind":"webfonts#webfont","menu":"https://fonts.gstatic.com/s/hanaleifill/v22/fC1mPYtObGbfyQznIaQzPQi8VgjF.ttf"},{"family":"Handjet","version":"v19","lastModified":"2024-09-04","category":"display","kind":"webfonts#webfont","menu":"https://fonts.gstatic.com/s/handjet/v19/oY1n8eXHq7n1OnbQrOY_2FrEwYEMLlcdP1mCtZaLaTutCwcIhGZ0lGU0akFcO3XFHTmaYkQmFA.ttf"},{"family":"Handlee","version":"v18","lastModified":"2024-09-04","category":"handwriting","kind":"webfonts#webfont","menu":"https://fonts.gstatic.com/s/handlee/v18/-F6xfjBsISg9aMakPmvwpg.ttf"},{"family":"Hanken Grotesk","version":"v8","lastModified":"2024-09-04","category":"sans-serif","kind":"webfonts#webfont","menu":"https://fonts.gstatic.com/s/hankengrotesk/v8/ieVq2YZDLWuGJpnzaiwFXS9tYvBRzyFLlZg_f_Ncs2Zq4PBJ.ttf"},{"family":"Hanuman","version":"v23","lastModified":"2024-12-04","category":"serif","kind":"webfonts#webfont","menu":"https://fonts.gstatic.com/s/hanuman/v23/VuJxdNvD15HhpJJBSKfdPA.ttf"},{"family":"Happy Monkey","version":"v14","lastModified":"2024-09-04","category":"display","kind":"webfonts#webfont","menu":"https://fonts.gstatic.com/s/happymonkey/v14/K2F2fZZcl-9SXwl5F_C4R_OwBgry.ttf"},{"family":"Harmattan","version":"v21","lastModified":"2024-11-20","category":"sans-serif","kind":"webfonts#webfont","menu":"https://fonts.gstatic.com/s/harmattan/v21/goksH6L2DkFvVvRp9XpjSkqn.ttf"},{"family":"Headland One","version":"v16","lastModified":"2024-09-04","category":"serif","kind":"webfonts#webfont","menu":"https://fonts.gstatic.com/s/headlandone/v16/yYLu0hHR2vKnp89Tk1TCq3TB0fNX.ttf"},{"family":"Hedvig Letters Sans","version":"v2","lastModified":"2024-09-04","category":"sans-serif","kind":"webfonts#webfont","menu":"https://fonts.gstatic.com/s/hedvigletterssans/v2/CHy_V_PfGVjobSBkihHWDT98RVp37w8jcJxH2Q.ttf"},{"family":"Hedvig Letters Serif","version":"v2","lastModified":"2024-09-04","category":"serif","kind":"webfonts#webfont","menu":"https://fonts.gstatic.com/s/hedviglettersserif/v2/OD5puN2I2mekHmyoU1Kj2AXOd5_7v7gIDlX8quj7viQ_N1HixEApfr3Y.ttf"},{"family":"Heebo","version":"v26","lastModified":"2024-09-04","category":"sans-serif","kind":"webfonts#webfont","menu":"https://fonts.gstatic.com/s/heebo/v26/NGSpv5_NC0k9P_v6ZUCbLRAHxK1EiSysc0mj.ttf"},{"family":"Henny Penny","version":"v17","lastModified":"2024-09-04","category":"display","kind":"webfonts#webfont","menu":"https://fonts.gstatic.com/s/hennypenny/v17/wXKvE3UZookzsxz_kjGSfPQrvXc.ttf"},{"family":"Hepta Slab","version":"v23","lastModified":"2024-09-04","category":"serif","kind":"webfonts#webfont","menu":"https://fonts.gstatic.com/s/heptaslab/v23/ea8JadoyU_jkHdalebHvyWVNdYoIsHe5HvkV5wfaaZQ.ttf"},{"family":"Herr Von Muellerhoff","version":"v21","lastModified":"2024-09-04","category":"handwriting","kind":"webfonts#webfont","menu":"https://fonts.gstatic.com/s/herrvonmuellerhoff/v21/WBL6rFjRZkREW8WqmCWYLgCkQKXb4CAft0c79KY.ttf"},{"family":"Hi Melody","version":"v18","lastModified":"2024-11-20","category":"handwriting","kind":"webfonts#webfont","menu":"https://fonts.gstatic.com/s/himelody/v18/46ktlbP8Vnz0pJcqCTb0fmVA.ttf"},{"family":"Hina Mincho","version":"v14","lastModified":"2024-12-04","category":"serif","kind":"webfonts#webfont","menu":"https://fonts.gstatic.com/s/hinamincho/v14/2sDaZGBRhpXa2Jjz5w5LAFW9I70.ttf"},{"family":"Hind","version":"v17","lastModified":"2024-12-04","category":"sans-serif","kind":"webfonts#webfont","menu":"https://fonts.gstatic.com/s/hind/v17/5aU69_a8oxmIdG94AQ.ttf"},{"family":"Hind Guntur","version":"v13","lastModified":"2024-12-04","category":"sans-serif","kind":"webfonts#webfont","menu":"https://fonts.gstatic.com/s/hindguntur/v13/wXKvE3UZrok56nvamSuJd_QrvXc.ttf"},{"family":"Hind Madurai","version":"v11","lastModified":"2024-09-04","category":"sans-serif","kind":"webfonts#webfont","menu":"https://fonts.gstatic.com/s/hindmadurai/v11/f0Xx0e2p98ZvDXdZQIOcpqjX8IcH.ttf"},{"family":"Hind Mysuru","version":"v1","lastModified":"2024-12-04","category":"sans-serif","kind":"webfonts#webfont","menu":"https://fonts.gstatic.com/s/hindmysuru/v1/syk3-yB3k7wiAJ-U5l_li8LEhlU.ttf"},{"family":"Hind Siliguri","version":"v13","lastModified":"2024-12-04","category":"sans-serif","kind":"webfonts#webfont","menu":"https://fonts.gstatic.com/s/hindsiliguri/v13/ijwTs5juQtsyLLR5jN4cxBEoTJrawg.ttf"},{"family":"Hind Vadodara","version":"v15","lastModified":"2024-12-04","category":"sans-serif","kind":"webfonts#webfont","menu":"https://fonts.gstatic.com/s/hindvadodara/v15/neINzCKvrIcn5pbuuuriV9tTQJTVqQ.ttf"},{"family":"Holtwood One SC","version":"v21","lastModified":"2024-09-04","category":"serif","kind":"webfonts#webfont","menu":"https://fonts.gstatic.com/s/holtwoodonesc/v21/yYLx0hLR0P-3vMFSk1TCq3Txg5BHcLz-.ttf"},{"family":"Homemade Apple","version":"v22","lastModified":"2024-09-04","category":"handwriting","kind":"webfonts#webfont","menu":"https://fonts.gstatic.com/s/homemadeapple/v22/Qw3EZQFXECDrI2q789EKQZJob0x8XH0.ttf"},{"family":"Homenaje","version":"v16","lastModified":"2024-09-04","category":"sans-serif","kind":"webfonts#webfont","menu":"https://fonts.gstatic.com/s/homenaje/v16/FwZY7-Q-xVAi_l-6Le6B6Mw.ttf"},{"family":"Honk","version":"v1","lastModified":"2024-09-04","category":"display","kind":"webfonts#webfont","menu":"https://fonts.gstatic.com/s/honk/v1/m8J7jftUea-XwTaemClumrBQbmvynOmXBji9zFhHRr8WFgV7orFJ.ttf"},{"family":"Host Grotesk","version":"v4","lastModified":"2024-12-04","category":"sans-serif","kind":"webfonts#webfont","menu":"https://fonts.gstatic.com/s/hostgrotesk/v4/co3UmWBnlCJ3U42vbbfdwMjzqHAXOdFzqU5PuefO_hej_g.ttf"},{"family":"Hubballi","version":"v8","lastModified":"2024-12-04","category":"sans-serif","kind":"webfonts#webfont","menu":"https://fonts.gstatic.com/s/hubballi/v8/o-0JIpUj3WIZ1RFN55B6whQ.ttf"},{"family":"Hubot Sans","version":"v4","lastModified":"2024-12-04","category":"sans-serif","kind":"webfonts#webfont","menu":"https://fonts.gstatic.com/s/hubotsans/v4/pe0BMIiULYxOvxVLbVwhONyy6zb7yFM9V5G3iZ3X0avsIiCxjLsC57ZtgbrR.ttf"},{"family":"Hurricane","version":"v7","lastModified":"2024-09-04","category":"handwriting","kind":"webfonts#webfont","menu":"https://fonts.gstatic.com/s/hurricane/v7/pe0sMIuULZxTolZ5YldCA_e6.ttf"},{"family":"Ibarra Real Nova","version":"v27","lastModified":"2024-09-04","category":"serif","kind":"webfonts#webfont","menu":"https://fonts.gstatic.com/s/ibarrarealnova/v27/sZlSdQiA-DBIDCcaWtQzL4BZHoiDundw4ATyjed3EXdg5PDsXzs.ttf"},{"family":"IBM Plex Mono","version":"v19","lastModified":"2024-09-04","category":"monospace","kind":"webfonts#webfont","menu":"https://fonts.gstatic.com/s/ibmplexmono/v19/-F63fjptAgt5VM-kVkqdyU8n1ikq0g.ttf"},{"family":"IBM Plex Sans","version":"v19","lastModified":"2024-09-04","category":"sans-serif","kind":"webfonts#webfont","menu":"https://fonts.gstatic.com/s/ibmplexsans/v19/zYXgKVElMYYaJe8bpLHnCwDKhdfeEA.ttf"},{"family":"IBM Plex Sans Arabic","version":"v13","lastModified":"2024-12-04","category":"sans-serif","kind":"webfonts#webfont","menu":"https://fonts.gstatic.com/s/ibmplexsansarabic/v13/Qw3CZRtWPQCuHme67tEYUIx3Kh0PHR9N6Ys73PA.ttf"},{"family":"IBM Plex Sans Condensed","version":"v14","lastModified":"2024-09-04","category":"sans-serif","kind":"webfonts#webfont","menu":"https://fonts.gstatic.com/s/ibmplexsanscondensed/v14/Gg8lN4UfRSqiPg7Jn2ZI12V4DCEwkj1E4LVeHYavyKs.ttf"},{"family":"IBM Plex Sans Devanagari","version":"v11","lastModified":"2024-09-04","category":"sans-serif","kind":"webfonts#webfont","menu":"https://fonts.gstatic.com/s/ibmplexsansdevanagari/v11/XRXH3JCMvG4IDoS9SubXB6W-UX5iehIMBFR2-O_PVEjw.ttf"},{"family":"IBM Plex Sans Hebrew","version":"v11","lastModified":"2024-09-04","category":"sans-serif","kind":"webfonts#webfont","menu":"https://fonts.gstatic.com/s/ibmplexsanshebrew/v11/BCa2qYENg9Kw1mpLpO0bGM5lfHAAZHhDXE2k-l0.ttf"},{"family":"IBM Plex Sans JP","version":"v6","lastModified":"2024-09-04","category":"sans-serif","kind":"webfonts#webfont","menu":"https://fonts.gstatic.com/s/ibmplexsansjp/v6/Z9XNDn9KbTDf6_f7dISNqYf_tvPT5CvyjA.ttf"},{"family":"IBM Plex Sans KR","version":"v10","lastModified":"2024-08-12","category":"sans-serif","kind":"webfonts#webfont","menu":"https://fonts.gstatic.com/s/ibmplexsanskr/v10/vEFK2-VJISZe3O_rc3ZVYh4aTwNOwtO_Xw.ttf"},{"family":"IBM Plex Sans Thai","version":"v10","lastModified":"2024-09-04","category":"sans-serif","kind":"webfonts#webfont","menu":"https://fonts.gstatic.com/s/ibmplexsansthai/v10/m8JPje1VVIzcq1HzJq2AEdo2Tj_qvLqMD9Yl.ttf"},{"family":"IBM Plex Sans Thai Looped","version":"v11","lastModified":"2024-09-04","category":"sans-serif","kind":"webfonts#webfont","menu":"https://fonts.gstatic.com/s/ibmplexsansthailooped/v11/tss_AoJJRAhL3BTrK3r2xxbFhvKfyBB6l7hHT30L9BOKpA.ttf"},{"family":"IBM Plex Serif","version":"v19","lastModified":"2024-09-04","category":"serif","kind":"webfonts#webfont","menu":"https://fonts.gstatic.com/s/ibmplexserif/v19/jizDREVNn1dOx-zrZ2X3pZvkTiUZ2zI.ttf"},{"family":"Iceberg","version":"v24","lastModified":"2024-09-04","category":"display","kind":"webfonts#webfont","menu":"https://fonts.gstatic.com/s/iceberg/v24/8QIJdijAiM7o-qnZiIkErw.ttf"},{"family":"Iceland","version":"v20","lastModified":"2024-09-04","category":"display","kind":"webfonts#webfont","menu":"https://fonts.gstatic.com/s/iceland/v20/rax9HiuFsdMNOnWPaK1MBA.ttf"},{"family":"IM Fell Double Pica","version":"v14","lastModified":"2024-09-04","category":"serif","kind":"webfonts#webfont","menu":"https://fonts.gstatic.com/s/imfelldoublepica/v14/3XF2EqMq_94s9PeKF7Fg4gOKINyMtZ8rf0W_VA.ttf"},{"family":"IM Fell Double Pica SC","version":"v21","lastModified":"2024-09-04","category":"serif","kind":"webfonts#webfont","menu":"https://fonts.gstatic.com/s/imfelldoublepicasc/v21/neIazDmuiMkFo6zj_sHpQ8teNbWlwBB_hXjJ0YwOfg.ttf"},{"family":"IM Fell DW Pica","version":"v16","lastModified":"2024-09-04","category":"serif","kind":"webfonts#webfont","menu":"https://fonts.gstatic.com/s/imfelldwpica/v16/2sDGZGRQotv9nbn2qSl0TxXVYNwNZQnQ.ttf"},{"family":"IM Fell DW Pica SC","version":"v21","lastModified":"2024-09-04","category":"serif","kind":"webfonts#webfont","menu":"https://fonts.gstatic.com/s/imfelldwpicasc/v21/0ybjGCAu5PfqkvtGVU15aBhXz3EUrnTm-RKO.ttf"},{"family":"IM Fell English","version":"v14","lastModified":"2024-09-04","category":"serif","kind":"webfonts#webfont","menu":"https://fonts.gstatic.com/s/imfellenglish/v14/Ktk1ALSLW8zDe0rthJysWrnLsAzHFqOd.ttf"},{"family":"IM Fell English SC","version":"v16","lastModified":"2024-09-04","category":"serif","kind":"webfonts#webfont","menu":"https://fonts.gstatic.com/s/imfellenglishsc/v16/a8IENpD3CDX-4zrWfr1VY879qFF05pZ7OoIK.ttf"},{"family":"IM Fell French Canon","version":"v21","lastModified":"2024-09-04","category":"serif","kind":"webfonts#webfont","menu":"https://fonts.gstatic.com/s/imfellfrenchcanon/v21/-F6ufiNtDWYfYc-tDiyiw08rrghJszkK6foUNNk.ttf"},{"family":"IM Fell French Canon SC","version":"v22","lastModified":"2024-09-04","category":"serif","kind":"webfonts#webfont","menu":"https://fonts.gstatic.com/s/imfellfrenchcanonsc/v22/FBVmdCru5-ifcor2bgq9V89khWcmQghEURY7H0c1WhQ.ttf"},{"family":"IM Fell Great Primer","version":"v21","lastModified":"2024-09-04","category":"serif","kind":"webfonts#webfont","menu":"https://fonts.gstatic.com/s/imfellgreatprimer/v21/bx6aNwSJtayYxOkbYFsT6hMsLzX7u85rJrrWtj4.ttf"},{"family":"IM Fell Great Primer SC","version":"v21","lastModified":"2024-09-04","category":"serif","kind":"webfonts#webfont","menu":"https://fonts.gstatic.com/s/imfellgreatprimersc/v21/ga6daxBOxyt6sCqz3fjZCTFCTUDMHagsQKdDTIf8D3g.ttf"},{"family":"Imbue","version":"v27","lastModified":"2024-09-04","category":"serif","kind":"webfonts#webfont","menu":"https://fonts.gstatic.com/s/imbue/v27/RLpXK5P16Ki3fXhj5cvGrqjocPk4n-gVX3M93TnrnvhoP8iXTOoHMA.ttf"},{"family":"Imperial Script","version":"v6","lastModified":"2024-09-04","category":"handwriting","kind":"webfonts#webfont","menu":"https://fonts.gstatic.com/s/imperialscript/v6/5DCPAKrpzy_H98IV2ISnZBbGrVNfPOPh.ttf"},{"family":"Imprima","version":"v18","lastModified":"2024-09-04","category":"sans-serif","kind":"webfonts#webfont","menu":"https://fonts.gstatic.com/s/imprima/v18/VEMxRoN7sY3yuy-7yoSNzA.ttf"},{"family":"Inclusive Sans","version":"v1","lastModified":"2024-09-04","category":"sans-serif","kind":"webfonts#webfont","menu":"https://fonts.gstatic.com/s/inclusivesans/v1/0nkxC9biPuwflXcJ46P4PGWE0-70qQI.ttf"},{"family":"Inconsolata","version":"v32","lastModified":"2024-09-04","category":"monospace","kind":"webfonts#webfont","menu":"https://fonts.gstatic.com/s/inconsolata/v32/QldgNThLqRwH-OJ1UHjlKENVzkWGVkL3GZQmAwLYxYWI2qfdm7Lpp4U8WRv2kg.ttf"},{"family":"Inder","version":"v14","lastModified":"2024-09-04","category":"sans-serif","kind":"webfonts#webfont","menu":"https://fonts.gstatic.com/s/inder/v14/w8gUH2YoQe8_4sq7rQs.ttf"},{"family":"Indie Flower","version":"v22","lastModified":"2024-11-20","category":"handwriting","kind":"webfonts#webfont","menu":"https://fonts.gstatic.com/s/indieflower/v22/m8JVjfNVeKWVnh3QMuKkFcZVb0uC.ttf"},{"family":"Ingrid Darling","version":"v5","lastModified":"2024-09-04","category":"handwriting","kind":"webfonts#webfont","menu":"https://fonts.gstatic.com/s/ingriddarling/v5/LDIrapaJNxUtSuFdw-9yf4rCPvLPs7o.ttf"},{"family":"Inika","version":"v21","lastModified":"2024-09-04","category":"serif","kind":"webfonts#webfont","menu":"https://fonts.gstatic.com/s/inika/v21/rnCm-x5X3QP-piTGT8M.ttf"},{"family":"Inknut Antiqua","version":"v14","lastModified":"2024-08-12","category":"serif","kind":"webfonts#webfont","menu":"https://fonts.gstatic.com/s/inknutantiqua/v14/Y4GSYax7VC4ot_qNB4nYpBdaKUUC4Jg.ttf"},{"family":"Inria Sans","version":"v14","lastModified":"2024-08-12","category":"sans-serif","kind":"webfonts#webfont","menu":"https://fonts.gstatic.com/s/inriasans/v14/ptRMTiqXYfZMCOiVj9kQ1O_4LQ.ttf"},{"family":"Inria Serif","version":"v16","lastModified":"2024-08-12","category":"serif","kind":"webfonts#webfont","menu":"https://fonts.gstatic.com/s/inriaserif/v16/fC1lPYxPY3rXxEndZJAzN3Stdyg.ttf"},{"family":"Inspiration","version":"v6","lastModified":"2024-09-04","category":"handwriting","kind":"webfonts#webfont","menu":"https://fonts.gstatic.com/s/inspiration/v6/x3dkckPPZa6L4wIg5cZOEsoHly4.ttf"},{"family":"Instrument Sans","version":"v1","lastModified":"2024-09-04","category":"sans-serif","kind":"webfonts#webfont","menu":"https://fonts.gstatic.com/s/instrumentsans/v1/pximypc9vsFDm051Uf6KVwgkfoSxQ0GsQv8ToedPibnr-yp2JGEJOH9npSTF-Tf0kyk.ttf"},{"family":"Instrument Serif","version":"v4","lastModified":"2024-09-04","category":"serif","kind":"webfonts#webfont","menu":"https://fonts.gstatic.com/s/instrumentserif/v4/jizBRFtNs2ka5fXjeivQ4LroWlx-6zMTiw.ttf"},{"family":"Inter","version":"v18","lastModified":"2024-09-04","category":"sans-serif","kind":"webfonts#webfont","menu":"https://fonts.gstatic.com/s/inter/v18/UcCO3FwrK3iLTeHuS_nVMrMxCp50SjIw2boKoduKmMEVuLyfAZlhjQ.ttf"},{"family":"Inter Tight","version":"v7","lastModified":"2024-09-04","category":"sans-serif","kind":"webfonts#webfont","menu":"https://fonts.gstatic.com/s/intertight/v7/NGSnv5HMAFg6IuGlBNMjxJEL2VmU3NS7Z2mjDw-aXS5X.ttf"},{"family":"Irish Grover","version":"v23","lastModified":"2024-09-04","category":"display","kind":"webfonts#webfont","menu":"https://fonts.gstatic.com/s/irishgrover/v23/buExpoi6YtLz2QW7LA4flVgv-fRK.ttf"},{"family":"Island Moments","version":"v6","lastModified":"2024-09-04","category":"handwriting","kind":"webfonts#webfont","menu":"https://fonts.gstatic.com/s/islandmoments/v6/NaPBcZfVGvBdxIt7Ar0qzkXJF9THKIw.ttf"},{"family":"Istok Web","version":"v24","lastModified":"2024-09-04","category":"sans-serif","kind":"webfonts#webfont","menu":"https://fonts.gstatic.com/s/istokweb/v24/3qTvojGmgSyUukBzKslpAGt6.ttf"},{"family":"Italiana","version":"v20","lastModified":"2024-09-04","category":"serif","kind":"webfonts#webfont","menu":"https://fonts.gstatic.com/s/italiana/v20/QldNNTtLsx4E__B0XQmQaXk.ttf"},{"family":"Italianno","version":"v17","lastModified":"2024-09-04","category":"handwriting","kind":"webfonts#webfont","menu":"https://fonts.gstatic.com/s/italianno/v17/dg4n_p3sv6gCJkwzT6RXjpwt.ttf"},{"family":"Itim","version":"v14","lastModified":"2024-09-04","category":"handwriting","kind":"webfonts#webfont","menu":"https://fonts.gstatic.com/s/itim/v14/0nknC9ziJOYe8AVAlQ.ttf"},{"family":"Jacquard 12","version":"v6","lastModified":"2024-09-04","category":"display","kind":"webfonts#webfont","menu":"https://fonts.gstatic.com/s/jacquard12/v6/vm8ydRLuXETEweL79J4rGf3IWH4.ttf"},{"family":"Jacquard 12 Charted","version":"v2","lastModified":"2024-09-04","category":"display","kind":"webfonts#webfont","menu":"https://fonts.gstatic.com/s/jacquard12charted/v2/i7dWIE97bzCOB9Q_Up6PQmYfKDPIb2Hwf3WnYw.ttf"},{"family":"Jacquard 24","version":"v2","lastModified":"2024-09-04","category":"display","kind":"webfonts#webfont","menu":"https://fonts.gstatic.com/s/jacquard24/v2/jVyO7nf_B2zO5jVpUGU8ljQFf8w.ttf"},{"family":"Jacquard 24 Charted","version":"v3","lastModified":"2024-09-04","category":"display","kind":"webfonts#webfont","menu":"https://fonts.gstatic.com/s/jacquard24charted/v3/mtGm4-dNK6HaudrE9VVKhENTsEXEYish4iVhNQ.ttf"},{"family":"Jacquarda Bastarda 9","version":"v4","lastModified":"2024-09-04","category":"display","kind":"webfonts#webfont","menu":"https://fonts.gstatic.com/s/jacquardabastarda9/v4/f0Xp0fWr_8t6WFtKQJfOhaC0hcZ1HYAMAYwC3zQ.ttf"},{"family":"Jacquarda Bastarda 9 Charted","version":"v2","lastModified":"2024-09-04","category":"display","kind":"webfonts#webfont","menu":"https://fonts.gstatic.com/s/jacquardabastarda9charted/v2/Yq6D-KaMUyfq4qLgx19A_ocp43FeLd9m0vDxm-yf8JPuT0YFbA.ttf"},{"family":"Jacques Francois","version":"v24","lastModified":"2024-09-04","category":"serif","kind":"webfonts#webfont","menu":"https://fonts.gstatic.com/s/jacquesfrancois/v24/ZXu9e04ZvKeOOHIe1TMahbcIU2cgqcLgpQ.ttf"},{"family":"Jacques Francois Shadow","version":"v25","lastModified":"2024-09-04","category":"display","kind":"webfonts#webfont","menu":"https://fonts.gstatic.com/s/jacquesfrancoisshadow/v25/KR1FBtOz8PKTMk-kqdkLVrvR0ECFrB6Pin-2_p8Uun8.ttf"},{"family":"Jaini","version":"v1","lastModified":"2024-09-04","category":"display","kind":"webfonts#webfont","menu":"https://fonts.gstatic.com/s/jaini/v1/fC1vPYJMbGHQzHmPIeI.ttf"},{"family":"Jaini Purva","version":"v1","lastModified":"2024-09-04","category":"display","kind":"webfonts#webfont","menu":"https://fonts.gstatic.com/s/jainipurva/v1/CHynV-vdHVXwbWcUswbUGEoPFno.ttf"},{"family":"Jaldi","version":"v12","lastModified":"2024-09-04","category":"sans-serif","kind":"webfonts#webfont","menu":"https://fonts.gstatic.com/s/jaldi/v12/or3sQ67z0_CI33NVbJQ.ttf"},{"family":"Jaro","version":"v6","lastModified":"2024-09-04","category":"sans-serif","kind":"webfonts#webfont","menu":"https://fonts.gstatic.com/s/jaro/v6/ea8DadQwV_r_Rv3-7zZMCGhQgVr1SmCtPvk.ttf"},{"family":"Jersey 10","version":"v2","lastModified":"2024-09-04","category":"display","kind":"webfonts#webfont","menu":"https://fonts.gstatic.com/s/jersey10/v2/GftH7vZKsggXMf9n_J5n-Zjk.ttf"},{"family":"Jersey 10 Charted","version":"v2","lastModified":"2024-09-04","category":"display","kind":"webfonts#webfont","menu":"https://fonts.gstatic.com/s/jersey10charted/v2/oY1E8fPFr6XiNWqEp90XSbwUGfF8SkecIGM.ttf"},{"family":"Jersey 15","version":"v2","lastModified":"2024-09-04","category":"display","kind":"webfonts#webfont","menu":"https://fonts.gstatic.com/s/jersey15/v2/_6_9EDzuROGsUuk2TWjiY4Al.ttf"},{"family":"Jersey 15 Charted","version":"v2","lastModified":"2024-09-04","category":"display","kind":"webfonts#webfont","menu":"https://fonts.gstatic.com/s/jersey15charted/v2/nuFjD-rCQIjoVp1Sva2ToCTudGbLeSv5pWk.ttf"},{"family":"Jersey 20","version":"v2","lastModified":"2024-09-04","category":"display","kind":"webfonts#webfont","menu":"https://fonts.gstatic.com/s/jersey20/v2/ZgNRjP1ON6jeW4D12z3srUXu.ttf"},{"family":"Jersey 20 Charted","version":"v2","lastModified":"2024-09-04","category":"display","kind":"webfonts#webfont","menu":"https://fonts.gstatic.com/s/jersey20charted/v2/JTUNjJMy9DKq5FzVaj9tpgYgvHqGn8Z0hCs.ttf"},{"family":"Jersey 25","version":"v2","lastModified":"2024-09-04","category":"display","kind":"webfonts#webfont","menu":"https://fonts.gstatic.com/s/jersey25/v2/ll8-K2eeXj2tAs6F9BX4JooI.ttf"},{"family":"Jersey 25 Charted","version":"v2","lastModified":"2024-09-04","category":"display","kind":"webfonts#webfont","menu":"https://fonts.gstatic.com/s/jersey25charted/v2/6NUM8EWHIhCWbxOqtLkv94Rlu6EkGs2vWmA.ttf"},{"family":"JetBrains Mono","version":"v20","lastModified":"2024-09-30","category":"monospace","kind":"webfonts#webfont","menu":"https://fonts.gstatic.com/s/jetbrainsmono/v20/tDbY2o-flEEny0FZhsfKu5WU4zr3E_BX0PnT8RD8yKxTPFOQ.ttf"},{"family":"Jim Nightshade","version":"v20","lastModified":"2024-09-04","category":"handwriting","kind":"webfonts#webfont","menu":"https://fonts.gstatic.com/s/jimnightshade/v20/PlIkFlu9Pb08Q8HLM1PxmB0g-NS5XX4.ttf"},{"family":"Joan","version":"v11","lastModified":"2024-09-04","category":"serif","kind":"webfonts#webfont","menu":"https://fonts.gstatic.com/s/joan/v11/ZXupe1oZsqWRXRZN9Q.ttf"},{"family":"Jockey One","version":"v21","lastModified":"2024-09-04","category":"sans-serif","kind":"webfonts#webfont","menu":"https://fonts.gstatic.com/s/jockeyone/v21/HTxpL2g2KjCFj4x8WI6AnIfxGQ.ttf"},{"family":"Jolly Lodger","version":"v20","lastModified":"2024-09-04","category":"display","kind":"webfonts#webfont","menu":"https://fonts.gstatic.com/s/jollylodger/v20/BXRsvFTAh_bGkA1uQ48dlB3lWODX.ttf"},{"family":"Jomhuria","version":"v21","lastModified":"2024-12-04","category":"display","kind":"webfonts#webfont","menu":"https://fonts.gstatic.com/s/jomhuria/v21/Dxxp8j-TMXf-llKur1b0OuU.ttf"},{"family":"Jomolhari","version":"v19","lastModified":"2024-12-04","category":"serif","kind":"webfonts#webfont","menu":"https://fonts.gstatic.com/s/jomolhari/v19/EvONzA1M1Iw_CBd2hsQyFlgd.ttf"},{"family":"Josefin Sans","version":"v32","lastModified":"2024-09-04","category":"sans-serif","kind":"webfonts#webfont","menu":"https://fonts.gstatic.com/s/josefinsans/v32/Qw3PZQNVED7rKGKxtqIqX5E-AVSJrOCfjY46_DjQbMBhKg.ttf"},{"family":"Josefin Slab","version":"v27","lastModified":"2024-12-04","category":"serif","kind":"webfonts#webfont","menu":"https://fonts.gstatic.com/s/josefinslab/v27/lW-swjwOK3Ps5GSJlNNkMalNpiZe_ldbOR4W71msR3g9Lw.ttf"},{"family":"Jost","version":"v18","lastModified":"2024-09-30","category":"sans-serif","kind":"webfonts#webfont","menu":"https://fonts.gstatic.com/s/jost/v18/92zPtBhPNqw79Ij1E865zBUv7myjJTVHNI0.ttf"},{"family":"Joti One","version":"v26","lastModified":"2024-09-04","category":"display","kind":"webfonts#webfont","menu":"https://fonts.gstatic.com/s/jotione/v26/Z9XVDmdJQAmWm9TwabTf6Ok.ttf"},{"family":"Jua","version":"v16","lastModified":"2024-08-12","category":"sans-serif","kind":"webfonts#webfont","menu":"https://fonts.gstatic.com/s/jua/v16/co3KmW9ljjATcurd.ttf"},{"family":"Judson","version":"v19","lastModified":"2024-09-04","category":"serif","kind":"webfonts#webfont","menu":"https://fonts.gstatic.com/s/judson/v19/FeVRS0Fbvbc14VxhDrlw.ttf"},{"family":"Julee","version":"v25","lastModified":"2024-09-04","category":"handwriting","kind":"webfonts#webfont","menu":"https://fonts.gstatic.com/s/julee/v25/TuGfUVB3RpZPQ5ZKq9w.ttf"},{"family":"Julius Sans One","version":"v18","lastModified":"2024-09-04","category":"sans-serif","kind":"webfonts#webfont","menu":"https://fonts.gstatic.com/s/juliussansone/v18/1Pt2g8TAX_SGgBGUi0tGOYEga5WOxHsS.ttf"},{"family":"Junge","version":"v24","lastModified":"2024-09-04","category":"serif","kind":"webfonts#webfont","menu":"https://fonts.gstatic.com/s/junge/v24/gokgH670Gl1lUpActBQ.ttf"},{"family":"Jura","version":"v31","lastModified":"2024-09-04","category":"sans-serif","kind":"webfonts#webfont","menu":"https://fonts.gstatic.com/s/jura/v31/z7NOdRfiaC4Vd8hhoPzfb5vBTP1d7ZugR_0.ttf"},{"family":"Just Another Hand","version":"v20","lastModified":"2024-11-20","category":"handwriting","kind":"webfonts#webfont","menu":"https://fonts.gstatic.com/s/justanotherhand/v20/845CNN4-AJyIGvIou-6yJKyptyOpOfr-DG0.ttf"},{"family":"Just Me Again Down Here","version":"v24","lastModified":"2024-09-04","category":"handwriting","kind":"webfonts#webfont","menu":"https://fonts.gstatic.com/s/justmeagaindownhere/v24/MwQmbgXtz-Wc6RUEGNMc0QpRrfUh2hSdBBMoAtwGtKQ.ttf"},{"family":"K2D","version":"v11","lastModified":"2024-09-04","category":"sans-serif","kind":"webfonts#webfont","menu":"https://fonts.gstatic.com/s/k2d/v11/J7aTnpF2V0EjdqUp.ttf"},{"family":"Kablammo","version":"v1","lastModified":"2024-09-04","category":"display","kind":"webfonts#webfont","menu":"https://fonts.gstatic.com/s/kablammo/v1/bWtm7fHPcgrhC-J3lcXhcQTY5Ixs6Au9YgCTjhcV.ttf"},{"family":"Kadwa","version":"v11","lastModified":"2024-11-20","category":"serif","kind":"webfonts#webfont","menu":"https://fonts.gstatic.com/s/kadwa/v11/rnCm-x5V0g7ipiTGT8M.ttf"},{"family":"Kaisei Decol","version":"v10","lastModified":"2024-12-04","category":"serif","kind":"webfonts#webfont","menu":"https://fonts.gstatic.com/s/kaiseidecol/v10/bMrwmSqP45sidWf3QmfFW6iCWlsL.ttf"},{"family":"Kaisei HarunoUmi","version":"v10","lastModified":"2024-10-29","category":"serif","kind":"webfonts#webfont","menu":"https://fonts.gstatic.com/s/kaiseiharunoumi/v10/HI_RiZQSLqBQoAHhK_C6N_nzy_jcKsrztA.ttf"},{"family":"Kaisei Opti","version":"v10","lastModified":"2024-10-29","category":"serif","kind":"webfonts#webfont","menu":"https://fonts.gstatic.com/s/kaiseiopti/v10/QldKNThJphYb8_g6c2nlIGlf5q0.ttf"},{"family":"Kaisei Tokumin","version":"v10","lastModified":"2024-10-29","category":"serif","kind":"webfonts#webfont","menu":"https://fonts.gstatic.com/s/kaiseitokumin/v10/Gg8sN5wdZg7xCwuMsylww2ZiQnJe3Fk.ttf"},{"family":"Kalam","version":"v17","lastModified":"2024-10-29","category":"handwriting","kind":"webfonts#webfont","menu":"https://fonts.gstatic.com/s/kalam/v17/YA9dr0Wd4kDdMthXOCI.ttf"},{"family":"Kalnia","version":"v2","lastModified":"2024-09-04","category":"serif","kind":"webfonts#webfont","menu":"https://fonts.gstatic.com/s/kalnia/v2/11hqGpPCwUbbYwZZP0RBuDY62BQZhjvOytM_sLzi-TFWAW9illxQEtM.ttf"},{"family":"Kalnia Glaze","version":"v1","lastModified":"2024-09-04","category":"display","kind":"webfonts#webfont","menu":"https://fonts.gstatic.com/s/kalniaglaze/v1/wlpQgwHCBUNjrGrfu-hwowN1YyC-42Lu26VHf2LtOkAod0wTxm2tFYdL6knYI_w.ttf"},{"family":"Kameron","version":"v16","lastModified":"2024-09-04","category":"serif","kind":"webfonts#webfont","menu":"https://fonts.gstatic.com/s/kameron/v16/vm8pdR7vXErQxuznqrUS3z1Uw3nq4Ne3cYcat5c.ttf"},{"family":"Kanit","version":"v15","lastModified":"2024-09-04","category":"sans-serif","kind":"webfonts#webfont","menu":"https://fonts.gstatic.com/s/kanit/v15/nKKZ-Go6G5tXcraTGwU.ttf"},{"family":"Kantumruy Pro","version":"v9","lastModified":"2024-10-29","category":"sans-serif","kind":"webfonts#webfont","menu":"https://fonts.gstatic.com/s/kantumruypro/v9/1q2TY5aECkp34vEBSPFOmJxwvk_pilU8OGNfyg1urHs1OXo.ttf"},{"family":"Karantina","version":"v11","lastModified":"2024-09-04","category":"display","kind":"webfonts#webfont","menu":"https://fonts.gstatic.com/s/karantina/v11/buE0po24ccnh31GVMAB58Qo_.ttf"},{"family":"Karla","version":"v31","lastModified":"2024-09-04","category":"sans-serif","kind":"webfonts#webfont","menu":"https://fonts.gstatic.com/s/karla/v31/qkBIXvYC6trAT55ZBi1ueQVIjQTD-JqaFUlP.ttf"},{"family":"Karla Tamil Inclined","version":"v2","lastModified":"2024-10-29","category":"sans-serif","kind":"webfonts#webfont","menu":"https://fonts.gstatic.com/s/karlatamilinclined/v2/vm8pdQ3vXFXZ1aPd8dNzR82AFh2TibkaVocat5c.ttf"},{"family":"Karla Tamil Upright","version":"v2","lastModified":"2024-10-29","category":"sans-serif","kind":"webfonts#webfont","menu":"https://fonts.gstatic.com/s/karlatamilupright/v2/IFS4HfVMk95HnY0u6SeQ_cHoozW_3U5XkBN3gA.ttf"},{"family":"Karma","version":"v17","lastModified":"2024-10-29","category":"serif","kind":"webfonts#webfont","menu":"https://fonts.gstatic.com/s/karma/v17/va9I4kzAzMZRGLBuQeY.ttf"},{"family":"Katibeh","version":"v20","lastModified":"2024-10-29","category":"display","kind":"webfonts#webfont","menu":"https://fonts.gstatic.com/s/katibeh/v20/ZGjXol5MQJog4bxDWCxbUA.ttf"},{"family":"Kaushan Script","version":"v18","lastModified":"2024-09-04","category":"handwriting","kind":"webfonts#webfont","menu":"https://fonts.gstatic.com/s/kaushanscript/v18/vm8vdRfvXFLG3OLnsO15WYS5DG7-wNc.ttf"},{"family":"Kavivanar","version":"v20","lastModified":"2024-09-04","category":"handwriting","kind":"webfonts#webfont","menu":"https://fonts.gstatic.com/s/kavivanar/v20/o-0IIpQgyXYSwhxP7_Jr4zRF.ttf"},{"family":"Kavoon","version":"v23","lastModified":"2024-09-04","category":"display","kind":"webfonts#webfont","menu":"https://fonts.gstatic.com/s/kavoon/v23/pxiFyp4_scRYhlUINbD-.ttf"},{"family":"Kay Pho Du","version":"v2","lastModified":"2024-09-04","category":"serif","kind":"webfonts#webfont","menu":"https://fonts.gstatic.com/s/kayphodu/v2/jizfREFPvGNOx-jhPwHR0OitKA.ttf"},{"family":"Kdam Thmor Pro","version":"v5","lastModified":"2024-10-29","category":"sans-serif","kind":"webfonts#webfont","menu":"https://fonts.gstatic.com/s/kdamthmorpro/v5/EJRPQgAzVdcI-Qdvt34jzurnGD7-hcs.ttf"},{"family":"Keania One","version":"v24","lastModified":"2024-09-04","category":"display","kind":"webfonts#webfont","menu":"https://fonts.gstatic.com/s/keaniaone/v24/zOL54pXJk65E8pXardnu-cVkuw.ttf"},{"family":"Kelly Slab","version":"v17","lastModified":"2024-09-04","category":"display","kind":"webfonts#webfont","menu":"https://fonts.gstatic.com/s/kellyslab/v17/-W_7XJX0Rz3cxUnJC5t6fkILew.ttf"},{"family":"Kenia","version":"v28","lastModified":"2024-09-04","category":"display","kind":"webfonts#webfont","menu":"https://fonts.gstatic.com/s/kenia/v28/jizURE5PuHQH9pCPP0U.ttf"},{"family":"Khand","version":"v21","lastModified":"2024-11-20","category":"sans-serif","kind":"webfonts#webfont","menu":"https://fonts.gstatic.com/s/khand/v21/TwMA-IINQlQQ0bpUUnE.ttf"},{"family":"Khmer","version":"v34","lastModified":"2024-11-20","category":"sans-serif","kind":"webfonts#webfont","menu":"https://fonts.gstatic.com/s/khmer/v34/MjQImit_vPPwpG-Artk.ttf"},{"family":"Khula","version":"v16","lastModified":"2024-11-20","category":"sans-serif","kind":"webfonts#webfont","menu":"https://fonts.gstatic.com/s/khula/v16/OpNCnoEOns3V7GcIrgs.ttf"},{"family":"Kings","version":"v7","lastModified":"2024-09-04","category":"handwriting","kind":"webfonts#webfont","menu":"https://fonts.gstatic.com/s/kings/v7/8AtnGsK4O5CYXX_JoaU.ttf"},{"family":"Kirang Haerang","version":"v21","lastModified":"2024-08-12","category":"display","kind":"webfonts#webfont","menu":"https://fonts.gstatic.com/s/kiranghaerang/v21/E21-_dn_gvvIjhYON1lpIU4-bfquUvI.ttf"},{"family":"Kite One","version":"v22","lastModified":"2024-09-04","category":"sans-serif","kind":"webfonts#webfont","menu":"https://fonts.gstatic.com/s/kiteone/v22/70lQu7shLnA_E02vyp1a4n0.ttf"},{"family":"Kiwi Maru","version":"v19","lastModified":"2024-11-20","category":"serif","kind":"webfonts#webfont","menu":"https://fonts.gstatic.com/s/kiwimaru/v19/R70YjykGkuuDep-hRg6omQqU.ttf"},{"family":"Klee One","version":"v12","lastModified":"2024-11-20","category":"handwriting","kind":"webfonts#webfont","menu":"https://fonts.gstatic.com/s/kleeone/v12/LDIxapCLNRc6A8oT4p4BM-M.ttf"},{"family":"Knewave","version":"v14","lastModified":"2024-09-04","category":"display","kind":"webfonts#webfont","menu":"https://fonts.gstatic.com/s/knewave/v14/sykz-yx0lLcxQaSIhSu3_g.ttf"},{"family":"Kodchasan","version":"v17","lastModified":"2024-09-04","category":"sans-serif","kind":"webfonts#webfont","menu":"https://fonts.gstatic.com/s/kodchasan/v17/1cXxaUPOAJv9sG4I-DJWjnGA.ttf"},{"family":"Kode Mono","version":"v2","lastModified":"2024-09-04","category":"monospace","kind":"webfonts#webfont","menu":"https://fonts.gstatic.com/s/kodemono/v2/A2BLn5pb0QgtVEPFnlYkkaoBgw4qv9odq5myxDuZbA.ttf"},{"family":"Koh Santepheap","version":"v14","lastModified":"2024-11-20","category":"serif","kind":"webfonts#webfont","menu":"https://fonts.gstatic.com/s/kohsantepheap/v14/gNMdW3p6SJbwyGj2rBZyeOrTjNPgHVw.ttf"},{"family":"KoHo","version":"v16","lastModified":"2024-09-04","category":"sans-serif","kind":"webfonts#webfont","menu":"https://fonts.gstatic.com/s/koho/v16/K2F-fZ5fmddNNigUeA.ttf"},{"family":"Kolker Brush","version":"v6","lastModified":"2024-09-04","category":"handwriting","kind":"webfonts#webfont","menu":"https://fonts.gstatic.com/s/kolkerbrush/v6/iJWDBXWRZjfKWdvmzwvvog3O7ah-.ttf"},{"family":"Konkhmer Sleokchher","version":"v2","lastModified":"2024-09-04","category":"display","kind":"webfonts#webfont","menu":"https://fonts.gstatic.com/s/konkhmersleokchher/v2/_Xmw-GE-rjmabA_M-aPOZOsCrUv825LFE39-6A.ttf"},{"family":"Kosugi","version":"v15","lastModified":"2024-08-12","category":"sans-serif","kind":"webfonts#webfont","menu":"https://fonts.gstatic.com/s/kosugi/v15/pxiFyp4_v8FCjlIINbD-.ttf"},{"family":"Kosugi Maru","version":"v14","lastModified":"2024-08-12","category":"sans-serif","kind":"webfonts#webfont","menu":"https://fonts.gstatic.com/s/kosugimaru/v14/0nksC9PgP_wGh21A2KeqGhTrgP4.ttf"},{"family":"Kotta One","version":"v20","lastModified":"2024-09-04","category":"serif","kind":"webfonts#webfont","menu":"https://fonts.gstatic.com/s/kottaone/v20/S6u_w41LXzPc_jlfNWq_HQfo.ttf"},{"family":"Koulen","version":"v28","lastModified":"2024-08-12","category":"display","kind":"webfonts#webfont","menu":"https://fonts.gstatic.com/s/koulen/v28/AMOQz46as3KIBPemg3o5.ttf"},{"family":"Kranky","version":"v28","lastModified":"2024-09-04","category":"display","kind":"webfonts#webfont","menu":"https://fonts.gstatic.com/s/kranky/v28/hESw6XVgJzlPsFn8px2A.ttf"},{"family":"Kreon","version":"v37","lastModified":"2024-09-04","category":"serif","kind":"webfonts#webfont","menu":"https://fonts.gstatic.com/s/kreon/v37/t5t9IRIUKY-TFF_LW5lnMR3v2DnvYtiWez8b.ttf"},{"family":"Kristi","version":"v21","lastModified":"2024-09-04","category":"handwriting","kind":"webfonts#webfont","menu":"https://fonts.gstatic.com/s/kristi/v21/uK_y4ricdeU6zwdhCxcX.ttf"},{"family":"Krona One","version":"v14","lastModified":"2024-09-04","category":"sans-serif","kind":"webfonts#webfont","menu":"https://fonts.gstatic.com/s/kronaone/v14/jAnEgHdjHcjgfIb1ZcUyMIWl.ttf"},{"family":"Krub","version":"v9","lastModified":"2024-09-04","category":"sans-serif","kind":"webfonts#webfont","menu":"https://fonts.gstatic.com/s/krub/v9/sZlLdRyC6CRYbkcaCA.ttf"},{"family":"Kufam","version":"v21","lastModified":"2024-09-04","category":"sans-serif","kind":"webfonts#webfont","menu":"https://fonts.gstatic.com/s/kufam/v21/C8c-4cY7pG7w_oSJDszBXsKCcBH3lqkLqAqN.ttf"},{"family":"Kulim Park","version":"v14","lastModified":"2024-09-04","category":"sans-serif","kind":"webfonts#webfont","menu":"https://fonts.gstatic.com/s/kulimpark/v14/fdN79secq3hflz1Uu3IwhF8s4Q.ttf"},{"family":"Kumar One","version":"v24","lastModified":"2024-11-20","category":"display","kind":"webfonts#webfont","menu":"https://fonts.gstatic.com/s/kumarone/v24/bMr1mS-P958wYi6YaGe2NeSS.ttf"},{"family":"Kumar One Outline","version":"v17","lastModified":"2024-09-04","category":"display","kind":"webfonts#webfont","menu":"https://fonts.gstatic.com/s/kumaroneoutline/v17/Noao6VH62pyLP0fsrZ-v18wlUEcX9wDxTw8.ttf"},{"family":"Kumbh Sans","version":"v22","lastModified":"2024-09-04","category":"sans-serif","kind":"webfonts#webfont","menu":"https://fonts.gstatic.com/s/kumbhsans/v22/c4mP1n92AsfhuCq6tVsaoIx1LQICk0boNoq0SjlDfnzKo-bF3mdQkZYw8L7q.ttf"},{"family":"Kurale","version":"v12","lastModified":"2024-09-04","category":"serif","kind":"webfonts#webfont","menu":"https://fonts.gstatic.com/s/kurale/v12/4iCs6KV9e9dXjhoKeQ7z.ttf"},{"family":"La Belle Aurore","version":"v21","lastModified":"2024-11-20","category":"handwriting","kind":"webfonts#webfont","menu":"https://fonts.gstatic.com/s/labelleaurore/v21/RrQIbot8-mNYKnGNDkWlocovHeI4Gu2B.ttf"},{"family":"Labrada","version":"v2","lastModified":"2024-09-04","category":"serif","kind":"webfonts#webfont","menu":"https://fonts.gstatic.com/s/labrada/v2/ieVh2Y9HLWefIpOyF1Vi3ZqDss1Px9VTSzM5SvM.ttf"},{"family":"Lacquer","version":"v15","lastModified":"2024-09-04","category":"display","kind":"webfonts#webfont","menu":"https://fonts.gstatic.com/s/lacquer/v15/EYqzma1QwqpG4_BBN76KWg.ttf"},{"family":"Laila","version":"v18","lastModified":"2024-11-20","category":"sans-serif","kind":"webfonts#webfont","menu":"https://fonts.gstatic.com/s/laila/v18/LYjMdG_8nE8jDLRcgCM.ttf"},{"family":"Lakki Reddy","version":"v24","lastModified":"2024-11-20","category":"handwriting","kind":"webfonts#webfont","menu":"https://fonts.gstatic.com/s/lakkireddy/v24/S6u5w49MUSzD9jlCPmvLZTfpzd0.ttf"},{"family":"Lalezar","version":"v14","lastModified":"2024-09-04","category":"display","kind":"webfonts#webfont","menu":"https://fonts.gstatic.com/s/lalezar/v14/zrfl0HLVx-HwTP82YaH4Jg.ttf"},{"family":"Lancelot","version":"v26","lastModified":"2024-09-04","category":"display","kind":"webfonts#webfont","menu":"https://fonts.gstatic.com/s/lancelot/v26/J7acnppxBGtQEulG4KY5zps.ttf"},{"family":"Langar","version":"v27","lastModified":"2024-09-04","category":"display","kind":"webfonts#webfont","menu":"https://fonts.gstatic.com/s/langar/v27/kJEyBukW7AIlgjGlrD9d.ttf"},{"family":"Lateef","version":"v32","lastModified":"2024-12-04","category":"serif","kind":"webfonts#webfont","menu":"https://fonts.gstatic.com/s/lateef/v32/hESw6XVnNCxEvkb8px2A.ttf"},{"family":"Lato","version":"v24","lastModified":"2024-09-04","category":"sans-serif","kind":"webfonts#webfont","menu":"https://fonts.gstatic.com/s/lato/v24/S6uyw4BMUTPHjxgwWw.ttf"},{"family":"Lavishly Yours","version":"v5","lastModified":"2024-09-04","category":"handwriting","kind":"webfonts#webfont","menu":"https://fonts.gstatic.com/s/lavishlyyours/v5/jizDREVIvGwH5OjiZmX9r5z_WyUZ2zI.ttf"},{"family":"League Gothic","version":"v11","lastModified":"2024-09-04","category":"sans-serif","kind":"webfonts#webfont","menu":"https://fonts.gstatic.com/s/leaguegothic/v11/qFdR35CBi4tvBz81xy7WG7ep-BQAY7Krj7feObpH_9ang9A.ttf"},{"family":"League Script","version":"v28","lastModified":"2024-08-12","category":"handwriting","kind":"webfonts#webfont","menu":"https://fonts.gstatic.com/s/leaguescript/v28/CSR54zpSlumSWj9CGVsoBZdeWNJevA.ttf"},{"family":"League Spartan","version":"v11","lastModified":"2024-09-04","category":"sans-serif","kind":"webfonts#webfont","menu":"https://fonts.gstatic.com/s/leaguespartan/v11/kJEnBuEW6A0lliaV_m88ja5Twtx8BWhtkDVmjZvM_oTZBc1Y.ttf"},{"family":"Leckerli One","version":"v20","lastModified":"2024-09-04","category":"handwriting","kind":"webfonts#webfont","menu":"https://fonts.gstatic.com/s/leckerlione/v20/V8mCoQH8VCsNttEnxnGQ-1idLJZY.ttf"},{"family":"Ledger","version":"v16","lastModified":"2024-09-04","category":"serif","kind":"webfonts#webfont","menu":"https://fonts.gstatic.com/s/ledger/v16/j8_q6-HK1L3if_sBmsr0.ttf"},{"family":"Lekton","version":"v20","lastModified":"2024-09-04","category":"monospace","kind":"webfonts#webfont","menu":"https://fonts.gstatic.com/s/lekton/v20/SZc43FDmLaWmWpBuXh3s.ttf"},{"family":"Lemon","version":"v17","lastModified":"2024-09-04","category":"display","kind":"webfonts#webfont","menu":"https://fonts.gstatic.com/s/lemon/v17/HI_EiYEVKqRMq3jAQ5E.ttf"},{"family":"Lemonada","version":"v28","lastModified":"2024-09-04","category":"display","kind":"webfonts#webfont","menu":"https://fonts.gstatic.com/s/lemonada/v28/0QI-MXFD9oygTWy_R-FFlwV-bgfR7QJGeutGmP-Y.ttf"},{"family":"Lexend","version":"v23","lastModified":"2024-09-30","category":"sans-serif","kind":"webfonts#webfont","menu":"https://fonts.gstatic.com/s/lexend/v23/wlptgwvFAVdoq2_F94zlCfv0bz1WCzsWzLFnfw.ttf"},{"family":"Lexend Deca","version":"v21","lastModified":"2024-09-04","category":"sans-serif","kind":"webfonts#webfont","menu":"https://fonts.gstatic.com/s/lexenddeca/v21/K2FifZFYk-dHSE0UPPuwQ7CrD94i-NCKm-U48M1wrRnG.ttf"},{"family":"Lexend Exa","version":"v30","lastModified":"2024-09-04","category":"sans-serif","kind":"webfonts#webfont","menu":"https://fonts.gstatic.com/s/lexendexa/v30/UMBCrPdOoHOnxExyjdBeQCH18mulUxBvI9r7TpbGFps.ttf"},{"family":"Lexend Giga","version":"v25","lastModified":"2024-09-04","category":"sans-serif","kind":"webfonts#webfont","menu":"https://fonts.gstatic.com/s/lexendgiga/v25/PlIuFl67Mah5Y8yMHE7lkUZPlTBo4MWFfNRC2Li06sAs.ttf"},{"family":"Lexend Mega","version":"v25","lastModified":"2024-09-04","category":"sans-serif","kind":"webfonts#webfont","menu":"https://fonts.gstatic.com/s/lexendmega/v25/qFdX35aBi5JtHD41zSTFEuTByuvYFuE9IbDL8fmfvOam.ttf"},{"family":"Lexend Peta","version":"v27","lastModified":"2024-09-04","category":"sans-serif","kind":"webfonts#webfont","menu":"https://fonts.gstatic.com/s/lexendpeta/v27/BXR4vFPGjeLPh0kCfI4OkFX-UTQHSCaxvBgR6SBCWlwq.ttf"},{"family":"Lexend Tera","version":"v27","lastModified":"2024-09-04","category":"sans-serif","kind":"webfonts#webfont","menu":"https://fonts.gstatic.com/s/lexendtera/v27/RrQDbo98_jt_IXnBPwCWtYJLZ3P4hnaGKFiM5zMjd5bw.ttf"},{"family":"Lexend Zetta","version":"v28","lastModified":"2024-09-04","category":"sans-serif","kind":"webfonts#webfont","menu":"https://fonts.gstatic.com/s/lexendzetta/v28/ll8uK2KYXje7CdOFnEWcU8synQbuVYjYB3BCy9bG4z9pag.ttf"},{"family":"Libre Barcode 128","version":"v28","lastModified":"2024-08-12","category":"display","kind":"webfonts#webfont","menu":"https://fonts.gstatic.com/s/librebarcode128/v28/cIfnMbdUsUoiW3O_hVviCwVjuLtXeK_B9Ac.ttf"},{"family":"Libre Barcode 128 Text","version":"v28","lastModified":"2024-08-12","category":"display","kind":"webfonts#webfont","menu":"https://fonts.gstatic.com/s/librebarcode128text/v28/fdNv9tubt3ZEnz1Gu3I4-zppwZ9CWZ16Z0w5QVzS7A.ttf"},{"family":"Libre Barcode 39","version":"v21","lastModified":"2024-08-12","category":"display","kind":"webfonts#webfont","menu":"https://fonts.gstatic.com/s/librebarcode39/v21/-nFnOHM08vwC6h8Li1eQnP_AHzI2G_Zx1w.ttf"},{"family":"Libre Barcode 39 Extended","version":"v27","lastModified":"2024-08-12","category":"display","kind":"webfonts#webfont","menu":"https://fonts.gstatic.com/s/librebarcode39extended/v27/8At7Gt6_O5yNS0-K4Nf5U922qSzhJ3dUdfJpwNUgTNVIPQ.ttf"},{"family":"Libre Barcode 39 Extended Text","version":"v27","lastModified":"2024-08-12","category":"display","kind":"webfonts#webfont","menu":"https://fonts.gstatic.com/s/librebarcode39extendedtext/v27/eLG1P_rwIgOiDA7yrs9LoKaYRVLQ1YldrrOnnL7xPO4jNP6Mfbgm.ttf"},{"family":"Libre Barcode 39 Text","version":"v28","lastModified":"2024-08-12","category":"display","kind":"webfonts#webfont","menu":"https://fonts.gstatic.com/s/librebarcode39text/v28/sJoa3KhViNKANw_E3LwoDXvs5Un0HQ1vT-0H1B5P.ttf"},{"family":"Libre Barcode EAN13 Text","version":"v21","lastModified":"2024-08-12","category":"display","kind":"webfonts#webfont","menu":"https://fonts.gstatic.com/s/librebarcodeean13text/v21/wlpigxXFDU1_oCu9nfZytgIqSG0XRcJm_OQiB96_AWsg.ttf"},{"family":"Libre Baskerville","version":"v14","lastModified":"2024-09-04","category":"serif","kind":"webfonts#webfont","menu":"https://fonts.gstatic.com/s/librebaskerville/v14/kmKnZrc3Hgbbcjq75U4uslyuy4kn0qNfaxY.ttf"},{"family":"Libre Bodoni","version":"v5","lastModified":"2024-09-04","category":"serif","kind":"webfonts#webfont","menu":"https://fonts.gstatic.com/s/librebodoni/v5/_Xm--H45qDWDYULr5OfyZudXzSBgY2oMBGte6I1f8W3TdA.ttf"},{"family":"Libre Caslon Display","version":"v16","lastModified":"2024-09-04","category":"serif","kind":"webfonts#webfont","menu":"https://fonts.gstatic.com/s/librecaslondisplay/v16/TuGOUUFxWphYQ6YI6q9Xp61FQzxDRKmzr1lQfxw.ttf"},{"family":"Libre Caslon Text","version":"v5","lastModified":"2024-09-04","category":"serif","kind":"webfonts#webfont","menu":"https://fonts.gstatic.com/s/librecaslontext/v5/DdT878IGsGw1aF1JU10PUbTvNNaDMfq-1-c.ttf"},{"family":"Libre Franklin","version":"v18","lastModified":"2024-09-30","category":"sans-serif","kind":"webfonts#webfont","menu":"https://fonts.gstatic.com/s/librefranklin/v18/jizOREVItHgc8qDIbSTKq4XkRg8T88bjFuXOnduhLsWkBtDM.ttf"},{"family":"Licorice","version":"v6","lastModified":"2024-09-04","category":"handwriting","kind":"webfonts#webfont","menu":"https://fonts.gstatic.com/s/licorice/v6/t5tjIR8TMomTCAyjNn22jKY.ttf"},{"family":"Life Savers","version":"v21","lastModified":"2024-09-04","category":"display","kind":"webfonts#webfont","menu":"https://fonts.gstatic.com/s/lifesavers/v21/ZXuie1UftKKabUQMgxAal8lqHA4.ttf"},{"family":"Lilita One","version":"v15","lastModified":"2024-09-04","category":"display","kind":"webfonts#webfont","menu":"https://fonts.gstatic.com/s/lilitaone/v15/i7dPIFZ9Zz-WBtRtedDbYEd8QA.ttf"},{"family":"Lily Script One","version":"v15","lastModified":"2024-09-04","category":"display","kind":"webfonts#webfont","menu":"https://fonts.gstatic.com/s/lilyscriptone/v15/LhW9MV7ZMfIPdMxeBjBvFN8SXLSIg86n.ttf"},{"family":"Limelight","version":"v19","lastModified":"2024-09-04","category":"display","kind":"webfonts#webfont","menu":"https://fonts.gstatic.com/s/limelight/v19/XLYkIZL7aopJVbZJHDuoPOlC.ttf"},{"family":"Linden Hill","version":"v25","lastModified":"2024-11-20","category":"serif","kind":"webfonts#webfont","menu":"https://fonts.gstatic.com/s/lindenhill/v25/-F61fjxoKSg9Yc3hZgO8yjFJ5ig.ttf"},{"family":"Linefont","version":"v5","lastModified":"2024-08-12","category":"display","kind":"webfonts#webfont","menu":"https://fonts.gstatic.com/s/linefont/v5/dg4I_pzpoqcLKUIzVfFMh1TF2rkhli25jn7CKTTWSumsFuSnY4UMXu_nnQ.ttf"},{"family":"Lisu Bosa","version":"v2","lastModified":"2024-09-04","category":"serif","kind":"webfonts#webfont","menu":"https://fonts.gstatic.com/s/lisubosa/v2/3XFoErkv240fsdmJRJQflkHm.ttf"},{"family":"Literata","version":"v35","lastModified":"2024-09-04","category":"serif","kind":"webfonts#webfont","menu":"https://fonts.gstatic.com/s/literata/v35/or3PQ6P12-iJxAIgLa78DkrbXsDgk0oVDaDPYLanFLHpPf2TbBG_J_fWSQ.ttf"},{"family":"Liu Jian Mao Cao","version":"v23","lastModified":"2024-11-20","category":"handwriting","kind":"webfonts#webfont","menu":"https://fonts.gstatic.com/s/liujianmaocao/v23/845DNN84HJrccNonurqXILGpvCOoTevfLA.ttf"},{"family":"Livvic","version":"v14","lastModified":"2024-09-04","category":"sans-serif","kind":"webfonts#webfont","menu":"https://fonts.gstatic.com/s/livvic/v14/rnCp-x1S2hzjrlfXbuM-.ttf"},{"family":"Lobster","version":"v30","lastModified":"2024-09-04","category":"display","kind":"webfonts#webfont","menu":"https://fonts.gstatic.com/s/lobster/v30/neILzCirqoswsqX9zoSmNg.ttf"},{"family":"Lobster Two","version":"v20","lastModified":"2024-09-04","category":"display","kind":"webfonts#webfont","menu":"https://fonts.gstatic.com/s/lobstertwo/v20/BngMUXZGTXPUvIoyV6yN5-fL5qA.ttf"},{"family":"Londrina Outline","version":"v27","lastModified":"2024-09-04","category":"display","kind":"webfonts#webfont","menu":"https://fonts.gstatic.com/s/londrinaoutline/v27/C8c44dM8vmb14dfsZxhetg3pDH-STus7qQ.ttf"},{"family":"Londrina Shadow","version":"v26","lastModified":"2024-09-04","category":"display","kind":"webfonts#webfont","menu":"https://fonts.gstatic.com/s/londrinashadow/v26/oPWX_kB4kOQoWNJmjxLV5JuoCUlnR1yW.ttf"},{"family":"Londrina Sketch","version":"v25","lastModified":"2024-09-04","category":"display","kind":"webfonts#webfont","menu":"https://fonts.gstatic.com/s/londrinasketch/v25/c4m41npxGMTnomOHtRU68eIJn8qvWGP9.ttf"},{"family":"Londrina Solid","version":"v17","lastModified":"2024-09-04","category":"display","kind":"webfonts#webfont","menu":"https://fonts.gstatic.com/s/londrinasolid/v17/flUhRq6sw40kQEJxWNgkLuudGfNYKBY.ttf"},{"family":"Long Cang","version":"v17","lastModified":"2024-08-12","category":"handwriting","kind":"webfonts#webfont","menu":"https://fonts.gstatic.com/s/longcang/v17/LYjAdGP8kkgoTec8zkRQrHov.ttf"},{"family":"Lora","version":"v35","lastModified":"2024-09-04","category":"serif","kind":"webfonts#webfont","menu":"https://fonts.gstatic.com/s/lora/v35/0QI6MX1D_JOuGQbT0gvTJPa787weuxJHkqg.ttf"},{"family":"Love Light","version":"v6","lastModified":"2024-09-04","category":"handwriting","kind":"webfonts#webfont","menu":"https://fonts.gstatic.com/s/lovelight/v6/t5tlIR0TNJyZWimpNAXDvKfIzQ.ttf"},{"family":"Love Ya Like A Sister","version":"v22","lastModified":"2024-09-04","category":"display","kind":"webfonts#webfont","menu":"https://fonts.gstatic.com/s/loveyalikeasister/v22/R70EjzUBlOqPeouhFDfR80-0FhOqJubN-BeL83xY.ttf"},{"family":"Loved by the King","version":"v22","lastModified":"2024-11-20","category":"handwriting","kind":"webfonts#webfont","menu":"https://fonts.gstatic.com/s/lovedbytheking/v22/Gw6gwdP76VDVJNXerebZxUMeRXUF2MiMn3U.ttf"},{"family":"Lovers Quarrel","version":"v23","lastModified":"2024-09-04","category":"handwriting","kind":"webfonts#webfont","menu":"https://fonts.gstatic.com/s/loversquarrel/v23/Yq6N-LSKXTL-5bCy8ksBzpQ_-wAtab4.ttf"},{"family":"Luckiest Guy","version":"v23","lastModified":"2024-11-20","category":"display","kind":"webfonts#webfont","menu":"https://fonts.gstatic.com/s/luckiestguy/v23/_gP_1RrxsjcxVyin9l9n_j2hS95z.ttf"},{"family":"Lugrasimo","version":"v4","lastModified":"2024-09-04","category":"handwriting","kind":"webfonts#webfont","menu":"https://fonts.gstatic.com/s/lugrasimo/v4/qkBXXvoF_s_eT9c7Y7au5Z5P.ttf"},{"family":"Lumanosimo","version":"v4","lastModified":"2024-09-04","category":"handwriting","kind":"webfonts#webfont","menu":"https://fonts.gstatic.com/s/lumanosimo/v4/K2F0fZBYg_JDSEZHEfO8MouABw.ttf"},{"family":"Lunasima","version":"v1","lastModified":"2024-09-04","category":"sans-serif","kind":"webfonts#webfont","menu":"https://fonts.gstatic.com/s/lunasima/v1/wEO-EBvPh9RSOj7JFDwkcdo.ttf"},{"family":"Lusitana","version":"v13","lastModified":"2024-09-04","category":"serif","kind":"webfonts#webfont","menu":"https://fonts.gstatic.com/s/lusitana/v13/CSR84z9ShvucWzsMKyhbTOc.ttf"},{"family":"Lustria","version":"v13","lastModified":"2024-09-04","category":"serif","kind":"webfonts#webfont","menu":"https://fonts.gstatic.com/s/lustria/v13/9oRONYodvDEyjuhOnCkzNg.ttf"},{"family":"Luxurious Roman","version":"v8","lastModified":"2024-09-04","category":"display","kind":"webfonts#webfont","menu":"https://fonts.gstatic.com/s/luxuriousroman/v8/buEupou_ZcP1w0yTKxJJokVSmbpaYw0g.ttf"},{"family":"Luxurious Script","version":"v7","lastModified":"2024-09-04","category":"handwriting","kind":"webfonts#webfont","menu":"https://fonts.gstatic.com/s/luxuriousscript/v7/ahcCv9e7yydulT32KZ0rBIoD7DzMs0vEaw.ttf"},{"family":"LXGW WenKai Mono TC","version":"v5","lastModified":"2024-09-04","category":"monospace","kind":"webfonts#webfont","menu":"https://fonts.gstatic.com/s/lxgwwenkaimonotc/v5/pxiYyos4iPVgyWx9WtufHnsIf5nkaB0Hum-Ipg.ttf"},{"family":"LXGW WenKai TC","version":"v5","lastModified":"2024-09-04","category":"handwriting","kind":"webfonts#webfont","menu":"https://fonts.gstatic.com/s/lxgwwenkaitc/v5/w8gDH20td8wNsI3f40DmtXZb4_uLJ9k.ttf"},{"family":"M PLUS 1","version":"v12","lastModified":"2024-11-07","category":"sans-serif","kind":"webfonts#webfont","menu":"https://fonts.gstatic.com/s/mplus1/v12/R70EjygA28ymD4HgBUGzkN5Eyoj-WpW5VSaL83xY.ttf"},{"family":"M PLUS 1 Code","version":"v14","lastModified":"2024-11-07","category":"monospace","kind":"webfonts#webfont","menu":"https://fonts.gstatic.com/s/mplus1code/v14/ypvMbXOOx2xFpzmYJS3N2_J2hBN6RZ5oIp8m_7iN0EHoYJg.ttf"},{"family":"M PLUS 1p","version":"v31","lastModified":"2024-11-07","category":"sans-serif","kind":"webfonts#webfont","menu":"https://fonts.gstatic.com/s/mplus1p/v31/e3tjeuShHdiFyPFzBRrY-TQA.ttf"},{"family":"M PLUS 2","version":"v12","lastModified":"2024-11-07","category":"sans-serif","kind":"webfonts#webfont","menu":"https://fonts.gstatic.com/s/mplus2/v12/7Auhp_Eq3gO_OGbGGhjdwrDdpeIBxlkwOa6lx1CD.ttf"},{"family":"M PLUS Code Latin","version":"v13","lastModified":"2024-09-04","category":"sans-serif","kind":"webfonts#webfont","menu":"https://fonts.gstatic.com/s/mpluscodelatin/v13/hv-ylyV-aXg7x7tULiNXXBA0Np4WMS8fDIymHY8fy8wn4_ifLAtrObKDO0Xf1EbA2i9GrA.ttf"},{"family":"M PLUS Rounded 1c","version":"v16","lastModified":"2024-09-04","category":"sans-serif","kind":"webfonts#webfont","menu":"https://fonts.gstatic.com/s/mplusrounded1c/v16/VdGEAYIAV6gnpUpoWwNkYvrugw9RuMWHxLs.ttf"},{"family":"Ma Shan Zheng","version":"v10","lastModified":"2024-08-12","category":"handwriting","kind":"webfonts#webfont","menu":"https://fonts.gstatic.com/s/mashanzheng/v10/NaPecZTRCLxvwo41b4gvzkXadMXmCA.ttf"},{"family":"Macondo","version":"v25","lastModified":"2024-09-04","category":"display","kind":"webfonts#webfont","menu":"https://fonts.gstatic.com/s/macondo/v25/RrQQboN9-iB1IXmOe2TE1A.ttf"},{"family":"Macondo Swash Caps","version":"v24","lastModified":"2024-09-04","category":"display","kind":"webfonts#webfont","menu":"https://fonts.gstatic.com/s/macondoswashcaps/v24/6NUL8EaAJgGKZA7lpt941Z9s6ZYgDq6-e0Ae.ttf"},{"family":"Mada","version":"v19","lastModified":"2024-09-04","category":"sans-serif","kind":"webfonts#webfont","menu":"https://fonts.gstatic.com/s/mada/v19/7Aulp_0qnzeSVz7u3PJLcUMYOFnOkEkx0e0.ttf"},{"family":"Madimi One","version":"v1","lastModified":"2024-09-04","category":"sans-serif","kind":"webfonts#webfont","menu":"https://fonts.gstatic.com/s/madimione/v1/2V0YKIEADpA8U6RygDnZVFUiAg.ttf"},{"family":"Magra","version":"v14","lastModified":"2024-09-04","category":"sans-serif","kind":"webfonts#webfont","menu":"https://fonts.gstatic.com/s/magra/v14/uK_94ruaZus72n5wKjc.ttf"},{"family":"Maiden Orange","version":"v30","lastModified":"2024-11-20","category":"serif","kind":"webfonts#webfont","menu":"https://fonts.gstatic.com/s/maidenorange/v30/kJE1BuIX7AUmhi2V4m08kb1XvOdXDQ.ttf"},{"family":"Maitree","version":"v10","lastModified":"2024-09-04","category":"serif","kind":"webfonts#webfont","menu":"https://fonts.gstatic.com/s/maitree/v10/MjQGmil5tffhpBrkntiseA.ttf"},{"family":"Major Mono Display","version":"v16","lastModified":"2024-09-04","category":"monospace","kind":"webfonts#webfont","menu":"https://fonts.gstatic.com/s/majormonodisplay/v16/RWmVoLyb5fEqtsfBX9PDZIGr2tFubRh7C3eU.ttf"},{"family":"Mako","version":"v19","lastModified":"2024-09-04","category":"sans-serif","kind":"webfonts#webfont","menu":"https://fonts.gstatic.com/s/mako/v19/H4coBX6Mmc_Z4SX-8g.ttf"},{"family":"Mali","version":"v10","lastModified":"2024-09-04","category":"handwriting","kind":"webfonts#webfont","menu":"https://fonts.gstatic.com/s/mali/v10/N0ba2SRONuN4SCvECg.ttf"},{"family":"Mallanna","version":"v14","lastModified":"2024-08-12","category":"sans-serif","kind":"webfonts#webfont","menu":"https://fonts.gstatic.com/s/mallanna/v14/hv-Vlzx-KEQb84YaDFwyGTA.ttf"},{"family":"Maname","version":"v1","lastModified":"2024-09-04","category":"serif","kind":"webfonts#webfont","menu":"https://fonts.gstatic.com/s/maname/v1/gNMFW3J8RpCx9myI2VMC.ttf"},{"family":"Mandali","version":"v15","lastModified":"2024-08-12","category":"sans-serif","kind":"webfonts#webfont","menu":"https://fonts.gstatic.com/s/mandali/v15/LhWlMVbYOfASNfNUZFg_YA.ttf"},{"family":"Manjari","version":"v12","lastModified":"2024-09-04","category":"sans-serif","kind":"webfonts#webfont","menu":"https://fonts.gstatic.com/s/manjari/v12/k3kQo8UPMOBO2w1Ufd_oKw.ttf"},{"family":"Manrope","version":"v15","lastModified":"2024-08-12","category":"sans-serif","kind":"webfonts#webfont","menu":"https://fonts.gstatic.com/s/manrope/v15/xn7_YHE41ni1AdIRqAuZuw1Bx9mbZk79FN_E-bw.ttf"},{"family":"Mansalva","version":"v14","lastModified":"2024-09-04","category":"handwriting","kind":"webfonts#webfont","menu":"https://fonts.gstatic.com/s/mansalva/v14/aWB4m0aacbtDfvq5NKlkKYo.ttf"},{"family":"Manuale","version":"v28","lastModified":"2024-09-04","category":"serif","kind":"webfonts#webfont","menu":"https://fonts.gstatic.com/s/manuale/v28/f0Xp0eas_8Z-TFZdHv3mMxFaSqASeeHke4wC3zQ.ttf"},{"family":"Marcellus","version":"v13","lastModified":"2024-09-04","category":"serif","kind":"webfonts#webfont","menu":"https://fonts.gstatic.com/s/marcellus/v13/wEO_EBrOk8hQLDvIAF81UPoP.ttf"},{"family":"Marcellus SC","version":"v13","lastModified":"2024-09-04","category":"serif","kind":"webfonts#webfont","menu":"https://fonts.gstatic.com/s/marcellussc/v13/ke8iOgUHP1dg-Rmi6RWjbLE_gNaZ.ttf"},{"family":"Marck Script","version":"v20","lastModified":"2024-09-04","category":"handwriting","kind":"webfonts#webfont","menu":"https://fonts.gstatic.com/s/marckscript/v20/nwpTtK2oNgBA3Or78gapdwuyzig6.ttf"},{"family":"Margarine","version":"v25","lastModified":"2024-09-04","category":"display","kind":"webfonts#webfont","menu":"https://fonts.gstatic.com/s/margarine/v25/qkBXXvoE6trLT9Y7YLyu5Z5P.ttf"},{"family":"Marhey","version":"v6","lastModified":"2024-09-04","category":"display","kind":"webfonts#webfont","menu":"https://fonts.gstatic.com/s/marhey/v6/x3d8ck7Laq-T7wl7mqfVrEe9sDvtBctwC2YdjA.ttf"},{"family":"Markazi Text","version":"v23","lastModified":"2024-09-04","category":"serif","kind":"webfonts#webfont","menu":"https://fonts.gstatic.com/s/markazitext/v23/sykh-ydym6AtQaiEtX7yhqb_rV1k_81ZVYYZtfSQf4IvAQ.ttf"},{"family":"Marko One","version":"v23","lastModified":"2024-09-04","category":"serif","kind":"webfonts#webfont","menu":"https://fonts.gstatic.com/s/markoone/v23/9Btq3DFG0cnVM5lw1haqK58b.ttf"},{"family":"Marmelad","version":"v18","lastModified":"2024-09-04","category":"sans-serif","kind":"webfonts#webfont","menu":"https://fonts.gstatic.com/s/marmelad/v18/Qw3eZQdSHj_jK2e-8uFKEeI.ttf"},{"family":"Martel","version":"v11","lastModified":"2024-09-04","category":"serif","kind":"webfonts#webfont","menu":"https://fonts.gstatic.com/s/martel/v11/PN_xRfK9oXHga0XdYMg6.ttf"},{"family":"Martel Sans","version":"v13","lastModified":"2024-09-04","category":"sans-serif","kind":"webfonts#webfont","menu":"https://fonts.gstatic.com/s/martelsans/v13/h0GsssGi7VdzDgKjM-4d8hjex-s.ttf"},{"family":"Martian Mono","version":"v3","lastModified":"2024-09-04","category":"monospace","kind":"webfonts#webfont","menu":"https://fonts.gstatic.com/s/martianmono/v3/2V08KIcADoYhV6w87xrTKjs4CYElh_VS9YA4TlTnQzaVMIE6j15dYY1qu_6XBbo.ttf"},{"family":"Marvel","version":"v16","lastModified":"2024-09-04","category":"sans-serif","kind":"webfonts#webfont","menu":"https://fonts.gstatic.com/s/marvel/v16/nwpVtKeoNgBV0qa4kFTA.ttf"},{"family":"Mate","version":"v17","lastModified":"2024-09-04","category":"serif","kind":"webfonts#webfont","menu":"https://fonts.gstatic.com/s/mate/v17/m8JdjftRd7WZ6zy2Xg.ttf"},{"family":"Mate SC","version":"v22","lastModified":"2024-09-04","category":"serif","kind":"webfonts#webfont","menu":"https://fonts.gstatic.com/s/matesc/v22/-nF8OGQ1-uoVr2wK-iTT8w.ttf"},{"family":"Matemasie","version":"v3","lastModified":"2024-11-07","category":"sans-serif","kind":"webfonts#webfont","menu":"https://fonts.gstatic.com/s/matemasie/v3/OD5BuMCN3ne3Gmr7dlLHrUC8.ttf"},{"family":"Material Icons","version":"v142","lastModified":"2024-08-12","category":"monospace","kind":"webfonts#webfont","menu":"https://fonts.gstatic.com/s/materialicons/v142/flUhRq6tzZclQEJ-Vdg-IuiaDvNYKBY.ttf"},{"family":"Material Icons Outlined","version":"v109","lastModified":"2024-08-12","category":"monospace","kind":"webfonts#webfont","menu":"https://fonts.gstatic.com/s/materialiconsoutlined/v109/gok-H7zzDkdnRel8-DQ6KAXJ69wP1tGnf4ZGhXcanZM.otf"},{"family":"Material Icons Round","version":"v108","lastModified":"2024-08-12","category":"monospace","kind":"webfonts#webfont","menu":"https://fonts.gstatic.com/s/materialiconsround/v108/LDItaoyNOAY6Uewc665JcIzCKsKc_M9flzmLofU.otf"},{"family":"Material Icons Sharp","version":"v109","lastModified":"2024-08-12","category":"monospace","kind":"webfonts#webfont","menu":"https://fonts.gstatic.com/s/materialiconssharp/v109/oPWQ_lt5nv4pWNJpghLP75WiFR4kLh3kvlvVKGM.otf"},{"family":"Material Icons Two Tone","version":"v112","lastModified":"2024-08-12","category":"monospace","kind":"webfonts#webfont","menu":"https://fonts.gstatic.com/s/materialiconstwotone/v112/hESh6WRmNCxEqUmNyh3JDeGxjVVyMg4tHGctNBuwPDI.otf"},{"family":"Material Symbols Outlined","version":"v222","lastModified":"2024-12-04","category":"monospace","kind":"webfonts#webfont","menu":"https://fonts.gstatic.com/s/materialsymbolsoutlined/v222/kJF1BvYX7BgnkSrUwT8OhrdQw4oELdPIeeII9v6oDMzByHX9rA6RzaxHMPdY43zj-jCxv3fzvRNU22ZXGJpEpjC_1v-p_4MrImHCIJIZrDCvHNenZ9o.ttf"},{"family":"Material Symbols Rounded","version":"v222","lastModified":"2024-12-04","category":"monospace","kind":"webfonts#webfont","menu":"https://fonts.gstatic.com/s/materialsymbolsrounded/v222/syl0-zNym6YjUruM-QrEh7-nyTnjDwKNJ_190FjpZIvDmUSVOK7BDB_Qb9vUSzq3wzLK-P0J-V_Zs-QtQth3-jOcbTCVpeRL2w5rwZu2rIelbxODLA.ttf"},{"family":"Material Symbols Sharp","version":"v218","lastModified":"2024-12-04","category":"monospace","kind":"webfonts#webfont","menu":"https://fonts.gstatic.com/s/materialsymbolssharp/v218/gNNBW2J8Roq16WD5tFNRaeLQk6-SHQ_R00k4c2_whPnoY9ruReaU4bHmz74m0ZkGH-VBYe1x0TV6x4yFH8F-H5OdzEL3sVTgJtfbYxOLogCPLVU.ttf"},{"family":"Maven Pro","version":"v36","lastModified":"2024-09-04","category":"sans-serif","kind":"webfonts#webfont","menu":"https://fonts.gstatic.com/s/mavenpro/v36/7Auup_AqnyWWAxW2Wk3swUz56MS91Eww8SX21nGjpw.ttf"},{"family":"McLaren","version":"v17","lastModified":"2024-09-04","category":"display","kind":"webfonts#webfont","menu":"https://fonts.gstatic.com/s/mclaren/v17/2EbnL-ZuAXFqZFXIeYcV9w.ttf"},{"family":"Mea Culpa","version":"v6","lastModified":"2024-09-04","category":"handwriting","kind":"webfonts#webfont","menu":"https://fonts.gstatic.com/s/meaculpa/v6/AMOTz4GcuWbEIuza8jspm8cU.ttf"},{"family":"Meddon","version":"v25","lastModified":"2024-11-20","category":"handwriting","kind":"webfonts#webfont","menu":"https://fonts.gstatic.com/s/meddon/v25/kmK8ZqA2EgDNeHTphR1F.ttf"},{"family":"MedievalSharp","version":"v26","lastModified":"2024-09-04","category":"display","kind":"webfonts#webfont","menu":"https://fonts.gstatic.com/s/medievalsharp/v26/EvOJzAlL3oU5AQl2mP5KdgptMq5wNw.ttf"},{"family":"Medula One","version":"v19","lastModified":"2024-09-04","category":"display","kind":"webfonts#webfont","menu":"https://fonts.gstatic.com/s/medulaone/v19/YA9Wr0qb5kjJM6l2V0yuoiAgtw.ttf"},{"family":"Meera Inimai","version":"v12","lastModified":"2024-09-04","category":"sans-serif","kind":"webfonts#webfont","menu":"https://fonts.gstatic.com/s/meerainimai/v12/845fNMM5EIqOW5MPuvO3ILeZ_mLH.ttf"},{"family":"Megrim","version":"v17","lastModified":"2024-11-20","category":"display","kind":"webfonts#webfont","menu":"https://fonts.gstatic.com/s/megrim/v17/46kulbz5WjvLqJZVbG_k.ttf"},{"family":"Meie Script","version":"v21","lastModified":"2024-09-04","category":"handwriting","kind":"webfonts#webfont","menu":"https://fonts.gstatic.com/s/meiescript/v21/_LOImzDK7erRjhunIspaMgxm7oE.ttf"},{"family":"Meow Script","version":"v5","lastModified":"2024-09-04","category":"handwriting","kind":"webfonts#webfont","menu":"https://fonts.gstatic.com/s/meowscript/v5/0FlQVPqanlaJrtr8AnJ0ERcg2fk.ttf"},{"family":"Merienda","version":"v19","lastModified":"2024-09-04","category":"handwriting","kind":"webfonts#webfont","menu":"https://fonts.gstatic.com/s/merienda/v19/gNMaW3x8Qoy5_mf8uUkJGHtiYXjmKFy5enhYSET4.ttf"},{"family":"Merriweather","version":"v30","lastModified":"2024-09-04","category":"serif","kind":"webfonts#webfont","menu":"https://fonts.gstatic.com/s/merriweather/v30/u-440qyriQwlOrhSvowK_l5-eiZJ.ttf"},{"family":"Merriweather Sans","version":"v26","lastModified":"2024-09-04","category":"sans-serif","kind":"webfonts#webfont","menu":"https://fonts.gstatic.com/s/merriweathersans/v26/2-cO9IRs1JiJN1FRAMjTN5zd9vgsFF_5asQTb6hZ2JKZou4Vj-sC.ttf"},{"family":"Metal","version":"v30","lastModified":"2024-08-12","category":"display","kind":"webfonts#webfont","menu":"https://fonts.gstatic.com/s/metal/v30/lW-wwjUJIXTo7h3mlIA.ttf"},{"family":"Metal Mania","version":"v22","lastModified":"2024-09-04","category":"display","kind":"webfonts#webfont","menu":"https://fonts.gstatic.com/s/metalmania/v22/RWmMoKWb4e8kqMfBUdPFJdXDiaE.ttf"},{"family":"Metamorphous","version":"v20","lastModified":"2024-09-04","category":"display","kind":"webfonts#webfont","menu":"https://fonts.gstatic.com/s/metamorphous/v20/Wnz8HA03aAXcC39ZEX5y133EPSqp.ttf"},{"family":"Metrophobic","version":"v23","lastModified":"2024-09-04","category":"sans-serif","kind":"webfonts#webfont","menu":"https://fonts.gstatic.com/s/metrophobic/v23/sJoA3LZUhMSAPV_u0qwiAQ-I5Xo.ttf"},{"family":"Michroma","version":"v19","lastModified":"2024-09-04","category":"sans-serif","kind":"webfonts#webfont","menu":"https://fonts.gstatic.com/s/michroma/v19/PN_zRfy9qWD8fEagAPg7pTw.ttf"},{"family":"Micro 5","version":"v1","lastModified":"2024-09-04","category":"display","kind":"webfonts#webfont","menu":"https://fonts.gstatic.com/s/micro5/v1/H4cnBX2MkcfEngTr4gca6A.ttf"},{"family":"Micro 5 Charted","version":"v1","lastModified":"2024-09-04","category":"display","kind":"webfonts#webfont","menu":"https://fonts.gstatic.com/s/micro5charted/v1/hESp6XxmPDtTtADZhn7oD_yrmxE2REEN.ttf"},{"family":"Milonga","version":"v22","lastModified":"2024-09-04","category":"display","kind":"webfonts#webfont","menu":"https://fonts.gstatic.com/s/milonga/v22/SZc53FHnIaK9W5kfTzzMlQ.ttf"},{"family":"Miltonian","version":"v30","lastModified":"2024-09-04","category":"display","kind":"webfonts#webfont","menu":"https://fonts.gstatic.com/s/miltonian/v30/zOL-4pbPn6Ne9JqTg9mb6ORE.ttf"},{"family":"Miltonian Tattoo","version":"v32","lastModified":"2024-09-04","category":"display","kind":"webfonts#webfont","menu":"https://fonts.gstatic.com/s/miltoniantattoo/v32/EvOUzBRL0o0kCxF-lcMCQxlpVsA_JwL2NA.ttf"},{"family":"Mina","version":"v11","lastModified":"2024-09-04","category":"sans-serif","kind":"webfonts#webfont","menu":"https://fonts.gstatic.com/s/mina/v11/-nFzOGc18vARnz5p6g.ttf"},{"family":"Mingzat","version":"v8","lastModified":"2023-09-13","category":"sans-serif","kind":"webfonts#webfont","menu":"https://fonts.gstatic.com/s/mingzat/v8/0QIgMX5C-o-oWWyvNtpunw.ttf"},{"family":"Miniver","version":"v25","lastModified":"2024-09-04","category":"display","kind":"webfonts#webfont","menu":"https://fonts.gstatic.com/s/miniver/v25/eLGcP-PxIg-5H0vC37wIzw.ttf"},{"family":"Miriam Libre","version":"v16","lastModified":"2024-10-29","category":"sans-serif","kind":"webfonts#webfont","menu":"https://fonts.gstatic.com/s/miriamlibre/v16/DdT0798HsHwubBAqfkcBTL_1a7sPlXcE8PJjH9P3o9rMKw.ttf"},{"family":"Mirza","version":"v17","lastModified":"2024-09-04","category":"serif","kind":"webfonts#webfont","menu":"https://fonts.gstatic.com/s/mirza/v17/co3ImWlikiN5EtrcIsM.ttf"},{"family":"Miss Fajardose","version":"v22","lastModified":"2024-09-04","category":"handwriting","kind":"webfonts#webfont","menu":"https://fonts.gstatic.com/s/missfajardose/v22/E21-_dn5gvrawDdPFVl-N0Ajb_quUvI.ttf"},{"family":"Mitr","version":"v11","lastModified":"2024-09-04","category":"sans-serif","kind":"webfonts#webfont","menu":"https://fonts.gstatic.com/s/mitr/v11/pxiLypw5ucZF-To4NA.ttf"},{"family":"Mochiy Pop One","version":"v10","lastModified":"2024-09-04","category":"sans-serif","kind":"webfonts#webfont","menu":"https://fonts.gstatic.com/s/mochiypopone/v10/QdVPSTA9Jh-gg-5XZP2UmU4O9nwxBX8.ttf"},{"family":"Mochiy Pop P One","version":"v10","lastModified":"2024-09-04","category":"sans-serif","kind":"webfonts#webfont","menu":"https://fonts.gstatic.com/s/mochiypoppone/v10/Ktk2AKuPeY_td1-h9LayHYWCjAqyB4K9XQ.ttf"},{"family":"Modak","version":"v18","lastModified":"2024-09-04","category":"display","kind":"webfonts#webfont","menu":"https://fonts.gstatic.com/s/modak/v18/EJRYQgs1XtIEskMG-hE.ttf"},{"family":"Modern Antiqua","version":"v24","lastModified":"2024-09-04","category":"display","kind":"webfonts#webfont","menu":"https://fonts.gstatic.com/s/modernantiqua/v24/NGStv5TIAUg6Iq_RLNo_2dp1sL1FYW8.ttf"},{"family":"Moderustic","version":"v1","lastModified":"2024-09-04","category":"sans-serif","kind":"webfonts#webfont","menu":"https://fonts.gstatic.com/s/moderustic/v1/2-c39J9s3o6eLFNHFdXYaOX1UUnf3GLnYjALsQNf7ZI.ttf"},{"family":"Mogra","version":"v19","lastModified":"2024-09-04","category":"display","kind":"webfonts#webfont","menu":"https://fonts.gstatic.com/s/mogra/v19/f0X40eSs8c95TCo5BPY.ttf"},{"family":"Mohave","version":"v9","lastModified":"2024-09-04","category":"sans-serif","kind":"webfonts#webfont","menu":"https://fonts.gstatic.com/s/mohave/v9/7cH0v4ksjJunKqMVAOPIMOeSmiojdnn_LvGapg.ttf"},{"family":"Moirai One","version":"v1","lastModified":"2024-08-12","category":"display","kind":"webfonts#webfont","menu":"https://fonts.gstatic.com/s/moiraione/v1/2sDbZGFUgJLJmby6xgNGf0ScAw.ttf"},{"family":"Molengo","version":"v16","lastModified":"2024-09-04","category":"sans-serif","kind":"webfonts#webfont","menu":"https://fonts.gstatic.com/s/molengo/v16/I_uuMpWeuBzZNBtQXbValg.ttf"},{"family":"Molle","version":"v23","lastModified":"2024-09-04","category":"handwriting","kind":"webfonts#webfont","menu":"https://fonts.gstatic.com/s/molle/v23/E21n_dL5hOXFhWEsbzksUw.ttf"},{"family":"Mona Sans","version":"v3","lastModified":"2024-12-04","category":"sans-serif","kind":"webfonts#webfont","menu":"https://fonts.gstatic.com/s/monasans/v3/o-0mIpQmx24alC5A4PNB6Ryti20_6n1iPHjcz6L1SoM-jCpoiyD9A-9c6Vc.ttf"},{"family":"Monda","version":"v17","lastModified":"2024-09-04","category":"sans-serif","kind":"webfonts#webfont","menu":"https://fonts.gstatic.com/s/monda/v17/TK3-WkYFABsmjuBtFuvTIFRAPpWsH3o8oGFC.ttf"},{"family":"Monofett","version":"v23","lastModified":"2024-09-04","category":"monospace","kind":"webfonts#webfont","menu":"https://fonts.gstatic.com/s/monofett/v23/mFTyWbofw6zc9NtnW73Tsxg.ttf"},{"family":"Monomaniac One","version":"v12","lastModified":"2024-08-07","category":"sans-serif","kind":"webfonts#webfont","menu":"https://fonts.gstatic.com/s/monomaniacone/v12/4iC06K17YctZjx50EU-QlwPmcpRmo40.ttf"},{"family":"Monoton","version":"v20","lastModified":"2024-11-20","category":"display","kind":"webfonts#webfont","menu":"https://fonts.gstatic.com/s/monoton/v20/5h1aiZUrOngCibe4TkfLRw.ttf"},{"family":"Monsieur La Doulaise","version":"v18","lastModified":"2024-09-04","category":"handwriting","kind":"webfonts#webfont","menu":"https://fonts.gstatic.com/s/monsieurladoulaise/v18/_Xmz-GY4rjmCbQfc-aPRaa4pqV340p7EZm5fyEU.ttf"},{"family":"Montaga","version":"v13","lastModified":"2024-09-04","category":"serif","kind":"webfonts#webfont","menu":"https://fonts.gstatic.com/s/montaga/v13/H4cnBX2Ml8rCkEO_4gca6A.ttf"},{"family":"Montagu Slab","version":"v12","lastModified":"2024-09-04","category":"serif","kind":"webfonts#webfont","menu":"https://fonts.gstatic.com/s/montaguslab/v12/6qLhKZIQtB_zv0xUaXRDWkY_HXsphdLRZF40vm_jzR2jhk_n3T6ACkDbEkP8HMo.ttf"},{"family":"MonteCarlo","version":"v11","lastModified":"2024-09-04","category":"handwriting","kind":"webfonts#webfont","menu":"https://fonts.gstatic.com/s/montecarlo/v11/buEzpo6-f9X01GadLA0G4Csf-A.ttf"},{"family":"Montez","version":"v23","lastModified":"2024-11-20","category":"handwriting","kind":"webfonts#webfont","menu":"https://fonts.gstatic.com/s/montez/v23/845ZNMk5GoGIX8lW1bra.ttf"},{"family":"Montserrat","version":"v29","lastModified":"2024-11-07","category":"sans-serif","kind":"webfonts#webfont","menu":"https://fonts.gstatic.com/s/montserrat/v29/JTUHjIg1_i6t8kCHKm4532VJOt5-QNFgpCtr6Hw_aX8.ttf"},{"family":"Montserrat Alternates","version":"v17","lastModified":"2024-09-04","category":"sans-serif","kind":"webfonts#webfont","menu":"https://fonts.gstatic.com/s/montserratalternates/v17/mFTvWacfw6zH4dthXcyms1lPpC8I_b0juU057afV.ttf"},{"family":"Montserrat Subrayada","version":"v19","lastModified":"2024-09-04","category":"sans-serif","kind":"webfonts#webfont","menu":"https://fonts.gstatic.com/s/montserratsubrayada/v19/U9MD6c-o9H7PgjlTHThBnNHGVUORwteQQH8KaOM.ttf"},{"family":"Montserrat Underline","version":"v2","lastModified":"2024-12-04","category":"sans-serif","kind":"webfonts#webfont","menu":"https://fonts.gstatic.com/s/montserratunderline/v2/mFTbWaYfw6zH4dthXcyms01NtC8I_7U5uQQi5HMFnSdEx2F5WihMuLzb.ttf"},{"family":"Moo Lah Lah","version":"v6","lastModified":"2024-09-04","category":"display","kind":"webfonts#webfont","menu":"https://fonts.gstatic.com/s/moolahlah/v6/dg4h_p_opKZOA0w1AYcm56wsawI.ttf"},{"family":"Mooli","version":"v1","lastModified":"2024-09-04","category":"sans-serif","kind":"webfonts#webfont","menu":"https://fonts.gstatic.com/s/mooli/v1/-F6_fjJpLyk1bbPADmo.ttf"},{"family":"Moon Dance","version":"v6","lastModified":"2024-09-04","category":"handwriting","kind":"webfonts#webfont","menu":"https://fonts.gstatic.com/s/moondance/v6/WBLgrEbUbFlYW9ekmGawS2ToLA.ttf"},{"family":"Moul","version":"v28","lastModified":"2024-11-07","category":"display","kind":"webfonts#webfont","menu":"https://fonts.gstatic.com/s/moul/v28/nuF2D__FSo_3I-VSjA.ttf"},{"family":"Moulpali","version":"v31","lastModified":"2024-11-07","category":"sans-serif","kind":"webfonts#webfont","menu":"https://fonts.gstatic.com/s/moulpali/v31/H4ckBXKMl9HagUWymxY7yLs.ttf"},{"family":"Mountains of Christmas","version":"v22","lastModified":"2024-09-04","category":"display","kind":"webfonts#webfont","menu":"https://fonts.gstatic.com/s/mountainsofchristmas/v22/3y9w6a4zcCnn5X0FDyrKi2ZRUBIy8uxoUo7eDNesNA.ttf"},{"family":"Mouse Memoirs","version":"v17","lastModified":"2024-09-04","category":"sans-serif","kind":"webfonts#webfont","menu":"https://fonts.gstatic.com/s/mousememoirs/v17/t5tmIRoSNJ-PH0WNNgDYxdSb3TjPqg.ttf"},{"family":"Mr Bedfort","version":"v22","lastModified":"2024-09-04","category":"handwriting","kind":"webfonts#webfont","menu":"https://fonts.gstatic.com/s/mrbedfort/v22/MQpR-WCtNZSWAdTMwBicpiu-WQ.ttf"},{"family":"Mr Dafoe","version":"v14","lastModified":"2024-09-04","category":"handwriting","kind":"webfonts#webfont","menu":"https://fonts.gstatic.com/s/mrdafoe/v14/lJwE-pIzkS5NXuMMrFiribc.ttf"},{"family":"Mr De Haviland","version":"v14","lastModified":"2024-09-04","category":"handwriting","kind":"webfonts#webfont","menu":"https://fonts.gstatic.com/s/mrdehaviland/v14/OpNVnooIhJj96FdB73296ksbOg3D60Y.ttf"},{"family":"Mrs Saint Delafield","version":"v13","lastModified":"2024-09-04","category":"handwriting","kind":"webfonts#webfont","menu":"https://fonts.gstatic.com/s/mrssaintdelafield/v13/v6-IGZDIOVXH9xtmTZfRagunqBw5WC62QK8nKg.ttf"},{"family":"Mrs Sheppards","version":"v23","lastModified":"2024-09-04","category":"handwriting","kind":"webfonts#webfont","menu":"https://fonts.gstatic.com/s/mrssheppards/v23/PN_2Rfm9snC0XUGoEZhb91ig7vn7zg.ttf"},{"family":"Ms Madi","version":"v2","lastModified":"2024-09-04","category":"handwriting","kind":"webfonts#webfont","menu":"https://fonts.gstatic.com/s/msmadi/v2/HTxsL2UxNnOji5E1B-HFjA.ttf"},{"family":"Mukta","version":"v16","lastModified":"2024-11-07","category":"sans-serif","kind":"webfonts#webfont","menu":"https://fonts.gstatic.com/s/mukta/v16/iJWKBXyXfDDVXbnHrXk.ttf"},{"family":"Mukta Mahee","version":"v16","lastModified":"2024-09-04","category":"sans-serif","kind":"webfonts#webfont","menu":"https://fonts.gstatic.com/s/muktamahee/v16/XRXQ3IOIi0hcP8iVU67hA9vMUTo.ttf"},{"family":"Mukta Malar","version":"v12","lastModified":"2024-09-04","category":"sans-serif","kind":"webfonts#webfont","menu":"https://fonts.gstatic.com/s/muktamalar/v12/MCoXzAXyz8LOE2FpJMxZqIv5J_A.ttf"},{"family":"Mukta Vaani","version":"v14","lastModified":"2024-11-07","category":"sans-serif","kind":"webfonts#webfont","menu":"https://fonts.gstatic.com/s/muktavaani/v14/3Jn5SD_-ynaxmxnEfVHPIG0EduA.ttf"},{"family":"Mulish","version":"v13","lastModified":"2024-09-04","category":"sans-serif","kind":"webfonts#webfont","menu":"https://fonts.gstatic.com/s/mulish/v13/1Ptyg83HX_SGhgqO0yLcmjzUAuWexZNR8aGvHg.ttf"},{"family":"Murecho","version":"v12","lastModified":"2024-08-07","category":"sans-serif","kind":"webfonts#webfont","menu":"https://fonts.gstatic.com/s/murecho/v12/q5uYsoq3NOBn_I-ggCJg98TBOoNFCMpr5UWYJi4.ttf"},{"family":"MuseoModerno","version":"v27","lastModified":"2024-09-04","category":"display","kind":"webfonts#webfont","menu":"https://fonts.gstatic.com/s/museomoderno/v27/zrf30HnU0_7wWdMrFcWqSEXPVyEaWJ55pTleMlZEie0QiQ.ttf"},{"family":"My Soul","version":"v5","lastModified":"2024-09-04","category":"handwriting","kind":"webfonts#webfont","menu":"https://fonts.gstatic.com/s/mysoul/v5/3XFqErcuy945_u6KJ_Qvlw.ttf"},{"family":"Mynerve","version":"v6","lastModified":"2024-09-04","category":"handwriting","kind":"webfonts#webfont","menu":"https://fonts.gstatic.com/s/mynerve/v6/P5sCzZKPdNjb4jt79CVkjQ.ttf"},{"family":"Mystery Quest","version":"v20","lastModified":"2024-09-04","category":"display","kind":"webfonts#webfont","menu":"https://fonts.gstatic.com/s/mysteryquest/v20/-nF6OG414u0E6k0wynSGlujRLwAvCw.ttf"},{"family":"Nabla","version":"v10","lastModified":"2024-09-04","category":"display","kind":"webfonts#webfont","menu":"https://fonts.gstatic.com/s/nabla/v10/j8_D6-LI0Lvpe7Makz5UhJt9C3uqg_X_75gyGS4jAxsNIjrRBRFeEA.ttf"},{"family":"Namdhinggo","version":"v2","lastModified":"2024-09-04","category":"serif","kind":"webfonts#webfont","menu":"https://fonts.gstatic.com/s/namdhinggo/v2/uk-mEGe3rbgg8Xzoy5-TPnSp5w.ttf"},{"family":"Nanum Brush Script","version":"v25","lastModified":"2024-11-20","category":"handwriting","kind":"webfonts#webfont","menu":"https://fonts.gstatic.com/s/nanumbrushscript/v25/wXK2E2wfpokopxzthSqPbcR5_gVaxazCj6pv.ttf"},{"family":"Nanum Gothic","version":"v26","lastModified":"2024-11-20","category":"sans-serif","kind":"webfonts#webfont","menu":"https://fonts.gstatic.com/s/nanumgothic/v26/PN_3Rfi-oW3hYwmKDpxS7F_D_9jb.ttf"},{"family":"Nanum Gothic Coding","version":"v26","lastModified":"2024-12-04","category":"handwriting","kind":"webfonts#webfont","menu":"https://fonts.gstatic.com/s/nanumgothiccoding/v26/8QIVdjzHisX_8vv59_xMxtPFW4IXROws-6U7Ug.ttf"},{"family":"Nanum Myeongjo","version":"v26","lastModified":"2024-12-04","category":"serif","kind":"webfonts#webfont","menu":"https://fonts.gstatic.com/s/nanummyeongjo/v26/9Btx3DZF0dXLMZlywRbVRNhxy2LqcnA.ttf"},{"family":"Nanum Pen Script","version":"v25","lastModified":"2024-12-04","category":"handwriting","kind":"webfonts#webfont","menu":"https://fonts.gstatic.com/s/nanumpenscript/v25/daaDSSYiLGqEal3MvdA_FOL_3FkN6z_0bA.ttf"},{"family":"Narnoor","version":"v7","lastModified":"2023-11-28","category":"serif","kind":"webfonts#webfont","menu":"https://fonts.gstatic.com/s/narnoor/v7/cIf9MaFWuVo-UTyP9CihZA.ttf"},{"family":"Neonderthaw","version":"v6","lastModified":"2024-09-04","category":"handwriting","kind":"webfonts#webfont","menu":"https://fonts.gstatic.com/s/neonderthaw/v6/Iure6Yx5-oWVZI0r-17AeaZIrLE.ttf"},{"family":"Nerko One","version":"v16","lastModified":"2024-09-04","category":"handwriting","kind":"webfonts#webfont","menu":"https://fonts.gstatic.com/s/nerkoone/v16/m8JQjfZSc7OXlB3ZMOjDcZRF.ttf"},{"family":"Neucha","version":"v17","lastModified":"2024-09-04","category":"handwriting","kind":"webfonts#webfont","menu":"https://fonts.gstatic.com/s/neucha/v17/q5uGsou0JOdh94bfuwlo.ttf"},{"family":"Neuton","version":"v22","lastModified":"2024-08-12","category":"serif","kind":"webfonts#webfont","menu":"https://fonts.gstatic.com/s/neuton/v22/UMBTrPtMoH62xUZCyYg_.ttf"},{"family":"New Amsterdam","version":"v1","lastModified":"2024-09-04","category":"sans-serif","kind":"webfonts#webfont","menu":"https://fonts.gstatic.com/s/newamsterdam/v1/YA9Vr02Y5lucHqUlbEe51kBtp7iMjg.ttf"},{"family":"New Rocker","version":"v16","lastModified":"2024-09-04","category":"display","kind":"webfonts#webfont","menu":"https://fonts.gstatic.com/s/newrocker/v16/MwQzbhjp3-HImzcCU_cJoGIfjQ.ttf"},{"family":"New Tegomin","version":"v12","lastModified":"2024-12-04","category":"serif","kind":"webfonts#webfont","menu":"https://fonts.gstatic.com/s/newtegomin/v12/SLXMc1fV7Gd9USdBAfPlqcN1SX4.ttf"},{"family":"News Cycle","version":"v23","lastModified":"2024-09-04","category":"sans-serif","kind":"webfonts#webfont","menu":"https://fonts.gstatic.com/s/newscycle/v23/CSR64z1Qlv-GDxkbKVQ_fOYKSA.ttf"},{"family":"Newsreader","version":"v20","lastModified":"2024-09-04","category":"serif","kind":"webfonts#webfont","menu":"https://fonts.gstatic.com/s/newsreader/v20/cY9qfjOCX1hbuyalUrK49dLac06G1ZGsZBtoBCzBDXXD9JVF438weI_wDeZA.ttf"},{"family":"Niconne","version":"v15","lastModified":"2024-09-04","category":"handwriting","kind":"webfonts#webfont","menu":"https://fonts.gstatic.com/s/niconne/v15/w8gaH2QvRug1_rTfnQqn3A.ttf"},{"family":"Niramit","version":"v10","lastModified":"2024-09-04","category":"sans-serif","kind":"webfonts#webfont","menu":"https://fonts.gstatic.com/s/niramit/v10/I_uuMpWdvgLdNxVLXbValg.ttf"},{"family":"Nixie One","version":"v16","lastModified":"2024-09-04","category":"display","kind":"webfonts#webfont","menu":"https://fonts.gstatic.com/s/nixieone/v16/lW-8wjkKLXjg5y2o2uUYUet3.ttf"},{"family":"Nobile","version":"v17","lastModified":"2024-09-04","category":"sans-serif","kind":"webfonts#webfont","menu":"https://fonts.gstatic.com/s/nobile/v17/m8JTjflSeaOVl1iGX63T.ttf"},{"family":"Nokora","version":"v32","lastModified":"2024-12-04","category":"sans-serif","kind":"webfonts#webfont","menu":"https://fonts.gstatic.com/s/nokora/v32/hYkIPuwgTubzaWxgOjAL.ttf"},{"family":"Norican","version":"v15","lastModified":"2024-09-04","category":"handwriting","kind":"webfonts#webfont","menu":"https://fonts.gstatic.com/s/norican/v15/MwQ2bhXp1eSBqjkPKJNbsA.ttf"},{"family":"Nosifer","version":"v22","lastModified":"2024-09-04","category":"display","kind":"webfonts#webfont","menu":"https://fonts.gstatic.com/s/nosifer/v22/ZGjXol5JTp0g5bxZWCxbUA.ttf"},{"family":"Notable","version":"v18","lastModified":"2024-09-04","category":"sans-serif","kind":"webfonts#webfont","menu":"https://fonts.gstatic.com/s/notable/v18/gNMEW3N_SIqx-WX9yHIiEA.ttf"},{"family":"Nothing You Could Do","version":"v19","lastModified":"2024-09-04","category":"handwriting","kind":"webfonts#webfont","menu":"https://fonts.gstatic.com/s/nothingyoucoulddo/v19/oY1B8fbBpaP5OX3DtrRYf_Q2BPB1SnfZb3OInV4.ttf"},{"family":"Noticia Text","version":"v15","lastModified":"2024-09-04","category":"serif","kind":"webfonts#webfont","menu":"https://fonts.gstatic.com/s/noticiatext/v15/VuJ2dNDF2Yv9qppOePKYRP12YDtd.ttf"},{"family":"Noto Color Emoji","version":"v32","lastModified":"2024-09-03","category":"sans-serif","kind":"webfonts#webfont","menu":"https://fonts.gstatic.com/s/notocoloremoji/v32/Yq6P-KqIXTD0t4D9z1ESnKM3-HpFWb9m6w.ttf"},{"family":"Noto Emoji","version":"v53","lastModified":"2024-11-26","category":"sans-serif","kind":"webfonts#webfont","menu":"https://fonts.gstatic.com/s/notoemoji/v53/bMrnmSyK7YY-MEu6aWjPDs-ar6uWaGWuob-r0gwuQeU.ttf"},{"family":"Noto Kufi Arabic","version":"v21","lastModified":"2024-02-29","category":"sans-serif","kind":"webfonts#webfont","menu":"https://fonts.gstatic.com/s/notokufiarabic/v21/CSRp4ydQnPyaDxEXLFF6LZVLKrodhu8t57o1kDc5Wh5v37bOlrA.ttf"},{"family":"Noto Music","version":"v20","lastModified":"2024-09-04","category":"sans-serif","kind":"webfonts#webfont","menu":"https://fonts.gstatic.com/s/notomusic/v20/pe0rMIiSN5pO63htf1sxEtaaAw.ttf"},{"family":"Noto Naskh Arabic","version":"v34","lastModified":"2024-04-12","category":"serif","kind":"webfonts#webfont","menu":"https://fonts.gstatic.com/s/notonaskharabic/v34/RrQ5bpV-9Dd1b1OAGA6M9PkyDuVBePeKNaxcsss0Y7bwvc5Urac3.ttf"},{"family":"Noto Nastaliq Urdu","version":"v20","lastModified":"2023-03-21","category":"serif","kind":"webfonts#webfont","menu":"https://fonts.gstatic.com/s/notonastaliqurdu/v20/LhWNMUPbN-oZdNFcBy1-DJYsEoTq5pudQ9L940pGPkB3Qt_-PKyV3w.ttf"},{"family":"Noto Rashi Hebrew","version":"v26","lastModified":"2024-06-05","category":"serif","kind":"webfonts#webfont","menu":"https://fonts.gstatic.com/s/notorashihebrew/v26/EJR_Qh82XsIK-QFmqXk4zvLwFVya0vFL-HlKM5e6C6HZB-HURiC-.ttf"},{"family":"Noto Sans","version":"v38","lastModified":"2024-12-04","category":"sans-serif","kind":"webfonts#webfont","menu":"https://fonts.gstatic.com/s/notosans/v38/o-0mIpQlx3QUlC5A4PNB6Ryti20_6n1iPHjcz6L1SoM-jCpoiyD9A-9c6Vc.ttf"},{"family":"Noto Sans Adlam","version":"v22","lastModified":"2023-09-14","category":"sans-serif","kind":"webfonts#webfont","menu":"https://fonts.gstatic.com/s/notosansadlam/v22/neIczCCpqp0s5pPusPamd81eMfjPonvqdbYxxpgufnv0fGjLYA.ttf"},{"family":"Noto Sans Adlam Unjoined","version":"v26","lastModified":"2024-07-01","category":"sans-serif","kind":"webfonts#webfont","menu":"https://fonts.gstatic.com/s/notosansadlamunjoined/v26/P5sszY2MYsLRsB5_ildkzPPDsLQXcOEmaFOqOGcaYrzFTIjsPam_Ye35DMAU_A.ttf"},{"family":"Noto Sans Anatolian Hieroglyphs","version":"v16","lastModified":"2023-07-24","category":"sans-serif","kind":"webfonts#webfont","menu":"https://fonts.gstatic.com/s/notosansanatolianhieroglyphs/v16/ijw9s4roRME5LLRxjsRb8A0gKPSWq4BbDmHHu6j2pEtUJzZWbyfCzg.ttf"},{"family":"Noto Sans Arabic","version":"v28","lastModified":"2024-11-20","category":"sans-serif","kind":"webfonts#webfont","menu":"https://fonts.gstatic.com/s/notosansarabic/v28/nwpxtLGrOAZMl5nJ_wfgRg3DrWFZWsnVBJ_sS6tlqHHFlhQ5l3sQWIHPqzCfyGyfunqF.ttf"},{"family":"Noto Sans Armenian","version":"v43","lastModified":"2023-11-09","category":"sans-serif","kind":"webfonts#webfont","menu":"https://fonts.gstatic.com/s/notosansarmenian/v43/ZgN0jOZKPa7CHqq0h37c7ReDUubm2SEdFXp7ig73qtTY5idb74R9UdM3y2nZLorxb50jaSo.ttf"},{"family":"Noto Sans Avestan","version":"v21","lastModified":"2023-09-13","category":"sans-serif","kind":"webfonts#webfont","menu":"https://fonts.gstatic.com/s/notosansavestan/v21/bWti7ejKfBziStx7lIzKOLQZKhIJkxu8QgA.ttf"},{"family":"Noto Sans Balinese","version":"v24","lastModified":"2023-05-02","category":"sans-serif","kind":"webfonts#webfont","menu":"https://fonts.gstatic.com/s/notosansbalinese/v24/NaPwcYvSBuhTirw6IaFn6UrRDaqje-lpbbRtYf-Fwu2Ov7fdtE9fcw.ttf"},{"family":"Noto Sans Bamum","version":"v27","lastModified":"2023-09-14","category":"sans-serif","kind":"webfonts#webfont","menu":"https://fonts.gstatic.com/s/notosansbamum/v27/uk-0EGK3o6EruUbnwovcbBTkkklK_Ya_PBHfNGTPEddOy_kBzg.ttf"},{"family":"Noto Sans Bassa Vah","version":"v17","lastModified":"2022-11-09","category":"sans-serif","kind":"webfonts#webfont","menu":"https://fonts.gstatic.com/s/notosansbassavah/v17/PN_bRee-r3f7LnqsD5sax12gjZn7mBpL5YwUpA2MBdcFn4MaAf6o1Yw.ttf"},{"family":"Noto Sans Batak","version":"v20","lastModified":"2024-02-29","category":"sans-serif","kind":"webfonts#webfont","menu":"https://fonts.gstatic.com/s/notosansbatak/v20/gok2H6TwAEdtF9N8-mdTCQvT-ZdQooXL.ttf"},{"family":"Noto Sans Bengali","version":"v26","lastModified":"2024-11-20","category":"sans-serif","kind":"webfonts#webfont","menu":"https://fonts.gstatic.com/s/notosansbengali/v26/Cn-SJsCGWQxOjaGwMQ6fIiMywrNJIky6nvd8BjzVMvJx2mcSPVFpVEqE-6KmsolLidGu9g.ttf"},{"family":"Noto Sans Bhaiksuki","version":"v17","lastModified":"2023-09-27","category":"sans-serif","kind":"webfonts#webfont","menu":"https://fonts.gstatic.com/s/notosansbhaiksuki/v17/UcC63EosKniBH4iELXATsSBWdvUHXxhjwrPecQ.ttf"},{"family":"Noto Sans Brahmi","version":"v19","lastModified":"2024-02-29","category":"sans-serif","kind":"webfonts#webfont","menu":"https://fonts.gstatic.com/s/notosansbrahmi/v19/vEFK2-VODB8RrNDvZSUmQQIIByV1wtO_Xw.ttf"},{"family":"Noto Sans Buginese","version":"v18","lastModified":"2023-05-02","category":"sans-serif","kind":"webfonts#webfont","menu":"https://fonts.gstatic.com/s/notosansbuginese/v18/esDM30ldNv-KYGGJpKGk18phe_7Da6_QtPGA.ttf"},{"family":"Noto Sans Buhid","version":"v22","lastModified":"2023-09-13","category":"sans-serif","kind":"webfonts#webfont","menu":"https://fonts.gstatic.com/s/notosansbuhid/v22/Dxxy8jiXMW75w3OmoDXVWJD7YwzweqFk.ttf"},{"family":"Noto Sans Canadian Aboriginal","version":"v26","lastModified":"2024-05-02","category":"sans-serif","kind":"webfonts#webfont","menu":"https://fonts.gstatic.com/s/notosanscanadianaboriginal/v26/4C_TLjTuEqPj-8J01CwaGkiZ9os0iGVkezM1mUT-j_Lmlzda6uH_nnX1bzigWLnPyQEk.ttf"},{"family":"Noto Sans Carian","version":"v16","lastModified":"2023-07-24","category":"sans-serif","kind":"webfonts#webfont","menu":"https://fonts.gstatic.com/s/notosanscarian/v16/LDIpaoiONgYwA9Yc6f0gUILeMIOgg7sR8w.ttf"},{"family":"Noto Sans Caucasian Albanian","version":"v18","lastModified":"2023-10-25","category":"sans-serif","kind":"webfonts#webfont","menu":"https://fonts.gstatic.com/s/notosanscaucasianalbanian/v18/nKKA-HM_FYFRJvXzVXaANsU0VzsAc46QGOkWytlTs-TXnYHspQ.ttf"},{"family":"Noto Sans Chakma","version":"v17","lastModified":"2022-11-09","category":"sans-serif","kind":"webfonts#webfont","menu":"https://fonts.gstatic.com/s/notosanschakma/v17/Y4GQYbJ8VTEp4t3MKJSMjg5OIzhi0JnZRg.ttf"},{"family":"Noto Sans Cham","version":"v31","lastModified":"2024-07-30","category":"sans-serif","kind":"webfonts#webfont","menu":"https://fonts.gstatic.com/s/notosanscham/v31/pe06MIySN5pO62Z5YkFyQb_bbuRhe6D4yip43qfcERwsvru2.ttf"},{"family":"Noto Sans Cherokee","version":"v20","lastModified":"2023-09-14","category":"sans-serif","kind":"webfonts#webfont","menu":"https://fonts.gstatic.com/s/notosanscherokee/v20/KFOPCm6Yu8uF-29fiz9vQF9YWK6Z8O10cHNA0cSkZCHYWi5PPkizqA.ttf"},{"family":"Noto Sans Chorasmian","version":"v3","lastModified":"2024-01-26","category":"sans-serif","kind":"webfonts#webfont","menu":"https://fonts.gstatic.com/s/notosanschorasmian/v3/MQpL-X6uKMC7ROPLwRnI9ULxK_7NVkf8S6vzqno.ttf"},{"family":"Noto Sans Coptic","version":"v21","lastModified":"2023-12-14","category":"sans-serif","kind":"webfonts#webfont","menu":"https://fonts.gstatic.com/s/notosanscoptic/v21/iJWfBWmUZi_OHPqn4wq6kgqumOEd38q1UA.ttf"},{"family":"Noto Sans Cuneiform","version":"v17","lastModified":"2023-07-24","category":"sans-serif","kind":"webfonts#webfont","menu":"https://fonts.gstatic.com/s/notosanscuneiform/v17/bMrrmTWK7YY-MF22aHGGd7H8PhJtvBDWsb5DkQ.ttf"},{"family":"Noto Sans Cypriot","version":"v19","lastModified":"2023-11-09","category":"sans-serif","kind":"webfonts#webfont","menu":"https://fonts.gstatic.com/s/notosanscypriot/v19/8AtzGta9PYqQDjyp79a6f8Cj-3a3cyItIZc.ttf"},{"family":"Noto Sans Cypro Minoan","version":"v1","lastModified":"2024-09-04","category":"sans-serif","kind":"webfonts#webfont","menu":"https://fonts.gstatic.com/s/notosanscyprominoan/v1/2Eb2L_dtDUlkNmPHB_UVtEzp3ZlPGqZ_4nAGm9aYew.ttf"},{"family":"Noto Sans Deseret","version":"v17","lastModified":"2023-07-24","category":"sans-serif","kind":"webfonts#webfont","menu":"https://fonts.gstatic.com/s/notosansdeseret/v17/MwQsbgPp1eKH6QsAVuFb9AZM6MMr2Wq8bHY.ttf"},{"family":"Noto Sans Devanagari","version":"v26","lastModified":"2024-07-01","category":"sans-serif","kind":"webfonts#webfont","menu":"https://fonts.gstatic.com/s/notosansdevanagari/v26/TuGoUUFzXI5FBtUq5a8bjKYTZjtRU6Sgv3NaV_SNmI0b8QQCQmHn6B2OHjbL_08AlXQl--E5pA.ttf"},{"family":"Noto Sans Display","version":"v26","lastModified":"2023-09-14","category":"sans-serif","kind":"webfonts#webfont","menu":"https://fonts.gstatic.com/s/notosansdisplay/v26/RLpbK4fy6r6tOBEJg0IAKzqdFZVZxpMkXJMhnB9XjO1o90LuV-PT4Doq_AKp_3cKZTCa3g.ttf"},{"family":"Noto Sans Duployan","version":"v18","lastModified":"2024-07-01","category":"sans-serif","kind":"webfonts#webfont","menu":"https://fonts.gstatic.com/s/notosansduployan/v18/gokzH7nwAEdtF9N8-mdTDx_X9JM5wsvbF8gj.ttf"},{"family":"Noto Sans Egyptian Hieroglyphs","version":"v29","lastModified":"2024-05-02","category":"sans-serif","kind":"webfonts#webfont","menu":"https://fonts.gstatic.com/s/notosansegyptianhieroglyphs/v29/vEF42-tODB8RrNDvZSUmRhcQHzx1s7y_F9-j3qSzEcbEYintSFi4.ttf"},{"family":"Noto Sans Elbasan","version":"v16","lastModified":"2023-05-23","category":"sans-serif","kind":"webfonts#webfont","menu":"https://fonts.gstatic.com/s/notosanselbasan/v16/-F6rfiZqLzI2JPCgQBnw400qp1trvEdkp-o.ttf"},{"family":"Noto Sans Elymaic","version":"v17","lastModified":"2023-10-25","category":"sans-serif","kind":"webfonts#webfont","menu":"https://fonts.gstatic.com/s/notosanselymaic/v17/UqyKK9YTJW5liNMhTMqe9vUFP65ZD7AiUuA.ttf"},{"family":"Noto Sans Ethiopic","version":"v47","lastModified":"2023-09-13","category":"sans-serif","kind":"webfonts#webfont","menu":"https://fonts.gstatic.com/s/notosansethiopic/v47/7cHPv50vjIepfJVOZZgcpQ5B9FBTH9KGNfhSTgtoow1KVnIvyBoMSzUMacb-T35OK5DiyGM.ttf"},{"family":"Noto Sans Georgian","version":"v44","lastModified":"2024-02-29","category":"sans-serif","kind":"webfonts#webfont","menu":"https://fonts.gstatic.com/s/notosansgeorgian/v44/PlIaFke5O6RzLfvNNVSitxkr76PRHBC4Ytyq-Gof7PUs4S7zWn-8YDB09HFNdpvnzGj_dZE.ttf"},{"family":"Noto Sans Glagolitic","version":"v18","lastModified":"2024-01-26","category":"sans-serif","kind":"webfonts#webfont","menu":"https://fonts.gstatic.com/s/notosansglagolitic/v18/1q2ZY4-BBFBst88SU_tOj4J-4yuNF_HI4HRL6g0.ttf"},{"family":"Noto Sans Gothic","version":"v16","lastModified":"2023-07-24","category":"sans-serif","kind":"webfonts#webfont","menu":"https://fonts.gstatic.com/s/notosansgothic/v16/TuGKUUVzXI5FBtUq5a8bj6wRbzxTJMTy1g.ttf"},{"family":"Noto Sans Grantha","version":"v19","lastModified":"2024-06-10","category":"sans-serif","kind":"webfonts#webfont","menu":"https://fonts.gstatic.com/s/notosansgrantha/v19/3y976akwcCjmsU8NDyrKo3IQfQ4o-o8dH-8.ttf"},{"family":"Noto Sans Gujarati","version":"v25","lastModified":"2023-11-28","category":"sans-serif","kind":"webfonts#webfont","menu":"https://fonts.gstatic.com/s/notosansgujarati/v25/wlpWgx_HC1ti5ViekvcxnhMlCVo3f5pv17ivlzsUB14gg1TMR2Gw4VceEl7MA_ypFzPN9uM.ttf"},{"family":"Noto Sans Gunjala Gondi","version":"v19","lastModified":"2023-09-27","category":"sans-serif","kind":"webfonts#webfont","menu":"https://fonts.gstatic.com/s/notosansgunjalagondi/v19/bWtX7e7KfBziStx7lIzKPrcSMwcEnCv6DW7n5g0ef3PLtymzNxYL4YD04ZQr.ttf"},{"family":"Noto Sans Gurmukhi","version":"v26","lastModified":"2023-04-27","category":"sans-serif","kind":"webfonts#webfont","menu":"https://fonts.gstatic.com/s/notosansgurmukhi/v26/w8g9H3EvQP81sInb43inmyN9zZ7hb7ATbSWo4q8dJ74a3cVrYFQ_bogT0-gPeG1Oekbwbf8.ttf"},{"family":"Noto Sans Hanifi Rohingya","version":"v28","lastModified":"2023-09-27","category":"sans-serif","kind":"webfonts#webfont","menu":"https://fonts.gstatic.com/s/notosanshanifirohingya/v28/5h17iYsoOmIC3Yu3MDXLDw3UZCgghyOEBBY7hhLNyo3tiaiuSIAqrIYY4g6ut88.ttf"},{"family":"Noto Sans Hanunoo","version":"v21","lastModified":"2023-11-09","category":"sans-serif","kind":"webfonts#webfont","menu":"https://fonts.gstatic.com/s/notosanshanunoo/v21/f0Xs0fCv8dxkDWlZSoXOj6CphMloFvEtGJw.ttf"},{"family":"Noto Sans Hatran","version":"v16","lastModified":"2023-07-13","category":"sans-serif","kind":"webfonts#webfont","menu":"https://fonts.gstatic.com/s/notosanshatran/v16/A2BBn4Ne0RgnVF3Lnko-0sOBIfL_qM49qw.ttf"},{"family":"Noto Sans Hebrew","version":"v46","lastModified":"2024-07-01","category":"sans-serif","kind":"webfonts#webfont","menu":"https://fonts.gstatic.com/s/notosanshebrew/v46/or3HQ7v33eiDljA1IufXTtVf7V6RvEEdhQlk0LlGxCyaeNKYZC0sqk3xXGiXd4qdoyhh.ttf"},{"family":"Noto Sans HK","version":"v32","lastModified":"2024-07-30","category":"sans-serif","kind":"webfonts#webfont","menu":"https://fonts.gstatic.com/s/notosanshk/v32/nKKF-GM_FYFRJvXzVXaAPe97P1KHynJFP716qHB-yoSZjQ.ttf"},{"family":"Noto Sans Imperial Aramaic","version":"v17","lastModified":"2024-07-01","category":"sans-serif","kind":"webfonts#webfont","menu":"https://fonts.gstatic.com/s/notosansimperialaramaic/v17/a8IMNpjwKmHXpgXbMIsbTc_kvks91LlLetBr5itQrudnnXI.ttf"},{"family":"Noto Sans Indic Siyaq Numbers","version":"v16","lastModified":"2024-09-04","category":"sans-serif","kind":"webfonts#webfont","menu":"https://fonts.gstatic.com/s/notosansindicsiyaqnumbers/v16/6xK5dTJFKcWIu4bpRBjRZRpsIYHabOeZ8UZLubTzpXNHKy2XNu4.ttf"},{"family":"Noto Sans Inscriptional Pahlavi","version":"v17","lastModified":"2024-07-01","category":"sans-serif","kind":"webfonts#webfont","menu":"https://fonts.gstatic.com/s/notosansinscriptionalpahlavi/v17/ll8UK3GaVDuxR-TEqFPIbsR79Xxz9WEKbwsjpz7VklYlC7FCZtufPA.ttf"},{"family":"Noto Sans Inscriptional Parthian","version":"v17","lastModified":"2024-07-01","category":"sans-serif","kind":"webfonts#webfont","menu":"https://fonts.gstatic.com/s/notosansinscriptionalparthian/v17/k3k7o-IMPvpLmixcA63oYi-yStDkgXuXncL7dzfW3P4TAJ2ykmBI0Dc.ttf"},{"family":"Noto Sans Javanese","version":"v23","lastModified":"2023-09-27","category":"sans-serif","kind":"webfonts#webfont","menu":"https://fonts.gstatic.com/s/notosansjavanese/v23/2V01KJkDAIA6Hp4zoSScDjV0Y-eoHAHT-Z3MngEefiidxJnkJFhoYQ.ttf"},{"family":"Noto Sans JP","version":"v53","lastModified":"2024-08-07","category":"sans-serif","kind":"webfonts#webfont","menu":"https://fonts.gstatic.com/s/notosansjp/v53/-F6jfjtqLzI2JPCgQBnw7HFyzSD-AsregP8VFBEj35rS1g.ttf"},{"family":"Noto Sans Kaithi","version":"v22","lastModified":"2024-07-30","category":"sans-serif","kind":"webfonts#webfont","menu":"https://fonts.gstatic.com/s/notosanskaithi/v22/buEtppS9f8_vkXadMBJJu0tWjLwjciwAcg.ttf"},{"family":"Noto Sans Kannada","version":"v27","lastModified":"2023-10-25","category":"sans-serif","kind":"webfonts#webfont","menu":"https://fonts.gstatic.com/s/notosanskannada/v27/8vIs7xs32H97qzQKnzfeXycxXZyUmySvZWItmf1fe6TVmgop9ndpS-BqHEyGrDvN_SMGKg.ttf"},{"family":"Noto Sans Kawi","version":"v3","lastModified":"2023-10-25","category":"sans-serif","kind":"webfonts#webfont","menu":"https://fonts.gstatic.com/s/notosanskawi/v3/92zBtBJLNqsg7tCciW0EPHNNh1ZgbtGWiTYDjvnK4AhWC552.ttf"},{"family":"Noto Sans Kayah Li","version":"v21","lastModified":"2023-09-14","category":"sans-serif","kind":"webfonts#webfont","menu":"https://fonts.gstatic.com/s/notosanskayahli/v21/B50nF61OpWTRcGrhOVJJwOMXdca6Yecki3E06x2jVTX3WCc3OZDyFQ.ttf"},{"family":"Noto Sans Kharoshthi","version":"v16","lastModified":"2023-04-27","category":"sans-serif","kind":"webfonts#webfont","menu":"https://fonts.gstatic.com/s/notosanskharoshthi/v16/Fh4qPiLjKS30-P4-pGMMXCCfvkc5Vd7KE6z5plg.ttf"},{"family":"Noto Sans Khmer","version":"v24","lastModified":"2023-10-25","category":"sans-serif","kind":"webfonts#webfont","menu":"https://fonts.gstatic.com/s/notosanskhmer/v24/ijw3s5roRME5LLRxjsRb-gssOenAyendxrgV2c-Zw-9vbVUti_Z_dWgtWYuNAKz5mgI.ttf"},{"family":"Noto Sans Khojki","version":"v19","lastModified":"2024-02-16","category":"sans-serif","kind":"webfonts#webfont","menu":"https://fonts.gstatic.com/s/notosanskhojki/v19/-nFnOHM29Oofr2wohFbTuPPKVWpmG_Zx1w.ttf"},{"family":"Noto Sans Khudawadi","version":"v22","lastModified":"2024-08-21","category":"sans-serif","kind":"webfonts#webfont","menu":"https://fonts.gstatic.com/s/notosanskhudawadi/v22/fdNi9t6ZsWBZ2k5ltHN73zZ5hc8HANlHEjVtUQ.ttf"},{"family":"Noto Sans KR","version":"v36","lastModified":"2023-08-17","category":"sans-serif","kind":"webfonts#webfont","menu":"https://fonts.gstatic.com/s/notosanskr/v36/PbyxFmXiEBPT4ITbgNA5Cgms3VYcOA-vvnIzzuoySLXg9A.ttf"},{"family":"Noto Sans Lao","version":"v30","lastModified":"2023-09-27","category":"sans-serif","kind":"webfonts#webfont","menu":"https://fonts.gstatic.com/s/notosanslao/v30/bx6lNx2Ol_ixgdYWLm9BwxM3NW6BOkuf763Clj73CiQ_J1Djx9pidOt4ccbtfpkO.ttf"},{"family":"Noto Sans Lao Looped","version":"v7","lastModified":"2023-09-27","category":"sans-serif","kind":"webfonts#webfont","menu":"https://fonts.gstatic.com/s/notosanslaolooped/v7/a8IgNpbwKmHXpgXbMIsbSMP7-3U72qUOX5gBg6LRXExhqHIX9YPTpvqkW4UthhjomPr3A-d64Q.ttf"},{"family":"Noto Sans Lepcha","version":"v19","lastModified":"2023-09-13","category":"sans-serif","kind":"webfonts#webfont","menu":"https://fonts.gstatic.com/s/notosanslepcha/v19/0QI7MWlB_JWgA166SKhu05TekNS36ANmsg.ttf"},{"family":"Noto Sans Limbu","version":"v24","lastModified":"2024-07-30","category":"sans-serif","kind":"webfonts#webfont","menu":"https://fonts.gstatic.com/s/notosanslimbu/v24/3JnlSDv90Gmq2mrzckOBBRRoNJVT0ctz.ttf"},{"family":"Noto Sans Linear A","version":"v18","lastModified":"2023-07-24","category":"sans-serif","kind":"webfonts#webfont","menu":"https://fonts.gstatic.com/s/notosanslineara/v18/oPWS_l16kP4jCuhpgEGmwJOiA18FZj2Gz2vU.ttf"},{"family":"Noto Sans Linear B","version":"v17","lastModified":"2023-07-24","category":"sans-serif","kind":"webfonts#webfont","menu":"https://fonts.gstatic.com/s/notosanslinearb/v17/HhyJU4wt9vSgfHoORYOiXOckKNB737Il3RMB.ttf"},{"family":"Noto Sans Lisu","version":"v25","lastModified":"2023-03-09","category":"sans-serif","kind":"webfonts#webfont","menu":"https://fonts.gstatic.com/s/notosanslisu/v25/uk-3EGO3o6EruUbnwovcYhz6kh57_nqbcTdjJnHP2Vwd2tgh.ttf"},{"family":"Noto Sans Lycian","version":"v15","lastModified":"2022-05-10","category":"sans-serif","kind":"webfonts#webfont","menu":"https://fonts.gstatic.com/s/notosanslycian/v15/QldVNSNMqAsHtsJ7UmqxBQA9r8wA1_jQDA.ttf"},{"family":"Noto Sans Lydian","version":"v18","lastModified":"2023-12-14","category":"sans-serif","kind":"webfonts#webfont","menu":"https://fonts.gstatic.com/s/notosanslydian/v18/c4m71mVzGN7s8FmIukZJ1v4ZlcPRSULdNg.ttf"},{"family":"Noto Sans Mahajani","version":"v19","lastModified":"2023-09-13","category":"sans-serif","kind":"webfonts#webfont","menu":"https://fonts.gstatic.com/s/notosansmahajani/v19/-F6sfiVqLzI2JPCgQBnw60Agp0JrvD51hsoV.ttf"},{"family":"Noto Sans Malayalam","version":"v26","lastModified":"2023-04-27","category":"sans-serif","kind":"webfonts#webfont","menu":"https://fonts.gstatic.com/s/notosansmalayalam/v26/sJoi3K5XjsSdcnzn071rL37lpAOsUThnDZIfPdbeSNzVakglNM-Qw8EaeB8Nss-_RuDNBVbA.ttf"},{"family":"Noto Sans Mandaic","version":"v17","lastModified":"2024-07-30","category":"sans-serif","kind":"webfonts#webfont","menu":"https://fonts.gstatic.com/s/notosansmandaic/v17/cIfnMbdWt1w_HgCcilqhKQBo_OsMI6_B9Ac.ttf"},{"family":"Noto Sans Manichaean","version":"v18","lastModified":"2023-10-25","category":"sans-serif","kind":"webfonts#webfont","menu":"https://fonts.gstatic.com/s/notosansmanichaean/v18/taiVGntiC4--qtsfi4Jp9-_GkPZZCcrfenqDPz8.ttf"},{"family":"Noto Sans Marchen","version":"v20","lastModified":"2024-07-30","category":"sans-serif","kind":"webfonts#webfont","menu":"https://fonts.gstatic.com/s/notosansmarchen/v20/aFTO7OZ_Y282EP-WyG6QTOX_C8WZMEhOmao.ttf"},{"family":"Noto Sans Masaram Gondi","version":"v17","lastModified":"2022-11-09","category":"sans-serif","kind":"webfonts#webfont","menu":"https://fonts.gstatic.com/s/notosansmasaramgondi/v17/6xK_dThFKcWIu4bpRBjRYRV7KZCbUq6n_1kPntGf5xY.ttf"},{"family":"Noto Sans Math","version":"v15","lastModified":"2024-09-04","category":"sans-serif","kind":"webfonts#webfont","menu":"https://fonts.gstatic.com/s/notosansmath/v15/7Aump_cpkSecTWaHRlH2hyV5UEkH81k.ttf"},{"family":"Noto Sans Mayan Numerals","version":"v16","lastModified":"2024-09-04","category":"sans-serif","kind":"webfonts#webfont","menu":"https://fonts.gstatic.com/s/notosansmayannumerals/v16/PlIuFk25O6RzLfvNNVSivR09_KqYMwvvDKYjfIi06sAs.ttf"},{"family":"Noto Sans Medefaidrin","version":"v23","lastModified":"2023-09-14","category":"sans-serif","kind":"webfonts#webfont","menu":"https://fonts.gstatic.com/s/notosansmedefaidrin/v23/WwkzxOq6Dk-wranENynkfeVsNbRZtbOIdLb1exeM4ZeuabBfmErWpTz_9Q.ttf"},{"family":"Noto Sans Meetei Mayek","version":"v15","lastModified":"2023-09-14","category":"sans-serif","kind":"webfonts#webfont","menu":"https://fonts.gstatic.com/s/notosansmeeteimayek/v15/HTxAL3QyKieByqY9eZPFweO0be7M21uSphSdhqILnmrRfJ8t_1TJ_sTX7vw.ttf"},{"family":"Noto Sans Mende Kikakui","version":"v28","lastModified":"2022-11-09","category":"sans-serif","kind":"webfonts#webfont","menu":"https://fonts.gstatic.com/s/notosansmendekikakui/v28/11hRGoLHz17aKjQCWj-JHcLvu2Q5zZrnkbNCLXx-YjY.ttf"},{"family":"Noto Sans Meroitic","version":"v18","lastModified":"2023-11-09","category":"sans-serif","kind":"webfonts#webfont","menu":"https://fonts.gstatic.com/s/notosansmeroitic/v18/IFS5HfRJndhE3P4b5jnZ3ITPvC6i00UzgTJX.ttf"},{"family":"Noto Sans Miao","version":"v17","lastModified":"2022-09-28","category":"sans-serif","kind":"webfonts#webfont","menu":"https://fonts.gstatic.com/s/notosansmiao/v17/Dxxz8jmXMW75w3OmoDXVV4zyZXjhW4E.ttf"},{"family":"Noto Sans Modi","version":"v23","lastModified":"2023-09-27","category":"sans-serif","kind":"webfonts#webfont","menu":"https://fonts.gstatic.com/s/notosansmodi/v23/pe03MIySN5pO62Z5YkFyT7jeas5rU1Q.ttf"},{"family":"Noto Sans Mongolian","version":"v22","lastModified":"2024-09-30","category":"sans-serif","kind":"webfonts#webfont","menu":"https://fonts.gstatic.com/s/notosansmongolian/v22/VdGCAYADGIwE0EopZx8xQfHlgEAMsrTo9Loq7w.ttf"},{"family":"Noto Sans Mono","version":"v30","lastModified":"2023-10-25","category":"sans-serif","kind":"webfonts#webfont","menu":"https://fonts.gstatic.com/s/notosansmono/v30/BngrUXNETWXI6LwhGYvaxZikqZqK6fBq6kPvUce2oAZcdthSBUsYck4-_FNJ09vdUA.ttf"},{"family":"Noto Sans Mro","version":"v18","lastModified":"2022-12-08","category":"sans-serif","kind":"webfonts#webfont","menu":"https://fonts.gstatic.com/s/notosansmro/v18/qWcsB6--pZv9TqnUQMhe9b39aD3bsg.ttf"},{"family":"Noto Sans Multani","version":"v20","lastModified":"2022-11-09","category":"sans-serif","kind":"webfonts#webfont","menu":"https://fonts.gstatic.com/s/notosansmultani/v20/9Bty3ClF38_RfOpe1gCaZ8p30BOFO2A1r_Q.ttf"},{"family":"Noto Sans Myanmar","version":"v20","lastModified":"2022-09-28","category":"sans-serif","kind":"webfonts#webfont","menu":"https://fonts.gstatic.com/s/notosansmyanmar/v20/AlZq_y1ZtY3ymOryg38hOCSdOnFq0Hn31uE.ttf"},{"family":"Noto Sans Nabataean","version":"v16","lastModified":"2023-06-22","category":"sans-serif","kind":"webfonts#webfont","menu":"https://fonts.gstatic.com/s/notosansnabataean/v16/IFS4HfVJndhE3P4b5jnZ34DfsjO330dNkBN3gA.ttf"},{"family":"Noto Sans Nag Mundari","version":"v2","lastModified":"2024-07-30","category":"sans-serif","kind":"webfonts#webfont","menu":"https://fonts.gstatic.com/s/notosansnagmundari/v2/3qTAoi2hnSyU8TNFIdhZTyod3g5lBnKlQFk2kS9fr9Eq09RHRxirXUCK1w.ttf"},{"family":"Noto Sans Nandinagari","version":"v4","lastModified":"2023-10-25","category":"sans-serif","kind":"webfonts#webfont","menu":"https://fonts.gstatic.com/s/notosansnandinagari/v4/or38Q7733eiDljA1IufXSNFT-1KI5y10H4jlap5T.ttf"},{"family":"Noto Sans New Tai Lue","version":"v22","lastModified":"2023-09-27","category":"sans-serif","kind":"webfonts#webfont","menu":"https://fonts.gstatic.com/s/notosansnewtailue/v22/H4cKBW-Pl9DZ0Xe_nHUapt7PovLXAhAnY7wqaLy-OJgU3p_pdeXAUUfqgA.ttf"},{"family":"Noto Sans Newa","version":"v16","lastModified":"2022-11-09","category":"sans-serif","kind":"webfonts#webfont","menu":"https://fonts.gstatic.com/s/notosansnewa/v16/7r3fqXp6utEsO9pI4f8ok8sWg_n-oto.ttf"},{"family":"Noto Sans NKo","version":"v6","lastModified":"2023-09-27","category":"sans-serif","kind":"webfonts#webfont","menu":"https://fonts.gstatic.com/s/notosansnko/v6/esDX31ZdNv-KYGGJpKGk2_RpApGGGA.ttf"},{"family":"Noto Sans NKo Unjoined","version":"v2","lastModified":"2023-09-27","category":"sans-serif","kind":"webfonts#webfont","menu":"https://fonts.gstatic.com/s/notosansnkounjoined/v2/MCo_zBjx1d3VUhJFK9MYlNCXJ6VvqwGPz3szPOBB5nuzMdWs0rvF2jEOz_o.ttf"},{"family":"Noto Sans Nushu","version":"v19","lastModified":"2023-04-27","category":"sans-serif","kind":"webfonts#webfont","menu":"https://fonts.gstatic.com/s/notosansnushu/v19/rnCw-xRQ3B7652emAbAe_Ai1IYa1WVoI.ttf"},{"family":"Noto Sans Ogham","version":"v17","lastModified":"2023-07-24","category":"sans-serif","kind":"webfonts#webfont","menu":"https://fonts.gstatic.com/s/notosansogham/v17/kmKlZqk1GBDGN0mY6k5lmEmww4hbtpNe.ttf"},{"family":"Noto Sans Ol Chiki","version":"v29","lastModified":"2023-09-14","category":"sans-serif","kind":"webfonts#webfont","menu":"https://fonts.gstatic.com/s/notosansolchiki/v29/N0b92TJNOPt-eHmFZCdQbrL32r-4CvhzDzRwlxOQYuVALWk227MwhQ.ttf"},{"family":"Noto Sans Old Hungarian","version":"v18","lastModified":"2023-09-13","category":"sans-serif","kind":"webfonts#webfont","menu":"https://fonts.gstatic.com/s/notosansoldhungarian/v18/E213_cD6hP3GwCJPEUssHEM0KqLaHJXg2PiIgSfiZAo.ttf"},{"family":"Noto Sans Old Italic","version":"v17","lastModified":"2024-07-30","category":"sans-serif","kind":"webfonts#webfont","menu":"https://fonts.gstatic.com/s/notosansolditalic/v17/TuGOUUFzXI5FBtUq5a8bh68BJxxEVam7tVlQfxw.ttf"},{"family":"Noto Sans Old North Arabian","version":"v16","lastModified":"2023-07-13","category":"sans-serif","kind":"webfonts#webfont","menu":"https://fonts.gstatic.com/s/notosansoldnortharabian/v16/esDF30BdNv-KYGGJpKGk2tNiMt7Jar6olZDyNdr81zBgmEA7.ttf"},{"family":"Noto Sans Old Permic","version":"v17","lastModified":"2023-07-13","category":"sans-serif","kind":"webfonts#webfont","menu":"https://fonts.gstatic.com/s/notosansoldpermic/v17/snf1s1q1-dF8pli1TesqcbUY4Mr-ElrwKIdWiPs.ttf"},{"family":"Noto Sans Old Persian","version":"v16","lastModified":"2023-07-13","category":"sans-serif","kind":"webfonts#webfont","menu":"https://fonts.gstatic.com/s/notosansoldpersian/v16/wEOjEAbNnc5caQTFG18FHrZr9Bp6-8CmIJ_dqeNU.ttf"},{"family":"Noto Sans Old Sogdian","version":"v17","lastModified":"2024-07-30","category":"sans-serif","kind":"webfonts#webfont","menu":"https://fonts.gstatic.com/s/notosansoldsogdian/v17/3JnjSCH90Gmq2mrzckOBBhFhdrMst48aURtLnOgu.ttf"},{"family":"Noto Sans Old South Arabian","version":"v16","lastModified":"2023-07-13","category":"sans-serif","kind":"webfonts#webfont","menu":"https://fonts.gstatic.com/s/notosansoldsoutharabian/v16/3qT5oiOhnSyU8TNFIdhZTice3hB_HWKsEnF--0XCHiKB1eFH.ttf"},{"family":"Noto Sans Old Turkic","version":"v18","lastModified":"2024-07-30","category":"sans-serif","kind":"webfonts#webfont","menu":"https://fonts.gstatic.com/s/notosansoldturkic/v18/yMJNMJVya43H0SUF_WmcGEQVqoEMKDKbsH2Qhkg.ttf"},{"family":"Noto Sans Oriya","version":"v31","lastModified":"2024-04-12","category":"sans-serif","kind":"webfonts#webfont","menu":"https://fonts.gstatic.com/s/notosansoriya/v31/AYCppXfzfccDCstK_hrjDyADv5e9748vhj3CJBLHIARtgD6TJQS0dJT5Ivj0f5_d4rw.ttf"},{"family":"Noto Sans Osage","version":"v18","lastModified":"2022-11-09","category":"sans-serif","kind":"webfonts#webfont","menu":"https://fonts.gstatic.com/s/notosansosage/v18/oPWX_kB6kP4jCuhpgEGmw4mtAVtnR1yW.ttf"},{"family":"Noto Sans Osmanya","version":"v18","lastModified":"2022-11-09","category":"sans-serif","kind":"webfonts#webfont","menu":"https://fonts.gstatic.com/s/notosansosmanya/v18/8vIS7xs32H97qzQKnzfeWzUyUpOJmw6lTYo.ttf"},{"family":"Noto Sans Pahawh Hmong","version":"v18","lastModified":"2023-05-02","category":"sans-serif","kind":"webfonts#webfont","menu":"https://fonts.gstatic.com/s/notosanspahawhhmong/v18/bWtp7e_KfBziStx7lIzKKaMUOBEA3UPQDW7knzY1dw.ttf"},{"family":"Noto Sans Palmyrene","version":"v16","lastModified":"2023-06-22","category":"sans-serif","kind":"webfonts#webfont","menu":"https://fonts.gstatic.com/s/notosanspalmyrene/v16/ZgNPjOdKPa7CHqq0h37c_ASCWvH93SFCDnOzYg.ttf"},{"family":"Noto Sans Pau Cin Hau","version":"v20","lastModified":"2023-05-02","category":"sans-serif","kind":"webfonts#webfont","menu":"https://fonts.gstatic.com/s/notosanspaucinhau/v20/x3d-cl3IZKmUqiMg_9wBLLtzl22EayN7ehItjU-u.ttf"},{"family":"Noto Sans PhagsPa","version":"v23","lastModified":"2024-12-10","category":"sans-serif","kind":"webfonts#webfont","menu":"https://fonts.gstatic.com/s/notosansphagspa/v23/XLY8IYr5bJNDGYxPGjyYbaEjwQR-LGltasI.ttf"},{"family":"Noto Sans Phoenician","version":"v17","lastModified":"2023-07-24","category":"sans-serif","kind":"webfonts#webfont","menu":"https://fonts.gstatic.com/s/notosansphoenician/v17/jizFRF9Ksm4Bt9PvcTaEkIHiTVtxmFtS5U7IqNs.ttf"},{"family":"Noto Sans Psalter Pahlavi","version":"v17","lastModified":"2024-07-30","category":"sans-serif","kind":"webfonts#webfont","menu":"https://fonts.gstatic.com/s/notosanspsalterpahlavi/v17/rP2Vp3K65FkAtHfwd-eISGznYihzggmsicPfud3w5GzAtQ.ttf"},{"family":"Noto Sans Rejang","version":"v21","lastModified":"2023-09-27","category":"sans-serif","kind":"webfonts#webfont","menu":"https://fonts.gstatic.com/s/notosansrejang/v21/Ktk2AKuMeZjqPnXgyqrib7DIogqwB4K9XQ.ttf"},{"family":"Noto Sans Runic","version":"v17","lastModified":"2023-07-24","category":"sans-serif","kind":"webfonts#webfont","menu":"https://fonts.gstatic.com/s/notosansrunic/v17/H4c_BXWPl9DZ0Xe_nHUaus7W68WmahBr.ttf"},{"family":"Noto Sans Samaritan","version":"v16","lastModified":"2023-06-22","category":"sans-serif","kind":"webfonts#webfont","menu":"https://fonts.gstatic.com/s/notosanssamaritan/v16/buEqppe9f8_vkXadMBJJo0tSmaYjFkxOYo9pMg.ttf"},{"family":"Noto Sans Saurashtra","version":"v23","lastModified":"2023-09-13","category":"sans-serif","kind":"webfonts#webfont","menu":"https://fonts.gstatic.com/s/notosanssaurashtra/v23/ea8GacQ0Wfz_XKWXe6OtoA8w8zvmYwTef-nchBc.ttf"},{"family":"Noto Sans SC","version":"v37","lastModified":"2024-07-30","category":"sans-serif","kind":"webfonts#webfont","menu":"https://fonts.gstatic.com/s/notosanssc/v37/k3kCo84MPvpLmixcA63oeAL7Iqp5IZJF9bmaG9_FrY1HaA.ttf"},{"family":"Noto Sans Sharada","version":"v16","lastModified":"2022-11-18","category":"sans-serif","kind":"webfonts#webfont","menu":"https://fonts.gstatic.com/s/notosanssharada/v16/gok0H7rwAEdtF9N8-mdTGALG6p0kwrXKNug.ttf"},{"family":"Noto Sans Shavian","version":"v17","lastModified":"2023-07-24","category":"sans-serif","kind":"webfonts#webfont","menu":"https://fonts.gstatic.com/s/notosansshavian/v17/CHy5V_HZE0jxJBQlqAeCKjJvQBNF4HFRQJ0.ttf"},{"family":"Noto Sans Siddham","version":"v20","lastModified":"2023-09-27","category":"sans-serif","kind":"webfonts#webfont","menu":"https://fonts.gstatic.com/s/notosanssiddham/v20/OZpZg-FwqiNLe9PELUikxTWDoCCeGpncmXY.ttf"},{"family":"Noto Sans SignWriting","version":"v4","lastModified":"2024-09-04","category":"sans-serif","kind":"webfonts#webfont","menu":"https://fonts.gstatic.com/s/notosanssignwriting/v4/Noas6VX_wIWFbTTCrYmvy9A2UnkL-2SZAWikEFqE.ttf"},{"family":"Noto Sans Sinhala","version":"v32","lastModified":"2024-11-20","category":"sans-serif","kind":"webfonts#webfont","menu":"https://fonts.gstatic.com/s/notosanssinhala/v32/yMJ2MJBya43H0SUF_WmcBEEf4rQVO2P524V5N_MxQzQtb-tf5dJbC30Fu9zUwg2a1lkBoA.ttf"},{"family":"Noto Sans Sogdian","version":"v16","lastModified":"2023-06-22","category":"sans-serif","kind":"webfonts#webfont","menu":"https://fonts.gstatic.com/s/notosanssogdian/v16/taiQGn5iC4--qtsfi4Jp6eHPnfxQBr-_NGo.ttf"},{"family":"Noto Sans Sora Sompeng","version":"v24","lastModified":"2023-03-09","category":"sans-serif","kind":"webfonts#webfont","menu":"https://fonts.gstatic.com/s/notosanssorasompeng/v24/PlIRFkO5O6RzLfvNNVSioxM2_OTrEhPyDLolKvCsHzCxWuGkYHR81_Dob3Y.ttf"},{"family":"Noto Sans Soyombo","version":"v17","lastModified":"2023-07-24","category":"sans-serif","kind":"webfonts#webfont","menu":"https://fonts.gstatic.com/s/notosanssoyombo/v17/RWmSoL-Y6-8q5LTtXs6MF6q7xsxgY3FqKlc.ttf"},{"family":"Noto Sans Sundanese","version":"v26","lastModified":"2024-05-02","category":"sans-serif","kind":"webfonts#webfont","menu":"https://fonts.gstatic.com/s/notosanssundanese/v26/FwZw7_84xUkosG2xJo2gm7nFwSLQkdymq2mkz3Gz1_b6ctxpNOHDgT8.ttf"},{"family":"Noto Sans Syloti Nagri","version":"v23","lastModified":"2024-08-12","category":"sans-serif","kind":"webfonts#webfont","menu":"https://fonts.gstatic.com/s/notosanssylotinagri/v23/uU9eCAQZ75uhfF9UoWDRiY3q7Sf_VFV3m4dGJVb7Mw.ttf"},{"family":"Noto Sans Symbols","version":"v43","lastModified":"2024-09-04","category":"sans-serif","kind":"webfonts#webfont","menu":"https://fonts.gstatic.com/s/notosanssymbols/v43/rP2up3q65FkAtHfwd-eIS2brbDN6gxP34F9jRRCe4W3gfQ8Qa_9B.ttf"},{"family":"Noto Sans Symbols 2","version":"v24","lastModified":"2024-09-30","category":"sans-serif","kind":"webfonts#webfont","menu":"https://fonts.gstatic.com/s/notosanssymbols2/v24/I_uyMoGduATTei9eI8daxVHDyfisHr71-pLgeQ.ttf"},{"family":"Noto Sans Syriac","version":"v16","lastModified":"2023-04-27","category":"sans-serif","kind":"webfonts#webfont","menu":"https://fonts.gstatic.com/s/notosanssyriac/v16/Ktk7AKuMeZjqPnXgyqribqzQqgW0LYiVqV7dXcP0C-VD9PaIw5M.ttf"},{"family":"Noto Sans Syriac Eastern","version":"v1","lastModified":"2023-07-13","category":"sans-serif","kind":"webfonts#webfont","menu":"https://fonts.gstatic.com/s/notosanssyriaceastern/v1/Noac6Vj_wIWFbTTCrYmvy8AjVU8aslWRHHvRYxS-Ro3yS0FDacnHPi-fgzGB4Q.ttf"},{"family":"Noto Sans Tagalog","version":"v22","lastModified":"2023-09-27","category":"sans-serif","kind":"webfonts#webfont","menu":"https://fonts.gstatic.com/s/notosanstagalog/v22/J7aFnoNzCnFcV9ZI-sUYuvote1R0wzEBCcw.ttf"},{"family":"Noto Sans Tagbanwa","version":"v18","lastModified":"2023-05-02","category":"sans-serif","kind":"webfonts#webfont","menu":"https://fonts.gstatic.com/s/notosanstagbanwa/v18/Y4GWYbB8VTEp4t3MKJSMmQdIKjRtt_npRz4A.ttf"},{"family":"Noto Sans Tai Le","version":"v17","lastModified":"2022-11-09","category":"sans-serif","kind":"webfonts#webfont","menu":"https://fonts.gstatic.com/s/notosanstaile/v17/vEFK2-VODB8RrNDvZSUmVxEATwR5wtO_Xw.ttf"},{"family":"Noto Sans Tai Tham","version":"v20","lastModified":"2023-09-14","category":"sans-serif","kind":"webfonts#webfont","menu":"https://fonts.gstatic.com/s/notosanstaitham/v20/kJEbBv0U4hgtwxDUw2x9q7tbjLIfbPGHBoaVSAZ3MdLJBCUbDgukzQ.ttf"},{"family":"Noto Sans Tai Viet","version":"v19","lastModified":"2023-09-27","category":"sans-serif","kind":"webfonts#webfont","menu":"https://fonts.gstatic.com/s/notosanstaiviet/v19/8QIUdj3HhN_lv4jf9vsE-9GMOLsaSPZb6oQb.ttf"},{"family":"Noto Sans Takri","version":"v24","lastModified":"2023-10-25","category":"sans-serif","kind":"webfonts#webfont","menu":"https://fonts.gstatic.com/s/notosanstakri/v24/TuGJUVpzXI5FBtUq5a8bnKIOdTwgNeXS.ttf"},{"family":"Noto Sans Tamil","version":"v27","lastModified":"2023-04-27","category":"sans-serif","kind":"webfonts#webfont","menu":"https://fonts.gstatic.com/s/notosanstamil/v27/ieVc2YdFI3GCY6SyQy1KfStzYKZgzN1z4LKDbeZce-0429tBManUktuex7vGo40QoqQ.ttf"},{"family":"Noto Sans Tamil Supplement","version":"v21","lastModified":"2023-06-30","category":"sans-serif","kind":"webfonts#webfont","menu":"https://fonts.gstatic.com/s/notosanstamilsupplement/v21/DdTz78kEtnooLS5rXF1DaruiCd_bFp_Ph4sGcn7ax8vtC-c.ttf"},{"family":"Noto Sans Tangsa","version":"v6","lastModified":"2023-10-25","category":"sans-serif","kind":"webfonts#webfont","menu":"https://fonts.gstatic.com/s/notosanstangsa/v6/z7NCdQPmcigbbZAIOl9igP26K470lICpky0-peX5Qp1YkxoQa94.ttf"},{"family":"Noto Sans TC","version":"v36","lastModified":"2024-07-30","category":"sans-serif","kind":"webfonts#webfont","menu":"https://fonts.gstatic.com/s/notosanstc/v36/-nFuOG829Oofr2wohFbTp9ifNAn722rq0MXz76CyzCtEsg.ttf"},{"family":"Noto Sans Telugu","version":"v26","lastModified":"2023-10-25","category":"sans-serif","kind":"webfonts#webfont","menu":"https://fonts.gstatic.com/s/notosanstelugu/v26/0FlxVOGZlE2Rrtr-HmgkMWJNjJ5_RyT8o8c7fHkeg-esVC5dzHkHIJQqrEntezbaQEzb.ttf"},{"family":"Noto Sans Thaana","version":"v24","lastModified":"2023-11-09","category":"sans-serif","kind":"webfonts#webfont","menu":"https://fonts.gstatic.com/s/notosansthaana/v24/C8c14dM-vnz-s-3jaEsxlxHkBH-WZOETXfoQrfQ9Y4XrbiLglOo.ttf"},{"family":"Noto Sans Thai","version":"v25","lastModified":"2023-10-25","category":"sans-serif","kind":"webfonts#webfont","menu":"https://fonts.gstatic.com/s/notosansthai/v25/iJWnBXeUZi_OHPqn4wq6hQ2_hbJ1xyN9wd43SofNWcd1MKVQt_So_9CdU5RtlzB0RQ.ttf"},{"family":"Noto Sans Thai Looped","version":"v14","lastModified":"2023-04-27","category":"sans-serif","kind":"webfonts#webfont","menu":"https://fonts.gstatic.com/s/notosansthailooped/v14/B50RF6pOpWTRcGrhOVJJ3-oPfY7WQuFu5R3QOqAY.ttf"},{"family":"Noto Sans Tifinagh","version":"v20","lastModified":"2023-09-27","category":"sans-serif","kind":"webfonts#webfont","menu":"https://fonts.gstatic.com/s/notosanstifinagh/v20/I_uzMoCduATTei9eI8dawkHIwvmhCvbX67PA.ttf"},{"family":"Noto Sans Tirhuta","version":"v16","lastModified":"2023-07-24","category":"sans-serif","kind":"webfonts#webfont","menu":"https://fonts.gstatic.com/s/notosanstirhuta/v16/t5t6IQYRNJ6TWjahPR6X-M-apUyby4uHWh8.ttf"},{"family":"Noto Sans Ugaritic","version":"v16","lastModified":"2023-05-23","category":"sans-serif","kind":"webfonts#webfont","menu":"https://fonts.gstatic.com/s/notosansugaritic/v16/3qTwoiqhnSyU8TNFIdhZVCwbjCpkAXXUMxAM.ttf"},{"family":"Noto Sans Vai","version":"v17","lastModified":"2022-09-28","category":"sans-serif","kind":"webfonts#webfont","menu":"https://fonts.gstatic.com/s/notosansvai/v17/NaPecZTSBuhTirw6IaFn_UrUdMXmCA.ttf"},{"family":"Noto Sans Vithkuqi","version":"v1","lastModified":"2023-07-24","category":"sans-serif","kind":"webfonts#webfont","menu":"https://fonts.gstatic.com/s/notosansvithkuqi/v1/jVyi7m77CXvQswd6WjYu9E1wN6cih2TSchUEkQgw3KTnva5SsKIxug.ttf"},{"family":"Noto Sans Wancho","version":"v17","lastModified":"2022-09-28","category":"sans-serif","kind":"webfonts#webfont","menu":"https://fonts.gstatic.com/s/notosanswancho/v17/zrf-0GXXyfn6Fs0lH9P4cUubP0GBmALiog.ttf"},{"family":"Noto Sans Warang Citi","version":"v17","lastModified":"2022-09-28","category":"sans-serif","kind":"webfonts#webfont","menu":"https://fonts.gstatic.com/s/notosanswarangciti/v17/EYqtmb9SzL1YtsZSScyKDXIeOv3w-zgsNvKhpO9G.ttf"},{"family":"Noto Sans Yi","version":"v19","lastModified":"2023-05-02","category":"sans-serif","kind":"webfonts#webfont","menu":"https://fonts.gstatic.com/s/notosansyi/v19/sJoD3LFXjsSdcnzn071rO3aZxFrN.ttf"},{"family":"Noto Sans Zanabazar Square","version":"v19","lastModified":"2023-09-27","category":"sans-serif","kind":"webfonts#webfont","menu":"https://fonts.gstatic.com/s/notosanszanabazarsquare/v19/Cn-jJsuGWQxOjaGwMQ6fOicyxLBEMRfDtkzl4uagQuJwMiU.ttf"},{"family":"Noto Serif","version":"v23","lastModified":"2023-10-25","category":"serif","kind":"webfonts#webfont","menu":"https://fonts.gstatic.com/s/notoserif/v23/ga6iaw1J5X9T9RW6j9bNVls-hfgvz8JcMofYTa32J4wsL2JAlAhZqFCTwccP.ttf"},{"family":"Noto Serif Ahom","version":"v20","lastModified":"2023-11-09","category":"serif","kind":"webfonts#webfont","menu":"https://fonts.gstatic.com/s/notoserifahom/v20/FeVIS0hfp6cprmEUffAW_fUL_ANOw-wv.ttf"},{"family":"Noto Serif Armenian","version":"v27","lastModified":"2023-11-09","category":"serif","kind":"webfonts#webfont","menu":"https://fonts.gstatic.com/s/notoserifarmenian/v27/3XFMEqMt3YoFsciDRZxptyCUKJmytZ0kVU-XvF7QaZuL85rnQ_zDNzDe5xNnKxyZi8Krx__e.ttf"},{"family":"Noto Serif Balinese","version":"v20","lastModified":"2024-07-30","category":"serif","kind":"webfonts#webfont","menu":"https://fonts.gstatic.com/s/notoserifbalinese/v20/QdVKSS0-JginysQSRvuCmUMB_wVeQAxXdbkDcg.ttf"},{"family":"Noto Serif Bengali","version":"v25","lastModified":"2024-11-20","category":"serif","kind":"webfonts#webfont","menu":"https://fonts.gstatic.com/s/notoserifbengali/v25/hYkuPvggTvnzO14VSXltirUdnnkt1pwmWrprmO7RjE0a5BtdATYU1crFaM_5JfcAHkqm6rw.ttf"},{"family":"Noto Serif Devanagari","version":"v30","lastModified":"2024-07-01","category":"serif","kind":"webfonts#webfont","menu":"https://fonts.gstatic.com/s/notoserifdevanagari/v30/x3dYcl3IZKmUqiMk48ZHXJ5jwU-DZGRSaQ4Hh2dGyFzPLcQPVbnRNeFsw0xRWb6uxTA-oz-GO0M.ttf"},{"family":"Noto Serif Display","version":"v24","lastModified":"2023-08-25","category":"serif","kind":"webfonts#webfont","menu":"https://fonts.gstatic.com/s/notoserifdisplay/v24/buERppa9f8_vkXaZLAgP0G5Wi6QmA1QaeYah2sovLCDq_ZgLyt3idQfktOG-PVpd4ugLYjE.ttf"},{"family":"Noto Serif Dogra","version":"v23","lastModified":"2023-11-28","category":"serif","kind":"webfonts#webfont","menu":"https://fonts.gstatic.com/s/notoserifdogra/v23/MQpP-XquKMC7ROPP3QOOlm7xPu3fKy-9JQ.ttf"},{"family":"Noto Serif Ethiopic","version":"v30","lastModified":"2023-09-14","category":"serif","kind":"webfonts#webfont","menu":"https://fonts.gstatic.com/s/notoserifethiopic/v30/V8mjoR7-XjwJ8_Au3Ti5tXj5Rd83frpWLK4d-taxqWw2HMWjDxBAg5S_0QsrggxCzSUTkKm5.ttf"},{"family":"Noto Serif Georgian","version":"v26","lastModified":"2023-11-28","category":"serif","kind":"webfonts#webfont","menu":"https://fonts.gstatic.com/s/notoserifgeorgian/v26/VEMXRpd8s4nv8hG_qOzL7HOAw4nt0Sl_XxyaEduNMvi7T6Y4etRnmGhyLop-R3aSTvovdj70.ttf"},{"family":"Noto Serif Grantha","version":"v21","lastModified":"2024-06-10","category":"serif","kind":"webfonts#webfont","menu":"https://fonts.gstatic.com/s/notoserifgrantha/v21/qkBIXuEH5NzDDvc3fLDYxPk9-Wq3WLiaFUlP.ttf"},{"family":"Noto Serif Gujarati","version":"v27","lastModified":"2023-11-28","category":"serif","kind":"webfonts#webfont","menu":"https://fonts.gstatic.com/s/notoserifgujarati/v27/hESa6WBlOixO-3OJ1FTmTsmqlBRUJBVkcgNLpdsspzP2HuYycLzvOVY.ttf"},{"family":"Noto Serif Gurmukhi","version":"v20","lastModified":"2023-04-27","category":"serif","kind":"webfonts#webfont","menu":"https://fonts.gstatic.com/s/notoserifgurmukhi/v20/92z-tA9LNqsg7tCYlXdCV1VPnAEeDU0vLoYMbylXk0xTCr6-eSTMkKE.ttf"},{"family":"Noto Serif Hebrew","version":"v28","lastModified":"2024-06-10","category":"serif","kind":"webfonts#webfont","menu":"https://fonts.gstatic.com/s/notoserifhebrew/v28/k3k0o9MMPvpLmixYH7euCwmkS9DohjX1-kRyiqyBqIxnoLbp93i9IKrXKF_qVAwSMG41ug.ttf"},{"family":"Noto Serif HK","version":"v9","lastModified":"2024-09-23","category":"serif","kind":"webfonts#webfont","menu":"https://fonts.gstatic.com/s/notoserifhk/v9/BngdUXBETWXI6LwlBZGcqL-B_KuJFcgfwP_9RMd-K1RnXdA.ttf"},{"family":"Noto Serif JP","version":"v30","lastModified":"2024-09-23","category":"serif","kind":"webfonts#webfont","menu":"https://fonts.gstatic.com/s/notoserifjp/v30/xn71YHs72GKoTvER4Gn3b5eMRtWGkp6o7MjQ2bwxOtbBKrc.ttf"},{"family":"Noto Serif Kannada","version":"v27","lastModified":"2023-10-25","category":"serif","kind":"webfonts#webfont","menu":"https://fonts.gstatic.com/s/notoserifkannada/v27/v6-8GZHLJFKIhClqUYqXDiWqpxQxWSPoW6bz-l4hGHiNgcYDQeVD6w.ttf"},{"family":"Noto Serif Khitan Small Script","version":"v4","lastModified":"2024-09-04","category":"serif","kind":"webfonts#webfont","menu":"https://fonts.gstatic.com/s/notoserifkhitansmallscript/v4/jizzRFVKsm4Bt9PrbSzC4KLlQUF5lRJg5j-l5PvyhfTdd4TcZsNf.ttf"},{"family":"Noto Serif Khmer","version":"v25","lastModified":"2023-10-25","category":"serif","kind":"webfonts#webfont","menu":"https://fonts.gstatic.com/s/notoserifkhmer/v25/-F6UfidqLzI2JPCkXAO2hmogq0146FxtbwKEr951z5s6lI40sDRH_AVhUKdN6B8AXUxO.ttf"},{"family":"Noto Serif Khojki","version":"v11","lastModified":"2024-02-02","category":"serif","kind":"webfonts#webfont","menu":"https://fonts.gstatic.com/s/notoserifkhojki/v11/I_uHMoOduATTei9aP90ctmPGxP2rBKTM4mcQ5M3z9QMY0ghfyJcU.ttf"},{"family":"Noto Serif KR","version":"v28","lastModified":"2024-09-23","category":"serif","kind":"webfonts#webfont","menu":"https://fonts.gstatic.com/s/notoserifkr/v28/3JnoSDn90Gmq2mr3blnHaTZXbOtLJDvui3JOncjmeP53658.ttf"},{"family":"Noto Serif Lao","version":"v24","lastModified":"2023-09-27","category":"serif","kind":"webfonts#webfont","menu":"https://fonts.gstatic.com/s/notoseriflao/v24/3y9C6bYwcCjmsU8JEzCMxEwQfEBLk3f0rlSqCdaM_LlSNZ59oNw0BWH8VeMKnvKpkg.ttf"},{"family":"Noto Serif Makasar","version":"v1","lastModified":"2023-06-30","category":"serif","kind":"webfonts#webfont","menu":"https://fonts.gstatic.com/s/notoserifmakasar/v1/memjYbqtyH-NiZpFH_9zcvB_PqkfY9SLjovX.ttf"},{"family":"Noto Serif Malayalam","version":"v28","lastModified":"2023-05-02","category":"serif","kind":"webfonts#webfont","menu":"https://fonts.gstatic.com/s/notoserifmalayalam/v28/JIAZUU5sdmdP_HMcVcZFcH7DeVBeGVgSMEk2cmVDq1ihUXL1t-xvnFYD.ttf"},{"family":"Noto Serif Myanmar","version":"v13","lastModified":"2022-09-28","category":"serif","kind":"webfonts#webfont","menu":"https://fonts.gstatic.com/s/notoserifmyanmar/v13/VuJsdM7F2Yv76aBKKs-bHMQfAHUw3jnFpRDs.ttf"},{"family":"Noto Serif NP Hmong","version":"v1","lastModified":"2022-12-08","category":"serif","kind":"webfonts#webfont","menu":"https://fonts.gstatic.com/s/notoserifnphmong/v1/pONN1gItFMO79E4L1GPUi-2sixKHZyFj9Jy6_KhXPwzdvbjPhGLo1Ok.ttf"},{"family":"Noto Serif Old Uyghur","version":"v4","lastModified":"2024-09-23","category":"serif","kind":"webfonts#webfont","menu":"https://fonts.gstatic.com/s/notoserifolduyghur/v4/v6-KGZbLJFKIhClqUYqXDiGnrVoFRCW6JdwXK-Oa.ttf"},{"family":"Noto Serif Oriya","version":"v4","lastModified":"2023-03-09","category":"serif","kind":"webfonts#webfont","menu":"https://fonts.gstatic.com/s/notoseriforiya/v4/MjQQmj56u-r69izk_LDqWN7w0cYByutv9qeWYrvLaxrc_Ey_tUk.ttf"},{"family":"Noto Serif Ottoman Siyaq","version":"v2","lastModified":"2024-09-04","category":"serif","kind":"webfonts#webfont","menu":"https://fonts.gstatic.com/s/notoserifottomansiyaq/v2/fC1yPZ9IYnzRhTrrc4s8cSvYI0eozzaFOQ01qoH7J7IE.ttf"},{"family":"Noto Serif SC","version":"v31","lastModified":"2024-07-30","category":"serif","kind":"webfonts#webfont","menu":"https://fonts.gstatic.com/s/notoserifsc/v31/H4cyBXePl9DZ0Xe7gG9cyOj7uK2-n-D2rd4FY7SCqxWu-Yo.ttf"},{"family":"Noto Serif Sinhala","version":"v26","lastModified":"2023-05-02","category":"serif","kind":"webfonts#webfont","menu":"https://fonts.gstatic.com/s/notoserifsinhala/v26/DtVEJwinQqclnZE2CnsPug9lgGC3y2F2nehQ7Eg4EdBKWxPiDxMivFLgRXs_-pGxR2Mtz6Y.ttf"},{"family":"Noto Serif Tamil","version":"v28","lastModified":"2023-04-27","category":"serif","kind":"webfonts#webfont","menu":"https://fonts.gstatic.com/s/notoseriftamil/v28/LYjndHr-klIgTfc40komjQ5OObazYp-6H94dBF-RX6nNRJfi-Gf55IgAecattN-h8fbz.ttf"},{"family":"Noto Serif Tangut","version":"v16","lastModified":"2023-05-23","category":"serif","kind":"webfonts#webfont","menu":"https://fonts.gstatic.com/s/notoseriftangut/v16/xn76YGc72GKoTvER4Gn3b4m9Ern7El40d88.ttf"},{"family":"Noto Serif TC","version":"v32","lastModified":"2024-09-23","category":"serif","kind":"webfonts#webfont","menu":"https://fonts.gstatic.com/s/notoseriftc/v32/XLYzIZb5bJNDGYxLBibeHZ0BnHwmuanx8cUaGX9aMNpCM2I.ttf"},{"family":"Noto Serif Telugu","version":"v26","lastModified":"2023-10-25","category":"serif","kind":"webfonts#webfont","menu":"https://fonts.gstatic.com/s/notoseriftelugu/v26/tDbl2pCbnkEKmXNVmt2M1q6f4HWbbj6MRbYEeav7Fe9D9TCAuIeb.ttf"},{"family":"Noto Serif Thai","version":"v24","lastModified":"2023-10-25","category":"serif","kind":"webfonts#webfont","menu":"https://fonts.gstatic.com/s/notoserifthai/v24/k3kyo80MPvpLmixYH7euCxWpSMu3-gcWGj0hHAKGvUQlUv_bCKDUSzB5L0oiF9RQAG8.ttf"},{"family":"Noto Serif Tibetan","version":"v22","lastModified":"2023-03-09","category":"serif","kind":"webfonts#webfont","menu":"https://fonts.gstatic.com/s/notoseriftibetan/v22/gokGH7nwAEdtF9N45n0Vaz7O-pk0wsvxHeDXMfqguoCmIrYcDS_hcQ.ttf"},{"family":"Noto Serif Toto","version":"v5","lastModified":"2024-07-16","category":"serif","kind":"webfonts#webfont","menu":"https://fonts.gstatic.com/s/notoseriftoto/v5/Ktk6ALSMeZjqPnXk1rCkHYHNtwvtHItpjRP74dHhCy3Ip-ep4w.ttf"},{"family":"Noto Serif Vithkuqi","version":"v1","lastModified":"2023-07-24","category":"serif","kind":"webfonts#webfont","menu":"https://fonts.gstatic.com/s/notoserifvithkuqi/v1/YA94r1OY7FjTf5szakutkndpw9HH-4a4z9pklvg1IQSNcRWMdV2DoSs.ttf"},{"family":"Noto Serif Yezidi","version":"v21","lastModified":"2023-07-24","category":"serif","kind":"webfonts#webfont","menu":"https://fonts.gstatic.com/s/notoserifyezidi/v21/XLYPIYr5bJNDGYxLBibeHZAn3B5KJENnQjbfhMSVZspD2yEUr1uN.ttf"},{"family":"Noto Traditional Nushu","version":"v22","lastModified":"2024-12-04","category":"sans-serif","kind":"webfonts#webfont","menu":"https://fonts.gstatic.com/s/nototraditionalnushu/v22/SZcV3EDkJ7q9FaoMPlmF4Su8hlIjoGh5aj67PUZX6ADm6oa8IXus1unOYbA.ttf"},{"family":"Noto Znamenny Musical Notation","version":"v3","lastModified":"2024-09-04","category":"sans-serif","kind":"webfonts#webfont","menu":"https://fonts.gstatic.com/s/notoznamennymusicalnotation/v3/CSRW4ylQnPyaDwAMK1U_AolTaJ4Lz41GcgaIZV9YO2rO88jft5Cu.ttf"},{"family":"Nova Cut","version":"v25","lastModified":"2024-11-20","category":"display","kind":"webfonts#webfont","menu":"https://fonts.gstatic.com/s/novacut/v25/KFOkCnSYu8mL-39LkVxOIzc.ttf"},{"family":"Nova Flat","version":"v25","lastModified":"2024-11-20","category":"display","kind":"webfonts#webfont","menu":"https://fonts.gstatic.com/s/novaflat/v25/QdVUSTc-JgqpytEbVeb0uCFg.ttf"},{"family":"Nova Mono","version":"v21","lastModified":"2024-11-20","category":"monospace","kind":"webfonts#webfont","menu":"https://fonts.gstatic.com/s/novamono/v21/Cn-0JtiGWQ5Ajb--MRKvYWZc.ttf"},{"family":"Nova Oval","version":"v25","lastModified":"2024-11-20","category":"display","kind":"webfonts#webfont","menu":"https://fonts.gstatic.com/s/novaoval/v25/jAnEgHdmANHvPenMaswyMIWl.ttf"},{"family":"Nova Round","version":"v22","lastModified":"2024-11-20","category":"display","kind":"webfonts#webfont","menu":"https://fonts.gstatic.com/s/novaround/v22/flU9Rqquw5UhEnlwTJYTUYbUfQ.ttf"},{"family":"Nova Script","version":"v26","lastModified":"2024-11-20","category":"display","kind":"webfonts#webfont","menu":"https://fonts.gstatic.com/s/novascript/v26/7Au7p_IpkSWSTWaFWkumvlQMGFk.ttf"},{"family":"Nova Slim","version":"v25","lastModified":"2024-11-20","category":"display","kind":"webfonts#webfont","menu":"https://fonts.gstatic.com/s/novaslim/v25/Z9XUDmZNQAuem8jyZcnOycmM.ttf"},{"family":"Nova Square","version":"v25","lastModified":"2024-11-20","category":"display","kind":"webfonts#webfont","menu":"https://fonts.gstatic.com/s/novasquare/v25/RrQUbo9-9DV7b06QHgSWsahBT4c.ttf"},{"family":"NTR","version":"v18","lastModified":"2024-11-20","category":"sans-serif","kind":"webfonts#webfont","menu":"https://fonts.gstatic.com/s/ntr/v18/RLpzK5Xy0ZjSGWJo.ttf"},{"family":"Numans","version":"v15","lastModified":"2024-09-04","category":"sans-serif","kind":"webfonts#webfont","menu":"https://fonts.gstatic.com/s/numans/v15/SlGRmQmGupYAfH84YBIk.ttf"},{"family":"Nunito","version":"v26","lastModified":"2024-09-04","category":"sans-serif","kind":"webfonts#webfont","menu":"https://fonts.gstatic.com/s/nunito/v26/XRXI3I6Li01BKofiOc5wtlZ2di8HDLshdTI3ig.ttf"},{"family":"Nunito Sans","version":"v15","lastModified":"2024-09-04","category":"sans-serif","kind":"webfonts#webfont","menu":"https://fonts.gstatic.com/s/nunitosans/v15/pe1mMImSLYBIv1o4X1M8ce2xCx3yop4tQpF_MeTm0lfGWVpNn64CL7U8upHZIbMV51Q42ptCp5F5bxqqtQ1yiU4G1ilXtVUg.ttf"},{"family":"Nuosu SIL","version":"v10","lastModified":"2024-09-04","category":"sans-serif","kind":"webfonts#webfont","menu":"https://fonts.gstatic.com/s/nuosusil/v10/8vIK7wM3wmRn_kc4uAjuFWZf.ttf"},{"family":"Odibee Sans","version":"v18","lastModified":"2024-09-04","category":"display","kind":"webfonts#webfont","menu":"https://fonts.gstatic.com/s/odibeesans/v18/neIPzCSooYAho6WvjeToRbkzcJU.ttf"},{"family":"Odor Mean Chey","version":"v30","lastModified":"2024-11-20","category":"serif","kind":"webfonts#webfont","menu":"https://fonts.gstatic.com/s/odormeanchey/v30/raxkHiKDttkTe1aOGcJMR1A_4lrZ0T4.ttf"},{"family":"Offside","version":"v24","lastModified":"2024-09-04","category":"display","kind":"webfonts#webfont","menu":"https://fonts.gstatic.com/s/offside/v24/HI_KiYMWKa9QrAykc5DoQg.ttf"},{"family":"Oi","version":"v20","lastModified":"2024-11-20","category":"display","kind":"webfonts#webfont","menu":"https://fonts.gstatic.com/s/oi/v20/w8gXH2EuRptbsNo.ttf"},{"family":"Ojuju","version":"v3","lastModified":"2024-09-04","category":"sans-serif","kind":"webfonts#webfont","menu":"https://fonts.gstatic.com/s/ojuju/v3/7r3bqXF7v9ApbrMih3jYQBVm9-n_SpkJ5mtV.ttf"},{"family":"Old Standard TT","version":"v20","lastModified":"2024-09-04","category":"serif","kind":"webfonts#webfont","menu":"https://fonts.gstatic.com/s/oldstandardtt/v20/MwQubh3o1vLImiwAVvYawgcf2eVerFq9.ttf"},{"family":"Oldenburg","version":"v22","lastModified":"2024-09-04","category":"display","kind":"webfonts#webfont","menu":"https://fonts.gstatic.com/s/oldenburg/v22/fC1jPY5JYWzbywv7c4VKUESs.ttf"},{"family":"Ole","version":"v3","lastModified":"2024-09-04","category":"handwriting","kind":"webfonts#webfont","menu":"https://fonts.gstatic.com/s/ole/v3/dFazZf6Z-rdM9PY-.ttf"},{"family":"Oleo Script","version":"v14","lastModified":"2024-09-04","category":"display","kind":"webfonts#webfont","menu":"https://fonts.gstatic.com/s/oleoscript/v14/rax5HieDvtMOe0iICsUccChbu0o.ttf"},{"family":"Oleo Script Swash Caps","version":"v13","lastModified":"2024-09-04","category":"display","kind":"webfonts#webfont","menu":"https://fonts.gstatic.com/s/oleoscriptswashcaps/v13/Noaj6Vb-w5SFbTTAsZP_7JkCS08K-jCzDn_HAXukTQ.ttf"},{"family":"Onest","version":"v6","lastModified":"2024-09-04","category":"sans-serif","kind":"webfonts#webfont","menu":"https://fonts.gstatic.com/s/onest/v6/gNMZW3F-SZuj7zOT0IfSjTS16cPh9R-psxtI.ttf"},{"family":"Oooh Baby","version":"v4","lastModified":"2024-09-04","category":"handwriting","kind":"webfonts#webfont","menu":"https://fonts.gstatic.com/s/ooohbaby/v4/2sDcZGJWgJTT2Jf76xQzbmW8.ttf"},{"family":"Open Sans","version":"v40","lastModified":"2024-09-04","category":"sans-serif","kind":"webfonts#webfont","menu":"https://fonts.gstatic.com/s/opensans/v40/memSYaGs126MiZpBA-UvWbX2vVnXBbObj2OVZyOOSr4dVJWUgsjZ0B4maVc.ttf"},{"family":"Oranienbaum","version":"v15","lastModified":"2024-09-04","category":"serif","kind":"webfonts#webfont","menu":"https://fonts.gstatic.com/s/oranienbaum/v15/OZpHg_txtzZKMuXLIVrx-0zm5Eg.ttf"},{"family":"Orbit","version":"v1","lastModified":"2024-08-12","category":"sans-serif","kind":"webfonts#webfont","menu":"https://fonts.gstatic.com/s/orbit/v1/_LOCmz7I-uHd2ljFcKM.ttf"},{"family":"Orbitron","version":"v31","lastModified":"2024-09-04","category":"sans-serif","kind":"webfonts#webfont","menu":"https://fonts.gstatic.com/s/orbitron/v31/yMJMMIlzdpvBhQQL_SC3X9yhF25-T1nyGy6Bp2g2.ttf"},{"family":"Oregano","version":"v15","lastModified":"2024-09-04","category":"display","kind":"webfonts#webfont","menu":"https://fonts.gstatic.com/s/oregano/v15/If2IXTPxciS3H4S2oZbVOw.ttf"},{"family":"Orelega One","version":"v12","lastModified":"2024-09-04","category":"display","kind":"webfonts#webfont","menu":"https://fonts.gstatic.com/s/orelegaone/v12/3qTpojOggD2XtAdFb-QXZFt73kM.ttf"},{"family":"Orienta","version":"v15","lastModified":"2024-09-04","category":"sans-serif","kind":"webfonts#webfont","menu":"https://fonts.gstatic.com/s/orienta/v15/PlI9FlK4Jrl5Y9zNSyai8A.ttf"},{"family":"Original Surfer","version":"v23","lastModified":"2024-11-20","category":"display","kind":"webfonts#webfont","menu":"https://fonts.gstatic.com/s/originalsurfer/v23/RWmQoKGZ9vIirYntXJ3_MbekzNMSDUFr.ttf"},{"family":"Oswald","version":"v53","lastModified":"2024-09-04","category":"sans-serif","kind":"webfonts#webfont","menu":"https://fonts.gstatic.com/s/oswald/v53/TK3_WkUHHAIjg75cFRf3bXL8LICs1_FvsUBiYA.ttf"},{"family":"Outfit","version":"v11","lastModified":"2024-09-04","category":"sans-serif","kind":"webfonts#webfont","menu":"https://fonts.gstatic.com/s/outfit/v11/QGYyz_MVcBeNP4NjuGObqx1XmO1I4TC1O4C0Fg.ttf"},{"family":"Over the Rainbow","version":"v21","lastModified":"2024-11-20","category":"handwriting","kind":"webfonts#webfont","menu":"https://fonts.gstatic.com/s/overtherainbow/v21/11haGoXG1k_HKhMLUWz7Mc7vvW5ulvKs8A.ttf"},{"family":"Overlock","version":"v17","lastModified":"2024-09-04","category":"display","kind":"webfonts#webfont","menu":"https://fonts.gstatic.com/s/overlock/v17/Z9XVDmdMWRiN1_T9Z7Tf6Ok.ttf"},{"family":"Overlock SC","version":"v23","lastModified":"2024-09-04","category":"display","kind":"webfonts#webfont","menu":"https://fonts.gstatic.com/s/overlocksc/v23/1cX3aUHKGZrstGAY8nwVzEGBocA.ttf"},{"family":"Overpass","version":"v16","lastModified":"2024-09-30","category":"sans-serif","kind":"webfonts#webfont","menu":"https://fonts.gstatic.com/s/overpass/v16/qFda35WCmI96Ajtm83upeyoaX6QPnlo6_PPbOJqP.ttf"},{"family":"Overpass Mono","version":"v16","lastModified":"2024-09-04","category":"monospace","kind":"webfonts#webfont","menu":"https://fonts.gstatic.com/s/overpassmono/v16/_Xm5-H86tzKDdAPa-KPQZ-AC_COcRycquHlL6EXUonzyVO4.ttf"},{"family":"Ovo","version":"v17","lastModified":"2024-09-04","category":"serif","kind":"webfonts#webfont","menu":"https://fonts.gstatic.com/s/ovo/v17/yYLl0h7WyfzTyo49.ttf"},{"family":"Oxanium","version":"v19","lastModified":"2024-09-04","category":"display","kind":"webfonts#webfont","menu":"https://fonts.gstatic.com/s/oxanium/v19/RrQPboN_4yJ0JmiMUW7sIGjd1IA9G81JfkiND3A.ttf"},{"family":"Oxygen","version":"v15","lastModified":"2024-09-04","category":"sans-serif","kind":"webfonts#webfont","menu":"https://fonts.gstatic.com/s/oxygen/v15/2sDfZG1Wl4LcnbuKiE0j.ttf"},{"family":"Oxygen Mono","version":"v14","lastModified":"2024-09-04","category":"monospace","kind":"webfonts#webfont","menu":"https://fonts.gstatic.com/s/oxygenmono/v14/h0GsssGg9FxgDgCjLeAd7hjex-s.ttf"},{"family":"Pacifico","version":"v22","lastModified":"2024-09-04","category":"handwriting","kind":"webfonts#webfont","menu":"https://fonts.gstatic.com/s/pacifico/v22/FwZY7-Qmy14u9lezJ-6B6Mw.ttf"},{"family":"Padauk","version":"v16","lastModified":"2024-09-04","category":"sans-serif","kind":"webfonts#webfont","menu":"https://fonts.gstatic.com/s/padauk/v16/RrQRboJg-id7OnbxakXk.ttf"},{"family":"Padyakke Expanded One","version":"v6","lastModified":"2024-09-04","category":"serif","kind":"webfonts#webfont","menu":"https://fonts.gstatic.com/s/padyakkeexpandedone/v6/K2FvfY9El_tbR0JfHb6WWvrBaU6XAUvC4IAoOa5g.ttf"},{"family":"Palanquin","version":"v16","lastModified":"2024-11-20","category":"sans-serif","kind":"webfonts#webfont","menu":"https://fonts.gstatic.com/s/palanquin/v16/9XUnlJ90n1fBFg7ceXwcd1tI.ttf"},{"family":"Palanquin Dark","version":"v16","lastModified":"2024-11-20","category":"sans-serif","kind":"webfonts#webfont","menu":"https://fonts.gstatic.com/s/palanquindark/v16/xn75YHgl1nqmANMB-26xC7yuF86PRk4.ttf"},{"family":"Palette Mosaic","version":"v11","lastModified":"2024-08-07","category":"display","kind":"webfonts#webfont","menu":"https://fonts.gstatic.com/s/palettemosaic/v11/AMOIz4aBvWuBFe3TohdW6YZ9MGiz69g.ttf"},{"family":"Pangolin","version":"v11","lastModified":"2024-09-04","category":"handwriting","kind":"webfonts#webfont","menu":"https://fonts.gstatic.com/s/pangolin/v11/cY9GfjGcW0FPpi-tWMfL79k.ttf"},{"family":"Paprika","version":"v21","lastModified":"2022-09-22","category":"display","kind":"webfonts#webfont","menu":"https://fonts.gstatic.com/s/paprika/v21/8QIJdijZitv49rDfiIkErw.ttf"},{"family":"Parisienne","version":"v13","lastModified":"2024-09-04","category":"handwriting","kind":"webfonts#webfont","menu":"https://fonts.gstatic.com/s/parisienne/v13/E21i_d3kivvAkxhLEVZpQy5wCg.ttf"},{"family":"Parkinsans","version":"v1","lastModified":"2024-11-20","category":"sans-serif","kind":"webfonts#webfont","menu":"https://fonts.gstatic.com/s/parkinsans/v1/-W_uXJXvQyPb1QfpBpRrVEgjj0W4zSUk4gTW6S8L8cI.ttf"},{"family":"Passero One","version":"v26","lastModified":"2024-09-04","category":"display","kind":"webfonts#webfont","menu":"https://fonts.gstatic.com/s/passeroone/v26/JTUTjIko8DOq5FeaeEAjgH5A7g4.ttf"},{"family":"Passion One","version":"v18","lastModified":"2024-09-04","category":"display","kind":"webfonts#webfont","menu":"https://fonts.gstatic.com/s/passionone/v18/PbynFmL8HhTPqbjUzux3JEuX9l4.ttf"},{"family":"Passions Conflict","version":"v7","lastModified":"2024-09-04","category":"handwriting","kind":"webfonts#webfont","menu":"https://fonts.gstatic.com/s/passionsconflict/v7/kmKnZrcrFhfafnWX9x0GuEC-zowow6NfaxY.ttf"},{"family":"Pathway Extreme","version":"v3","lastModified":"2024-09-04","category":"sans-serif","kind":"webfonts#webfont","menu":"https://fonts.gstatic.com/s/pathwayextreme/v3/neI6zCC3pJ0rsaH2_sD-QttXPfDPonvkQ-pxx5gufvP2VmLjiFyxGf8BLymNjYv2Oy6vkLmw4xak2N1FKiYz.ttf"},{"family":"Pathway Gothic One","version":"v15","lastModified":"2024-09-04","category":"sans-serif","kind":"webfonts#webfont","menu":"https://fonts.gstatic.com/s/pathwaygothicone/v15/MwQrbgD32-KAvjkYGNUUxAtW7pEBwx-tTVZa.ttf"},{"family":"Patrick Hand","version":"v23","lastModified":"2024-09-04","category":"handwriting","kind":"webfonts#webfont","menu":"https://fonts.gstatic.com/s/patrickhand/v23/LDI1apSQOAYtSuYWp8ZhfYe8WMLO.ttf"},{"family":"Patrick Hand SC","version":"v15","lastModified":"2024-09-04","category":"handwriting","kind":"webfonts#webfont","menu":"https://fonts.gstatic.com/s/patrickhandsc/v15/0nkwC9f7MfsBiWcLtY65AWDK873liCK-.ttf"},{"family":"Pattaya","version":"v16","lastModified":"2024-09-04","category":"sans-serif","kind":"webfonts#webfont","menu":"https://fonts.gstatic.com/s/pattaya/v16/ea8ZadcqV_zkHY-XBdGt8w.ttf"},{"family":"Patua One","version":"v20","lastModified":"2024-09-04","category":"display","kind":"webfonts#webfont","menu":"https://fonts.gstatic.com/s/patuaone/v20/ZXuke1cDvLCKLDcimxB45flr.ttf"},{"family":"Pavanam","version":"v11","lastModified":"2024-09-04","category":"sans-serif","kind":"webfonts#webfont","menu":"https://fonts.gstatic.com/s/pavanam/v11/BXRrvF_aiezLh0xPPOpa8Q.ttf"},{"family":"Paytone One","version":"v23","lastModified":"2024-09-04","category":"sans-serif","kind":"webfonts#webfont","menu":"https://fonts.gstatic.com/s/paytoneone/v23/0nksC9P7MfYHj2oFtYm2ChTrgP4.ttf"},{"family":"Peddana","version":"v23","lastModified":"2024-11-20","category":"serif","kind":"webfonts#webfont","menu":"https://fonts.gstatic.com/s/peddana/v23/aFTU7PBhaX89UcKWthyQAQ.ttf"},{"family":"Peralta","version":"v19","lastModified":"2024-09-04","category":"serif","kind":"webfonts#webfont","menu":"https://fonts.gstatic.com/s/peralta/v19/hYkJPu0-RP_9d3kRKxErqg.ttf"},{"family":"Permanent Marker","version":"v16","lastModified":"2024-09-04","category":"handwriting","kind":"webfonts#webfont","menu":"https://fonts.gstatic.com/s/permanentmarker/v16/Fh4uPib9Iyv2ucM6pGQMWimMp004LauCeg.ttf"},{"family":"Petemoss","version":"v7","lastModified":"2024-09-04","category":"handwriting","kind":"webfonts#webfont","menu":"https://fonts.gstatic.com/s/petemoss/v7/A2BZn5tA2xgtGWHZgykfuqI.ttf"},{"family":"Petit Formal Script","version":"v17","lastModified":"2024-09-04","category":"handwriting","kind":"webfonts#webfont","menu":"https://fonts.gstatic.com/s/petitformalscript/v17/B50TF6xQr2TXJBnGOFME6u5OR83oRP5qkHjgOw.ttf"},{"family":"Petrona","version":"v32","lastModified":"2024-09-04","category":"serif","kind":"webfonts#webfont","menu":"https://fonts.gstatic.com/s/petrona/v32/mtGl4_NXL7bZo9XXq35wRLONYyOjFk6NsTRAFYo.ttf"},{"family":"Phetsarath","version":"v1","lastModified":"2024-11-20","category":"serif","kind":"webfonts#webfont","menu":"https://fonts.gstatic.com/s/phetsarath/v1/N0bQ2SpTP-plK0uWayAYMd_3mQ.ttf"},{"family":"Philosopher","version":"v20","lastModified":"2024-09-04","category":"sans-serif","kind":"webfonts#webfont","menu":"https://fonts.gstatic.com/s/philosopher/v20/vEFV2_5QCwIS4_Dhez5jcWBoT0g.ttf"},{"family":"Phudu","version":"v4","lastModified":"2024-09-04","category":"display","kind":"webfonts#webfont","menu":"https://fonts.gstatic.com/s/phudu/v4/0FlJVPSHk0ya-7OUeO_U-Lwm7PkKtWzkSg-q.ttf"},{"family":"Piazzolla","version":"v36","lastModified":"2024-09-30","category":"serif","kind":"webfonts#webfont","menu":"https://fonts.gstatic.com/s/piazzolla/v36/N0b52SlTPu5rIkWIZjVKKtYtfxYqZ4RJBFzFfYUjkSDdlqZgy7LYxkLz3gU.ttf"},{"family":"Piedra","version":"v25","lastModified":"2024-09-04","category":"display","kind":"webfonts#webfont","menu":"https://fonts.gstatic.com/s/piedra/v25/ke8kOg8aN0Bn7hTenUaD.ttf"},{"family":"Pinyon Script","version":"v22","lastModified":"2024-09-04","category":"handwriting","kind":"webfonts#webfont","menu":"https://fonts.gstatic.com/s/pinyonscript/v22/6xKpdSJbL9-e9LuoeQiDRQR8WOPaPw.ttf"},{"family":"Pirata One","version":"v22","lastModified":"2024-09-04","category":"display","kind":"webfonts#webfont","menu":"https://fonts.gstatic.com/s/pirataone/v22/I_urMpiDvgLdLh0fAtofhimOqw.ttf"},{"family":"Pixelify Sans","version":"v1","lastModified":"2024-09-04","category":"display","kind":"webfonts#webfont","menu":"https://fonts.gstatic.com/s/pixelifysans/v1/CHy2V-3HFUT7aC4iv1TxGDR9DHEserHN25py2TTp0E1ZZZY.ttf"},{"family":"Plaster","version":"v24","lastModified":"2024-09-04","category":"display","kind":"webfonts#webfont","menu":"https://fonts.gstatic.com/s/plaster/v24/DdTm79QatW80eRh4Ii9DPg.ttf"},{"family":"Platypi","version":"v4","lastModified":"2024-09-04","category":"serif","kind":"webfonts#webfont","menu":"https://fonts.gstatic.com/s/platypi/v4/bMromSGU7pMlaX6-PAmuwBQP4Hwe02Jz4q9isRw.ttf"},{"family":"Play","version":"v19","lastModified":"2024-09-04","category":"sans-serif","kind":"webfonts#webfont","menu":"https://fonts.gstatic.com/s/play/v19/6aez4K2oVqwIvtM2Gg.ttf"},{"family":"Playball","version":"v20","lastModified":"2024-09-04","category":"display","kind":"webfonts#webfont","menu":"https://fonts.gstatic.com/s/playball/v20/TK3gWksYAxQ7jbsKcg8Cne8.ttf"},{"family":"Playfair","version":"v2","lastModified":"2024-09-04","category":"serif","kind":"webfonts#webfont","menu":"https://fonts.gstatic.com/s/playfair/v2/0nkQC9D7PO4KhmUJ5_zTZ_4MYQXznAK-TUcZXKO3UMnW6VNpe4-SiiZ4b8h5G3GutPkUeugcqyc.ttf"},{"family":"Playfair Display","version":"v37","lastModified":"2024-09-04","category":"serif","kind":"webfonts#webfont","menu":"https://fonts.gstatic.com/s/playfairdisplay/v37/nuFvD-vYSZviVYUb_rj3ij__anPXJzDwcbmjWBN2PKdFvXDRbtY.ttf"},{"family":"Playfair Display SC","version":"v17","lastModified":"2024-09-04","category":"serif","kind":"webfonts#webfont","menu":"https://fonts.gstatic.com/s/playfairdisplaysc/v17/ke85OhoaMkR6-hSn7kbHVoFf7ZfgMPr_lb8MFQ.ttf"},{"family":"Playpen Sans","version":"v13","lastModified":"2024-08-12","category":"handwriting","kind":"webfonts#webfont","menu":"https://fonts.gstatic.com/s/playpensans/v13/dg43_pj1p6gXP0gzAZgm4c8XQArSU7ACQSn4IvRhinU3EQ.ttf"},{"family":"Playwrite AR","version":"v1","lastModified":"2024-08-12","category":"handwriting","kind":"webfonts#webfont","menu":"https://fonts.gstatic.com/s/playwritear/v1/VEMjRohisJz5pTCzruCNjWbfp_N-aNWqYgKS-ftfmf6OTw.ttf"},{"family":"Playwrite AR Guides","version":"v2","lastModified":"2024-12-10","category":"handwriting","kind":"webfonts#webfont","menu":"https://fonts.gstatic.com/s/playwritearguides/v2/iJWYBWqKZTrYS9uv-Ry6kDf-q_0Xq67mQGQQXw.ttf"},{"family":"Playwrite AT","version":"v1","lastModified":"2024-08-12","category":"handwriting","kind":"webfonts#webfont","menu":"https://fonts.gstatic.com/s/playwriteat/v1/Gw6owc7n6kfJN4fVoKON7HIEBRSfb0U2uGBm2M76R0zGKA.ttf"},{"family":"Playwrite AT Guides","version":"v1","lastModified":"2024-12-10","category":"handwriting","kind":"webfonts#webfont","menu":"https://fonts.gstatic.com/s/playwriteatguides/v1/QdVKSS0gJR2xneUeQPfE-FVA1BlZQRpBdbkDcg.ttf"},{"family":"Playwrite AU NSW","version":"v4","lastModified":"2024-08-12","category":"handwriting","kind":"webfonts#webfont","menu":"https://fonts.gstatic.com/s/playwriteaunsw/v4/6qLWKY4NtxD-qVlIPUIPenElWCCEWRgilpupBXi19xZjMY97Rjk.ttf"},{"family":"Playwrite AU NSW Guides","version":"v1","lastModified":"2024-12-10","category":"handwriting","kind":"webfonts#webfont","menu":"https://fonts.gstatic.com/s/playwriteaunswguides/v1/LDIiao-QNRMmVPcU8-sgUraMF7GZs_1Emk3v8uPab-A.ttf"},{"family":"Playwrite AU QLD","version":"v4","lastModified":"2024-08-12","category":"handwriting","kind":"webfonts#webfont","menu":"https://fonts.gstatic.com/s/playwriteauqld/v4/SlGGmR-Yo5oYZX5BFVcEwSFSOXBRWADAWbgjmLBhA6-yML2eoGk.ttf"},{"family":"Playwrite AU QLD Guides","version":"v1","lastModified":"2024-12-10","category":"handwriting","kind":"webfonts#webfont","menu":"https://fonts.gstatic.com/s/playwriteauqldguides/v1/TuGBUUJtX5tTUfQi_7kbiZZFVhl0FIKnvy00LAxkKTY.ttf"},{"family":"Playwrite AU SA","version":"v4","lastModified":"2024-08-12","category":"handwriting","kind":"webfonts#webfont","menu":"https://fonts.gstatic.com/s/playwriteausa/v4/YcmhsZpNS1SdgmHbGgtRuUElnR3CmSC5bVQVlrclpZgRQuRpDg.ttf"},{"family":"Playwrite AU SA Guides","version":"v1","lastModified":"2024-12-10","category":"handwriting","kind":"webfonts#webfont","menu":"https://fonts.gstatic.com/s/playwriteausaguides/v1/3JnsSCLj03y8jUv7aFWBCCglBaFjl54aVBAojckOOw.ttf"},{"family":"Playwrite AU TAS","version":"v4","lastModified":"2024-08-12","category":"handwriting","kind":"webfonts#webfont","menu":"https://fonts.gstatic.com/s/playwriteautas/v4/GftT7u9QuxsdI_QuuctXue3ElxxmcBb3ih0opvWiLLUEH5K7FFs.ttf"},{"family":"Playwrite AU TAS Guides","version":"v1","lastModified":"2024-12-10","category":"handwriting","kind":"webfonts#webfont","menu":"https://fonts.gstatic.com/s/playwriteautasguides/v1/cY9Vfi6cVk5RvjGtQrLqjozy3ekUDtDMDX-NNgbLJYE.ttf"},{"family":"Playwrite AU VIC","version":"v4","lastModified":"2024-08-12","category":"handwriting","kind":"webfonts#webfont","menu":"https://fonts.gstatic.com/s/playwriteauvic/v4/bWtu7enUfwn0Hf1zjprKOJdcDy8rxwC1ltAeNDAAd4fTaYK1AhY.ttf"},{"family":"Playwrite AU VIC Guides","version":"v1","lastModified":"2024-12-10","category":"handwriting","kind":"webfonts#webfont","menu":"https://fonts.gstatic.com/s/playwriteauvicguides/v1/ll8sK3mEVy6nEMXMskXIZv8owEdZpVIWaQEnuA6E0z4.ttf"},{"family":"Playwrite BE VLG","version":"v1","lastModified":"2024-08-12","category":"handwriting","kind":"webfonts#webfont","menu":"https://fonts.gstatic.com/s/playwritebevlg/v1/GFD8WBdug3mQSvrAT9AL6fd4ZkB-a2sDmg3dy2W0blL8vMCNOCg.ttf"},{"family":"Playwrite BE VLG Guides","version":"v2","lastModified":"2024-12-10","category":"handwriting","kind":"webfonts#webfont","menu":"https://fonts.gstatic.com/s/playwritebevlgguides/v2/EYqjmb1Mz6hO4edaU9qKGFZMDd_Q-zwwK__U1t9HIX0.ttf"},{"family":"Playwrite BE WAL","version":"v1","lastModified":"2024-08-12","category":"handwriting","kind":"webfonts#webfont","menu":"https://fonts.gstatic.com/s/playwritebewal/v1/DtV1Jwq5QbIzyrA6DHdJ2BksuUmanQtEYjAlv96WFsWCGMuhFRg.ttf"},{"family":"Playwrite BE WAL Guides","version":"v1","lastModified":"2024-12-10","category":"handwriting","kind":"webfonts#webfont","menu":"https://fonts.gstatic.com/s/playwritebewalguides/v1/l7gPbiR5yM62ycwevWCt02rrTFoEJvY4kyrrUwHkXpI.ttf"},{"family":"Playwrite BR","version":"v4","lastModified":"2024-08-12","category":"handwriting","kind":"webfonts#webfont","menu":"https://fonts.gstatic.com/s/playwritebr/v4/kJEhBuMK4Q07lDHc2Xp9vYgIp-6D3QEGCpthmFOPJsbpBA.ttf"},{"family":"Playwrite BR Guides","version":"v1","lastModified":"2024-12-10","category":"handwriting","kind":"webfonts#webfont","menu":"https://fonts.gstatic.com/s/playwritebrguides/v1/tssxAohQaiQS-wrnJz-F5CqW4dOezRwpy9YIPw.ttf"},{"family":"Playwrite CA","version":"v4","lastModified":"2024-08-12","category":"handwriting","kind":"webfonts#webfont","menu":"https://fonts.gstatic.com/s/playwriteca/v4/z7NGdR_4cT0NOrEAIElil93uR_VhfhYaYOijHiqvUpyw0A.ttf"},{"family":"Playwrite CA Guides","version":"v1","lastModified":"2024-12-10","category":"handwriting","kind":"webfonts#webfont","menu":"https://fonts.gstatic.com/s/playwritecaguides/v1/MjQamj1kuP_soQ3o-rysO9Ci_8oJlIUUEnYr2Q.ttf"},{"family":"Playwrite CL","version":"v1","lastModified":"2024-08-12","category":"handwriting","kind":"webfonts#webfont","menu":"https://fonts.gstatic.com/s/playwritecl/v1/-zk391m7wssz_XLkGgu8hy3tqrcOhnbf6ForU8JajLu9Cw.ttf"},{"family":"Playwrite CL Guides","version":"v2","lastModified":"2024-12-10","category":"handwriting","kind":"webfonts#webfont","menu":"https://fonts.gstatic.com/s/playwriteclguides/v2/Z9XKDnxTQxyGzOn3eMH-i6Ws0czqkE-hnNtfvw.ttf"},{"family":"Playwrite CO","version":"v6","lastModified":"2024-08-12","category":"handwriting","kind":"webfonts#webfont","menu":"https://fonts.gstatic.com/s/playwriteco/v6/0FlGVP2Hl1iH-fv2BH4kJkgb8vH-rbJPTDqqx7ZIk-ZEFg.ttf"},{"family":"Playwrite CO Guides","version":"v2","lastModified":"2024-12-10","category":"handwriting","kind":"webfonts#webfont","menu":"https://fonts.gstatic.com/s/playwritecoguides/v2/AYCXpWvtftIVXepC5AzjAx1KgYPugOK0fq1ZIw.ttf"},{"family":"Playwrite CU","version":"v1","lastModified":"2024-08-12","category":"handwriting","kind":"webfonts#webfont","menu":"https://fonts.gstatic.com/s/playwritecu/v1/VuJjdNDb2p7tvoFGLMPdf9xcahOpb9ZuoyXseRmxVeXxnw.ttf"},{"family":"Playwrite CU Guides","version":"v1","lastModified":"2024-12-10","category":"handwriting","kind":"webfonts#webfont","menu":"https://fonts.gstatic.com/s/playwritecuguides/v1/c4m81mZtG8v6p3iAoFBJ2dJdu9fWPSaOJosCCQ.ttf"},{"family":"Playwrite CZ","version":"v1","lastModified":"2024-08-12","category":"handwriting","kind":"webfonts#webfont","menu":"https://fonts.gstatic.com/s/playwritecz/v1/8vIa7wYp22pt_BUChSHeVxxlOPUEKoMfap_FCI4bfqX1Ug.ttf"},{"family":"Playwrite CZ Guides","version":"v1","lastModified":"2024-12-10","category":"handwriting","kind":"webfonts#webfont","menu":"https://fonts.gstatic.com/s/playwriteczguides/v1/6qLcKY0NtxD-qVlIPUIPeH4lUQa6B3ZZckoUvg.ttf"},{"family":"Playwrite DE Grund","version":"v4","lastModified":"2024-08-12","category":"handwriting","kind":"webfonts#webfont","menu":"https://fonts.gstatic.com/s/playwritedegrund/v4/EJR-QhwoXdccriFurnRxqv-1MFyKy696-4VufrEGGbTZz2qHVwGePQ.ttf"},{"family":"Playwrite DE Grund Guides","version":"v1","lastModified":"2024-12-10","category":"handwriting","kind":"webfonts#webfont","menu":"https://fonts.gstatic.com/s/playwritedegrundguides/v1/OD5RuNCQ02KrAHnha1L36CWcQ83dtK5BLxqexndub94ZIg.ttf"},{"family":"Playwrite DE LA","version":"v4","lastModified":"2024-08-12","category":"handwriting","kind":"webfonts#webfont","menu":"https://fonts.gstatic.com/s/playwritedela/v4/oY1J8e3fprboJ2HN4ogXTpFVJ8QjJV9p0P4yukst2FnqDgYohA.ttf"},{"family":"Playwrite DE LA Guides","version":"v2","lastModified":"2024-12-10","category":"handwriting","kind":"webfonts#webfont","menu":"https://fonts.gstatic.com/s/playwritedelaguides/v2/1q2XY42fB0V64O4aSe1OjKs_yAXBOfDI5wE52gyG7w.ttf"},{"family":"Playwrite DE SAS","version":"v4","lastModified":"2024-08-12","category":"handwriting","kind":"webfonts#webfont","menu":"https://fonts.gstatic.com/s/playwritedesas/v4/1Pt4g9vaRvmWghDdrE8IDuRPVrHN_1AaFXASpbMqJTeVgt6kQSE.ttf"},{"family":"Playwrite DE SAS Guides","version":"v1","lastModified":"2024-12-10","category":"handwriting","kind":"webfonts#webfont","menu":"https://fonts.gstatic.com/s/playwritedesasguides/v1/8At5GtCjPp-GWR2h9cC6ePzz2l6LJ3VZaPNi16BFfNQ.ttf"},{"family":"Playwrite DE VA","version":"v4","lastModified":"2024-08-12","category":"handwriting","kind":"webfonts#webfont","menu":"https://fonts.gstatic.com/s/playwritedeva/v4/VuJmdNPb2p7tvoFGLMPdeMxGN1pntEMhdK1XfsTyRSySj28pHw.ttf"},{"family":"Playwrite DE VA Guides","version":"v1","lastModified":"2024-12-10","category":"handwriting","kind":"webfonts#webfont","menu":"https://fonts.gstatic.com/s/playwritedevaguides/v1/WwkPxOmkDVqm-ojMLT_kdMUoBpMYm6KTeb28YB5YMQ.ttf"},{"family":"Playwrite DK Loopet","version":"v1","lastModified":"2024-08-12","category":"handwriting","kind":"webfonts#webfont","menu":"https://fonts.gstatic.com/s/playwritedkloopet/v1/memVYbuzy2qb3rtJGfM1FvY-GacDcsPvtaDfqfgbBWmV75JJwdgQsw4.ttf"},{"family":"Playwrite DK Loopet Guides","version":"v1","lastModified":"2024-12-10","category":"handwriting","kind":"webfonts#webfont","menu":"https://fonts.gstatic.com/s/playwritedkloopetguides/v1/4iC46LlmYsRPlQ1zDEvT8weoW-sI8-h9xxN83W-Cb6tnGFw.ttf"},{"family":"Playwrite DK Uloopet","version":"v1","lastModified":"2024-08-12","category":"handwriting","kind":"webfonts#webfont","menu":"https://fonts.gstatic.com/s/playwritedkuloopet/v1/bWtS7e3Ufwn0Hf1zjprKPYlcDAoHknvYFjqIh8PF6jwcP5K06lUbKOPk.ttf"},{"family":"Playwrite DK Uloopet Guides","version":"v1","lastModified":"2024-12-10","category":"handwriting","kind":"webfonts#webfont","menu":"https://fonts.gstatic.com/s/playwritedkuloopetguides/v1/WwkKxOSkDVqm-ojMLT_kdMsoBb5Xs6efafiIBXYcVHkFb4Vf.ttf"},{"family":"Playwrite ES","version":"v4","lastModified":"2024-08-12","category":"handwriting","kind":"webfonts#webfont","menu":"https://fonts.gstatic.com/s/playwritees/v4/kJEhBuMK4Q07lDHc2Xp9uokIp-6D3QEGCpthmFOPJsbpBA.ttf"},{"family":"Playwrite ES Deco","version":"v4","lastModified":"2024-08-12","category":"handwriting","kind":"webfonts#webfont","menu":"https://fonts.gstatic.com/s/playwriteesdeco/v4/7AuWp-g3kjKKGkePXEf2jxctfDxlvGM7-RllW8uEsjJ4yrdBOAVt.ttf"},{"family":"Playwrite ES Deco Guides","version":"v1","lastModified":"2024-12-10","category":"handwriting","kind":"webfonts#webfont","menu":"https://fonts.gstatic.com/s/playwriteesdecoguides/v1/flUrRriwwII5RVl2TZ1XBNTUOYY6ZzZzwPCEKtwaYUaH.ttf"},{"family":"Playwrite ES Guides","version":"v1","lastModified":"2024-12-10","category":"handwriting","kind":"webfonts#webfont","menu":"https://fonts.gstatic.com/s/playwriteesguides/v1/VuJtdM_b2p7tvoFGLMPdedpGJm402y6mtDHMeQ.ttf"},{"family":"Playwrite FR Moderne","version":"v4","lastModified":"2024-08-12","category":"handwriting","kind":"webfonts#webfont","menu":"https://fonts.gstatic.com/s/playwritefrmoderne/v4/3y9L6awucz3w5m4FFTzKolJRXhUk_u1yWtWmFCJcqUBvK5aJuAKfA1T8.ttf"},{"family":"Playwrite FR Moderne Guides","version":"v2","lastModified":"2024-12-10","category":"handwriting","kind":"webfonts#webfont","menu":"https://fonts.gstatic.com/s/playwritefrmoderneguides/v2/CSRr4yxOn-mMWCgLPl16KrUKBbwa2ZZLdkrvXllIP223nYbP.ttf"},{"family":"Playwrite FR Trad","version":"v6","lastModified":"2024-08-12","category":"handwriting","kind":"webfonts#webfont","menu":"https://fonts.gstatic.com/s/playwritefrtrad/v6/sJot3KxJjdGLJV3vyatrJE2pkQisWWMBP23HSIVI5tvAogv9d9Wb.ttf"},{"family":"Playwrite FR Trad Guides","version":"v1","lastModified":"2024-12-10","category":"handwriting","kind":"webfonts#webfont","menu":"https://fonts.gstatic.com/s/playwritefrtradguides/v1/l7gMbit5yM62ycwevWCt133rT2kpYpEKjyfqRWL1f7KT.ttf"},{"family":"Playwrite GB J","version":"v4","lastModified":"2024-08-12","category":"handwriting","kind":"webfonts#webfont","menu":"https://fonts.gstatic.com/s/playwritegbj/v4/k3kEo8wSPe9dzQ1UGbvobAPhY5iG-fsubxedDheGdc93adTT.ttf"},{"family":"Playwrite GB J Guides","version":"v2","lastModified":"2024-12-10","category":"handwriting","kind":"webfonts#webfont","menu":"https://fonts.gstatic.com/s/playwritegbjguides/v2/CSRh4yJOn-mMWCgLPl16K6UKAvM5yY1Bdhm4KhAs.ttf"},{"family":"Playwrite GB S","version":"v5","lastModified":"2024-08-12","category":"handwriting","kind":"webfonts#webfont","menu":"https://fonts.gstatic.com/s/playwritegbs/v5/oPWb_kFkk-s1Xclhmlemy7jsNQR8TohGU_DTHWU6uhDMxp2I.ttf"},{"family":"Playwrite GB S Guides","version":"v1","lastModified":"2024-12-10","category":"handwriting","kind":"webfonts#webfont","menu":"https://fonts.gstatic.com/s/playwritegbsguides/v1/0FlKVOSHl1iH-fv2BH4kIkUBqtlNCEaQLly6xl4L.ttf"},{"family":"Playwrite HR","version":"v1","lastModified":"2024-08-12","category":"handwriting","kind":"webfonts#webfont","menu":"https://fonts.gstatic.com/s/playwritehr/v1/WWXAljmQYQCZM5qaU_dwQYcybAQ7GFn1mFNJPsoBxYDdBA.ttf"},{"family":"Playwrite HR Guides","version":"v1","lastModified":"2024-12-10","category":"handwriting","kind":"webfonts#webfont","menu":"https://fonts.gstatic.com/s/playwritehrguides/v1/6NUK8EedKwOcfRjj8ukv_L4kjqAoGrjdamE-9g.ttf"},{"family":"Playwrite HR Lijeva","version":"v1","lastModified":"2024-08-12","category":"handwriting","kind":"webfonts#webfont","menu":"https://fonts.gstatic.com/s/playwritehrlijeva/v1/gNMvW2dhS5-p7HvxrBYiWN2SsKqLWCrYiDBAvbRl82ZY0d4zBvaVwYs.ttf"},{"family":"Playwrite HR Lijeva Guides","version":"v1","lastModified":"2024-12-10","category":"handwriting","kind":"webfonts#webfont","menu":"https://fonts.gstatic.com/s/playwritehrlijevaguides/v1/uU9aCAgH7I63K35cu3bRkqamzjr8EW133LJaXDO-QNbgijw.ttf"},{"family":"Playwrite HU","version":"v1","lastModified":"2024-08-12","category":"handwriting","kind":"webfonts#webfont","menu":"https://fonts.gstatic.com/s/playwritehu/v1/A2BIn59A0g0xA3zDhFw-0vfPWJtlaFKmrETx1PL6fOyXGw.ttf"},{"family":"Playwrite HU Guides","version":"v1","lastModified":"2024-12-10","category":"handwriting","kind":"webfonts#webfont","menu":"https://fonts.gstatic.com/s/playwritehuguides/v1/AYCXpWvtftIVXepC5AzjCAdKgYPugOK0fq1ZIw.ttf"},{"family":"Playwrite ID","version":"v4","lastModified":"2024-08-12","category":"handwriting","kind":"webfonts#webfont","menu":"https://fonts.gstatic.com/s/playwriteid/v4/Cn-kJt2YWhlY2oC4KxifKQJmrtrRm-sKkQqUl0-RN_NREg.ttf"},{"family":"Playwrite ID Guides","version":"v1","lastModified":"2024-12-10","category":"handwriting","kind":"webfonts#webfont","menu":"https://fonts.gstatic.com/s/playwriteidguides/v1/MjQamj1kuP_soQ3o-rysMdWi_8oJlIUUEnYr2Q.ttf"},{"family":"Playwrite IE","version":"v4","lastModified":"2024-08-12","category":"handwriting","kind":"webfonts#webfont","menu":"https://fonts.gstatic.com/s/playwriteie/v4/fC1zPYtWYWnH0hvndYd6GCGWXCAxfsUebXFMyzioNpMk2w.ttf"},{"family":"Playwrite IE Guides","version":"v1","lastModified":"2024-12-10","category":"handwriting","kind":"webfonts#webfont","menu":"https://fonts.gstatic.com/s/playwriteieguides/v1/LhW5MULFNP8PI-1UADw_Kbp9daTx5ovUWNspMw.ttf"},{"family":"Playwrite IN","version":"v4","lastModified":"2024-08-12","category":"handwriting","kind":"webfonts#webfont","menu":"https://fonts.gstatic.com/s/playwritein/v4/uk-xEGGpoLQ97mfv2J3cZzuz7CyEJhPw65lkM7mMAR4t2w.ttf"},{"family":"Playwrite IN Guides","version":"v1","lastModified":"2024-12-10","category":"handwriting","kind":"webfonts#webfont","menu":"https://fonts.gstatic.com/s/playwriteinguides/v1/GFD2WBRug3mQSvrAT9AL4vx4d3lQNQV4ftxgcA.ttf"},{"family":"Playwrite IS","version":"v3","lastModified":"2024-08-12","category":"handwriting","kind":"webfonts#webfont","menu":"https://fonts.gstatic.com/s/playwriteis/v3/JTUFjI4o_SGg9lecLGptrD17xQYXK0vOoz6jq6R9WX50ow.ttf"},{"family":"Playwrite IS Guides","version":"v1","lastModified":"2024-12-10","category":"handwriting","kind":"webfonts#webfont","menu":"https://fonts.gstatic.com/s/playwriteisguides/v1/5aUp9-GkphaVExwxdX6SwWF-uigk3Cglnm5jsw.ttf"},{"family":"Playwrite IT Moderna","version":"v4","lastModified":"2024-08-12","category":"handwriting","kind":"webfonts#webfont","menu":"https://fonts.gstatic.com/s/playwriteitmoderna/v4/mFTbWaYCwKPK5cx6W8jy2kwDnSUe9q45vQQi5HMFnSdEx2F5WihMuLzb.ttf"},{"family":"Playwrite IT Moderna Guides","version":"v1","lastModified":"2024-12-10","category":"handwriting","kind":"webfonts#webfont","menu":"https://fonts.gstatic.com/s/playwriteitmodernaguides/v1/2sDKZHBJg5rCj6fz_QgDJhGcTtJ5AVu-1w5jRQjRv9q_pe9p.ttf"},{"family":"Playwrite IT Trad","version":"v4","lastModified":"2024-08-12","category":"handwriting","kind":"webfonts#webfont","menu":"https://fonts.gstatic.com/s/playwriteittrad/v4/SlG5mR6Yo5oYZX5BFVcEySBSPE50BjHDpZxuvgxzFq96u-6PgUlJ.ttf"},{"family":"Playwrite IT Trad Guides","version":"v2","lastModified":"2024-12-10","category":"handwriting","kind":"webfonts#webfont","menu":"https://fonts.gstatic.com/s/playwriteittradguides/v2/SlGDmReYo5oYZX5BFVcEySBSPE50BiuP2AHaRsRkAo96.ttf"},{"family":"Playwrite MX","version":"v4","lastModified":"2024-08-12","category":"handwriting","kind":"webfonts#webfont","menu":"https://fonts.gstatic.com/s/playwritemx/v4/6xK9dSNbKtCe7KfhXg7RYSwyQ-oO7xNblyJr9wnd1xcVWA.ttf"},{"family":"Playwrite MX Guides","version":"v1","lastModified":"2024-12-10","category":"handwriting","kind":"webfonts#webfont","menu":"https://fonts.gstatic.com/s/playwritemxguides/v1/k3kMo9ESPe9dzQ1UGbvoZhnhbtfklWqN4q26Gw.ttf"},{"family":"Playwrite NG Modern","version":"v4","lastModified":"2024-08-12","category":"handwriting","kind":"webfonts#webfont","menu":"https://fonts.gstatic.com/s/playwritengmodern/v4/ijw-s4b2R9Qve5V5lNJb_yRhEfSep5NbFCKmKgoEeCA4V17tPDbj7m8.ttf"},{"family":"Playwrite NG Modern Guides","version":"v1","lastModified":"2024-12-10","category":"handwriting","kind":"webfonts#webfont","menu":"https://fonts.gstatic.com/s/playwritengmodernguides/v1/6qLVKYQNtxD-qVlIPUIPdWMlWxy3BmFEQgxB1xvFhAaqUp8.ttf"},{"family":"Playwrite NL","version":"v3","lastModified":"2024-08-12","category":"handwriting","kind":"webfonts#webfont","menu":"https://fonts.gstatic.com/s/playwritenl/v3/k3kCo84SPe9dzQ1UGbvoZQ37Iqp5IZJF9bmaG9_FrY1HaA.ttf"},{"family":"Playwrite NL Guides","version":"v1","lastModified":"2024-12-10","category":"handwriting","kind":"webfonts#webfont","menu":"https://fonts.gstatic.com/s/playwritenlguides/v1/FwZH7_8mxlw-50y5PJughoCL4jbXkMqwgWOMOw.ttf"},{"family":"Playwrite NO","version":"v3","lastModified":"2024-08-12","category":"handwriting","kind":"webfonts#webfont","menu":"https://fonts.gstatic.com/s/playwriteno/v3/nuFrD_fYSZviRJYb-P2TrQO1DRpazaZDgnw-49wgLKat_g.ttf"},{"family":"Playwrite NO Guides","version":"v1","lastModified":"2024-12-10","category":"handwriting","kind":"webfonts#webfont","menu":"https://fonts.gstatic.com/s/playwritenoguides/v1/DPEwYx-Cyg4cQ2aAcFshOLL79zJKccqHS26T3g.ttf"},{"family":"Playwrite NZ","version":"v4","lastModified":"2024-08-12","category":"handwriting","kind":"webfonts#webfont","menu":"https://fonts.gstatic.com/s/playwritenz/v4/d6lakaOxRsyr_zZDmUYvh2TW3NCQVvjKPjPjngAUSRpzhA.ttf"},{"family":"Playwrite NZ Guides","version":"v1","lastModified":"2024-12-10","category":"handwriting","kind":"webfonts#webfont","menu":"https://fonts.gstatic.com/s/playwritenzguides/v1/t5t8IQQPN4uFDRepJwiX4vzIikyGzv71ah47rw.ttf"},{"family":"Playwrite PE","version":"v1","lastModified":"2024-08-12","category":"handwriting","kind":"webfonts#webfont","menu":"https://fonts.gstatic.com/s/playwritepe/v1/FwZJ7-Amxlw-50y5PJugmImRrktKJDJ4lnesO2ltfPDPcg.ttf"},{"family":"Playwrite PE Guides","version":"v1","lastModified":"2024-12-10","category":"handwriting","kind":"webfonts#webfont","menu":"https://fonts.gstatic.com/s/playwritepeguides/v1/AMONz5uBsGadFuvf9j8ZyqI0FA3br70w8y2Kkg.ttf"},{"family":"Playwrite PL","version":"v3","lastModified":"2024-08-12","category":"handwriting","kind":"webfonts#webfont","menu":"https://fonts.gstatic.com/s/playwritepl/v3/0QIyMXVf_4C2VH-yUr5uz72U-LQiKJ_9tb1WmRfbxZ2RTw.ttf"},{"family":"Playwrite PL Guides","version":"v1","lastModified":"2024-12-10","category":"handwriting","kind":"webfonts#webfont","menu":"https://fonts.gstatic.com/s/playwriteplguides/v1/jVyW7m_lCm7G5CZyQCAu8mgkGLk-kmibaRzQQQ.ttf"},{"family":"Playwrite PT","version":"v3","lastModified":"2024-08-12","category":"handwriting","kind":"webfonts#webfont","menu":"https://fonts.gstatic.com/s/playwritept/v3/6NUE8FidKwOcfRjj8ukv5Lg-wt21rkAVfXUe9qDiffNnug.ttf"},{"family":"Playwrite PT Guides","version":"v2","lastModified":"2024-12-10","category":"handwriting","kind":"webfonts#webfont","menu":"https://fonts.gstatic.com/s/playwriteptguides/v2/sJoY3K5JjdGLJV3vyatrMkupgg-kWTx5J5g31Q.ttf"},{"family":"Playwrite RO","version":"v3","lastModified":"2024-08-12","category":"handwriting","kind":"webfonts#webfont","menu":"https://fonts.gstatic.com/s/playwritero/v3/gok8H6fuA1J7QPJ04HFTGSWdk_S0czhwEf0j4a9YrZSGIg.ttf"},{"family":"Playwrite RO Guides","version":"v1","lastModified":"2024-12-10","category":"handwriting","kind":"webfonts#webfont","menu":"https://fonts.gstatic.com/s/playwriteroguides/v1/wlptgx7ZCE50snmWiOExiylvL10_b5YmzLFnfw.ttf"},{"family":"Playwrite SK","version":"v3","lastModified":"2024-08-12","category":"handwriting","kind":"webfonts#webfont","menu":"https://fonts.gstatic.com/s/playwritesk/v3/9XU3lJp0klrZDw3AZHcsJTByz7latrF9yDIlf-2cjsK5cA.ttf"},{"family":"Playwrite SK Guides","version":"v1","lastModified":"2024-12-10","category":"handwriting","kind":"webfonts#webfont","menu":"https://fonts.gstatic.com/s/playwriteskguides/v1/P5sezYaSYdfH5z93kEFk3tyPlqxeQeo_FzvkXQ.ttf"},{"family":"Playwrite TZ","version":"v4","lastModified":"2024-08-12","category":"handwriting","kind":"webfonts#webfont","menu":"https://fonts.gstatic.com/s/playwritetz/v4/RLptK5rs6au7bzABmVQAOwnUbvHMbzSUU27JDWwTiexIPw.ttf"},{"family":"Playwrite TZ Guides","version":"v1","lastModified":"2024-12-10","category":"handwriting","kind":"webfonts#webfont","menu":"https://fonts.gstatic.com/s/playwritetzguides/v1/SLXUc0_L5XEkcjBPGvusk4lULgsM9U5_UQ232A.ttf"},{"family":"Playwrite US Modern","version":"v4","lastModified":"2024-08-12","category":"handwriting","kind":"webfonts#webfont","menu":"https://fonts.gstatic.com/s/playwriteusmodern/v4/H4cMBWmRlMXPhla3hmMaveiYz8nSDkIFLNIYl2TXUwK62YohNj2CYUY.ttf"},{"family":"Playwrite US Modern Guides","version":"v1","lastModified":"2024-12-10","category":"handwriting","kind":"webfonts#webfont","menu":"https://fonts.gstatic.com/s/playwriteusmodernguides/v1/0QI1MWNf_4C2VH-yUr5uyqKOvtOynXAoku8j8Lv9poywbw8.ttf"},{"family":"Playwrite US Trad","version":"v4","lastModified":"2024-08-12","category":"handwriting","kind":"webfonts#webfont","menu":"https://fonts.gstatic.com/s/playwriteustrad/v4/fdNX9tyHsnVPjW9trmV7wQ0stdwRBYclCsCdzOb1-cd1E8tQjqib.ttf"},{"family":"Playwrite US Trad Guides","version":"v1","lastModified":"2024-12-10","category":"handwriting","kind":"webfonts#webfont","menu":"https://fonts.gstatic.com/s/playwriteustradguides/v1/-zk29027wssz_XLkGgu8kTL39c2bMssjmiZPNnkJnZqd.ttf"},{"family":"Playwrite VN","version":"v4","lastModified":"2024-08-12","category":"handwriting","kind":"webfonts#webfont","menu":"https://fonts.gstatic.com/s/playwritevn/v4/mtGo4_hXJqPSu8nf5RBY5i0q0yxCxtP-9TFBNUI9I-5NOQ.ttf"},{"family":"Playwrite VN Guides","version":"v1","lastModified":"2024-12-10","category":"handwriting","kind":"webfonts#webfont","menu":"https://fonts.gstatic.com/s/playwritevnguides/v1/JIAvUUlydXJZq1IQU8oDBn2CUkROHFEATXIdeg.ttf"},{"family":"Playwrite ZA","version":"v4","lastModified":"2024-08-12","category":"handwriting","kind":"webfonts#webfont","menu":"https://fonts.gstatic.com/s/playwriteza/v4/Noag6Uzhw5CTOhXKt5-vwvhrNyaNQo1LaBq0EbLHXYQmmw.ttf"},{"family":"Playwrite ZA Guides","version":"v1","lastModified":"2024-12-10","category":"handwriting","kind":"webfonts#webfont","menu":"https://fonts.gstatic.com/s/playwritezaguides/v1/O4ZOFHPsmxlhCg3-iycDyEwy0BT1ribk6HHiDA.ttf"},{"family":"Plus Jakarta Sans","version":"v8","lastModified":"2024-09-04","category":"sans-serif","kind":"webfonts#webfont","menu":"https://fonts.gstatic.com/s/plusjakartasans/v8/LDIbaomQNQcsA88c7O9yZ4KMCoOg4IA6-91aHEjcWuA_qU79Sx_Q.ttf"},{"family":"Podkova","version":"v31","lastModified":"2024-09-04","category":"serif","kind":"webfonts#webfont","menu":"https://fonts.gstatic.com/s/podkova/v31/K2FufZ1EmftJSV9VQpXb1lo9vC3nZWtFzfU5GI4.ttf"},{"family":"Poetsen One","version":"v3","lastModified":"2024-09-04","category":"display","kind":"webfonts#webfont","menu":"https://fonts.gstatic.com/s/poetsenone/v3/ke8hOgIaMUB37xCgvCntWuIuofY.ttf"},{"family":"Poiret One","version":"v16","lastModified":"2024-09-04","category":"display","kind":"webfonts#webfont","menu":"https://fonts.gstatic.com/s/poiretone/v16/UqyVK80NJXN4zfRgbdfbo5hcUg.ttf"},{"family":"Poller One","version":"v23","lastModified":"2024-09-04","category":"display","kind":"webfonts#webfont","menu":"https://fonts.gstatic.com/s/pollerone/v23/ahccv82n0TN3gia5E4BuR-hRhQ.ttf"},{"family":"Poltawski Nowy","version":"v2","lastModified":"2024-09-04","category":"serif","kind":"webfonts#webfont","menu":"https://fonts.gstatic.com/s/poltawskinowy/v2/flUsRq6ww480U1xsUpFXD-iDBNlSAOLkKCLnWq8KqCWXDCSR.ttf"},{"family":"Poly","version":"v17","lastModified":"2024-11-20","category":"serif","kind":"webfonts#webfont","menu":"https://fonts.gstatic.com/s/poly/v17/MQpb-W6wKNitdLGKrw.ttf"},{"family":"Pompiere","version":"v19","lastModified":"2024-09-04","category":"display","kind":"webfonts#webfont","menu":"https://fonts.gstatic.com/s/pompiere/v19/VEMyRoxis5Dwuyeov5Ws7DQ.ttf"},{"family":"Ponnala","version":"v2","lastModified":"2024-11-20","category":"display","kind":"webfonts#webfont","menu":"https://fonts.gstatic.com/s/ponnala/v2/w8gaH2QxQOU08bbbnQqn3A.ttf"},{"family":"Pontano Sans","version":"v17","lastModified":"2024-09-04","category":"sans-serif","kind":"webfonts#webfont","menu":"https://fonts.gstatic.com/s/pontanosans/v17/qFdW35GdgYR8EzR6oBLDHa3wyRf8W8eBM6XLOXLMrceGow.ttf"},{"family":"Poor Story","version":"v23","lastModified":"2024-11-20","category":"display","kind":"webfonts#webfont","menu":"https://fonts.gstatic.com/s/poorstory/v23/jizfREFUsnUct9P6cDfd0OitKA.ttf"},{"family":"Poppins","version":"v22","lastModified":"2024-12-04","category":"sans-serif","kind":"webfonts#webfont","menu":"https://fonts.gstatic.com/s/poppins/v22/pxiEyp8kv8JHgFVrJJHedw.ttf"},{"family":"Port Lligat Sans","version":"v22","lastModified":"2024-09-04","category":"sans-serif","kind":"webfonts#webfont","menu":"https://fonts.gstatic.com/s/portlligatsans/v22/kmKmZrYrGBbdN1aV7Vokow6Lw4s4p7J-Sw.ttf"},{"family":"Port Lligat Slab","version":"v25","lastModified":"2024-09-04","category":"serif","kind":"webfonts#webfont","menu":"https://fonts.gstatic.com/s/portlligatslab/v25/LDIpaoiQNgArA8kR7ulhZ8P_NYOsg7sR8w.ttf"},{"family":"Potta One","version":"v18","lastModified":"2024-12-04","category":"display","kind":"webfonts#webfont","menu":"https://fonts.gstatic.com/s/pottaone/v18/FeVSS05Bp6cy7xI-Yfxg3JRj.ttf"},{"family":"Pragati Narrow","version":"v14","lastModified":"2024-12-04","category":"sans-serif","kind":"webfonts#webfont","menu":"https://fonts.gstatic.com/s/pragatinarrow/v14/vm8vdRf0T0bS1ffgsPB7WZ-mD27-wNc.ttf"},{"family":"Praise","version":"v7","lastModified":"2024-09-04","category":"handwriting","kind":"webfonts#webfont","menu":"https://fonts.gstatic.com/s/praise/v7/qkBUXvUZ-cnFXcFCD_m-.ttf"},{"family":"Prata","version":"v20","lastModified":"2024-09-04","category":"serif","kind":"webfonts#webfont","menu":"https://fonts.gstatic.com/s/prata/v20/6xKhdSpbNNCT-sWJCms.ttf"},{"family":"Preahvihear","version":"v30","lastModified":"2024-12-04","category":"sans-serif","kind":"webfonts#webfont","menu":"https://fonts.gstatic.com/s/preahvihear/v30/6NUS8F-dNQeEYhzj7uluxvwF6dU.ttf"},{"family":"Press Start 2P","version":"v15","lastModified":"2024-09-04","category":"display","kind":"webfonts#webfont","menu":"https://fonts.gstatic.com/s/pressstart2p/v15/e3t4euO8T-267oIAQAu6jDQyK3nTivY.ttf"},{"family":"Pridi","version":"v13","lastModified":"2024-09-04","category":"serif","kind":"webfonts#webfont","menu":"https://fonts.gstatic.com/s/pridi/v13/2sDQZG5JnZLfkcWbqW0.ttf"},{"family":"Princess Sofia","version":"v25","lastModified":"2024-09-04","category":"handwriting","kind":"webfonts#webfont","menu":"https://fonts.gstatic.com/s/princesssofia/v25/qWczB6yguIb8DZ_GXZst16n7GSz6kjE.ttf"},{"family":"Prociono","version":"v26","lastModified":"2024-09-04","category":"serif","kind":"webfonts#webfont","menu":"https://fonts.gstatic.com/s/prociono/v26/r05YGLlR-KxAf9GGO_uowjI.ttf"},{"family":"Prompt","version":"v10","lastModified":"2024-09-04","category":"sans-serif","kind":"webfonts#webfont","menu":"https://fonts.gstatic.com/s/prompt/v10/-W__XJnvUD7dzB2KZtoY.ttf"},{"family":"Prosto One","version":"v19","lastModified":"2024-09-04","category":"display","kind":"webfonts#webfont","menu":"https://fonts.gstatic.com/s/prostoone/v19/OpNJno4VhNfK-RgpwWWxlitVXg.ttf"},{"family":"Protest Guerrilla","version":"v2","lastModified":"2024-09-04","category":"display","kind":"webfonts#webfont","menu":"https://fonts.gstatic.com/s/protestguerrilla/v2/Qw3HZR5PDSL6K3irtrY-VJB2YzARHW0lqps.ttf"},{"family":"Protest Revolution","version":"v2","lastModified":"2024-09-04","category":"display","kind":"webfonts#webfont","menu":"https://fonts.gstatic.com/s/protestrevolution/v2/11hcGofZ0kXBbxQXFB7MJsjtqnVw6Z2c8fg3.ttf"},{"family":"Protest Riot","version":"v2","lastModified":"2024-09-04","category":"display","kind":"webfonts#webfont","menu":"https://fonts.gstatic.com/s/protestriot/v2/d6lPkaOxWMKm7TdezXFmpkr81vhk.ttf"},{"family":"Protest Strike","version":"v2","lastModified":"2024-09-04","category":"display","kind":"webfonts#webfont","menu":"https://fonts.gstatic.com/s/proteststrike/v2/0QI5MXdf4Y67Rn6vBog67ZjFlqzX2AI.ttf"},{"family":"Proza Libre","version":"v9","lastModified":"2024-09-04","category":"sans-serif","kind":"webfonts#webfont","menu":"https://fonts.gstatic.com/s/prozalibre/v9/LYjGdGHgj0k1DIQRyUEyyEoudN8.ttf"},{"family":"PT Mono","version":"v13","lastModified":"2024-08-12","category":"monospace","kind":"webfonts#webfont","menu":"https://fonts.gstatic.com/s/ptmono/v13/9oRONYoBnWILk-9AnCkzNg.ttf"},{"family":"PT Sans","version":"v17","lastModified":"2024-08-12","category":"sans-serif","kind":"webfonts#webfont","menu":"https://fonts.gstatic.com/s/ptsans/v17/jizaRExUiTo99u79D0SEwA.ttf"},{"family":"PT Sans Caption","version":"v19","lastModified":"2024-08-12","category":"sans-serif","kind":"webfonts#webfont","menu":"https://fonts.gstatic.com/s/ptsanscaption/v19/0FlMVP6Hrxmt7-fsUFhlFXNIlpcafA_0.ttf"},{"family":"PT Sans Narrow","version":"v18","lastModified":"2024-08-12","category":"sans-serif","kind":"webfonts#webfont","menu":"https://fonts.gstatic.com/s/ptsansnarrow/v18/BngRUXNadjH0qYEzV7ab-oWlsbCAwRg.ttf"},{"family":"PT Serif","version":"v18","lastModified":"2024-08-12","category":"serif","kind":"webfonts#webfont","menu":"https://fonts.gstatic.com/s/ptserif/v18/EJRVQgYoZZY2vCFuvAFQzro.ttf"},{"family":"PT Serif Caption","version":"v17","lastModified":"2024-08-12","category":"serif","kind":"webfonts#webfont","menu":"https://fonts.gstatic.com/s/ptserifcaption/v17/ieVl2ZhbGCW-JoW6S34pSDpqYKU019S7CA.ttf"},{"family":"Public Sans","version":"v18","lastModified":"2024-09-30","category":"sans-serif","kind":"webfonts#webfont","menu":"https://fonts.gstatic.com/s/publicsans/v18/ijwGs572Xtc6ZYQws9YVwllKVG8qX1oyOymuFpmJwgct.ttf"},{"family":"Puppies Play","version":"v9","lastModified":"2024-09-04","category":"handwriting","kind":"webfonts#webfont","menu":"https://fonts.gstatic.com/s/puppiesplay/v9/wlp2gwHZEV99rG6M3NR9uB9faQhW.ttf"},{"family":"Puritan","version":"v24","lastModified":"2024-09-04","category":"sans-serif","kind":"webfonts#webfont","menu":"https://fonts.gstatic.com/s/puritan/v24/845YNMgkAJ2VTtIoxJv6QQ.ttf"},{"family":"Purple Purse","version":"v23","lastModified":"2024-09-04","category":"display","kind":"webfonts#webfont","menu":"https://fonts.gstatic.com/s/purplepurse/v23/qWctB66gv53iAp-Vfs4My6qCeRz7.ttf"},{"family":"Qahiri","version":"v9","lastModified":"2024-08-12","category":"sans-serif","kind":"webfonts#webfont","menu":"https://fonts.gstatic.com/s/qahiri/v9/tsssAp1RZy0C_hGeUnql.ttf"},{"family":"Quando","version":"v16","lastModified":"2024-09-04","category":"serif","kind":"webfonts#webfont","menu":"https://fonts.gstatic.com/s/quando/v16/xMQVuFNaVa6YuW0ZCq-3.ttf"},{"family":"Quantico","version":"v17","lastModified":"2024-09-04","category":"sans-serif","kind":"webfonts#webfont","menu":"https://fonts.gstatic.com/s/quantico/v17/rax-HiSdp9cPL3KIF7xtJDg.ttf"},{"family":"Quattrocento","version":"v23","lastModified":"2024-09-04","category":"serif","kind":"webfonts#webfont","menu":"https://fonts.gstatic.com/s/quattrocento/v23/OZpEg_xvsDZQL_LKIF7q4jP3xWj_.ttf"},{"family":"Quattrocento Sans","version":"v21","lastModified":"2024-09-04","category":"sans-serif","kind":"webfonts#webfont","menu":"https://fonts.gstatic.com/s/quattrocentosans/v21/va9c4lja2NVIDdIAAoMR5MfuElaRB0zPt0o.ttf"},{"family":"Questrial","version":"v18","lastModified":"2024-09-04","category":"sans-serif","kind":"webfonts#webfont","menu":"https://fonts.gstatic.com/s/questrial/v18/QdVUSTchPBm7nuUeVf70uCFg.ttf"},{"family":"Quicksand","version":"v31","lastModified":"2024-09-04","category":"sans-serif","kind":"webfonts#webfont","menu":"https://fonts.gstatic.com/s/quicksand/v31/6xK-dSZaM9iE8KbpRA_LJ3z8mH9BOJvgkP8o58C-xw.ttf"},{"family":"Quintessential","version":"v22","lastModified":"2024-09-04","category":"handwriting","kind":"webfonts#webfont","menu":"https://fonts.gstatic.com/s/quintessential/v22/fdNn9sOGq31Yjnh3qWU14Ddtjb5xQb0.ttf"},{"family":"Qwigley","version":"v18","lastModified":"2024-09-04","category":"handwriting","kind":"webfonts#webfont","menu":"https://fonts.gstatic.com/s/qwigley/v18/1cXzaU3UGJb5tGoCiV1mjw.ttf"},{"family":"Qwitcher Grypen","version":"v6","lastModified":"2024-09-04","category":"handwriting","kind":"webfonts#webfont","menu":"https://fonts.gstatic.com/s/qwitchergrypen/v6/pxicypclp9tDilN9RrC5BSI1dZmbSWlE.ttf"},{"family":"Racing Sans One","version":"v15","lastModified":"2024-09-04","category":"display","kind":"webfonts#webfont","menu":"https://fonts.gstatic.com/s/racingsansone/v15/sykr-yRtm7EvTrXNxkv5jfKKyDCALnDi.ttf"},{"family":"Radio Canada","version":"v21","lastModified":"2024-09-04","category":"sans-serif","kind":"webfonts#webfont","menu":"https://fonts.gstatic.com/s/radiocanada/v21/XRX13ISXn0dBMcibU6jlAqr3ejLv5OLZYiYXik6db2P4jxxlsls-0nFMkTPJLuM.ttf"},{"family":"Radio Canada Big","version":"v1","lastModified":"2024-09-04","category":"sans-serif","kind":"webfonts#webfont","menu":"https://fonts.gstatic.com/s/radiocanadabig/v1/LYjUdHrinEImAoQewU0hyTsPFra4Yp-6A-YRBF-RX6nNRb3o0JM.ttf"},{"family":"Radley","version":"v22","lastModified":"2024-09-04","category":"serif","kind":"webfonts#webfont","menu":"https://fonts.gstatic.com/s/radley/v22/LYjDdGzinEIjCN1NoQNA.ttf"},{"family":"Rajdhani","version":"v16","lastModified":"2024-12-04","category":"sans-serif","kind":"webfonts#webfont","menu":"https://fonts.gstatic.com/s/rajdhani/v16/LDIxapCSOBg7S-QT7p4BM-M.ttf"},{"family":"Rakkas","version":"v20","lastModified":"2024-12-04","category":"display","kind":"webfonts#webfont","menu":"https://fonts.gstatic.com/s/rakkas/v20/Qw3cZQlNHiblL3jPl9FL.ttf"},{"family":"Raleway","version":"v34","lastModified":"2024-09-04","category":"sans-serif","kind":"webfonts#webfont","menu":"https://fonts.gstatic.com/s/raleway/v34/1Ptxg8zYS_SKggPN4iEgvnHyvveLxVvaorCOPrQ.ttf"},{"family":"Raleway Dots","version":"v18","lastModified":"2024-09-04","category":"display","kind":"webfonts#webfont","menu":"https://fonts.gstatic.com/s/ralewaydots/v18/6NUR8FifJg6AfQvzpshgwJ8UyPVB.ttf"},{"family":"Ramabhadra","version":"v16","lastModified":"2024-12-04","category":"sans-serif","kind":"webfonts#webfont","menu":"https://fonts.gstatic.com/s/ramabhadra/v16/EYq2maBOwqRW9P1SQ83LShJMWw.ttf"},{"family":"Ramaraja","version":"v16","lastModified":"2024-12-04","category":"serif","kind":"webfonts#webfont","menu":"https://fonts.gstatic.com/s/ramaraja/v16/SlGTmQearpYAYG1CACIloHQ.ttf"},{"family":"Rambla","version":"v13","lastModified":"2024-09-04","category":"sans-serif","kind":"webfonts#webfont","menu":"https://fonts.gstatic.com/s/rambla/v13/snfrs0ip98hx6mrEIrgK.ttf"},{"family":"Rammetto One","version":"v19","lastModified":"2024-09-04","category":"display","kind":"webfonts#webfont","menu":"https://fonts.gstatic.com/s/rammettoone/v19/LhWiMV3HOfMbMetJG3lQDppNM_GY.ttf"},{"family":"Rampart One","version":"v11","lastModified":"2024-12-04","category":"display","kind":"webfonts#webfont","menu":"https://fonts.gstatic.com/s/rampartone/v11/K2F1fZFGl_JSR1tAWNG9R5qhJyo.ttf"},{"family":"Ranchers","version":"v17","lastModified":"2024-09-04","category":"display","kind":"webfonts#webfont","menu":"https://fonts.gstatic.com/s/ranchers/v17/zrfm0H3Lx-P2Xvs2ArDZBio.ttf"},{"family":"Rancho","version":"v21","lastModified":"2024-09-04","category":"handwriting","kind":"webfonts#webfont","menu":"https://fonts.gstatic.com/s/rancho/v21/46kulbzmXjLaqZRVbG_k.ttf"},{"family":"Ranga","version":"v21","lastModified":"2024-09-04","category":"display","kind":"webfonts#webfont","menu":"https://fonts.gstatic.com/s/ranga/v21/C8ct4cYisGb28q6DJjg.ttf"},{"family":"Rasa","version":"v22","lastModified":"2024-09-04","category":"serif","kind":"webfonts#webfont","menu":"https://fonts.gstatic.com/s/rasa/v22/xn76YHIn1mWmVKl8ZtAM9NrJfN5GJV40d88.ttf"},{"family":"Rationale","version":"v28","lastModified":"2024-09-04","category":"sans-serif","kind":"webfonts#webfont","menu":"https://fonts.gstatic.com/s/rationale/v28/9XUnlJ92n0_JFxHIfHccd1tI.ttf"},{"family":"Ravi Prakash","version":"v20","lastModified":"2024-12-04","category":"display","kind":"webfonts#webfont","menu":"https://fonts.gstatic.com/s/raviprakash/v20/gokpH6fsDkVrF9Bv9X8SOAK3mdxA.ttf"},{"family":"Readex Pro","version":"v21","lastModified":"2024-09-04","category":"sans-serif","kind":"webfonts#webfont","menu":"https://fonts.gstatic.com/s/readexpro/v21/SLXnc1bJ7HE5YDoGPuzj_dh8uc7wUy8ZQQyX2KY8TL0kGZN6blTC4USWg2Ek.ttf"},{"family":"Recursive","version":"v38","lastModified":"2024-09-04","category":"sans-serif","kind":"webfonts#webfont","menu":"https://fonts.gstatic.com/s/recursive/v38/8vJN7wMr0mhh-RQChyHEH06TlXhq_gukbYrFMk1QuAIcyEwG_X-dpEfaE5YaERmK-CImKsvxvU-MXGX2fSqasNfUvz2xbXfn1uEQadCCk319tQg.ttf"},{"family":"Red Hat Display","version":"v20","lastModified":"2024-12-04","category":"sans-serif","kind":"webfonts#webfont","menu":"https://fonts.gstatic.com/s/redhatdisplay/v20/8vIf7wUr0m80wwYf0QCXZzYzUoTK8RZQvRd-D1NYbmyWQkkz_Q.ttf"},{"family":"Red Hat Mono","version":"v15","lastModified":"2024-12-04","category":"monospace","kind":"webfonts#webfont","menu":"https://fonts.gstatic.com/s/redhatmono/v15/jVyY7nDnA2uf2zVvFAhhzEs-VMSjJpBTfgjwQV3Iy7DHvQ.ttf"},{"family":"Red Hat Text","version":"v18","lastModified":"2024-12-04","category":"sans-serif","kind":"webfonts#webfont","menu":"https://fonts.gstatic.com/s/redhattext/v18/RrQCbohi_ic6B3yVSzGBrMx6ZI_cy1A6Ok2ML7hwZrfQdQ.ttf"},{"family":"Red Rose","version":"v20","lastModified":"2024-09-04","category":"display","kind":"webfonts#webfont","menu":"https://fonts.gstatic.com/s/redrose/v20/QdVISTYiLBjouPgEUajvsfWwDtc3MH8yrfszcz6o.ttf"},{"family":"Redacted","version":"v8","lastModified":"2024-09-04","category":"display","kind":"webfonts#webfont","menu":"https://fonts.gstatic.com/s/redacted/v8/Z9XVDmdRShme2O_7aLTf6Ok.ttf"},{"family":"Redacted Script","version":"v10","lastModified":"2024-09-04","category":"display","kind":"webfonts#webfont","menu":"https://fonts.gstatic.com/s/redactedscript/v10/ypvBbXGRglhokR7dcC3d1-R6zmxisG71.ttf"},{"family":"Reddit Mono","version":"v3","lastModified":"2024-09-04","category":"monospace","kind":"webfonts#webfont","menu":"https://fonts.gstatic.com/s/redditmono/v3/oPWc_kRmmu4oQ88oo13o48DHbsqn28eR20vUwCYqc3Pc.ttf"},{"family":"Reddit Sans","version":"v4","lastModified":"2024-09-04","category":"sans-serif","kind":"webfonts#webfont","menu":"https://fonts.gstatic.com/s/redditsans/v4/EYqgmaFOxq1T_-ETdN7EKSlnU2dHRsBCV5uxbYxWAF3F.ttf"},{"family":"Reddit Sans Condensed","version":"v3","lastModified":"2024-09-04","category":"sans-serif","kind":"webfonts#webfont","menu":"https://fonts.gstatic.com/s/redditsanscondensed/v3/m8J_jepOc6WYkkm2Dey9A5QGAQXmuL3va5IfZsq2gyKtWVJro1kKYpQyvw.ttf"},{"family":"Redressed","version":"v30","lastModified":"2024-11-20","category":"handwriting","kind":"webfonts#webfont","menu":"https://fonts.gstatic.com/s/redressed/v30/x3dickHUbrmJ7wMy9MsxffoG.ttf"},{"family":"Reem Kufi","version":"v21","lastModified":"2024-09-04","category":"sans-serif","kind":"webfonts#webfont","menu":"https://fonts.gstatic.com/s/reemkufi/v21/2sDPZGJLip7W2J7v7wQZZE1I0yCmYzzQtuZnIGCV2g.ttf"},{"family":"Reem Kufi Fun","version":"v7","lastModified":"2024-09-04","category":"sans-serif","kind":"webfonts#webfont","menu":"https://fonts.gstatic.com/s/reemkufifun/v7/uK_m4rOFYukkmyUEbF43fIryZEk5qRZ8nrKChoYj3kChpP4.ttf"},{"family":"Reem Kufi Ink","version":"v9","lastModified":"2024-09-04","category":"sans-serif","kind":"webfonts#webfont","menu":"https://fonts.gstatic.com/s/reemkufiink/v9/oPWJ_kJmmu8hCvB9iFumxZSndj9XRg.ttf"},{"family":"Reenie Beanie","version":"v20","lastModified":"2024-09-04","category":"handwriting","kind":"webfonts#webfont","menu":"https://fonts.gstatic.com/s/reeniebeanie/v20/z7NSdR76eDkaJKZJFkkjuvWxXPy1rg.ttf"},{"family":"Reggae One","version":"v17","lastModified":"2024-09-04","category":"display","kind":"webfonts#webfont","menu":"https://fonts.gstatic.com/s/reggaeone/v17/7r3DqX5msMIkeuwJwOJtza9B4g.ttf"},{"family":"REM","version":"v2","lastModified":"2024-09-04","category":"sans-serif","kind":"webfonts#webfont","menu":"https://fonts.gstatic.com/s/rem/v2/WnzgHAIoSDyHbRjfsYumpRvUPMLqnTseaA.ttf"},{"family":"Rethink Sans","version":"v5","lastModified":"2024-09-04","category":"sans-serif","kind":"webfonts#webfont","menu":"https://fonts.gstatic.com/s/rethinksans/v5/AMODz4SDuXOMCPfdoglY9JQuWHBGG0X45DmqkmFROE_snQ.ttf"},{"family":"Revalia","version":"v22","lastModified":"2024-09-04","category":"display","kind":"webfonts#webfont","menu":"https://fonts.gstatic.com/s/revalia/v22/WwkexPimBE2-4ZPESVvkMA.ttf"},{"family":"Rhodium Libre","version":"v19","lastModified":"2024-08-12","category":"serif","kind":"webfonts#webfont","menu":"https://fonts.gstatic.com/s/rhodiumlibre/v19/1q2AY5adA0tn_ukeHcQHqpx6lEXBfg.ttf"},{"family":"Ribeye","version":"v25","lastModified":"2024-09-04","category":"display","kind":"webfonts#webfont","menu":"https://fonts.gstatic.com/s/ribeye/v25/L0x8DFMxk1MP9R3hvfqi.ttf"},{"family":"Ribeye Marrow","version":"v24","lastModified":"2024-09-04","category":"display","kind":"webfonts#webfont","menu":"https://fonts.gstatic.com/s/ribeyemarrow/v24/GFDsWApshnqMRO2JdtRZ2d0vIA0ZUQ.ttf"},{"family":"Righteous","version":"v17","lastModified":"2024-09-04","category":"display","kind":"webfonts#webfont","menu":"https://fonts.gstatic.com/s/righteous/v17/1cXxaUPXBpj2rGoU7C9WjnGA.ttf"},{"family":"Risque","version":"v22","lastModified":"2024-09-04","category":"display","kind":"webfonts#webfont","menu":"https://fonts.gstatic.com/s/risque/v22/VdGfAZUfHosahXxYCEwR.ttf"},{"family":"Road Rage","version":"v7","lastModified":"2024-09-04","category":"display","kind":"webfonts#webfont","menu":"https://fonts.gstatic.com/s/roadrage/v7/6NUU8F2fKAOBKjjr4ekftcwE.ttf"},{"family":"Roboto","version":"v32","lastModified":"2024-09-04","category":"sans-serif","kind":"webfonts#webfont","menu":"https://fonts.gstatic.com/s/roboto/v32/KFOmCnqEu92Fr1Mu5GxP.ttf"},{"family":"Roboto Condensed","version":"v27","lastModified":"2024-09-04","category":"sans-serif","kind":"webfonts#webfont","menu":"https://fonts.gstatic.com/s/robotocondensed/v27/ieVo2ZhZI2eCN5jzbjEETS9weq8-_d6T_POl0fRJeyWyosBI5Xk.ttf"},{"family":"Roboto Flex","version":"v26","lastModified":"2024-09-04","category":"sans-serif","kind":"webfonts#webfont","menu":"https://fonts.gstatic.com/s/robotoflex/v26/NaNnepOXO_NexZs0b5QrzlOHb8wCikXpYqmZsWI-__OGbt8jZktqc2V3Zs0KvDLdBP8SBZtOs2IifRuUZQMsPJtUsR4DEK6cULNeUx9XgTnH37Ha_FIAp4Fm0PP1hw45DntW2x0wZGzhPmr1YNMYKYn9_1IQXGwJAiUJVUMdN5YUW4O8HtSoXjC1z3QSabshNFVe3e0O5j3ZjrZCu23Qd4G0EBysQNK-QKavMl1cKq3tHXtXi8mzLjaAcbCkmA.ttf"},{"family":"Roboto Mono","version":"v23","lastModified":"2024-09-04","category":"monospace","kind":"webfonts#webfont","menu":"https://fonts.gstatic.com/s/robotomono/v23/L0xuDF4xlVMF-BfR8bXMIhJHg45mwgGEFl0_3vq_QuW9.ttf"},{"family":"Roboto Serif","version":"v15","lastModified":"2024-09-30","category":"serif","kind":"webfonts#webfont","menu":"https://fonts.gstatic.com/s/robotoserif/v15/R71RjywflP6FLr3gZx7K8UyuXDs9zVwDmXCb8lxYgmuii32UGoVldX6UgfjL4-3sMM_kB_qXSEXTJQCFLH5-_bcEliotl6Z8BQ.ttf"},{"family":"Roboto Slab","version":"v34","lastModified":"2024-09-04","category":"serif","kind":"webfonts#webfont","menu":"https://fonts.gstatic.com/s/robotoslab/v34/BngbUXZYTXPIvIBgJJSb6s3BzlRRfKOFbvjojISmaWRm.ttf"},{"family":"Rochester","version":"v22","lastModified":"2024-09-04","category":"handwriting","kind":"webfonts#webfont","menu":"https://fonts.gstatic.com/s/rochester/v22/6ae-4KCqVa4Zy6Fif-UC3lHS.ttf"},{"family":"Rock 3D","version":"v11","lastModified":"2024-08-07","category":"display","kind":"webfonts#webfont","menu":"https://fonts.gstatic.com/s/rock3d/v11/yYLp0hrL0PCo651553WtxQ.ttf"},{"family":"Rock Salt","version":"v22","lastModified":"2024-09-04","category":"handwriting","kind":"webfonts#webfont","menu":"https://fonts.gstatic.com/s/rocksalt/v22/MwQ0bhv11fWD6QsAVOZrsUM_.ttf"},{"family":"RocknRoll One","version":"v14","lastModified":"2024-09-04","category":"sans-serif","kind":"webfonts#webfont","menu":"https://fonts.gstatic.com/s/rocknrollone/v14/kmK7ZqspGAfCeUiW6FFlmEC9suRrtw.ttf"},{"family":"Rokkitt","version":"v36","lastModified":"2024-09-04","category":"serif","kind":"webfonts#webfont","menu":"https://fonts.gstatic.com/s/rokkitt/v36/qFdb35qfgYFjGy5hukqqhw5XeRgdi1ryd6DKGbo.ttf"},{"family":"Romanesco","version":"v21","lastModified":"2024-09-04","category":"handwriting","kind":"webfonts#webfont","menu":"https://fonts.gstatic.com/s/romanesco/v21/w8gYH2ozQOY7_r_J7mSX3XYP.ttf"},{"family":"Ropa Sans","version":"v15","lastModified":"2024-09-04","category":"sans-serif","kind":"webfonts#webfont","menu":"https://fonts.gstatic.com/s/ropasans/v15/EYqxmaNOzLlWtsZSScy6WzNs.ttf"},{"family":"Rosario","version":"v31","lastModified":"2024-09-04","category":"sans-serif","kind":"webfonts#webfont","menu":"https://fonts.gstatic.com/s/rosario/v31/xfuu0WDhWW_fOEoY8l_VPNZfB7jPM68YCVcyfeI.ttf"},{"family":"Rosarivo","version":"v22","lastModified":"2024-09-04","category":"serif","kind":"webfonts#webfont","menu":"https://fonts.gstatic.com/s/rosarivo/v22/PlI-Fl2lO6N9f8HaNDeD0Hw.ttf"},{"family":"Rouge Script","version":"v18","lastModified":"2024-09-04","category":"handwriting","kind":"webfonts#webfont","menu":"https://fonts.gstatic.com/s/rougescript/v18/LYjFdGbiklMoCIQOw1Ep3S4_Vf_f.ttf"},{"family":"Rowdies","version":"v17","lastModified":"2024-09-04","category":"display","kind":"webfonts#webfont","menu":"https://fonts.gstatic.com/s/rowdies/v17/ptRJTieMYPNBAK21_rZDxA.ttf"},{"family":"Rozha One","version":"v15","lastModified":"2024-09-04","category":"serif","kind":"webfonts#webfont","menu":"https://fonts.gstatic.com/s/rozhaone/v15/AlZy_zVFtYP12Zncg2kRdH38.ttf"},{"family":"Rubik","version":"v28","lastModified":"2024-09-04","category":"sans-serif","kind":"webfonts#webfont","menu":"https://fonts.gstatic.com/s/rubik/v28/iJWZBXyIfDnIV5PNhY1KTN7Z-Yh-B4iFUUUw.ttf"},{"family":"Rubik 80s Fade","version":"v2","lastModified":"2024-09-04","category":"display","kind":"webfonts#webfont","menu":"https://fonts.gstatic.com/s/rubik80sfade/v2/U9MF6dW37nLSmnwZXyoV-uPXUiHxm7Y.ttf"},{"family":"Rubik Beastly","version":"v10","lastModified":"2024-09-04","category":"display","kind":"webfonts#webfont","menu":"https://fonts.gstatic.com/s/rubikbeastly/v10/0QImMXRd5oOmSC2ZQ7o9653X4732-A.ttf"},{"family":"Rubik Broken Fax","version":"v1","lastModified":"2024-09-04","category":"display","kind":"webfonts#webfont","menu":"https://fonts.gstatic.com/s/rubikbrokenfax/v1/NGSvv4rXG042O-GzH9sg1cUgl8w8UW6ccg.ttf"},{"family":"Rubik Bubbles","version":"v3","lastModified":"2024-09-04","category":"display","kind":"webfonts#webfont","menu":"https://fonts.gstatic.com/s/rubikbubbles/v3/JIA1UVdwbHFJtwA7Us1BPFbRBTAHeA.ttf"},{"family":"Rubik Burned","version":"v1","lastModified":"2024-09-04","category":"display","kind":"webfonts#webfont","menu":"https://fonts.gstatic.com/s/rubikburned/v1/Jqzk5TmOVOqQHihKqPpscqnSHAGe.ttf"},{"family":"Rubik Dirt","version":"v2","lastModified":"2024-09-04","category":"display","kind":"webfonts#webfont","menu":"https://fonts.gstatic.com/s/rubikdirt/v2/DtVmJxC7WLEj1uIXEWAdil0s7g.ttf"},{"family":"Rubik Distressed","version":"v1","lastModified":"2024-09-04","category":"display","kind":"webfonts#webfont","menu":"https://fonts.gstatic.com/s/rubikdistressed/v1/GFDxWBdsmnqAVqjtUsZf2dcrQ2ldQWErbg.ttf"},{"family":"Rubik Doodle Shadow","version":"v1","lastModified":"2024-09-04","category":"display","kind":"webfonts#webfont","menu":"https://fonts.gstatic.com/s/rubikdoodleshadow/v1/rP2bp3im_k8G_wTVdvvMdHqmXTR3lEaL-KqT2A.ttf"},{"family":"Rubik Doodle Triangles","version":"v1","lastModified":"2024-09-04","category":"display","kind":"webfonts#webfont","menu":"https://fonts.gstatic.com/s/rubikdoodletriangles/v1/esDA301BLOmMKxKspb3g-domRuLPeaSn2bTzRLm1tg.ttf"},{"family":"Rubik Gemstones","version":"v1","lastModified":"2024-09-04","category":"display","kind":"webfonts#webfont","menu":"https://fonts.gstatic.com/s/rubikgemstones/v1/zrf90HrL0-_8Xb4DFM2rUkWbOVr-iSPC.ttf"},{"family":"Rubik Glitch","version":"v2","lastModified":"2024-09-04","category":"display","kind":"webfonts#webfont","menu":"https://fonts.gstatic.com/s/rubikglitch/v2/qkBSXv8b_srFRYQVYrDKh9ZfmSTD.ttf"},{"family":"Rubik Glitch Pop","version":"v1","lastModified":"2024-09-04","category":"display","kind":"webfonts#webfont","menu":"https://fonts.gstatic.com/s/rubikglitchpop/v1/tDbX2pGHhFcM0gB3hN2elZLa3G-MCwWnTQ.ttf"},{"family":"Rubik Iso","version":"v2","lastModified":"2024-09-04","category":"display","kind":"webfonts#webfont","menu":"https://fonts.gstatic.com/s/rubikiso/v2/x3dickHUfr-S4VAI4sAxffoG.ttf"},{"family":"Rubik Lines","version":"v1","lastModified":"2024-09-04","category":"display","kind":"webfonts#webfont","menu":"https://fonts.gstatic.com/s/rubiklines/v1/_gP81R3vsjYzVW2Y6xFF-FSwav4.ttf"},{"family":"Rubik Maps","version":"v1","lastModified":"2024-09-04","category":"display","kind":"webfonts#webfont","menu":"https://fonts.gstatic.com/s/rubikmaps/v1/Gw6_wcjl80TZK9XxtbbevSceDg.ttf"},{"family":"Rubik Marker Hatch","version":"v1","lastModified":"2024-09-04","category":"display","kind":"webfonts#webfont","menu":"https://fonts.gstatic.com/s/rubikmarkerhatch/v1/QldTNSFQsh0B_bFXXWv6LAt-jswapJHgDbQm.ttf"},{"family":"Rubik Maze","version":"v2","lastModified":"2024-09-04","category":"display","kind":"webfonts#webfont","menu":"https://fonts.gstatic.com/s/rubikmaze/v2/xMQRuF9ZVa2ftiJEavXSMX_omQ.ttf"},{"family":"Rubik Microbe","version":"v2","lastModified":"2024-09-04","category":"display","kind":"webfonts#webfont","menu":"https://fonts.gstatic.com/s/rubikmicrobe/v2/UqyWK8oPP3hjw6ANS9rM3PsZQs4QbA.ttf"},{"family":"Rubik Mono One","version":"v18","lastModified":"2024-08-12","category":"sans-serif","kind":"webfonts#webfont","menu":"https://fonts.gstatic.com/s/rubikmonoone/v18/UqyJK8kPP3hjw6ANTdfRk9YSN98xTKA.ttf"},{"family":"Rubik Moonrocks","version":"v5","lastModified":"2024-09-04","category":"display","kind":"webfonts#webfont","menu":"https://fonts.gstatic.com/s/rubikmoonrocks/v5/845ANMAmAI2VUZMLu_W0M7HqlDHXXMr_.ttf"},{"family":"Rubik Pixels","version":"v2","lastModified":"2024-09-04","category":"display","kind":"webfonts#webfont","menu":"https://fonts.gstatic.com/s/rubikpixels/v2/SlGXmQOaupkIeSx4CEpB7AdiaRwV.ttf"},{"family":"Rubik Puddles","version":"v2","lastModified":"2024-09-04","category":"display","kind":"webfonts#webfont","menu":"https://fonts.gstatic.com/s/rubikpuddles/v2/1Ptog8bYX_qGnkLkrU5MJsQcFfG-xQ.ttf"},{"family":"Rubik Scribble","version":"v1","lastModified":"2024-09-04","category":"display","kind":"webfonts#webfont","menu":"https://fonts.gstatic.com/s/rubikscribble/v1/snfzs0Cp48d67SuHQOpjXLsQpYqaQDc.ttf"},{"family":"Rubik Spray Paint","version":"v1","lastModified":"2024-09-04","category":"display","kind":"webfonts#webfont","menu":"https://fonts.gstatic.com/s/rubikspraypaint/v1/WnzhHBAoeBPUDTB4EWR82y6EXWPH-So_SII.ttf"},{"family":"Rubik Storm","version":"v1","lastModified":"2024-09-04","category":"display","kind":"webfonts#webfont","menu":"https://fonts.gstatic.com/s/rubikstorm/v1/eLGYP-_uPgO5Ag7ju9JaotL8RWE.ttf"},{"family":"Rubik Vinyl","version":"v1","lastModified":"2024-09-04","category":"display","kind":"webfonts#webfont","menu":"https://fonts.gstatic.com/s/rubikvinyl/v1/iJWABXKIfDnIV4mQ5BfjvXXfzIg.ttf"},{"family":"Rubik Wet Paint","version":"v2","lastModified":"2024-09-04","category":"display","kind":"webfonts#webfont","menu":"https://fonts.gstatic.com/s/rubikwetpaint/v2/HTx0L20uMDGHgdULcpTF3Oe4d_-1-jbz.ttf"},{"family":"Ruda","version":"v28","lastModified":"2024-09-04","category":"sans-serif","kind":"webfonts#webfont","menu":"https://fonts.gstatic.com/s/ruda/v28/k3kKo8YQJOpFgHQ1mQ5VkEbUKaJFsh__0qw.ttf"},{"family":"Rufina","version":"v15","lastModified":"2024-09-04","category":"serif","kind":"webfonts#webfont","menu":"https://fonts.gstatic.com/s/rufina/v15/Yq6V-LyURyLy-aKCoh5g.ttf"},{"family":"Ruge Boogie","version":"v28","lastModified":"2024-09-04","category":"handwriting","kind":"webfonts#webfont","menu":"https://fonts.gstatic.com/s/rugeboogie/v28/JIA3UVFwbHRF_GIWSMhKNSOjNTE.ttf"},{"family":"Ruluko","version":"v21","lastModified":"2024-09-04","category":"sans-serif","kind":"webfonts#webfont","menu":"https://fonts.gstatic.com/s/ruluko/v21/xMQVuFNZVaODtm0ZCq-3.ttf"},{"family":"Rum Raisin","version":"v22","lastModified":"2024-09-04","category":"sans-serif","kind":"webfonts#webfont","menu":"https://fonts.gstatic.com/s/rumraisin/v22/nwpRtKu3Ih8D5avB4h2uF36Czw.ttf"},{"family":"Ruslan Display","version":"v26","lastModified":"2024-09-04","category":"display","kind":"webfonts#webfont","menu":"https://fonts.gstatic.com/s/ruslandisplay/v26/Gw6jwczl81XcIZuckK_e3Upfdwxqn9g.ttf"},{"family":"Russo One","version":"v16","lastModified":"2024-09-04","category":"sans-serif","kind":"webfonts#webfont","menu":"https://fonts.gstatic.com/s/russoone/v16/Z9XUDmZRWg6M1LvRYsHOycmM.ttf"},{"family":"Ruthie","version":"v26","lastModified":"2024-09-04","category":"handwriting","kind":"webfonts#webfont","menu":"https://fonts.gstatic.com/s/ruthie/v26/gokvH63sGkdqXuUNlTRz.ttf"},{"family":"Ruwudu","version":"v4","lastModified":"2024-09-04","category":"serif","kind":"webfonts#webfont","menu":"https://fonts.gstatic.com/s/ruwudu/v4/syky-y1tj6UzRKf9lAqX.ttf"},{"family":"Rye","version":"v15","lastModified":"2024-09-04","category":"display","kind":"webfonts#webfont","menu":"https://fonts.gstatic.com/s/rye/v15/r05XGLJT86YzF57o.ttf"},{"family":"Sacramento","version":"v15","lastModified":"2024-09-04","category":"handwriting","kind":"webfonts#webfont","menu":"https://fonts.gstatic.com/s/sacramento/v15/buEzpo6gcdjy0EiZMBUG4Csf-A.ttf"},{"family":"Sahitya","version":"v18","lastModified":"2024-11-20","category":"serif","kind":"webfonts#webfont","menu":"https://fonts.gstatic.com/s/sahitya/v18/6qLAKZkOuhnuqlJAWSYPOw.ttf"},{"family":"Sail","version":"v16","lastModified":"2024-09-04","category":"display","kind":"webfonts#webfont","menu":"https://fonts.gstatic.com/s/sail/v16/DPEjYwiBxwYJJBXJBA.ttf"},{"family":"Saira","version":"v20","lastModified":"2024-09-04","category":"sans-serif","kind":"webfonts#webfont","menu":"https://fonts.gstatic.com/s/saira/v20/memWYa2wxmKQyPMrZX79wwYZQMhsyuShhKMjjbU9uXuA71rCkskxkw.ttf"},{"family":"Saira Condensed","version":"v11","lastModified":"2024-09-04","category":"sans-serif","kind":"webfonts#webfont","menu":"https://fonts.gstatic.com/s/sairacondensed/v11/EJROQgErUN8XuHNEtX81i9TmEkrvpOtA.ttf"},{"family":"Saira Extra Condensed","version":"v13","lastModified":"2024-09-04","category":"sans-serif","kind":"webfonts#webfont","menu":"https://fonts.gstatic.com/s/sairaextracondensed/v13/-nFiOHYr-vcC7h8MklGBkrvmUG9rbpkisrTj7kjx.ttf"},{"family":"Saira Semi Condensed","version":"v13","lastModified":"2024-09-04","category":"sans-serif","kind":"webfonts#webfont","menu":"https://fonts.gstatic.com/s/sairasemicondensed/v13/U9MD6c-2-nnJkHxyCjRcnMHcWVWV1cWRRX8KaOM.ttf"},{"family":"Saira Stencil One","version":"v16","lastModified":"2024-09-04","category":"display","kind":"webfonts#webfont","menu":"https://fonts.gstatic.com/s/sairastencilone/v16/SLXSc03I6HkvZGJ1GvvipLoYSTEL9DsNYQw.ttf"},{"family":"Salsa","version":"v21","lastModified":"2024-09-04","category":"display","kind":"webfonts#webfont","menu":"https://fonts.gstatic.com/s/salsa/v21/gNMKW3FiRpKj-hmZ-HM.ttf"},{"family":"Sanchez","version":"v15","lastModified":"2024-09-04","category":"serif","kind":"webfonts#webfont","menu":"https://fonts.gstatic.com/s/sanchez/v15/Ycm2sZJORluHnXbIfm9R-A.ttf"},{"family":"Sancreek","version":"v25","lastModified":"2024-09-04","category":"display","kind":"webfonts#webfont","menu":"https://fonts.gstatic.com/s/sancreek/v25/pxiHypAnsdxUm159X4D_V1s.ttf"},{"family":"Sankofa Display","version":"v2","lastModified":"2024-09-04","category":"sans-serif","kind":"webfonts#webfont","menu":"https://fonts.gstatic.com/s/sankofadisplay/v2/Ktk1ALSRd4LucUDghJ2rTqXOoh3HFqOd.ttf"},{"family":"Sansita","version":"v11","lastModified":"2024-09-04","category":"sans-serif","kind":"webfonts#webfont","menu":"https://fonts.gstatic.com/s/sansita/v11/QldONTRRphEb_-V7LBixSQ.ttf"},{"family":"Sansita Swashed","version":"v18","lastModified":"2024-09-04","category":"display","kind":"webfonts#webfont","menu":"https://fonts.gstatic.com/s/sansitaswashed/v18/BXR8vFfZifTZgFlDDLgNkBydPKTt3pVCeYWqJnZSW7RpXTsffg.ttf"},{"family":"Sarabun","version":"v15","lastModified":"2024-09-04","category":"sans-serif","kind":"webfonts#webfont","menu":"https://fonts.gstatic.com/s/sarabun/v15/DtVjJx26TKEr37c9aBNJmg.ttf"},{"family":"Sarala","version":"v12","lastModified":"2024-09-04","category":"sans-serif","kind":"webfonts#webfont","menu":"https://fonts.gstatic.com/s/sarala/v12/uK_y4riEZv4o1w9hCxcX.ttf"},{"family":"Sarina","version":"v23","lastModified":"2024-09-04","category":"display","kind":"webfonts#webfont","menu":"https://fonts.gstatic.com/s/sarina/v23/-F6wfjF3ITQwasLRL0rQ.ttf"},{"family":"Sarpanch","version":"v13","lastModified":"2024-09-04","category":"sans-serif","kind":"webfonts#webfont","menu":"https://fonts.gstatic.com/s/sarpanch/v13/hESy6Xt4NCpRuk6Pzi2BTo4.ttf"},{"family":"Sassy Frass","version":"v7","lastModified":"2024-09-04","category":"handwriting","kind":"webfonts#webfont","menu":"https://fonts.gstatic.com/s/sassyfrass/v7/LhWhMVrGOe0FLb97BjhsE-9cEtE.ttf"},{"family":"Satisfy","version":"v21","lastModified":"2024-09-04","category":"handwriting","kind":"webfonts#webfont","menu":"https://fonts.gstatic.com/s/satisfy/v21/rP2Hp2yn6lkG50LoCZWIGA.ttf"},{"family":"Sawarabi Gothic","version":"v13","lastModified":"2024-09-04","category":"sans-serif","kind":"webfonts#webfont","menu":"https://fonts.gstatic.com/s/sawarabigothic/v13/x3d4ckfVaqqa-BEj-I9mE65u3k39BCMz.ttf"},{"family":"Sawarabi Mincho","version":"v18","lastModified":"2024-09-04","category":"serif","kind":"webfonts#webfont","menu":"https://fonts.gstatic.com/s/sawarabimincho/v18/8QIRdiDaitzr7brc8ahpxt6GcIJjLKJL.ttf"},{"family":"Scada","version":"v15","lastModified":"2024-09-04","category":"sans-serif","kind":"webfonts#webfont","menu":"https://fonts.gstatic.com/s/scada/v15/RLpxK5Pv5qumeVJpzTE.ttf"},{"family":"Scheherazade New","version":"v17","lastModified":"2024-11-20","category":"serif","kind":"webfonts#webfont","menu":"https://fonts.gstatic.com/s/scheherazadenew/v17/4UaZrFhTvxVnHDvUkUiHg8jprP4DOwJmPg.ttf"},{"family":"Schibsted Grotesk","version":"v3","lastModified":"2024-09-04","category":"sans-serif","kind":"webfonts#webfont","menu":"https://fonts.gstatic.com/s/schibstedgrotesk/v3/JqzK5SSPQuCQF3t8uOwiUL-taUTtarVKQ9vZ6pJJWlMNIsEwTshq.ttf"},{"family":"Schoolbell","version":"v18","lastModified":"2024-09-04","category":"handwriting","kind":"webfonts#webfont","menu":"https://fonts.gstatic.com/s/schoolbell/v18/92zQtBZWOrcgoe-fgnJIZxMa7g.ttf"},{"family":"Scope One","version":"v14","lastModified":"2024-09-04","category":"serif","kind":"webfonts#webfont","menu":"https://fonts.gstatic.com/s/scopeone/v14/WBLnrEXKYFlGHrOKmGDFWkXI.ttf"},{"family":"Seaweed Script","version":"v15","lastModified":"2024-09-04","category":"display","kind":"webfonts#webfont","menu":"https://fonts.gstatic.com/s/seaweedscript/v15/bx6cNx6Tne2pxOATYE8C_Rsoe3WI8qM.ttf"},{"family":"Secular One","version":"v12","lastModified":"2024-09-04","category":"sans-serif","kind":"webfonts#webfont","menu":"https://fonts.gstatic.com/s/secularone/v12/8QINdiTajsj_87rMuMdKyqDkOO0.ttf"},{"family":"Sedan","version":"v1","lastModified":"2024-09-04","category":"serif","kind":"webfonts#webfont","menu":"https://fonts.gstatic.com/s/sedan/v1/Yq6a-L-VVyD6-dOTgz4.ttf"},{"family":"Sedan SC","version":"v2","lastModified":"2024-09-04","category":"serif","kind":"webfonts#webfont","menu":"https://fonts.gstatic.com/s/sedansc/v2/yMJRMIlvYZ3Jn1Y30Aq9dyg.ttf"},{"family":"Sedgwick Ave","version":"v12","lastModified":"2024-09-04","category":"handwriting","kind":"webfonts#webfont","menu":"https://fonts.gstatic.com/s/sedgwickave/v12/uK_04rKEYuguzAcSYRdWTJqMX2Ix.ttf"},{"family":"Sedgwick Ave Display","version":"v21","lastModified":"2024-09-04","category":"handwriting","kind":"webfonts#webfont","menu":"https://fonts.gstatic.com/s/sedgwickavedisplay/v21/xfuu0XPgU3jZPUoUo3ScvmPi-NapQ8OxM1cyfeI.ttf"},{"family":"Sen","version":"v9","lastModified":"2024-09-04","category":"sans-serif","kind":"webfonts#webfont","menu":"https://fonts.gstatic.com/s/sen/v9/6xK0dSxYI9_dkN18-vZKK2EISCq5L4_AkA.ttf"},{"family":"Send Flowers","version":"v5","lastModified":"2024-09-04","category":"handwriting","kind":"webfonts#webfont","menu":"https://fonts.gstatic.com/s/sendflowers/v5/If2PXTjtZS-0Xqy13uCQSULfxgLn.ttf"},{"family":"Sevillana","version":"v23","lastModified":"2024-09-04","category":"display","kind":"webfonts#webfont","menu":"https://fonts.gstatic.com/s/sevillana/v23/KFOlCnWFscmDt1Bfiy1fAhc9.ttf"},{"family":"Seymour One","version":"v23","lastModified":"2024-09-04","category":"sans-serif","kind":"webfonts#webfont","menu":"https://fonts.gstatic.com/s/seymourone/v23/4iCp6Khla9xbjQpoWGGd0lyJN4Q.ttf"},{"family":"Shadows Into Light","version":"v20","lastModified":"2024-11-20","category":"handwriting","kind":"webfonts#webfont","menu":"https://fonts.gstatic.com/s/shadowsintolight/v20/UqyNK9UOIntux_czAvDQx_ZcHqZXBNQzc8D8.ttf"},{"family":"Shadows Into Light Two","version":"v17","lastModified":"2024-09-04","category":"handwriting","kind":"webfonts#webfont","menu":"https://fonts.gstatic.com/s/shadowsintolighttwo/v17/4iC86LVlZsRSjQhpWGedwyOoW-0A6_kpsyNmpArHHA.ttf"},{"family":"Shalimar","version":"v7","lastModified":"2024-09-04","category":"handwriting","kind":"webfonts#webfont","menu":"https://fonts.gstatic.com/s/shalimar/v7/uU9MCBoE6I6iNWFUvQPw-vQ.ttf"},{"family":"Shantell Sans","version":"v10","lastModified":"2024-09-04","category":"display","kind":"webfonts#webfont","menu":"https://fonts.gstatic.com/s/shantellsans/v10/FeUaS0pCoLIo-lcdY7kjvNoQqWVWB0qWpl29ajppTuUTu_kJKmHesPOL-maYi4xZeHCNQ09eBlmv2QcUzJ39-rAISYR8S1i3wvg.ttf"},{"family":"Shanti","version":"v25","lastModified":"2024-09-04","category":"sans-serif","kind":"webfonts#webfont","menu":"https://fonts.gstatic.com/s/shanti/v25/t5thIREMM4uSDgzQUk23.ttf"},{"family":"Share","version":"v18","lastModified":"2024-09-04","category":"sans-serif","kind":"webfonts#webfont","menu":"https://fonts.gstatic.com/s/share/v18/i7dEIFliZjKNF6VMFr4.ttf"},{"family":"Share Tech","version":"v21","lastModified":"2024-09-04","category":"sans-serif","kind":"webfonts#webfont","menu":"https://fonts.gstatic.com/s/sharetech/v21/7cHtv4Uyi5K0OeZ7bohU8HsJnQ.ttf"},{"family":"Share Tech Mono","version":"v15","lastModified":"2024-09-04","category":"monospace","kind":"webfonts#webfont","menu":"https://fonts.gstatic.com/s/sharetechmono/v15/J7aHnp1uDWRBEqV98dVQztYldFcLpQEA.ttf"},{"family":"Shippori Antique","version":"v9","lastModified":"2024-09-04","category":"sans-serif","kind":"webfonts#webfont","menu":"https://fonts.gstatic.com/s/shipporiantique/v9/-F6qfid3KC8pdMyzR0qRyFUht11vwlZFhw.ttf"},{"family":"Shippori Antique B1","version":"v9","lastModified":"2024-09-04","category":"sans-serif","kind":"webfonts#webfont","menu":"https://fonts.gstatic.com/s/shipporiantiqueb1/v9/2Eb7L_JwClR7Zl_UAKZ0mUHw3oMKd40gnRBIiw.ttf"},{"family":"Shippori Mincho","version":"v15","lastModified":"2024-09-04","category":"serif","kind":"webfonts#webfont","menu":"https://fonts.gstatic.com/s/shipporimincho/v15/VdGGAZweH5EbgHY6YExcZfDoj0Bw2vWG.ttf"},{"family":"Shippori Mincho B1","version":"v22","lastModified":"2024-09-04","category":"serif","kind":"webfonts#webfont","menu":"https://fonts.gstatic.com/s/shipporiminchob1/v22/wXK2E2wCr44tulPdnn-xbIpJ9RgT9-nCj6pv.ttf"},{"family":"Shizuru","version":"v11","lastModified":"2024-08-07","category":"display","kind":"webfonts#webfont","menu":"https://fonts.gstatic.com/s/shizuru/v11/O4ZSFGfvnxFiCA3i70MDkg.ttf"},{"family":"Shojumaru","version":"v15","lastModified":"2024-09-04","category":"display","kind":"webfonts#webfont","menu":"https://fonts.gstatic.com/s/shojumaru/v15/rax_HiWfutkLLnaKCtl8BRha.ttf"},{"family":"Short Stack","version":"v15","lastModified":"2024-09-04","category":"handwriting","kind":"webfonts#webfont","menu":"https://fonts.gstatic.com/s/shortstack/v15/bMrzmS2X6p0jZC6EcmPFX9STe3s.ttf"},{"family":"Shrikhand","version":"v15","lastModified":"2024-09-04","category":"display","kind":"webfonts#webfont","menu":"https://fonts.gstatic.com/s/shrikhand/v15/a8IbNovtLWfR7T7bMJwrBYKU.ttf"},{"family":"Siemreap","version":"v28","lastModified":"2023-08-25","category":"sans-serif","kind":"webfonts#webfont","menu":"https://fonts.gstatic.com/s/siemreap/v28/Gg82N5oFbgLvHAfNl1Yalgs.ttf"},{"family":"Sigmar","version":"v7","lastModified":"2024-09-04","category":"display","kind":"webfonts#webfont","menu":"https://fonts.gstatic.com/s/sigmar/v7/hv-XlzJgIE8a85pkbGwz.ttf"},{"family":"Sigmar One","version":"v18","lastModified":"2024-09-04","category":"display","kind":"webfonts#webfont","menu":"https://fonts.gstatic.com/s/sigmarone/v18/co3DmWZ8kjZuErj9Ta3do6Lpow.ttf"},{"family":"Signika","version":"v25","lastModified":"2024-09-04","category":"sans-serif","kind":"webfonts#webfont","menu":"https://fonts.gstatic.com/s/signika/v25/vEF72_JTCgwQ5ejvMV0Ox_Kg1UwJ0tKfX4zNpD8E4ASzH1r9gTuozDkj.ttf"},{"family":"Signika Negative","version":"v21","lastModified":"2024-09-04","category":"sans-serif","kind":"webfonts#webfont","menu":"https://fonts.gstatic.com/s/signikanegative/v21/E21x_cfngu7HiRpPX3ZpNE4kY5zKSPmJXkF0VDD2RAqnS43tvdw.ttf"},{"family":"Silkscreen","version":"v4","lastModified":"2024-09-04","category":"display","kind":"webfonts#webfont","menu":"https://fonts.gstatic.com/s/silkscreen/v4/m8JXjfVPf62XiF7kO-i9YLVlbg.ttf"},{"family":"Simonetta","version":"v27","lastModified":"2024-09-04","category":"display","kind":"webfonts#webfont","menu":"https://fonts.gstatic.com/s/simonetta/v27/x3dickHVYrCU5BU15c4xffoG.ttf"},{"family":"Single Day","version":"v17","lastModified":"2024-08-12","category":"display","kind":"webfonts#webfont","menu":"https://fonts.gstatic.com/s/singleday/v17/LYjHdGDjlEgoAcF95EI5vVsPVA.ttf"},{"family":"Sintony","version":"v15","lastModified":"2024-09-04","category":"sans-serif","kind":"webfonts#webfont","menu":"https://fonts.gstatic.com/s/sintony/v15/XoHm2YDqR7-98cVUETUtvw.ttf"},{"family":"Sirin Stencil","version":"v25","lastModified":"2024-09-04","category":"display","kind":"webfonts#webfont","menu":"https://fonts.gstatic.com/s/sirinstencil/v25/mem4YaWwznmLx-lzGfN7MdRyRclMAg.ttf"},{"family":"Six Caps","version":"v21","lastModified":"2024-11-20","category":"sans-serif","kind":"webfonts#webfont","menu":"https://fonts.gstatic.com/s/sixcaps/v21/6ae_4KGrU7VR7bNmaYcT_3E.ttf"},{"family":"Sixtyfour","version":"v1","lastModified":"2024-09-04","category":"monospace","kind":"webfonts#webfont","menu":"https://fonts.gstatic.com/s/sixtyfour/v1/OD5vuMCT1numDm3nakXtp2h4jg463t9haG_3mBkVsV20uFT3BAE5f43ZlSA.ttf"},{"family":"Sixtyfour Convergence","version":"v1","lastModified":"2024-09-30","category":"monospace","kind":"webfonts#webfont","menu":"https://fonts.gstatic.com/s/sixtyfourconvergence/v1/m8IQjepPf7mIglv5K__zM9srGA7wurbybZMfZsqG2Q6EWlJro5FJSJ4acT9PoOPwGgieaK7zkSpdXP-GrR9Yw9Tg7E4HGLbUKPlOh102topulw.ttf"},{"family":"Skranji","version":"v13","lastModified":"2024-09-04","category":"display","kind":"webfonts#webfont","menu":"https://fonts.gstatic.com/s/skranji/v13/OZpDg_dtriVFNerMUzqklg.ttf"},{"family":"Slabo 13px","version":"v15","lastModified":"2024-09-04","category":"serif","kind":"webfonts#webfont","menu":"https://fonts.gstatic.com/s/slabo13px/v15/11hEGp_azEvXZUdSBzzRQKah3w.ttf"},{"family":"Slabo 27px","version":"v14","lastModified":"2024-09-04","category":"serif","kind":"webfonts#webfont","menu":"https://fonts.gstatic.com/s/slabo27px/v14/mFT0WbgBwKPR_Z4hGN2qgxkD0A.ttf"},{"family":"Slackey","version":"v28","lastModified":"2024-09-04","category":"display","kind":"webfonts#webfont","menu":"https://fonts.gstatic.com/s/slackey/v28/N0bV2SdQO-5yM0-dGlVQIQ.ttf"},{"family":"Slackside One","version":"v11","lastModified":"2024-08-07","category":"handwriting","kind":"webfonts#webfont","menu":"https://fonts.gstatic.com/s/slacksideone/v11/EJRQQgMrXdcGsiBuvnRxodTwZy_fpQ.ttf"},{"family":"Smokum","version":"v29","lastModified":"2024-11-20","category":"display","kind":"webfonts#webfont","menu":"https://fonts.gstatic.com/s/smokum/v29/TK3iWkUbAhopmrd2Hz8D.ttf"},{"family":"Smooch","version":"v7","lastModified":"2024-09-04","category":"handwriting","kind":"webfonts#webfont","menu":"https://fonts.gstatic.com/s/smooch/v7/o-0LIps4xW8U1xUxj6B7.ttf"},{"family":"Smooch Sans","version":"v13","lastModified":"2024-09-04","category":"sans-serif","kind":"webfonts#webfont","menu":"https://fonts.gstatic.com/s/smoochsans/v13/c4mz1n5uGsXss2LJh1QH6b129FZvxPj6I4oiwUBYd6ga.ttf"},{"family":"Smythe","version":"v23","lastModified":"2024-09-04","category":"display","kind":"webfonts#webfont","menu":"https://fonts.gstatic.com/s/smythe/v23/MwQ3bhT01--coT1xObJ7.ttf"},{"family":"Sniglet","version":"v17","lastModified":"2024-09-04","category":"display","kind":"webfonts#webfont","menu":"https://fonts.gstatic.com/s/sniglet/v17/cIf9MaFLtkE3UjaJ9CihZA.ttf"},{"family":"Snippet","version":"v21","lastModified":"2024-09-04","category":"sans-serif","kind":"webfonts#webfont","menu":"https://fonts.gstatic.com/s/snippet/v21/bWt47f7XfQH9Gupu6v7KeQ.ttf"},{"family":"Snowburst One","version":"v20","lastModified":"2024-09-04","category":"display","kind":"webfonts#webfont","menu":"https://fonts.gstatic.com/s/snowburstone/v20/MQpS-WezKdujBsXY3B7I-UT7SZ6eOw.ttf"},{"family":"Sofadi One","version":"v21","lastModified":"2024-09-04","category":"display","kind":"webfonts#webfont","menu":"https://fonts.gstatic.com/s/sofadione/v21/JIA2UVBxdnVBuElZaMFGQDKCFQ.ttf"},{"family":"Sofia","version":"v14","lastModified":"2024-09-04","category":"handwriting","kind":"webfonts#webfont","menu":"https://fonts.gstatic.com/s/sofia/v14/8QIHdirahM3j_su_uIg.ttf"},{"family":"Sofia Sans","version":"v16","lastModified":"2024-09-04","category":"sans-serif","kind":"webfonts#webfont","menu":"https://fonts.gstatic.com/s/sofiasans/v16/Yq6E-LCVXSLy9uPBwlAThu1SY8Cx8rlT69B6sJ3spPY.ttf"},{"family":"Sofia Sans Condensed","version":"v2","lastModified":"2024-09-04","category":"sans-serif","kind":"webfonts#webfont","menu":"https://fonts.gstatic.com/s/sofiasanscondensed/v2/r05xGKVS5aVKd567NYXawnFKJaTtoAuLnK0EjiAN5s9CZwUqh-Gcls4K.ttf"},{"family":"Sofia Sans Extra Condensed","version":"v2","lastModified":"2024-09-04","category":"sans-serif","kind":"webfonts#webfont","menu":"https://fonts.gstatic.com/s/sofiasansextracondensed/v2/raxdHjafvdAIOju4GcIfJH0i7zi50X3zRtuLNiMS0d6iDr-MD5Si9NGLmmi0fjOI.ttf"},{"family":"Sofia Sans Semi Condensed","version":"v4","lastModified":"2024-09-04","category":"sans-serif","kind":"webfonts#webfont","menu":"https://fonts.gstatic.com/s/sofiasanssemicondensed/v4/46kOlaPnUDrQoNsWDCGXXxYlujh5Wv0nwP4RwxURm28cA7YLHsIVvoobEd9SE6w.ttf"},{"family":"Solitreo","version":"v2","lastModified":"2024-09-04","category":"handwriting","kind":"webfonts#webfont","menu":"https://fonts.gstatic.com/s/solitreo/v2/r05YGLlS5a9KYsyNO_uowjI.ttf"},{"family":"Solway","version":"v18","lastModified":"2024-09-04","category":"serif","kind":"webfonts#webfont","menu":"https://fonts.gstatic.com/s/solway/v18/AMOQz46Cs2uTAOCmg3o5.ttf"},{"family":"Sometype Mono","version":"v1","lastModified":"2024-09-04","category":"monospace","kind":"webfonts#webfont","menu":"https://fonts.gstatic.com/s/sometypemono/v1/70lGu745KGk_R3uxyq0WrROhAJiJsJ_eTWllpTAMGH9biwQ.ttf"},{"family":"Song Myung","version":"v20","lastModified":"2024-08-12","category":"serif","kind":"webfonts#webfont","menu":"https://fonts.gstatic.com/s/songmyung/v20/1cX2aUDWAJH5-EIC7DIhn1CggQ.ttf"},{"family":"Sono","version":"v6","lastModified":"2024-09-04","category":"sans-serif","kind":"webfonts#webfont","menu":"https://fonts.gstatic.com/s/sono/v6/aFT97PNiY3U2Cqf_aYEN64CYaK18YWJEsV6u-QLiOsxVtkWtE358.ttf"},{"family":"Sonsie One","version":"v21","lastModified":"2024-09-04","category":"display","kind":"webfonts#webfont","menu":"https://fonts.gstatic.com/s/sonsieone/v21/PbymFmP_EAnPqbKaoc18UVq21g.ttf"},{"family":"Sora","version":"v12","lastModified":"2024-09-04","category":"sans-serif","kind":"webfonts#webfont","menu":"https://fonts.gstatic.com/s/sora/v12/xMQOuFFYT72X5wkB_18qmnndmSdSnk-LKQc.ttf"},{"family":"Sorts Mill Goudy","version":"v15","lastModified":"2024-09-04","category":"serif","kind":"webfonts#webfont","menu":"https://fonts.gstatic.com/s/sortsmillgoudy/v15/Qw3GZR9MED_6PSuS_50nEaVrfzgEbHwEig.ttf"},{"family":"Sour Gummy","version":"v1","lastModified":"2024-11-07","category":"sans-serif","kind":"webfonts#webfont","menu":"https://fonts.gstatic.com/s/sourgummy/v1/8AtGGs2gPYuNDii97MjjBrLbYfdJvDU5AZfP5opPVCC4oC5ANR1N88Nk9lqI.ttf"},{"family":"Source Code Pro","version":"v23","lastModified":"2024-09-04","category":"monospace","kind":"webfonts#webfont","menu":"https://fonts.gstatic.com/s/sourcecodepro/v23/HI_diYsKILxRpg3hIP6sJ7fM7PqPMcMnZFqUwX28DMyQtM9rSQ.ttf"},{"family":"Source Sans 3","version":"v15","lastModified":"2024-09-04","category":"sans-serif","kind":"webfonts#webfont","menu":"https://fonts.gstatic.com/s/sourcesans3/v15/nwpBtKy2OAdR1K-IwhWudF-R9QMylBJAV3Bo8Ky462EM9C4.ttf"},{"family":"Source Serif 4","version":"v8","lastModified":"2024-09-04","category":"serif","kind":"webfonts#webfont","menu":"https://fonts.gstatic.com/s/sourceserif4/v8/vEFy2_tTDB4M7-auWDN0ahZJW3IX2ih5nk3AucvUHf6OAVIJmeUDygwjihdqnh1dCw.ttf"},{"family":"Space Grotesk","version":"v16","lastModified":"2024-09-04","category":"sans-serif","kind":"webfonts#webfont","menu":"https://fonts.gstatic.com/s/spacegrotesk/v16/V8mQoQDjQSkFtoMM3T6r8E7mF71Q-gOoraIAEj7oUXsiPMU.ttf"},{"family":"Space Mono","version":"v14","lastModified":"2024-09-30","category":"monospace","kind":"webfonts#webfont","menu":"https://fonts.gstatic.com/s/spacemono/v14/i7dPIFZifjKcF5UAWdDRYEd8QA.ttf"},{"family":"Special Elite","version":"v19","lastModified":"2024-11-20","category":"display","kind":"webfonts#webfont","menu":"https://fonts.gstatic.com/s/specialelite/v19/XLYgIZbkc4JPUL5CVArUVL0ntnYOTQ.ttf"},{"family":"Spectral","version":"v14","lastModified":"2024-11-05","category":"serif","kind":"webfonts#webfont","menu":"https://fonts.gstatic.com/s/spectral/v14/rnCr-xNNww_2s0amA9M_kn0.ttf"},{"family":"Spectral SC","version":"v14","lastModified":"2024-11-05","category":"serif","kind":"webfonts#webfont","menu":"https://fonts.gstatic.com/s/spectralsc/v14/KtkpALCRZonmalTgyPmRfsWj42Q.ttf"},{"family":"Spicy Rice","version":"v26","lastModified":"2024-11-20","category":"display","kind":"webfonts#webfont","menu":"https://fonts.gstatic.com/s/spicyrice/v26/uK_24rSEd-Uqwk4jY1RyKv68Xg.ttf"},{"family":"Spinnaker","version":"v19","lastModified":"2024-09-04","category":"sans-serif","kind":"webfonts#webfont","menu":"https://fonts.gstatic.com/s/spinnaker/v19/w8gYH2oyX-I0_rvR6HmX3XYP.ttf"},{"family":"Spirax","version":"v21","lastModified":"2024-09-04","category":"display","kind":"webfonts#webfont","menu":"https://fonts.gstatic.com/s/spirax/v21/buE3poKgYNLy0F3sX0Fp.ttf"},{"family":"Splash","version":"v6","lastModified":"2024-09-04","category":"handwriting","kind":"webfonts#webfont","menu":"https://fonts.gstatic.com/s/splash/v6/KtksAL2RZoDkbU6RpfnC.ttf"},{"family":"Spline Sans","version":"v10","lastModified":"2024-09-04","category":"sans-serif","kind":"webfonts#webfont","menu":"https://fonts.gstatic.com/s/splinesans/v10/_6_sED73Uf-2WfU2LzycEZousNzn1a1lKWRpOFnoE9Hh.ttf"},{"family":"Spline Sans Mono","version":"v10","lastModified":"2024-09-04","category":"monospace","kind":"webfonts#webfont","menu":"https://fonts.gstatic.com/s/splinesansmono/v10/R70MjzAei_CDNLfgZxrW6wrZOF2WdZ6xabUGSVtNuGBiMotUwYM.ttf"},{"family":"Squada One","version":"v18","lastModified":"2024-09-04","category":"display","kind":"webfonts#webfont","menu":"https://fonts.gstatic.com/s/squadaone/v18/BCasqZ8XsOrx4mcOk6MtaaE2XA.ttf"},{"family":"Square Peg","version":"v5","lastModified":"2024-09-04","category":"handwriting","kind":"webfonts#webfont","menu":"https://fonts.gstatic.com/s/squarepeg/v5/y83eW48Nzw6ZlUHc-phrNDDhGA.ttf"},{"family":"Sree Krushnadevaraya","version":"v21","lastModified":"2024-08-12","category":"serif","kind":"webfonts#webfont","menu":"https://fonts.gstatic.com/s/sreekrushnadevaraya/v21/R70FjzQeifmPepmyQQjQ9kvwMkWYPfTA_HWa0lw.ttf"},{"family":"Sriracha","version":"v14","lastModified":"2024-09-04","category":"handwriting","kind":"webfonts#webfont","menu":"https://fonts.gstatic.com/s/sriracha/v14/0nkrC9D4IuYBgWcI9NbZTwQ.ttf"},{"family":"Srisakdi","version":"v16","lastModified":"2024-09-04","category":"display","kind":"webfonts#webfont","menu":"https://fonts.gstatic.com/s/srisakdi/v16/yMJRMIlvdpDbkB0A-gq9dyg.ttf"},{"family":"Staatliches","version":"v13","lastModified":"2024-09-04","category":"display","kind":"webfonts#webfont","menu":"https://fonts.gstatic.com/s/staatliches/v13/HI_OiY8KO6hCsQSoAPmtMYedvpU.ttf"},{"family":"Stalemate","version":"v22","lastModified":"2024-09-04","category":"handwriting","kind":"webfonts#webfont","menu":"https://fonts.gstatic.com/s/stalemate/v22/taiIGmZ_EJq97-UfkZRZu66o.ttf"},{"family":"Stalinist One","version":"v56","lastModified":"2024-09-04","category":"display","kind":"webfonts#webfont","menu":"https://fonts.gstatic.com/s/stalinistone/v56/MQpS-WezM9W4Dd7D3B7I-UT7SZ6eOw.ttf"},{"family":"Stardos Stencil","version":"v15","lastModified":"2024-09-04","category":"display","kind":"webfonts#webfont","menu":"https://fonts.gstatic.com/s/stardosstencil/v15/X7n94bcuGPC8hrvEOHXOgaKCc2Th7l5z.ttf"},{"family":"Stick","version":"v18","lastModified":"2024-09-04","category":"sans-serif","kind":"webfonts#webfont","menu":"https://fonts.gstatic.com/s/stick/v18/Qw3TZQpMCyTtJRvetvE.ttf"},{"family":"Stick No Bills","version":"v15","lastModified":"2024-09-04","category":"sans-serif","kind":"webfonts#webfont","menu":"https://fonts.gstatic.com/s/sticknobills/v15/bWts7ffXZwHuAa9Uld-oEK4QKlxj9f9t_7uEmjcVv8QLK7K0.ttf"},{"family":"Stint Ultra Condensed","version":"v23","lastModified":"2024-09-04","category":"serif","kind":"webfonts#webfont","menu":"https://fonts.gstatic.com/s/stintultracondensed/v23/-W_gXIrsVjjeyEnPC45qD2NoFPtBE0xCh2AOqx8K.ttf"},{"family":"Stint Ultra Expanded","version":"v22","lastModified":"2024-09-04","category":"serif","kind":"webfonts#webfont","menu":"https://fonts.gstatic.com/s/stintultraexpanded/v22/CSRg4yNNh-GbW3o3JkwoDcdvMKMf0oBAd3qpCzA.ttf"},{"family":"STIX Two Text","version":"v12","lastModified":"2024-09-04","category":"serif","kind":"webfonts#webfont","menu":"https://fonts.gstatic.com/s/stixtwotext/v12/YA9Gr02F12Xkf5whdwKf11l0jbKkeidMTtZ5Yihg2ROZURU.ttf"},{"family":"Stoke","version":"v24","lastModified":"2024-09-04","category":"serif","kind":"webfonts#webfont","menu":"https://fonts.gstatic.com/s/stoke/v24/z7NadRb7aTMfKNNodCw.ttf"},{"family":"Strait","version":"v17","lastModified":"2024-09-04","category":"sans-serif","kind":"webfonts#webfont","menu":"https://fonts.gstatic.com/s/strait/v17/DtViJxy6WaEr1LZDeTJp.ttf"},{"family":"Style Script","version":"v11","lastModified":"2024-09-04","category":"handwriting","kind":"webfonts#webfont","menu":"https://fonts.gstatic.com/s/stylescript/v11/vm8xdRX3SV7Z0aPa88xzW5nZeV7_.ttf"},{"family":"Stylish","version":"v22","lastModified":"2024-08-12","category":"sans-serif","kind":"webfonts#webfont","menu":"https://fonts.gstatic.com/s/stylish/v22/m8JSjfhPYriQkk7-TozzcA.ttf"},{"family":"Sue Ellen Francisco","version":"v20","lastModified":"2024-09-04","category":"handwriting","kind":"webfonts#webfont","menu":"https://fonts.gstatic.com/s/sueellenfrancisco/v20/wXK3E20CsoJ9j1DDkjHcQ5ZL8xRaxru9notP3g.ttf"},{"family":"Suez One","version":"v13","lastModified":"2024-09-04","category":"serif","kind":"webfonts#webfont","menu":"https://fonts.gstatic.com/s/suezone/v13/taiJGmd_EZ6rqscQgOFImo4.ttf"},{"family":"Sulphur Point","version":"v15","lastModified":"2024-09-04","category":"sans-serif","kind":"webfonts#webfont","menu":"https://fonts.gstatic.com/s/sulphurpoint/v15/RLp5K5vv8KaycDcazWFPBj2adfgYvw.ttf"},{"family":"Sumana","version":"v10","lastModified":"2024-09-04","category":"serif","kind":"webfonts#webfont","menu":"https://fonts.gstatic.com/s/sumana/v10/4UaDrE5TqRBjGj-28RLm.ttf"},{"family":"Sunflower","version":"v16","lastModified":"2024-08-12","category":"sans-serif","kind":"webfonts#webfont","menu":"https://fonts.gstatic.com/s/sunflower/v16/RWmPoKeF8fUjqIj7Vc-06MfSqIEC.ttf"},{"family":"Sunshiney","version":"v24","lastModified":"2024-09-04","category":"handwriting","kind":"webfonts#webfont","menu":"https://fonts.gstatic.com/s/sunshiney/v24/LDIwapGTLBwsS-wT4vcQEsOs.ttf"},{"family":"Supermercado One","version":"v27","lastModified":"2024-11-20","category":"display","kind":"webfonts#webfont","menu":"https://fonts.gstatic.com/s/supermercadoone/v27/OpNXnpQWg8jc_xps_Gi14kVVEXOn20f9NA.ttf"},{"family":"Sura","version":"v19","lastModified":"2024-09-04","category":"serif","kind":"webfonts#webfont","menu":"https://fonts.gstatic.com/s/sura/v19/SZc23FL5PbyzJf9eXw.ttf"},{"family":"Suranna","version":"v13","lastModified":"2024-08-12","category":"serif","kind":"webfonts#webfont","menu":"https://fonts.gstatic.com/s/suranna/v13/gokuH6ztGkFjWe58hBVTSw.ttf"},{"family":"Suravaram","version":"v21","lastModified":"2024-08-12","category":"serif","kind":"webfonts#webfont","menu":"https://fonts.gstatic.com/s/suravaram/v21/_gP61R_usiY7SCym4xIwimSx.ttf"},{"family":"SUSE","version":"v1","lastModified":"2024-08-28","category":"sans-serif","kind":"webfonts#webfont","menu":"https://fonts.gstatic.com/s/suse/v1/MwQsbhb078Wt81NpzELmC2QqjbGG7mq8bHY.ttf"},{"family":"Suwannaphum","version":"v31","lastModified":"2024-08-12","category":"serif","kind":"webfonts#webfont","menu":"https://fonts.gstatic.com/s/suwannaphum/v31/jAnCgHV7GtDvc8jbe8hXXLWk9cQ.ttf"},{"family":"Swanky and Moo Moo","version":"v23","lastModified":"2024-11-20","category":"handwriting","kind":"webfonts#webfont","menu":"https://fonts.gstatic.com/s/swankyandmoomoo/v23/flUlRrKz24IuWVI_WJYTYcqbEsMUZ3kktLng.ttf"},{"family":"Syncopate","version":"v22","lastModified":"2024-11-20","category":"sans-serif","kind":"webfonts#webfont","menu":"https://fonts.gstatic.com/s/syncopate/v22/pe0sMIuPIYBCpEV5eFdCA_e6.ttf"},{"family":"Syne","version":"v22","lastModified":"2024-09-04","category":"sans-serif","kind":"webfonts#webfont","menu":"https://fonts.gstatic.com/s/syne/v22/8vIS7w4qzmVxsWxjBZRjr0FKM_04uQ6lTYo.ttf"},{"family":"Syne Mono","version":"v15","lastModified":"2024-09-04","category":"monospace","kind":"webfonts#webfont","menu":"https://fonts.gstatic.com/s/synemono/v15/K2FzfZNHj_FHBmRbFvHDI6qg.ttf"},{"family":"Syne Tactile","version":"v15","lastModified":"2024-09-04","category":"display","kind":"webfonts#webfont","menu":"https://fonts.gstatic.com/s/synetactile/v15/11hGGpna2UTQKjMCVzjAPMKR3iEZ.ttf"},{"family":"Tac One","version":"v4","lastModified":"2024-09-04","category":"sans-serif","kind":"webfonts#webfont","menu":"https://fonts.gstatic.com/s/tacone/v4/ahcZv8Cj3zw7qDr8TO8rVw.ttf"},{"family":"Tai Heritage Pro","version":"v6","lastModified":"2023-05-31","category":"serif","kind":"webfonts#webfont","menu":"https://fonts.gstatic.com/s/taiheritagepro/v6/sZlfdQid-zgaNiNIYcUzJMU3IYyNkH1YFA.ttf"},{"family":"Tajawal","version":"v10","lastModified":"2024-09-04","category":"sans-serif","kind":"webfonts#webfont","menu":"https://fonts.gstatic.com/s/tajawal/v10/Iura6YBj_oCad4k1nzeBDg.ttf"},{"family":"Tangerine","version":"v17","lastModified":"2024-09-04","category":"handwriting","kind":"webfonts#webfont","menu":"https://fonts.gstatic.com/s/tangerine/v17/IurY6Y5j_oScZZow4VOxD5ZJ.ttf"},{"family":"Tapestry","version":"v4","lastModified":"2023-08-25","category":"handwriting","kind":"webfonts#webfont","menu":"https://fonts.gstatic.com/s/tapestry/v4/SlGTmQecrosEYXhaGCIloHQ.ttf"},{"family":"Taprom","version":"v27","lastModified":"2024-08-12","category":"display","kind":"webfonts#webfont","menu":"https://fonts.gstatic.com/s/taprom/v27/UcCn3F82JHycULb1QiMz.ttf"},{"family":"Tauri","version":"v18","lastModified":"2024-09-04","category":"sans-serif","kind":"webfonts#webfont","menu":"https://fonts.gstatic.com/s/tauri/v18/TwMA-IISS0AM3LpUUnE.ttf"},{"family":"Taviraj","version":"v13","lastModified":"2024-09-04","category":"serif","kind":"webfonts#webfont","menu":"https://fonts.gstatic.com/s/taviraj/v13/ahcZv8Cj3ylylTXzTO8rVw.ttf"},{"family":"Teachers","version":"v4","lastModified":"2024-09-04","category":"sans-serif","kind":"webfonts#webfont","menu":"https://fonts.gstatic.com/s/teachers/v4/H4c5BXKVncXVmUGsgTwx4E9oHx2xfjBr3poAYpRK.ttf"},{"family":"Teko","version":"v20","lastModified":"2024-09-04","category":"sans-serif","kind":"webfonts#webfont","menu":"https://fonts.gstatic.com/s/teko/v20/LYjYdG7kmE0gV69VVPPdFl06VN8XG4Sz1zY.ttf"},{"family":"Tektur","version":"v3","lastModified":"2024-09-04","category":"display","kind":"webfonts#webfont","menu":"https://fonts.gstatic.com/s/tektur/v3/XoHN2YHtS7q969kXCjzlV0aSkS_o8OacmTe0TYlYFot8TrwuVbtPacc.ttf"},{"family":"Telex","version":"v17","lastModified":"2024-09-04","category":"sans-serif","kind":"webfonts#webfont","menu":"https://fonts.gstatic.com/s/telex/v17/ieVw2Y1fKWmIO-fSDV4.ttf"},{"family":"Tenali Ramakrishna","version":"v12","lastModified":"2024-08-12","category":"sans-serif","kind":"webfonts#webfont","menu":"https://fonts.gstatic.com/s/tenaliramakrishna/v12/raxgHj6Yt9gAN3LLKs0BZVMo8jmwn1-MKZ_u.ttf"},{"family":"Tenor Sans","version":"v19","lastModified":"2024-09-04","category":"sans-serif","kind":"webfonts#webfont","menu":"https://fonts.gstatic.com/s/tenorsans/v19/bx6ANxqUneKx06UkIXISn3N4Dw.ttf"},{"family":"Text Me One","version":"v24","lastModified":"2024-09-04","category":"sans-serif","kind":"webfonts#webfont","menu":"https://fonts.gstatic.com/s/textmeone/v24/i7dOIFdlayuLUvgoFvHQFVZdYFI.ttf"},{"family":"Texturina","version":"v28","lastModified":"2024-09-04","category":"serif","kind":"webfonts#webfont","menu":"https://fonts.gstatic.com/s/texturina/v28/c4mM1nxpEtL3pXiAulRTkY-HGmNEX1b9NspjMwhAgliHhVrXy2eYGsUh0Z4.ttf"},{"family":"Thasadith","version":"v11","lastModified":"2024-09-04","category":"sans-serif","kind":"webfonts#webfont","menu":"https://fonts.gstatic.com/s/thasadith/v11/mtG44_1TIqPYrd_f5R1osUMQ.ttf"},{"family":"The Girl Next Door","version":"v23","lastModified":"2024-11-20","category":"handwriting","kind":"webfonts#webfont","menu":"https://fonts.gstatic.com/s/thegirlnextdoor/v23/pe0zMJCIMIsBjFxqYBIcZ6_OI5oFHCY4VrF_.ttf"},{"family":"The Nautigal","version":"v6","lastModified":"2024-09-04","category":"handwriting","kind":"webfonts#webfont","menu":"https://fonts.gstatic.com/s/thenautigal/v6/VdGZAZ8ZH51Lvng9fQV2bfKb5g9g.ttf"},{"family":"Tienne","version":"v20","lastModified":"2024-09-04","category":"serif","kind":"webfonts#webfont","menu":"https://fonts.gstatic.com/s/tienne/v20/AYCKpX7pe9YCRP07kUnD.ttf"},{"family":"Tillana","version":"v13","lastModified":"2024-09-04","category":"display","kind":"webfonts#webfont","menu":"https://fonts.gstatic.com/s/tillana/v13/VuJxdNvf35P4qJ1OSKfdPA.ttf"},{"family":"Tilt Neon","version":"v10","lastModified":"2024-09-04","category":"display","kind":"webfonts#webfont","menu":"https://fonts.gstatic.com/s/tiltneon/v10/E21L_d7gguXdwD9LEFY2WCeElCNtd-eBqpHp1TzrkJSmwpj5ndxquUK8UOI.ttf"},{"family":"Tilt Prism","version":"v11","lastModified":"2024-09-04","category":"display","kind":"webfonts#webfont","menu":"https://fonts.gstatic.com/s/tiltprism/v11/5h11iZgyPHoZ3YikNzWGfWey2dCAZXT-bH9V4VGn-FJ7tLI25oc_rIbAoD6v.ttf"},{"family":"Tilt Warp","version":"v12","lastModified":"2024-09-04","category":"display","kind":"webfonts#webfont","menu":"https://fonts.gstatic.com/s/tiltwarp/v12/AlZc_zVDs5XpmO7yn3w7flUoytXJp3z29uEwmEMLEJljLXvT8UJSZQBwC1M.ttf"},{"family":"Timmana","version":"v12","lastModified":"2024-08-12","category":"sans-serif","kind":"webfonts#webfont","menu":"https://fonts.gstatic.com/s/timmana/v12/6xKvdShfL9yK-rvpOmrRLA.ttf"},{"family":"Tinos","version":"v24","lastModified":"2024-09-04","category":"serif","kind":"webfonts#webfont","menu":"https://fonts.gstatic.com/s/tinos/v24/buE4poGnedXvwjX9fmE.ttf"},{"family":"Tiny5","version":"v3","lastModified":"2024-12-10","category":"sans-serif","kind":"webfonts#webfont","menu":"https://fonts.gstatic.com/s/tiny5/v3/KFOpCnmCvdGT7iw_xUw.ttf"},{"family":"Tiro Bangla","version":"v6","lastModified":"2024-09-04","category":"serif","kind":"webfonts#webfont","menu":"https://fonts.gstatic.com/s/tirobangla/v6/IFSgHe1Tm95E3O8b5i2V8PG880c.ttf"},{"family":"Tiro Devanagari Hindi","version":"v5","lastModified":"2024-09-04","category":"serif","kind":"webfonts#webfont","menu":"https://fonts.gstatic.com/s/tirodevanagarihindi/v5/55xyezN7P8T4e0_CfIJrwdodg9HoYw0i-M9vSeMK.ttf"},{"family":"Tiro Devanagari Marathi","version":"v5","lastModified":"2024-09-04","category":"serif","kind":"webfonts#webfont","menu":"https://fonts.gstatic.com/s/tirodevanagarimarathi/v5/fC1xPZBSZHrRhS3rd4M0MAPNJUHl4znXCxAkouDqBpI.ttf"},{"family":"Tiro Devanagari Sanskrit","version":"v5","lastModified":"2024-09-04","category":"serif","kind":"webfonts#webfont","menu":"https://fonts.gstatic.com/s/tirodevanagarisanskrit/v5/MCoAzBbr09vVUgVBM8FWu_yZdZkhkg-I0nUlb59ZE4su.ttf"},{"family":"Tiro Gurmukhi","version":"v6","lastModified":"2024-09-04","category":"serif","kind":"webfonts#webfont","menu":"https://fonts.gstatic.com/s/tirogurmukhi/v6/x3dmckXSYq-Uqjc048JUF7Jvpy_NBQ.ttf"},{"family":"Tiro Kannada","version":"v6","lastModified":"2024-09-04","category":"serif","kind":"webfonts#webfont","menu":"https://fonts.gstatic.com/s/tirokannada/v6/CSR44ztKmvqaDxEDJFY7CIY6SfN-.ttf"},{"family":"Tiro Tamil","version":"v10","lastModified":"2024-09-04","category":"serif","kind":"webfonts#webfont","menu":"https://fonts.gstatic.com/s/tirotamil/v10/m8JXjfVIf7OT22n3M-S_YLVlbg.ttf"},{"family":"Tiro Telugu","version":"v7","lastModified":"2024-09-04","category":"serif","kind":"webfonts#webfont","menu":"https://fonts.gstatic.com/s/tirotelugu/v7/aFTQ7PxlZWk2EPiSymjXdJSMSK0.ttf"},{"family":"Titan One","version":"v15","lastModified":"2024-09-04","category":"display","kind":"webfonts#webfont","menu":"https://fonts.gstatic.com/s/titanone/v15/mFTzWbsGxbbS_J5cQcjCkjgj.ttf"},{"family":"Titillium Web","version":"v17","lastModified":"2024-09-04","category":"sans-serif","kind":"webfonts#webfont","menu":"https://fonts.gstatic.com/s/titilliumweb/v17/NaPecZTIAOhVxoMyOr9n_E7fdMXmCA.ttf"},{"family":"Tomorrow","version":"v17","lastModified":"2024-09-04","category":"sans-serif","kind":"webfonts#webfont","menu":"https://fonts.gstatic.com/s/tomorrow/v17/WBLmrETNbFtZCeGqgRXUe2U.ttf"},{"family":"Tourney","version":"v13","lastModified":"2024-09-04","category":"display","kind":"webfonts#webfont","menu":"https://fonts.gstatic.com/s/tourney/v13/AlZa_ztDtYzv1tzq1wcJnbVt7xseomk-tNs7qrzTWbyt8n7GOQFCZDBx.ttf"},{"family":"Trade Winds","version":"v17","lastModified":"2024-09-04","category":"display","kind":"webfonts#webfont","menu":"https://fonts.gstatic.com/s/tradewinds/v17/AYCPpXPpYNIIT7h8-QenM0Jr5vY.ttf"},{"family":"Train One","version":"v14","lastModified":"2024-09-04","category":"display","kind":"webfonts#webfont","menu":"https://fonts.gstatic.com/s/trainone/v14/gyB-hwkiNtc6KnxUVjW3O6zd.ttf"},{"family":"Trirong","version":"v15","lastModified":"2024-09-04","category":"serif","kind":"webfonts#webfont","menu":"https://fonts.gstatic.com/s/trirong/v15/7r3GqXNgp8wxdOdOn40o3Q.ttf"},{"family":"Trispace","version":"v24","lastModified":"2024-09-04","category":"sans-serif","kind":"webfonts#webfont","menu":"https://fonts.gstatic.com/s/trispace/v24/Yq65-LKSQC3o56LxxgRrtA6yBqsrXL5GI5KI-IUZVGsxWFIlbH9rkQh-yA.ttf"},{"family":"Trocchi","version":"v17","lastModified":"2024-09-04","category":"serif","kind":"webfonts#webfont","menu":"https://fonts.gstatic.com/s/trocchi/v17/qWcqB6WkuIDxDZLcPrpeuA.ttf"},{"family":"Trochut","version":"v22","lastModified":"2024-09-04","category":"display","kind":"webfonts#webfont","menu":"https://fonts.gstatic.com/s/trochut/v22/CHyjV-fDDlP9bDIw1nWCeQ.ttf"},{"family":"Truculenta","version":"v22","lastModified":"2024-09-04","category":"sans-serif","kind":"webfonts#webfont","menu":"https://fonts.gstatic.com/s/truculenta/v22/LhWfMVvBKusVIfNYGi1-WvRVyDdZeeiySNppcu32Mb2f06y6Oa21F6XHi0VYDX_PzOupMlAigwYPGg.ttf"},{"family":"Trykker","version":"v21","lastModified":"2024-09-04","category":"serif","kind":"webfonts#webfont","menu":"https://fonts.gstatic.com/s/trykker/v21/KtktALyWZJXudUPztNjiPQ.ttf"},{"family":"Tsukimi Rounded","version":"v11","lastModified":"2024-08-07","category":"sans-serif","kind":"webfonts#webfont","menu":"https://fonts.gstatic.com/s/tsukimirounded/v11/sJoc3LJNksWZO0LvnZwkF3HtoB7dPHkK.ttf"},{"family":"Tulpen One","version":"v25","lastModified":"2024-09-04","category":"display","kind":"webfonts#webfont","menu":"https://fonts.gstatic.com/s/tulpenone/v25/dFa6ZfeC474skLgesc0Cajw6-A.ttf"},{"family":"Turret Road","version":"v9","lastModified":"2024-09-04","category":"display","kind":"webfonts#webfont","menu":"https://fonts.gstatic.com/s/turretroad/v9/pxiAypMgpcBFjE84Zv-fE0tEMPc.ttf"},{"family":"Twinkle Star","version":"v6","lastModified":"2024-09-04","category":"handwriting","kind":"webfonts#webfont","menu":"https://fonts.gstatic.com/s/twinklestar/v6/pe0pMI6IL4dPoFl9LGEmY6WqAv5q.ttf"},{"family":"Ubuntu","version":"v20","lastModified":"2024-09-04","category":"sans-serif","kind":"webfonts#webfont","menu":"https://fonts.gstatic.com/s/ubuntu/v20/4iCs6KVjbNBYlgoKeQ7z.ttf"},{"family":"Ubuntu Condensed","version":"v16","lastModified":"2024-09-04","category":"sans-serif","kind":"webfonts#webfont","menu":"https://fonts.gstatic.com/s/ubuntucondensed/v16/u-4k0rCzjgs5J7oXnJcM_0kACGMtT-bfrg.ttf"},{"family":"Ubuntu Mono","version":"v17","lastModified":"2024-09-04","category":"monospace","kind":"webfonts#webfont","menu":"https://fonts.gstatic.com/s/ubuntumono/v17/KFOjCneDtsqEr0keqCMhbCc8CsE.ttf"},{"family":"Ubuntu Sans","version":"v2","lastModified":"2024-09-04","category":"sans-serif","kind":"webfonts#webfont","menu":"https://fonts.gstatic.com/s/ubuntusans/v2/co3omWd6mSRtB7_9UaLWwJnCq5ALePfPu1tPcW235R53LqrCPWbujzt6OfuBUA.ttf"},{"family":"Ubuntu Sans Mono","version":"v1","lastModified":"2024-09-04","category":"monospace","kind":"webfonts#webfont","menu":"https://fonts.gstatic.com/s/ubuntusansmono/v1/jVyc7mzgBHrR5yE7ZyRg0QRJMKI4zAbgjc1t-pKe27Ev_nYQgKM.ttf"},{"family":"Uchen","version":"v9","lastModified":"2024-09-04","category":"serif","kind":"webfonts#webfont","menu":"https://fonts.gstatic.com/s/uchen/v9/nKKZ-GokGZ1baLaTGwU.ttf"},{"family":"Ultra","version":"v24","lastModified":"2024-11-20","category":"serif","kind":"webfonts#webfont","menu":"https://fonts.gstatic.com/s/ultra/v24/zOLy4prXmrtY-uT7wrc.ttf"},{"family":"Unbounded","version":"v8","lastModified":"2024-09-30","category":"sans-serif","kind":"webfonts#webfont","menu":"https://fonts.gstatic.com/s/unbounded/v8/Yq6F-LOTXCb04q32xlpat-6uR42XTqtG6xjx44zNhA.ttf"},{"family":"Uncial Antiqua","version":"v21","lastModified":"2024-11-20","category":"display","kind":"webfonts#webfont","menu":"https://fonts.gstatic.com/s/uncialantiqua/v21/N0bM2S5WOex4OUbESzoESK-i-MfQQZE.ttf"},{"family":"Underdog","version":"v23","lastModified":"2024-09-04","category":"display","kind":"webfonts#webfont","menu":"https://fonts.gstatic.com/s/underdog/v23/CHygV-jCElj7diMroWSjWVo.ttf"},{"family":"Unica One","version":"v18","lastModified":"2024-09-04","category":"display","kind":"webfonts#webfont","menu":"https://fonts.gstatic.com/s/unicaone/v18/DPEuYwWHyAYGVTSmalsRd93b.ttf"},{"family":"UnifrakturCook","version":"v23","lastModified":"2024-09-04","category":"display","kind":"webfonts#webfont","menu":"https://fonts.gstatic.com/s/unifrakturcook/v23/IurA6Yli8YOdcoky-0PTTdkm56n05Xw01oY.ttf"},{"family":"UnifrakturMaguntia","version":"v20","lastModified":"2024-09-04","category":"display","kind":"webfonts#webfont","menu":"https://fonts.gstatic.com/s/unifrakturmaguntia/v20/WWXPlieVYwiGNomYU-ciRLRvEmK7oaVenmZJ.ttf"},{"family":"Unkempt","version":"v21","lastModified":"2024-09-04","category":"display","kind":"webfonts#webfont","menu":"https://fonts.gstatic.com/s/unkempt/v21/2EbnL-Z2DFZue0DSeYcV9w.ttf"},{"family":"Unlock","version":"v26","lastModified":"2024-09-04","category":"display","kind":"webfonts#webfont","menu":"https://fonts.gstatic.com/s/unlock/v26/7Au-p_8ykD-cDl72KQLW.ttf"},{"family":"Unna","version":"v23","lastModified":"2024-09-04","category":"serif","kind":"webfonts#webfont","menu":"https://fonts.gstatic.com/s/unna/v23/AYCEpXzofN0NOpkLkA.ttf"},{"family":"Updock","version":"v5","lastModified":"2024-09-04","category":"handwriting","kind":"webfonts#webfont","menu":"https://fonts.gstatic.com/s/updock/v5/nuF4D_3dVZ70UI9ijbiz.ttf"},{"family":"Urbanist","version":"v15","lastModified":"2024-09-04","category":"sans-serif","kind":"webfonts#webfont","menu":"https://fonts.gstatic.com/s/urbanist/v15/L0xjDF02iFML4hGCyOCpRdycFsGxSrqDyx4vF5mv.ttf"},{"family":"Vampiro One","version":"v18","lastModified":"2024-09-04","category":"display","kind":"webfonts#webfont","menu":"https://fonts.gstatic.com/s/vampiroone/v18/gokqH6DoDl5yXvJytFsdLnqmuPw.ttf"},{"family":"Varela","version":"v16","lastModified":"2024-09-04","category":"sans-serif","kind":"webfonts#webfont","menu":"https://fonts.gstatic.com/s/varela/v16/DPEtYwqExx0AWHX5BR4B.ttf"},{"family":"Varela Round","version":"v20","lastModified":"2024-09-04","category":"sans-serif","kind":"webfonts#webfont","menu":"https://fonts.gstatic.com/s/varelaround/v20/w8gdH283Tvk__Lua32TysjIfocuK.ttf"},{"family":"Varta","version":"v21","lastModified":"2024-09-04","category":"sans-serif","kind":"webfonts#webfont","menu":"https://fonts.gstatic.com/s/varta/v21/Qw3AZQpJHj_6LzHUngWbrFkDH1x9tD40i7s6.ttf"},{"family":"Vast Shadow","version":"v19","lastModified":"2024-09-04","category":"serif","kind":"webfonts#webfont","menu":"https://fonts.gstatic.com/s/vastshadow/v19/pe0qMImKOZ1V62ZwbVY9dce7I94.ttf"},{"family":"Vazirmatn","version":"v13","lastModified":"2024-09-04","category":"sans-serif","kind":"webfonts#webfont","menu":"https://fonts.gstatic.com/s/vazirmatn/v13/Dxx78j6PP2D_kU2muijPEe1n2vVbfJRklWgzCRaT6w.ttf"},{"family":"Vesper Libre","version":"v19","lastModified":"2024-09-04","category":"serif","kind":"webfonts#webfont","menu":"https://fonts.gstatic.com/s/vesperlibre/v19/bx6CNxyWnf-uxPdXDHUD_RdIDkWJ.ttf"},{"family":"Viaoda Libre","version":"v18","lastModified":"2024-09-04","category":"display","kind":"webfonts#webfont","menu":"https://fonts.gstatic.com/s/viaodalibre/v18/vEFW2_lWCgoR6OKuRz9kcRV5bmgc.ttf"},{"family":"Vibes","version":"v14","lastModified":"2024-09-04","category":"display","kind":"webfonts#webfont","menu":"https://fonts.gstatic.com/s/vibes/v14/QdVYSTsmIB6tmYd2FJI.ttf"},{"family":"Vibur","version":"v23","lastModified":"2024-09-04","category":"handwriting","kind":"webfonts#webfont","menu":"https://fonts.gstatic.com/s/vibur/v23/DPEiYwmEzw0QRgToJD4.ttf"},{"family":"Victor Mono","version":"v3","lastModified":"2024-09-04","category":"monospace","kind":"webfonts#webfont","menu":"https://fonts.gstatic.com/s/victormono/v3/Yq6H-LGQWyfv-LGy7lEO09xRn-T81AVB_tCyO879hdaK.ttf"},{"family":"Vidaloka","version":"v18","lastModified":"2024-09-04","category":"serif","kind":"webfonts#webfont","menu":"https://fonts.gstatic.com/s/vidaloka/v18/7cHrv4c3ipenMKlEavs9wHo.ttf"},{"family":"Viga","version":"v14","lastModified":"2024-09-04","category":"sans-serif","kind":"webfonts#webfont","menu":"https://fonts.gstatic.com/s/viga/v14/xMQbuFFdSaiXzQMpCw.ttf"},{"family":"Vina Sans","version":"v6","lastModified":"2024-09-04","category":"display","kind":"webfonts#webfont","menu":"https://fonts.gstatic.com/s/vinasans/v6/m8JQjfZKf6-d2273MP7DcZRF.ttf"},{"family":"Voces","version":"v22","lastModified":"2024-09-04","category":"sans-serif","kind":"webfonts#webfont","menu":"https://fonts.gstatic.com/s/voces/v22/-F6_fjJyLyU8d7PADmo.ttf"},{"family":"Volkhov","version":"v17","lastModified":"2024-09-04","category":"serif","kind":"webfonts#webfont","menu":"https://fonts.gstatic.com/s/volkhov/v17/SlGQmQieoJcKemNecTMEgA.ttf"},{"family":"Vollkorn","version":"v27","lastModified":"2024-09-30","category":"serif","kind":"webfonts#webfont","menu":"https://fonts.gstatic.com/s/vollkorn/v27/0ybgGDoxxrvAnPhYGzMlQLzuMasz6Df2MHGeGGmZ.ttf"},{"family":"Vollkorn SC","version":"v11","lastModified":"2024-09-04","category":"serif","kind":"webfonts#webfont","menu":"https://fonts.gstatic.com/s/vollkornsc/v11/j8_v6-zQ3rXpceZj9cqnViF4Pns.ttf"},{"family":"Voltaire","version":"v21","lastModified":"2024-09-04","category":"sans-serif","kind":"webfonts#webfont","menu":"https://fonts.gstatic.com/s/voltaire/v21/1Pttg8PcRfSblAvGvTopaqE.ttf"},{"family":"VT323","version":"v17","lastModified":"2024-09-04","category":"monospace","kind":"webfonts#webfont","menu":"https://fonts.gstatic.com/s/vt323/v17/pxiKyp0ihIEF2isZFJA.ttf"},{"family":"Vujahday Script","version":"v8","lastModified":"2024-09-04","category":"handwriting","kind":"webfonts#webfont","menu":"https://fonts.gstatic.com/s/vujahdayscript/v8/RWmQoKGA8fEkrIPtSZ3_J7er2dUSDUFr.ttf"},{"family":"Waiting for the Sunrise","version":"v21","lastModified":"2024-11-20","category":"handwriting","kind":"webfonts#webfont","menu":"https://fonts.gstatic.com/s/waitingforthesunrise/v21/WBL1rFvOYl9CEv2i1mO6KUW8RKWJ2zoXoz5JsbZR_Bs.ttf"},{"family":"Wallpoet","version":"v20","lastModified":"2024-09-04","category":"display","kind":"webfonts#webfont","menu":"https://fonts.gstatic.com/s/wallpoet/v20/f0X10em2_8RnXVVdUObv58E.ttf"},{"family":"Walter Turncoat","version":"v23","lastModified":"2024-09-04","category":"handwriting","kind":"webfonts#webfont","menu":"https://fonts.gstatic.com/s/walterturncoat/v23/snfys0Gs98ln43n0d-14ULoToe6LYReZ.ttf"},{"family":"Warnes","version":"v27","lastModified":"2024-09-04","category":"display","kind":"webfonts#webfont","menu":"https://fonts.gstatic.com/s/warnes/v27/pONn1hc0GsW6sW5-pyqy.ttf"},{"family":"Water Brush","version":"v4","lastModified":"2024-09-04","category":"handwriting","kind":"webfonts#webfont","menu":"https://fonts.gstatic.com/s/waterbrush/v4/AYCPpXPqc8cJWLhp4hywKEJr5vY.ttf"},{"family":"Waterfall","version":"v6","lastModified":"2024-09-04","category":"handwriting","kind":"webfonts#webfont","menu":"https://fonts.gstatic.com/s/waterfall/v6/MCoRzAfo293fACdFKcwo27v4.ttf"},{"family":"Wavefont","version":"v12","lastModified":"2024-11-14","category":"display","kind":"webfonts#webfont","menu":"https://fonts.gstatic.com/s/wavefont/v12/L0xFDF00m0cP6hefyOCpRezQNuizSrqDyx8FHbFu21B3L4m0SEzuQYwq-f_JJ8I1WI3V04DGVq8.ttf"},{"family":"Wellfleet","version":"v23","lastModified":"2024-09-04","category":"serif","kind":"webfonts#webfont","menu":"https://fonts.gstatic.com/s/wellfleet/v23/nuF7D_LfQJb3VYgX6eyj4myP.ttf"},{"family":"Wendy One","version":"v18","lastModified":"2024-09-04","category":"sans-serif","kind":"webfonts#webfont","menu":"https://fonts.gstatic.com/s/wendyone/v18/2sDcZGJOipXfgfXV5wgzbmW8.ttf"},{"family":"Whisper","version":"v5","lastModified":"2024-09-04","category":"handwriting","kind":"webfonts#webfont","menu":"https://fonts.gstatic.com/s/whisper/v5/q5uHsoqtKftx74K9qihIAw.ttf"},{"family":"WindSong","version":"v11","lastModified":"2024-09-04","category":"handwriting","kind":"webfonts#webfont","menu":"https://fonts.gstatic.com/s/windsong/v11/KR1WBsyu-P-GFEW57o94F9U.ttf"},{"family":"Wire One","version":"v28","lastModified":"2024-09-04","category":"sans-serif","kind":"webfonts#webfont","menu":"https://fonts.gstatic.com/s/wireone/v28/qFdH35Wah5htUhV75VGjU94.ttf"},{"family":"Wittgenstein","version":"v2","lastModified":"2024-09-04","category":"serif","kind":"webfonts#webfont","menu":"https://fonts.gstatic.com/s/wittgenstein/v2/WBL3rEDOakJCHParhXGwMgvyJ8hdWNLC1kI61G4TzBrxYw.ttf"},{"family":"Wix Madefor Display","version":"v10","lastModified":"2024-09-04","category":"sans-serif","kind":"webfonts#webfont","menu":"https://fonts.gstatic.com/s/wixmadefordisplay/v10/SZcS3EX9IbbyeJ8aOluD52KXgUA_7Ed1I13G853Cp9duUYFhYmtltfk.ttf"},{"family":"Wix Madefor Text","version":"v13","lastModified":"2024-09-04","category":"sans-serif","kind":"webfonts#webfont","menu":"https://fonts.gstatic.com/s/wixmadefortext/v13/-W_oXI_oSymQ8Qj-Apx3HGN_Hu1RTCk5FtSDETgf0cK_NNeEiJA.ttf"},{"family":"Work Sans","version":"v19","lastModified":"2024-09-04","category":"sans-serif","kind":"webfonts#webfont","menu":"https://fonts.gstatic.com/s/worksans/v19/QGY_z_wNahGAdqQ43RhVcIgYT2Xz5u32K0nXBikJow.ttf"},{"family":"Workbench","version":"v1","lastModified":"2024-09-04","category":"monospace","kind":"webfonts#webfont","menu":"https://fonts.gstatic.com/s/workbench/v1/FeV8S05Gp6Et7FcfbPFK1rynGd_MxtkvNFmoUDFhgF2VKTGQk6vapeOK2mY.ttf"},{"family":"Xanh Mono","version":"v18","lastModified":"2024-09-04","category":"monospace","kind":"webfonts#webfont","menu":"https://fonts.gstatic.com/s/xanhmono/v18/R70YjykVmvKCep-vWhSomQqU.ttf"},{"family":"Yaldevi","version":"v12","lastModified":"2024-09-04","category":"sans-serif","kind":"webfonts#webfont","menu":"https://fonts.gstatic.com/s/yaldevi/v12/cY9afj6VW0NMrDWtDNzCOwlPMq9SLpdxJwvpZRY.ttf"},{"family":"Yanone Kaffeesatz","version":"v30","lastModified":"2024-09-04","category":"sans-serif","kind":"webfonts#webfont","menu":"https://fonts.gstatic.com/s/yanonekaffeesatz/v30/3y9I6aknfjLm_3lMKjiMgmUUYBs04aUXNxt9gW2LIfto9tWZcWGP.ttf"},{"family":"Yantramanav","version":"v13","lastModified":"2024-09-04","category":"sans-serif","kind":"webfonts#webfont","menu":"https://fonts.gstatic.com/s/yantramanav/v13/flU8Rqu5zY00QEpyWJYWN5f1XeM.ttf"},{"family":"Yarndings 12","version":"v2","lastModified":"2024-08-12","category":"display","kind":"webfonts#webfont","menu":"https://fonts.gstatic.com/s/yarndings12/v2/55xreyp2N8T5P2LJbZAlkY9s8JjI.ttf"},{"family":"Yarndings 12 Charted","version":"v2","lastModified":"2024-08-12","category":"display","kind":"webfonts#webfont","menu":"https://fonts.gstatic.com/s/yarndings12charted/v2/eLGDP_DlKhO-DUfeqM4I_vDdJgmIh7hAvsbI2Ns.ttf"},{"family":"Yarndings 20","version":"v2","lastModified":"2024-08-12","category":"display","kind":"webfonts#webfont","menu":"https://fonts.gstatic.com/s/yarndings20/v2/TuGWUVlkUohEQu8l7K8b-vN1BnUw.ttf"},{"family":"Yarndings 20 Charted","version":"v2","lastModified":"2024-08-12","category":"display","kind":"webfonts#webfont","menu":"https://fonts.gstatic.com/s/yarndings20charted/v2/QldRNSdbpg0G8vh0W2qxe0l-hcUPtY2VaIQn60A.ttf"},{"family":"Yatra One","version":"v14","lastModified":"2024-09-04","category":"display","kind":"webfonts#webfont","menu":"https://fonts.gstatic.com/s/yatraone/v14/C8ch4copsHzj8p7NaF0BwlmF.ttf"},{"family":"Yellowtail","version":"v23","lastModified":"2024-11-20","category":"handwriting","kind":"webfonts#webfont","menu":"https://fonts.gstatic.com/s/yellowtail/v23/OZpGg_pnoDtINPfRIlLohl3HxA.ttf"},{"family":"Yeon Sung","version":"v21","lastModified":"2024-08-12","category":"display","kind":"webfonts#webfont","menu":"https://fonts.gstatic.com/s/yeonsung/v21/QldMNTpbohAGtsJvUn6BSFle.ttf"},{"family":"Yeseva One","version":"v22","lastModified":"2024-09-04","category":"display","kind":"webfonts#webfont","menu":"https://fonts.gstatic.com/s/yesevaone/v22/OpNJno4ck8vc-xYpwWWxlitVXg.ttf"},{"family":"Yesteryear","version":"v19","lastModified":"2024-11-20","category":"handwriting","kind":"webfonts#webfont","menu":"https://fonts.gstatic.com/s/yesteryear/v19/dg4g_p78rroaKl8kRKo1n70NSw.ttf"},{"family":"Yomogi","version":"v12","lastModified":"2024-08-07","category":"handwriting","kind":"webfonts#webfont","menu":"https://fonts.gstatic.com/s/yomogi/v12/VuJwdNrS2ZL7rpo_WYb9.ttf"},{"family":"Young Serif","version":"v2","lastModified":"2024-09-04","category":"serif","kind":"webfonts#webfont","menu":"https://fonts.gstatic.com/s/youngserif/v2/3qTpojO2nS2VtkB3KtkQZ1t73kM.ttf"},{"family":"Yrsa","version":"v20","lastModified":"2024-09-04","category":"serif","kind":"webfonts#webfont","menu":"https://fonts.gstatic.com/s/yrsa/v20/wlprgwnQFlxs_wD3CFSMYmFaaCieSONU_LA.ttf"},{"family":"Ysabeau","version":"v2","lastModified":"2024-09-04","category":"sans-serif","kind":"webfonts#webfont","menu":"https://fonts.gstatic.com/s/ysabeau/v2/kmKiZqEiBAXLcnuMvjZNI_5FGeJet7OWCAYxKcU.ttf"},{"family":"Ysabeau Infant","version":"v2","lastModified":"2024-09-04","category":"sans-serif","kind":"webfonts#webfont","menu":"https://fonts.gstatic.com/s/ysabeauinfant/v2/hv-ClzpqOkkV94kBTQVdX1EWI9B0V-HEmd9JmTQYFo83Kpql.ttf"},{"family":"Ysabeau Office","version":"v2","lastModified":"2024-09-04","category":"sans-serif","kind":"webfonts#webfont","menu":"https://fonts.gstatic.com/s/ysabeauoffice/v2/LDImapaZKhM9RuQIp8FmdYrPPNjFm07hbpKNlPPbh6MvYC3t.ttf"},{"family":"Ysabeau SC","version":"v2","lastModified":"2024-09-04","category":"sans-serif","kind":"webfonts#webfont","menu":"https://fonts.gstatic.com/s/ysabeausc/v2/Noai6Uro3JCIKAbW46nMorJZyP7kKRflbw98UmqFbYU.ttf"},{"family":"Yuji Boku","version":"v6","lastModified":"2024-09-04","category":"serif","kind":"webfonts#webfont","menu":"https://fonts.gstatic.com/s/yujiboku/v6/P5sAzZybeNzXsA9xj1FUjLev.ttf"},{"family":"Yuji Hentaigana Akari","version":"v12","lastModified":"2024-08-07","category":"handwriting","kind":"webfonts#webfont","menu":"https://fonts.gstatic.com/s/yujihentaiganaakari/v12/cY9bfiyVT0VB6QuhWKOrpr6z58lnb_zYFnL4RDbK.ttf"},{"family":"Yuji Hentaigana Akebono","version":"v13","lastModified":"2024-08-07","category":"handwriting","kind":"webfonts#webfont","menu":"https://fonts.gstatic.com/s/yujihentaiganaakebono/v13/EJRGQhkhRNwM-RtitGUwh930GU_f5KAlkuL0wTy8PqE.ttf"},{"family":"Yuji Mai","version":"v6","lastModified":"2024-09-04","category":"serif","kind":"webfonts#webfont","menu":"https://fonts.gstatic.com/s/yujimai/v6/ZgNQjPxdJ7DEHrS0gB39jGU.ttf"},{"family":"Yuji Syuku","version":"v6","lastModified":"2024-09-04","category":"serif","kind":"webfonts#webfont","menu":"https://fonts.gstatic.com/s/yujisyuku/v6/BngNUXdTV3vO6Lw5ApOPmPbqxg.ttf"},{"family":"Yusei Magic","version":"v14","lastModified":"2024-09-04","category":"sans-serif","kind":"webfonts#webfont","menu":"https://fonts.gstatic.com/s/yuseimagic/v14/yYLt0hbAyuCmoo5wlhPkpgHQ8NM.ttf"},{"family":"Zain","version":"v3","lastModified":"2024-11-20","category":"sans-serif","kind":"webfonts#webfont","menu":"https://fonts.gstatic.com/s/zain/v3/syk8-y9lm7soMNPNlQ.ttf"},{"family":"ZCOOL KuaiLe","version":"v19","lastModified":"2024-08-12","category":"sans-serif","kind":"webfonts#webfont","menu":"https://fonts.gstatic.com/s/zcoolkuaile/v19/tssqApdaRQokwFjFJjvM6h2mp4b3.ttf"},{"family":"ZCOOL QingKe HuangYou","version":"v15","lastModified":"2024-08-12","category":"sans-serif","kind":"webfonts#webfont","menu":"https://fonts.gstatic.com/s/zcoolqingkehuangyou/v15/2Eb5L_R5IXJEWhD3AOhSvFC554MOOahI4mR4ive4.ttf"},{"family":"ZCOOL XiaoWei","version":"v14","lastModified":"2024-08-12","category":"sans-serif","kind":"webfonts#webfont","menu":"https://fonts.gstatic.com/s/zcoolxiaowei/v14/i7dMIFFrTRywPpUVX9_RJyM1UFOaGw.ttf"},{"family":"Zen Antique","version":"v13","lastModified":"2024-08-07","category":"serif","kind":"webfonts#webfont","menu":"https://fonts.gstatic.com/s/zenantique/v13/AYCPpXPnd91Ma_Zf-Ri2JUJr5vY.ttf"},{"family":"Zen Antique Soft","version":"v13","lastModified":"2024-08-07","category":"serif","kind":"webfonts#webfont","menu":"https://fonts.gstatic.com/s/zenantiquesoft/v13/DtV4JwqzSL1q_KwnEWMc_3xfgW6itwFslg.ttf"},{"family":"Zen Dots","version":"v12","lastModified":"2024-09-04","category":"display","kind":"webfonts#webfont","menu":"https://fonts.gstatic.com/s/zendots/v12/XRXX3ICfm00IGoesQdaFRss.ttf"},{"family":"Zen Kaku Gothic Antique","version":"v16","lastModified":"2024-08-07","category":"sans-serif","kind":"webfonts#webfont","menu":"https://fonts.gstatic.com/s/zenkakugothicantique/v16/6qLQKYkHvh-nlUpKPAdoVFBtfxDzIn1eCzpB22-h1xY.ttf"},{"family":"Zen Kaku Gothic New","version":"v16","lastModified":"2024-08-07","category":"sans-serif","kind":"webfonts#webfont","menu":"https://fonts.gstatic.com/s/zenkakugothicnew/v16/gNMYW2drQpDw0GjzrVNFf_valaDBcznOojpoSQ.ttf"},{"family":"Zen Kurenaido","version":"v17","lastModified":"2024-08-07","category":"sans-serif","kind":"webfonts#webfont","menu":"https://fonts.gstatic.com/s/zenkurenaido/v17/3XFsEr0515BK2u6UUptu_gWJVf383A.ttf"},{"family":"Zen Loop","version":"v9","lastModified":"2024-09-04","category":"display","kind":"webfonts#webfont","menu":"https://fonts.gstatic.com/s/zenloop/v9/h0GrssK16UsnJwHsEJ9yoQg.ttf"},{"family":"Zen Maru Gothic","version":"v17","lastModified":"2024-08-07","category":"sans-serif","kind":"webfonts#webfont","menu":"https://fonts.gstatic.com/s/zenmarugothic/v17/o-0SIpIxzW5b-RxT-6A8jWAtCp-U7Ehi.ttf"},{"family":"Zen Old Mincho","version":"v12","lastModified":"2024-08-07","category":"serif","kind":"webfonts#webfont","menu":"https://fonts.gstatic.com/s/zenoldmincho/v12/tss0ApVaYytLwxTqcxfMyBveybb2iXk.ttf"},{"family":"Zen Tokyo Zoo","version":"v7","lastModified":"2024-09-04","category":"display","kind":"webfonts#webfont","menu":"https://fonts.gstatic.com/s/zentokyozoo/v7/NGSyv5ffC0J_BK6aFNtr6sRvwaxkQQ.ttf"},{"family":"Zeyada","version":"v20","lastModified":"2024-11-20","category":"handwriting","kind":"webfonts#webfont","menu":"https://fonts.gstatic.com/s/zeyada/v20/11hAGpPTxVPUbgZzNWyp.ttf"},{"family":"Zhi Mang Xing","version":"v17","lastModified":"2024-08-12","category":"handwriting","kind":"webfonts#webfont","menu":"https://fonts.gstatic.com/s/zhimangxing/v17/f0Xw0ey79sErYFtWQ9a2rq-g4aYneQ.ttf"},{"family":"Zilla Slab","version":"v11","lastModified":"2024-09-04","category":"serif","kind":"webfonts#webfont","menu":"https://fonts.gstatic.com/s/zillaslab/v11/dFa6ZfeM_74wlPZtksIFajw6-A.ttf"},{"family":"Zilla Slab Highlight","version":"v19","lastModified":"2024-09-04","category":"serif","kind":"webfonts#webfont","menu":"https://fonts.gstatic.com/s/zillaslabhighlight/v19/gNMbW2BrTpK8-inLtBJgMMfbm6uNVDvRxitJaWQ.ttf"}]
    Forwarded URL = null
   Redirected URL = null
          Cookies = []
]]></system-out>
  </testcase>
  <testcase name="equalsData" classname="it.unipi.Wikifont.WikifontApplicationTests" time="0.282">
    <system-out><![CDATA[
MockHttpServletRequest:
      HTTP Method = GET
      Request URI = /font/all
       Parameters = {}
          Headers = [Accept:"application/json"]
             Body = null
    Session Attrs = {}

Handler:
             Type = it.unipi.Wikifont.MainController
           Method = it.unipi.Wikifont.MainController#getAllFonts()

Async:
    Async started = false
     Async result = null

Resolved Exception:
             Type = null

ModelAndView:
        View name = null
             View = null
            Model = null

FlashMap:
       Attributes = null

MockHttpServletResponse:
           Status = 200
    Error message = null
          Headers = [Content-Type:"application/json"]
     Content type = application/json
             Body = [{"family":"ABeeZee","version":"v22","lastModified":"2024-09-04","category":"sans-serif","kind":"webfonts#webfont","menu":"https://fonts.gstatic.com/s/abeezee/v22/esDR31xSG-6AGleN2tOklQ.ttf"},{"family":"Abel","version":"v18","lastModified":"2024-09-04","category":"sans-serif","kind":"webfonts#webfont","menu":"https://fonts.gstatic.com/s/abel/v18/MwQ5bhbm2POE2VlBOA.ttf"},{"family":"Abhaya Libre","version":"v17","lastModified":"2024-09-04","category":"serif","kind":"webfonts#webfont","menu":"https://fonts.gstatic.com/s/abhayalibre/v17/e3tmeuGtX-Co5MNzeAOqinEQeknS.ttf"},{"family":"Aboreto","version":"v2","lastModified":"2024-09-04","category":"display","kind":"webfonts#webfont","menu":"https://fonts.gstatic.com/s/aboreto/v2/5DCXAKLhwDDQ4N8bpKXUBw.ttf"},{"family":"Abril Fatface","version":"v23","lastModified":"2024-09-04","category":"display","kind":"webfonts#webfont","menu":"https://fonts.gstatic.com/s/abrilfatface/v23/zOL64pLDlL1D99S8g8PtiKchq-FmiA.ttf"},{"family":"Abyssinica SIL","version":"v8","lastModified":"2024-11-20","category":"serif","kind":"webfonts#webfont","menu":"https://fonts.gstatic.com/s/abyssinicasil/v8/oY1H8ezOqK7iI3rK_45WKoc8J5UYDlc.ttf"},{"family":"Aclonica","version":"v23","lastModified":"2024-11-20","category":"sans-serif","kind":"webfonts#webfont","menu":"https://fonts.gstatic.com/s/aclonica/v23/K2FyfZJVlfNNSEBXGY7SAoo.ttf"},{"family":"Acme","version":"v25","lastModified":"2024-09-04","category":"sans-serif","kind":"webfonts#webfont","menu":"https://fonts.gstatic.com/s/acme/v25/RrQfboBx-C5_XxzBaw.ttf"},{"family":"Actor","version":"v17","lastModified":"2024-09-04","category":"sans-serif","kind":"webfonts#webfont","menu":"https://fonts.gstatic.com/s/actor/v17/wEOzEBbCkc5cO0elVSw.ttf"},{"family":"Adamina","version":"v21","lastModified":"2024-09-04","category":"serif","kind":"webfonts#webfont","menu":"https://fonts.gstatic.com/s/adamina/v21/j8_r6-DH1bjoc-dwi-vUFQ.ttf"},{"family":"ADLaM Display","version":"v1","lastModified":"2024-09-04","category":"display","kind":"webfonts#webfont","menu":"https://fonts.gstatic.com/s/adlamdisplay/v1/KFOhCnGXkPOLlhx6jD8_b1ZEOsDSlQ.ttf"},{"family":"Advent Pro","version":"v28","lastModified":"2024-09-04","category":"sans-serif","kind":"webfonts#webfont","menu":"https://fonts.gstatic.com/s/adventpro/v28/V8mqoQfxVT4Dvddr_yOwrzaFxV7JtdQgFqXdUAQrGp_zgX5sWCpLQyN_TZAs.ttf"},{"family":"Afacad","version":"v1","lastModified":"2024-09-04","category":"sans-serif","kind":"webfonts#webfont","menu":"https://fonts.gstatic.com/s/afacad/v1/6NUK8FKMIQOGaw6wjYT7ZHG_zsBBfhXtamE-9g.ttf"},{"family":"Afacad Flux","version":"v2","lastModified":"2024-11-07","category":"sans-serif","kind":"webfonts#webfont","menu":"https://fonts.gstatic.com/s/afacadflux/v2/9oRgNYYQryMlneUPykRmTuH4ET0fri4I5rJVT_CWHKDZnskVK5edsUwXVaVgRg.ttf"},{"family":"Agdasima","version":"v4","lastModified":"2024-09-04","category":"sans-serif","kind":"webfonts#webfont","menu":"https://fonts.gstatic.com/s/agdasima/v4/PN_zRfyxp2f1fUCgAPg7pTw.ttf"},{"family":"Agu Display","version":"v1","lastModified":"2024-12-10","category":"display","kind":"webfonts#webfont","menu":"https://fonts.gstatic.com/s/agudisplay/v1/iJWXBXKbbi6BeMC1_RX7qF_V5E7aciGRRWUwX4fdkKVP.ttf"},{"family":"Aguafina Script","version":"v22","lastModified":"2024-09-04","category":"handwriting","kind":"webfonts#webfont","menu":"https://fonts.gstatic.com/s/aguafinascript/v22/If2QXTv_ZzSxGIO30LemWEOmt1b3q8Qt.ttf"},{"family":"Akatab","version":"v7","lastModified":"2024-09-04","category":"sans-serif","kind":"webfonts#webfont","menu":"https://fonts.gstatic.com/s/akatab/v7/VuJwdNrK3Z7gqJE_WYb9.ttf"},{"family":"Akaya Kanadaka","version":"v16","lastModified":"2024-09-04","category":"display","kind":"webfonts#webfont","menu":"https://fonts.gstatic.com/s/akayakanadaka/v16/N0bM2S5CPO5oOQqvazoRRb-8-MfQQZE.ttf"},{"family":"Akaya Telivigala","version":"v27","lastModified":"2024-11-20","category":"display","kind":"webfonts#webfont","menu":"https://fonts.gstatic.com/s/akayatelivigala/v27/lJwc-oo_iG9wXqU3rCTD395tp0uiTdPXtA.ttf"},{"family":"Akronim","version":"v23","lastModified":"2024-09-04","category":"display","kind":"webfonts#webfont","menu":"https://fonts.gstatic.com/s/akronim/v23/fdN-9sqWtWZZlHRpygF7lA.ttf"},{"family":"Akshar","version":"v14","lastModified":"2024-12-04","category":"sans-serif","kind":"webfonts#webfont","menu":"https://fonts.gstatic.com/s/akshar/v14/Yq6I-LyHWTfz9rGoqDaUbHvhkAUsSXYF-9GS8w.ttf"},{"family":"Aladin","version":"v24","lastModified":"2024-09-04","category":"display","kind":"webfonts#webfont","menu":"https://fonts.gstatic.com/s/aladin/v24/ZgNSjPJFPrvJV5fF6C38.ttf"},{"family":"Alata","version":"v11","lastModified":"2024-09-30","category":"sans-serif","kind":"webfonts#webfont","menu":"https://fonts.gstatic.com/s/alata/v11/PbytFmztEwbIoce7zqM.ttf"},{"family":"Alatsi","version":"v13","lastModified":"2024-09-04","category":"sans-serif","kind":"webfonts#webfont","menu":"https://fonts.gstatic.com/s/alatsi/v13/TK3iWkUJAxQ2nLN2Hz8D.ttf"},{"family":"Albert Sans","version":"v1","lastModified":"2024-09-04","category":"sans-serif","kind":"webfonts#webfont","menu":"https://fonts.gstatic.com/s/albertsans/v1/i7dZIFdwYjGaAMFtZd_QA3xXSKZqhr-TenSHq5PPrYfy.ttf"},{"family":"Aldrich","version":"v21","lastModified":"2024-09-04","category":"sans-serif","kind":"webfonts#webfont","menu":"https://fonts.gstatic.com/s/aldrich/v21/MCoTzAn-1s3IGyJMVaEY2g.ttf"},{"family":"Alef","version":"v22","lastModified":"2024-11-20","category":"sans-serif","kind":"webfonts#webfont","menu":"https://fonts.gstatic.com/s/alef/v22/FeVfS0NQpLYgnjNRDw.ttf"},{"family":"Alegreya","version":"v36","lastModified":"2024-09-30","category":"serif","kind":"webfonts#webfont","menu":"https://fonts.gstatic.com/s/alegreya/v36/4UacrEBBsBhlBjvfkQjt71kZfyBzPgNG9hU4_aqm.ttf"},{"family":"Alegreya Sans","version":"v25","lastModified":"2024-09-30","category":"sans-serif","kind":"webfonts#webfont","menu":"https://fonts.gstatic.com/s/alegreyasans/v25/5aUz9_-1phKLFgshYDvh6Vwt7VxtuA.ttf"},{"family":"Alegreya Sans SC","version":"v23","lastModified":"2024-09-04","category":"sans-serif","kind":"webfonts#webfont","menu":"https://fonts.gstatic.com/s/alegreyasanssc/v23/mtGh4-RGJqfMvt7P8FUr0Q1j-Hf1Bk9l8g.ttf"},{"family":"Alegreya SC","version":"v25","lastModified":"2024-09-04","category":"serif","kind":"webfonts#webfont","menu":"https://fonts.gstatic.com/s/alegreyasc/v25/taiOGmRtCJ62-O0HhNEa-Z6p2ZU.ttf"},{"family":"Aleo","version":"v14","lastModified":"2024-09-04","category":"serif","kind":"webfonts#webfont","menu":"https://fonts.gstatic.com/s/aleo/v14/c4m61nF8G8_s6gHhIOX0IYBo_KJ3GlP8Foo.ttf"},{"family":"Alex Brush","version":"v22","lastModified":"2024-09-04","category":"handwriting","kind":"webfonts#webfont","menu":"https://fonts.gstatic.com/s/alexbrush/v22/SZc83FzrJKuqFbwMKk6EhUPz6A.ttf"},{"family":"Alexandria","version":"v3","lastModified":"2024-09-04","category":"sans-serif","kind":"webfonts#webfont","menu":"https://fonts.gstatic.com/s/alexandria/v3/UMBCrPdDqW66y0Y2usFeQCH18mulUxBvI9r7TpbGFps.ttf"},{"family":"Alfa Slab One","version":"v19","lastModified":"2024-09-04","category":"display","kind":"webfonts#webfont","menu":"https://fonts.gstatic.com/s/alfaslabone/v19/6NUQ8FmMKwSEKjnm5-4v-4Jh2dRhfg.ttf"},{"family":"Alice","version":"v20","lastModified":"2024-09-04","category":"serif","kind":"webfonts#webfont","menu":"https://fonts.gstatic.com/s/alice/v20/OpNCnoEEmtHa6GcIrgs.ttf"},{"family":"Alike","version":"v21","lastModified":"2024-09-04","category":"serif","kind":"webfonts#webfont","menu":"https://fonts.gstatic.com/s/alike/v21/HI_EiYEYI6BIoHjAQ5E.ttf"},{"family":"Alike Angular","version":"v25","lastModified":"2024-09-04","category":"serif","kind":"webfonts#webfont","menu":"https://fonts.gstatic.com/s/alikeangular/v25/3qTrojWunjGQtEBlIcwMbSoI7kIwaA.ttf"},{"family":"Alkalami","version":"v7","lastModified":"2024-09-04","category":"serif","kind":"webfonts#webfont","menu":"https://fonts.gstatic.com/s/alkalami/v7/zOL_4pfDmqRL95WXi6eKycQ.ttf"},{"family":"Alkatra","version":"v3","lastModified":"2024-09-04","category":"display","kind":"webfonts#webfont","menu":"https://fonts.gstatic.com/s/alkatra/v3/r05EGLZA5qhCYsyJbuChFuK48Medzngmu4cOptQ.ttf"},{"family":"Allan","version":"v24","lastModified":"2024-09-04","category":"display","kind":"webfonts#webfont","menu":"https://fonts.gstatic.com/s/allan/v24/ea8XadU7WuTxEub3NdA.ttf"},{"family":"Allerta","version":"v18","lastModified":"2024-09-04","category":"sans-serif","kind":"webfonts#webfont","menu":"https://fonts.gstatic.com/s/allerta/v18/TwMO-IAHRlkbx940YnAXTQ.ttf"},{"family":"Allerta Stencil","version":"v22","lastModified":"2024-09-04","category":"sans-serif","kind":"webfonts#webfont","menu":"https://fonts.gstatic.com/s/allertastencil/v22/HTx0L209KT-LmIE9N7OR6eiycOe1-jbz.ttf"},{"family":"Allison","version":"v11","lastModified":"2024-09-04","category":"handwriting","kind":"webfonts#webfont","menu":"https://fonts.gstatic.com/s/allison/v11/X7nl4b88AP2nkbvZCCea5A.ttf"},{"family":"Allura","version":"v21","lastModified":"2024-09-04","category":"handwriting","kind":"webfonts#webfont","menu":"https://fonts.gstatic.com/s/allura/v21/9oRPNYsQpS4zjuA_jQgT.ttf"},{"family":"Almarai","version":"v18","lastModified":"2024-11-20","category":"sans-serif","kind":"webfonts#webfont","menu":"https://fonts.gstatic.com/s/almarai/v18/tsstApxBaigK_hnnQ1uFpg.ttf"},{"family":"Almendra","version":"v26","lastModified":"2024-09-04","category":"serif","kind":"webfonts#webfont","menu":"https://fonts.gstatic.com/s/almendra/v26/H4ckBXKAlMnTn0CskxY7yLs.ttf"},{"family":"Almendra Display","version":"v31","lastModified":"2024-09-04","category":"display","kind":"webfonts#webfont","menu":"https://fonts.gstatic.com/s/almendradisplay/v31/0FlPVOGWl1Sb4O3tETtADHRRlZhzbS7USw.ttf"},{"family":"Almendra SC","version":"v29","lastModified":"2024-09-04","category":"serif","kind":"webfonts#webfont","menu":"https://fonts.gstatic.com/s/almendrasc/v29/Iure6Yx284eebowr7hbyTaZIrLE.ttf"},{"family":"Alumni Sans","version":"v18","lastModified":"2024-09-04","category":"sans-serif","kind":"webfonts#webfont","menu":"https://fonts.gstatic.com/s/alumnisans/v18/nwpHtKqkOwdO2aOIwhWudEWpx_zq_Xna-Xd9OO9gqVEN.ttf"},{"family":"Alumni Sans Collegiate One","version":"v5","lastModified":"2024-09-04","category":"sans-serif","kind":"webfonts#webfont","menu":"https://fonts.gstatic.com/s/alumnisanscollegiateone/v5/MQpB-XChK8G5CtmK_AuGxQrdNvPSXkn0RM-XqjWWhgdbwjw.ttf"},{"family":"Alumni Sans Inline One","version":"v5","lastModified":"2024-09-04","category":"display","kind":"webfonts#webfont","menu":"https://fonts.gstatic.com/s/alumnisansinlineone/v5/RrQBbpJx9zZ3IXTBOASKp5gJAetBdaihcjbpP3ETdg.ttf"},{"family":"Alumni Sans Pinstripe","version":"v6","lastModified":"2024-09-04","category":"sans-serif","kind":"webfonts#webfont","menu":"https://fonts.gstatic.com/s/alumnisanspinstripe/v6/ZgNNjOFFPq_AUJD1umyS30W-Xub8zD1ObheDY79M.ttf"},{"family":"Amarante","version":"v28","lastModified":"2024-09-04","category":"display","kind":"webfonts#webfont","menu":"https://fonts.gstatic.com/s/amarante/v28/xMQXuF1KTa6EvGx9bp-2AX4.ttf"},{"family":"Amaranth","version":"v18","lastModified":"2024-09-04","category":"sans-serif","kind":"webfonts#webfont","menu":"https://fonts.gstatic.com/s/amaranth/v18/KtkuALODe433f0j1zMnDHdU.ttf"},{"family":"Amatic SC","version":"v26","lastModified":"2024-09-04","category":"handwriting","kind":"webfonts#webfont","menu":"https://fonts.gstatic.com/s/amaticsc/v26/TUZyzwprpvBS1izr_vOEDOSa.ttf"},{"family":"Amethysta","version":"v16","lastModified":"2024-09-04","category":"serif","kind":"webfonts#webfont","menu":"https://fonts.gstatic.com/s/amethysta/v16/rP2Fp2K15kgb_F3ibfW4GT-G.ttf"},{"family":"Amiko","version":"v14","lastModified":"2024-09-04","category":"sans-serif","kind":"webfonts#webfont","menu":"https://fonts.gstatic.com/s/amiko/v14/WwkQxPq1DFK04uqkeVo.ttf"},{"family":"Amiri","version":"v27","lastModified":"2024-09-04","category":"serif","kind":"webfonts#webfont","menu":"https://fonts.gstatic.com/s/amiri/v27/J7aRnpd8CGxBHpUotLY.ttf"},{"family":"Amiri Quran","version":"v14","lastModified":"2024-08-12","category":"serif","kind":"webfonts#webfont","menu":"https://fonts.gstatic.com/s/amiriquran/v14/_Xmo-Hk0rD6DbUL4_vH8Zp5s5ig.ttf"},{"family":"Amita","version":"v18","lastModified":"2024-09-04","category":"handwriting","kind":"webfonts#webfont","menu":"https://fonts.gstatic.com/s/amita/v18/HhyaU5si9Om7PTluC_A.ttf"},{"family":"Anaheim","version":"v15","lastModified":"2024-09-04","category":"sans-serif","kind":"webfonts#webfont","menu":"https://fonts.gstatic.com/s/anaheim/v15/8vIX7w042Wp87g4Gy0_24JbCiPrl-h5sLprEKEY.ttf"},{"family":"Andada Pro","version":"v21","lastModified":"2024-09-30","category":"serif","kind":"webfonts#webfont","menu":"https://fonts.gstatic.com/s/andadapro/v21/HhyEU5Qi9-SuOEhPe4LtKoVCuWGURPcg3DPJBb8dHrg.ttf"},{"family":"Andika","version":"v25","lastModified":"2024-09-04","category":"sans-serif","kind":"webfonts#webfont","menu":"https://fonts.gstatic.com/s/andika/v25/mem_Ya6iyW-LwqgwbLYV.ttf"},{"family":"Anek Bangla","version":"v15","lastModified":"2024-12-04","category":"sans-serif","kind":"webfonts#webfont","menu":"https://fonts.gstatic.com/s/anekbangla/v15/_gPW1R38qTExHg-17BhM6n66QhabMYB0fBKONtHhRSIUIre5mq3Ofm9ZEoYq4w.ttf"},{"family":"Anek Devanagari","version":"v14","lastModified":"2024-12-04","category":"sans-serif","kind":"webfonts#webfont","menu":"https://fonts.gstatic.com/s/anekdevanagari/v14/jVyo7nP0CGrUsxB-QiRgw0NlLaVt_QUAkYxLRoCL23mlh20ZVHOMAWbgHLDtkt9mHEk.ttf"},{"family":"Anek Gujarati","version":"v16","lastModified":"2024-12-04","category":"sans-serif","kind":"webfonts#webfont","menu":"https://fonts.gstatic.com/s/anekgujarati/v16/l7g_bj5oysqknvkCo2T_8FuiIRBA7lncQUmbIBEtPKiYYQhRwyBxCD-0F5CLwkik.ttf"},{"family":"Anek Gurmukhi","version":"v8","lastModified":"2024-09-04","category":"sans-serif","kind":"webfonts#webfont","menu":"https://fonts.gstatic.com/s/anekgurmukhi/v8/0QIAMXRO_YSkA0quVLY79JnHybfeEOrXCa9Dmd9Ql6a6R_vEMc5TaLkbd5tZXaQx.ttf"},{"family":"Anek Kannada","version":"v14","lastModified":"2024-12-04","category":"sans-serif","kind":"webfonts#webfont","menu":"https://fonts.gstatic.com/s/anekkannada/v14/raxcHiCNvNMKe1CKFsINYFlgkEIwGa8nL6ruWJg1j--h8pvBKSiw4dFDETulXxM.ttf"},{"family":"Anek Latin","version":"v5","lastModified":"2024-09-04","category":"sans-serif","kind":"webfonts#webfont","menu":"https://fonts.gstatic.com/s/aneklatin/v5/co3pmWZulTRoU4a8dqrWiajBS5ByUkvdrluH-xWG5uJTY4x-L3PuR7ApKNqh.ttf"},{"family":"Anek Malayalam","version":"v17","lastModified":"2024-12-04","category":"sans-serif","kind":"webfonts#webfont","menu":"https://fonts.gstatic.com/s/anekmalayalam/v17/6qLjKZActRTs_mZAJUZWWkhke0nYa_vC8_Azq3-gP1SReZeOtqQuDVUTUZu-LMvzOA.ttf"},{"family":"Anek Odia","version":"v16","lastModified":"2024-12-04","category":"sans-serif","kind":"webfonts#webfont","menu":"https://fonts.gstatic.com/s/anekodia/v16/TK3PWkoJARApz5UCd345tuevwwQX0CwsoYkAWgWYevAauivBUnmZfp3nV5Q.ttf"},{"family":"Anek Tamil","version":"v17","lastModified":"2024-12-04","category":"sans-serif","kind":"webfonts#webfont","menu":"https://fonts.gstatic.com/s/anektamil/v17/XLYJIZH2bYJHGYtPGSbUB8JKTp-_9n55SsLHW0WZez6TjtkDu3uNQidKqoH8.ttf"},{"family":"Anek Telugu","version":"v10","lastModified":"2024-12-04","category":"sans-serif","kind":"webfonts#webfont","menu":"https://fonts.gstatic.com/s/anektelugu/v10/LhWLMVrUNvsddMtYGCx4FcVWOjlwE1WgXdoJ-5XHMl2DkooGK7i13y--kEyM3Q.ttf"},{"family":"Angkor","version":"v33","lastModified":"2024-12-04","category":"display","kind":"webfonts#webfont","menu":"https://fonts.gstatic.com/s/angkor/v33/H4cmBXyAlsPdnlbO8yY6.ttf"},{"family":"Annapurna SIL","version":"v2","lastModified":"2024-09-04","category":"serif","kind":"webfonts#webfont","menu":"https://fonts.gstatic.com/s/annapurnasil/v2/yYLv0hDY0f2iu9tPmRWtllidwNJ3cQ.ttf"},{"family":"Annie Use Your Telescope","version":"v19","lastModified":"2024-11-20","category":"handwriting","kind":"webfonts#webfont","menu":"https://fonts.gstatic.com/s/annieuseyourtelescope/v19/daaLSS4tI2qYYl3Jq9s_Hu74xwktnlKxH6osGVGTlT3F.ttf"},{"family":"Anonymous Pro","version":"v21","lastModified":"2024-09-04","category":"monospace","kind":"webfonts#webfont","menu":"https://fonts.gstatic.com/s/anonymouspro/v21/rP2Bp2a15UIB7Un-bOeISG3pHl028A.ttf"},{"family":"Anta","version":"v1","lastModified":"2024-09-04","category":"sans-serif","kind":"webfonts#webfont","menu":"https://fonts.gstatic.com/s/anta/v1/gyBzhwQ3KsIyVF07OA.ttf"},{"family":"Antic","version":"v19","lastModified":"2024-09-04","category":"sans-serif","kind":"webfonts#webfont","menu":"https://fonts.gstatic.com/s/antic/v19/TuGfUVB8XY5DRZZKq9w.ttf"},{"family":"Antic Didone","version":"v16","lastModified":"2024-09-04","category":"serif","kind":"webfonts#webfont","menu":"https://fonts.gstatic.com/s/anticdidone/v16/RWmPoKKX6u8sp8fIWdnDKqDSqIEC.ttf"},{"family":"Antic Slab","version":"v16","lastModified":"2024-09-04","category":"serif","kind":"webfonts#webfont","menu":"https://fonts.gstatic.com/s/anticslab/v16/bWt97fPFfRzkCa9Jlp6IacNcWQ.ttf"},{"family":"Anton","version":"v25","lastModified":"2024-09-04","category":"sans-serif","kind":"webfonts#webfont","menu":"https://fonts.gstatic.com/s/anton/v25/1Ptgg87LROyAm3K1-Co.ttf"},{"family":"Anton SC","version":"v1","lastModified":"2024-09-04","category":"sans-serif","kind":"webfonts#webfont","menu":"https://fonts.gstatic.com/s/antonsc/v1/4UaBrEBBsgltGn71syLnx60.ttf"},{"family":"Antonio","version":"v19","lastModified":"2024-09-04","category":"sans-serif","kind":"webfonts#webfont","menu":"https://fonts.gstatic.com/s/antonio/v19/gNMbW3NwSYq_9WD34ngK5F8vR8T0PVxx8StJaWQ.ttf"},{"family":"Anuphan","version":"v4","lastModified":"2024-09-04","category":"sans-serif","kind":"webfonts#webfont","menu":"https://fonts.gstatic.com/s/anuphan/v4/2sDBZGxYgY7LkLT0s2Yrm5UhuLoIZCkY9T4lEGE.ttf"},{"family":"Anybody","version":"v11","lastModified":"2024-09-04","category":"display","kind":"webfonts#webfont","menu":"https://fonts.gstatic.com/s/anybody/v11/VuJbdNvK2Ib2ppdWYq311GH32hxIv0sd5grncSUi2F_Wim4J12D_r8_H.ttf"},{"family":"Aoboshi One","version":"v11","lastModified":"2024-08-07","category":"serif","kind":"webfonts#webfont","menu":"https://fonts.gstatic.com/s/aoboshione/v11/Gg8xN5kXaAXtHQrFxwl10xsKDGI.ttf"},{"family":"AR One Sans","version":"v4","lastModified":"2024-09-04","category":"sans-serif","kind":"webfonts#webfont","menu":"https://fonts.gstatic.com/s/aronesans/v4/TUZezwhrmbFp0Srr_tH6fv6RcUejHO_u7GF5aXfv-U2QzBLF6gslWn_9PWw9mg.ttf"},{"family":"Arapey","version":"v16","lastModified":"2024-09-04","category":"serif","kind":"webfonts#webfont","menu":"https://fonts.gstatic.com/s/arapey/v16/-W__XJn-UDDA2RCKZtoY.ttf"},{"family":"Arbutus","version":"v28","lastModified":"2024-09-04","category":"serif","kind":"webfonts#webfont","menu":"https://fonts.gstatic.com/s/arbutus/v28/NaPYcZ7dG_5J3pooX9Nnqw.ttf"},{"family":"Arbutus Slab","version":"v16","lastModified":"2024-09-04","category":"serif","kind":"webfonts#webfont","menu":"https://fonts.gstatic.com/s/arbutusslab/v16/oY1Z8e7OuLXkJGbXtr5ba7ZlaqUZ.ttf"},{"family":"Architects Daughter","version":"v19","lastModified":"2024-11-20","category":"handwriting","kind":"webfonts#webfont","menu":"https://fonts.gstatic.com/s/architectsdaughter/v19/KtkxAKiDZI_td1Lkx62xHZHDtgO_Y-bvTY9g5g.ttf"},{"family":"Archivo","version":"v19","lastModified":"2024-09-04","category":"sans-serif","kind":"webfonts#webfont","menu":"https://fonts.gstatic.com/s/archivo/v19/k3k6o8UDI-1M0wlSV9XAw6lQkqWY8Q82sJaRE-NWIDdgffTTNDNZ8Rds.ttf"},{"family":"Archivo Black","version":"v21","lastModified":"2024-09-04","category":"sans-serif","kind":"webfonts#webfont","menu":"https://fonts.gstatic.com/s/archivoblack/v21/HTxqL289NzCGg4MzN6KJ7eW6CYqF-w.ttf"},{"family":"Archivo Narrow","version":"v30","lastModified":"2024-09-04","category":"sans-serif","kind":"webfonts#webfont","menu":"https://fonts.gstatic.com/s/archivonarrow/v30/tss5ApVBdCYD5Q7hcxTE1ArZ0Zz8oY2KRmwvKhhvLFG6pXmp.ttf"},{"family":"Are You Serious","version":"v12","lastModified":"2024-09-04","category":"handwriting","kind":"webfonts#webfont","menu":"https://fonts.gstatic.com/s/areyouserious/v12/ll8kK2GVSSr-PtjQ5nONVcNn430KhDVj.ttf"},{"family":"Aref Ruqaa","version":"v25","lastModified":"2024-09-04","category":"serif","kind":"webfonts#webfont","menu":"https://fonts.gstatic.com/s/arefruqaa/v25/WwkbxPW1E165rajQKDulIIEoUA.ttf"},{"family":"Aref Ruqaa Ink","version":"v10","lastModified":"2024-09-04","category":"serif","kind":"webfonts#webfont","menu":"https://fonts.gstatic.com/s/arefruqaaink/v10/1q2fY5WOGUFlt84GTOkP6Kdx71TgXoU.ttf"},{"family":"Arima","version":"v5","lastModified":"2024-09-04","category":"display","kind":"webfonts#webfont","menu":"https://fonts.gstatic.com/s/arima/v5/neIWzCqmt4Aup_qE1nFWqxI1RZX1YTAOpAuK.ttf"},{"family":"Arimo","version":"v29","lastModified":"2024-09-04","category":"sans-serif","kind":"webfonts#webfont","menu":"https://fonts.gstatic.com/s/arimo/v29/P5sfzZCDf9_T_3cV7NCUECyoxNk37cxcBhrE.ttf"},{"family":"Arizonia","version":"v21","lastModified":"2024-09-04","category":"handwriting","kind":"webfonts#webfont","menu":"https://fonts.gstatic.com/s/arizonia/v21/neIIzCemt4A5qa7mv5WHFqk.ttf"},{"family":"Armata","version":"v20","lastModified":"2024-09-04","category":"sans-serif","kind":"webfonts#webfont","menu":"https://fonts.gstatic.com/s/armata/v20/gokvH63_HV5jQ-ENlTRz.ttf"},{"family":"Arsenal","version":"v12","lastModified":"2024-09-04","category":"sans-serif","kind":"webfonts#webfont","menu":"https://fonts.gstatic.com/s/arsenal/v12/wXKrE3kQtZQ4pF3D517cBQ.ttf"},{"family":"Arsenal SC","version":"v1","lastModified":"2024-09-04","category":"sans-serif","kind":"webfonts#webfont","menu":"https://fonts.gstatic.com/s/arsenalsc/v1/x3dlckLHea6e5BEtsfxibNsmtw.ttf"},{"family":"Artifika","version":"v21","lastModified":"2024-09-04","category":"serif","kind":"webfonts#webfont","menu":"https://fonts.gstatic.com/s/artifika/v21/VEMyRoxzronptCuxu5Ws7DQ.ttf"},{"family":"Arvo","version":"v22","lastModified":"2024-09-04","category":"serif","kind":"webfonts#webfont","menu":"https://fonts.gstatic.com/s/arvo/v22/tDbD2oWUg0MKqSEQ6A.ttf"},{"family":"Arya","version":"v19","lastModified":"2024-09-04","category":"sans-serif","kind":"webfonts#webfont","menu":"https://fonts.gstatic.com/s/arya/v19/ga6CawNG-HJdxUf__Q.ttf"},{"family":"Asap","version":"v30","lastModified":"2024-09-04","category":"sans-serif","kind":"webfonts#webfont","menu":"https://fonts.gstatic.com/s/asap/v30/KFOOCniXp96a4Tc2DaTeuDAoKsE617JFc49knOIYdjTYkqUcL2mT.ttf"},{"family":"Asap Condensed","version":"v17","lastModified":"2024-09-04","category":"sans-serif","kind":"webfonts#webfont","menu":"https://fonts.gstatic.com/s/asapcondensed/v17/pxidypY1o9NHyXh3WvSbGSggdOeKaEk.ttf"},{"family":"Asar","version":"v23","lastModified":"2024-12-04","category":"serif","kind":"webfonts#webfont","menu":"https://fonts.gstatic.com/s/asar/v23/sZlLdRyI6TBIbkcaCA.ttf"},{"family":"Asset","version":"v29","lastModified":"2024-09-04","category":"display","kind":"webfonts#webfont","menu":"https://fonts.gstatic.com/s/asset/v29/SLXGc1na-mM4cVInTp4.ttf"},{"family":"Assistant","version":"v19","lastModified":"2024-09-04","category":"sans-serif","kind":"webfonts#webfont","menu":"https://fonts.gstatic.com/s/assistant/v19/2sDPZGJYnIjSi6H75xkZZE1I0yCmYzzQtuZnIGCV2g.ttf"},{"family":"Astloch","version":"v26","lastModified":"2024-09-04","category":"display","kind":"webfonts#webfont","menu":"https://fonts.gstatic.com/s/astloch/v26/TuGRUVJ8QI5GSeUjm90byA.ttf"},{"family":"Asul","version":"v21","lastModified":"2024-09-04","category":"sans-serif","kind":"webfonts#webfont","menu":"https://fonts.gstatic.com/s/asul/v21/VuJ-dNjKxYr42fIPWA.ttf"},{"family":"Athiti","version":"v12","lastModified":"2024-09-04","category":"sans-serif","kind":"webfonts#webfont","menu":"https://fonts.gstatic.com/s/athiti/v12/pe0vMISdLIZIv1wIDRJS.ttf"},{"family":"Atkinson Hyperlegible","version":"v11","lastModified":"2024-09-04","category":"sans-serif","kind":"webfonts#webfont","menu":"https://fonts.gstatic.com/s/atkinsonhyperlegible/v11/9Bt23C1KxNDXMspQ1lPyU89-1h6ONRlW45G05JIt.ttf"},{"family":"Atma","version":"v16","lastModified":"2024-09-04","category":"display","kind":"webfonts#webfont","menu":"https://fonts.gstatic.com/s/atma/v16/uK_84rqWc-Eoq29RCg.ttf"},{"family":"Atomic Age","version":"v28","lastModified":"2024-11-20","category":"display","kind":"webfonts#webfont","menu":"https://fonts.gstatic.com/s/atomicage/v28/f0Xz0eug6sdmRFkYZZGL18Dn8Q.ttf"},{"family":"Aubrey","version":"v28","lastModified":"2024-09-04","category":"display","kind":"webfonts#webfont","menu":"https://fonts.gstatic.com/s/aubrey/v28/q5uGsou7NPBw-p7fuwlo.ttf"},{"family":"Audiowide","version":"v20","lastModified":"2024-09-04","category":"display","kind":"webfonts#webfont","menu":"https://fonts.gstatic.com/s/audiowide/v20/l7gdbjpo0cum0ckerWCdkA_L.ttf"},{"family":"Autour One","version":"v24","lastModified":"2024-09-04","category":"display","kind":"webfonts#webfont","menu":"https://fonts.gstatic.com/s/autourone/v24/UqyVK80cP25l3fJgbdfbo5hcUg.ttf"},{"family":"Average","version":"v18","lastModified":"2024-09-04","category":"serif","kind":"webfonts#webfont","menu":"https://fonts.gstatic.com/s/average/v18/fC1hPYBHe23MxA7rEeN6UQ.ttf"},{"family":"Average Sans","version":"v16","lastModified":"2024-09-04","category":"sans-serif","kind":"webfonts#webfont","menu":"https://fonts.gstatic.com/s/averagesans/v16/1Ptpg8fLXP2dlAXR-HlJJNJ_BNCe.ttf"},{"family":"Averia Gruesa Libre","version":"v22","lastModified":"2024-09-04","category":"display","kind":"webfonts#webfont","menu":"https://fonts.gstatic.com/s/averiagruesalibre/v22/NGSov4nEGEktOaDRKsY-1dhh8eEtIx3ZYmiDxw.ttf"},{"family":"Averia Libre","version":"v16","lastModified":"2024-09-04","category":"display","kind":"webfonts#webfont","menu":"https://fonts.gstatic.com/s/averialibre/v16/2V0aKIcMGZEnV6xygz7eNjESA6nN.ttf"},{"family":"Averia Sans Libre","version":"v19","lastModified":"2024-09-04","category":"display","kind":"webfonts#webfont","menu":"https://fonts.gstatic.com/s/averiasanslibre/v19/ga6XaxZG_G5OvCf_rt7FH3B6BHLMEdVIEoc.ttf"},{"family":"Averia Serif Libre","version":"v18","lastModified":"2024-09-04","category":"display","kind":"webfonts#webfont","menu":"https://fonts.gstatic.com/s/averiaseriflibre/v18/neIWzD2ms4wxr6GvjeD0X88SHPyX2xYOpAuK.ttf"},{"family":"Azeret Mono","version":"v17","lastModified":"2024-09-04","category":"monospace","kind":"webfonts#webfont","menu":"https://fonts.gstatic.com/s/azeretmono/v17/3XF5ErsiyJsY9O_Gepph-FvtTQgMQUdNekSfnPVR07ye.ttf"},{"family":"B612","version":"v12","lastModified":"2024-09-04","category":"sans-serif","kind":"webfonts#webfont","menu":"https://fonts.gstatic.com/s/b612/v12/3JnySDDxiSz36jiyHA.ttf"},{"family":"B612 Mono","version":"v14","lastModified":"2024-09-04","category":"monospace","kind":"webfonts#webfont","menu":"https://fonts.gstatic.com/s/b612mono/v14/kmK_Zq85QVWbN1eW6lJV1g7Y.ttf"},{"family":"Babylonica","version":"v5","lastModified":"2024-09-04","category":"handwriting","kind":"webfonts#webfont","menu":"https://fonts.gstatic.com/s/babylonica/v5/5aUw9_i2qxWVCAE2aHjTmDN-_Q.ttf"},{"family":"Bacasime Antique","version":"v1","lastModified":"2024-09-04","category":"serif","kind":"webfonts#webfont","menu":"https://fonts.gstatic.com/s/bacasimeantique/v1/tDbX2pGXkFYEykldjZSrmI6T_XWZCwWnTQ.ttf"},{"family":"Bad Script","version":"v17","lastModified":"2024-12-04","category":"handwriting","kind":"webfonts#webfont","menu":"https://fonts.gstatic.com/s/badscript/v17/6NUT8F6PJgbFWQn47_x7pO0kyQ.ttf"},{"family":"Badeen Display","version":"v1","lastModified":"2024-12-10","category":"display","kind":"webfonts#webfont","menu":"https://fonts.gstatic.com/s/badeendisplay/v1/pxidypY2sdZSjFU4cPmNBzckaeeKaEk.ttf"},{"family":"Bagel Fat One","version":"v1","lastModified":"2024-08-12","category":"display","kind":"webfonts#webfont","menu":"https://fonts.gstatic.com/s/bagelfatone/v1/hYkPPucsQOr5dy02WmQr5Zkd4B9sug.ttf"},{"family":"Bahiana","version":"v23","lastModified":"2024-09-04","category":"display","kind":"webfonts#webfont","menu":"https://fonts.gstatic.com/s/bahiana/v23/uU9PCBUV4YenPWJU3xLR2g.ttf"},{"family":"Bahianita","version":"v21","lastModified":"2024-09-04","category":"display","kind":"webfonts#webfont","menu":"https://fonts.gstatic.com/s/bahianita/v21/yYLr0hTb3vuqqsBUgxWdxDHR.ttf"},{"family":"Bai Jamjuree","version":"v11","lastModified":"2024-09-04","category":"sans-serif","kind":"webfonts#webfont","menu":"https://fonts.gstatic.com/s/baijamjuree/v11/LDI1apSCOBt_aeQQ7ftydoa8WMLO.ttf"},{"family":"Bakbak One","version":"v9","lastModified":"2024-12-04","category":"display","kind":"webfonts#webfont","menu":"https://fonts.gstatic.com/s/bakbakone/v9/zOL54pXAl6RI-p_ardnu-cVkuw.ttf"},{"family":"Ballet","version":"v27","lastModified":"2024-09-04","category":"handwriting","kind":"webfonts#webfont","menu":"https://fonts.gstatic.com/s/ballet/v27/QGYyz_MYZA-HM4NjuGOVnUEXme1I4Xi3O4C0Fg.ttf"},{"family":"Baloo 2","version":"v21","lastModified":"2024-09-04","category":"display","kind":"webfonts#webfont","menu":"https://fonts.gstatic.com/s/baloo2/v21/wXK0E3kTposypRydzVT08TS3JnAmtdgazZpu_lI.ttf"},{"family":"Baloo Bhai 2","version":"v28","lastModified":"2024-09-04","category":"display","kind":"webfonts#webfont","menu":"https://fonts.gstatic.com/s/baloobhai2/v28/sZlWdRSL-z1VEWZ4YNA7Y5ItevYWUOHDE8FvNighAXaIpw.ttf"},{"family":"Baloo Bhaijaan 2","version":"v19","lastModified":"2024-09-04","category":"display","kind":"webfonts#webfont","menu":"https://fonts.gstatic.com/s/baloobhaijaan2/v19/zYXwKUwuEqdVGqM8tPDdAA_Y-_bMKo1EhQd2tWxo8TyRSpP5JY4.ttf"},{"family":"Baloo Bhaina 2","version":"v27","lastModified":"2024-09-04","category":"display","kind":"webfonts#webfont","menu":"https://fonts.gstatic.com/s/baloobhaina2/v27/qWc-B6yyq4P9Adr3RtoX1q6ySgbwusXwJjkOS-XEssPfRP5P.ttf"},{"family":"Baloo Chettan 2","version":"v21","lastModified":"2024-09-04","category":"display","kind":"webfonts#webfont","menu":"https://fonts.gstatic.com/s/baloochettan2/v21/vm8hdRbmXEva26PK-NtuX4ynWEzF69-L4gqgkIL5CeKTC1sUGw.ttf"},{"family":"Baloo Da 2","version":"v24","lastModified":"2024-09-04","category":"display","kind":"webfonts#webfont","menu":"https://fonts.gstatic.com/s/balooda2/v24/2-c39J9j0IaUMQZwAJyJaOX1UUnf3GLnYjALsQNf7ZI.ttf"},{"family":"Baloo Paaji 2","version":"v27","lastModified":"2024-09-04","category":"display","kind":"webfonts#webfont","menu":"https://fonts.gstatic.com/s/baloopaaji2/v27/i7dfIFFzbz-QHZUdV9_UGWZuelmy79QJ1HOSY9AX77fzZxE.ttf"},{"family":"Baloo Tamma 2","version":"v16","lastModified":"2024-09-04","category":"display","kind":"webfonts#webfont","menu":"https://fonts.gstatic.com/s/balootamma2/v16/vEFE2_hCAgcR46PaajtrYlBbVUMUJgIC5LHTrMscPq-1Klo.ttf"},{"family":"Baloo Tammudu 2","version":"v23","lastModified":"2024-09-04","category":"display","kind":"webfonts#webfont","menu":"https://fonts.gstatic.com/s/balootammudu2/v23/1Pt5g8TIS_SAmkLguUdFP8UaJcKkzlPmMT00GaE_Jf8e0c-FYQ.ttf"},{"family":"Baloo Thambi 2","version":"v17","lastModified":"2024-09-04","category":"display","kind":"webfonts#webfont","menu":"https://fonts.gstatic.com/s/baloothambi2/v17/cY9RfjeOW0NHpmOQXranrbDyu5JMJmNp-aDvUBbKzcIDaA5C.ttf"},{"family":"Balsamiq Sans","version":"v14","lastModified":"2024-09-04","category":"display","kind":"webfonts#webfont","menu":"https://fonts.gstatic.com/s/balsamiqsans/v14/P5sEzZiAbNrN8SB3lQQX7PncwdgXJQ.ttf"},{"family":"Balthazar","version":"v17","lastModified":"2024-09-04","category":"serif","kind":"webfonts#webfont","menu":"https://fonts.gstatic.com/s/balthazar/v17/d6lKkaajS8Gm4CVQjFEfyB7s.ttf"},{"family":"Bangers","version":"v24","lastModified":"2024-09-04","category":"display","kind":"webfonts#webfont","menu":"https://fonts.gstatic.com/s/bangers/v24/FeVQS0BTqb0h60ACH5hQ3Q.ttf"},{"family":"Barlow","version":"v12","lastModified":"2024-09-04","category":"sans-serif","kind":"webfonts#webfont","menu":"https://fonts.gstatic.com/s/barlow/v12/7cHpv4kjgoGqM7E_Css8.ttf"},{"family":"Barlow Condensed","version":"v12","lastModified":"2024-09-04","category":"sans-serif","kind":"webfonts#webfont","menu":"https://fonts.gstatic.com/s/barlowcondensed/v12/HTx3L3I-JCGChYJ8VI-L6OO_au7B6xfT3w.ttf"},{"family":"Barlow Semi Condensed","version":"v15","lastModified":"2024-09-04","category":"sans-serif","kind":"webfonts#webfont","menu":"https://fonts.gstatic.com/s/barlowsemicondensed/v15/wlpvgxjLBV1hqnzfr-F8sEYMB0Yybp0mudRXfoqv.ttf"},{"family":"Barriecito","version":"v17","lastModified":"2024-09-04","category":"display","kind":"webfonts#webfont","menu":"https://fonts.gstatic.com/s/barriecito/v17/WWXXlj-CbBOSLY2QTuY_GdQoZw.ttf"},{"family":"Barrio","version":"v19","lastModified":"2024-09-04","category":"display","kind":"webfonts#webfont","menu":"https://fonts.gstatic.com/s/barrio/v19/wEO8EBXBk8hBIDi0dAwl.ttf"},{"family":"Basic","version":"v17","lastModified":"2024-09-04","category":"sans-serif","kind":"webfonts#webfont","menu":"https://fonts.gstatic.com/s/basic/v17/xfu_0WLxV2_XKTN26FQ.ttf"},{"family":"Baskervville","version":"v16","lastModified":"2024-09-04","category":"serif","kind":"webfonts#webfont","menu":"https://fonts.gstatic.com/s/baskervville/v16/YA9Ur0yU4l_XOrogbkun3kQQtpms.ttf"},{"family":"Baskervville SC","version":"v1","lastModified":"2024-09-04","category":"serif","kind":"webfonts#webfont","menu":"https://fonts.gstatic.com/s/baskervvillesc/v1/X7n94bc_DeKlh6bBbk_WiKnBSUvh7l5z.ttf"},{"family":"Battambang","version":"v25","lastModified":"2024-12-04","category":"display","kind":"webfonts#webfont","menu":"https://fonts.gstatic.com/s/battambang/v25/uk-mEGe7raEw-HjkzZabPnSp5w.ttf"},{"family":"Baumans","version":"v17","lastModified":"2024-09-04","category":"display","kind":"webfonts#webfont","menu":"https://fonts.gstatic.com/s/baumans/v17/-W_-XJj9QyTd3Qfpd_s4bg.ttf"},{"family":"Bayon","version":"v34","lastModified":"2024-08-12","category":"sans-serif","kind":"webfonts#webfont","menu":"https://fonts.gstatic.com/s/bayon/v34/9XUrlJNmn0LPFm-oMBI.ttf"},{"family":"Be Vietnam Pro","version":"v11","lastModified":"2024-09-04","category":"sans-serif","kind":"webfonts#webfont","menu":"https://fonts.gstatic.com/s/bevietnampro/v11/QdVPSTAyLFyeg_IDWvOJmVES_HwxBX8.ttf"},{"family":"Beau Rivage","version":"v2","lastModified":"2024-09-04","category":"handwriting","kind":"webfonts#webfont","menu":"https://fonts.gstatic.com/s/beaurivage/v2/UcCi3FIgIG2bH4mMNWJUllg2P54.ttf"},{"family":"Bebas Neue","version":"v14","lastModified":"2024-09-04","category":"sans-serif","kind":"webfonts#webfont","menu":"https://fonts.gstatic.com/s/bebasneue/v14/JTUSjIg69CK48gW7PXoo9W9hzg.ttf"},{"family":"Beiruti","version":"v4","lastModified":"2024-12-04","category":"sans-serif","kind":"webfonts#webfont","menu":"https://fonts.gstatic.com/s/beiruti/v4/JTUIjIU69Cmr9FGcYgRFEb7cdQn2-9a95zuii2w.ttf"},{"family":"Belanosima","version":"v3","lastModified":"2024-09-04","category":"sans-serif","kind":"webfonts#webfont","menu":"https://fonts.gstatic.com/s/belanosima/v3/3y9k6bI8ejDo_3MfCDSL9AFREw.ttf"},{"family":"Belgrano","version":"v18","lastModified":"2024-09-04","category":"serif","kind":"webfonts#webfont","menu":"https://fonts.gstatic.com/s/belgrano/v18/55xvey5tM9rwKWrJZfMEgL0.ttf"},{"family":"Bellefair","version":"v14","lastModified":"2024-08-12","category":"serif","kind":"webfonts#webfont","menu":"https://fonts.gstatic.com/s/bellefair/v14/kJExBuYY6AAuhiXUxG1N_voy.ttf"},{"family":"Belleza","version":"v17","lastModified":"2024-09-04","category":"sans-serif","kind":"webfonts#webfont","menu":"https://fonts.gstatic.com/s/belleza/v17/0nkoC9_pNeMfhX4Bhcf4bw.ttf"},{"family":"Bellota","version":"v16","lastModified":"2024-09-04","category":"display","kind":"webfonts#webfont","menu":"https://fonts.gstatic.com/s/bellota/v16/MwQ2bhXl3_qEpiwAKJNbsA.ttf"},{"family":"Bellota Text","version":"v18","lastModified":"2024-09-04","category":"display","kind":"webfonts#webfont","menu":"https://fonts.gstatic.com/s/bellotatext/v18/0FlTVP2VnlWS4f3-UE9hHXMx-NkK.ttf"},{"family":"BenchNine","version":"v16","lastModified":"2024-09-04","category":"sans-serif","kind":"webfonts#webfont","menu":"https://fonts.gstatic.com/s/benchnine/v16/ahcbv8612zF4jxrwMosbVslx.ttf"},{"family":"Benne","version":"v22","lastModified":"2024-09-04","category":"serif","kind":"webfonts#webfont","menu":"https://fonts.gstatic.com/s/benne/v22/L0xzDFAhn18E6WjwnNo.ttf"},{"family":"Bentham","version":"v19","lastModified":"2024-11-20","category":"serif","kind":"webfonts#webfont","menu":"https://fonts.gstatic.com/s/bentham/v19/VdGeAZQPEpYfmHglGW0xDA.ttf"},{"family":"Berkshire Swash","version":"v20","lastModified":"2024-09-04","category":"handwriting","kind":"webfonts#webfont","menu":"https://fonts.gstatic.com/s/berkshireswash/v20/ptRRTi-cavZOGqCvnNJDl5m5XmN_rM42.ttf"},{"family":"Besley","version":"v20","lastModified":"2024-09-30","category":"serif","kind":"webfonts#webfont","menu":"https://fonts.gstatic.com/s/besley/v20/PlIhFlO1MaNwaNGWUC92IOH_mtG4fbbBedViEA.ttf"},{"family":"Beth Ellen","version":"v21","lastModified":"2024-09-04","category":"handwriting","kind":"webfonts#webfont","menu":"https://fonts.gstatic.com/s/bethellen/v21/WwkbxPW2BE-3rb_JNT-qIIEoUA.ttf"},{"family":"Bevan","version":"v24","lastModified":"2024-09-04","category":"serif","kind":"webfonts#webfont","menu":"https://fonts.gstatic.com/s/bevan/v24/4iCj6KZ0a9NXjG8bWC4.ttf"},{"family":"BhuTuka Expanded One","version":"v7","lastModified":"2024-09-04","category":"serif","kind":"webfonts#webfont","menu":"https://fonts.gstatic.com/s/bhutukaexpandedone/v7/SLXXc0jZ4WUJcClHTtv0t7IaDRsBsWRiJByW-Jw.ttf"},{"family":"Big Shoulders Display","version":"v21","lastModified":"2024-09-04","category":"display","kind":"webfonts#webfont","menu":"https://fonts.gstatic.com/s/bigshouldersdisplay/v21/fC1MPZJEZG-e9gHhdI4-NBbfd2ys3SjJCx12wPgf9g-_3F0YdY87FF8wTQ.ttf"},{"family":"Big Shoulders Inline Display","version":"v27","lastModified":"2024-09-04","category":"display","kind":"webfonts#webfont","menu":"https://fonts.gstatic.com/s/bigshouldersinlinedisplay/v27/_LOumyfF4eSU_SCrJc9OI24U7siGvBGcZqmqV9-ZZ85CGNOFeNLxoYMPJ0nBE0R4wvM.ttf"},{"family":"Big Shoulders Inline Text","version":"v26","lastModified":"2024-09-04","category":"display","kind":"webfonts#webfont","menu":"https://fonts.gstatic.com/s/bigshouldersinlinetext/v26/vm8XdQDmVECV5-vm5dJ-Tp-6WDeRjL4RV7dP8u-NMyHY74qpoNNcwga0y5GM54o.ttf"},{"family":"Big Shoulders Stencil Display","version":"v28","lastModified":"2024-09-04","category":"display","kind":"webfonts#webfont","menu":"https://fonts.gstatic.com/s/bigshouldersstencildisplay/v28/6aeZ4LS6U6pR_bp5b_t2ugOhHWFcxSGP9ttD96KCb8xPytKb-oPRU-vkuLm_O0j_KXbj.ttf"},{"family":"Big Shoulders Stencil Text","version":"v26","lastModified":"2024-09-04","category":"display","kind":"webfonts#webfont","menu":"https://fonts.gstatic.com/s/bigshouldersstenciltext/v26/5aUV9-i2oxDMNwY3dHfW7UAt3Q453SM15wNj53bCcab2SJYLLUtk1OGR04T4GCXL.ttf"},{"family":"Big Shoulders Text","version":"v24","lastModified":"2024-09-04","category":"display","kind":"webfonts#webfont","menu":"https://fonts.gstatic.com/s/bigshoulderstext/v24/55xEezRtP9G3CGPIf49hxc8P0eytUxB2l66LmF6xc3kA3Y-q7TMFMg.ttf"},{"family":"Bigelow Rules","version":"v29","lastModified":"2024-09-04","category":"display","kind":"webfonts#webfont","menu":"https://fonts.gstatic.com/s/bigelowrules/v29/RrQWboly8iR_I3KWSzeRuN0zf4YIGw.ttf"},{"family":"Bigshot One","version":"v29","lastModified":"2024-09-04","category":"display","kind":"webfonts#webfont","menu":"https://fonts.gstatic.com/s/bigshotone/v29/u-470qukhRkkO6BD_7cM_jxvWwY.ttf"},{"family":"Bilbo","version":"v20","lastModified":"2024-09-04","category":"handwriting","kind":"webfonts#webfont","menu":"https://fonts.gstatic.com/s/bilbo/v20/o-0EIpgpwWwZ220groA.ttf"},{"family":"Bilbo Swash Caps","version":"v22","lastModified":"2024-09-04","category":"handwriting","kind":"webfonts#webfont","menu":"https://fonts.gstatic.com/s/bilboswashcaps/v22/zrf-0GXbz-H3Wb4XBsGrTgq2PVmdmALiog.ttf"},{"family":"BioRhyme","version":"v17","lastModified":"2024-09-04","category":"serif","kind":"webfonts#webfont","menu":"https://fonts.gstatic.com/s/biorhyme/v17/1cXeaULHBpDMsHYW_GZNh7loEHurwOIGadI205trrbeBgQs4OjIiqieujw.ttf"},{"family":"BioRhyme Expanded","version":"v21","lastModified":"2024-09-04","category":"serif","kind":"webfonts#webfont","menu":"https://fonts.gstatic.com/s/biorhymeexpanded/v21/i7dQIE1zZzytGswgU577CDY9LjbffxSVT3Q.ttf"},{"family":"Birthstone","version":"v14","lastModified":"2024-09-04","category":"handwriting","kind":"webfonts#webfont","menu":"https://fonts.gstatic.com/s/birthstone/v14/8AtsGs2xO4yLRhy87sv_LLjziQ.ttf"},{"family":"Birthstone Bounce","version":"v11","lastModified":"2024-09-04","category":"handwriting","kind":"webfonts#webfont","menu":"https://fonts.gstatic.com/s/birthstonebounce/v11/ga6XaxZF43lIvTWrktHOTBJZGH7dEdVIEoc.ttf"},{"family":"Biryani","version":"v13","lastModified":"2024-09-04","category":"sans-serif","kind":"webfonts#webfont","menu":"https://fonts.gstatic.com/s/biryani/v13/hv-WlzNxIFoO84YdfU0TOQ.ttf"},{"family":"Bitter","version":"v36","lastModified":"2024-09-04","category":"serif","kind":"webfonts#webfont","menu":"https://fonts.gstatic.com/s/bitter/v36/raxhHiqOu8IVPmnRc6SY1KXhnF_Y8fbfOL7OWA.ttf"},{"family":"BIZ UDGothic","version":"v12","lastModified":"2024-09-04","category":"sans-serif","kind":"webfonts#webfont","menu":"https://fonts.gstatic.com/s/bizudgothic/v12/daafSTouBF7RUjnbt8p3LuKdtAl5.ttf"},{"family":"BIZ UDMincho","version":"v11","lastModified":"2024-09-04","category":"serif","kind":"webfonts#webfont","menu":"https://fonts.gstatic.com/s/bizudmincho/v11/EJRRQgI6eOxFjBdKs38yhtWFdg7_.ttf"},{"family":"BIZ UDPGothic","version":"v14","lastModified":"2024-09-04","category":"sans-serif","kind":"webfonts#webfont","menu":"https://fonts.gstatic.com/s/bizudpgothic/v14/hES36X5pHAIBjmS84VL0Bue87nQGRQ.ttf"},{"family":"BIZ UDPMincho","version":"v11","lastModified":"2024-09-04","category":"serif","kind":"webfonts#webfont","menu":"https://fonts.gstatic.com/s/bizudpmincho/v11/ypvfbXOBrmYppy7oWWTg1_58rhlSsQ.ttf"},{"family":"Black And White Picture","version":"v29","lastModified":"2024-12-04","category":"display","kind":"webfonts#webfont","menu":"https://fonts.gstatic.com/s/blackandwhitepicture/v29/TwMe-JAERlQd3ooUHBUXGmrmioKjjnRSFO-NqL5GZ8c.ttf"},{"family":"Black Han Sans","version":"v23","lastModified":"2024-12-04","category":"sans-serif","kind":"webfonts#webfont","menu":"https://fonts.gstatic.com/s/blackhansans/v23/ea8Aad44WunzF9a-dL6toA8r8kqUK3A.ttf"},{"family":"Black Ops One","version":"v20","lastModified":"2024-09-04","category":"display","kind":"webfonts#webfont","menu":"https://fonts.gstatic.com/s/blackopsone/v20/qWcsB6-ypo7xBdr6Xshe96H3aD3bsg.ttf"},{"family":"Blaka","version":"v7","lastModified":"2024-09-04","category":"display","kind":"webfonts#webfont","menu":"https://fonts.gstatic.com/s/blaka/v7/8vIG7w8722p_6ndq0UQ.ttf"},{"family":"Blaka Hollow","version":"v7","lastModified":"2024-09-04","category":"display","kind":"webfonts#webfont","menu":"https://fonts.gstatic.com/s/blakahollow/v7/MCoUzAL91sjRE2FsKsxUtezoBtAB.ttf"},{"family":"Blaka Ink","version":"v8","lastModified":"2024-09-04","category":"display","kind":"webfonts#webfont","menu":"https://fonts.gstatic.com/s/blakaink/v8/AlZy_zVVtpj22Znag2cRdH38.ttf"},{"family":"Blinker","version":"v13","lastModified":"2024-08-12","category":"sans-serif","kind":"webfonts#webfont","menu":"https://fonts.gstatic.com/s/blinker/v13/cIf9MaFatEE-VTaP9CihZA.ttf"},{"family":"Bodoni Moda","version":"v25","lastModified":"2024-09-04","category":"serif","kind":"webfonts#webfont","menu":"https://fonts.gstatic.com/s/bodonimoda/v25/aFT67PxzY382XsXX63LUYL6GYFcan6NJrKp-VPjfJMShrpsGFUt8oU7a8IF4sQ.ttf"},{"family":"Bodoni Moda SC","version":"v1","lastModified":"2024-09-04","category":"serif","kind":"webfonts#webfont","menu":"https://fonts.gstatic.com/s/bodonimodasc/v1/LYjhdGTykkIgA8197UwkzHp8F-XUUG5UNs2KqliEb-g_DaUdIA6SfiYHbA7ubJ2R8A.ttf"},{"family":"Bokor","version":"v31","lastModified":"2024-12-04","category":"display","kind":"webfonts#webfont","menu":"https://fonts.gstatic.com/s/bokor/v31/m8JcjfpeeaqTiS2Xfo0.ttf"},{"family":"Bona Nova","version":"v11","lastModified":"2024-09-30","category":"serif","kind":"webfonts#webfont","menu":"https://fonts.gstatic.com/s/bonanova/v11/B50NF7ZCpX7fcHfvIUB5iqJu.ttf"},{"family":"Bona Nova SC","version":"v1","lastModified":"2024-09-04","category":"serif","kind":"webfonts#webfont","menu":"https://fonts.gstatic.com/s/bonanovasc/v1/mem5YaShyGWDiYdPG_c1Af4OVOhs.ttf"},{"family":"Bonbon","version":"v30","lastModified":"2024-09-04","category":"handwriting","kind":"webfonts#webfont","menu":"https://fonts.gstatic.com/s/bonbon/v30/0FlVVPeVlFec4eePcTsE.ttf"},{"family":"Bonheur Royale","version":"v13","lastModified":"2024-09-04","category":"handwriting","kind":"webfonts#webfont","menu":"https://fonts.gstatic.com/s/bonheurroyale/v13/c4m51nt_GMTrtX-b9GcG4-YRmbK-eUM.ttf"},{"family":"Boogaloo","version":"v23","lastModified":"2024-09-04","category":"display","kind":"webfonts#webfont","menu":"https://fonts.gstatic.com/s/boogaloo/v23/kmK-Zq45GAvOdnaW6y1E9y4.ttf"},{"family":"Borel","version":"v3","lastModified":"2024-09-04","category":"handwriting","kind":"webfonts#webfont","menu":"https://fonts.gstatic.com/s/borel/v3/6qLOKZsftAPisjsgaSc.ttf"},{"family":"Bowlby One","version":"v23","lastModified":"2024-09-04","category":"display","kind":"webfonts#webfont","menu":"https://fonts.gstatic.com/s/bowlbyone/v23/taiPGmVuC4y96PFeqp8sqo-I-Q.ttf"},{"family":"Bowlby One SC","version":"v25","lastModified":"2024-09-04","category":"display","kind":"webfonts#webfont","menu":"https://fonts.gstatic.com/s/bowlbyonesc/v25/DtVlJxerQqQm37tzN3wMug9P_gn2pw.ttf"},{"family":"Braah One","version":"v6","lastModified":"2024-09-04","category":"sans-serif","kind":"webfonts#webfont","menu":"https://fonts.gstatic.com/s/braahone/v6/KFOlCnWUpt6LsxxxiylfAhc9.ttf"},{"family":"Brawler","version":"v19","lastModified":"2024-09-04","category":"serif","kind":"webfonts#webfont","menu":"https://fonts.gstatic.com/s/brawler/v19/xn7gYHE3xXewAscGggGxTw.ttf"},{"family":"Bree Serif","version":"v17","lastModified":"2024-09-04","category":"serif","kind":"webfonts#webfont","menu":"https://fonts.gstatic.com/s/breeserif/v17/4UaHrEJCrhhnVA3DgluA96zp4g.ttf"},{"family":"Bricolage Grotesque","version":"v7","lastModified":"2024-09-04","category":"sans-serif","kind":"webfonts#webfont","menu":"https://fonts.gstatic.com/s/bricolagegrotesque/v7/3y9U6as8bTXq_nANBjzKo3IeZx8z6up5BeSl5jBNz_19PpbpMXuECpwUxJBOm_OJWiaaD30YfKfjZZoLvRvi-Mwltw.ttf"},{"family":"Bruno Ace","version":"v5","lastModified":"2024-09-04","category":"display","kind":"webfonts#webfont","menu":"https://fonts.gstatic.com/s/brunoace/v5/WwkcxPa2E06x4trkOj_UMaAI.ttf"},{"family":"Bruno Ace SC","version":"v5","lastModified":"2024-09-04","category":"display","kind":"webfonts#webfont","menu":"https://fonts.gstatic.com/s/brunoacesc/v5/ptROTiycffFLBuiHjdJDl63ILCtv.ttf"},{"family":"Brygada 1918","version":"v25","lastModified":"2024-09-30","category":"serif","kind":"webfonts#webfont","menu":"https://fonts.gstatic.com/s/brygada1918/v25/pe08MI6eKpdGqlF5LANrM--ACNaeo8mTUIR_y2-fyV4cvw.ttf"},{"family":"Bubblegum Sans","version":"v20","lastModified":"2024-09-04","category":"display","kind":"webfonts#webfont","menu":"https://fonts.gstatic.com/s/bubblegumsans/v20/AYCSpXb_Z9EORv1M5QTjEzMEteaGxIc.ttf"},{"family":"Bubbler One","version":"v21","lastModified":"2024-09-04","category":"sans-serif","kind":"webfonts#webfont","menu":"https://fonts.gstatic.com/s/bubblerone/v21/f0Xy0eqj68ppQV9KBLmAotHG0ac.ttf"},{"family":"Buda","version":"v29","lastModified":"2024-09-04","category":"display","kind":"webfonts#webfont","menu":"https://fonts.gstatic.com/s/buda/v29/GFDqWAN8mnyIJSSrK7QLqw.ttf"},{"family":"Buenard","version":"v17","lastModified":"2024-09-04","category":"serif","kind":"webfonts#webfont","menu":"https://fonts.gstatic.com/s/buenard/v17/OD5DuM6Cyma8FnnsDzb3rA.ttf"},{"family":"Bungee","version":"v15","lastModified":"2024-12-10","category":"display","kind":"webfonts#webfont","menu":"https://fonts.gstatic.com/s/bungee/v15/N0bU2SZBIuF2PU_0C3Rw.ttf"},{"family":"Bungee Hairline","version":"v24","lastModified":"2024-12-10","category":"display","kind":"webfonts#webfont","menu":"https://fonts.gstatic.com/s/bungeehairline/v24/snfys0G548t04270a_ljTLUVrv-LYReZ.ttf"},{"family":"Bungee Inline","version":"v17","lastModified":"2024-12-10","category":"display","kind":"webfonts#webfont","menu":"https://fonts.gstatic.com/s/bungeeinline/v17/Gg8zN58UcgnlCweMrih332VuPGN__A.ttf"},{"family":"Bungee Outline","version":"v22","lastModified":"2024-12-10","category":"display","kind":"webfonts#webfont","menu":"https://fonts.gstatic.com/s/bungeeoutline/v22/_6_mEDvmVP24UvU2MyiGDslL3Tg2aBY.ttf"},{"family":"Bungee Shade","version":"v15","lastModified":"2024-12-10","category":"display","kind":"webfonts#webfont","menu":"https://fonts.gstatic.com/s/bungeeshade/v15/DtVkJxarWL0t2KdzK3oI_jkc7yjW.ttf"},{"family":"Bungee Spice","version":"v13","lastModified":"2024-12-10","category":"display","kind":"webfonts#webfont","menu":"https://fonts.gstatic.com/s/bungeespice/v13/nwpTtK2nIhxE0q-IwgSpZBqyzig6.ttf"},{"family":"Bungee Tint","version":"v1","lastModified":"2024-09-04","category":"display","kind":"webfonts#webfont","menu":"https://fonts.gstatic.com/s/bungeetint/v1/J7abnpl_EGtUEuAJwN9WmotLOjg.ttf"},{"family":"Butcherman","version":"v24","lastModified":"2024-09-04","category":"display","kind":"webfonts#webfont","menu":"https://fonts.gstatic.com/s/butcherman/v24/2EbiL-thF0loflXUBOdb5zS5rw.ttf"},{"family":"Butterfly Kids","version":"v25","lastModified":"2024-09-04","category":"handwriting","kind":"webfonts#webfont","menu":"https://fonts.gstatic.com/s/butterflykids/v25/ll8lK2CWTjuqAsXDqlnIbMNs5R4bpRU.ttf"},{"family":"Cabin","version":"v27","lastModified":"2024-09-04","category":"sans-serif","kind":"webfonts#webfont","menu":"https://fonts.gstatic.com/s/cabin/v27/u-4X0qWljRw-PfU81xCKCpdpbgZJl6XFpfEd7eA9BIxxkV2EH7Clwg.ttf"},{"family":"Cabin Condensed","version":"v20","lastModified":"2024-09-04","category":"sans-serif","kind":"webfonts#webfont","menu":"https://fonts.gstatic.com/s/cabincondensed/v20/nwpMtK6mNhBK2err_hqkYhHRqmwqYeLd.ttf"},{"family":"Cabin Sketch","version":"v21","lastModified":"2024-09-04","category":"display","kind":"webfonts#webfont","menu":"https://fonts.gstatic.com/s/cabinsketch/v21/QGYpz_kZZAGCONcK2A4bGOj8nthI.ttf"},{"family":"Cactus Classical Serif","version":"v5","lastModified":"2024-09-04","category":"serif","kind":"webfonts#webfont","menu":"https://fonts.gstatic.com/s/cactusclassicalserif/v5/sZlVdQ6K-zJOCzUaS90zMNN-Ep-OoC8dZr0JJuFCEQ.ttf"},{"family":"Caesar Dressing","version":"v21","lastModified":"2024-09-04","category":"display","kind":"webfonts#webfont","menu":"https://fonts.gstatic.com/s/caesardressing/v21/yYLx0hLa3vawqtwdswbotmK4vrRHcLz-.ttf"},{"family":"Cagliostro","version":"v21","lastModified":"2024-09-04","category":"sans-serif","kind":"webfonts#webfont","menu":"https://fonts.gstatic.com/s/cagliostro/v21/ZgNWjP5HM73BV5amnX-TvGTONw.ttf"},{"family":"Cairo","version":"v28","lastModified":"2024-09-04","category":"sans-serif","kind":"webfonts#webfont","menu":"https://fonts.gstatic.com/s/cairo/v28/SLXgc1nY6HkvangtZmpQdkhzfH5lkSs2SgRjCAGMQ1z0hOA-a1XiKQ.ttf"},{"family":"Cairo Play","version":"v7","lastModified":"2024-09-04","category":"sans-serif","kind":"webfonts#webfont","menu":"https://fonts.gstatic.com/s/cairoplay/v7/wXKEE3QSpo4vpRz_mz6FP-8iaauCLt_Hjopv3miu5IvcJo49mOo1knYa9i_e.ttf"},{"family":"Caladea","version":"v7","lastModified":"2024-09-04","category":"serif","kind":"webfonts#webfont","menu":"https://fonts.gstatic.com/s/caladea/v7/kJEzBugZ7AAjhybUvR59_w.ttf"},{"family":"Calistoga","version":"v16","lastModified":"2024-09-04","category":"display","kind":"webfonts#webfont","menu":"https://fonts.gstatic.com/s/calistoga/v16/6NUU8F2OJg6MeR7l4e0ftcwE.ttf"},{"family":"Calligraffitti","version":"v19","lastModified":"2024-09-04","category":"handwriting","kind":"webfonts#webfont","menu":"https://fonts.gstatic.com/s/calligraffitti/v19/46k2lbT3XjDVqJw3DCmCFjE0vkFYOZI.ttf"},{"family":"Cambay","version":"v13","lastModified":"2024-12-04","category":"sans-serif","kind":"webfonts#webfont","menu":"https://fonts.gstatic.com/s/cambay/v13/SLXJc1rY6H0_ZDs2b76M.ttf"},{"family":"Cambo","version":"v18","lastModified":"2024-09-30","category":"serif","kind":"webfonts#webfont","menu":"https://fonts.gstatic.com/s/cambo/v18/IFSqHeNEk8FJk717qEo.ttf"},{"family":"Candal","version":"v15","lastModified":"2024-09-04","category":"sans-serif","kind":"webfonts#webfont","menu":"https://fonts.gstatic.com/s/candal/v15/XoHn2YH6T7-t_8c9ABQN.ttf"},{"family":"Cantarell","version":"v17","lastModified":"2024-09-04","category":"sans-serif","kind":"webfonts#webfont","menu":"https://fonts.gstatic.com/s/cantarell/v17/B50NF7ZDq37KMUvlO015iqJu.ttf"},{"family":"Cantata One","version":"v15","lastModified":"2024-09-04","category":"serif","kind":"webfonts#webfont","menu":"https://fonts.gstatic.com/s/cantataone/v15/PlI5Fl60Nb5obNzNe2jslWxFvcQ.ttf"},{"family":"Cantora One","version":"v19","lastModified":"2024-09-04","category":"sans-serif","kind":"webfonts#webfont","menu":"https://fonts.gstatic.com/s/cantoraone/v19/gyB4hws1JdgnKy56GB_JX5zcbY8.ttf"},{"family":"Caprasimo","version":"v5","lastModified":"2024-09-04","category":"display","kind":"webfonts#webfont","menu":"https://fonts.gstatic.com/s/caprasimo/v5/esDT31JQOPuXIUGBp72UlJ8G.ttf"},{"family":"Capriola","version":"v14","lastModified":"2024-09-04","category":"sans-serif","kind":"webfonts#webfont","menu":"https://fonts.gstatic.com/s/capriola/v14/wXKoE3YSppcvo1PDlk_9JeQ.ttf"},{"family":"Caramel","version":"v7","lastModified":"2024-09-04","category":"handwriting","kind":"webfonts#webfont","menu":"https://fonts.gstatic.com/s/caramel/v7/P5sCzZKBbMTf_Shy9CVkjQ.ttf"},{"family":"Carattere","version":"v7","lastModified":"2024-09-04","category":"handwriting","kind":"webfonts#webfont","menu":"https://fonts.gstatic.com/s/carattere/v7/4iCv6Kp1b9dXlgt_CkvjtmyI.ttf"},{"family":"Cardo","version":"v19","lastModified":"2024-09-04","category":"serif","kind":"webfonts#webfont","menu":"https://fonts.gstatic.com/s/cardo/v19/wlp_gwjKBV1pqhv-3IQ.ttf"},{"family":"Carlito","version":"v3","lastModified":"2024-09-04","category":"sans-serif","kind":"webfonts#webfont","menu":"https://fonts.gstatic.com/s/carlito/v3/3Jn9SDPw3m-pk039DDGBSQ.ttf"},{"family":"Carme","version":"v16","lastModified":"2024-08-12","category":"sans-serif","kind":"webfonts#webfont","menu":"https://fonts.gstatic.com/s/carme/v16/ptRHTiWdbvZIDNjHzrc.ttf"},{"family":"Carrois Gothic","version":"v16","lastModified":"2024-09-04","category":"sans-serif","kind":"webfonts#webfont","menu":"https://fonts.gstatic.com/s/carroisgothic/v16/Z9XPDmFATg-N1PLtLOOxvIHl9amC1Co.ttf"},{"family":"Carrois Gothic SC","version":"v15","lastModified":"2024-09-04","category":"sans-serif","kind":"webfonts#webfont","menu":"https://fonts.gstatic.com/s/carroisgothicsc/v15/ZgNJjOVHM6jfUZCmyUqT2A2HVKjc-18mPnI.ttf"},{"family":"Carter One","version":"v17","lastModified":"2024-09-04","category":"display","kind":"webfonts#webfont","menu":"https://fonts.gstatic.com/s/carterone/v17/q5uCsoe5IOB2-pXv9UcNExV8gQ.ttf"},{"family":"Castoro","version":"v19","lastModified":"2024-09-04","category":"serif","kind":"webfonts#webfont","menu":"https://fonts.gstatic.com/s/castoro/v19/1q2GY5yMCld3-O4cLYlOyA.ttf"},{"family":"Castoro Titling","version":"v8","lastModified":"2024-09-04","category":"display","kind":"webfonts#webfont","menu":"https://fonts.gstatic.com/s/castorotitling/v8/buEupouwccj03leTfjUAhEZWlrNaYw0g.ttf"},{"family":"Catamaran","version":"v19","lastModified":"2024-09-04","category":"sans-serif","kind":"webfonts#webfont","menu":"https://fonts.gstatic.com/s/catamaran/v19/o-0bIpQoyXQa2RxT7-5B6Ryxs2E_6n1iPHjd5ajdvg.ttf"},{"family":"Caudex","version":"v17","lastModified":"2024-09-04","category":"serif","kind":"webfonts#webfont","menu":"https://fonts.gstatic.com/s/caudex/v17/esDQ311QOP6BJUr4y_KE.ttf"},{"family":"Caveat","version":"v18","lastModified":"2024-09-04","category":"handwriting","kind":"webfonts#webfont","menu":"https://fonts.gstatic.com/s/caveat/v18/WnznHAc5bAfYB2QRah7pcpNvOx-pjfJ9eIOpZA.ttf"},{"family":"Caveat Brush","version":"v11","lastModified":"2024-09-04","category":"handwriting","kind":"webfonts#webfont","menu":"https://fonts.gstatic.com/s/caveatbrush/v11/EYq0maZfwr9S9-ETZc3fKXt8WrOX.ttf"},{"family":"Cedarville Cursive","version":"v17","lastModified":"2024-09-04","category":"handwriting","kind":"webfonts#webfont","menu":"https://fonts.gstatic.com/s/cedarvillecursive/v17/yYL00g_a2veiudhUmxjo5VKkoqA-B_nuJLp1.ttf"},{"family":"Ceviche One","version":"v16","lastModified":"2024-09-04","category":"display","kind":"webfonts#webfont","menu":"https://fonts.gstatic.com/s/cevicheone/v16/gyB4hws1IcA6JzR-GB_JX5zcbY8.ttf"},{"family":"Chakra Petch","version":"v11","lastModified":"2024-09-04","category":"sans-serif","kind":"webfonts#webfont","menu":"https://fonts.gstatic.com/s/chakrapetch/v11/cIf6MapbsEk7TDLdtEz1BwkWmapl.ttf"},{"family":"Changa","version":"v27","lastModified":"2024-09-04","category":"sans-serif","kind":"webfonts#webfont","menu":"https://fonts.gstatic.com/s/changa/v27/2-c79JNi2YuVOUcOarRPgnNGooxCZ62xcjHj8g.ttf"},{"family":"Changa One","version":"v20","lastModified":"2024-09-04","category":"display","kind":"webfonts#webfont","menu":"https://fonts.gstatic.com/s/changaone/v20/xfu00W3wXn3QLUJXhzq42AfivA.ttf"},{"family":"Chango","version":"v27","lastModified":"2024-09-04","category":"display","kind":"webfonts#webfont","menu":"https://fonts.gstatic.com/s/chango/v27/2V0cKI0OB5U7WaJCzne8.ttf"},{"family":"Charis SIL","version":"v2","lastModified":"2024-09-04","category":"serif","kind":"webfonts#webfont","menu":"https://fonts.gstatic.com/s/charissil/v2/oPWK_kV3l-s-Q8govXvKnPvsZg.ttf"},{"family":"Charm","version":"v11","lastModified":"2024-09-04","category":"handwriting","kind":"webfonts#webfont","menu":"https://fonts.gstatic.com/s/charm/v11/7cHmv4oii5K0MdYuK-s.ttf"},{"family":"Charmonman","version":"v18","lastModified":"2024-09-04","category":"handwriting","kind":"webfonts#webfont","menu":"https://fonts.gstatic.com/s/charmonman/v18/MjQDmiR3vP_nuxDv47jiaJCiuA.ttf"},{"family":"Chathura","version":"v21","lastModified":"2024-12-04","category":"sans-serif","kind":"webfonts#webfont","menu":"https://fonts.gstatic.com/s/chathura/v21/_gP71R7-rzUuVjim428hq0Q.ttf"},{"family":"Chau Philomene One","version":"v15","lastModified":"2024-09-04","category":"sans-serif","kind":"webfonts#webfont","menu":"https://fonts.gstatic.com/s/chauphilomeneone/v15/55xxezRsPtfie1vPY49qzdgSlJiHRQFcnYZ_.ttf"},{"family":"Chela One","version":"v21","lastModified":"2024-09-04","category":"display","kind":"webfonts#webfont","menu":"https://fonts.gstatic.com/s/chelaone/v21/6ae-4KC7Uqgdz_JZdPIC3lHS.ttf"},{"family":"Chelsea Market","version":"v13","lastModified":"2024-09-04","category":"display","kind":"webfonts#webfont","menu":"https://fonts.gstatic.com/s/chelseamarket/v13/BCawqZsHqfr89WNP_IApC8tzKChkJgo.ttf"},{"family":"Chenla","version":"v25","lastModified":"2022-09-22","category":"display","kind":"webfonts#webfont","menu":"https://fonts.gstatic.com/s/chenla/v25/SZc43FDpIKu8WZ9uXh3s.ttf"},{"family":"Cherish","version":"v8","lastModified":"2024-09-04","category":"handwriting","kind":"webfonts#webfont","menu":"https://fonts.gstatic.com/s/cherish/v8/ll88K2mXUyqsDsTN1iHIJw.ttf"},{"family":"Cherry Bomb One","version":"v9","lastModified":"2024-08-07","category":"display","kind":"webfonts#webfont","menu":"https://fonts.gstatic.com/s/cherrybombone/v9/y83DW4od1h6KlV3c6JJhRhGOdhr6DdBB.ttf"},{"family":"Cherry Cream Soda","version":"v21","lastModified":"2024-09-04","category":"display","kind":"webfonts#webfont","menu":"https://fonts.gstatic.com/s/cherrycreamsoda/v21/UMBIrOxBrW6w2FFyi9paG0fdVdRciQd7A9o.ttf"},{"family":"Cherry Swash","version":"v20","lastModified":"2024-09-04","category":"display","kind":"webfonts#webfont","menu":"https://fonts.gstatic.com/s/cherryswash/v20/i7dNIFByZjaNAMxtZcnfAy5MQXK6.ttf"},{"family":"Chewy","version":"v18","lastModified":"2024-09-04","category":"display","kind":"webfonts#webfont","menu":"https://fonts.gstatic.com/s/chewy/v18/uK_94ruUb-k-wn5wKjc.ttf"},{"family":"Chicle","version":"v25","lastModified":"2024-09-04","category":"display","kind":"webfonts#webfont","menu":"https://fonts.gstatic.com/s/chicle/v25/lJwG-pw9i2dqU-BzyGiq.ttf"},{"family":"Chilanka","version":"v22","lastModified":"2024-12-04","category":"handwriting","kind":"webfonts#webfont","menu":"https://fonts.gstatic.com/s/chilanka/v22/WWXRlj2DZQiMJYaYRoJRKdU.ttf"},{"family":"Chivo","version":"v18","lastModified":"2024-09-04","category":"sans-serif","kind":"webfonts#webfont","menu":"https://fonts.gstatic.com/s/chivo/v18/va9b4kzIxd1KFppkaRKvDRPJVDf_vB_elmrW.ttf"},{"family":"Chivo Mono","version":"v9","lastModified":"2024-09-04","category":"monospace","kind":"webfonts#webfont","menu":"https://fonts.gstatic.com/s/chivomono/v9/mFThWbgRxKvF_Z5eQMO9qRMrJJrnKNtC3D7hr5fUIJw.ttf"},{"family":"Chocolate Classical Sans","version":"v5","lastModified":"2024-09-04","category":"sans-serif","kind":"webfonts#webfont","menu":"https://fonts.gstatic.com/s/chocolateclassicalsans/v5/nuFqD-PLTZX4XIgT-P2ToCDudWHHflqUpTpfjWdzPYeN.ttf"},{"family":"Chokokutai","version":"v10","lastModified":"2024-08-07","category":"display","kind":"webfonts#webfont","menu":"https://fonts.gstatic.com/s/chokokutai/v10/kmK4Zqw4HwvCeHGM8Fwsxy_4og.ttf"},{"family":"Chonburi","version":"v12","lastModified":"2024-09-04","category":"display","kind":"webfonts#webfont","menu":"https://fonts.gstatic.com/s/chonburi/v12/8AtqGs-wOpGRTBq66LWbHLk.ttf"},{"family":"Cinzel","version":"v23","lastModified":"2024-09-04","category":"serif","kind":"webfonts#webfont","menu":"https://fonts.gstatic.com/s/cinzel/v23/8vIU7ww63mVu7gtR-kwKxNvkNOjw-tbnfYvlCA.ttf"},{"family":"Cinzel Decorative","version":"v17","lastModified":"2024-11-20","category":"display","kind":"webfonts#webfont","menu":"https://fonts.gstatic.com/s/cinzeldecorative/v17/daaCSScvJGqLYhG8nNt8KPPswUAPni7VTMk.ttf"},{"family":"Clicker Script","version":"v13","lastModified":"2024-09-04","category":"handwriting","kind":"webfonts#webfont","menu":"https://fonts.gstatic.com/s/clickerscript/v13/raxkHiKPvt8CMH6ZWP8PdlEq71rZ0T4.ttf"},{"family":"Climate Crisis","version":"v8","lastModified":"2024-09-04","category":"display","kind":"webfonts#webfont","menu":"https://fonts.gstatic.com/s/climatecrisis/v8/wEOpEB3AntNeKCPBVW9XOKlmp3AUgWFN1DvIvcM0gFpKjK8v.ttf"},{"family":"Coda","version":"v21","lastModified":"2024-09-04","category":"display","kind":"webfonts#webfont","menu":"https://fonts.gstatic.com/s/coda/v21/SLXHc1jY5nQ8FUMGbg.ttf"},{"family":"Codystar","version":"v17","lastModified":"2024-09-04","category":"display","kind":"webfonts#webfont","menu":"https://fonts.gstatic.com/s/codystar/v17/FwZY7-Q1xVk-40qxOu6B6Mw.ttf"},{"family":"Coiny","version":"v16","lastModified":"2024-09-04","category":"display","kind":"webfonts#webfont","menu":"https://fonts.gstatic.com/s/coiny/v16/gyByhwU1K989PUwaGFA.ttf"},{"family":"Combo","version":"v21","lastModified":"2024-09-04","category":"display","kind":"webfonts#webfont","menu":"https://fonts.gstatic.com/s/combo/v21/BXRlvF3Jh_fIhj0jDOs.ttf"},{"family":"Comfortaa","version":"v45","lastModified":"2024-09-04","category":"display","kind":"webfonts#webfont","menu":"https://fonts.gstatic.com/s/comfortaa/v45/1Pt_g8LJRfWJmhDAuUsSQamb1W0lwk4S4WjMDrUfJQ.ttf"},{"family":"Comforter","version":"v7","lastModified":"2024-09-04","category":"handwriting","kind":"webfonts#webfont","menu":"https://fonts.gstatic.com/s/comforter/v7/H4clBXOCl8nQnlaql3Qq6Zu4.ttf"},{"family":"Comforter Brush","version":"v7","lastModified":"2024-09-04","category":"handwriting","kind":"webfonts#webfont","menu":"https://fonts.gstatic.com/s/comforterbrush/v7/Y4GTYa1xVSggrfzZI5WMjxRaOz0Twbj5.ttf"},{"family":"Comic Neue","version":"v8","lastModified":"2024-09-04","category":"handwriting","kind":"webfonts#webfont","menu":"https://fonts.gstatic.com/s/comicneue/v8/4UaHrEJDsxBrF37olUeD96zp4g.ttf"},{"family":"Coming Soon","version":"v19","lastModified":"2024-09-04","category":"handwriting","kind":"webfonts#webfont","menu":"https://fonts.gstatic.com/s/comingsoon/v19/qWcuB6mzpYL7AJ2VfdQR1t-TWDw.ttf"},{"family":"Comme","version":"v2","lastModified":"2024-09-04","category":"sans-serif","kind":"webfonts#webfont","menu":"https://fonts.gstatic.com/s/comme/v2/8QIUdirKhMbn-uG1kHz0MgviDe1z5cFb6oQb.ttf"},{"family":"Commissioner","version":"v20","lastModified":"2024-09-04","category":"sans-serif","kind":"webfonts#webfont","menu":"https://fonts.gstatic.com/s/commissioner/v20/tDaH2o2WnlgI0FNDgduEk4jAhwgumbU1SVfU5BD8OuRL8OstC6KOhgvBYWSFJ-Mgdrgiju6fF8meZm0rk4eF-ZugTMNdKPaxEg.ttf"},{"family":"Concert One","version":"v22","lastModified":"2024-09-04","category":"display","kind":"webfonts#webfont","menu":"https://fonts.gstatic.com/s/concertone/v22/VEM1Ro9xs5PjtzCu-srDqSTkjPs.ttf"},{"family":"Condiment","version":"v24","lastModified":"2024-09-04","category":"handwriting","kind":"webfonts#webfont","menu":"https://fonts.gstatic.com/s/condiment/v24/pONk1hggFNmwvXALyH6iqoP8.ttf"},{"family":"Content","version":"v27","lastModified":"2024-12-04","category":"display","kind":"webfonts#webfont","menu":"https://fonts.gstatic.com/s/content/v27/zrfl0HLayePhU_AwYaH4Jg.ttf"},{"family":"Contrail One","version":"v19","lastModified":"2024-09-04","category":"display","kind":"webfonts#webfont","menu":"https://fonts.gstatic.com/s/contrailone/v19/eLGbP-j_JA-kG0_Zo51noaftZEHp.ttf"},{"family":"Convergence","version":"v15","lastModified":"2024-09-04","category":"sans-serif","kind":"webfonts#webfont","menu":"https://fonts.gstatic.com/s/convergence/v15/rax5HiePvdgXPmmMHcIPYShbu0o.ttf"},{"family":"Cookie","version":"v21","lastModified":"2024-09-04","category":"handwriting","kind":"webfonts#webfont","menu":"https://fonts.gstatic.com/s/cookie/v21/syky-y18lb0tSbf9lAqX.ttf"},{"family":"Copse","version":"v15","lastModified":"2024-09-04","category":"serif","kind":"webfonts#webfont","menu":"https://fonts.gstatic.com/s/copse/v15/11hPGpDKz1rGb3diFEw.ttf"},{"family":"Corben","version":"v21","lastModified":"2024-09-04","category":"display","kind":"webfonts#webfont","menu":"https://fonts.gstatic.com/s/corben/v21/LYjDdGzzklQtCMpNoQNA.ttf"},{"family":"Corinthia","version":"v11","lastModified":"2024-09-04","category":"handwriting","kind":"webfonts#webfont","menu":"https://fonts.gstatic.com/s/corinthia/v11/wEO_EBrAnchaJyPMHE01UPoP.ttf"},{"family":"Cormorant","version":"v21","lastModified":"2024-09-04","category":"serif","kind":"webfonts#webfont","menu":"https://fonts.gstatic.com/s/cormorant/v21/H4c2BXOCl9bbnla_nHIA47NMUjsNbCVrFhFTc7Vq6A.ttf"},{"family":"Cormorant Garamond","version":"v16","lastModified":"2024-09-04","category":"serif","kind":"webfonts#webfont","menu":"https://fonts.gstatic.com/s/cormorantgaramond/v16/co3bmX5slCNuHLi8bLeY9MK7whWMhyjYr3tP.ttf"},{"family":"Cormorant Infant","version":"v17","lastModified":"2024-09-04","category":"serif","kind":"webfonts#webfont","menu":"https://fonts.gstatic.com/s/cormorantinfant/v17/HhyPU44g9vKiM1sORYSiWeAsLN997_EV3A.ttf"},{"family":"Cormorant SC","version":"v18","lastModified":"2024-09-04","category":"serif","kind":"webfonts#webfont","menu":"https://fonts.gstatic.com/s/cormorantsc/v18/0yb5GD4kxqXBmOVLG30OGwsurTA0.ttf"},{"family":"Cormorant Unicase","version":"v24","lastModified":"2024-09-04","category":"serif","kind":"webfonts#webfont","menu":"https://fonts.gstatic.com/s/cormorantunicase/v24/HI_QiZUaILtOqhqgDeXoF_n1_fTGX9vSlMc.ttf"},{"family":"Cormorant Upright","version":"v18","lastModified":"2024-09-04","category":"serif","kind":"webfonts#webfont","menu":"https://fonts.gstatic.com/s/cormorantupright/v18/VuJrdM3I2Y35poFONtLdafkUCHw1y1vUhDA.ttf"},{"family":"Courgette","version":"v17","lastModified":"2024-09-04","category":"handwriting","kind":"webfonts#webfont","menu":"https://fonts.gstatic.com/s/courgette/v17/wEO_EBrAnc9BLjLQAUk1UPoP.ttf"},{"family":"Courier Prime","version":"v9","lastModified":"2024-09-04","category":"monospace","kind":"webfonts#webfont","menu":"https://fonts.gstatic.com/s/courierprime/v9/u-450q2lgwslOqpF_6gQ8kELawdpXw.ttf"},{"family":"Cousine","version":"v27","lastModified":"2024-09-04","category":"monospace","kind":"webfonts#webfont","menu":"https://fonts.gstatic.com/s/cousine/v27/d6lIkaiiRdih4SpP_SIvyQ.ttf"},{"family":"Coustard","version":"v16","lastModified":"2024-09-04","category":"serif","kind":"webfonts#webfont","menu":"https://fonts.gstatic.com/s/coustard/v16/3XFpErgg3YsZ5fqUU-UOt2E.ttf"},{"family":"Covered By Your Grace","version":"v16","lastModified":"2024-11-20","category":"handwriting","kind":"webfonts#webfont","menu":"https://fonts.gstatic.com/s/coveredbyyourgrace/v16/QGYwz-AZahWOJJI9kykWW9mD6opopoqXSOSEFwgp.ttf"},{"family":"Crafty Girls","version":"v16","lastModified":"2024-09-04","category":"handwriting","kind":"webfonts#webfont","menu":"https://fonts.gstatic.com/s/craftygirls/v16/va9B4kXI39VaDdlPJo8N_NveQBf_.ttf"},{"family":"Creepster","version":"v13","lastModified":"2024-09-04","category":"display","kind":"webfonts#webfont","menu":"https://fonts.gstatic.com/s/creepster/v13/AlZy_zVUqJz4yMrniH4RdH38.ttf"},{"family":"Crete Round","version":"v15","lastModified":"2024-09-04","category":"serif","kind":"webfonts#webfont","menu":"https://fonts.gstatic.com/s/creteround/v15/55xoey1sJNPjPiv1ZZZrxK190bg.ttf"},{"family":"Crimson Pro","version":"v24","lastModified":"2024-09-04","category":"serif","kind":"webfonts#webfont","menu":"https://fonts.gstatic.com/s/crimsonpro/v24/q5uUsoa5M_tv7IihmnkabC5XiXCAlXGks1WZzm1MOZs7.ttf"},{"family":"Crimson Text","version":"v19","lastModified":"2024-09-04","category":"serif","kind":"webfonts#webfont","menu":"https://fonts.gstatic.com/s/crimsontext/v19/wlp2gwHKFkZgtmSR3NB0oRJfaQhW.ttf"},{"family":"Croissant One","version":"v26","lastModified":"2024-09-04","category":"display","kind":"webfonts#webfont","menu":"https://fonts.gstatic.com/s/croissantone/v26/3y9n6bU9bTPg4m8NDy3Kq24UA3tgmw.ttf"},{"family":"Crushed","version":"v30","lastModified":"2024-11-20","category":"display","kind":"webfonts#webfont","menu":"https://fonts.gstatic.com/s/crushed/v30/U9Mc6dym6WXImTlFf1gVvA.ttf"},{"family":"Cuprum","version":"v25","lastModified":"2024-09-04","category":"sans-serif","kind":"webfonts#webfont","menu":"https://fonts.gstatic.com/s/cuprum/v25/dg45_pLmvrkcOkBnKsOzXyGWTBcmg-X6Vj3YIg.ttf"},{"family":"Cute Font","version":"v27","lastModified":"2024-12-04","category":"display","kind":"webfonts#webfont","menu":"https://fonts.gstatic.com/s/cutefont/v27/Noaw6Uny2oWPbSHMrY6fmZlR.ttf"},{"family":"Cutive","version":"v22","lastModified":"2024-09-04","category":"serif","kind":"webfonts#webfont","menu":"https://fonts.gstatic.com/s/cutive/v22/NaPZcZ_fHOhV3IpLTvJH.ttf"},{"family":"Cutive Mono","version":"v21","lastModified":"2024-09-04","category":"monospace","kind":"webfonts#webfont","menu":"https://fonts.gstatic.com/s/cutivemono/v21/m8JWjfRfY7WVjVi2E-K9H6RETms.ttf"},{"family":"Dai Banna SIL","version":"v2","lastModified":"2024-09-04","category":"serif","kind":"webfonts#webfont","menu":"https://fonts.gstatic.com/s/daibannasil/v2/lW-4wj0AJWmpwGyJ2uEoA4I7vS-KLg.ttf"},{"family":"Damion","version":"v15","lastModified":"2024-09-04","category":"handwriting","kind":"webfonts#webfont","menu":"https://fonts.gstatic.com/s/damion/v15/hv-XlzJ3KEUe_YZkbGwz.ttf"},{"family":"Dancing Script","version":"v25","lastModified":"2024-09-04","category":"handwriting","kind":"webfonts#webfont","menu":"https://fonts.gstatic.com/s/dancingscript/v25/If2cXTr6YS-zF4S-kcSWSVi_sxjsohD9F50Ruu7BMSo3TOp5.ttf"},{"family":"Danfo","version":"v3","lastModified":"2024-09-04","category":"serif","kind":"webfonts#webfont","menu":"https://fonts.gstatic.com/s/danfo/v3/snf3s0u_98t16THfK1Csj3N41ZqbYDeJSrdX.ttf"},{"family":"Dangrek","version":"v31","lastModified":"2024-12-04","category":"display","kind":"webfonts#webfont","menu":"https://fonts.gstatic.com/s/dangrek/v31/LYjCdG30nEgoH8E2sCJgrQ.ttf"},{"family":"Darker Grotesque","version":"v8","lastModified":"2024-09-04","category":"sans-serif","kind":"webfonts#webfont","menu":"https://fonts.gstatic.com/s/darkergrotesque/v8/U9MK6cuh-mLQlC4BKCtayOfARkSVgb381b-W8-QDqXw3qk7z83U.ttf"},{"family":"Darumadrop One","version":"v12","lastModified":"2024-08-07","category":"display","kind":"webfonts#webfont","menu":"https://fonts.gstatic.com/s/darumadropone/v12/cY9cfjeIW11dpCKgRLi675a87LhGDpc.ttf"},{"family":"David Libre","version":"v16","lastModified":"2024-09-04","category":"serif","kind":"webfonts#webfont","menu":"https://fonts.gstatic.com/s/davidlibre/v16/snfus0W_99N64iuYSvp4W8l94Jo.ttf"},{"family":"Dawning of a New Day","version":"v20","lastModified":"2024-09-04","category":"handwriting","kind":"webfonts#webfont","menu":"https://fonts.gstatic.com/s/dawningofanewday/v20/t5t_IQMbOp2SEwuncwLRjMfIg1yYit_nAw8aj2Y.ttf"},{"family":"Days One","version":"v18","lastModified":"2024-09-04","category":"sans-serif","kind":"webfonts#webfont","menu":"https://fonts.gstatic.com/s/daysone/v18/mem9YaCnxnKRiYZOCIYUcr0.ttf"},{"family":"Dekko","version":"v21","lastModified":"2024-08-12","category":"handwriting","kind":"webfonts#webfont","menu":"https://fonts.gstatic.com/s/dekko/v21/46khlb_wWjfSrutETU8.ttf"},{"family":"Dela Gothic One","version":"v17","lastModified":"2024-12-04","category":"display","kind":"webfonts#webfont","menu":"https://fonts.gstatic.com/s/delagothicone/v17/hESp6XxvMDRA-2eD0lXpDa6QkBA2REEN.ttf"},{"family":"Delicious Handrawn","version":"v8","lastModified":"2024-09-04","category":"handwriting","kind":"webfonts#webfont","menu":"https://fonts.gstatic.com/s/delicioushandrawn/v8/wlpsgx_NAUNkpmKQifcxkQchDFo3fJ1F3ZBH.ttf"},{"family":"Delius","version":"v19","lastModified":"2024-09-04","category":"handwriting","kind":"webfonts#webfont","menu":"https://fonts.gstatic.com/s/delius/v19/PN_xRfK0pW_9e1rdYMg6.ttf"},{"family":"Delius Swash Caps","version":"v23","lastModified":"2024-09-04","category":"handwriting","kind":"webfonts#webfont","menu":"https://fonts.gstatic.com/s/deliusswashcaps/v23/oY1E8fPLr7v4JWCExZpWebxVKORpXUecIGM.ttf"},{"family":"Delius Unicase","version":"v28","lastModified":"2024-09-04","category":"handwriting","kind":"webfonts#webfont","menu":"https://fonts.gstatic.com/s/deliusunicase/v28/845BNMEwEIOVT8BmgfSzIr_6mlLGfeo.ttf"},{"family":"Della Respira","version":"v22","lastModified":"2024-09-04","category":"serif","kind":"webfonts#webfont","menu":"https://fonts.gstatic.com/s/dellarespira/v22/RLp5K5v44KaueWI6iEJQBiGPdfgYvw.ttf"},{"family":"Denk One","version":"v19","lastModified":"2024-09-04","category":"sans-serif","kind":"webfonts#webfont","menu":"https://fonts.gstatic.com/s/denkone/v19/dg4m_pzhrqcFb2IzRNtGr7w.ttf"},{"family":"Devonshire","version":"v27","lastModified":"2024-09-04","category":"handwriting","kind":"webfonts#webfont","menu":"https://fonts.gstatic.com/s/devonshire/v27/46kqlbDwWirWr4gtBD2Bb0Rg1w.ttf"},{"family":"Dhurjati","version":"v25","lastModified":"2024-12-04","category":"sans-serif","kind":"webfonts#webfont","menu":"https://fonts.gstatic.com/s/dhurjati/v25/_6_8ED3gSeatXfFiFU3zQqA.ttf"},{"family":"Didact Gothic","version":"v20","lastModified":"2024-09-04","category":"sans-serif","kind":"webfonts#webfont","menu":"https://fonts.gstatic.com/s/didactgothic/v20/ahcfv8qz1zt6hCC5G4F_P4ASlU2Yow.ttf"},{"family":"Diphylleia","version":"v1","lastModified":"2024-09-04","category":"serif","kind":"webfonts#webfont","menu":"https://fonts.gstatic.com/s/diphylleia/v1/DtVmJxCtRKMixK4_HXsIil0s7g.ttf"},{"family":"Diplomata","version":"v31","lastModified":"2024-09-04","category":"display","kind":"webfonts#webfont","menu":"https://fonts.gstatic.com/s/diplomata/v31/Cn-0JtiMXwhNwp-wKxyvYWZc.ttf"},{"family":"Diplomata SC","version":"v28","lastModified":"2024-09-04","category":"display","kind":"webfonts#webfont","menu":"https://fonts.gstatic.com/s/diplomatasc/v28/buExpoi3ecvs3kidKgBJo2kv-fRK.ttf"},{"family":"DM Mono","version":"v14","lastModified":"2024-09-04","category":"monospace","kind":"webfonts#webfont","menu":"https://fonts.gstatic.com/s/dmmono/v14/aFTU7PB1QTsUX8KYthyQAQ.ttf"},{"family":"DM Sans","version":"v15","lastModified":"2024-09-04","category":"sans-serif","kind":"webfonts#webfont","menu":"https://fonts.gstatic.com/s/dmsans/v15/rP2tp2ywxg089UriI5-g4vlH9VoD8CmcqZG40F9JadbnoEwAopxRT23z.ttf"},{"family":"DM Serif Display","version":"v15","lastModified":"2024-09-04","category":"serif","kind":"webfonts#webfont","menu":"https://fonts.gstatic.com/s/dmserifdisplay/v15/-nFnOHM81r4j6k0gjAW3mujVU2B2G_Zx1w.ttf"},{"family":"DM Serif Text","version":"v12","lastModified":"2024-09-04","category":"serif","kind":"webfonts#webfont","menu":"https://fonts.gstatic.com/s/dmseriftext/v12/rnCu-xZa_krGokauCeNq1wWyWfKFWA.ttf"},{"family":"Do Hyeon","version":"v19","lastModified":"2024-08-12","category":"sans-serif","kind":"webfonts#webfont","menu":"https://fonts.gstatic.com/s/dohyeon/v19/TwMN-I8CRRU2zM86HGE2bQI.ttf"},{"family":"Dokdo","version":"v22","lastModified":"2024-12-04","category":"display","kind":"webfonts#webfont","menu":"https://fonts.gstatic.com/s/dokdo/v22/esDf315XNuCBLyLp6tI.ttf"},{"family":"Domine","version":"v23","lastModified":"2024-09-04","category":"serif","kind":"webfonts#webfont","menu":"https://fonts.gstatic.com/s/domine/v23/L0xhDFMnlVwD4h3Lt9JWnbX3jG-2X3LAE1wfFg.ttf"},{"family":"Donegal One","version":"v21","lastModified":"2024-09-04","category":"serif","kind":"webfonts#webfont","menu":"https://fonts.gstatic.com/s/donegalone/v21/m8JWjfRYea-ZnFz6fsK9FaRETms.ttf"},{"family":"Dongle","version":"v15","lastModified":"2024-11-20","category":"sans-serif","kind":"webfonts#webfont","menu":"https://fonts.gstatic.com/s/dongle/v15/sJoF3Ltdjt6VPkqWvO5L.ttf"},{"family":"Doppio One","version":"v13","lastModified":"2024-09-04","category":"sans-serif","kind":"webfonts#webfont","menu":"https://fonts.gstatic.com/s/doppioone/v13/Gg8wN5gSaBfyBw2MqCh-pgorLA.ttf"},{"family":"Dorsa","version":"v27","lastModified":"2024-09-04","category":"sans-serif","kind":"webfonts#webfont","menu":"https://fonts.gstatic.com/s/dorsa/v27/yYLn0hjd0OGwqr4813Q.ttf"},{"family":"Dosis","version":"v32","lastModified":"2024-09-04","category":"sans-serif","kind":"webfonts#webfont","menu":"https://fonts.gstatic.com/s/dosis/v32/HhyJU5sn9vOmLxNkIwRSjTVNWLEJN7Ml3RMB.ttf"},{"family":"DotGothic16","version":"v19","lastModified":"2024-12-04","category":"sans-serif","kind":"webfonts#webfont","menu":"https://fonts.gstatic.com/s/dotgothic16/v19/v6-QGYjBJFKgyw5nSoDAGH7K6Xo.ttf"},{"family":"Doto","version":"v1","lastModified":"2024-11-07","category":"sans-serif","kind":"webfonts#webfont","menu":"https://fonts.gstatic.com/s/doto/v1/t5tJIRMbNJ6TQG7Il_EKPqP9zTnvqqGNcuvLMt1JIphFOOKuzk-W.ttf"},{"family":"Dr Sugiyama","version":"v28","lastModified":"2024-09-04","category":"handwriting","kind":"webfonts#webfont","menu":"https://fonts.gstatic.com/s/drsugiyama/v28/HTxoL2k4N3O9n5I1boGI7ZbQOYs.ttf"},{"family":"Duru Sans","version":"v20","lastModified":"2024-09-04","category":"sans-serif","kind":"webfonts#webfont","menu":"https://fonts.gstatic.com/s/durusans/v20/xn7iYH8xwmSyTvEV_HOBTv3c.ttf"},{"family":"Dynalight","version":"v22","lastModified":"2024-09-04","category":"display","kind":"webfonts#webfont","menu":"https://fonts.gstatic.com/s/dynalight/v22/1Ptsg8LOU_aOmQvTsF44S4Fv.ttf"},{"family":"DynaPuff","version":"v4","lastModified":"2024-09-04","category":"display","kind":"webfonts#webfont","menu":"https://fonts.gstatic.com/s/dynapuff/v4/z7N5dRvsZDIVHbYPMhZJ3HQ83UaSu4uhr7-ZFeoYkgAr1x8RSxYu2YnhTQ.ttf"},{"family":"Eagle Lake","version":"v24","lastModified":"2024-09-04","category":"handwriting","kind":"webfonts#webfont","menu":"https://fonts.gstatic.com/s/eaglelake/v24/ptRMTiqbbuNJDOiKj9wG1O_4LQ.ttf"},{"family":"East Sea Dokdo","version":"v25","lastModified":"2024-11-20","category":"handwriting","kind":"webfonts#webfont","menu":"https://fonts.gstatic.com/s/eastseadokdo/v25/xfuo0Wn2V2_KanASqXSZp22m06_bE68.ttf"},{"family":"Eater","version":"v25","lastModified":"2024-09-04","category":"display","kind":"webfonts#webfont","menu":"https://fonts.gstatic.com/s/eater/v25/mtG04_FCK7bOvqu3sXU.ttf"},{"family":"EB Garamond","version":"v30","lastModified":"2024-09-30","category":"serif","kind":"webfonts#webfont","menu":"https://fonts.gstatic.com/s/ebgaramond/v30/SlGDmQSNjdsmc35JDF1K5E55YMjF_7DPuGi-6_RkAo96.ttf"},{"family":"Economica","version":"v15","lastModified":"2024-09-04","category":"sans-serif","kind":"webfonts#webfont","menu":"https://fonts.gstatic.com/s/economica/v15/Qw3fZQZaHCLgIWa29ZBbMMIE.ttf"},{"family":"Eczar","version":"v22","lastModified":"2024-09-04","category":"serif","kind":"webfonts#webfont","menu":"https://fonts.gstatic.com/s/eczar/v22/BXR2vF3Pi-DLmxcpJB-qbNTyTMDXHd6mqDgR.ttf"},{"family":"Edu AU VIC WA NT Arrows","version":"v1","lastModified":"2024-11-20","category":"handwriting","kind":"webfonts#webfont","menu":"https://fonts.gstatic.com/s/eduauvicwantarrows/v1/z7N7dQTteSlUDJZJAmUB9MuVbLPBjsrTFZLUbdjnSmlATbEWXt5tAcvRTDM5.ttf"},{"family":"Edu AU VIC WA NT Dots","version":"v1","lastModified":"2024-09-23","category":"handwriting","kind":"webfonts#webfont","menu":"https://fonts.gstatic.com/s/eduauvicwantdots/v1/S6uQw5FFVDKI3kwwDUbsPHCpzZNhzrA3or3_B4dZ6MmTX8QNLvtYItiZ3Q.ttf"},{"family":"Edu AU VIC WA NT Guides","version":"v1","lastModified":"2024-09-23","category":"handwriting","kind":"webfonts#webfont","menu":"https://fonts.gstatic.com/s/eduauvicwantguides/v1/TuG-UUJ4V48KZ9Nr3ZV46JQkJxtkFIKnvy00LCZuAcLMeb8FnyPdK1Zqz4tw.ttf"},{"family":"Edu AU VIC WA NT Hand","version":"v1","lastModified":"2024-09-04","category":"handwriting","kind":"webfonts#webfont","menu":"https://fonts.gstatic.com/s/eduauvicwanthand/v1/C8cO4dY1tX2x0uuiUHFS4y7ERV-jfqJ6x063HfvcsxiYKifhtCJ1pKpPaQ.ttf"},{"family":"Edu AU VIC WA NT Pre","version":"v1","lastModified":"2024-11-07","category":"handwriting","kind":"webfonts#webfont","menu":"https://fonts.gstatic.com/s/eduauvicwantpre/v1/f0Xc0fWk-t0rbG8Ycr-t55aG0elTWbFeXaYI98CnuNLeosIyJmkArqkl.ttf"},{"family":"Edu NSW ACT Foundation","version":"v2","lastModified":"2024-08-12","category":"handwriting","kind":"webfonts#webfont","menu":"https://fonts.gstatic.com/s/edunswactfoundation/v2/raxRHjqJtsNBFUi8WO0vUBgc9D-2lV_oQdCAYlt_QTQ0vUxJki9tosGKcis.ttf"},{"family":"Edu QLD Beginner","version":"v3","lastModified":"2024-08-12","category":"handwriting","kind":"webfonts#webfont","menu":"https://fonts.gstatic.com/s/eduqldbeginner/v3/AMOHz5iUuHLEMNXyohhc_Y56PR3A8dNLF_w3Ka4HKE4E3reaga8.ttf"},{"family":"Edu SA Beginner","version":"v3","lastModified":"2024-08-12","category":"handwriting","kind":"webfonts#webfont","menu":"https://fonts.gstatic.com/s/edusabeginner/v3/rnC_-xRb1x-1lHXnLaZZ2xOoLIGfU3L82irpr_3C9989Tox4Aw.ttf"},{"family":"Edu TAS Beginner","version":"v3","lastModified":"2024-08-12","category":"handwriting","kind":"webfonts#webfont","menu":"https://fonts.gstatic.com/s/edutasbeginner/v3/ZXuwe04WubHfGVY-1TcNg7AFUmshg8jIUTzK3r34f_HwelkqD2A.ttf"},{"family":"Edu VIC WA NT Beginner","version":"v4","lastModified":"2024-08-12","category":"handwriting","kind":"webfonts#webfont","menu":"https://fonts.gstatic.com/s/eduvicwantbeginner/v4/jiz2RF1BuW9OwcnNPxLl4KfZCHd9nFtd5Tu7stCpElYpvPfZZ-OXlMmEVQ0.ttf"},{"family":"El Messiri","version":"v22","lastModified":"2024-09-04","category":"sans-serif","kind":"webfonts#webfont","menu":"https://fonts.gstatic.com/s/elmessiri/v22/K2FhfZBRmr9vQ1pHEey6GIGo8_pv3myYjuXwe55hjDk.ttf"},{"family":"Electrolize","version":"v18","lastModified":"2024-09-04","category":"sans-serif","kind":"webfonts#webfont","menu":"https://fonts.gstatic.com/s/electrolize/v18/cIf5Ma1dtE0zSiGSiED7AXEHuIo.ttf"},{"family":"Elsie","version":"v24","lastModified":"2024-09-04","category":"display","kind":"webfonts#webfont","menu":"https://fonts.gstatic.com/s/elsie/v24/BCanqZABrez54xYv_M0.ttf"},{"family":"Elsie Swash Caps","version":"v24","lastModified":"2024-09-04","category":"display","kind":"webfonts#webfont","menu":"https://fonts.gstatic.com/s/elsieswashcaps/v24/845DNN8xGZyVX5MVo_upKf7KnjK0TevfLA.ttf"},{"family":"Emblema One","version":"v21","lastModified":"2024-09-04","category":"display","kind":"webfonts#webfont","menu":"https://fonts.gstatic.com/s/emblemaone/v21/nKKT-GQ0F5dSY8vzG0rOELRAFFo.ttf"},{"family":"Emilys Candy","version":"v19","lastModified":"2024-09-04","category":"display","kind":"webfonts#webfont","menu":"https://fonts.gstatic.com/s/emilyscandy/v19/2EbgL-1mD1Rnb0OGKudbk0yJrtZv.ttf"},{"family":"Encode Sans","version":"v19","lastModified":"2024-09-04","category":"sans-serif","kind":"webfonts#webfont","menu":"https://fonts.gstatic.com/s/encodesans/v19/LDIcapOFNxEwR-Bd1O9uYNmnUQomAgE25imKSbHhROjLsZBWTSrQGGHjVtSF6A.ttf"},{"family":"Encode Sans Condensed","version":"v10","lastModified":"2024-09-04","category":"sans-serif","kind":"webfonts#webfont","menu":"https://fonts.gstatic.com/s/encodesanscondensed/v10/j8_16_LD37rqfuwxyIuaZhE6cRXOLtm2gfT2gK-J.ttf"},{"family":"Encode Sans Expanded","version":"v11","lastModified":"2024-09-04","category":"sans-serif","kind":"webfonts#webfont","menu":"https://fonts.gstatic.com/s/encodesansexpanded/v11/c4m_1mF4GcnstG_Jh1QH6ac4hNLeNyeYUpojKQM.ttf"},{"family":"Encode Sans SC","version":"v9","lastModified":"2024-09-04","category":"sans-serif","kind":"webfonts#webfont","menu":"https://fonts.gstatic.com/s/encodesanssc/v9/jVyp7nLwCGzQ9zE7ZyRg0QRXHPZc_uUA6Kb3VJWLE_Pdtm7lcD6qvXT1HHhmwc5HPA.ttf"},{"family":"Encode Sans Semi Condensed","version":"v10","lastModified":"2024-09-04","category":"sans-serif","kind":"webfonts#webfont","menu":"https://fonts.gstatic.com/s/encodesanssemicondensed/v10/3qT4oiKqnDuUtQUEHMoXcmspmy55SFWrXFRp9FTOG1yQ9ME.ttf"},{"family":"Encode Sans Semi Expanded","version":"v19","lastModified":"2024-09-04","category":"sans-serif","kind":"webfonts#webfont","menu":"https://fonts.gstatic.com/s/encodesanssemiexpanded/v19/ke83OhAPMEZs-BDuzwftTNJ85JvwMOzE9d9Cca5TO4s1Kw.ttf"},{"family":"Engagement","version":"v27","lastModified":"2024-11-20","category":"handwriting","kind":"webfonts#webfont","menu":"https://fonts.gstatic.com/s/engagement/v27/x3dlckLDZbqa7RUs9MFVbNsmtw.ttf"},{"family":"Englebert","version":"v21","lastModified":"2024-09-04","category":"sans-serif","kind":"webfonts#webfont","menu":"https://fonts.gstatic.com/s/englebert/v21/xn7iYH8w2XGrC8AR4HSBTv3c.ttf"},{"family":"Enriqueta","version":"v17","lastModified":"2024-09-04","category":"serif","kind":"webfonts#webfont","menu":"https://fonts.gstatic.com/s/enriqueta/v17/goksH6L7AUFrRvV44HVjSkqn.ttf"},{"family":"Ephesis","version":"v9","lastModified":"2024-09-04","category":"handwriting","kind":"webfonts#webfont","menu":"https://fonts.gstatic.com/s/ephesis/v9/uU9PCBUS8IerL2VG3xLR2g.ttf"},{"family":"Epilogue","version":"v17","lastModified":"2024-09-04","category":"sans-serif","kind":"webfonts#webfont","menu":"https://fonts.gstatic.com/s/epilogue/v17/O4ZMFGj5hxF0EhjimngomvnCCtqb30OXMDPSDZ_R.ttf"},{"family":"Erica One","version":"v27","lastModified":"2024-09-04","category":"display","kind":"webfonts#webfont","menu":"https://fonts.gstatic.com/s/ericaone/v27/WBLnrEXccV9VGrOKmGDFWkXI.ttf"},{"family":"Esteban","version":"v15","lastModified":"2024-09-04","category":"serif","kind":"webfonts#webfont","menu":"https://fonts.gstatic.com/s/esteban/v15/r05bGLZE-bdGdN-GROqJ4g.ttf"},{"family":"Estonia","version":"v11","lastModified":"2024-09-04","category":"handwriting","kind":"webfonts#webfont","menu":"https://fonts.gstatic.com/s/estonia/v11/7Au_p_4ijSecA1yHOCP2yg.ttf"},{"family":"Euphoria Script","version":"v20","lastModified":"2024-09-04","category":"handwriting","kind":"webfonts#webfont","menu":"https://fonts.gstatic.com/s/euphoriascript/v20/mFTpWb0X2bLb_cx6To2B8GpKoD5qkvxX.ttf"},{"family":"Ewert","version":"v25","lastModified":"2024-09-04","category":"display","kind":"webfonts#webfont","menu":"https://fonts.gstatic.com/s/ewert/v25/va9I4kzO2tFODbBuQeY.ttf"},{"family":"Exo","version":"v21","lastModified":"2024-09-04","category":"sans-serif","kind":"webfonts#webfont","menu":"https://fonts.gstatic.com/s/exo/v21/4UaZrEtFpBI4f1ZSIK9d4LjJ4lM3OwJmPg.ttf"},{"family":"Exo 2","version":"v24","lastModified":"2024-11-07","category":"sans-serif","kind":"webfonts#webfont","menu":"https://fonts.gstatic.com/s/exo2/v24/7cH1v4okm5zmbvwkAx_sfcEuiD8jvvKsP9C6.ttf"},{"family":"Expletus Sans","version":"v29","lastModified":"2024-09-04","category":"display","kind":"webfonts#webfont","menu":"https://fonts.gstatic.com/s/expletussans/v29/RLpqK5v5_bqufTYdnhFzDj2dX_IwS3my73zcDaSY2v1pHwA.ttf"},{"family":"Explora","version":"v9","lastModified":"2024-09-04","category":"handwriting","kind":"webfonts#webfont","menu":"https://fonts.gstatic.com/s/explora/v9/tsstApxFfjUH4wrvQ1uFpg.ttf"},{"family":"Faculty Glyphic","version":"v4","lastModified":"2024-12-04","category":"sans-serif","kind":"webfonts#webfont","menu":"https://fonts.gstatic.com/s/facultyglyphic/v4/RrQIbot2-iBvI2mYSyKIrcgoBuQ4Gu2B.ttf"},{"family":"Fahkwang","version":"v16","lastModified":"2024-09-04","category":"sans-serif","kind":"webfonts#webfont","menu":"https://fonts.gstatic.com/s/fahkwang/v16/Noax6Uj3zpmBOgbNpOqOuLk.ttf"},{"family":"Familjen Grotesk","version":"v8","lastModified":"2024-09-04","category":"sans-serif","kind":"webfonts#webfont","menu":"https://fonts.gstatic.com/s/familjengrotesk/v8/Qw3LZR9ZHiDnImG6-NEMQ41wby8WRnYsfkunR_eGfMGJaRzseVw.ttf"},{"family":"Fanwood Text","version":"v16","lastModified":"2024-11-20","category":"serif","kind":"webfonts#webfont","menu":"https://fonts.gstatic.com/s/fanwoodtext/v16/3XFtErwl05Ad_vSCF6Fq7xX2RNzc.ttf"},{"family":"Farro","version":"v14","lastModified":"2024-09-04","category":"sans-serif","kind":"webfonts#webfont","menu":"https://fonts.gstatic.com/s/farro/v14/i7dEIFl3byGNHaVMFr4.ttf"},{"family":"Farsan","version":"v22","lastModified":"2024-09-04","category":"display","kind":"webfonts#webfont","menu":"https://fonts.gstatic.com/s/farsan/v22/VEMwRoJ0vY_zsyzK26Wt.ttf"},{"family":"Fascinate","version":"v22","lastModified":"2024-11-20","category":"display","kind":"webfonts#webfont","menu":"https://fonts.gstatic.com/s/fascinate/v22/z7NWdRrufC8XJK0IIElS1bzU.ttf"},{"family":"Fascinate Inline","version":"v23","lastModified":"2024-11-20","category":"display","kind":"webfonts#webfont","menu":"https://fonts.gstatic.com/s/fascinateinline/v23/jVyR7mzzB3zc-jp6QCAu60poNqIy5gzIeQ.ttf"},{"family":"Faster One","version":"v19","lastModified":"2024-09-04","category":"display","kind":"webfonts#webfont","menu":"https://fonts.gstatic.com/s/fasterone/v19/H4ciBXCHmdfClFb-vWhf-LqYgg.ttf"},{"family":"Fasthand","version":"v31","lastModified":"2024-10-29","category":"display","kind":"webfonts#webfont","menu":"https://fonts.gstatic.com/s/fasthand/v31/0yb9GDohyKTYn_ZEERkvaEg.ttf"},{"family":"Fauna One","version":"v15","lastModified":"2024-09-04","category":"serif","kind":"webfonts#webfont","menu":"https://fonts.gstatic.com/s/faunaone/v15/wlpzgwTPBVpjpCuwkuEB2EZP.ttf"},{"family":"Faustina","version":"v20","lastModified":"2024-09-04","category":"serif","kind":"webfonts#webfont","menu":"https://fonts.gstatic.com/s/faustina/v20/XLY4IZPxYpJfTbZAFXWzNT2SO8wpWHlsgoEfGF-S.ttf"},{"family":"Federant","version":"v29","lastModified":"2024-09-04","category":"display","kind":"webfonts#webfont","menu":"https://fonts.gstatic.com/s/federant/v29/2sDdZGNfip_eirT0_X0iT0U.ttf"},{"family":"Federo","version":"v19","lastModified":"2024-09-04","category":"sans-serif","kind":"webfonts#webfont","menu":"https://fonts.gstatic.com/s/federo/v19/iJWFBX-cbD_ETsbWjFma.ttf"},{"family":"Felipa","version":"v25","lastModified":"2024-09-04","category":"handwriting","kind":"webfonts#webfont","menu":"https://fonts.gstatic.com/s/felipa/v25/FwZa7-owz1Eu4F_ASd6A.ttf"},{"family":"Fenix","version":"v20","lastModified":"2024-09-04","category":"serif","kind":"webfonts#webfont","menu":"https://fonts.gstatic.com/s/fenix/v20/XoHo2YL_S7-g5rssITQ.ttf"},{"family":"Festive","version":"v9","lastModified":"2024-09-04","category":"handwriting","kind":"webfonts#webfont","menu":"https://fonts.gstatic.com/s/festive/v9/cY9Ffj6KX1xcoDWhJtbqzw.ttf"},{"family":"Figtree","version":"v6","lastModified":"2024-09-30","category":"sans-serif","kind":"webfonts#webfont","menu":"https://fonts.gstatic.com/s/figtree/v6/_Xmz-HUzqDCFdgfMsYiV_F7wfS-Bs_d_QG5fyEU.ttf"},{"family":"Finger Paint","version":"v19","lastModified":"2024-09-04","category":"display","kind":"webfonts#webfont","menu":"https://fonts.gstatic.com/s/fingerpaint/v19/0QInMXVJ-o-oRn_7dron8YW-8pzW.ttf"},{"family":"Finlandica","version":"v8","lastModified":"2024-09-04","category":"sans-serif","kind":"webfonts#webfont","menu":"https://fonts.gstatic.com/s/finlandica/v8/-nFsOGk-8vAc7lEtg0aSyZCty9GSsPBE19A7rHjw_Co.ttf"},{"family":"Fira Code","version":"v22","lastModified":"2024-09-04","category":"monospace","kind":"webfonts#webfont","menu":"https://fonts.gstatic.com/s/firacode/v22/uU9eCBsR6Z2vfE9aq3bL0fxyUs4tcw4W_D1sJVb7Mw.ttf"},{"family":"Fira Mono","version":"v14","lastModified":"2024-09-04","category":"monospace","kind":"webfonts#webfont","menu":"https://fonts.gstatic.com/s/firamono/v14/N0bX2SlFPv1weGeLZDtgIP7X.ttf"},{"family":"Fira Sans","version":"v17","lastModified":"2024-09-04","category":"sans-serif","kind":"webfonts#webfont","menu":"https://fonts.gstatic.com/s/firasans/v17/va9E4kDNxMZdWfMOD5VvkYjO.ttf"},{"family":"Fira Sans Condensed","version":"v10","lastModified":"2024-09-04","category":"sans-serif","kind":"webfonts#webfont","menu":"https://fonts.gstatic.com/s/firasanscondensed/v10/wEOhEADFm8hSaQTFG18FErVhsC9x-tarUfDtqA.ttf"},{"family":"Fira Sans Extra Condensed","version":"v10","lastModified":"2024-09-04","category":"sans-serif","kind":"webfonts#webfont","menu":"https://fonts.gstatic.com/s/firasansextracondensed/v10/NaPKcYDaAO5dirw6IaFn7lPJFqXmS-M9Atn3wgda1fmuvw.ttf"},{"family":"Fjalla One","version":"v15","lastModified":"2024-09-04","category":"sans-serif","kind":"webfonts#webfont","menu":"https://fonts.gstatic.com/s/fjallaone/v15/Yq6R-LCAWCX3-6Ky7FAFrOd6lw.ttf"},{"family":"Fjord One","version":"v21","lastModified":"2024-09-04","category":"serif","kind":"webfonts#webfont","menu":"https://fonts.gstatic.com/s/fjordone/v21/zOL-4pbEnKBY_9S1jNKb6ORE.ttf"},{"family":"Flamenco","version":"v18","lastModified":"2024-09-04","category":"display","kind":"webfonts#webfont","menu":"https://fonts.gstatic.com/s/flamenco/v18/neIIzCehqYguo67ssZWHFqk.ttf"},{"family":"Flavors","version":"v26","lastModified":"2024-09-04","category":"display","kind":"webfonts#webfont","menu":"https://fonts.gstatic.com/s/flavors/v26/FBV2dDrhxqmveJTpXk3vMg.ttf"},{"family":"Fleur De Leah","version":"v9","lastModified":"2024-09-04","category":"handwriting","kind":"webfonts#webfont","menu":"https://fonts.gstatic.com/s/fleurdeleah/v9/AYCNpXX7ftYZWLhv9UmPJTMC1ven5A.ttf"},{"family":"Flow Block","version":"v11","lastModified":"2024-09-04","category":"display","kind":"webfonts#webfont","menu":"https://fonts.gstatic.com/s/flowblock/v11/wlp0gwfPCEB65UmTk-d6yWdvaA.ttf"},{"family":"Flow Circular","version":"v11","lastModified":"2024-09-04","category":"display","kind":"webfonts#webfont","menu":"https://fonts.gstatic.com/s/flowcircular/v11/lJwB-pc4j2F-H8YKuyvfxdZ41ibjXQ.ttf"},{"family":"Flow Rounded","version":"v11","lastModified":"2024-09-04","category":"display","kind":"webfonts#webfont","menu":"https://fonts.gstatic.com/s/flowrounded/v11/-zki91mtwsU9qlLiGwD4oQXHoJ_6.ttf"},{"family":"Foldit","version":"v5","lastModified":"2024-09-04","category":"display","kind":"webfonts#webfont","menu":"https://fonts.gstatic.com/s/foldit/v5/aFTI7PF3Y3c9WdjNrRVE0Rk2b7j8XpAMqateZA.ttf"},{"family":"Fondamento","version":"v20","lastModified":"2024-09-04","category":"handwriting","kind":"webfonts#webfont","menu":"https://fonts.gstatic.com/s/fondamento/v20/4UaHrEJGsxNmFTPDnkaJ96zp4g.ttf"},{"family":"Fontdiner Swanky","version":"v23","lastModified":"2024-09-04","category":"display","kind":"webfonts#webfont","menu":"https://fonts.gstatic.com/s/fontdinerswanky/v23/ijwOs4XgRNsiaI5-hcVb4hQgMvCD0uAVLg.ttf"},{"family":"Forum","version":"v18","lastModified":"2024-09-04","category":"display","kind":"webfonts#webfont","menu":"https://fonts.gstatic.com/s/forum/v18/6aey4Ky-Vb8Ew8IXOpc.ttf"},{"family":"Fragment Mono","version":"v4","lastModified":"2024-09-04","category":"monospace","kind":"webfonts#webfont","menu":"https://fonts.gstatic.com/s/fragmentmono/v4/4iCr6K5wfMRRjxp0DA6-2CLnB4VHgw.ttf"},{"family":"Francois One","version":"v21","lastModified":"2024-09-04","category":"sans-serif","kind":"webfonts#webfont","menu":"https://fonts.gstatic.com/s/francoisone/v21/_Xmr-H4zszafZw3A-KPSZut9xwiU.ttf"},{"family":"Frank Ruhl Libre","version":"v21","lastModified":"2024-09-04","category":"serif","kind":"webfonts#webfont","menu":"https://fonts.gstatic.com/s/frankruhllibre/v21/j8_96_fAw7jrcalD7oKYNX0QfAnPcbzNEEB7OoicBw7FYWqRNRA.ttf"},{"family":"Fraunces","version":"v31","lastModified":"2024-09-04","category":"serif","kind":"webfonts#webfont","menu":"https://fonts.gstatic.com/s/fraunces/v31/6NUh8FyLNQOQZAnv9bYEvDiIdE9Ea92uemAk_WBq8U_9v0c2Wa0K7iN7hzFUPJH58nib1603gg7S2nfgRYIctxuTD_7W.ttf"},{"family":"Freckle Face","version":"v15","lastModified":"2024-09-04","category":"display","kind":"webfonts#webfont","menu":"https://fonts.gstatic.com/s/freckleface/v15/AMOWz4SXrmKHCvXTohxY-YIEUliy.ttf"},{"family":"Fredericka the Great","version":"v21","lastModified":"2024-09-04","category":"display","kind":"webfonts#webfont","menu":"https://fonts.gstatic.com/s/frederickathegreat/v21/9Bt33CxNwt7aOctW2xjbCstzwVKsIBVV--SlxbI.ttf"},{"family":"Fredoka","version":"v14","lastModified":"2024-09-04","category":"sans-serif","kind":"webfonts#webfont","menu":"https://fonts.gstatic.com/s/fredoka/v14/X7nP4b87HvSqjb_WIi2yDCRwoQ_k7367_B-i2yQag0-mac3O8SL8F-mP.ttf"},{"family":"Freehand","version":"v32","lastModified":"2024-12-04","category":"display","kind":"webfonts#webfont","menu":"https://fonts.gstatic.com/s/freehand/v32/cIf-Ma5eqk01VjKTgDmARGE.ttf"},{"family":"Freeman","version":"v1","lastModified":"2024-09-04","category":"display","kind":"webfonts#webfont","menu":"https://fonts.gstatic.com/s/freeman/v1/S6u9w4NGQiLN8nh-Sw6PHA.ttf"},{"family":"Fresca","version":"v22","lastModified":"2024-09-04","category":"sans-serif","kind":"webfonts#webfont","menu":"https://fonts.gstatic.com/s/fresca/v22/6ae94K--SKgCzbMGG7cS.ttf"},{"family":"Frijole","version":"v14","lastModified":"2024-09-04","category":"display","kind":"webfonts#webfont","menu":"https://fonts.gstatic.com/s/frijole/v14/uU9PCBUR8oakM2BQ3xLR2g.ttf"},{"family":"Fruktur","version":"v27","lastModified":"2024-09-04","category":"display","kind":"webfonts#webfont","menu":"https://fonts.gstatic.com/s/fruktur/v27/SZc53FHsOru5QYsMTzzMlQ.ttf"},{"family":"Fugaz One","version":"v19","lastModified":"2024-09-04","category":"display","kind":"webfonts#webfont","menu":"https://fonts.gstatic.com/s/fugazone/v19/rax_HiWKp9EAITukFsl8BRha.ttf"},{"family":"Fuggles","version":"v12","lastModified":"2024-09-04","category":"handwriting","kind":"webfonts#webfont","menu":"https://fonts.gstatic.com/s/fuggles/v12/k3kQo8UEJOlD1hpOfd_oKw.ttf"},{"family":"Funnel Display","version":"v1","lastModified":"2024-11-07","category":"display","kind":"webfonts#webfont","menu":"https://fonts.gstatic.com/s/funneldisplay/v1/B50bF7FGv37QNVWgE0ga--4PbZSRJXrOHcLHLoAYmmPnWc90.ttf"},{"family":"Funnel Sans","version":"v1","lastModified":"2024-11-07","category":"sans-serif","kind":"webfonts#webfont","menu":"https://fonts.gstatic.com/s/funnelsans/v1/OpNfno8Dg9bX6Bsp3Wq69RB-VukSVv3aISFAlXm0f2VJ.ttf"},{"family":"Fustat","version":"v1","lastModified":"2024-09-04","category":"sans-serif","kind":"webfonts#webfont","menu":"https://fonts.gstatic.com/s/fustat/v1/NaPEcZ_aHO9Iy5thRNqze7YGY9HGCEQQdr25sQ.ttf"},{"family":"Fuzzy Bubbles","version":"v7","lastModified":"2024-09-04","category":"handwriting","kind":"webfonts#webfont","menu":"https://fonts.gstatic.com/s/fuzzybubbles/v7/6qLGKZMbrgv9pwtjPEVNV0F2BnLzYw.ttf"},{"family":"Ga Maamli","version":"v2","lastModified":"2024-09-04","category":"display","kind":"webfonts#webfont","menu":"https://fonts.gstatic.com/s/gamaamli/v2/uU9NCBsQ4c-DPW1Yo3rh29SG.ttf"},{"family":"Gabarito","version":"v7","lastModified":"2024-09-04","category":"display","kind":"webfonts#webfont","menu":"https://fonts.gstatic.com/s/gabarito/v7/QGYwz_0dZAGKJJ4t3FFkc3Q8AkNP9Pj248KEFwgp.ttf"},{"family":"Gabriela","version":"v21","lastModified":"2024-09-04","category":"serif","kind":"webfonts#webfont","menu":"https://fonts.gstatic.com/s/gabriela/v21/qkBWXvsO6sreR8E-b8m_xL4.ttf"},{"family":"Gaegu","version":"v22","lastModified":"2024-12-04","category":"handwriting","kind":"webfonts#webfont","menu":"https://fonts.gstatic.com/s/gaegu/v22/TuGfUVB6Up9NU5ZKq9w.ttf"},{"family":"Gafata","version":"v20","lastModified":"2024-09-04","category":"sans-serif","kind":"webfonts#webfont","menu":"https://fonts.gstatic.com/s/gafata/v20/XRXV3I6Cn0VJKonIM-aE.ttf"},{"family":"Gajraj One","version":"v5","lastModified":"2024-09-04","category":"display","kind":"webfonts#webfont","menu":"https://fonts.gstatic.com/s/gajrajone/v5/1cX2aUDCDpXsuWVb1jIjn1CggQ.ttf"},{"family":"Galada","version":"v19","lastModified":"2024-12-04","category":"display","kind":"webfonts#webfont","menu":"https://fonts.gstatic.com/s/galada/v19/H4cmBXyGmcjXlUXO8yY6.ttf"},{"family":"Galdeano","version":"v22","lastModified":"2024-09-04","category":"sans-serif","kind":"webfonts#webfont","menu":"https://fonts.gstatic.com/s/galdeano/v22/uU9MCBoQ4YOqOW1boAPw-vQ.ttf"},{"family":"Galindo","version":"v24","lastModified":"2024-09-04","category":"display","kind":"webfonts#webfont","menu":"https://fonts.gstatic.com/s/galindo/v24/HI_KiYMeLqVKqwyuc5DoQg.ttf"},{"family":"Gamja Flower","version":"v25","lastModified":"2024-11-20","category":"handwriting","kind":"webfonts#webfont","menu":"https://fonts.gstatic.com/s/gamjaflower/v25/6NUR8FiKJg-Pa0rM6uN40Z4UyPVB.ttf"},{"family":"Gantari","version":"v1","lastModified":"2024-09-04","category":"sans-serif","kind":"webfonts#webfont","menu":"https://fonts.gstatic.com/s/gantari/v1/jVyV7nvyB2HL8iZyDk4GVvSZ5MtC9g0gOg3xYZU.ttf"},{"family":"Gasoek One","version":"v3","lastModified":"2024-08-12","category":"sans-serif","kind":"webfonts#webfont","menu":"https://fonts.gstatic.com/s/gasoekone/v3/EJRTQgQ_UMUKvDgnlX80_ru1dw.ttf"},{"family":"Gayathri","version":"v18","lastModified":"2024-12-04","category":"sans-serif","kind":"webfonts#webfont","menu":"https://fonts.gstatic.com/s/gayathri/v18/MCoQzAb429DbBilWLLA5-ps.ttf"},{"family":"Geist","version":"v1","lastModified":"2024-11-07","category":"sans-serif","kind":"webfonts#webfont","menu":"https://fonts.gstatic.com/s/geist/v1/gyBhhwUxId8gMGYQMKR3pzfaWI_RnOMInJnf.ttf"},{"family":"Geist Mono","version":"v1","lastModified":"2024-11-07","category":"monospace","kind":"webfonts#webfont","menu":"https://fonts.gstatic.com/s/geistmono/v1/or3yQ6H-1_WfwkMZI_qYPLs1a-t7PU0AbeE9KK5S5Cw.ttf"},{"family":"Gelasio","version":"v12","lastModified":"2024-09-04","category":"serif","kind":"webfonts#webfont","menu":"https://fonts.gstatic.com/s/gelasio/v12/cIfiMaFfvUQxTTqS3iKJkLGbI41wQL8Ilxct8zQ.ttf"},{"family":"Gemunu Libre","version":"v14","lastModified":"2024-09-04","category":"sans-serif","kind":"webfonts#webfont","menu":"https://fonts.gstatic.com/s/gemunulibre/v14/X7n34bQ6Cfy7jKGXVE_YlqnbEQAFP-PIuTCp0xiJDvWBfA.ttf"},{"family":"Genos","version":"v12","lastModified":"2024-09-04","category":"sans-serif","kind":"webfonts#webfont","menu":"https://fonts.gstatic.com/s/genos/v12/SlGNmQqPqpUOYTYjacb0Hc91fTwVqkjYrEi-.ttf"},{"family":"Gentium Book Plus","version":"v1","lastModified":"2024-09-04","category":"serif","kind":"webfonts#webfont","menu":"https://fonts.gstatic.com/s/gentiumbookplus/v1/vEFL2-RHBgUK5fbjKxRpbBtJPyRpocKef7Y.ttf"},{"family":"Gentium Plus","version":"v2","lastModified":"2024-09-04","category":"serif","kind":"webfonts#webfont","menu":"https://fonts.gstatic.com/s/gentiumplus/v2/Iurd6Ytw-oSPaZ00r2bNe8VZjZFI.ttf"},{"family":"Geo","version":"v21","lastModified":"2024-09-04","category":"sans-serif","kind":"webfonts#webfont","menu":"https://fonts.gstatic.com/s/geo/v21/CSRz4zRZluflLnpi.ttf"},{"family":"Geologica","version":"v1","lastModified":"2024-09-04","category":"sans-serif","kind":"webfonts#webfont","menu":"https://fonts.gstatic.com/s/geologica/v1/oY1o8evIr7j9P3TN9YwNAdyjzUyDKkKdAGOJh1UlCDUIhAIdhCZOn1fLsig7jfvCCPHZckU8H3G11_z-_OZqDx_rc-ISBQ.ttf"},{"family":"Georama","version":"v13","lastModified":"2024-09-04","category":"sans-serif","kind":"webfonts#webfont","menu":"https://fonts.gstatic.com/s/georama/v13/MCo5zAn438bIEyxFf6swMnNpvPcUwW4u4yRcDh-ZjxApn9K5GvgdmAEP.ttf"},{"family":"Geostar","version":"v26","lastModified":"2024-09-04","category":"display","kind":"webfonts#webfont","menu":"https://fonts.gstatic.com/s/geostar/v26/sykz-yx4n701VLOfhSu3_g.ttf"},{"family":"Geostar Fill","version":"v26","lastModified":"2024-09-04","category":"display","kind":"webfonts#webfont","menu":"https://fonts.gstatic.com/s/geostarfill/v26/AMOWz4SWuWiXFfjEohxQ9osEUliy.ttf"},{"family":"Germania One","version":"v20","lastModified":"2024-09-04","category":"display","kind":"webfonts#webfont","menu":"https://fonts.gstatic.com/s/germaniaone/v20/Fh4yPjrqIyv2ucM2qzBjeS3uzQhK.ttf"},{"family":"GFS Didot","version":"v16","lastModified":"2024-04-12","category":"serif","kind":"webfonts#webfont","menu":"https://fonts.gstatic.com/s/gfsdidot/v16/Jqzh5TybZ9vZMWFssvwSFu3C.ttf"},{"family":"GFS Neohellenic","version":"v25","lastModified":"2024-08-12","category":"sans-serif","kind":"webfonts#webfont","menu":"https://fonts.gstatic.com/s/gfsneohellenic/v25/8QIRdiDOrfiq0b7R8O1Iw9WLcY5jLKJL.ttf"},{"family":"Gideon Roman","version":"v11","lastModified":"2024-09-04","category":"display","kind":"webfonts#webfont","menu":"https://fonts.gstatic.com/s/gideonroman/v11/e3tmeuGrVOys8sxzZgWlmXoQeknS.ttf"},{"family":"Gidugu","version":"v26","lastModified":"2024-11-20","category":"sans-serif","kind":"webfonts#webfont","menu":"https://fonts.gstatic.com/s/gidugu/v26/L0x8DFMkk1Uf6w3hvfqi.ttf"},{"family":"Gilda Display","version":"v18","lastModified":"2024-09-04","category":"serif","kind":"webfonts#webfont","menu":"https://fonts.gstatic.com/s/gildadisplay/v18/t5tmIRoYMoaYG0WEOh7HwMeR3TjPqg.ttf"},{"family":"Girassol","version":"v22","lastModified":"2024-09-04","category":"display","kind":"webfonts#webfont","menu":"https://fonts.gstatic.com/s/girassol/v22/JTUUjIo_-DK48laaNB9MxW4.ttf"},{"family":"Give You Glory","version":"v16","lastModified":"2024-11-20","category":"handwriting","kind":"webfonts#webfont","menu":"https://fonts.gstatic.com/s/giveyouglory/v16/8QIQdiHOgt3vv4LR7ahjw9-XYf1yDYI.ttf"},{"family":"Glass Antiqua","version":"v24","lastModified":"2024-09-04","category":"display","kind":"webfonts#webfont","menu":"https://fonts.gstatic.com/s/glassantiqua/v24/xfu30Wr0Wn3NOQM2piC0uXOjrL76Mw.ttf"},{"family":"Glegoo","version":"v16","lastModified":"2024-09-04","category":"serif","kind":"webfonts#webfont","menu":"https://fonts.gstatic.com/s/glegoo/v16/_Xmt-HQyrTKWaw25iqOd.ttf"},{"family":"Gloock","version":"v6","lastModified":"2024-09-04","category":"serif","kind":"webfonts#webfont","menu":"https://fonts.gstatic.com/s/gloock/v6/Iurb6YFw84WUY4NJjhah.ttf"},{"family":"Gloria Hallelujah","version":"v22","lastModified":"2024-11-20","category":"handwriting","kind":"webfonts#webfont","menu":"https://fonts.gstatic.com/s/gloriahallelujah/v22/LYjYdHv3kUk9BMV96EIswT9DIbW-MISz1zY.ttf"},{"family":"Glory","version":"v15","lastModified":"2024-09-04","category":"sans-serif","kind":"webfonts#webfont","menu":"https://fonts.gstatic.com/s/glory/v15/q5uasoi9Lf1w5t3Est24nq9blIRQwImzp3WZ.ttf"},{"family":"Gluten","version":"v16","lastModified":"2024-09-04","category":"display","kind":"webfonts#webfont","menu":"https://fonts.gstatic.com/s/gluten/v16/Hhy_U5gk9fW7OUdVIPh2zD_RSqQJ__A15jgJsn-Bhb_yI8Vb7S1KsHw.ttf"},{"family":"Goblin One","version":"v26","lastModified":"2024-09-04","category":"display","kind":"webfonts#webfont","menu":"https://fonts.gstatic.com/s/goblinone/v26/CSR64z1ZnOqZRjRCBVY_fOYKSA.ttf"},{"family":"Gochi Hand","version":"v23","lastModified":"2024-09-04","category":"handwriting","kind":"webfonts#webfont","menu":"https://fonts.gstatic.com/s/gochihand/v23/hES06XlsOjtJsgCkx1Pkfo___g.ttf"},{"family":"Goldman","version":"v19","lastModified":"2024-09-04","category":"display","kind":"webfonts#webfont","menu":"https://fonts.gstatic.com/s/goldman/v19/pe0uMIWbN4JFplR2HDNyAg.ttf"},{"family":"Golos Text","version":"v4","lastModified":"2024-09-04","category":"sans-serif","kind":"webfonts#webfont","menu":"https://fonts.gstatic.com/s/golostext/v4/q5uXsoe9Lv5t7Meb31EcOR9UdVTNs822plVRRT5dGLs.ttf"},{"family":"Gorditas","version":"v22","lastModified":"2024-09-04","category":"display","kind":"webfonts#webfont","menu":"https://fonts.gstatic.com/s/gorditas/v22/ll8_K2aTVD26DsPEtTDpB6o.ttf"},{"family":"Gothic A1","version":"v17","lastModified":"2024-11-20","category":"sans-serif","kind":"webfonts#webfont","menu":"https://fonts.gstatic.com/s/gothica1/v17/CSR94z5ZnPydRjlCCwlKbccq.ttf"},{"family":"Gotu","version":"v16","lastModified":"2024-09-04","category":"sans-serif","kind":"webfonts#webfont","menu":"https://fonts.gstatic.com/s/gotu/v16/o-0FIpksx3QOpHwBjg.ttf"},{"family":"Goudy Bookletter 1911","version":"v19","lastModified":"2024-09-04","category":"serif","kind":"webfonts#webfont","menu":"https://fonts.gstatic.com/s/goudybookletter1911/v19/sykt-z54laciWfKv-kX8krex0jDiD2HbY6IJtBzT.ttf"},{"family":"Gowun Batang","version":"v11","lastModified":"2024-11-20","category":"serif","kind":"webfonts#webfont","menu":"https://fonts.gstatic.com/s/gowunbatang/v11/ijwSs5nhRMIjYsdSgcMa3wRRXbv6.ttf"},{"family":"Gowun Dodum","version":"v11","lastModified":"2024-11-20","category":"sans-serif","kind":"webfonts#webfont","menu":"https://fonts.gstatic.com/s/gowundodum/v11/3Jn5SD_00GqwlBnWc1TUJG0EduA.ttf"},{"family":"Graduate","version":"v17","lastModified":"2024-09-04","category":"serif","kind":"webfonts#webfont","menu":"https://fonts.gstatic.com/s/graduate/v17/C8cg4cs3o2n15t_2YygQ43k.ttf"},{"family":"Grand Hotel","version":"v19","lastModified":"2024-09-04","category":"handwriting","kind":"webfonts#webfont","menu":"https://fonts.gstatic.com/s/grandhotel/v19/7Au7p_IgjDKdCRWuR1azplQMGFk.ttf"},{"family":"Grandiflora One","version":"v3","lastModified":"2024-09-04","category":"serif","kind":"webfonts#webfont","menu":"https://fonts.gstatic.com/s/grandifloraone/v3/0ybmGD0g27bCk_5MGWZcKWhxwnUk_Bf2.ttf"},{"family":"Grandstander","version":"v18","lastModified":"2024-09-30","category":"display","kind":"webfonts#webfont","menu":"https://fonts.gstatic.com/s/grandstander/v18/ga6fawtA-GpSsTWrnNHPCSIMZhhKpFjyNZIQD1--P3ncsg.ttf"},{"family":"Grape Nuts","version":"v5","lastModified":"2024-09-04","category":"handwriting","kind":"webfonts#webfont","menu":"https://fonts.gstatic.com/s/grapenuts/v5/syk2-yF4iLM2RfKj4F7k7tPlpg.ttf"},{"family":"Gravitas One","version":"v19","lastModified":"2024-09-04","category":"display","kind":"webfonts#webfont","menu":"https://fonts.gstatic.com/s/gravitasone/v19/5h1diZ4hJ3cblKy3LWakKQmqDG5J.ttf"},{"family":"Great Vibes","version":"v19","lastModified":"2024-09-04","category":"handwriting","kind":"webfonts#webfont","menu":"https://fonts.gstatic.com/s/greatvibes/v19/RWmMoKWR9v4ksMfaWd_JN9XDiaE.ttf"},{"family":"Grechen Fuemen","version":"v9","lastModified":"2024-09-04","category":"handwriting","kind":"webfonts#webfont","menu":"https://fonts.gstatic.com/s/grechenfuemen/v9/vEFI2_tHEQ4d5ObgKxBzZh0MAVgd8tI.ttf"},{"family":"Grenze","version":"v15","lastModified":"2024-09-04","category":"serif","kind":"webfonts#webfont","menu":"https://fonts.gstatic.com/s/grenze/v15/O4ZTFGb7hR12BxqH_mIj.ttf"},{"family":"Grenze Gotisch","version":"v18","lastModified":"2024-09-04","category":"display","kind":"webfonts#webfont","menu":"https://fonts.gstatic.com/s/grenzegotisch/v18/Fh4hPjjqNDz1osh_jX9YfjudpBJBNV5y5wf_k1i5Lz9kcYqZ.ttf"},{"family":"Grey Qo","version":"v9","lastModified":"2024-09-04","category":"handwriting","kind":"webfonts#webfont","menu":"https://fonts.gstatic.com/s/greyqo/v9/BXRrvF_Nmv_TyXxNPOpa8Q.ttf"},{"family":"Griffy","version":"v22","lastModified":"2024-09-04","category":"display","kind":"webfonts#webfont","menu":"https://fonts.gstatic.com/s/griffy/v22/FwZa7-ox2FQh9kfASd6A.ttf"},{"family":"Gruppo","version":"v21","lastModified":"2024-09-04","category":"sans-serif","kind":"webfonts#webfont","menu":"https://fonts.gstatic.com/s/gruppo/v21/WwkfxPmzE06v_ZW1WHrE.ttf"},{"family":"Gudea","version":"v15","lastModified":"2024-09-04","category":"sans-serif","kind":"webfonts#webfont","menu":"https://fonts.gstatic.com/s/gudea/v15/neIFzCqgsI0mp9CO_oU.ttf"},{"family":"Gugi","version":"v20","lastModified":"2024-12-04","category":"display","kind":"webfonts#webfont","menu":"https://fonts.gstatic.com/s/gugi/v20/A2BVn5dXywshZA-K8A.ttf"},{"family":"Gulzar","version":"v12","lastModified":"2024-09-04","category":"serif","kind":"webfonts#webfont","menu":"https://fonts.gstatic.com/s/gulzar/v12/Wnz6HAc9eB3HB2I7YDYd.ttf"},{"family":"Gupter","version":"v17","lastModified":"2024-12-04","category":"serif","kind":"webfonts#webfont","menu":"https://fonts.gstatic.com/s/gupter/v17/2-cm9JNmxJqPO1QkYJy7.ttf"},{"family":"Gurajada","version":"v20","lastModified":"2024-11-20","category":"serif","kind":"webfonts#webfont","menu":"https://fonts.gstatic.com/s/gurajada/v20/FwZY7-Qx308m-l-0Ke6B6Mw.ttf"},{"family":"Gwendolyn","version":"v7","lastModified":"2024-09-04","category":"handwriting","kind":"webfonts#webfont","menu":"https://fonts.gstatic.com/s/gwendolyn/v7/qkBXXvoO_M3CSss-d7eu5Z5P.ttf"},{"family":"Habibi","version":"v21","lastModified":"2024-09-04","category":"serif","kind":"webfonts#webfont","menu":"https://fonts.gstatic.com/s/habibi/v21/CSR-4zFWkuqcTTNySxha.ttf"},{"family":"Hachi Maru Pop","version":"v21","lastModified":"2024-12-04","category":"handwriting","kind":"webfonts#webfont","menu":"https://fonts.gstatic.com/s/hachimarupop/v21/HI_TiYoRLqpLrEiMAuO9Ysfz7oW0Gss.ttf"},{"family":"Hahmlet","version":"v18","lastModified":"2024-12-04","category":"serif","kind":"webfonts#webfont","menu":"https://fonts.gstatic.com/s/hahmlet/v18/BngXUXpCQ3nKpIo0TfPyfCdXfaeU4RhKOOjpZMc.ttf"},{"family":"Halant","version":"v16","lastModified":"2024-12-04","category":"serif","kind":"webfonts#webfont","menu":"https://fonts.gstatic.com/s/halant/v16/u-4-0qaujRI2Pbsn3thi.ttf"},{"family":"Hammersmith One","version":"v17","lastModified":"2024-09-04","category":"sans-serif","kind":"webfonts#webfont","menu":"https://fonts.gstatic.com/s/hammersmithone/v17/qWcyB624q4L_C4jGQ9IK0O_dFlnrsxEg.ttf"},{"family":"Hanalei","version":"v23","lastModified":"2024-09-04","category":"display","kind":"webfonts#webfont","menu":"https://fonts.gstatic.com/s/hanalei/v23/E21n_dD8iufIjBRHbzksUw.ttf"},{"family":"Hanalei Fill","version":"v22","lastModified":"2024-09-04","category":"display","kind":"webfonts#webfont","menu":"https://fonts.gstatic.com/s/hanaleifill/v22/fC1mPYtObGbfyQznIaQzPQi8VgjF.ttf"},{"family":"Handjet","version":"v19","lastModified":"2024-09-04","category":"display","kind":"webfonts#webfont","menu":"https://fonts.gstatic.com/s/handjet/v19/oY1n8eXHq7n1OnbQrOY_2FrEwYEMLlcdP1mCtZaLaTutCwcIhGZ0lGU0akFcO3XFHTmaYkQmFA.ttf"},{"family":"Handlee","version":"v18","lastModified":"2024-09-04","category":"handwriting","kind":"webfonts#webfont","menu":"https://fonts.gstatic.com/s/handlee/v18/-F6xfjBsISg9aMakPmvwpg.ttf"},{"family":"Hanken Grotesk","version":"v8","lastModified":"2024-09-04","category":"sans-serif","kind":"webfonts#webfont","menu":"https://fonts.gstatic.com/s/hankengrotesk/v8/ieVq2YZDLWuGJpnzaiwFXS9tYvBRzyFLlZg_f_Ncs2Zq4PBJ.ttf"},{"family":"Hanuman","version":"v23","lastModified":"2024-12-04","category":"serif","kind":"webfonts#webfont","menu":"https://fonts.gstatic.com/s/hanuman/v23/VuJxdNvD15HhpJJBSKfdPA.ttf"},{"family":"Happy Monkey","version":"v14","lastModified":"2024-09-04","category":"display","kind":"webfonts#webfont","menu":"https://fonts.gstatic.com/s/happymonkey/v14/K2F2fZZcl-9SXwl5F_C4R_OwBgry.ttf"},{"family":"Harmattan","version":"v21","lastModified":"2024-11-20","category":"sans-serif","kind":"webfonts#webfont","menu":"https://fonts.gstatic.com/s/harmattan/v21/goksH6L2DkFvVvRp9XpjSkqn.ttf"},{"family":"Headland One","version":"v16","lastModified":"2024-09-04","category":"serif","kind":"webfonts#webfont","menu":"https://fonts.gstatic.com/s/headlandone/v16/yYLu0hHR2vKnp89Tk1TCq3TB0fNX.ttf"},{"family":"Hedvig Letters Sans","version":"v2","lastModified":"2024-09-04","category":"sans-serif","kind":"webfonts#webfont","menu":"https://fonts.gstatic.com/s/hedvigletterssans/v2/CHy_V_PfGVjobSBkihHWDT98RVp37w8jcJxH2Q.ttf"},{"family":"Hedvig Letters Serif","version":"v2","lastModified":"2024-09-04","category":"serif","kind":"webfonts#webfont","menu":"https://fonts.gstatic.com/s/hedviglettersserif/v2/OD5puN2I2mekHmyoU1Kj2AXOd5_7v7gIDlX8quj7viQ_N1HixEApfr3Y.ttf"},{"family":"Heebo","version":"v26","lastModified":"2024-09-04","category":"sans-serif","kind":"webfonts#webfont","menu":"https://fonts.gstatic.com/s/heebo/v26/NGSpv5_NC0k9P_v6ZUCbLRAHxK1EiSysc0mj.ttf"},{"family":"Henny Penny","version":"v17","lastModified":"2024-09-04","category":"display","kind":"webfonts#webfont","menu":"https://fonts.gstatic.com/s/hennypenny/v17/wXKvE3UZookzsxz_kjGSfPQrvXc.ttf"},{"family":"Hepta Slab","version":"v23","lastModified":"2024-09-04","category":"serif","kind":"webfonts#webfont","menu":"https://fonts.gstatic.com/s/heptaslab/v23/ea8JadoyU_jkHdalebHvyWVNdYoIsHe5HvkV5wfaaZQ.ttf"},{"family":"Herr Von Muellerhoff","version":"v21","lastModified":"2024-09-04","category":"handwriting","kind":"webfonts#webfont","menu":"https://fonts.gstatic.com/s/herrvonmuellerhoff/v21/WBL6rFjRZkREW8WqmCWYLgCkQKXb4CAft0c79KY.ttf"},{"family":"Hi Melody","version":"v18","lastModified":"2024-11-20","category":"handwriting","kind":"webfonts#webfont","menu":"https://fonts.gstatic.com/s/himelody/v18/46ktlbP8Vnz0pJcqCTb0fmVA.ttf"},{"family":"Hina Mincho","version":"v14","lastModified":"2024-12-04","category":"serif","kind":"webfonts#webfont","menu":"https://fonts.gstatic.com/s/hinamincho/v14/2sDaZGBRhpXa2Jjz5w5LAFW9I70.ttf"},{"family":"Hind","version":"v17","lastModified":"2024-12-04","category":"sans-serif","kind":"webfonts#webfont","menu":"https://fonts.gstatic.com/s/hind/v17/5aU69_a8oxmIdG94AQ.ttf"},{"family":"Hind Guntur","version":"v13","lastModified":"2024-12-04","category":"sans-serif","kind":"webfonts#webfont","menu":"https://fonts.gstatic.com/s/hindguntur/v13/wXKvE3UZrok56nvamSuJd_QrvXc.ttf"},{"family":"Hind Madurai","version":"v11","lastModified":"2024-09-04","category":"sans-serif","kind":"webfonts#webfont","menu":"https://fonts.gstatic.com/s/hindmadurai/v11/f0Xx0e2p98ZvDXdZQIOcpqjX8IcH.ttf"},{"family":"Hind Mysuru","version":"v1","lastModified":"2024-12-04","category":"sans-serif","kind":"webfonts#webfont","menu":"https://fonts.gstatic.com/s/hindmysuru/v1/syk3-yB3k7wiAJ-U5l_li8LEhlU.ttf"},{"family":"Hind Siliguri","version":"v13","lastModified":"2024-12-04","category":"sans-serif","kind":"webfonts#webfont","menu":"https://fonts.gstatic.com/s/hindsiliguri/v13/ijwTs5juQtsyLLR5jN4cxBEoTJrawg.ttf"},{"family":"Hind Vadodara","version":"v15","lastModified":"2024-12-04","category":"sans-serif","kind":"webfonts#webfont","menu":"https://fonts.gstatic.com/s/hindvadodara/v15/neINzCKvrIcn5pbuuuriV9tTQJTVqQ.ttf"},{"family":"Holtwood One SC","version":"v21","lastModified":"2024-09-04","category":"serif","kind":"webfonts#webfont","menu":"https://fonts.gstatic.com/s/holtwoodonesc/v21/yYLx0hLR0P-3vMFSk1TCq3Txg5BHcLz-.ttf"},{"family":"Homemade Apple","version":"v22","lastModified":"2024-09-04","category":"handwriting","kind":"webfonts#webfont","menu":"https://fonts.gstatic.com/s/homemadeapple/v22/Qw3EZQFXECDrI2q789EKQZJob0x8XH0.ttf"},{"family":"Homenaje","version":"v16","lastModified":"2024-09-04","category":"sans-serif","kind":"webfonts#webfont","menu":"https://fonts.gstatic.com/s/homenaje/v16/FwZY7-Q-xVAi_l-6Le6B6Mw.ttf"},{"family":"Honk","version":"v1","lastModified":"2024-09-04","category":"display","kind":"webfonts#webfont","menu":"https://fonts.gstatic.com/s/honk/v1/m8J7jftUea-XwTaemClumrBQbmvynOmXBji9zFhHRr8WFgV7orFJ.ttf"},{"family":"Host Grotesk","version":"v4","lastModified":"2024-12-04","category":"sans-serif","kind":"webfonts#webfont","menu":"https://fonts.gstatic.com/s/hostgrotesk/v4/co3UmWBnlCJ3U42vbbfdwMjzqHAXOdFzqU5PuefO_hej_g.ttf"},{"family":"Hubballi","version":"v8","lastModified":"2024-12-04","category":"sans-serif","kind":"webfonts#webfont","menu":"https://fonts.gstatic.com/s/hubballi/v8/o-0JIpUj3WIZ1RFN55B6whQ.ttf"},{"family":"Hubot Sans","version":"v4","lastModified":"2024-12-04","category":"sans-serif","kind":"webfonts#webfont","menu":"https://fonts.gstatic.com/s/hubotsans/v4/pe0BMIiULYxOvxVLbVwhONyy6zb7yFM9V5G3iZ3X0avsIiCxjLsC57ZtgbrR.ttf"},{"family":"Hurricane","version":"v7","lastModified":"2024-09-04","category":"handwriting","kind":"webfonts#webfont","menu":"https://fonts.gstatic.com/s/hurricane/v7/pe0sMIuULZxTolZ5YldCA_e6.ttf"},{"family":"Ibarra Real Nova","version":"v27","lastModified":"2024-09-04","category":"serif","kind":"webfonts#webfont","menu":"https://fonts.gstatic.com/s/ibarrarealnova/v27/sZlSdQiA-DBIDCcaWtQzL4BZHoiDundw4ATyjed3EXdg5PDsXzs.ttf"},{"family":"IBM Plex Mono","version":"v19","lastModified":"2024-09-04","category":"monospace","kind":"webfonts#webfont","menu":"https://fonts.gstatic.com/s/ibmplexmono/v19/-F63fjptAgt5VM-kVkqdyU8n1ikq0g.ttf"},{"family":"IBM Plex Sans","version":"v19","lastModified":"2024-09-04","category":"sans-serif","kind":"webfonts#webfont","menu":"https://fonts.gstatic.com/s/ibmplexsans/v19/zYXgKVElMYYaJe8bpLHnCwDKhdfeEA.ttf"},{"family":"IBM Plex Sans Arabic","version":"v13","lastModified":"2024-12-04","category":"sans-serif","kind":"webfonts#webfont","menu":"https://fonts.gstatic.com/s/ibmplexsansarabic/v13/Qw3CZRtWPQCuHme67tEYUIx3Kh0PHR9N6Ys73PA.ttf"},{"family":"IBM Plex Sans Condensed","version":"v14","lastModified":"2024-09-04","category":"sans-serif","kind":"webfonts#webfont","menu":"https://fonts.gstatic.com/s/ibmplexsanscondensed/v14/Gg8lN4UfRSqiPg7Jn2ZI12V4DCEwkj1E4LVeHYavyKs.ttf"},{"family":"IBM Plex Sans Devanagari","version":"v11","lastModified":"2024-09-04","category":"sans-serif","kind":"webfonts#webfont","menu":"https://fonts.gstatic.com/s/ibmplexsansdevanagari/v11/XRXH3JCMvG4IDoS9SubXB6W-UX5iehIMBFR2-O_PVEjw.ttf"},{"family":"IBM Plex Sans Hebrew","version":"v11","lastModified":"2024-09-04","category":"sans-serif","kind":"webfonts#webfont","menu":"https://fonts.gstatic.com/s/ibmplexsanshebrew/v11/BCa2qYENg9Kw1mpLpO0bGM5lfHAAZHhDXE2k-l0.ttf"},{"family":"IBM Plex Sans JP","version":"v6","lastModified":"2024-09-04","category":"sans-serif","kind":"webfonts#webfont","menu":"https://fonts.gstatic.com/s/ibmplexsansjp/v6/Z9XNDn9KbTDf6_f7dISNqYf_tvPT5CvyjA.ttf"},{"family":"IBM Plex Sans KR","version":"v10","lastModified":"2024-08-12","category":"sans-serif","kind":"webfonts#webfont","menu":"https://fonts.gstatic.com/s/ibmplexsanskr/v10/vEFK2-VJISZe3O_rc3ZVYh4aTwNOwtO_Xw.ttf"},{"family":"IBM Plex Sans Thai","version":"v10","lastModified":"2024-09-04","category":"sans-serif","kind":"webfonts#webfont","menu":"https://fonts.gstatic.com/s/ibmplexsansthai/v10/m8JPje1VVIzcq1HzJq2AEdo2Tj_qvLqMD9Yl.ttf"},{"family":"IBM Plex Sans Thai Looped","version":"v11","lastModified":"2024-09-04","category":"sans-serif","kind":"webfonts#webfont","menu":"https://fonts.gstatic.com/s/ibmplexsansthailooped/v11/tss_AoJJRAhL3BTrK3r2xxbFhvKfyBB6l7hHT30L9BOKpA.ttf"},{"family":"IBM Plex Serif","version":"v19","lastModified":"2024-09-04","category":"serif","kind":"webfonts#webfont","menu":"https://fonts.gstatic.com/s/ibmplexserif/v19/jizDREVNn1dOx-zrZ2X3pZvkTiUZ2zI.ttf"},{"family":"Iceberg","version":"v24","lastModified":"2024-09-04","category":"display","kind":"webfonts#webfont","menu":"https://fonts.gstatic.com/s/iceberg/v24/8QIJdijAiM7o-qnZiIkErw.ttf"},{"family":"Iceland","version":"v20","lastModified":"2024-09-04","category":"display","kind":"webfonts#webfont","menu":"https://fonts.gstatic.com/s/iceland/v20/rax9HiuFsdMNOnWPaK1MBA.ttf"},{"family":"IM Fell Double Pica","version":"v14","lastModified":"2024-09-04","category":"serif","kind":"webfonts#webfont","menu":"https://fonts.gstatic.com/s/imfelldoublepica/v14/3XF2EqMq_94s9PeKF7Fg4gOKINyMtZ8rf0W_VA.ttf"},{"family":"IM Fell Double Pica SC","version":"v21","lastModified":"2024-09-04","category":"serif","kind":"webfonts#webfont","menu":"https://fonts.gstatic.com/s/imfelldoublepicasc/v21/neIazDmuiMkFo6zj_sHpQ8teNbWlwBB_hXjJ0YwOfg.ttf"},{"family":"IM Fell DW Pica","version":"v16","lastModified":"2024-09-04","category":"serif","kind":"webfonts#webfont","menu":"https://fonts.gstatic.com/s/imfelldwpica/v16/2sDGZGRQotv9nbn2qSl0TxXVYNwNZQnQ.ttf"},{"family":"IM Fell DW Pica SC","version":"v21","lastModified":"2024-09-04","category":"serif","kind":"webfonts#webfont","menu":"https://fonts.gstatic.com/s/imfelldwpicasc/v21/0ybjGCAu5PfqkvtGVU15aBhXz3EUrnTm-RKO.ttf"},{"family":"IM Fell English","version":"v14","lastModified":"2024-09-04","category":"serif","kind":"webfonts#webfont","menu":"https://fonts.gstatic.com/s/imfellenglish/v14/Ktk1ALSLW8zDe0rthJysWrnLsAzHFqOd.ttf"},{"family":"IM Fell English SC","version":"v16","lastModified":"2024-09-04","category":"serif","kind":"webfonts#webfont","menu":"https://fonts.gstatic.com/s/imfellenglishsc/v16/a8IENpD3CDX-4zrWfr1VY879qFF05pZ7OoIK.ttf"},{"family":"IM Fell French Canon","version":"v21","lastModified":"2024-09-04","category":"serif","kind":"webfonts#webfont","menu":"https://fonts.gstatic.com/s/imfellfrenchcanon/v21/-F6ufiNtDWYfYc-tDiyiw08rrghJszkK6foUNNk.ttf"},{"family":"IM Fell French Canon SC","version":"v22","lastModified":"2024-09-04","category":"serif","kind":"webfonts#webfont","menu":"https://fonts.gstatic.com/s/imfellfrenchcanonsc/v22/FBVmdCru5-ifcor2bgq9V89khWcmQghEURY7H0c1WhQ.ttf"},{"family":"IM Fell Great Primer","version":"v21","lastModified":"2024-09-04","category":"serif","kind":"webfonts#webfont","menu":"https://fonts.gstatic.com/s/imfellgreatprimer/v21/bx6aNwSJtayYxOkbYFsT6hMsLzX7u85rJrrWtj4.ttf"},{"family":"IM Fell Great Primer SC","version":"v21","lastModified":"2024-09-04","category":"serif","kind":"webfonts#webfont","menu":"https://fonts.gstatic.com/s/imfellgreatprimersc/v21/ga6daxBOxyt6sCqz3fjZCTFCTUDMHagsQKdDTIf8D3g.ttf"},{"family":"Imbue","version":"v27","lastModified":"2024-09-04","category":"serif","kind":"webfonts#webfont","menu":"https://fonts.gstatic.com/s/imbue/v27/RLpXK5P16Ki3fXhj5cvGrqjocPk4n-gVX3M93TnrnvhoP8iXTOoHMA.ttf"},{"family":"Imperial Script","version":"v6","lastModified":"2024-09-04","category":"handwriting","kind":"webfonts#webfont","menu":"https://fonts.gstatic.com/s/imperialscript/v6/5DCPAKrpzy_H98IV2ISnZBbGrVNfPOPh.ttf"},{"family":"Imprima","version":"v18","lastModified":"2024-09-04","category":"sans-serif","kind":"webfonts#webfont","menu":"https://fonts.gstatic.com/s/imprima/v18/VEMxRoN7sY3yuy-7yoSNzA.ttf"},{"family":"Inclusive Sans","version":"v1","lastModified":"2024-09-04","category":"sans-serif","kind":"webfonts#webfont","menu":"https://fonts.gstatic.com/s/inclusivesans/v1/0nkxC9biPuwflXcJ46P4PGWE0-70qQI.ttf"},{"family":"Inconsolata","version":"v32","lastModified":"2024-09-04","category":"monospace","kind":"webfonts#webfont","menu":"https://fonts.gstatic.com/s/inconsolata/v32/QldgNThLqRwH-OJ1UHjlKENVzkWGVkL3GZQmAwLYxYWI2qfdm7Lpp4U8WRv2kg.ttf"},{"family":"Inder","version":"v14","lastModified":"2024-09-04","category":"sans-serif","kind":"webfonts#webfont","menu":"https://fonts.gstatic.com/s/inder/v14/w8gUH2YoQe8_4sq7rQs.ttf"},{"family":"Indie Flower","version":"v22","lastModified":"2024-11-20","category":"handwriting","kind":"webfonts#webfont","menu":"https://fonts.gstatic.com/s/indieflower/v22/m8JVjfNVeKWVnh3QMuKkFcZVb0uC.ttf"},{"family":"Ingrid Darling","version":"v5","lastModified":"2024-09-04","category":"handwriting","kind":"webfonts#webfont","menu":"https://fonts.gstatic.com/s/ingriddarling/v5/LDIrapaJNxUtSuFdw-9yf4rCPvLPs7o.ttf"},{"family":"Inika","version":"v21","lastModified":"2024-09-04","category":"serif","kind":"webfonts#webfont","menu":"https://fonts.gstatic.com/s/inika/v21/rnCm-x5X3QP-piTGT8M.ttf"},{"family":"Inknut Antiqua","version":"v14","lastModified":"2024-08-12","category":"serif","kind":"webfonts#webfont","menu":"https://fonts.gstatic.com/s/inknutantiqua/v14/Y4GSYax7VC4ot_qNB4nYpBdaKUUC4Jg.ttf"},{"family":"Inria Sans","version":"v14","lastModified":"2024-08-12","category":"sans-serif","kind":"webfonts#webfont","menu":"https://fonts.gstatic.com/s/inriasans/v14/ptRMTiqXYfZMCOiVj9kQ1O_4LQ.ttf"},{"family":"Inria Serif","version":"v16","lastModified":"2024-08-12","category":"serif","kind":"webfonts#webfont","menu":"https://fonts.gstatic.com/s/inriaserif/v16/fC1lPYxPY3rXxEndZJAzN3Stdyg.ttf"},{"family":"Inspiration","version":"v6","lastModified":"2024-09-04","category":"handwriting","kind":"webfonts#webfont","menu":"https://fonts.gstatic.com/s/inspiration/v6/x3dkckPPZa6L4wIg5cZOEsoHly4.ttf"},{"family":"Instrument Sans","version":"v1","lastModified":"2024-09-04","category":"sans-serif","kind":"webfonts#webfont","menu":"https://fonts.gstatic.com/s/instrumentsans/v1/pximypc9vsFDm051Uf6KVwgkfoSxQ0GsQv8ToedPibnr-yp2JGEJOH9npSTF-Tf0kyk.ttf"},{"family":"Instrument Serif","version":"v4","lastModified":"2024-09-04","category":"serif","kind":"webfonts#webfont","menu":"https://fonts.gstatic.com/s/instrumentserif/v4/jizBRFtNs2ka5fXjeivQ4LroWlx-6zMTiw.ttf"},{"family":"Inter","version":"v18","lastModified":"2024-09-04","category":"sans-serif","kind":"webfonts#webfont","menu":"https://fonts.gstatic.com/s/inter/v18/UcCO3FwrK3iLTeHuS_nVMrMxCp50SjIw2boKoduKmMEVuLyfAZlhjQ.ttf"},{"family":"Inter Tight","version":"v7","lastModified":"2024-09-04","category":"sans-serif","kind":"webfonts#webfont","menu":"https://fonts.gstatic.com/s/intertight/v7/NGSnv5HMAFg6IuGlBNMjxJEL2VmU3NS7Z2mjDw-aXS5X.ttf"},{"family":"Irish Grover","version":"v23","lastModified":"2024-09-04","category":"display","kind":"webfonts#webfont","menu":"https://fonts.gstatic.com/s/irishgrover/v23/buExpoi6YtLz2QW7LA4flVgv-fRK.ttf"},{"family":"Island Moments","version":"v6","lastModified":"2024-09-04","category":"handwriting","kind":"webfonts#webfont","menu":"https://fonts.gstatic.com/s/islandmoments/v6/NaPBcZfVGvBdxIt7Ar0qzkXJF9THKIw.ttf"},{"family":"Istok Web","version":"v24","lastModified":"2024-09-04","category":"sans-serif","kind":"webfonts#webfont","menu":"https://fonts.gstatic.com/s/istokweb/v24/3qTvojGmgSyUukBzKslpAGt6.ttf"},{"family":"Italiana","version":"v20","lastModified":"2024-09-04","category":"serif","kind":"webfonts#webfont","menu":"https://fonts.gstatic.com/s/italiana/v20/QldNNTtLsx4E__B0XQmQaXk.ttf"},{"family":"Italianno","version":"v17","lastModified":"2024-09-04","category":"handwriting","kind":"webfonts#webfont","menu":"https://fonts.gstatic.com/s/italianno/v17/dg4n_p3sv6gCJkwzT6RXjpwt.ttf"},{"family":"Itim","version":"v14","lastModified":"2024-09-04","category":"handwriting","kind":"webfonts#webfont","menu":"https://fonts.gstatic.com/s/itim/v14/0nknC9ziJOYe8AVAlQ.ttf"},{"family":"Jacquard 12","version":"v6","lastModified":"2024-09-04","category":"display","kind":"webfonts#webfont","menu":"https://fonts.gstatic.com/s/jacquard12/v6/vm8ydRLuXETEweL79J4rGf3IWH4.ttf"},{"family":"Jacquard 12 Charted","version":"v2","lastModified":"2024-09-04","category":"display","kind":"webfonts#webfont","menu":"https://fonts.gstatic.com/s/jacquard12charted/v2/i7dWIE97bzCOB9Q_Up6PQmYfKDPIb2Hwf3WnYw.ttf"},{"family":"Jacquard 24","version":"v2","lastModified":"2024-09-04","category":"display","kind":"webfonts#webfont","menu":"https://fonts.gstatic.com/s/jacquard24/v2/jVyO7nf_B2zO5jVpUGU8ljQFf8w.ttf"},{"family":"Jacquard 24 Charted","version":"v3","lastModified":"2024-09-04","category":"display","kind":"webfonts#webfont","menu":"https://fonts.gstatic.com/s/jacquard24charted/v3/mtGm4-dNK6HaudrE9VVKhENTsEXEYish4iVhNQ.ttf"},{"family":"Jacquarda Bastarda 9","version":"v4","lastModified":"2024-09-04","category":"display","kind":"webfonts#webfont","menu":"https://fonts.gstatic.com/s/jacquardabastarda9/v4/f0Xp0fWr_8t6WFtKQJfOhaC0hcZ1HYAMAYwC3zQ.ttf"},{"family":"Jacquarda Bastarda 9 Charted","version":"v2","lastModified":"2024-09-04","category":"display","kind":"webfonts#webfont","menu":"https://fonts.gstatic.com/s/jacquardabastarda9charted/v2/Yq6D-KaMUyfq4qLgx19A_ocp43FeLd9m0vDxm-yf8JPuT0YFbA.ttf"},{"family":"Jacques Francois","version":"v24","lastModified":"2024-09-04","category":"serif","kind":"webfonts#webfont","menu":"https://fonts.gstatic.com/s/jacquesfrancois/v24/ZXu9e04ZvKeOOHIe1TMahbcIU2cgqcLgpQ.ttf"},{"family":"Jacques Francois Shadow","version":"v25","lastModified":"2024-09-04","category":"display","kind":"webfonts#webfont","menu":"https://fonts.gstatic.com/s/jacquesfrancoisshadow/v25/KR1FBtOz8PKTMk-kqdkLVrvR0ECFrB6Pin-2_p8Uun8.ttf"},{"family":"Jaini","version":"v1","lastModified":"2024-09-04","category":"display","kind":"webfonts#webfont","menu":"https://fonts.gstatic.com/s/jaini/v1/fC1vPYJMbGHQzHmPIeI.ttf"},{"family":"Jaini Purva","version":"v1","lastModified":"2024-09-04","category":"display","kind":"webfonts#webfont","menu":"https://fonts.gstatic.com/s/jainipurva/v1/CHynV-vdHVXwbWcUswbUGEoPFno.ttf"},{"family":"Jaldi","version":"v12","lastModified":"2024-09-04","category":"sans-serif","kind":"webfonts#webfont","menu":"https://fonts.gstatic.com/s/jaldi/v12/or3sQ67z0_CI33NVbJQ.ttf"},{"family":"Jaro","version":"v6","lastModified":"2024-09-04","category":"sans-serif","kind":"webfonts#webfont","menu":"https://fonts.gstatic.com/s/jaro/v6/ea8DadQwV_r_Rv3-7zZMCGhQgVr1SmCtPvk.ttf"},{"family":"Jersey 10","version":"v2","lastModified":"2024-09-04","category":"display","kind":"webfonts#webfont","menu":"https://fonts.gstatic.com/s/jersey10/v2/GftH7vZKsggXMf9n_J5n-Zjk.ttf"},{"family":"Jersey 10 Charted","version":"v2","lastModified":"2024-09-04","category":"display","kind":"webfonts#webfont","menu":"https://fonts.gstatic.com/s/jersey10charted/v2/oY1E8fPFr6XiNWqEp90XSbwUGfF8SkecIGM.ttf"},{"family":"Jersey 15","version":"v2","lastModified":"2024-09-04","category":"display","kind":"webfonts#webfont","menu":"https://fonts.gstatic.com/s/jersey15/v2/_6_9EDzuROGsUuk2TWjiY4Al.ttf"},{"family":"Jersey 15 Charted","version":"v2","lastModified":"2024-09-04","category":"display","kind":"webfonts#webfont","menu":"https://fonts.gstatic.com/s/jersey15charted/v2/nuFjD-rCQIjoVp1Sva2ToCTudGbLeSv5pWk.ttf"},{"family":"Jersey 20","version":"v2","lastModified":"2024-09-04","category":"display","kind":"webfonts#webfont","menu":"https://fonts.gstatic.com/s/jersey20/v2/ZgNRjP1ON6jeW4D12z3srUXu.ttf"},{"family":"Jersey 20 Charted","version":"v2","lastModified":"2024-09-04","category":"display","kind":"webfonts#webfont","menu":"https://fonts.gstatic.com/s/jersey20charted/v2/JTUNjJMy9DKq5FzVaj9tpgYgvHqGn8Z0hCs.ttf"},{"family":"Jersey 25","version":"v2","lastModified":"2024-09-04","category":"display","kind":"webfonts#webfont","menu":"https://fonts.gstatic.com/s/jersey25/v2/ll8-K2eeXj2tAs6F9BX4JooI.ttf"},{"family":"Jersey 25 Charted","version":"v2","lastModified":"2024-09-04","category":"display","kind":"webfonts#webfont","menu":"https://fonts.gstatic.com/s/jersey25charted/v2/6NUM8EWHIhCWbxOqtLkv94Rlu6EkGs2vWmA.ttf"},{"family":"JetBrains Mono","version":"v20","lastModified":"2024-09-30","category":"monospace","kind":"webfonts#webfont","menu":"https://fonts.gstatic.com/s/jetbrainsmono/v20/tDbY2o-flEEny0FZhsfKu5WU4zr3E_BX0PnT8RD8yKxTPFOQ.ttf"},{"family":"Jim Nightshade","version":"v20","lastModified":"2024-09-04","category":"handwriting","kind":"webfonts#webfont","menu":"https://fonts.gstatic.com/s/jimnightshade/v20/PlIkFlu9Pb08Q8HLM1PxmB0g-NS5XX4.ttf"},{"family":"Joan","version":"v11","lastModified":"2024-09-04","category":"serif","kind":"webfonts#webfont","menu":"https://fonts.gstatic.com/s/joan/v11/ZXupe1oZsqWRXRZN9Q.ttf"},{"family":"Jockey One","version":"v21","lastModified":"2024-09-04","category":"sans-serif","kind":"webfonts#webfont","menu":"https://fonts.gstatic.com/s/jockeyone/v21/HTxpL2g2KjCFj4x8WI6AnIfxGQ.ttf"},{"family":"Jolly Lodger","version":"v20","lastModified":"2024-09-04","category":"display","kind":"webfonts#webfont","menu":"https://fonts.gstatic.com/s/jollylodger/v20/BXRsvFTAh_bGkA1uQ48dlB3lWODX.ttf"},{"family":"Jomhuria","version":"v21","lastModified":"2024-12-04","category":"display","kind":"webfonts#webfont","menu":"https://fonts.gstatic.com/s/jomhuria/v21/Dxxp8j-TMXf-llKur1b0OuU.ttf"},{"family":"Jomolhari","version":"v19","lastModified":"2024-12-04","category":"serif","kind":"webfonts#webfont","menu":"https://fonts.gstatic.com/s/jomolhari/v19/EvONzA1M1Iw_CBd2hsQyFlgd.ttf"},{"family":"Josefin Sans","version":"v32","lastModified":"2024-09-04","category":"sans-serif","kind":"webfonts#webfont","menu":"https://fonts.gstatic.com/s/josefinsans/v32/Qw3PZQNVED7rKGKxtqIqX5E-AVSJrOCfjY46_DjQbMBhKg.ttf"},{"family":"Josefin Slab","version":"v27","lastModified":"2024-12-04","category":"serif","kind":"webfonts#webfont","menu":"https://fonts.gstatic.com/s/josefinslab/v27/lW-swjwOK3Ps5GSJlNNkMalNpiZe_ldbOR4W71msR3g9Lw.ttf"},{"family":"Jost","version":"v18","lastModified":"2024-09-30","category":"sans-serif","kind":"webfonts#webfont","menu":"https://fonts.gstatic.com/s/jost/v18/92zPtBhPNqw79Ij1E865zBUv7myjJTVHNI0.ttf"},{"family":"Joti One","version":"v26","lastModified":"2024-09-04","category":"display","kind":"webfonts#webfont","menu":"https://fonts.gstatic.com/s/jotione/v26/Z9XVDmdJQAmWm9TwabTf6Ok.ttf"},{"family":"Jua","version":"v16","lastModified":"2024-08-12","category":"sans-serif","kind":"webfonts#webfont","menu":"https://fonts.gstatic.com/s/jua/v16/co3KmW9ljjATcurd.ttf"},{"family":"Judson","version":"v19","lastModified":"2024-09-04","category":"serif","kind":"webfonts#webfont","menu":"https://fonts.gstatic.com/s/judson/v19/FeVRS0Fbvbc14VxhDrlw.ttf"},{"family":"Julee","version":"v25","lastModified":"2024-09-04","category":"handwriting","kind":"webfonts#webfont","menu":"https://fonts.gstatic.com/s/julee/v25/TuGfUVB3RpZPQ5ZKq9w.ttf"},{"family":"Julius Sans One","version":"v18","lastModified":"2024-09-04","category":"sans-serif","kind":"webfonts#webfont","menu":"https://fonts.gstatic.com/s/juliussansone/v18/1Pt2g8TAX_SGgBGUi0tGOYEga5WOxHsS.ttf"},{"family":"Junge","version":"v24","lastModified":"2024-09-04","category":"serif","kind":"webfonts#webfont","menu":"https://fonts.gstatic.com/s/junge/v24/gokgH670Gl1lUpActBQ.ttf"},{"family":"Jura","version":"v31","lastModified":"2024-09-04","category":"sans-serif","kind":"webfonts#webfont","menu":"https://fonts.gstatic.com/s/jura/v31/z7NOdRfiaC4Vd8hhoPzfb5vBTP1d7ZugR_0.ttf"},{"family":"Just Another Hand","version":"v20","lastModified":"2024-11-20","category":"handwriting","kind":"webfonts#webfont","menu":"https://fonts.gstatic.com/s/justanotherhand/v20/845CNN4-AJyIGvIou-6yJKyptyOpOfr-DG0.ttf"},{"family":"Just Me Again Down Here","version":"v24","lastModified":"2024-09-04","category":"handwriting","kind":"webfonts#webfont","menu":"https://fonts.gstatic.com/s/justmeagaindownhere/v24/MwQmbgXtz-Wc6RUEGNMc0QpRrfUh2hSdBBMoAtwGtKQ.ttf"},{"family":"K2D","version":"v11","lastModified":"2024-09-04","category":"sans-serif","kind":"webfonts#webfont","menu":"https://fonts.gstatic.com/s/k2d/v11/J7aTnpF2V0EjdqUp.ttf"},{"family":"Kablammo","version":"v1","lastModified":"2024-09-04","category":"display","kind":"webfonts#webfont","menu":"https://fonts.gstatic.com/s/kablammo/v1/bWtm7fHPcgrhC-J3lcXhcQTY5Ixs6Au9YgCTjhcV.ttf"},{"family":"Kadwa","version":"v11","lastModified":"2024-11-20","category":"serif","kind":"webfonts#webfont","menu":"https://fonts.gstatic.com/s/kadwa/v11/rnCm-x5V0g7ipiTGT8M.ttf"},{"family":"Kaisei Decol","version":"v10","lastModified":"2024-12-04","category":"serif","kind":"webfonts#webfont","menu":"https://fonts.gstatic.com/s/kaiseidecol/v10/bMrwmSqP45sidWf3QmfFW6iCWlsL.ttf"},{"family":"Kaisei HarunoUmi","version":"v10","lastModified":"2024-10-29","category":"serif","kind":"webfonts#webfont","menu":"https://fonts.gstatic.com/s/kaiseiharunoumi/v10/HI_RiZQSLqBQoAHhK_C6N_nzy_jcKsrztA.ttf"},{"family":"Kaisei Opti","version":"v10","lastModified":"2024-10-29","category":"serif","kind":"webfonts#webfont","menu":"https://fonts.gstatic.com/s/kaiseiopti/v10/QldKNThJphYb8_g6c2nlIGlf5q0.ttf"},{"family":"Kaisei Tokumin","version":"v10","lastModified":"2024-10-29","category":"serif","kind":"webfonts#webfont","menu":"https://fonts.gstatic.com/s/kaiseitokumin/v10/Gg8sN5wdZg7xCwuMsylww2ZiQnJe3Fk.ttf"},{"family":"Kalam","version":"v17","lastModified":"2024-10-29","category":"handwriting","kind":"webfonts#webfont","menu":"https://fonts.gstatic.com/s/kalam/v17/YA9dr0Wd4kDdMthXOCI.ttf"},{"family":"Kalnia","version":"v2","lastModified":"2024-09-04","category":"serif","kind":"webfonts#webfont","menu":"https://fonts.gstatic.com/s/kalnia/v2/11hqGpPCwUbbYwZZP0RBuDY62BQZhjvOytM_sLzi-TFWAW9illxQEtM.ttf"},{"family":"Kalnia Glaze","version":"v1","lastModified":"2024-09-04","category":"display","kind":"webfonts#webfont","menu":"https://fonts.gstatic.com/s/kalniaglaze/v1/wlpQgwHCBUNjrGrfu-hwowN1YyC-42Lu26VHf2LtOkAod0wTxm2tFYdL6knYI_w.ttf"},{"family":"Kameron","version":"v16","lastModified":"2024-09-04","category":"serif","kind":"webfonts#webfont","menu":"https://fonts.gstatic.com/s/kameron/v16/vm8pdR7vXErQxuznqrUS3z1Uw3nq4Ne3cYcat5c.ttf"},{"family":"Kanit","version":"v15","lastModified":"2024-09-04","category":"sans-serif","kind":"webfonts#webfont","menu":"https://fonts.gstatic.com/s/kanit/v15/nKKZ-Go6G5tXcraTGwU.ttf"},{"family":"Kantumruy Pro","version":"v9","lastModified":"2024-10-29","category":"sans-serif","kind":"webfonts#webfont","menu":"https://fonts.gstatic.com/s/kantumruypro/v9/1q2TY5aECkp34vEBSPFOmJxwvk_pilU8OGNfyg1urHs1OXo.ttf"},{"family":"Karantina","version":"v11","lastModified":"2024-09-04","category":"display","kind":"webfonts#webfont","menu":"https://fonts.gstatic.com/s/karantina/v11/buE0po24ccnh31GVMAB58Qo_.ttf"},{"family":"Karla","version":"v31","lastModified":"2024-09-04","category":"sans-serif","kind":"webfonts#webfont","menu":"https://fonts.gstatic.com/s/karla/v31/qkBIXvYC6trAT55ZBi1ueQVIjQTD-JqaFUlP.ttf"},{"family":"Karla Tamil Inclined","version":"v2","lastModified":"2024-10-29","category":"sans-serif","kind":"webfonts#webfont","menu":"https://fonts.gstatic.com/s/karlatamilinclined/v2/vm8pdQ3vXFXZ1aPd8dNzR82AFh2TibkaVocat5c.ttf"},{"family":"Karla Tamil Upright","version":"v2","lastModified":"2024-10-29","category":"sans-serif","kind":"webfonts#webfont","menu":"https://fonts.gstatic.com/s/karlatamilupright/v2/IFS4HfVMk95HnY0u6SeQ_cHoozW_3U5XkBN3gA.ttf"},{"family":"Karma","version":"v17","lastModified":"2024-10-29","category":"serif","kind":"webfonts#webfont","menu":"https://fonts.gstatic.com/s/karma/v17/va9I4kzAzMZRGLBuQeY.ttf"},{"family":"Katibeh","version":"v20","lastModified":"2024-10-29","category":"display","kind":"webfonts#webfont","menu":"https://fonts.gstatic.com/s/katibeh/v20/ZGjXol5MQJog4bxDWCxbUA.ttf"},{"family":"Kaushan Script","version":"v18","lastModified":"2024-09-04","category":"handwriting","kind":"webfonts#webfont","menu":"https://fonts.gstatic.com/s/kaushanscript/v18/vm8vdRfvXFLG3OLnsO15WYS5DG7-wNc.ttf"},{"family":"Kavivanar","version":"v20","lastModified":"2024-09-04","category":"handwriting","kind":"webfonts#webfont","menu":"https://fonts.gstatic.com/s/kavivanar/v20/o-0IIpQgyXYSwhxP7_Jr4zRF.ttf"},{"family":"Kavoon","version":"v23","lastModified":"2024-09-04","category":"display","kind":"webfonts#webfont","menu":"https://fonts.gstatic.com/s/kavoon/v23/pxiFyp4_scRYhlUINbD-.ttf"},{"family":"Kay Pho Du","version":"v2","lastModified":"2024-09-04","category":"serif","kind":"webfonts#webfont","menu":"https://fonts.gstatic.com/s/kayphodu/v2/jizfREFPvGNOx-jhPwHR0OitKA.ttf"},{"family":"Kdam Thmor Pro","version":"v5","lastModified":"2024-10-29","category":"sans-serif","kind":"webfonts#webfont","menu":"https://fonts.gstatic.com/s/kdamthmorpro/v5/EJRPQgAzVdcI-Qdvt34jzurnGD7-hcs.ttf"},{"family":"Keania One","version":"v24","lastModified":"2024-09-04","category":"display","kind":"webfonts#webfont","menu":"https://fonts.gstatic.com/s/keaniaone/v24/zOL54pXJk65E8pXardnu-cVkuw.ttf"},{"family":"Kelly Slab","version":"v17","lastModified":"2024-09-04","category":"display","kind":"webfonts#webfont","menu":"https://fonts.gstatic.com/s/kellyslab/v17/-W_7XJX0Rz3cxUnJC5t6fkILew.ttf"},{"family":"Kenia","version":"v28","lastModified":"2024-09-04","category":"display","kind":"webfonts#webfont","menu":"https://fonts.gstatic.com/s/kenia/v28/jizURE5PuHQH9pCPP0U.ttf"},{"family":"Khand","version":"v21","lastModified":"2024-11-20","category":"sans-serif","kind":"webfonts#webfont","menu":"https://fonts.gstatic.com/s/khand/v21/TwMA-IINQlQQ0bpUUnE.ttf"},{"family":"Khmer","version":"v34","lastModified":"2024-11-20","category":"sans-serif","kind":"webfonts#webfont","menu":"https://fonts.gstatic.com/s/khmer/v34/MjQImit_vPPwpG-Artk.ttf"},{"family":"Khula","version":"v16","lastModified":"2024-11-20","category":"sans-serif","kind":"webfonts#webfont","menu":"https://fonts.gstatic.com/s/khula/v16/OpNCnoEOns3V7GcIrgs.ttf"},{"family":"Kings","version":"v7","lastModified":"2024-09-04","category":"handwriting","kind":"webfonts#webfont","menu":"https://fonts.gstatic.com/s/kings/v7/8AtnGsK4O5CYXX_JoaU.ttf"},{"family":"Kirang Haerang","version":"v21","lastModified":"2024-08-12","category":"display","kind":"webfonts#webfont","menu":"https://fonts.gstatic.com/s/kiranghaerang/v21/E21-_dn_gvvIjhYON1lpIU4-bfquUvI.ttf"},{"family":"Kite One","version":"v22","lastModified":"2024-09-04","category":"sans-serif","kind":"webfonts#webfont","menu":"https://fonts.gstatic.com/s/kiteone/v22/70lQu7shLnA_E02vyp1a4n0.ttf"},{"family":"Kiwi Maru","version":"v19","lastModified":"2024-11-20","category":"serif","kind":"webfonts#webfont","menu":"https://fonts.gstatic.com/s/kiwimaru/v19/R70YjykGkuuDep-hRg6omQqU.ttf"},{"family":"Klee One","version":"v12","lastModified":"2024-11-20","category":"handwriting","kind":"webfonts#webfont","menu":"https://fonts.gstatic.com/s/kleeone/v12/LDIxapCLNRc6A8oT4p4BM-M.ttf"},{"family":"Knewave","version":"v14","lastModified":"2024-09-04","category":"display","kind":"webfonts#webfont","menu":"https://fonts.gstatic.com/s/knewave/v14/sykz-yx0lLcxQaSIhSu3_g.ttf"},{"family":"Kodchasan","version":"v17","lastModified":"2024-09-04","category":"sans-serif","kind":"webfonts#webfont","menu":"https://fonts.gstatic.com/s/kodchasan/v17/1cXxaUPOAJv9sG4I-DJWjnGA.ttf"},{"family":"Kode Mono","version":"v2","lastModified":"2024-09-04","category":"monospace","kind":"webfonts#webfont","menu":"https://fonts.gstatic.com/s/kodemono/v2/A2BLn5pb0QgtVEPFnlYkkaoBgw4qv9odq5myxDuZbA.ttf"},{"family":"Koh Santepheap","version":"v14","lastModified":"2024-11-20","category":"serif","kind":"webfonts#webfont","menu":"https://fonts.gstatic.com/s/kohsantepheap/v14/gNMdW3p6SJbwyGj2rBZyeOrTjNPgHVw.ttf"},{"family":"KoHo","version":"v16","lastModified":"2024-09-04","category":"sans-serif","kind":"webfonts#webfont","menu":"https://fonts.gstatic.com/s/koho/v16/K2F-fZ5fmddNNigUeA.ttf"},{"family":"Kolker Brush","version":"v6","lastModified":"2024-09-04","category":"handwriting","kind":"webfonts#webfont","menu":"https://fonts.gstatic.com/s/kolkerbrush/v6/iJWDBXWRZjfKWdvmzwvvog3O7ah-.ttf"},{"family":"Konkhmer Sleokchher","version":"v2","lastModified":"2024-09-04","category":"display","kind":"webfonts#webfont","menu":"https://fonts.gstatic.com/s/konkhmersleokchher/v2/_Xmw-GE-rjmabA_M-aPOZOsCrUv825LFE39-6A.ttf"},{"family":"Kosugi","version":"v15","lastModified":"2024-08-12","category":"sans-serif","kind":"webfonts#webfont","menu":"https://fonts.gstatic.com/s/kosugi/v15/pxiFyp4_v8FCjlIINbD-.ttf"},{"family":"Kosugi Maru","version":"v14","lastModified":"2024-08-12","category":"sans-serif","kind":"webfonts#webfont","menu":"https://fonts.gstatic.com/s/kosugimaru/v14/0nksC9PgP_wGh21A2KeqGhTrgP4.ttf"},{"family":"Kotta One","version":"v20","lastModified":"2024-09-04","category":"serif","kind":"webfonts#webfont","menu":"https://fonts.gstatic.com/s/kottaone/v20/S6u_w41LXzPc_jlfNWq_HQfo.ttf"},{"family":"Koulen","version":"v28","lastModified":"2024-08-12","category":"display","kind":"webfonts#webfont","menu":"https://fonts.gstatic.com/s/koulen/v28/AMOQz46as3KIBPemg3o5.ttf"},{"family":"Kranky","version":"v28","lastModified":"2024-09-04","category":"display","kind":"webfonts#webfont","menu":"https://fonts.gstatic.com/s/kranky/v28/hESw6XVgJzlPsFn8px2A.ttf"},{"family":"Kreon","version":"v37","lastModified":"2024-09-04","category":"serif","kind":"webfonts#webfont","menu":"https://fonts.gstatic.com/s/kreon/v37/t5t9IRIUKY-TFF_LW5lnMR3v2DnvYtiWez8b.ttf"},{"family":"Kristi","version":"v21","lastModified":"2024-09-04","category":"handwriting","kind":"webfonts#webfont","menu":"https://fonts.gstatic.com/s/kristi/v21/uK_y4ricdeU6zwdhCxcX.ttf"},{"family":"Krona One","version":"v14","lastModified":"2024-09-04","category":"sans-serif","kind":"webfonts#webfont","menu":"https://fonts.gstatic.com/s/kronaone/v14/jAnEgHdjHcjgfIb1ZcUyMIWl.ttf"},{"family":"Krub","version":"v9","lastModified":"2024-09-04","category":"sans-serif","kind":"webfonts#webfont","menu":"https://fonts.gstatic.com/s/krub/v9/sZlLdRyC6CRYbkcaCA.ttf"},{"family":"Kufam","version":"v21","lastModified":"2024-09-04","category":"sans-serif","kind":"webfonts#webfont","menu":"https://fonts.gstatic.com/s/kufam/v21/C8c-4cY7pG7w_oSJDszBXsKCcBH3lqkLqAqN.ttf"},{"family":"Kulim Park","version":"v14","lastModified":"2024-09-04","category":"sans-serif","kind":"webfonts#webfont","menu":"https://fonts.gstatic.com/s/kulimpark/v14/fdN79secq3hflz1Uu3IwhF8s4Q.ttf"},{"family":"Kumar One","version":"v24","lastModified":"2024-11-20","category":"display","kind":"webfonts#webfont","menu":"https://fonts.gstatic.com/s/kumarone/v24/bMr1mS-P958wYi6YaGe2NeSS.ttf"},{"family":"Kumar One Outline","version":"v17","lastModified":"2024-09-04","category":"display","kind":"webfonts#webfont","menu":"https://fonts.gstatic.com/s/kumaroneoutline/v17/Noao6VH62pyLP0fsrZ-v18wlUEcX9wDxTw8.ttf"},{"family":"Kumbh Sans","version":"v22","lastModified":"2024-09-04","category":"sans-serif","kind":"webfonts#webfont","menu":"https://fonts.gstatic.com/s/kumbhsans/v22/c4mP1n92AsfhuCq6tVsaoIx1LQICk0boNoq0SjlDfnzKo-bF3mdQkZYw8L7q.ttf"},{"family":"Kurale","version":"v12","lastModified":"2024-09-04","category":"serif","kind":"webfonts#webfont","menu":"https://fonts.gstatic.com/s/kurale/v12/4iCs6KV9e9dXjhoKeQ7z.ttf"},{"family":"La Belle Aurore","version":"v21","lastModified":"2024-11-20","category":"handwriting","kind":"webfonts#webfont","menu":"https://fonts.gstatic.com/s/labelleaurore/v21/RrQIbot8-mNYKnGNDkWlocovHeI4Gu2B.ttf"},{"family":"Labrada","version":"v2","lastModified":"2024-09-04","category":"serif","kind":"webfonts#webfont","menu":"https://fonts.gstatic.com/s/labrada/v2/ieVh2Y9HLWefIpOyF1Vi3ZqDss1Px9VTSzM5SvM.ttf"},{"family":"Lacquer","version":"v15","lastModified":"2024-09-04","category":"display","kind":"webfonts#webfont","menu":"https://fonts.gstatic.com/s/lacquer/v15/EYqzma1QwqpG4_BBN76KWg.ttf"},{"family":"Laila","version":"v18","lastModified":"2024-11-20","category":"sans-serif","kind":"webfonts#webfont","menu":"https://fonts.gstatic.com/s/laila/v18/LYjMdG_8nE8jDLRcgCM.ttf"},{"family":"Lakki Reddy","version":"v24","lastModified":"2024-11-20","category":"handwriting","kind":"webfonts#webfont","menu":"https://fonts.gstatic.com/s/lakkireddy/v24/S6u5w49MUSzD9jlCPmvLZTfpzd0.ttf"},{"family":"Lalezar","version":"v14","lastModified":"2024-09-04","category":"display","kind":"webfonts#webfont","menu":"https://fonts.gstatic.com/s/lalezar/v14/zrfl0HLVx-HwTP82YaH4Jg.ttf"},{"family":"Lancelot","version":"v26","lastModified":"2024-09-04","category":"display","kind":"webfonts#webfont","menu":"https://fonts.gstatic.com/s/lancelot/v26/J7acnppxBGtQEulG4KY5zps.ttf"},{"family":"Langar","version":"v27","lastModified":"2024-09-04","category":"display","kind":"webfonts#webfont","menu":"https://fonts.gstatic.com/s/langar/v27/kJEyBukW7AIlgjGlrD9d.ttf"},{"family":"Lateef","version":"v32","lastModified":"2024-12-04","category":"serif","kind":"webfonts#webfont","menu":"https://fonts.gstatic.com/s/lateef/v32/hESw6XVnNCxEvkb8px2A.ttf"},{"family":"Lato","version":"v24","lastModified":"2024-09-04","category":"sans-serif","kind":"webfonts#webfont","menu":"https://fonts.gstatic.com/s/lato/v24/S6uyw4BMUTPHjxgwWw.ttf"},{"family":"Lavishly Yours","version":"v5","lastModified":"2024-09-04","category":"handwriting","kind":"webfonts#webfont","menu":"https://fonts.gstatic.com/s/lavishlyyours/v5/jizDREVIvGwH5OjiZmX9r5z_WyUZ2zI.ttf"},{"family":"League Gothic","version":"v11","lastModified":"2024-09-04","category":"sans-serif","kind":"webfonts#webfont","menu":"https://fonts.gstatic.com/s/leaguegothic/v11/qFdR35CBi4tvBz81xy7WG7ep-BQAY7Krj7feObpH_9ang9A.ttf"},{"family":"League Script","version":"v28","lastModified":"2024-08-12","category":"handwriting","kind":"webfonts#webfont","menu":"https://fonts.gstatic.com/s/leaguescript/v28/CSR54zpSlumSWj9CGVsoBZdeWNJevA.ttf"},{"family":"League Spartan","version":"v11","lastModified":"2024-09-04","category":"sans-serif","kind":"webfonts#webfont","menu":"https://fonts.gstatic.com/s/leaguespartan/v11/kJEnBuEW6A0lliaV_m88ja5Twtx8BWhtkDVmjZvM_oTZBc1Y.ttf"},{"family":"Leckerli One","version":"v20","lastModified":"2024-09-04","category":"handwriting","kind":"webfonts#webfont","menu":"https://fonts.gstatic.com/s/leckerlione/v20/V8mCoQH8VCsNttEnxnGQ-1idLJZY.ttf"},{"family":"Ledger","version":"v16","lastModified":"2024-09-04","category":"serif","kind":"webfonts#webfont","menu":"https://fonts.gstatic.com/s/ledger/v16/j8_q6-HK1L3if_sBmsr0.ttf"},{"family":"Lekton","version":"v20","lastModified":"2024-09-04","category":"monospace","kind":"webfonts#webfont","menu":"https://fonts.gstatic.com/s/lekton/v20/SZc43FDmLaWmWpBuXh3s.ttf"},{"family":"Lemon","version":"v17","lastModified":"2024-09-04","category":"display","kind":"webfonts#webfont","menu":"https://fonts.gstatic.com/s/lemon/v17/HI_EiYEVKqRMq3jAQ5E.ttf"},{"family":"Lemonada","version":"v28","lastModified":"2024-09-04","category":"display","kind":"webfonts#webfont","menu":"https://fonts.gstatic.com/s/lemonada/v28/0QI-MXFD9oygTWy_R-FFlwV-bgfR7QJGeutGmP-Y.ttf"},{"family":"Lexend","version":"v23","lastModified":"2024-09-30","category":"sans-serif","kind":"webfonts#webfont","menu":"https://fonts.gstatic.com/s/lexend/v23/wlptgwvFAVdoq2_F94zlCfv0bz1WCzsWzLFnfw.ttf"},{"family":"Lexend Deca","version":"v21","lastModified":"2024-09-04","category":"sans-serif","kind":"webfonts#webfont","menu":"https://fonts.gstatic.com/s/lexenddeca/v21/K2FifZFYk-dHSE0UPPuwQ7CrD94i-NCKm-U48M1wrRnG.ttf"},{"family":"Lexend Exa","version":"v30","lastModified":"2024-09-04","category":"sans-serif","kind":"webfonts#webfont","menu":"https://fonts.gstatic.com/s/lexendexa/v30/UMBCrPdOoHOnxExyjdBeQCH18mulUxBvI9r7TpbGFps.ttf"},{"family":"Lexend Giga","version":"v25","lastModified":"2024-09-04","category":"sans-serif","kind":"webfonts#webfont","menu":"https://fonts.gstatic.com/s/lexendgiga/v25/PlIuFl67Mah5Y8yMHE7lkUZPlTBo4MWFfNRC2Li06sAs.ttf"},{"family":"Lexend Mega","version":"v25","lastModified":"2024-09-04","category":"sans-serif","kind":"webfonts#webfont","menu":"https://fonts.gstatic.com/s/lexendmega/v25/qFdX35aBi5JtHD41zSTFEuTByuvYFuE9IbDL8fmfvOam.ttf"},{"family":"Lexend Peta","version":"v27","lastModified":"2024-09-04","category":"sans-serif","kind":"webfonts#webfont","menu":"https://fonts.gstatic.com/s/lexendpeta/v27/BXR4vFPGjeLPh0kCfI4OkFX-UTQHSCaxvBgR6SBCWlwq.ttf"},{"family":"Lexend Tera","version":"v27","lastModified":"2024-09-04","category":"sans-serif","kind":"webfonts#webfont","menu":"https://fonts.gstatic.com/s/lexendtera/v27/RrQDbo98_jt_IXnBPwCWtYJLZ3P4hnaGKFiM5zMjd5bw.ttf"},{"family":"Lexend Zetta","version":"v28","lastModified":"2024-09-04","category":"sans-serif","kind":"webfonts#webfont","menu":"https://fonts.gstatic.com/s/lexendzetta/v28/ll8uK2KYXje7CdOFnEWcU8synQbuVYjYB3BCy9bG4z9pag.ttf"},{"family":"Libre Barcode 128","version":"v28","lastModified":"2024-08-12","category":"display","kind":"webfonts#webfont","menu":"https://fonts.gstatic.com/s/librebarcode128/v28/cIfnMbdUsUoiW3O_hVviCwVjuLtXeK_B9Ac.ttf"},{"family":"Libre Barcode 128 Text","version":"v28","lastModified":"2024-08-12","category":"display","kind":"webfonts#webfont","menu":"https://fonts.gstatic.com/s/librebarcode128text/v28/fdNv9tubt3ZEnz1Gu3I4-zppwZ9CWZ16Z0w5QVzS7A.ttf"},{"family":"Libre Barcode 39","version":"v21","lastModified":"2024-08-12","category":"display","kind":"webfonts#webfont","menu":"https://fonts.gstatic.com/s/librebarcode39/v21/-nFnOHM08vwC6h8Li1eQnP_AHzI2G_Zx1w.ttf"},{"family":"Libre Barcode 39 Extended","version":"v27","lastModified":"2024-08-12","category":"display","kind":"webfonts#webfont","menu":"https://fonts.gstatic.com/s/librebarcode39extended/v27/8At7Gt6_O5yNS0-K4Nf5U922qSzhJ3dUdfJpwNUgTNVIPQ.ttf"},{"family":"Libre Barcode 39 Extended Text","version":"v27","lastModified":"2024-08-12","category":"display","kind":"webfonts#webfont","menu":"https://fonts.gstatic.com/s/librebarcode39extendedtext/v27/eLG1P_rwIgOiDA7yrs9LoKaYRVLQ1YldrrOnnL7xPO4jNP6Mfbgm.ttf"},{"family":"Libre Barcode 39 Text","version":"v28","lastModified":"2024-08-12","category":"display","kind":"webfonts#webfont","menu":"https://fonts.gstatic.com/s/librebarcode39text/v28/sJoa3KhViNKANw_E3LwoDXvs5Un0HQ1vT-0H1B5P.ttf"},{"family":"Libre Barcode EAN13 Text","version":"v21","lastModified":"2024-08-12","category":"display","kind":"webfonts#webfont","menu":"https://fonts.gstatic.com/s/librebarcodeean13text/v21/wlpigxXFDU1_oCu9nfZytgIqSG0XRcJm_OQiB96_AWsg.ttf"},{"family":"Libre Baskerville","version":"v14","lastModified":"2024-09-04","category":"serif","kind":"webfonts#webfont","menu":"https://fonts.gstatic.com/s/librebaskerville/v14/kmKnZrc3Hgbbcjq75U4uslyuy4kn0qNfaxY.ttf"},{"family":"Libre Bodoni","version":"v5","lastModified":"2024-09-04","category":"serif","kind":"webfonts#webfont","menu":"https://fonts.gstatic.com/s/librebodoni/v5/_Xm--H45qDWDYULr5OfyZudXzSBgY2oMBGte6I1f8W3TdA.ttf"},{"family":"Libre Caslon Display","version":"v16","lastModified":"2024-09-04","category":"serif","kind":"webfonts#webfont","menu":"https://fonts.gstatic.com/s/librecaslondisplay/v16/TuGOUUFxWphYQ6YI6q9Xp61FQzxDRKmzr1lQfxw.ttf"},{"family":"Libre Caslon Text","version":"v5","lastModified":"2024-09-04","category":"serif","kind":"webfonts#webfont","menu":"https://fonts.gstatic.com/s/librecaslontext/v5/DdT878IGsGw1aF1JU10PUbTvNNaDMfq-1-c.ttf"},{"family":"Libre Franklin","version":"v18","lastModified":"2024-09-30","category":"sans-serif","kind":"webfonts#webfont","menu":"https://fonts.gstatic.com/s/librefranklin/v18/jizOREVItHgc8qDIbSTKq4XkRg8T88bjFuXOnduhLsWkBtDM.ttf"},{"family":"Licorice","version":"v6","lastModified":"2024-09-04","category":"handwriting","kind":"webfonts#webfont","menu":"https://fonts.gstatic.com/s/licorice/v6/t5tjIR8TMomTCAyjNn22jKY.ttf"},{"family":"Life Savers","version":"v21","lastModified":"2024-09-04","category":"display","kind":"webfonts#webfont","menu":"https://fonts.gstatic.com/s/lifesavers/v21/ZXuie1UftKKabUQMgxAal8lqHA4.ttf"},{"family":"Lilita One","version":"v15","lastModified":"2024-09-04","category":"display","kind":"webfonts#webfont","menu":"https://fonts.gstatic.com/s/lilitaone/v15/i7dPIFZ9Zz-WBtRtedDbYEd8QA.ttf"},{"family":"Lily Script One","version":"v15","lastModified":"2024-09-04","category":"display","kind":"webfonts#webfont","menu":"https://fonts.gstatic.com/s/lilyscriptone/v15/LhW9MV7ZMfIPdMxeBjBvFN8SXLSIg86n.ttf"},{"family":"Limelight","version":"v19","lastModified":"2024-09-04","category":"display","kind":"webfonts#webfont","menu":"https://fonts.gstatic.com/s/limelight/v19/XLYkIZL7aopJVbZJHDuoPOlC.ttf"},{"family":"Linden Hill","version":"v25","lastModified":"2024-11-20","category":"serif","kind":"webfonts#webfont","menu":"https://fonts.gstatic.com/s/lindenhill/v25/-F61fjxoKSg9Yc3hZgO8yjFJ5ig.ttf"},{"family":"Linefont","version":"v5","lastModified":"2024-08-12","category":"display","kind":"webfonts#webfont","menu":"https://fonts.gstatic.com/s/linefont/v5/dg4I_pzpoqcLKUIzVfFMh1TF2rkhli25jn7CKTTWSumsFuSnY4UMXu_nnQ.ttf"},{"family":"Lisu Bosa","version":"v2","lastModified":"2024-09-04","category":"serif","kind":"webfonts#webfont","menu":"https://fonts.gstatic.com/s/lisubosa/v2/3XFoErkv240fsdmJRJQflkHm.ttf"},{"family":"Literata","version":"v35","lastModified":"2024-09-04","category":"serif","kind":"webfonts#webfont","menu":"https://fonts.gstatic.com/s/literata/v35/or3PQ6P12-iJxAIgLa78DkrbXsDgk0oVDaDPYLanFLHpPf2TbBG_J_fWSQ.ttf"},{"family":"Liu Jian Mao Cao","version":"v23","lastModified":"2024-11-20","category":"handwriting","kind":"webfonts#webfont","menu":"https://fonts.gstatic.com/s/liujianmaocao/v23/845DNN84HJrccNonurqXILGpvCOoTevfLA.ttf"},{"family":"Livvic","version":"v14","lastModified":"2024-09-04","category":"sans-serif","kind":"webfonts#webfont","menu":"https://fonts.gstatic.com/s/livvic/v14/rnCp-x1S2hzjrlfXbuM-.ttf"},{"family":"Lobster","version":"v30","lastModified":"2024-09-04","category":"display","kind":"webfonts#webfont","menu":"https://fonts.gstatic.com/s/lobster/v30/neILzCirqoswsqX9zoSmNg.ttf"},{"family":"Lobster Two","version":"v20","lastModified":"2024-09-04","category":"display","kind":"webfonts#webfont","menu":"https://fonts.gstatic.com/s/lobstertwo/v20/BngMUXZGTXPUvIoyV6yN5-fL5qA.ttf"},{"family":"Londrina Outline","version":"v27","lastModified":"2024-09-04","category":"display","kind":"webfonts#webfont","menu":"https://fonts.gstatic.com/s/londrinaoutline/v27/C8c44dM8vmb14dfsZxhetg3pDH-STus7qQ.ttf"},{"family":"Londrina Shadow","version":"v26","lastModified":"2024-09-04","category":"display","kind":"webfonts#webfont","menu":"https://fonts.gstatic.com/s/londrinashadow/v26/oPWX_kB4kOQoWNJmjxLV5JuoCUlnR1yW.ttf"},{"family":"Londrina Sketch","version":"v25","lastModified":"2024-09-04","category":"display","kind":"webfonts#webfont","menu":"https://fonts.gstatic.com/s/londrinasketch/v25/c4m41npxGMTnomOHtRU68eIJn8qvWGP9.ttf"},{"family":"Londrina Solid","version":"v17","lastModified":"2024-09-04","category":"display","kind":"webfonts#webfont","menu":"https://fonts.gstatic.com/s/londrinasolid/v17/flUhRq6sw40kQEJxWNgkLuudGfNYKBY.ttf"},{"family":"Long Cang","version":"v17","lastModified":"2024-08-12","category":"handwriting","kind":"webfonts#webfont","menu":"https://fonts.gstatic.com/s/longcang/v17/LYjAdGP8kkgoTec8zkRQrHov.ttf"},{"family":"Lora","version":"v35","lastModified":"2024-09-04","category":"serif","kind":"webfonts#webfont","menu":"https://fonts.gstatic.com/s/lora/v35/0QI6MX1D_JOuGQbT0gvTJPa787weuxJHkqg.ttf"},{"family":"Love Light","version":"v6","lastModified":"2024-09-04","category":"handwriting","kind":"webfonts#webfont","menu":"https://fonts.gstatic.com/s/lovelight/v6/t5tlIR0TNJyZWimpNAXDvKfIzQ.ttf"},{"family":"Love Ya Like A Sister","version":"v22","lastModified":"2024-09-04","category":"display","kind":"webfonts#webfont","menu":"https://fonts.gstatic.com/s/loveyalikeasister/v22/R70EjzUBlOqPeouhFDfR80-0FhOqJubN-BeL83xY.ttf"},{"family":"Loved by the King","version":"v22","lastModified":"2024-11-20","category":"handwriting","kind":"webfonts#webfont","menu":"https://fonts.gstatic.com/s/lovedbytheking/v22/Gw6gwdP76VDVJNXerebZxUMeRXUF2MiMn3U.ttf"},{"family":"Lovers Quarrel","version":"v23","lastModified":"2024-09-04","category":"handwriting","kind":"webfonts#webfont","menu":"https://fonts.gstatic.com/s/loversquarrel/v23/Yq6N-LSKXTL-5bCy8ksBzpQ_-wAtab4.ttf"},{"family":"Luckiest Guy","version":"v23","lastModified":"2024-11-20","category":"display","kind":"webfonts#webfont","menu":"https://fonts.gstatic.com/s/luckiestguy/v23/_gP_1RrxsjcxVyin9l9n_j2hS95z.ttf"},{"family":"Lugrasimo","version":"v4","lastModified":"2024-09-04","category":"handwriting","kind":"webfonts#webfont","menu":"https://fonts.gstatic.com/s/lugrasimo/v4/qkBXXvoF_s_eT9c7Y7au5Z5P.ttf"},{"family":"Lumanosimo","version":"v4","lastModified":"2024-09-04","category":"handwriting","kind":"webfonts#webfont","menu":"https://fonts.gstatic.com/s/lumanosimo/v4/K2F0fZBYg_JDSEZHEfO8MouABw.ttf"},{"family":"Lunasima","version":"v1","lastModified":"2024-09-04","category":"sans-serif","kind":"webfonts#webfont","menu":"https://fonts.gstatic.com/s/lunasima/v1/wEO-EBvPh9RSOj7JFDwkcdo.ttf"},{"family":"Lusitana","version":"v13","lastModified":"2024-09-04","category":"serif","kind":"webfonts#webfont","menu":"https://fonts.gstatic.com/s/lusitana/v13/CSR84z9ShvucWzsMKyhbTOc.ttf"},{"family":"Lustria","version":"v13","lastModified":"2024-09-04","category":"serif","kind":"webfonts#webfont","menu":"https://fonts.gstatic.com/s/lustria/v13/9oRONYodvDEyjuhOnCkzNg.ttf"},{"family":"Luxurious Roman","version":"v8","lastModified":"2024-09-04","category":"display","kind":"webfonts#webfont","menu":"https://fonts.gstatic.com/s/luxuriousroman/v8/buEupou_ZcP1w0yTKxJJokVSmbpaYw0g.ttf"},{"family":"Luxurious Script","version":"v7","lastModified":"2024-09-04","category":"handwriting","kind":"webfonts#webfont","menu":"https://fonts.gstatic.com/s/luxuriousscript/v7/ahcCv9e7yydulT32KZ0rBIoD7DzMs0vEaw.ttf"},{"family":"LXGW WenKai Mono TC","version":"v5","lastModified":"2024-09-04","category":"monospace","kind":"webfonts#webfont","menu":"https://fonts.gstatic.com/s/lxgwwenkaimonotc/v5/pxiYyos4iPVgyWx9WtufHnsIf5nkaB0Hum-Ipg.ttf"},{"family":"LXGW WenKai TC","version":"v5","lastModified":"2024-09-04","category":"handwriting","kind":"webfonts#webfont","menu":"https://fonts.gstatic.com/s/lxgwwenkaitc/v5/w8gDH20td8wNsI3f40DmtXZb4_uLJ9k.ttf"},{"family":"M PLUS 1","version":"v12","lastModified":"2024-11-07","category":"sans-serif","kind":"webfonts#webfont","menu":"https://fonts.gstatic.com/s/mplus1/v12/R70EjygA28ymD4HgBUGzkN5Eyoj-WpW5VSaL83xY.ttf"},{"family":"M PLUS 1 Code","version":"v14","lastModified":"2024-11-07","category":"monospace","kind":"webfonts#webfont","menu":"https://fonts.gstatic.com/s/mplus1code/v14/ypvMbXOOx2xFpzmYJS3N2_J2hBN6RZ5oIp8m_7iN0EHoYJg.ttf"},{"family":"M PLUS 1p","version":"v31","lastModified":"2024-11-07","category":"sans-serif","kind":"webfonts#webfont","menu":"https://fonts.gstatic.com/s/mplus1p/v31/e3tjeuShHdiFyPFzBRrY-TQA.ttf"},{"family":"M PLUS 2","version":"v12","lastModified":"2024-11-07","category":"sans-serif","kind":"webfonts#webfont","menu":"https://fonts.gstatic.com/s/mplus2/v12/7Auhp_Eq3gO_OGbGGhjdwrDdpeIBxlkwOa6lx1CD.ttf"},{"family":"M PLUS Code Latin","version":"v13","lastModified":"2024-09-04","category":"sans-serif","kind":"webfonts#webfont","menu":"https://fonts.gstatic.com/s/mpluscodelatin/v13/hv-ylyV-aXg7x7tULiNXXBA0Np4WMS8fDIymHY8fy8wn4_ifLAtrObKDO0Xf1EbA2i9GrA.ttf"},{"family":"M PLUS Rounded 1c","version":"v16","lastModified":"2024-09-04","category":"sans-serif","kind":"webfonts#webfont","menu":"https://fonts.gstatic.com/s/mplusrounded1c/v16/VdGEAYIAV6gnpUpoWwNkYvrugw9RuMWHxLs.ttf"},{"family":"Ma Shan Zheng","version":"v10","lastModified":"2024-08-12","category":"handwriting","kind":"webfonts#webfont","menu":"https://fonts.gstatic.com/s/mashanzheng/v10/NaPecZTRCLxvwo41b4gvzkXadMXmCA.ttf"},{"family":"Macondo","version":"v25","lastModified":"2024-09-04","category":"display","kind":"webfonts#webfont","menu":"https://fonts.gstatic.com/s/macondo/v25/RrQQboN9-iB1IXmOe2TE1A.ttf"},{"family":"Macondo Swash Caps","version":"v24","lastModified":"2024-09-04","category":"display","kind":"webfonts#webfont","menu":"https://fonts.gstatic.com/s/macondoswashcaps/v24/6NUL8EaAJgGKZA7lpt941Z9s6ZYgDq6-e0Ae.ttf"},{"family":"Mada","version":"v19","lastModified":"2024-09-04","category":"sans-serif","kind":"webfonts#webfont","menu":"https://fonts.gstatic.com/s/mada/v19/7Aulp_0qnzeSVz7u3PJLcUMYOFnOkEkx0e0.ttf"},{"family":"Madimi One","version":"v1","lastModified":"2024-09-04","category":"sans-serif","kind":"webfonts#webfont","menu":"https://fonts.gstatic.com/s/madimione/v1/2V0YKIEADpA8U6RygDnZVFUiAg.ttf"},{"family":"Magra","version":"v14","lastModified":"2024-09-04","category":"sans-serif","kind":"webfonts#webfont","menu":"https://fonts.gstatic.com/s/magra/v14/uK_94ruaZus72n5wKjc.ttf"},{"family":"Maiden Orange","version":"v30","lastModified":"2024-11-20","category":"serif","kind":"webfonts#webfont","menu":"https://fonts.gstatic.com/s/maidenorange/v30/kJE1BuIX7AUmhi2V4m08kb1XvOdXDQ.ttf"},{"family":"Maitree","version":"v10","lastModified":"2024-09-04","category":"serif","kind":"webfonts#webfont","menu":"https://fonts.gstatic.com/s/maitree/v10/MjQGmil5tffhpBrkntiseA.ttf"},{"family":"Major Mono Display","version":"v16","lastModified":"2024-09-04","category":"monospace","kind":"webfonts#webfont","menu":"https://fonts.gstatic.com/s/majormonodisplay/v16/RWmVoLyb5fEqtsfBX9PDZIGr2tFubRh7C3eU.ttf"},{"family":"Mako","version":"v19","lastModified":"2024-09-04","category":"sans-serif","kind":"webfonts#webfont","menu":"https://fonts.gstatic.com/s/mako/v19/H4coBX6Mmc_Z4SX-8g.ttf"},{"family":"Mali","version":"v10","lastModified":"2024-09-04","category":"handwriting","kind":"webfonts#webfont","menu":"https://fonts.gstatic.com/s/mali/v10/N0ba2SRONuN4SCvECg.ttf"},{"family":"Mallanna","version":"v14","lastModified":"2024-08-12","category":"sans-serif","kind":"webfonts#webfont","menu":"https://fonts.gstatic.com/s/mallanna/v14/hv-Vlzx-KEQb84YaDFwyGTA.ttf"},{"family":"Maname","version":"v1","lastModified":"2024-09-04","category":"serif","kind":"webfonts#webfont","menu":"https://fonts.gstatic.com/s/maname/v1/gNMFW3J8RpCx9myI2VMC.ttf"},{"family":"Mandali","version":"v15","lastModified":"2024-08-12","category":"sans-serif","kind":"webfonts#webfont","menu":"https://fonts.gstatic.com/s/mandali/v15/LhWlMVbYOfASNfNUZFg_YA.ttf"},{"family":"Manjari","version":"v12","lastModified":"2024-09-04","category":"sans-serif","kind":"webfonts#webfont","menu":"https://fonts.gstatic.com/s/manjari/v12/k3kQo8UPMOBO2w1Ufd_oKw.ttf"},{"family":"Manrope","version":"v15","lastModified":"2024-08-12","category":"sans-serif","kind":"webfonts#webfont","menu":"https://fonts.gstatic.com/s/manrope/v15/xn7_YHE41ni1AdIRqAuZuw1Bx9mbZk79FN_E-bw.ttf"},{"family":"Mansalva","version":"v14","lastModified":"2024-09-04","category":"handwriting","kind":"webfonts#webfont","menu":"https://fonts.gstatic.com/s/mansalva/v14/aWB4m0aacbtDfvq5NKlkKYo.ttf"},{"family":"Manuale","version":"v28","lastModified":"2024-09-04","category":"serif","kind":"webfonts#webfont","menu":"https://fonts.gstatic.com/s/manuale/v28/f0Xp0eas_8Z-TFZdHv3mMxFaSqASeeHke4wC3zQ.ttf"},{"family":"Marcellus","version":"v13","lastModified":"2024-09-04","category":"serif","kind":"webfonts#webfont","menu":"https://fonts.gstatic.com/s/marcellus/v13/wEO_EBrOk8hQLDvIAF81UPoP.ttf"},{"family":"Marcellus SC","version":"v13","lastModified":"2024-09-04","category":"serif","kind":"webfonts#webfont","menu":"https://fonts.gstatic.com/s/marcellussc/v13/ke8iOgUHP1dg-Rmi6RWjbLE_gNaZ.ttf"},{"family":"Marck Script","version":"v20","lastModified":"2024-09-04","category":"handwriting","kind":"webfonts#webfont","menu":"https://fonts.gstatic.com/s/marckscript/v20/nwpTtK2oNgBA3Or78gapdwuyzig6.ttf"},{"family":"Margarine","version":"v25","lastModified":"2024-09-04","category":"display","kind":"webfonts#webfont","menu":"https://fonts.gstatic.com/s/margarine/v25/qkBXXvoE6trLT9Y7YLyu5Z5P.ttf"},{"family":"Marhey","version":"v6","lastModified":"2024-09-04","category":"display","kind":"webfonts#webfont","menu":"https://fonts.gstatic.com/s/marhey/v6/x3d8ck7Laq-T7wl7mqfVrEe9sDvtBctwC2YdjA.ttf"},{"family":"Markazi Text","version":"v23","lastModified":"2024-09-04","category":"serif","kind":"webfonts#webfont","menu":"https://fonts.gstatic.com/s/markazitext/v23/sykh-ydym6AtQaiEtX7yhqb_rV1k_81ZVYYZtfSQf4IvAQ.ttf"},{"family":"Marko One","version":"v23","lastModified":"2024-09-04","category":"serif","kind":"webfonts#webfont","menu":"https://fonts.gstatic.com/s/markoone/v23/9Btq3DFG0cnVM5lw1haqK58b.ttf"},{"family":"Marmelad","version":"v18","lastModified":"2024-09-04","category":"sans-serif","kind":"webfonts#webfont","menu":"https://fonts.gstatic.com/s/marmelad/v18/Qw3eZQdSHj_jK2e-8uFKEeI.ttf"},{"family":"Martel","version":"v11","lastModified":"2024-09-04","category":"serif","kind":"webfonts#webfont","menu":"https://fonts.gstatic.com/s/martel/v11/PN_xRfK9oXHga0XdYMg6.ttf"},{"family":"Martel Sans","version":"v13","lastModified":"2024-09-04","category":"sans-serif","kind":"webfonts#webfont","menu":"https://fonts.gstatic.com/s/martelsans/v13/h0GsssGi7VdzDgKjM-4d8hjex-s.ttf"},{"family":"Martian Mono","version":"v3","lastModified":"2024-09-04","category":"monospace","kind":"webfonts#webfont","menu":"https://fonts.gstatic.com/s/martianmono/v3/2V08KIcADoYhV6w87xrTKjs4CYElh_VS9YA4TlTnQzaVMIE6j15dYY1qu_6XBbo.ttf"},{"family":"Marvel","version":"v16","lastModified":"2024-09-04","category":"sans-serif","kind":"webfonts#webfont","menu":"https://fonts.gstatic.com/s/marvel/v16/nwpVtKeoNgBV0qa4kFTA.ttf"},{"family":"Mate","version":"v17","lastModified":"2024-09-04","category":"serif","kind":"webfonts#webfont","menu":"https://fonts.gstatic.com/s/mate/v17/m8JdjftRd7WZ6zy2Xg.ttf"},{"family":"Mate SC","version":"v22","lastModified":"2024-09-04","category":"serif","kind":"webfonts#webfont","menu":"https://fonts.gstatic.com/s/matesc/v22/-nF8OGQ1-uoVr2wK-iTT8w.ttf"},{"family":"Matemasie","version":"v3","lastModified":"2024-11-07","category":"sans-serif","kind":"webfonts#webfont","menu":"https://fonts.gstatic.com/s/matemasie/v3/OD5BuMCN3ne3Gmr7dlLHrUC8.ttf"},{"family":"Material Icons","version":"v142","lastModified":"2024-08-12","category":"monospace","kind":"webfonts#webfont","menu":"https://fonts.gstatic.com/s/materialicons/v142/flUhRq6tzZclQEJ-Vdg-IuiaDvNYKBY.ttf"},{"family":"Material Icons Outlined","version":"v109","lastModified":"2024-08-12","category":"monospace","kind":"webfonts#webfont","menu":"https://fonts.gstatic.com/s/materialiconsoutlined/v109/gok-H7zzDkdnRel8-DQ6KAXJ69wP1tGnf4ZGhXcanZM.otf"},{"family":"Material Icons Round","version":"v108","lastModified":"2024-08-12","category":"monospace","kind":"webfonts#webfont","menu":"https://fonts.gstatic.com/s/materialiconsround/v108/LDItaoyNOAY6Uewc665JcIzCKsKc_M9flzmLofU.otf"},{"family":"Material Icons Sharp","version":"v109","lastModified":"2024-08-12","category":"monospace","kind":"webfonts#webfont","menu":"https://fonts.gstatic.com/s/materialiconssharp/v109/oPWQ_lt5nv4pWNJpghLP75WiFR4kLh3kvlvVKGM.otf"},{"family":"Material Icons Two Tone","version":"v112","lastModified":"2024-08-12","category":"monospace","kind":"webfonts#webfont","menu":"https://fonts.gstatic.com/s/materialiconstwotone/v112/hESh6WRmNCxEqUmNyh3JDeGxjVVyMg4tHGctNBuwPDI.otf"},{"family":"Material Symbols Outlined","version":"v222","lastModified":"2024-12-04","category":"monospace","kind":"webfonts#webfont","menu":"https://fonts.gstatic.com/s/materialsymbolsoutlined/v222/kJF1BvYX7BgnkSrUwT8OhrdQw4oELdPIeeII9v6oDMzByHX9rA6RzaxHMPdY43zj-jCxv3fzvRNU22ZXGJpEpjC_1v-p_4MrImHCIJIZrDCvHNenZ9o.ttf"},{"family":"Material Symbols Rounded","version":"v222","lastModified":"2024-12-04","category":"monospace","kind":"webfonts#webfont","menu":"https://fonts.gstatic.com/s/materialsymbolsrounded/v222/syl0-zNym6YjUruM-QrEh7-nyTnjDwKNJ_190FjpZIvDmUSVOK7BDB_Qb9vUSzq3wzLK-P0J-V_Zs-QtQth3-jOcbTCVpeRL2w5rwZu2rIelbxODLA.ttf"},{"family":"Material Symbols Sharp","version":"v218","lastModified":"2024-12-04","category":"monospace","kind":"webfonts#webfont","menu":"https://fonts.gstatic.com/s/materialsymbolssharp/v218/gNNBW2J8Roq16WD5tFNRaeLQk6-SHQ_R00k4c2_whPnoY9ruReaU4bHmz74m0ZkGH-VBYe1x0TV6x4yFH8F-H5OdzEL3sVTgJtfbYxOLogCPLVU.ttf"},{"family":"Maven Pro","version":"v36","lastModified":"2024-09-04","category":"sans-serif","kind":"webfonts#webfont","menu":"https://fonts.gstatic.com/s/mavenpro/v36/7Auup_AqnyWWAxW2Wk3swUz56MS91Eww8SX21nGjpw.ttf"},{"family":"McLaren","version":"v17","lastModified":"2024-09-04","category":"display","kind":"webfonts#webfont","menu":"https://fonts.gstatic.com/s/mclaren/v17/2EbnL-ZuAXFqZFXIeYcV9w.ttf"},{"family":"Mea Culpa","version":"v6","lastModified":"2024-09-04","category":"handwriting","kind":"webfonts#webfont","menu":"https://fonts.gstatic.com/s/meaculpa/v6/AMOTz4GcuWbEIuza8jspm8cU.ttf"},{"family":"Meddon","version":"v25","lastModified":"2024-11-20","category":"handwriting","kind":"webfonts#webfont","menu":"https://fonts.gstatic.com/s/meddon/v25/kmK8ZqA2EgDNeHTphR1F.ttf"},{"family":"MedievalSharp","version":"v26","lastModified":"2024-09-04","category":"display","kind":"webfonts#webfont","menu":"https://fonts.gstatic.com/s/medievalsharp/v26/EvOJzAlL3oU5AQl2mP5KdgptMq5wNw.ttf"},{"family":"Medula One","version":"v19","lastModified":"2024-09-04","category":"display","kind":"webfonts#webfont","menu":"https://fonts.gstatic.com/s/medulaone/v19/YA9Wr0qb5kjJM6l2V0yuoiAgtw.ttf"},{"family":"Meera Inimai","version":"v12","lastModified":"2024-09-04","category":"sans-serif","kind":"webfonts#webfont","menu":"https://fonts.gstatic.com/s/meerainimai/v12/845fNMM5EIqOW5MPuvO3ILeZ_mLH.ttf"},{"family":"Megrim","version":"v17","lastModified":"2024-11-20","category":"display","kind":"webfonts#webfont","menu":"https://fonts.gstatic.com/s/megrim/v17/46kulbz5WjvLqJZVbG_k.ttf"},{"family":"Meie Script","version":"v21","lastModified":"2024-09-04","category":"handwriting","kind":"webfonts#webfont","menu":"https://fonts.gstatic.com/s/meiescript/v21/_LOImzDK7erRjhunIspaMgxm7oE.ttf"},{"family":"Meow Script","version":"v5","lastModified":"2024-09-04","category":"handwriting","kind":"webfonts#webfont","menu":"https://fonts.gstatic.com/s/meowscript/v5/0FlQVPqanlaJrtr8AnJ0ERcg2fk.ttf"},{"family":"Merienda","version":"v19","lastModified":"2024-09-04","category":"handwriting","kind":"webfonts#webfont","menu":"https://fonts.gstatic.com/s/merienda/v19/gNMaW3x8Qoy5_mf8uUkJGHtiYXjmKFy5enhYSET4.ttf"},{"family":"Merriweather","version":"v30","lastModified":"2024-09-04","category":"serif","kind":"webfonts#webfont","menu":"https://fonts.gstatic.com/s/merriweather/v30/u-440qyriQwlOrhSvowK_l5-eiZJ.ttf"},{"family":"Merriweather Sans","version":"v26","lastModified":"2024-09-04","category":"sans-serif","kind":"webfonts#webfont","menu":"https://fonts.gstatic.com/s/merriweathersans/v26/2-cO9IRs1JiJN1FRAMjTN5zd9vgsFF_5asQTb6hZ2JKZou4Vj-sC.ttf"},{"family":"Metal","version":"v30","lastModified":"2024-08-12","category":"display","kind":"webfonts#webfont","menu":"https://fonts.gstatic.com/s/metal/v30/lW-wwjUJIXTo7h3mlIA.ttf"},{"family":"Metal Mania","version":"v22","lastModified":"2024-09-04","category":"display","kind":"webfonts#webfont","menu":"https://fonts.gstatic.com/s/metalmania/v22/RWmMoKWb4e8kqMfBUdPFJdXDiaE.ttf"},{"family":"Metamorphous","version":"v20","lastModified":"2024-09-04","category":"display","kind":"webfonts#webfont","menu":"https://fonts.gstatic.com/s/metamorphous/v20/Wnz8HA03aAXcC39ZEX5y133EPSqp.ttf"},{"family":"Metrophobic","version":"v23","lastModified":"2024-09-04","category":"sans-serif","kind":"webfonts#webfont","menu":"https://fonts.gstatic.com/s/metrophobic/v23/sJoA3LZUhMSAPV_u0qwiAQ-I5Xo.ttf"},{"family":"Michroma","version":"v19","lastModified":"2024-09-04","category":"sans-serif","kind":"webfonts#webfont","menu":"https://fonts.gstatic.com/s/michroma/v19/PN_zRfy9qWD8fEagAPg7pTw.ttf"},{"family":"Micro 5","version":"v1","lastModified":"2024-09-04","category":"display","kind":"webfonts#webfont","menu":"https://fonts.gstatic.com/s/micro5/v1/H4cnBX2MkcfEngTr4gca6A.ttf"},{"family":"Micro 5 Charted","version":"v1","lastModified":"2024-09-04","category":"display","kind":"webfonts#webfont","menu":"https://fonts.gstatic.com/s/micro5charted/v1/hESp6XxmPDtTtADZhn7oD_yrmxE2REEN.ttf"},{"family":"Milonga","version":"v22","lastModified":"2024-09-04","category":"display","kind":"webfonts#webfont","menu":"https://fonts.gstatic.com/s/milonga/v22/SZc53FHnIaK9W5kfTzzMlQ.ttf"},{"family":"Miltonian","version":"v30","lastModified":"2024-09-04","category":"display","kind":"webfonts#webfont","menu":"https://fonts.gstatic.com/s/miltonian/v30/zOL-4pbPn6Ne9JqTg9mb6ORE.ttf"},{"family":"Miltonian Tattoo","version":"v32","lastModified":"2024-09-04","category":"display","kind":"webfonts#webfont","menu":"https://fonts.gstatic.com/s/miltoniantattoo/v32/EvOUzBRL0o0kCxF-lcMCQxlpVsA_JwL2NA.ttf"},{"family":"Mina","version":"v11","lastModified":"2024-09-04","category":"sans-serif","kind":"webfonts#webfont","menu":"https://fonts.gstatic.com/s/mina/v11/-nFzOGc18vARnz5p6g.ttf"},{"family":"Mingzat","version":"v8","lastModified":"2023-09-13","category":"sans-serif","kind":"webfonts#webfont","menu":"https://fonts.gstatic.com/s/mingzat/v8/0QIgMX5C-o-oWWyvNtpunw.ttf"},{"family":"Miniver","version":"v25","lastModified":"2024-09-04","category":"display","kind":"webfonts#webfont","menu":"https://fonts.gstatic.com/s/miniver/v25/eLGcP-PxIg-5H0vC37wIzw.ttf"},{"family":"Miriam Libre","version":"v16","lastModified":"2024-10-29","category":"sans-serif","kind":"webfonts#webfont","menu":"https://fonts.gstatic.com/s/miriamlibre/v16/DdT0798HsHwubBAqfkcBTL_1a7sPlXcE8PJjH9P3o9rMKw.ttf"},{"family":"Mirza","version":"v17","lastModified":"2024-09-04","category":"serif","kind":"webfonts#webfont","menu":"https://fonts.gstatic.com/s/mirza/v17/co3ImWlikiN5EtrcIsM.ttf"},{"family":"Miss Fajardose","version":"v22","lastModified":"2024-09-04","category":"handwriting","kind":"webfonts#webfont","menu":"https://fonts.gstatic.com/s/missfajardose/v22/E21-_dn5gvrawDdPFVl-N0Ajb_quUvI.ttf"},{"family":"Mitr","version":"v11","lastModified":"2024-09-04","category":"sans-serif","kind":"webfonts#webfont","menu":"https://fonts.gstatic.com/s/mitr/v11/pxiLypw5ucZF-To4NA.ttf"},{"family":"Mochiy Pop One","version":"v10","lastModified":"2024-09-04","category":"sans-serif","kind":"webfonts#webfont","menu":"https://fonts.gstatic.com/s/mochiypopone/v10/QdVPSTA9Jh-gg-5XZP2UmU4O9nwxBX8.ttf"},{"family":"Mochiy Pop P One","version":"v10","lastModified":"2024-09-04","category":"sans-serif","kind":"webfonts#webfont","menu":"https://fonts.gstatic.com/s/mochiypoppone/v10/Ktk2AKuPeY_td1-h9LayHYWCjAqyB4K9XQ.ttf"},{"family":"Modak","version":"v18","lastModified":"2024-09-04","category":"display","kind":"webfonts#webfont","menu":"https://fonts.gstatic.com/s/modak/v18/EJRYQgs1XtIEskMG-hE.ttf"},{"family":"Modern Antiqua","version":"v24","lastModified":"2024-09-04","category":"display","kind":"webfonts#webfont","menu":"https://fonts.gstatic.com/s/modernantiqua/v24/NGStv5TIAUg6Iq_RLNo_2dp1sL1FYW8.ttf"},{"family":"Moderustic","version":"v1","lastModified":"2024-09-04","category":"sans-serif","kind":"webfonts#webfont","menu":"https://fonts.gstatic.com/s/moderustic/v1/2-c39J9s3o6eLFNHFdXYaOX1UUnf3GLnYjALsQNf7ZI.ttf"},{"family":"Mogra","version":"v19","lastModified":"2024-09-04","category":"display","kind":"webfonts#webfont","menu":"https://fonts.gstatic.com/s/mogra/v19/f0X40eSs8c95TCo5BPY.ttf"},{"family":"Mohave","version":"v9","lastModified":"2024-09-04","category":"sans-serif","kind":"webfonts#webfont","menu":"https://fonts.gstatic.com/s/mohave/v9/7cH0v4ksjJunKqMVAOPIMOeSmiojdnn_LvGapg.ttf"},{"family":"Moirai One","version":"v1","lastModified":"2024-08-12","category":"display","kind":"webfonts#webfont","menu":"https://fonts.gstatic.com/s/moiraione/v1/2sDbZGFUgJLJmby6xgNGf0ScAw.ttf"},{"family":"Molengo","version":"v16","lastModified":"2024-09-04","category":"sans-serif","kind":"webfonts#webfont","menu":"https://fonts.gstatic.com/s/molengo/v16/I_uuMpWeuBzZNBtQXbValg.ttf"},{"family":"Molle","version":"v23","lastModified":"2024-09-04","category":"handwriting","kind":"webfonts#webfont","menu":"https://fonts.gstatic.com/s/molle/v23/E21n_dL5hOXFhWEsbzksUw.ttf"},{"family":"Mona Sans","version":"v3","lastModified":"2024-12-04","category":"sans-serif","kind":"webfonts#webfont","menu":"https://fonts.gstatic.com/s/monasans/v3/o-0mIpQmx24alC5A4PNB6Ryti20_6n1iPHjcz6L1SoM-jCpoiyD9A-9c6Vc.ttf"},{"family":"Monda","version":"v17","lastModified":"2024-09-04","category":"sans-serif","kind":"webfonts#webfont","menu":"https://fonts.gstatic.com/s/monda/v17/TK3-WkYFABsmjuBtFuvTIFRAPpWsH3o8oGFC.ttf"},{"family":"Monofett","version":"v23","lastModified":"2024-09-04","category":"monospace","kind":"webfonts#webfont","menu":"https://fonts.gstatic.com/s/monofett/v23/mFTyWbofw6zc9NtnW73Tsxg.ttf"},{"family":"Monomaniac One","version":"v12","lastModified":"2024-08-07","category":"sans-serif","kind":"webfonts#webfont","menu":"https://fonts.gstatic.com/s/monomaniacone/v12/4iC06K17YctZjx50EU-QlwPmcpRmo40.ttf"},{"family":"Monoton","version":"v20","lastModified":"2024-11-20","category":"display","kind":"webfonts#webfont","menu":"https://fonts.gstatic.com/s/monoton/v20/5h1aiZUrOngCibe4TkfLRw.ttf"},{"family":"Monsieur La Doulaise","version":"v18","lastModified":"2024-09-04","category":"handwriting","kind":"webfonts#webfont","menu":"https://fonts.gstatic.com/s/monsieurladoulaise/v18/_Xmz-GY4rjmCbQfc-aPRaa4pqV340p7EZm5fyEU.ttf"},{"family":"Montaga","version":"v13","lastModified":"2024-09-04","category":"serif","kind":"webfonts#webfont","menu":"https://fonts.gstatic.com/s/montaga/v13/H4cnBX2Ml8rCkEO_4gca6A.ttf"},{"family":"Montagu Slab","version":"v12","lastModified":"2024-09-04","category":"serif","kind":"webfonts#webfont","menu":"https://fonts.gstatic.com/s/montaguslab/v12/6qLhKZIQtB_zv0xUaXRDWkY_HXsphdLRZF40vm_jzR2jhk_n3T6ACkDbEkP8HMo.ttf"},{"family":"MonteCarlo","version":"v11","lastModified":"2024-09-04","category":"handwriting","kind":"webfonts#webfont","menu":"https://fonts.gstatic.com/s/montecarlo/v11/buEzpo6-f9X01GadLA0G4Csf-A.ttf"},{"family":"Montez","version":"v23","lastModified":"2024-11-20","category":"handwriting","kind":"webfonts#webfont","menu":"https://fonts.gstatic.com/s/montez/v23/845ZNMk5GoGIX8lW1bra.ttf"},{"family":"Montserrat","version":"v29","lastModified":"2024-11-07","category":"sans-serif","kind":"webfonts#webfont","menu":"https://fonts.gstatic.com/s/montserrat/v29/JTUHjIg1_i6t8kCHKm4532VJOt5-QNFgpCtr6Hw_aX8.ttf"},{"family":"Montserrat Alternates","version":"v17","lastModified":"2024-09-04","category":"sans-serif","kind":"webfonts#webfont","menu":"https://fonts.gstatic.com/s/montserratalternates/v17/mFTvWacfw6zH4dthXcyms1lPpC8I_b0juU057afV.ttf"},{"family":"Montserrat Subrayada","version":"v19","lastModified":"2024-09-04","category":"sans-serif","kind":"webfonts#webfont","menu":"https://fonts.gstatic.com/s/montserratsubrayada/v19/U9MD6c-o9H7PgjlTHThBnNHGVUORwteQQH8KaOM.ttf"},{"family":"Montserrat Underline","version":"v2","lastModified":"2024-12-04","category":"sans-serif","kind":"webfonts#webfont","menu":"https://fonts.gstatic.com/s/montserratunderline/v2/mFTbWaYfw6zH4dthXcyms01NtC8I_7U5uQQi5HMFnSdEx2F5WihMuLzb.ttf"},{"family":"Moo Lah Lah","version":"v6","lastModified":"2024-09-04","category":"display","kind":"webfonts#webfont","menu":"https://fonts.gstatic.com/s/moolahlah/v6/dg4h_p_opKZOA0w1AYcm56wsawI.ttf"},{"family":"Mooli","version":"v1","lastModified":"2024-09-04","category":"sans-serif","kind":"webfonts#webfont","menu":"https://fonts.gstatic.com/s/mooli/v1/-F6_fjJpLyk1bbPADmo.ttf"},{"family":"Moon Dance","version":"v6","lastModified":"2024-09-04","category":"handwriting","kind":"webfonts#webfont","menu":"https://fonts.gstatic.com/s/moondance/v6/WBLgrEbUbFlYW9ekmGawS2ToLA.ttf"},{"family":"Moul","version":"v28","lastModified":"2024-11-07","category":"display","kind":"webfonts#webfont","menu":"https://fonts.gstatic.com/s/moul/v28/nuF2D__FSo_3I-VSjA.ttf"},{"family":"Moulpali","version":"v31","lastModified":"2024-11-07","category":"sans-serif","kind":"webfonts#webfont","menu":"https://fonts.gstatic.com/s/moulpali/v31/H4ckBXKMl9HagUWymxY7yLs.ttf"},{"family":"Mountains of Christmas","version":"v22","lastModified":"2024-09-04","category":"display","kind":"webfonts#webfont","menu":"https://fonts.gstatic.com/s/mountainsofchristmas/v22/3y9w6a4zcCnn5X0FDyrKi2ZRUBIy8uxoUo7eDNesNA.ttf"},{"family":"Mouse Memoirs","version":"v17","lastModified":"2024-09-04","category":"sans-serif","kind":"webfonts#webfont","menu":"https://fonts.gstatic.com/s/mousememoirs/v17/t5tmIRoSNJ-PH0WNNgDYxdSb3TjPqg.ttf"},{"family":"Mr Bedfort","version":"v22","lastModified":"2024-09-04","category":"handwriting","kind":"webfonts#webfont","menu":"https://fonts.gstatic.com/s/mrbedfort/v22/MQpR-WCtNZSWAdTMwBicpiu-WQ.ttf"},{"family":"Mr Dafoe","version":"v14","lastModified":"2024-09-04","category":"handwriting","kind":"webfonts#webfont","menu":"https://fonts.gstatic.com/s/mrdafoe/v14/lJwE-pIzkS5NXuMMrFiribc.ttf"},{"family":"Mr De Haviland","version":"v14","lastModified":"2024-09-04","category":"handwriting","kind":"webfonts#webfont","menu":"https://fonts.gstatic.com/s/mrdehaviland/v14/OpNVnooIhJj96FdB73296ksbOg3D60Y.ttf"},{"family":"Mrs Saint Delafield","version":"v13","lastModified":"2024-09-04","category":"handwriting","kind":"webfonts#webfont","menu":"https://fonts.gstatic.com/s/mrssaintdelafield/v13/v6-IGZDIOVXH9xtmTZfRagunqBw5WC62QK8nKg.ttf"},{"family":"Mrs Sheppards","version":"v23","lastModified":"2024-09-04","category":"handwriting","kind":"webfonts#webfont","menu":"https://fonts.gstatic.com/s/mrssheppards/v23/PN_2Rfm9snC0XUGoEZhb91ig7vn7zg.ttf"},{"family":"Ms Madi","version":"v2","lastModified":"2024-09-04","category":"handwriting","kind":"webfonts#webfont","menu":"https://fonts.gstatic.com/s/msmadi/v2/HTxsL2UxNnOji5E1B-HFjA.ttf"},{"family":"Mukta","version":"v16","lastModified":"2024-11-07","category":"sans-serif","kind":"webfonts#webfont","menu":"https://fonts.gstatic.com/s/mukta/v16/iJWKBXyXfDDVXbnHrXk.ttf"},{"family":"Mukta Mahee","version":"v16","lastModified":"2024-09-04","category":"sans-serif","kind":"webfonts#webfont","menu":"https://fonts.gstatic.com/s/muktamahee/v16/XRXQ3IOIi0hcP8iVU67hA9vMUTo.ttf"},{"family":"Mukta Malar","version":"v12","lastModified":"2024-09-04","category":"sans-serif","kind":"webfonts#webfont","menu":"https://fonts.gstatic.com/s/muktamalar/v12/MCoXzAXyz8LOE2FpJMxZqIv5J_A.ttf"},{"family":"Mukta Vaani","version":"v14","lastModified":"2024-11-07","category":"sans-serif","kind":"webfonts#webfont","menu":"https://fonts.gstatic.com/s/muktavaani/v14/3Jn5SD_-ynaxmxnEfVHPIG0EduA.ttf"},{"family":"Mulish","version":"v13","lastModified":"2024-09-04","category":"sans-serif","kind":"webfonts#webfont","menu":"https://fonts.gstatic.com/s/mulish/v13/1Ptyg83HX_SGhgqO0yLcmjzUAuWexZNR8aGvHg.ttf"},{"family":"Murecho","version":"v12","lastModified":"2024-08-07","category":"sans-serif","kind":"webfonts#webfont","menu":"https://fonts.gstatic.com/s/murecho/v12/q5uYsoq3NOBn_I-ggCJg98TBOoNFCMpr5UWYJi4.ttf"},{"family":"MuseoModerno","version":"v27","lastModified":"2024-09-04","category":"display","kind":"webfonts#webfont","menu":"https://fonts.gstatic.com/s/museomoderno/v27/zrf30HnU0_7wWdMrFcWqSEXPVyEaWJ55pTleMlZEie0QiQ.ttf"},{"family":"My Soul","version":"v5","lastModified":"2024-09-04","category":"handwriting","kind":"webfonts#webfont","menu":"https://fonts.gstatic.com/s/mysoul/v5/3XFqErcuy945_u6KJ_Qvlw.ttf"},{"family":"Mynerve","version":"v6","lastModified":"2024-09-04","category":"handwriting","kind":"webfonts#webfont","menu":"https://fonts.gstatic.com/s/mynerve/v6/P5sCzZKPdNjb4jt79CVkjQ.ttf"},{"family":"Mystery Quest","version":"v20","lastModified":"2024-09-04","category":"display","kind":"webfonts#webfont","menu":"https://fonts.gstatic.com/s/mysteryquest/v20/-nF6OG414u0E6k0wynSGlujRLwAvCw.ttf"},{"family":"Nabla","version":"v10","lastModified":"2024-09-04","category":"display","kind":"webfonts#webfont","menu":"https://fonts.gstatic.com/s/nabla/v10/j8_D6-LI0Lvpe7Makz5UhJt9C3uqg_X_75gyGS4jAxsNIjrRBRFeEA.ttf"},{"family":"Namdhinggo","version":"v2","lastModified":"2024-09-04","category":"serif","kind":"webfonts#webfont","menu":"https://fonts.gstatic.com/s/namdhinggo/v2/uk-mEGe3rbgg8Xzoy5-TPnSp5w.ttf"},{"family":"Nanum Brush Script","version":"v25","lastModified":"2024-11-20","category":"handwriting","kind":"webfonts#webfont","menu":"https://fonts.gstatic.com/s/nanumbrushscript/v25/wXK2E2wfpokopxzthSqPbcR5_gVaxazCj6pv.ttf"},{"family":"Nanum Gothic","version":"v26","lastModified":"2024-11-20","category":"sans-serif","kind":"webfonts#webfont","menu":"https://fonts.gstatic.com/s/nanumgothic/v26/PN_3Rfi-oW3hYwmKDpxS7F_D_9jb.ttf"},{"family":"Nanum Gothic Coding","version":"v26","lastModified":"2024-12-04","category":"handwriting","kind":"webfonts#webfont","menu":"https://fonts.gstatic.com/s/nanumgothiccoding/v26/8QIVdjzHisX_8vv59_xMxtPFW4IXROws-6U7Ug.ttf"},{"family":"Nanum Myeongjo","version":"v26","lastModified":"2024-12-04","category":"serif","kind":"webfonts#webfont","menu":"https://fonts.gstatic.com/s/nanummyeongjo/v26/9Btx3DZF0dXLMZlywRbVRNhxy2LqcnA.ttf"},{"family":"Nanum Pen Script","version":"v25","lastModified":"2024-12-04","category":"handwriting","kind":"webfonts#webfont","menu":"https://fonts.gstatic.com/s/nanumpenscript/v25/daaDSSYiLGqEal3MvdA_FOL_3FkN6z_0bA.ttf"},{"family":"Narnoor","version":"v7","lastModified":"2023-11-28","category":"serif","kind":"webfonts#webfont","menu":"https://fonts.gstatic.com/s/narnoor/v7/cIf9MaFWuVo-UTyP9CihZA.ttf"},{"family":"Neonderthaw","version":"v6","lastModified":"2024-09-04","category":"handwriting","kind":"webfonts#webfont","menu":"https://fonts.gstatic.com/s/neonderthaw/v6/Iure6Yx5-oWVZI0r-17AeaZIrLE.ttf"},{"family":"Nerko One","version":"v16","lastModified":"2024-09-04","category":"handwriting","kind":"webfonts#webfont","menu":"https://fonts.gstatic.com/s/nerkoone/v16/m8JQjfZSc7OXlB3ZMOjDcZRF.ttf"},{"family":"Neucha","version":"v17","lastModified":"2024-09-04","category":"handwriting","kind":"webfonts#webfont","menu":"https://fonts.gstatic.com/s/neucha/v17/q5uGsou0JOdh94bfuwlo.ttf"},{"family":"Neuton","version":"v22","lastModified":"2024-08-12","category":"serif","kind":"webfonts#webfont","menu":"https://fonts.gstatic.com/s/neuton/v22/UMBTrPtMoH62xUZCyYg_.ttf"},{"family":"New Amsterdam","version":"v1","lastModified":"2024-09-04","category":"sans-serif","kind":"webfonts#webfont","menu":"https://fonts.gstatic.com/s/newamsterdam/v1/YA9Vr02Y5lucHqUlbEe51kBtp7iMjg.ttf"},{"family":"New Rocker","version":"v16","lastModified":"2024-09-04","category":"display","kind":"webfonts#webfont","menu":"https://fonts.gstatic.com/s/newrocker/v16/MwQzbhjp3-HImzcCU_cJoGIfjQ.ttf"},{"family":"New Tegomin","version":"v12","lastModified":"2024-12-04","category":"serif","kind":"webfonts#webfont","menu":"https://fonts.gstatic.com/s/newtegomin/v12/SLXMc1fV7Gd9USdBAfPlqcN1SX4.ttf"},{"family":"News Cycle","version":"v23","lastModified":"2024-09-04","category":"sans-serif","kind":"webfonts#webfont","menu":"https://fonts.gstatic.com/s/newscycle/v23/CSR64z1Qlv-GDxkbKVQ_fOYKSA.ttf"},{"family":"Newsreader","version":"v20","lastModified":"2024-09-04","category":"serif","kind":"webfonts#webfont","menu":"https://fonts.gstatic.com/s/newsreader/v20/cY9qfjOCX1hbuyalUrK49dLac06G1ZGsZBtoBCzBDXXD9JVF438weI_wDeZA.ttf"},{"family":"Niconne","version":"v15","lastModified":"2024-09-04","category":"handwriting","kind":"webfonts#webfont","menu":"https://fonts.gstatic.com/s/niconne/v15/w8gaH2QvRug1_rTfnQqn3A.ttf"},{"family":"Niramit","version":"v10","lastModified":"2024-09-04","category":"sans-serif","kind":"webfonts#webfont","menu":"https://fonts.gstatic.com/s/niramit/v10/I_uuMpWdvgLdNxVLXbValg.ttf"},{"family":"Nixie One","version":"v16","lastModified":"2024-09-04","category":"display","kind":"webfonts#webfont","menu":"https://fonts.gstatic.com/s/nixieone/v16/lW-8wjkKLXjg5y2o2uUYUet3.ttf"},{"family":"Nobile","version":"v17","lastModified":"2024-09-04","category":"sans-serif","kind":"webfonts#webfont","menu":"https://fonts.gstatic.com/s/nobile/v17/m8JTjflSeaOVl1iGX63T.ttf"},{"family":"Nokora","version":"v32","lastModified":"2024-12-04","category":"sans-serif","kind":"webfonts#webfont","menu":"https://fonts.gstatic.com/s/nokora/v32/hYkIPuwgTubzaWxgOjAL.ttf"},{"family":"Norican","version":"v15","lastModified":"2024-09-04","category":"handwriting","kind":"webfonts#webfont","menu":"https://fonts.gstatic.com/s/norican/v15/MwQ2bhXp1eSBqjkPKJNbsA.ttf"},{"family":"Nosifer","version":"v22","lastModified":"2024-09-04","category":"display","kind":"webfonts#webfont","menu":"https://fonts.gstatic.com/s/nosifer/v22/ZGjXol5JTp0g5bxZWCxbUA.ttf"},{"family":"Notable","version":"v18","lastModified":"2024-09-04","category":"sans-serif","kind":"webfonts#webfont","menu":"https://fonts.gstatic.com/s/notable/v18/gNMEW3N_SIqx-WX9yHIiEA.ttf"},{"family":"Nothing You Could Do","version":"v19","lastModified":"2024-09-04","category":"handwriting","kind":"webfonts#webfont","menu":"https://fonts.gstatic.com/s/nothingyoucoulddo/v19/oY1B8fbBpaP5OX3DtrRYf_Q2BPB1SnfZb3OInV4.ttf"},{"family":"Noticia Text","version":"v15","lastModified":"2024-09-04","category":"serif","kind":"webfonts#webfont","menu":"https://fonts.gstatic.com/s/noticiatext/v15/VuJ2dNDF2Yv9qppOePKYRP12YDtd.ttf"},{"family":"Noto Color Emoji","version":"v32","lastModified":"2024-09-03","category":"sans-serif","kind":"webfonts#webfont","menu":"https://fonts.gstatic.com/s/notocoloremoji/v32/Yq6P-KqIXTD0t4D9z1ESnKM3-HpFWb9m6w.ttf"},{"family":"Noto Emoji","version":"v53","lastModified":"2024-11-26","category":"sans-serif","kind":"webfonts#webfont","menu":"https://fonts.gstatic.com/s/notoemoji/v53/bMrnmSyK7YY-MEu6aWjPDs-ar6uWaGWuob-r0gwuQeU.ttf"},{"family":"Noto Kufi Arabic","version":"v21","lastModified":"2024-02-29","category":"sans-serif","kind":"webfonts#webfont","menu":"https://fonts.gstatic.com/s/notokufiarabic/v21/CSRp4ydQnPyaDxEXLFF6LZVLKrodhu8t57o1kDc5Wh5v37bOlrA.ttf"},{"family":"Noto Music","version":"v20","lastModified":"2024-09-04","category":"sans-serif","kind":"webfonts#webfont","menu":"https://fonts.gstatic.com/s/notomusic/v20/pe0rMIiSN5pO63htf1sxEtaaAw.ttf"},{"family":"Noto Naskh Arabic","version":"v34","lastModified":"2024-04-12","category":"serif","kind":"webfonts#webfont","menu":"https://fonts.gstatic.com/s/notonaskharabic/v34/RrQ5bpV-9Dd1b1OAGA6M9PkyDuVBePeKNaxcsss0Y7bwvc5Urac3.ttf"},{"family":"Noto Nastaliq Urdu","version":"v20","lastModified":"2023-03-21","category":"serif","kind":"webfonts#webfont","menu":"https://fonts.gstatic.com/s/notonastaliqurdu/v20/LhWNMUPbN-oZdNFcBy1-DJYsEoTq5pudQ9L940pGPkB3Qt_-PKyV3w.ttf"},{"family":"Noto Rashi Hebrew","version":"v26","lastModified":"2024-06-05","category":"serif","kind":"webfonts#webfont","menu":"https://fonts.gstatic.com/s/notorashihebrew/v26/EJR_Qh82XsIK-QFmqXk4zvLwFVya0vFL-HlKM5e6C6HZB-HURiC-.ttf"},{"family":"Noto Sans","version":"v38","lastModified":"2024-12-04","category":"sans-serif","kind":"webfonts#webfont","menu":"https://fonts.gstatic.com/s/notosans/v38/o-0mIpQlx3QUlC5A4PNB6Ryti20_6n1iPHjcz6L1SoM-jCpoiyD9A-9c6Vc.ttf"},{"family":"Noto Sans Adlam","version":"v22","lastModified":"2023-09-14","category":"sans-serif","kind":"webfonts#webfont","menu":"https://fonts.gstatic.com/s/notosansadlam/v22/neIczCCpqp0s5pPusPamd81eMfjPonvqdbYxxpgufnv0fGjLYA.ttf"},{"family":"Noto Sans Adlam Unjoined","version":"v26","lastModified":"2024-07-01","category":"sans-serif","kind":"webfonts#webfont","menu":"https://fonts.gstatic.com/s/notosansadlamunjoined/v26/P5sszY2MYsLRsB5_ildkzPPDsLQXcOEmaFOqOGcaYrzFTIjsPam_Ye35DMAU_A.ttf"},{"family":"Noto Sans Anatolian Hieroglyphs","version":"v16","lastModified":"2023-07-24","category":"sans-serif","kind":"webfonts#webfont","menu":"https://fonts.gstatic.com/s/notosansanatolianhieroglyphs/v16/ijw9s4roRME5LLRxjsRb8A0gKPSWq4BbDmHHu6j2pEtUJzZWbyfCzg.ttf"},{"family":"Noto Sans Arabic","version":"v28","lastModified":"2024-11-20","category":"sans-serif","kind":"webfonts#webfont","menu":"https://fonts.gstatic.com/s/notosansarabic/v28/nwpxtLGrOAZMl5nJ_wfgRg3DrWFZWsnVBJ_sS6tlqHHFlhQ5l3sQWIHPqzCfyGyfunqF.ttf"},{"family":"Noto Sans Armenian","version":"v43","lastModified":"2023-11-09","category":"sans-serif","kind":"webfonts#webfont","menu":"https://fonts.gstatic.com/s/notosansarmenian/v43/ZgN0jOZKPa7CHqq0h37c7ReDUubm2SEdFXp7ig73qtTY5idb74R9UdM3y2nZLorxb50jaSo.ttf"},{"family":"Noto Sans Avestan","version":"v21","lastModified":"2023-09-13","category":"sans-serif","kind":"webfonts#webfont","menu":"https://fonts.gstatic.com/s/notosansavestan/v21/bWti7ejKfBziStx7lIzKOLQZKhIJkxu8QgA.ttf"},{"family":"Noto Sans Balinese","version":"v24","lastModified":"2023-05-02","category":"sans-serif","kind":"webfonts#webfont","menu":"https://fonts.gstatic.com/s/notosansbalinese/v24/NaPwcYvSBuhTirw6IaFn6UrRDaqje-lpbbRtYf-Fwu2Ov7fdtE9fcw.ttf"},{"family":"Noto Sans Bamum","version":"v27","lastModified":"2023-09-14","category":"sans-serif","kind":"webfonts#webfont","menu":"https://fonts.gstatic.com/s/notosansbamum/v27/uk-0EGK3o6EruUbnwovcbBTkkklK_Ya_PBHfNGTPEddOy_kBzg.ttf"},{"family":"Noto Sans Bassa Vah","version":"v17","lastModified":"2022-11-09","category":"sans-serif","kind":"webfonts#webfont","menu":"https://fonts.gstatic.com/s/notosansbassavah/v17/PN_bRee-r3f7LnqsD5sax12gjZn7mBpL5YwUpA2MBdcFn4MaAf6o1Yw.ttf"},{"family":"Noto Sans Batak","version":"v20","lastModified":"2024-02-29","category":"sans-serif","kind":"webfonts#webfont","menu":"https://fonts.gstatic.com/s/notosansbatak/v20/gok2H6TwAEdtF9N8-mdTCQvT-ZdQooXL.ttf"},{"family":"Noto Sans Bengali","version":"v26","lastModified":"2024-11-20","category":"sans-serif","kind":"webfonts#webfont","menu":"https://fonts.gstatic.com/s/notosansbengali/v26/Cn-SJsCGWQxOjaGwMQ6fIiMywrNJIky6nvd8BjzVMvJx2mcSPVFpVEqE-6KmsolLidGu9g.ttf"},{"family":"Noto Sans Bhaiksuki","version":"v17","lastModified":"2023-09-27","category":"sans-serif","kind":"webfonts#webfont","menu":"https://fonts.gstatic.com/s/notosansbhaiksuki/v17/UcC63EosKniBH4iELXATsSBWdvUHXxhjwrPecQ.ttf"},{"family":"Noto Sans Brahmi","version":"v19","lastModified":"2024-02-29","category":"sans-serif","kind":"webfonts#webfont","menu":"https://fonts.gstatic.com/s/notosansbrahmi/v19/vEFK2-VODB8RrNDvZSUmQQIIByV1wtO_Xw.ttf"},{"family":"Noto Sans Buginese","version":"v18","lastModified":"2023-05-02","category":"sans-serif","kind":"webfonts#webfont","menu":"https://fonts.gstatic.com/s/notosansbuginese/v18/esDM30ldNv-KYGGJpKGk18phe_7Da6_QtPGA.ttf"},{"family":"Noto Sans Buhid","version":"v22","lastModified":"2023-09-13","category":"sans-serif","kind":"webfonts#webfont","menu":"https://fonts.gstatic.com/s/notosansbuhid/v22/Dxxy8jiXMW75w3OmoDXVWJD7YwzweqFk.ttf"},{"family":"Noto Sans Canadian Aboriginal","version":"v26","lastModified":"2024-05-02","category":"sans-serif","kind":"webfonts#webfont","menu":"https://fonts.gstatic.com/s/notosanscanadianaboriginal/v26/4C_TLjTuEqPj-8J01CwaGkiZ9os0iGVkezM1mUT-j_Lmlzda6uH_nnX1bzigWLnPyQEk.ttf"},{"family":"Noto Sans Carian","version":"v16","lastModified":"2023-07-24","category":"sans-serif","kind":"webfonts#webfont","menu":"https://fonts.gstatic.com/s/notosanscarian/v16/LDIpaoiONgYwA9Yc6f0gUILeMIOgg7sR8w.ttf"},{"family":"Noto Sans Caucasian Albanian","version":"v18","lastModified":"2023-10-25","category":"sans-serif","kind":"webfonts#webfont","menu":"https://fonts.gstatic.com/s/notosanscaucasianalbanian/v18/nKKA-HM_FYFRJvXzVXaANsU0VzsAc46QGOkWytlTs-TXnYHspQ.ttf"},{"family":"Noto Sans Chakma","version":"v17","lastModified":"2022-11-09","category":"sans-serif","kind":"webfonts#webfont","menu":"https://fonts.gstatic.com/s/notosanschakma/v17/Y4GQYbJ8VTEp4t3MKJSMjg5OIzhi0JnZRg.ttf"},{"family":"Noto Sans Cham","version":"v31","lastModified":"2024-07-30","category":"sans-serif","kind":"webfonts#webfont","menu":"https://fonts.gstatic.com/s/notosanscham/v31/pe06MIySN5pO62Z5YkFyQb_bbuRhe6D4yip43qfcERwsvru2.ttf"},{"family":"Noto Sans Cherokee","version":"v20","lastModified":"2023-09-14","category":"sans-serif","kind":"webfonts#webfont","menu":"https://fonts.gstatic.com/s/notosanscherokee/v20/KFOPCm6Yu8uF-29fiz9vQF9YWK6Z8O10cHNA0cSkZCHYWi5PPkizqA.ttf"},{"family":"Noto Sans Chorasmian","version":"v3","lastModified":"2024-01-26","category":"sans-serif","kind":"webfonts#webfont","menu":"https://fonts.gstatic.com/s/notosanschorasmian/v3/MQpL-X6uKMC7ROPLwRnI9ULxK_7NVkf8S6vzqno.ttf"},{"family":"Noto Sans Coptic","version":"v21","lastModified":"2023-12-14","category":"sans-serif","kind":"webfonts#webfont","menu":"https://fonts.gstatic.com/s/notosanscoptic/v21/iJWfBWmUZi_OHPqn4wq6kgqumOEd38q1UA.ttf"},{"family":"Noto Sans Cuneiform","version":"v17","lastModified":"2023-07-24","category":"sans-serif","kind":"webfonts#webfont","menu":"https://fonts.gstatic.com/s/notosanscuneiform/v17/bMrrmTWK7YY-MF22aHGGd7H8PhJtvBDWsb5DkQ.ttf"},{"family":"Noto Sans Cypriot","version":"v19","lastModified":"2023-11-09","category":"sans-serif","kind":"webfonts#webfont","menu":"https://fonts.gstatic.com/s/notosanscypriot/v19/8AtzGta9PYqQDjyp79a6f8Cj-3a3cyItIZc.ttf"},{"family":"Noto Sans Cypro Minoan","version":"v1","lastModified":"2024-09-04","category":"sans-serif","kind":"webfonts#webfont","menu":"https://fonts.gstatic.com/s/notosanscyprominoan/v1/2Eb2L_dtDUlkNmPHB_UVtEzp3ZlPGqZ_4nAGm9aYew.ttf"},{"family":"Noto Sans Deseret","version":"v17","lastModified":"2023-07-24","category":"sans-serif","kind":"webfonts#webfont","menu":"https://fonts.gstatic.com/s/notosansdeseret/v17/MwQsbgPp1eKH6QsAVuFb9AZM6MMr2Wq8bHY.ttf"},{"family":"Noto Sans Devanagari","version":"v26","lastModified":"2024-07-01","category":"sans-serif","kind":"webfonts#webfont","menu":"https://fonts.gstatic.com/s/notosansdevanagari/v26/TuGoUUFzXI5FBtUq5a8bjKYTZjtRU6Sgv3NaV_SNmI0b8QQCQmHn6B2OHjbL_08AlXQl--E5pA.ttf"},{"family":"Noto Sans Display","version":"v26","lastModified":"2023-09-14","category":"sans-serif","kind":"webfonts#webfont","menu":"https://fonts.gstatic.com/s/notosansdisplay/v26/RLpbK4fy6r6tOBEJg0IAKzqdFZVZxpMkXJMhnB9XjO1o90LuV-PT4Doq_AKp_3cKZTCa3g.ttf"},{"family":"Noto Sans Duployan","version":"v18","lastModified":"2024-07-01","category":"sans-serif","kind":"webfonts#webfont","menu":"https://fonts.gstatic.com/s/notosansduployan/v18/gokzH7nwAEdtF9N8-mdTDx_X9JM5wsvbF8gj.ttf"},{"family":"Noto Sans Egyptian Hieroglyphs","version":"v29","lastModified":"2024-05-02","category":"sans-serif","kind":"webfonts#webfont","menu":"https://fonts.gstatic.com/s/notosansegyptianhieroglyphs/v29/vEF42-tODB8RrNDvZSUmRhcQHzx1s7y_F9-j3qSzEcbEYintSFi4.ttf"},{"family":"Noto Sans Elbasan","version":"v16","lastModified":"2023-05-23","category":"sans-serif","kind":"webfonts#webfont","menu":"https://fonts.gstatic.com/s/notosanselbasan/v16/-F6rfiZqLzI2JPCgQBnw400qp1trvEdkp-o.ttf"},{"family":"Noto Sans Elymaic","version":"v17","lastModified":"2023-10-25","category":"sans-serif","kind":"webfonts#webfont","menu":"https://fonts.gstatic.com/s/notosanselymaic/v17/UqyKK9YTJW5liNMhTMqe9vUFP65ZD7AiUuA.ttf"},{"family":"Noto Sans Ethiopic","version":"v47","lastModified":"2023-09-13","category":"sans-serif","kind":"webfonts#webfont","menu":"https://fonts.gstatic.com/s/notosansethiopic/v47/7cHPv50vjIepfJVOZZgcpQ5B9FBTH9KGNfhSTgtoow1KVnIvyBoMSzUMacb-T35OK5DiyGM.ttf"},{"family":"Noto Sans Georgian","version":"v44","lastModified":"2024-02-29","category":"sans-serif","kind":"webfonts#webfont","menu":"https://fonts.gstatic.com/s/notosansgeorgian/v44/PlIaFke5O6RzLfvNNVSitxkr76PRHBC4Ytyq-Gof7PUs4S7zWn-8YDB09HFNdpvnzGj_dZE.ttf"},{"family":"Noto Sans Glagolitic","version":"v18","lastModified":"2024-01-26","category":"sans-serif","kind":"webfonts#webfont","menu":"https://fonts.gstatic.com/s/notosansglagolitic/v18/1q2ZY4-BBFBst88SU_tOj4J-4yuNF_HI4HRL6g0.ttf"},{"family":"Noto Sans Gothic","version":"v16","lastModified":"2023-07-24","category":"sans-serif","kind":"webfonts#webfont","menu":"https://fonts.gstatic.com/s/notosansgothic/v16/TuGKUUVzXI5FBtUq5a8bj6wRbzxTJMTy1g.ttf"},{"family":"Noto Sans Grantha","version":"v19","lastModified":"2024-06-10","category":"sans-serif","kind":"webfonts#webfont","menu":"https://fonts.gstatic.com/s/notosansgrantha/v19/3y976akwcCjmsU8NDyrKo3IQfQ4o-o8dH-8.ttf"},{"family":"Noto Sans Gujarati","version":"v25","lastModified":"2023-11-28","category":"sans-serif","kind":"webfonts#webfont","menu":"https://fonts.gstatic.com/s/notosansgujarati/v25/wlpWgx_HC1ti5ViekvcxnhMlCVo3f5pv17ivlzsUB14gg1TMR2Gw4VceEl7MA_ypFzPN9uM.ttf"},{"family":"Noto Sans Gunjala Gondi","version":"v19","lastModified":"2023-09-27","category":"sans-serif","kind":"webfonts#webfont","menu":"https://fonts.gstatic.com/s/notosansgunjalagondi/v19/bWtX7e7KfBziStx7lIzKPrcSMwcEnCv6DW7n5g0ef3PLtymzNxYL4YD04ZQr.ttf"},{"family":"Noto Sans Gurmukhi","version":"v26","lastModified":"2023-04-27","category":"sans-serif","kind":"webfonts#webfont","menu":"https://fonts.gstatic.com/s/notosansgurmukhi/v26/w8g9H3EvQP81sInb43inmyN9zZ7hb7ATbSWo4q8dJ74a3cVrYFQ_bogT0-gPeG1Oekbwbf8.ttf"},{"family":"Noto Sans Hanifi Rohingya","version":"v28","lastModified":"2023-09-27","category":"sans-serif","kind":"webfonts#webfont","menu":"https://fonts.gstatic.com/s/notosanshanifirohingya/v28/5h17iYsoOmIC3Yu3MDXLDw3UZCgghyOEBBY7hhLNyo3tiaiuSIAqrIYY4g6ut88.ttf"},{"family":"Noto Sans Hanunoo","version":"v21","lastModified":"2023-11-09","category":"sans-serif","kind":"webfonts#webfont","menu":"https://fonts.gstatic.com/s/notosanshanunoo/v21/f0Xs0fCv8dxkDWlZSoXOj6CphMloFvEtGJw.ttf"},{"family":"Noto Sans Hatran","version":"v16","lastModified":"2023-07-13","category":"sans-serif","kind":"webfonts#webfont","menu":"https://fonts.gstatic.com/s/notosanshatran/v16/A2BBn4Ne0RgnVF3Lnko-0sOBIfL_qM49qw.ttf"},{"family":"Noto Sans Hebrew","version":"v46","lastModified":"2024-07-01","category":"sans-serif","kind":"webfonts#webfont","menu":"https://fonts.gstatic.com/s/notosanshebrew/v46/or3HQ7v33eiDljA1IufXTtVf7V6RvEEdhQlk0LlGxCyaeNKYZC0sqk3xXGiXd4qdoyhh.ttf"},{"family":"Noto Sans HK","version":"v32","lastModified":"2024-07-30","category":"sans-serif","kind":"webfonts#webfont","menu":"https://fonts.gstatic.com/s/notosanshk/v32/nKKF-GM_FYFRJvXzVXaAPe97P1KHynJFP716qHB-yoSZjQ.ttf"},{"family":"Noto Sans Imperial Aramaic","version":"v17","lastModified":"2024-07-01","category":"sans-serif","kind":"webfonts#webfont","menu":"https://fonts.gstatic.com/s/notosansimperialaramaic/v17/a8IMNpjwKmHXpgXbMIsbTc_kvks91LlLetBr5itQrudnnXI.ttf"},{"family":"Noto Sans Indic Siyaq Numbers","version":"v16","lastModified":"2024-09-04","category":"sans-serif","kind":"webfonts#webfont","menu":"https://fonts.gstatic.com/s/notosansindicsiyaqnumbers/v16/6xK5dTJFKcWIu4bpRBjRZRpsIYHabOeZ8UZLubTzpXNHKy2XNu4.ttf"},{"family":"Noto Sans Inscriptional Pahlavi","version":"v17","lastModified":"2024-07-01","category":"sans-serif","kind":"webfonts#webfont","menu":"https://fonts.gstatic.com/s/notosansinscriptionalpahlavi/v17/ll8UK3GaVDuxR-TEqFPIbsR79Xxz9WEKbwsjpz7VklYlC7FCZtufPA.ttf"},{"family":"Noto Sans Inscriptional Parthian","version":"v17","lastModified":"2024-07-01","category":"sans-serif","kind":"webfonts#webfont","menu":"https://fonts.gstatic.com/s/notosansinscriptionalparthian/v17/k3k7o-IMPvpLmixcA63oYi-yStDkgXuXncL7dzfW3P4TAJ2ykmBI0Dc.ttf"},{"family":"Noto Sans Javanese","version":"v23","lastModified":"2023-09-27","category":"sans-serif","kind":"webfonts#webfont","menu":"https://fonts.gstatic.com/s/notosansjavanese/v23/2V01KJkDAIA6Hp4zoSScDjV0Y-eoHAHT-Z3MngEefiidxJnkJFhoYQ.ttf"},{"family":"Noto Sans JP","version":"v53","lastModified":"2024-08-07","category":"sans-serif","kind":"webfonts#webfont","menu":"https://fonts.gstatic.com/s/notosansjp/v53/-F6jfjtqLzI2JPCgQBnw7HFyzSD-AsregP8VFBEj35rS1g.ttf"},{"family":"Noto Sans Kaithi","version":"v22","lastModified":"2024-07-30","category":"sans-serif","kind":"webfonts#webfont","menu":"https://fonts.gstatic.com/s/notosanskaithi/v22/buEtppS9f8_vkXadMBJJu0tWjLwjciwAcg.ttf"},{"family":"Noto Sans Kannada","version":"v27","lastModified":"2023-10-25","category":"sans-serif","kind":"webfonts#webfont","menu":"https://fonts.gstatic.com/s/notosanskannada/v27/8vIs7xs32H97qzQKnzfeXycxXZyUmySvZWItmf1fe6TVmgop9ndpS-BqHEyGrDvN_SMGKg.ttf"},{"family":"Noto Sans Kawi","version":"v3","lastModified":"2023-10-25","category":"sans-serif","kind":"webfonts#webfont","menu":"https://fonts.gstatic.com/s/notosanskawi/v3/92zBtBJLNqsg7tCciW0EPHNNh1ZgbtGWiTYDjvnK4AhWC552.ttf"},{"family":"Noto Sans Kayah Li","version":"v21","lastModified":"2023-09-14","category":"sans-serif","kind":"webfonts#webfont","menu":"https://fonts.gstatic.com/s/notosanskayahli/v21/B50nF61OpWTRcGrhOVJJwOMXdca6Yecki3E06x2jVTX3WCc3OZDyFQ.ttf"},{"family":"Noto Sans Kharoshthi","version":"v16","lastModified":"2023-04-27","category":"sans-serif","kind":"webfonts#webfont","menu":"https://fonts.gstatic.com/s/notosanskharoshthi/v16/Fh4qPiLjKS30-P4-pGMMXCCfvkc5Vd7KE6z5plg.ttf"},{"family":"Noto Sans Khmer","version":"v24","lastModified":"2023-10-25","category":"sans-serif","kind":"webfonts#webfont","menu":"https://fonts.gstatic.com/s/notosanskhmer/v24/ijw3s5roRME5LLRxjsRb-gssOenAyendxrgV2c-Zw-9vbVUti_Z_dWgtWYuNAKz5mgI.ttf"},{"family":"Noto Sans Khojki","version":"v19","lastModified":"2024-02-16","category":"sans-serif","kind":"webfonts#webfont","menu":"https://fonts.gstatic.com/s/notosanskhojki/v19/-nFnOHM29Oofr2wohFbTuPPKVWpmG_Zx1w.ttf"},{"family":"Noto Sans Khudawadi","version":"v22","lastModified":"2024-08-21","category":"sans-serif","kind":"webfonts#webfont","menu":"https://fonts.gstatic.com/s/notosanskhudawadi/v22/fdNi9t6ZsWBZ2k5ltHN73zZ5hc8HANlHEjVtUQ.ttf"},{"family":"Noto Sans KR","version":"v36","lastModified":"2023-08-17","category":"sans-serif","kind":"webfonts#webfont","menu":"https://fonts.gstatic.com/s/notosanskr/v36/PbyxFmXiEBPT4ITbgNA5Cgms3VYcOA-vvnIzzuoySLXg9A.ttf"},{"family":"Noto Sans Lao","version":"v30","lastModified":"2023-09-27","category":"sans-serif","kind":"webfonts#webfont","menu":"https://fonts.gstatic.com/s/notosanslao/v30/bx6lNx2Ol_ixgdYWLm9BwxM3NW6BOkuf763Clj73CiQ_J1Djx9pidOt4ccbtfpkO.ttf"},{"family":"Noto Sans Lao Looped","version":"v7","lastModified":"2023-09-27","category":"sans-serif","kind":"webfonts#webfont","menu":"https://fonts.gstatic.com/s/notosanslaolooped/v7/a8IgNpbwKmHXpgXbMIsbSMP7-3U72qUOX5gBg6LRXExhqHIX9YPTpvqkW4UthhjomPr3A-d64Q.ttf"},{"family":"Noto Sans Lepcha","version":"v19","lastModified":"2023-09-13","category":"sans-serif","kind":"webfonts#webfont","menu":"https://fonts.gstatic.com/s/notosanslepcha/v19/0QI7MWlB_JWgA166SKhu05TekNS36ANmsg.ttf"},{"family":"Noto Sans Limbu","version":"v24","lastModified":"2024-07-30","category":"sans-serif","kind":"webfonts#webfont","menu":"https://fonts.gstatic.com/s/notosanslimbu/v24/3JnlSDv90Gmq2mrzckOBBRRoNJVT0ctz.ttf"},{"family":"Noto Sans Linear A","version":"v18","lastModified":"2023-07-24","category":"sans-serif","kind":"webfonts#webfont","menu":"https://fonts.gstatic.com/s/notosanslineara/v18/oPWS_l16kP4jCuhpgEGmwJOiA18FZj2Gz2vU.ttf"},{"family":"Noto Sans Linear B","version":"v17","lastModified":"2023-07-24","category":"sans-serif","kind":"webfonts#webfont","menu":"https://fonts.gstatic.com/s/notosanslinearb/v17/HhyJU4wt9vSgfHoORYOiXOckKNB737Il3RMB.ttf"},{"family":"Noto Sans Lisu","version":"v25","lastModified":"2023-03-09","category":"sans-serif","kind":"webfonts#webfont","menu":"https://fonts.gstatic.com/s/notosanslisu/v25/uk-3EGO3o6EruUbnwovcYhz6kh57_nqbcTdjJnHP2Vwd2tgh.ttf"},{"family":"Noto Sans Lycian","version":"v15","lastModified":"2022-05-10","category":"sans-serif","kind":"webfonts#webfont","menu":"https://fonts.gstatic.com/s/notosanslycian/v15/QldVNSNMqAsHtsJ7UmqxBQA9r8wA1_jQDA.ttf"},{"family":"Noto Sans Lydian","version":"v18","lastModified":"2023-12-14","category":"sans-serif","kind":"webfonts#webfont","menu":"https://fonts.gstatic.com/s/notosanslydian/v18/c4m71mVzGN7s8FmIukZJ1v4ZlcPRSULdNg.ttf"},{"family":"Noto Sans Mahajani","version":"v19","lastModified":"2023-09-13","category":"sans-serif","kind":"webfonts#webfont","menu":"https://fonts.gstatic.com/s/notosansmahajani/v19/-F6sfiVqLzI2JPCgQBnw60Agp0JrvD51hsoV.ttf"},{"family":"Noto Sans Malayalam","version":"v26","lastModified":"2023-04-27","category":"sans-serif","kind":"webfonts#webfont","menu":"https://fonts.gstatic.com/s/notosansmalayalam/v26/sJoi3K5XjsSdcnzn071rL37lpAOsUThnDZIfPdbeSNzVakglNM-Qw8EaeB8Nss-_RuDNBVbA.ttf"},{"family":"Noto Sans Mandaic","version":"v17","lastModified":"2024-07-30","category":"sans-serif","kind":"webfonts#webfont","menu":"https://fonts.gstatic.com/s/notosansmandaic/v17/cIfnMbdWt1w_HgCcilqhKQBo_OsMI6_B9Ac.ttf"},{"family":"Noto Sans Manichaean","version":"v18","lastModified":"2023-10-25","category":"sans-serif","kind":"webfonts#webfont","menu":"https://fonts.gstatic.com/s/notosansmanichaean/v18/taiVGntiC4--qtsfi4Jp9-_GkPZZCcrfenqDPz8.ttf"},{"family":"Noto Sans Marchen","version":"v20","lastModified":"2024-07-30","category":"sans-serif","kind":"webfonts#webfont","menu":"https://fonts.gstatic.com/s/notosansmarchen/v20/aFTO7OZ_Y282EP-WyG6QTOX_C8WZMEhOmao.ttf"},{"family":"Noto Sans Masaram Gondi","version":"v17","lastModified":"2022-11-09","category":"sans-serif","kind":"webfonts#webfont","menu":"https://fonts.gstatic.com/s/notosansmasaramgondi/v17/6xK_dThFKcWIu4bpRBjRYRV7KZCbUq6n_1kPntGf5xY.ttf"},{"family":"Noto Sans Math","version":"v15","lastModified":"2024-09-04","category":"sans-serif","kind":"webfonts#webfont","menu":"https://fonts.gstatic.com/s/notosansmath/v15/7Aump_cpkSecTWaHRlH2hyV5UEkH81k.ttf"},{"family":"Noto Sans Mayan Numerals","version":"v16","lastModified":"2024-09-04","category":"sans-serif","kind":"webfonts#webfont","menu":"https://fonts.gstatic.com/s/notosansmayannumerals/v16/PlIuFk25O6RzLfvNNVSivR09_KqYMwvvDKYjfIi06sAs.ttf"},{"family":"Noto Sans Medefaidrin","version":"v23","lastModified":"2023-09-14","category":"sans-serif","kind":"webfonts#webfont","menu":"https://fonts.gstatic.com/s/notosansmedefaidrin/v23/WwkzxOq6Dk-wranENynkfeVsNbRZtbOIdLb1exeM4ZeuabBfmErWpTz_9Q.ttf"},{"family":"Noto Sans Meetei Mayek","version":"v15","lastModified":"2023-09-14","category":"sans-serif","kind":"webfonts#webfont","menu":"https://fonts.gstatic.com/s/notosansmeeteimayek/v15/HTxAL3QyKieByqY9eZPFweO0be7M21uSphSdhqILnmrRfJ8t_1TJ_sTX7vw.ttf"},{"family":"Noto Sans Mende Kikakui","version":"v28","lastModified":"2022-11-09","category":"sans-serif","kind":"webfonts#webfont","menu":"https://fonts.gstatic.com/s/notosansmendekikakui/v28/11hRGoLHz17aKjQCWj-JHcLvu2Q5zZrnkbNCLXx-YjY.ttf"},{"family":"Noto Sans Meroitic","version":"v18","lastModified":"2023-11-09","category":"sans-serif","kind":"webfonts#webfont","menu":"https://fonts.gstatic.com/s/notosansmeroitic/v18/IFS5HfRJndhE3P4b5jnZ3ITPvC6i00UzgTJX.ttf"},{"family":"Noto Sans Miao","version":"v17","lastModified":"2022-09-28","category":"sans-serif","kind":"webfonts#webfont","menu":"https://fonts.gstatic.com/s/notosansmiao/v17/Dxxz8jmXMW75w3OmoDXVV4zyZXjhW4E.ttf"},{"family":"Noto Sans Modi","version":"v23","lastModified":"2023-09-27","category":"sans-serif","kind":"webfonts#webfont","menu":"https://fonts.gstatic.com/s/notosansmodi/v23/pe03MIySN5pO62Z5YkFyT7jeas5rU1Q.ttf"},{"family":"Noto Sans Mongolian","version":"v22","lastModified":"2024-09-30","category":"sans-serif","kind":"webfonts#webfont","menu":"https://fonts.gstatic.com/s/notosansmongolian/v22/VdGCAYADGIwE0EopZx8xQfHlgEAMsrTo9Loq7w.ttf"},{"family":"Noto Sans Mono","version":"v30","lastModified":"2023-10-25","category":"sans-serif","kind":"webfonts#webfont","menu":"https://fonts.gstatic.com/s/notosansmono/v30/BngrUXNETWXI6LwhGYvaxZikqZqK6fBq6kPvUce2oAZcdthSBUsYck4-_FNJ09vdUA.ttf"},{"family":"Noto Sans Mro","version":"v18","lastModified":"2022-12-08","category":"sans-serif","kind":"webfonts#webfont","menu":"https://fonts.gstatic.com/s/notosansmro/v18/qWcsB6--pZv9TqnUQMhe9b39aD3bsg.ttf"},{"family":"Noto Sans Multani","version":"v20","lastModified":"2022-11-09","category":"sans-serif","kind":"webfonts#webfont","menu":"https://fonts.gstatic.com/s/notosansmultani/v20/9Bty3ClF38_RfOpe1gCaZ8p30BOFO2A1r_Q.ttf"},{"family":"Noto Sans Myanmar","version":"v20","lastModified":"2022-09-28","category":"sans-serif","kind":"webfonts#webfont","menu":"https://fonts.gstatic.com/s/notosansmyanmar/v20/AlZq_y1ZtY3ymOryg38hOCSdOnFq0Hn31uE.ttf"},{"family":"Noto Sans Nabataean","version":"v16","lastModified":"2023-06-22","category":"sans-serif","kind":"webfonts#webfont","menu":"https://fonts.gstatic.com/s/notosansnabataean/v16/IFS4HfVJndhE3P4b5jnZ34DfsjO330dNkBN3gA.ttf"},{"family":"Noto Sans Nag Mundari","version":"v2","lastModified":"2024-07-30","category":"sans-serif","kind":"webfonts#webfont","menu":"https://fonts.gstatic.com/s/notosansnagmundari/v2/3qTAoi2hnSyU8TNFIdhZTyod3g5lBnKlQFk2kS9fr9Eq09RHRxirXUCK1w.ttf"},{"family":"Noto Sans Nandinagari","version":"v4","lastModified":"2023-10-25","category":"sans-serif","kind":"webfonts#webfont","menu":"https://fonts.gstatic.com/s/notosansnandinagari/v4/or38Q7733eiDljA1IufXSNFT-1KI5y10H4jlap5T.ttf"},{"family":"Noto Sans New Tai Lue","version":"v22","lastModified":"2023-09-27","category":"sans-serif","kind":"webfonts#webfont","menu":"https://fonts.gstatic.com/s/notosansnewtailue/v22/H4cKBW-Pl9DZ0Xe_nHUapt7PovLXAhAnY7wqaLy-OJgU3p_pdeXAUUfqgA.ttf"},{"family":"Noto Sans Newa","version":"v16","lastModified":"2022-11-09","category":"sans-serif","kind":"webfonts#webfont","menu":"https://fonts.gstatic.com/s/notosansnewa/v16/7r3fqXp6utEsO9pI4f8ok8sWg_n-oto.ttf"},{"family":"Noto Sans NKo","version":"v6","lastModified":"2023-09-27","category":"sans-serif","kind":"webfonts#webfont","menu":"https://fonts.gstatic.com/s/notosansnko/v6/esDX31ZdNv-KYGGJpKGk2_RpApGGGA.ttf"},{"family":"Noto Sans NKo Unjoined","version":"v2","lastModified":"2023-09-27","category":"sans-serif","kind":"webfonts#webfont","menu":"https://fonts.gstatic.com/s/notosansnkounjoined/v2/MCo_zBjx1d3VUhJFK9MYlNCXJ6VvqwGPz3szPOBB5nuzMdWs0rvF2jEOz_o.ttf"},{"family":"Noto Sans Nushu","version":"v19","lastModified":"2023-04-27","category":"sans-serif","kind":"webfonts#webfont","menu":"https://fonts.gstatic.com/s/notosansnushu/v19/rnCw-xRQ3B7652emAbAe_Ai1IYa1WVoI.ttf"},{"family":"Noto Sans Ogham","version":"v17","lastModified":"2023-07-24","category":"sans-serif","kind":"webfonts#webfont","menu":"https://fonts.gstatic.com/s/notosansogham/v17/kmKlZqk1GBDGN0mY6k5lmEmww4hbtpNe.ttf"},{"family":"Noto Sans Ol Chiki","version":"v29","lastModified":"2023-09-14","category":"sans-serif","kind":"webfonts#webfont","menu":"https://fonts.gstatic.com/s/notosansolchiki/v29/N0b92TJNOPt-eHmFZCdQbrL32r-4CvhzDzRwlxOQYuVALWk227MwhQ.ttf"},{"family":"Noto Sans Old Hungarian","version":"v18","lastModified":"2023-09-13","category":"sans-serif","kind":"webfonts#webfont","menu":"https://fonts.gstatic.com/s/notosansoldhungarian/v18/E213_cD6hP3GwCJPEUssHEM0KqLaHJXg2PiIgSfiZAo.ttf"},{"family":"Noto Sans Old Italic","version":"v17","lastModified":"2024-07-30","category":"sans-serif","kind":"webfonts#webfont","menu":"https://fonts.gstatic.com/s/notosansolditalic/v17/TuGOUUFzXI5FBtUq5a8bh68BJxxEVam7tVlQfxw.ttf"},{"family":"Noto Sans Old North Arabian","version":"v16","lastModified":"2023-07-13","category":"sans-serif","kind":"webfonts#webfont","menu":"https://fonts.gstatic.com/s/notosansoldnortharabian/v16/esDF30BdNv-KYGGJpKGk2tNiMt7Jar6olZDyNdr81zBgmEA7.ttf"},{"family":"Noto Sans Old Permic","version":"v17","lastModified":"2023-07-13","category":"sans-serif","kind":"webfonts#webfont","menu":"https://fonts.gstatic.com/s/notosansoldpermic/v17/snf1s1q1-dF8pli1TesqcbUY4Mr-ElrwKIdWiPs.ttf"},{"family":"Noto Sans Old Persian","version":"v16","lastModified":"2023-07-13","category":"sans-serif","kind":"webfonts#webfont","menu":"https://fonts.gstatic.com/s/notosansoldpersian/v16/wEOjEAbNnc5caQTFG18FHrZr9Bp6-8CmIJ_dqeNU.ttf"},{"family":"Noto Sans Old Sogdian","version":"v17","lastModified":"2024-07-30","category":"sans-serif","kind":"webfonts#webfont","menu":"https://fonts.gstatic.com/s/notosansoldsogdian/v17/3JnjSCH90Gmq2mrzckOBBhFhdrMst48aURtLnOgu.ttf"},{"family":"Noto Sans Old South Arabian","version":"v16","lastModified":"2023-07-13","category":"sans-serif","kind":"webfonts#webfont","menu":"https://fonts.gstatic.com/s/notosansoldsoutharabian/v16/3qT5oiOhnSyU8TNFIdhZTice3hB_HWKsEnF--0XCHiKB1eFH.ttf"},{"family":"Noto Sans Old Turkic","version":"v18","lastModified":"2024-07-30","category":"sans-serif","kind":"webfonts#webfont","menu":"https://fonts.gstatic.com/s/notosansoldturkic/v18/yMJNMJVya43H0SUF_WmcGEQVqoEMKDKbsH2Qhkg.ttf"},{"family":"Noto Sans Oriya","version":"v31","lastModified":"2024-04-12","category":"sans-serif","kind":"webfonts#webfont","menu":"https://fonts.gstatic.com/s/notosansoriya/v31/AYCppXfzfccDCstK_hrjDyADv5e9748vhj3CJBLHIARtgD6TJQS0dJT5Ivj0f5_d4rw.ttf"},{"family":"Noto Sans Osage","version":"v18","lastModified":"2022-11-09","category":"sans-serif","kind":"webfonts#webfont","menu":"https://fonts.gstatic.com/s/notosansosage/v18/oPWX_kB6kP4jCuhpgEGmw4mtAVtnR1yW.ttf"},{"family":"Noto Sans Osmanya","version":"v18","lastModified":"2022-11-09","category":"sans-serif","kind":"webfonts#webfont","menu":"https://fonts.gstatic.com/s/notosansosmanya/v18/8vIS7xs32H97qzQKnzfeWzUyUpOJmw6lTYo.ttf"},{"family":"Noto Sans Pahawh Hmong","version":"v18","lastModified":"2023-05-02","category":"sans-serif","kind":"webfonts#webfont","menu":"https://fonts.gstatic.com/s/notosanspahawhhmong/v18/bWtp7e_KfBziStx7lIzKKaMUOBEA3UPQDW7knzY1dw.ttf"},{"family":"Noto Sans Palmyrene","version":"v16","lastModified":"2023-06-22","category":"sans-serif","kind":"webfonts#webfont","menu":"https://fonts.gstatic.com/s/notosanspalmyrene/v16/ZgNPjOdKPa7CHqq0h37c_ASCWvH93SFCDnOzYg.ttf"},{"family":"Noto Sans Pau Cin Hau","version":"v20","lastModified":"2023-05-02","category":"sans-serif","kind":"webfonts#webfont","menu":"https://fonts.gstatic.com/s/notosanspaucinhau/v20/x3d-cl3IZKmUqiMg_9wBLLtzl22EayN7ehItjU-u.ttf"},{"family":"Noto Sans PhagsPa","version":"v23","lastModified":"2024-12-10","category":"sans-serif","kind":"webfonts#webfont","menu":"https://fonts.gstatic.com/s/notosansphagspa/v23/XLY8IYr5bJNDGYxPGjyYbaEjwQR-LGltasI.ttf"},{"family":"Noto Sans Phoenician","version":"v17","lastModified":"2023-07-24","category":"sans-serif","kind":"webfonts#webfont","menu":"https://fonts.gstatic.com/s/notosansphoenician/v17/jizFRF9Ksm4Bt9PvcTaEkIHiTVtxmFtS5U7IqNs.ttf"},{"family":"Noto Sans Psalter Pahlavi","version":"v17","lastModified":"2024-07-30","category":"sans-serif","kind":"webfonts#webfont","menu":"https://fonts.gstatic.com/s/notosanspsalterpahlavi/v17/rP2Vp3K65FkAtHfwd-eISGznYihzggmsicPfud3w5GzAtQ.ttf"},{"family":"Noto Sans Rejang","version":"v21","lastModified":"2023-09-27","category":"sans-serif","kind":"webfonts#webfont","menu":"https://fonts.gstatic.com/s/notosansrejang/v21/Ktk2AKuMeZjqPnXgyqrib7DIogqwB4K9XQ.ttf"},{"family":"Noto Sans Runic","version":"v17","lastModified":"2023-07-24","category":"sans-serif","kind":"webfonts#webfont","menu":"https://fonts.gstatic.com/s/notosansrunic/v17/H4c_BXWPl9DZ0Xe_nHUaus7W68WmahBr.ttf"},{"family":"Noto Sans Samaritan","version":"v16","lastModified":"2023-06-22","category":"sans-serif","kind":"webfonts#webfont","menu":"https://fonts.gstatic.com/s/notosanssamaritan/v16/buEqppe9f8_vkXadMBJJo0tSmaYjFkxOYo9pMg.ttf"},{"family":"Noto Sans Saurashtra","version":"v23","lastModified":"2023-09-13","category":"sans-serif","kind":"webfonts#webfont","menu":"https://fonts.gstatic.com/s/notosanssaurashtra/v23/ea8GacQ0Wfz_XKWXe6OtoA8w8zvmYwTef-nchBc.ttf"},{"family":"Noto Sans SC","version":"v37","lastModified":"2024-07-30","category":"sans-serif","kind":"webfonts#webfont","menu":"https://fonts.gstatic.com/s/notosanssc/v37/k3kCo84MPvpLmixcA63oeAL7Iqp5IZJF9bmaG9_FrY1HaA.ttf"},{"family":"Noto Sans Sharada","version":"v16","lastModified":"2022-11-18","category":"sans-serif","kind":"webfonts#webfont","menu":"https://fonts.gstatic.com/s/notosanssharada/v16/gok0H7rwAEdtF9N8-mdTGALG6p0kwrXKNug.ttf"},{"family":"Noto Sans Shavian","version":"v17","lastModified":"2023-07-24","category":"sans-serif","kind":"webfonts#webfont","menu":"https://fonts.gstatic.com/s/notosansshavian/v17/CHy5V_HZE0jxJBQlqAeCKjJvQBNF4HFRQJ0.ttf"},{"family":"Noto Sans Siddham","version":"v20","lastModified":"2023-09-27","category":"sans-serif","kind":"webfonts#webfont","menu":"https://fonts.gstatic.com/s/notosanssiddham/v20/OZpZg-FwqiNLe9PELUikxTWDoCCeGpncmXY.ttf"},{"family":"Noto Sans SignWriting","version":"v4","lastModified":"2024-09-04","category":"sans-serif","kind":"webfonts#webfont","menu":"https://fonts.gstatic.com/s/notosanssignwriting/v4/Noas6VX_wIWFbTTCrYmvy9A2UnkL-2SZAWikEFqE.ttf"},{"family":"Noto Sans Sinhala","version":"v32","lastModified":"2024-11-20","category":"sans-serif","kind":"webfonts#webfont","menu":"https://fonts.gstatic.com/s/notosanssinhala/v32/yMJ2MJBya43H0SUF_WmcBEEf4rQVO2P524V5N_MxQzQtb-tf5dJbC30Fu9zUwg2a1lkBoA.ttf"},{"family":"Noto Sans Sogdian","version":"v16","lastModified":"2023-06-22","category":"sans-serif","kind":"webfonts#webfont","menu":"https://fonts.gstatic.com/s/notosanssogdian/v16/taiQGn5iC4--qtsfi4Jp6eHPnfxQBr-_NGo.ttf"},{"family":"Noto Sans Sora Sompeng","version":"v24","lastModified":"2023-03-09","category":"sans-serif","kind":"webfonts#webfont","menu":"https://fonts.gstatic.com/s/notosanssorasompeng/v24/PlIRFkO5O6RzLfvNNVSioxM2_OTrEhPyDLolKvCsHzCxWuGkYHR81_Dob3Y.ttf"},{"family":"Noto Sans Soyombo","version":"v17","lastModified":"2023-07-24","category":"sans-serif","kind":"webfonts#webfont","menu":"https://fonts.gstatic.com/s/notosanssoyombo/v17/RWmSoL-Y6-8q5LTtXs6MF6q7xsxgY3FqKlc.ttf"},{"family":"Noto Sans Sundanese","version":"v26","lastModified":"2024-05-02","category":"sans-serif","kind":"webfonts#webfont","menu":"https://fonts.gstatic.com/s/notosanssundanese/v26/FwZw7_84xUkosG2xJo2gm7nFwSLQkdymq2mkz3Gz1_b6ctxpNOHDgT8.ttf"},{"family":"Noto Sans Syloti Nagri","version":"v23","lastModified":"2024-08-12","category":"sans-serif","kind":"webfonts#webfont","menu":"https://fonts.gstatic.com/s/notosanssylotinagri/v23/uU9eCAQZ75uhfF9UoWDRiY3q7Sf_VFV3m4dGJVb7Mw.ttf"},{"family":"Noto Sans Symbols","version":"v43","lastModified":"2024-09-04","category":"sans-serif","kind":"webfonts#webfont","menu":"https://fonts.gstatic.com/s/notosanssymbols/v43/rP2up3q65FkAtHfwd-eIS2brbDN6gxP34F9jRRCe4W3gfQ8Qa_9B.ttf"},{"family":"Noto Sans Symbols 2","version":"v24","lastModified":"2024-09-30","category":"sans-serif","kind":"webfonts#webfont","menu":"https://fonts.gstatic.com/s/notosanssymbols2/v24/I_uyMoGduATTei9eI8daxVHDyfisHr71-pLgeQ.ttf"},{"family":"Noto Sans Syriac","version":"v16","lastModified":"2023-04-27","category":"sans-serif","kind":"webfonts#webfont","menu":"https://fonts.gstatic.com/s/notosanssyriac/v16/Ktk7AKuMeZjqPnXgyqribqzQqgW0LYiVqV7dXcP0C-VD9PaIw5M.ttf"},{"family":"Noto Sans Syriac Eastern","version":"v1","lastModified":"2023-07-13","category":"sans-serif","kind":"webfonts#webfont","menu":"https://fonts.gstatic.com/s/notosanssyriaceastern/v1/Noac6Vj_wIWFbTTCrYmvy8AjVU8aslWRHHvRYxS-Ro3yS0FDacnHPi-fgzGB4Q.ttf"},{"family":"Noto Sans Tagalog","version":"v22","lastModified":"2023-09-27","category":"sans-serif","kind":"webfonts#webfont","menu":"https://fonts.gstatic.com/s/notosanstagalog/v22/J7aFnoNzCnFcV9ZI-sUYuvote1R0wzEBCcw.ttf"},{"family":"Noto Sans Tagbanwa","version":"v18","lastModified":"2023-05-02","category":"sans-serif","kind":"webfonts#webfont","menu":"https://fonts.gstatic.com/s/notosanstagbanwa/v18/Y4GWYbB8VTEp4t3MKJSMmQdIKjRtt_npRz4A.ttf"},{"family":"Noto Sans Tai Le","version":"v17","lastModified":"2022-11-09","category":"sans-serif","kind":"webfonts#webfont","menu":"https://fonts.gstatic.com/s/notosanstaile/v17/vEFK2-VODB8RrNDvZSUmVxEATwR5wtO_Xw.ttf"},{"family":"Noto Sans Tai Tham","version":"v20","lastModified":"2023-09-14","category":"sans-serif","kind":"webfonts#webfont","menu":"https://fonts.gstatic.com/s/notosanstaitham/v20/kJEbBv0U4hgtwxDUw2x9q7tbjLIfbPGHBoaVSAZ3MdLJBCUbDgukzQ.ttf"},{"family":"Noto Sans Tai Viet","version":"v19","lastModified":"2023-09-27","category":"sans-serif","kind":"webfonts#webfont","menu":"https://fonts.gstatic.com/s/notosanstaiviet/v19/8QIUdj3HhN_lv4jf9vsE-9GMOLsaSPZb6oQb.ttf"},{"family":"Noto Sans Takri","version":"v24","lastModified":"2023-10-25","category":"sans-serif","kind":"webfonts#webfont","menu":"https://fonts.gstatic.com/s/notosanstakri/v24/TuGJUVpzXI5FBtUq5a8bnKIOdTwgNeXS.ttf"},{"family":"Noto Sans Tamil","version":"v27","lastModified":"2023-04-27","category":"sans-serif","kind":"webfonts#webfont","menu":"https://fonts.gstatic.com/s/notosanstamil/v27/ieVc2YdFI3GCY6SyQy1KfStzYKZgzN1z4LKDbeZce-0429tBManUktuex7vGo40QoqQ.ttf"},{"family":"Noto Sans Tamil Supplement","version":"v21","lastModified":"2023-06-30","category":"sans-serif","kind":"webfonts#webfont","menu":"https://fonts.gstatic.com/s/notosanstamilsupplement/v21/DdTz78kEtnooLS5rXF1DaruiCd_bFp_Ph4sGcn7ax8vtC-c.ttf"},{"family":"Noto Sans Tangsa","version":"v6","lastModified":"2023-10-25","category":"sans-serif","kind":"webfonts#webfont","menu":"https://fonts.gstatic.com/s/notosanstangsa/v6/z7NCdQPmcigbbZAIOl9igP26K470lICpky0-peX5Qp1YkxoQa94.ttf"},{"family":"Noto Sans TC","version":"v36","lastModified":"2024-07-30","category":"sans-serif","kind":"webfonts#webfont","menu":"https://fonts.gstatic.com/s/notosanstc/v36/-nFuOG829Oofr2wohFbTp9ifNAn722rq0MXz76CyzCtEsg.ttf"},{"family":"Noto Sans Telugu","version":"v26","lastModified":"2023-10-25","category":"sans-serif","kind":"webfonts#webfont","menu":"https://fonts.gstatic.com/s/notosanstelugu/v26/0FlxVOGZlE2Rrtr-HmgkMWJNjJ5_RyT8o8c7fHkeg-esVC5dzHkHIJQqrEntezbaQEzb.ttf"},{"family":"Noto Sans Thaana","version":"v24","lastModified":"2023-11-09","category":"sans-serif","kind":"webfonts#webfont","menu":"https://fonts.gstatic.com/s/notosansthaana/v24/C8c14dM-vnz-s-3jaEsxlxHkBH-WZOETXfoQrfQ9Y4XrbiLglOo.ttf"},{"family":"Noto Sans Thai","version":"v25","lastModified":"2023-10-25","category":"sans-serif","kind":"webfonts#webfont","menu":"https://fonts.gstatic.com/s/notosansthai/v25/iJWnBXeUZi_OHPqn4wq6hQ2_hbJ1xyN9wd43SofNWcd1MKVQt_So_9CdU5RtlzB0RQ.ttf"},{"family":"Noto Sans Thai Looped","version":"v14","lastModified":"2023-04-27","category":"sans-serif","kind":"webfonts#webfont","menu":"https://fonts.gstatic.com/s/notosansthailooped/v14/B50RF6pOpWTRcGrhOVJJ3-oPfY7WQuFu5R3QOqAY.ttf"},{"family":"Noto Sans Tifinagh","version":"v20","lastModified":"2023-09-27","category":"sans-serif","kind":"webfonts#webfont","menu":"https://fonts.gstatic.com/s/notosanstifinagh/v20/I_uzMoCduATTei9eI8dawkHIwvmhCvbX67PA.ttf"},{"family":"Noto Sans Tirhuta","version":"v16","lastModified":"2023-07-24","category":"sans-serif","kind":"webfonts#webfont","menu":"https://fonts.gstatic.com/s/notosanstirhuta/v16/t5t6IQYRNJ6TWjahPR6X-M-apUyby4uHWh8.ttf"},{"family":"Noto Sans Ugaritic","version":"v16","lastModified":"2023-05-23","category":"sans-serif","kind":"webfonts#webfont","menu":"https://fonts.gstatic.com/s/notosansugaritic/v16/3qTwoiqhnSyU8TNFIdhZVCwbjCpkAXXUMxAM.ttf"},{"family":"Noto Sans Vai","version":"v17","lastModified":"2022-09-28","category":"sans-serif","kind":"webfonts#webfont","menu":"https://fonts.gstatic.com/s/notosansvai/v17/NaPecZTSBuhTirw6IaFn_UrUdMXmCA.ttf"},{"family":"Noto Sans Vithkuqi","version":"v1","lastModified":"2023-07-24","category":"sans-serif","kind":"webfonts#webfont","menu":"https://fonts.gstatic.com/s/notosansvithkuqi/v1/jVyi7m77CXvQswd6WjYu9E1wN6cih2TSchUEkQgw3KTnva5SsKIxug.ttf"},{"family":"Noto Sans Wancho","version":"v17","lastModified":"2022-09-28","category":"sans-serif","kind":"webfonts#webfont","menu":"https://fonts.gstatic.com/s/notosanswancho/v17/zrf-0GXXyfn6Fs0lH9P4cUubP0GBmALiog.ttf"},{"family":"Noto Sans Warang Citi","version":"v17","lastModified":"2022-09-28","category":"sans-serif","kind":"webfonts#webfont","menu":"https://fonts.gstatic.com/s/notosanswarangciti/v17/EYqtmb9SzL1YtsZSScyKDXIeOv3w-zgsNvKhpO9G.ttf"},{"family":"Noto Sans Yi","version":"v19","lastModified":"2023-05-02","category":"sans-serif","kind":"webfonts#webfont","menu":"https://fonts.gstatic.com/s/notosansyi/v19/sJoD3LFXjsSdcnzn071rO3aZxFrN.ttf"},{"family":"Noto Sans Zanabazar Square","version":"v19","lastModified":"2023-09-27","category":"sans-serif","kind":"webfonts#webfont","menu":"https://fonts.gstatic.com/s/notosanszanabazarsquare/v19/Cn-jJsuGWQxOjaGwMQ6fOicyxLBEMRfDtkzl4uagQuJwMiU.ttf"},{"family":"Noto Serif","version":"v23","lastModified":"2023-10-25","category":"serif","kind":"webfonts#webfont","menu":"https://fonts.gstatic.com/s/notoserif/v23/ga6iaw1J5X9T9RW6j9bNVls-hfgvz8JcMofYTa32J4wsL2JAlAhZqFCTwccP.ttf"},{"family":"Noto Serif Ahom","version":"v20","lastModified":"2023-11-09","category":"serif","kind":"webfonts#webfont","menu":"https://fonts.gstatic.com/s/notoserifahom/v20/FeVIS0hfp6cprmEUffAW_fUL_ANOw-wv.ttf"},{"family":"Noto Serif Armenian","version":"v27","lastModified":"2023-11-09","category":"serif","kind":"webfonts#webfont","menu":"https://fonts.gstatic.com/s/notoserifarmenian/v27/3XFMEqMt3YoFsciDRZxptyCUKJmytZ0kVU-XvF7QaZuL85rnQ_zDNzDe5xNnKxyZi8Krx__e.ttf"},{"family":"Noto Serif Balinese","version":"v20","lastModified":"2024-07-30","category":"serif","kind":"webfonts#webfont","menu":"https://fonts.gstatic.com/s/notoserifbalinese/v20/QdVKSS0-JginysQSRvuCmUMB_wVeQAxXdbkDcg.ttf"},{"family":"Noto Serif Bengali","version":"v25","lastModified":"2024-11-20","category":"serif","kind":"webfonts#webfont","menu":"https://fonts.gstatic.com/s/notoserifbengali/v25/hYkuPvggTvnzO14VSXltirUdnnkt1pwmWrprmO7RjE0a5BtdATYU1crFaM_5JfcAHkqm6rw.ttf"},{"family":"Noto Serif Devanagari","version":"v30","lastModified":"2024-07-01","category":"serif","kind":"webfonts#webfont","menu":"https://fonts.gstatic.com/s/notoserifdevanagari/v30/x3dYcl3IZKmUqiMk48ZHXJ5jwU-DZGRSaQ4Hh2dGyFzPLcQPVbnRNeFsw0xRWb6uxTA-oz-GO0M.ttf"},{"family":"Noto Serif Display","version":"v24","lastModified":"2023-08-25","category":"serif","kind":"webfonts#webfont","menu":"https://fonts.gstatic.com/s/notoserifdisplay/v24/buERppa9f8_vkXaZLAgP0G5Wi6QmA1QaeYah2sovLCDq_ZgLyt3idQfktOG-PVpd4ugLYjE.ttf"},{"family":"Noto Serif Dogra","version":"v23","lastModified":"2023-11-28","category":"serif","kind":"webfonts#webfont","menu":"https://fonts.gstatic.com/s/notoserifdogra/v23/MQpP-XquKMC7ROPP3QOOlm7xPu3fKy-9JQ.ttf"},{"family":"Noto Serif Ethiopic","version":"v30","lastModified":"2023-09-14","category":"serif","kind":"webfonts#webfont","menu":"https://fonts.gstatic.com/s/notoserifethiopic/v30/V8mjoR7-XjwJ8_Au3Ti5tXj5Rd83frpWLK4d-taxqWw2HMWjDxBAg5S_0QsrggxCzSUTkKm5.ttf"},{"family":"Noto Serif Georgian","version":"v26","lastModified":"2023-11-28","category":"serif","kind":"webfonts#webfont","menu":"https://fonts.gstatic.com/s/notoserifgeorgian/v26/VEMXRpd8s4nv8hG_qOzL7HOAw4nt0Sl_XxyaEduNMvi7T6Y4etRnmGhyLop-R3aSTvovdj70.ttf"},{"family":"Noto Serif Grantha","version":"v21","lastModified":"2024-06-10","category":"serif","kind":"webfonts#webfont","menu":"https://fonts.gstatic.com/s/notoserifgrantha/v21/qkBIXuEH5NzDDvc3fLDYxPk9-Wq3WLiaFUlP.ttf"},{"family":"Noto Serif Gujarati","version":"v27","lastModified":"2023-11-28","category":"serif","kind":"webfonts#webfont","menu":"https://fonts.gstatic.com/s/notoserifgujarati/v27/hESa6WBlOixO-3OJ1FTmTsmqlBRUJBVkcgNLpdsspzP2HuYycLzvOVY.ttf"},{"family":"Noto Serif Gurmukhi","version":"v20","lastModified":"2023-04-27","category":"serif","kind":"webfonts#webfont","menu":"https://fonts.gstatic.com/s/notoserifgurmukhi/v20/92z-tA9LNqsg7tCYlXdCV1VPnAEeDU0vLoYMbylXk0xTCr6-eSTMkKE.ttf"},{"family":"Noto Serif Hebrew","version":"v28","lastModified":"2024-06-10","category":"serif","kind":"webfonts#webfont","menu":"https://fonts.gstatic.com/s/notoserifhebrew/v28/k3k0o9MMPvpLmixYH7euCwmkS9DohjX1-kRyiqyBqIxnoLbp93i9IKrXKF_qVAwSMG41ug.ttf"},{"family":"Noto Serif HK","version":"v9","lastModified":"2024-09-23","category":"serif","kind":"webfonts#webfont","menu":"https://fonts.gstatic.com/s/notoserifhk/v9/BngdUXBETWXI6LwlBZGcqL-B_KuJFcgfwP_9RMd-K1RnXdA.ttf"},{"family":"Noto Serif JP","version":"v30","lastModified":"2024-09-23","category":"serif","kind":"webfonts#webfont","menu":"https://fonts.gstatic.com/s/notoserifjp/v30/xn71YHs72GKoTvER4Gn3b5eMRtWGkp6o7MjQ2bwxOtbBKrc.ttf"},{"family":"Noto Serif Kannada","version":"v27","lastModified":"2023-10-25","category":"serif","kind":"webfonts#webfont","menu":"https://fonts.gstatic.com/s/notoserifkannada/v27/v6-8GZHLJFKIhClqUYqXDiWqpxQxWSPoW6bz-l4hGHiNgcYDQeVD6w.ttf"},{"family":"Noto Serif Khitan Small Script","version":"v4","lastModified":"2024-09-04","category":"serif","kind":"webfonts#webfont","menu":"https://fonts.gstatic.com/s/notoserifkhitansmallscript/v4/jizzRFVKsm4Bt9PrbSzC4KLlQUF5lRJg5j-l5PvyhfTdd4TcZsNf.ttf"},{"family":"Noto Serif Khmer","version":"v25","lastModified":"2023-10-25","category":"serif","kind":"webfonts#webfont","menu":"https://fonts.gstatic.com/s/notoserifkhmer/v25/-F6UfidqLzI2JPCkXAO2hmogq0146FxtbwKEr951z5s6lI40sDRH_AVhUKdN6B8AXUxO.ttf"},{"family":"Noto Serif Khojki","version":"v11","lastModified":"2024-02-02","category":"serif","kind":"webfonts#webfont","menu":"https://fonts.gstatic.com/s/notoserifkhojki/v11/I_uHMoOduATTei9aP90ctmPGxP2rBKTM4mcQ5M3z9QMY0ghfyJcU.ttf"},{"family":"Noto Serif KR","version":"v28","lastModified":"2024-09-23","category":"serif","kind":"webfonts#webfont","menu":"https://fonts.gstatic.com/s/notoserifkr/v28/3JnoSDn90Gmq2mr3blnHaTZXbOtLJDvui3JOncjmeP53658.ttf"},{"family":"Noto Serif Lao","version":"v24","lastModified":"2023-09-27","category":"serif","kind":"webfonts#webfont","menu":"https://fonts.gstatic.com/s/notoseriflao/v24/3y9C6bYwcCjmsU8JEzCMxEwQfEBLk3f0rlSqCdaM_LlSNZ59oNw0BWH8VeMKnvKpkg.ttf"},{"family":"Noto Serif Makasar","version":"v1","lastModified":"2023-06-30","category":"serif","kind":"webfonts#webfont","menu":"https://fonts.gstatic.com/s/notoserifmakasar/v1/memjYbqtyH-NiZpFH_9zcvB_PqkfY9SLjovX.ttf"},{"family":"Noto Serif Malayalam","version":"v28","lastModified":"2023-05-02","category":"serif","kind":"webfonts#webfont","menu":"https://fonts.gstatic.com/s/notoserifmalayalam/v28/JIAZUU5sdmdP_HMcVcZFcH7DeVBeGVgSMEk2cmVDq1ihUXL1t-xvnFYD.ttf"},{"family":"Noto Serif Myanmar","version":"v13","lastModified":"2022-09-28","category":"serif","kind":"webfonts#webfont","menu":"https://fonts.gstatic.com/s/notoserifmyanmar/v13/VuJsdM7F2Yv76aBKKs-bHMQfAHUw3jnFpRDs.ttf"},{"family":"Noto Serif NP Hmong","version":"v1","lastModified":"2022-12-08","category":"serif","kind":"webfonts#webfont","menu":"https://fonts.gstatic.com/s/notoserifnphmong/v1/pONN1gItFMO79E4L1GPUi-2sixKHZyFj9Jy6_KhXPwzdvbjPhGLo1Ok.ttf"},{"family":"Noto Serif Old Uyghur","version":"v4","lastModified":"2024-09-23","category":"serif","kind":"webfonts#webfont","menu":"https://fonts.gstatic.com/s/notoserifolduyghur/v4/v6-KGZbLJFKIhClqUYqXDiGnrVoFRCW6JdwXK-Oa.ttf"},{"family":"Noto Serif Oriya","version":"v4","lastModified":"2023-03-09","category":"serif","kind":"webfonts#webfont","menu":"https://fonts.gstatic.com/s/notoseriforiya/v4/MjQQmj56u-r69izk_LDqWN7w0cYByutv9qeWYrvLaxrc_Ey_tUk.ttf"},{"family":"Noto Serif Ottoman Siyaq","version":"v2","lastModified":"2024-09-04","category":"serif","kind":"webfonts#webfont","menu":"https://fonts.gstatic.com/s/notoserifottomansiyaq/v2/fC1yPZ9IYnzRhTrrc4s8cSvYI0eozzaFOQ01qoH7J7IE.ttf"},{"family":"Noto Serif SC","version":"v31","lastModified":"2024-07-30","category":"serif","kind":"webfonts#webfont","menu":"https://fonts.gstatic.com/s/notoserifsc/v31/H4cyBXePl9DZ0Xe7gG9cyOj7uK2-n-D2rd4FY7SCqxWu-Yo.ttf"},{"family":"Noto Serif Sinhala","version":"v26","lastModified":"2023-05-02","category":"serif","kind":"webfonts#webfont","menu":"https://fonts.gstatic.com/s/notoserifsinhala/v26/DtVEJwinQqclnZE2CnsPug9lgGC3y2F2nehQ7Eg4EdBKWxPiDxMivFLgRXs_-pGxR2Mtz6Y.ttf"},{"family":"Noto Serif Tamil","version":"v28","lastModified":"2023-04-27","category":"serif","kind":"webfonts#webfont","menu":"https://fonts.gstatic.com/s/notoseriftamil/v28/LYjndHr-klIgTfc40komjQ5OObazYp-6H94dBF-RX6nNRJfi-Gf55IgAecattN-h8fbz.ttf"},{"family":"Noto Serif Tangut","version":"v16","lastModified":"2023-05-23","category":"serif","kind":"webfonts#webfont","menu":"https://fonts.gstatic.com/s/notoseriftangut/v16/xn76YGc72GKoTvER4Gn3b4m9Ern7El40d88.ttf"},{"family":"Noto Serif TC","version":"v32","lastModified":"2024-09-23","category":"serif","kind":"webfonts#webfont","menu":"https://fonts.gstatic.com/s/notoseriftc/v32/XLYzIZb5bJNDGYxLBibeHZ0BnHwmuanx8cUaGX9aMNpCM2I.ttf"},{"family":"Noto Serif Telugu","version":"v26","lastModified":"2023-10-25","category":"serif","kind":"webfonts#webfont","menu":"https://fonts.gstatic.com/s/notoseriftelugu/v26/tDbl2pCbnkEKmXNVmt2M1q6f4HWbbj6MRbYEeav7Fe9D9TCAuIeb.ttf"},{"family":"Noto Serif Thai","version":"v24","lastModified":"2023-10-25","category":"serif","kind":"webfonts#webfont","menu":"https://fonts.gstatic.com/s/notoserifthai/v24/k3kyo80MPvpLmixYH7euCxWpSMu3-gcWGj0hHAKGvUQlUv_bCKDUSzB5L0oiF9RQAG8.ttf"},{"family":"Noto Serif Tibetan","version":"v22","lastModified":"2023-03-09","category":"serif","kind":"webfonts#webfont","menu":"https://fonts.gstatic.com/s/notoseriftibetan/v22/gokGH7nwAEdtF9N45n0Vaz7O-pk0wsvxHeDXMfqguoCmIrYcDS_hcQ.ttf"},{"family":"Noto Serif Toto","version":"v5","lastModified":"2024-07-16","category":"serif","kind":"webfonts#webfont","menu":"https://fonts.gstatic.com/s/notoseriftoto/v5/Ktk6ALSMeZjqPnXk1rCkHYHNtwvtHItpjRP74dHhCy3Ip-ep4w.ttf"},{"family":"Noto Serif Vithkuqi","version":"v1","lastModified":"2023-07-24","category":"serif","kind":"webfonts#webfont","menu":"https://fonts.gstatic.com/s/notoserifvithkuqi/v1/YA94r1OY7FjTf5szakutkndpw9HH-4a4z9pklvg1IQSNcRWMdV2DoSs.ttf"},{"family":"Noto Serif Yezidi","version":"v21","lastModified":"2023-07-24","category":"serif","kind":"webfonts#webfont","menu":"https://fonts.gstatic.com/s/notoserifyezidi/v21/XLYPIYr5bJNDGYxLBibeHZAn3B5KJENnQjbfhMSVZspD2yEUr1uN.ttf"},{"family":"Noto Traditional Nushu","version":"v22","lastModified":"2024-12-04","category":"sans-serif","kind":"webfonts#webfont","menu":"https://fonts.gstatic.com/s/nototraditionalnushu/v22/SZcV3EDkJ7q9FaoMPlmF4Su8hlIjoGh5aj67PUZX6ADm6oa8IXus1unOYbA.ttf"},{"family":"Noto Znamenny Musical Notation","version":"v3","lastModified":"2024-09-04","category":"sans-serif","kind":"webfonts#webfont","menu":"https://fonts.gstatic.com/s/notoznamennymusicalnotation/v3/CSRW4ylQnPyaDwAMK1U_AolTaJ4Lz41GcgaIZV9YO2rO88jft5Cu.ttf"},{"family":"Nova Cut","version":"v25","lastModified":"2024-11-20","category":"display","kind":"webfonts#webfont","menu":"https://fonts.gstatic.com/s/novacut/v25/KFOkCnSYu8mL-39LkVxOIzc.ttf"},{"family":"Nova Flat","version":"v25","lastModified":"2024-11-20","category":"display","kind":"webfonts#webfont","menu":"https://fonts.gstatic.com/s/novaflat/v25/QdVUSTc-JgqpytEbVeb0uCFg.ttf"},{"family":"Nova Mono","version":"v21","lastModified":"2024-11-20","category":"monospace","kind":"webfonts#webfont","menu":"https://fonts.gstatic.com/s/novamono/v21/Cn-0JtiGWQ5Ajb--MRKvYWZc.ttf"},{"family":"Nova Oval","version":"v25","lastModified":"2024-11-20","category":"display","kind":"webfonts#webfont","menu":"https://fonts.gstatic.com/s/novaoval/v25/jAnEgHdmANHvPenMaswyMIWl.ttf"},{"family":"Nova Round","version":"v22","lastModified":"2024-11-20","category":"display","kind":"webfonts#webfont","menu":"https://fonts.gstatic.com/s/novaround/v22/flU9Rqquw5UhEnlwTJYTUYbUfQ.ttf"},{"family":"Nova Script","version":"v26","lastModified":"2024-11-20","category":"display","kind":"webfonts#webfont","menu":"https://fonts.gstatic.com/s/novascript/v26/7Au7p_IpkSWSTWaFWkumvlQMGFk.ttf"},{"family":"Nova Slim","version":"v25","lastModified":"2024-11-20","category":"display","kind":"webfonts#webfont","menu":"https://fonts.gstatic.com/s/novaslim/v25/Z9XUDmZNQAuem8jyZcnOycmM.ttf"},{"family":"Nova Square","version":"v25","lastModified":"2024-11-20","category":"display","kind":"webfonts#webfont","menu":"https://fonts.gstatic.com/s/novasquare/v25/RrQUbo9-9DV7b06QHgSWsahBT4c.ttf"},{"family":"NTR","version":"v18","lastModified":"2024-11-20","category":"sans-serif","kind":"webfonts#webfont","menu":"https://fonts.gstatic.com/s/ntr/v18/RLpzK5Xy0ZjSGWJo.ttf"},{"family":"Numans","version":"v15","lastModified":"2024-09-04","category":"sans-serif","kind":"webfonts#webfont","menu":"https://fonts.gstatic.com/s/numans/v15/SlGRmQmGupYAfH84YBIk.ttf"},{"family":"Nunito","version":"v26","lastModified":"2024-09-04","category":"sans-serif","kind":"webfonts#webfont","menu":"https://fonts.gstatic.com/s/nunito/v26/XRXI3I6Li01BKofiOc5wtlZ2di8HDLshdTI3ig.ttf"},{"family":"Nunito Sans","version":"v15","lastModified":"2024-09-04","category":"sans-serif","kind":"webfonts#webfont","menu":"https://fonts.gstatic.com/s/nunitosans/v15/pe1mMImSLYBIv1o4X1M8ce2xCx3yop4tQpF_MeTm0lfGWVpNn64CL7U8upHZIbMV51Q42ptCp5F5bxqqtQ1yiU4G1ilXtVUg.ttf"},{"family":"Nuosu SIL","version":"v10","lastModified":"2024-09-04","category":"sans-serif","kind":"webfonts#webfont","menu":"https://fonts.gstatic.com/s/nuosusil/v10/8vIK7wM3wmRn_kc4uAjuFWZf.ttf"},{"family":"Odibee Sans","version":"v18","lastModified":"2024-09-04","category":"display","kind":"webfonts#webfont","menu":"https://fonts.gstatic.com/s/odibeesans/v18/neIPzCSooYAho6WvjeToRbkzcJU.ttf"},{"family":"Odor Mean Chey","version":"v30","lastModified":"2024-11-20","category":"serif","kind":"webfonts#webfont","menu":"https://fonts.gstatic.com/s/odormeanchey/v30/raxkHiKDttkTe1aOGcJMR1A_4lrZ0T4.ttf"},{"family":"Offside","version":"v24","lastModified":"2024-09-04","category":"display","kind":"webfonts#webfont","menu":"https://fonts.gstatic.com/s/offside/v24/HI_KiYMWKa9QrAykc5DoQg.ttf"},{"family":"Oi","version":"v20","lastModified":"2024-11-20","category":"display","kind":"webfonts#webfont","menu":"https://fonts.gstatic.com/s/oi/v20/w8gXH2EuRptbsNo.ttf"},{"family":"Ojuju","version":"v3","lastModified":"2024-09-04","category":"sans-serif","kind":"webfonts#webfont","menu":"https://fonts.gstatic.com/s/ojuju/v3/7r3bqXF7v9ApbrMih3jYQBVm9-n_SpkJ5mtV.ttf"},{"family":"Old Standard TT","version":"v20","lastModified":"2024-09-04","category":"serif","kind":"webfonts#webfont","menu":"https://fonts.gstatic.com/s/oldstandardtt/v20/MwQubh3o1vLImiwAVvYawgcf2eVerFq9.ttf"},{"family":"Oldenburg","version":"v22","lastModified":"2024-09-04","category":"display","kind":"webfonts#webfont","menu":"https://fonts.gstatic.com/s/oldenburg/v22/fC1jPY5JYWzbywv7c4VKUESs.ttf"},{"family":"Ole","version":"v3","lastModified":"2024-09-04","category":"handwriting","kind":"webfonts#webfont","menu":"https://fonts.gstatic.com/s/ole/v3/dFazZf6Z-rdM9PY-.ttf"},{"family":"Oleo Script","version":"v14","lastModified":"2024-09-04","category":"display","kind":"webfonts#webfont","menu":"https://fonts.gstatic.com/s/oleoscript/v14/rax5HieDvtMOe0iICsUccChbu0o.ttf"},{"family":"Oleo Script Swash Caps","version":"v13","lastModified":"2024-09-04","category":"display","kind":"webfonts#webfont","menu":"https://fonts.gstatic.com/s/oleoscriptswashcaps/v13/Noaj6Vb-w5SFbTTAsZP_7JkCS08K-jCzDn_HAXukTQ.ttf"},{"family":"Onest","version":"v6","lastModified":"2024-09-04","category":"sans-serif","kind":"webfonts#webfont","menu":"https://fonts.gstatic.com/s/onest/v6/gNMZW3F-SZuj7zOT0IfSjTS16cPh9R-psxtI.ttf"},{"family":"Oooh Baby","version":"v4","lastModified":"2024-09-04","category":"handwriting","kind":"webfonts#webfont","menu":"https://fonts.gstatic.com/s/ooohbaby/v4/2sDcZGJWgJTT2Jf76xQzbmW8.ttf"},{"family":"Open Sans","version":"v40","lastModified":"2024-09-04","category":"sans-serif","kind":"webfonts#webfont","menu":"https://fonts.gstatic.com/s/opensans/v40/memSYaGs126MiZpBA-UvWbX2vVnXBbObj2OVZyOOSr4dVJWUgsjZ0B4maVc.ttf"},{"family":"Oranienbaum","version":"v15","lastModified":"2024-09-04","category":"serif","kind":"webfonts#webfont","menu":"https://fonts.gstatic.com/s/oranienbaum/v15/OZpHg_txtzZKMuXLIVrx-0zm5Eg.ttf"},{"family":"Orbit","version":"v1","lastModified":"2024-08-12","category":"sans-serif","kind":"webfonts#webfont","menu":"https://fonts.gstatic.com/s/orbit/v1/_LOCmz7I-uHd2ljFcKM.ttf"},{"family":"Orbitron","version":"v31","lastModified":"2024-09-04","category":"sans-serif","kind":"webfonts#webfont","menu":"https://fonts.gstatic.com/s/orbitron/v31/yMJMMIlzdpvBhQQL_SC3X9yhF25-T1nyGy6Bp2g2.ttf"},{"family":"Oregano","version":"v15","lastModified":"2024-09-04","category":"display","kind":"webfonts#webfont","menu":"https://fonts.gstatic.com/s/oregano/v15/If2IXTPxciS3H4S2oZbVOw.ttf"},{"family":"Orelega One","version":"v12","lastModified":"2024-09-04","category":"display","kind":"webfonts#webfont","menu":"https://fonts.gstatic.com/s/orelegaone/v12/3qTpojOggD2XtAdFb-QXZFt73kM.ttf"},{"family":"Orienta","version":"v15","lastModified":"2024-09-04","category":"sans-serif","kind":"webfonts#webfont","menu":"https://fonts.gstatic.com/s/orienta/v15/PlI9FlK4Jrl5Y9zNSyai8A.ttf"},{"family":"Original Surfer","version":"v23","lastModified":"2024-11-20","category":"display","kind":"webfonts#webfont","menu":"https://fonts.gstatic.com/s/originalsurfer/v23/RWmQoKGZ9vIirYntXJ3_MbekzNMSDUFr.ttf"},{"family":"Oswald","version":"v53","lastModified":"2024-09-04","category":"sans-serif","kind":"webfonts#webfont","menu":"https://fonts.gstatic.com/s/oswald/v53/TK3_WkUHHAIjg75cFRf3bXL8LICs1_FvsUBiYA.ttf"},{"family":"Outfit","version":"v11","lastModified":"2024-09-04","category":"sans-serif","kind":"webfonts#webfont","menu":"https://fonts.gstatic.com/s/outfit/v11/QGYyz_MVcBeNP4NjuGObqx1XmO1I4TC1O4C0Fg.ttf"},{"family":"Over the Rainbow","version":"v21","lastModified":"2024-11-20","category":"handwriting","kind":"webfonts#webfont","menu":"https://fonts.gstatic.com/s/overtherainbow/v21/11haGoXG1k_HKhMLUWz7Mc7vvW5ulvKs8A.ttf"},{"family":"Overlock","version":"v17","lastModified":"2024-09-04","category":"display","kind":"webfonts#webfont","menu":"https://fonts.gstatic.com/s/overlock/v17/Z9XVDmdMWRiN1_T9Z7Tf6Ok.ttf"},{"family":"Overlock SC","version":"v23","lastModified":"2024-09-04","category":"display","kind":"webfonts#webfont","menu":"https://fonts.gstatic.com/s/overlocksc/v23/1cX3aUHKGZrstGAY8nwVzEGBocA.ttf"},{"family":"Overpass","version":"v16","lastModified":"2024-09-30","category":"sans-serif","kind":"webfonts#webfont","menu":"https://fonts.gstatic.com/s/overpass/v16/qFda35WCmI96Ajtm83upeyoaX6QPnlo6_PPbOJqP.ttf"},{"family":"Overpass Mono","version":"v16","lastModified":"2024-09-04","category":"monospace","kind":"webfonts#webfont","menu":"https://fonts.gstatic.com/s/overpassmono/v16/_Xm5-H86tzKDdAPa-KPQZ-AC_COcRycquHlL6EXUonzyVO4.ttf"},{"family":"Ovo","version":"v17","lastModified":"2024-09-04","category":"serif","kind":"webfonts#webfont","menu":"https://fonts.gstatic.com/s/ovo/v17/yYLl0h7WyfzTyo49.ttf"},{"family":"Oxanium","version":"v19","lastModified":"2024-09-04","category":"display","kind":"webfonts#webfont","menu":"https://fonts.gstatic.com/s/oxanium/v19/RrQPboN_4yJ0JmiMUW7sIGjd1IA9G81JfkiND3A.ttf"},{"family":"Oxygen","version":"v15","lastModified":"2024-09-04","category":"sans-serif","kind":"webfonts#webfont","menu":"https://fonts.gstatic.com/s/oxygen/v15/2sDfZG1Wl4LcnbuKiE0j.ttf"},{"family":"Oxygen Mono","version":"v14","lastModified":"2024-09-04","category":"monospace","kind":"webfonts#webfont","menu":"https://fonts.gstatic.com/s/oxygenmono/v14/h0GsssGg9FxgDgCjLeAd7hjex-s.ttf"},{"family":"Pacifico","version":"v22","lastModified":"2024-09-04","category":"handwriting","kind":"webfonts#webfont","menu":"https://fonts.gstatic.com/s/pacifico/v22/FwZY7-Qmy14u9lezJ-6B6Mw.ttf"},{"family":"Padauk","version":"v16","lastModified":"2024-09-04","category":"sans-serif","kind":"webfonts#webfont","menu":"https://fonts.gstatic.com/s/padauk/v16/RrQRboJg-id7OnbxakXk.ttf"},{"family":"Padyakke Expanded One","version":"v6","lastModified":"2024-09-04","category":"serif","kind":"webfonts#webfont","menu":"https://fonts.gstatic.com/s/padyakkeexpandedone/v6/K2FvfY9El_tbR0JfHb6WWvrBaU6XAUvC4IAoOa5g.ttf"},{"family":"Palanquin","version":"v16","lastModified":"2024-11-20","category":"sans-serif","kind":"webfonts#webfont","menu":"https://fonts.gstatic.com/s/palanquin/v16/9XUnlJ90n1fBFg7ceXwcd1tI.ttf"},{"family":"Palanquin Dark","version":"v16","lastModified":"2024-11-20","category":"sans-serif","kind":"webfonts#webfont","menu":"https://fonts.gstatic.com/s/palanquindark/v16/xn75YHgl1nqmANMB-26xC7yuF86PRk4.ttf"},{"family":"Palette Mosaic","version":"v11","lastModified":"2024-08-07","category":"display","kind":"webfonts#webfont","menu":"https://fonts.gstatic.com/s/palettemosaic/v11/AMOIz4aBvWuBFe3TohdW6YZ9MGiz69g.ttf"},{"family":"Pangolin","version":"v11","lastModified":"2024-09-04","category":"handwriting","kind":"webfonts#webfont","menu":"https://fonts.gstatic.com/s/pangolin/v11/cY9GfjGcW0FPpi-tWMfL79k.ttf"},{"family":"Paprika","version":"v21","lastModified":"2022-09-22","category":"display","kind":"webfonts#webfont","menu":"https://fonts.gstatic.com/s/paprika/v21/8QIJdijZitv49rDfiIkErw.ttf"},{"family":"Parisienne","version":"v13","lastModified":"2024-09-04","category":"handwriting","kind":"webfonts#webfont","menu":"https://fonts.gstatic.com/s/parisienne/v13/E21i_d3kivvAkxhLEVZpQy5wCg.ttf"},{"family":"Parkinsans","version":"v1","lastModified":"2024-11-20","category":"sans-serif","kind":"webfonts#webfont","menu":"https://fonts.gstatic.com/s/parkinsans/v1/-W_uXJXvQyPb1QfpBpRrVEgjj0W4zSUk4gTW6S8L8cI.ttf"},{"family":"Passero One","version":"v26","lastModified":"2024-09-04","category":"display","kind":"webfonts#webfont","menu":"https://fonts.gstatic.com/s/passeroone/v26/JTUTjIko8DOq5FeaeEAjgH5A7g4.ttf"},{"family":"Passion One","version":"v18","lastModified":"2024-09-04","category":"display","kind":"webfonts#webfont","menu":"https://fonts.gstatic.com/s/passionone/v18/PbynFmL8HhTPqbjUzux3JEuX9l4.ttf"},{"family":"Passions Conflict","version":"v7","lastModified":"2024-09-04","category":"handwriting","kind":"webfonts#webfont","menu":"https://fonts.gstatic.com/s/passionsconflict/v7/kmKnZrcrFhfafnWX9x0GuEC-zowow6NfaxY.ttf"},{"family":"Pathway Extreme","version":"v3","lastModified":"2024-09-04","category":"sans-serif","kind":"webfonts#webfont","menu":"https://fonts.gstatic.com/s/pathwayextreme/v3/neI6zCC3pJ0rsaH2_sD-QttXPfDPonvkQ-pxx5gufvP2VmLjiFyxGf8BLymNjYv2Oy6vkLmw4xak2N1FKiYz.ttf"},{"family":"Pathway Gothic One","version":"v15","lastModified":"2024-09-04","category":"sans-serif","kind":"webfonts#webfont","menu":"https://fonts.gstatic.com/s/pathwaygothicone/v15/MwQrbgD32-KAvjkYGNUUxAtW7pEBwx-tTVZa.ttf"},{"family":"Patrick Hand","version":"v23","lastModified":"2024-09-04","category":"handwriting","kind":"webfonts#webfont","menu":"https://fonts.gstatic.com/s/patrickhand/v23/LDI1apSQOAYtSuYWp8ZhfYe8WMLO.ttf"},{"family":"Patrick Hand SC","version":"v15","lastModified":"2024-09-04","category":"handwriting","kind":"webfonts#webfont","menu":"https://fonts.gstatic.com/s/patrickhandsc/v15/0nkwC9f7MfsBiWcLtY65AWDK873liCK-.ttf"},{"family":"Pattaya","version":"v16","lastModified":"2024-09-04","category":"sans-serif","kind":"webfonts#webfont","menu":"https://fonts.gstatic.com/s/pattaya/v16/ea8ZadcqV_zkHY-XBdGt8w.ttf"},{"family":"Patua One","version":"v20","lastModified":"2024-09-04","category":"display","kind":"webfonts#webfont","menu":"https://fonts.gstatic.com/s/patuaone/v20/ZXuke1cDvLCKLDcimxB45flr.ttf"},{"family":"Pavanam","version":"v11","lastModified":"2024-09-04","category":"sans-serif","kind":"webfonts#webfont","menu":"https://fonts.gstatic.com/s/pavanam/v11/BXRrvF_aiezLh0xPPOpa8Q.ttf"},{"family":"Paytone One","version":"v23","lastModified":"2024-09-04","category":"sans-serif","kind":"webfonts#webfont","menu":"https://fonts.gstatic.com/s/paytoneone/v23/0nksC9P7MfYHj2oFtYm2ChTrgP4.ttf"},{"family":"Peddana","version":"v23","lastModified":"2024-11-20","category":"serif","kind":"webfonts#webfont","menu":"https://fonts.gstatic.com/s/peddana/v23/aFTU7PBhaX89UcKWthyQAQ.ttf"},{"family":"Peralta","version":"v19","lastModified":"2024-09-04","category":"serif","kind":"webfonts#webfont","menu":"https://fonts.gstatic.com/s/peralta/v19/hYkJPu0-RP_9d3kRKxErqg.ttf"},{"family":"Permanent Marker","version":"v16","lastModified":"2024-09-04","category":"handwriting","kind":"webfonts#webfont","menu":"https://fonts.gstatic.com/s/permanentmarker/v16/Fh4uPib9Iyv2ucM6pGQMWimMp004LauCeg.ttf"},{"family":"Petemoss","version":"v7","lastModified":"2024-09-04","category":"handwriting","kind":"webfonts#webfont","menu":"https://fonts.gstatic.com/s/petemoss/v7/A2BZn5tA2xgtGWHZgykfuqI.ttf"},{"family":"Petit Formal Script","version":"v17","lastModified":"2024-09-04","category":"handwriting","kind":"webfonts#webfont","menu":"https://fonts.gstatic.com/s/petitformalscript/v17/B50TF6xQr2TXJBnGOFME6u5OR83oRP5qkHjgOw.ttf"},{"family":"Petrona","version":"v32","lastModified":"2024-09-04","category":"serif","kind":"webfonts#webfont","menu":"https://fonts.gstatic.com/s/petrona/v32/mtGl4_NXL7bZo9XXq35wRLONYyOjFk6NsTRAFYo.ttf"},{"family":"Phetsarath","version":"v1","lastModified":"2024-11-20","category":"serif","kind":"webfonts#webfont","menu":"https://fonts.gstatic.com/s/phetsarath/v1/N0bQ2SpTP-plK0uWayAYMd_3mQ.ttf"},{"family":"Philosopher","version":"v20","lastModified":"2024-09-04","category":"sans-serif","kind":"webfonts#webfont","menu":"https://fonts.gstatic.com/s/philosopher/v20/vEFV2_5QCwIS4_Dhez5jcWBoT0g.ttf"},{"family":"Phudu","version":"v4","lastModified":"2024-09-04","category":"display","kind":"webfonts#webfont","menu":"https://fonts.gstatic.com/s/phudu/v4/0FlJVPSHk0ya-7OUeO_U-Lwm7PkKtWzkSg-q.ttf"},{"family":"Piazzolla","version":"v36","lastModified":"2024-09-30","category":"serif","kind":"webfonts#webfont","menu":"https://fonts.gstatic.com/s/piazzolla/v36/N0b52SlTPu5rIkWIZjVKKtYtfxYqZ4RJBFzFfYUjkSDdlqZgy7LYxkLz3gU.ttf"},{"family":"Piedra","version":"v25","lastModified":"2024-09-04","category":"display","kind":"webfonts#webfont","menu":"https://fonts.gstatic.com/s/piedra/v25/ke8kOg8aN0Bn7hTenUaD.ttf"},{"family":"Pinyon Script","version":"v22","lastModified":"2024-09-04","category":"handwriting","kind":"webfonts#webfont","menu":"https://fonts.gstatic.com/s/pinyonscript/v22/6xKpdSJbL9-e9LuoeQiDRQR8WOPaPw.ttf"},{"family":"Pirata One","version":"v22","lastModified":"2024-09-04","category":"display","kind":"webfonts#webfont","menu":"https://fonts.gstatic.com/s/pirataone/v22/I_urMpiDvgLdLh0fAtofhimOqw.ttf"},{"family":"Pixelify Sans","version":"v1","lastModified":"2024-09-04","category":"display","kind":"webfonts#webfont","menu":"https://fonts.gstatic.com/s/pixelifysans/v1/CHy2V-3HFUT7aC4iv1TxGDR9DHEserHN25py2TTp0E1ZZZY.ttf"},{"family":"Plaster","version":"v24","lastModified":"2024-09-04","category":"display","kind":"webfonts#webfont","menu":"https://fonts.gstatic.com/s/plaster/v24/DdTm79QatW80eRh4Ii9DPg.ttf"},{"family":"Platypi","version":"v4","lastModified":"2024-09-04","category":"serif","kind":"webfonts#webfont","menu":"https://fonts.gstatic.com/s/platypi/v4/bMromSGU7pMlaX6-PAmuwBQP4Hwe02Jz4q9isRw.ttf"},{"family":"Play","version":"v19","lastModified":"2024-09-04","category":"sans-serif","kind":"webfonts#webfont","menu":"https://fonts.gstatic.com/s/play/v19/6aez4K2oVqwIvtM2Gg.ttf"},{"family":"Playball","version":"v20","lastModified":"2024-09-04","category":"display","kind":"webfonts#webfont","menu":"https://fonts.gstatic.com/s/playball/v20/TK3gWksYAxQ7jbsKcg8Cne8.ttf"},{"family":"Playfair","version":"v2","lastModified":"2024-09-04","category":"serif","kind":"webfonts#webfont","menu":"https://fonts.gstatic.com/s/playfair/v2/0nkQC9D7PO4KhmUJ5_zTZ_4MYQXznAK-TUcZXKO3UMnW6VNpe4-SiiZ4b8h5G3GutPkUeugcqyc.ttf"},{"family":"Playfair Display","version":"v37","lastModified":"2024-09-04","category":"serif","kind":"webfonts#webfont","menu":"https://fonts.gstatic.com/s/playfairdisplay/v37/nuFvD-vYSZviVYUb_rj3ij__anPXJzDwcbmjWBN2PKdFvXDRbtY.ttf"},{"family":"Playfair Display SC","version":"v17","lastModified":"2024-09-04","category":"serif","kind":"webfonts#webfont","menu":"https://fonts.gstatic.com/s/playfairdisplaysc/v17/ke85OhoaMkR6-hSn7kbHVoFf7ZfgMPr_lb8MFQ.ttf"},{"family":"Playpen Sans","version":"v13","lastModified":"2024-08-12","category":"handwriting","kind":"webfonts#webfont","menu":"https://fonts.gstatic.com/s/playpensans/v13/dg43_pj1p6gXP0gzAZgm4c8XQArSU7ACQSn4IvRhinU3EQ.ttf"},{"family":"Playwrite AR","version":"v1","lastModified":"2024-08-12","category":"handwriting","kind":"webfonts#webfont","menu":"https://fonts.gstatic.com/s/playwritear/v1/VEMjRohisJz5pTCzruCNjWbfp_N-aNWqYgKS-ftfmf6OTw.ttf"},{"family":"Playwrite AR Guides","version":"v2","lastModified":"2024-12-10","category":"handwriting","kind":"webfonts#webfont","menu":"https://fonts.gstatic.com/s/playwritearguides/v2/iJWYBWqKZTrYS9uv-Ry6kDf-q_0Xq67mQGQQXw.ttf"},{"family":"Playwrite AT","version":"v1","lastModified":"2024-08-12","category":"handwriting","kind":"webfonts#webfont","menu":"https://fonts.gstatic.com/s/playwriteat/v1/Gw6owc7n6kfJN4fVoKON7HIEBRSfb0U2uGBm2M76R0zGKA.ttf"},{"family":"Playwrite AT Guides","version":"v1","lastModified":"2024-12-10","category":"handwriting","kind":"webfonts#webfont","menu":"https://fonts.gstatic.com/s/playwriteatguides/v1/QdVKSS0gJR2xneUeQPfE-FVA1BlZQRpBdbkDcg.ttf"},{"family":"Playwrite AU NSW","version":"v4","lastModified":"2024-08-12","category":"handwriting","kind":"webfonts#webfont","menu":"https://fonts.gstatic.com/s/playwriteaunsw/v4/6qLWKY4NtxD-qVlIPUIPenElWCCEWRgilpupBXi19xZjMY97Rjk.ttf"},{"family":"Playwrite AU NSW Guides","version":"v1","lastModified":"2024-12-10","category":"handwriting","kind":"webfonts#webfont","menu":"https://fonts.gstatic.com/s/playwriteaunswguides/v1/LDIiao-QNRMmVPcU8-sgUraMF7GZs_1Emk3v8uPab-A.ttf"},{"family":"Playwrite AU QLD","version":"v4","lastModified":"2024-08-12","category":"handwriting","kind":"webfonts#webfont","menu":"https://fonts.gstatic.com/s/playwriteauqld/v4/SlGGmR-Yo5oYZX5BFVcEwSFSOXBRWADAWbgjmLBhA6-yML2eoGk.ttf"},{"family":"Playwrite AU QLD Guides","version":"v1","lastModified":"2024-12-10","category":"handwriting","kind":"webfonts#webfont","menu":"https://fonts.gstatic.com/s/playwriteauqldguides/v1/TuGBUUJtX5tTUfQi_7kbiZZFVhl0FIKnvy00LAxkKTY.ttf"},{"family":"Playwrite AU SA","version":"v4","lastModified":"2024-08-12","category":"handwriting","kind":"webfonts#webfont","menu":"https://fonts.gstatic.com/s/playwriteausa/v4/YcmhsZpNS1SdgmHbGgtRuUElnR3CmSC5bVQVlrclpZgRQuRpDg.ttf"},{"family":"Playwrite AU SA Guides","version":"v1","lastModified":"2024-12-10","category":"handwriting","kind":"webfonts#webfont","menu":"https://fonts.gstatic.com/s/playwriteausaguides/v1/3JnsSCLj03y8jUv7aFWBCCglBaFjl54aVBAojckOOw.ttf"},{"family":"Playwrite AU TAS","version":"v4","lastModified":"2024-08-12","category":"handwriting","kind":"webfonts#webfont","menu":"https://fonts.gstatic.com/s/playwriteautas/v4/GftT7u9QuxsdI_QuuctXue3ElxxmcBb3ih0opvWiLLUEH5K7FFs.ttf"},{"family":"Playwrite AU TAS Guides","version":"v1","lastModified":"2024-12-10","category":"handwriting","kind":"webfonts#webfont","menu":"https://fonts.gstatic.com/s/playwriteautasguides/v1/cY9Vfi6cVk5RvjGtQrLqjozy3ekUDtDMDX-NNgbLJYE.ttf"},{"family":"Playwrite AU VIC","version":"v4","lastModified":"2024-08-12","category":"handwriting","kind":"webfonts#webfont","menu":"https://fonts.gstatic.com/s/playwriteauvic/v4/bWtu7enUfwn0Hf1zjprKOJdcDy8rxwC1ltAeNDAAd4fTaYK1AhY.ttf"},{"family":"Playwrite AU VIC Guides","version":"v1","lastModified":"2024-12-10","category":"handwriting","kind":"webfonts#webfont","menu":"https://fonts.gstatic.com/s/playwriteauvicguides/v1/ll8sK3mEVy6nEMXMskXIZv8owEdZpVIWaQEnuA6E0z4.ttf"},{"family":"Playwrite BE VLG","version":"v1","lastModified":"2024-08-12","category":"handwriting","kind":"webfonts#webfont","menu":"https://fonts.gstatic.com/s/playwritebevlg/v1/GFD8WBdug3mQSvrAT9AL6fd4ZkB-a2sDmg3dy2W0blL8vMCNOCg.ttf"},{"family":"Playwrite BE VLG Guides","version":"v2","lastModified":"2024-12-10","category":"handwriting","kind":"webfonts#webfont","menu":"https://fonts.gstatic.com/s/playwritebevlgguides/v2/EYqjmb1Mz6hO4edaU9qKGFZMDd_Q-zwwK__U1t9HIX0.ttf"},{"family":"Playwrite BE WAL","version":"v1","lastModified":"2024-08-12","category":"handwriting","kind":"webfonts#webfont","menu":"https://fonts.gstatic.com/s/playwritebewal/v1/DtV1Jwq5QbIzyrA6DHdJ2BksuUmanQtEYjAlv96WFsWCGMuhFRg.ttf"},{"family":"Playwrite BE WAL Guides","version":"v1","lastModified":"2024-12-10","category":"handwriting","kind":"webfonts#webfont","menu":"https://fonts.gstatic.com/s/playwritebewalguides/v1/l7gPbiR5yM62ycwevWCt02rrTFoEJvY4kyrrUwHkXpI.ttf"},{"family":"Playwrite BR","version":"v4","lastModified":"2024-08-12","category":"handwriting","kind":"webfonts#webfont","menu":"https://fonts.gstatic.com/s/playwritebr/v4/kJEhBuMK4Q07lDHc2Xp9vYgIp-6D3QEGCpthmFOPJsbpBA.ttf"},{"family":"Playwrite BR Guides","version":"v1","lastModified":"2024-12-10","category":"handwriting","kind":"webfonts#webfont","menu":"https://fonts.gstatic.com/s/playwritebrguides/v1/tssxAohQaiQS-wrnJz-F5CqW4dOezRwpy9YIPw.ttf"},{"family":"Playwrite CA","version":"v4","lastModified":"2024-08-12","category":"handwriting","kind":"webfonts#webfont","menu":"https://fonts.gstatic.com/s/playwriteca/v4/z7NGdR_4cT0NOrEAIElil93uR_VhfhYaYOijHiqvUpyw0A.ttf"},{"family":"Playwrite CA Guides","version":"v1","lastModified":"2024-12-10","category":"handwriting","kind":"webfonts#webfont","menu":"https://fonts.gstatic.com/s/playwritecaguides/v1/MjQamj1kuP_soQ3o-rysO9Ci_8oJlIUUEnYr2Q.ttf"},{"family":"Playwrite CL","version":"v1","lastModified":"2024-08-12","category":"handwriting","kind":"webfonts#webfont","menu":"https://fonts.gstatic.com/s/playwritecl/v1/-zk391m7wssz_XLkGgu8hy3tqrcOhnbf6ForU8JajLu9Cw.ttf"},{"family":"Playwrite CL Guides","version":"v2","lastModified":"2024-12-10","category":"handwriting","kind":"webfonts#webfont","menu":"https://fonts.gstatic.com/s/playwriteclguides/v2/Z9XKDnxTQxyGzOn3eMH-i6Ws0czqkE-hnNtfvw.ttf"},{"family":"Playwrite CO","version":"v6","lastModified":"2024-08-12","category":"handwriting","kind":"webfonts#webfont","menu":"https://fonts.gstatic.com/s/playwriteco/v6/0FlGVP2Hl1iH-fv2BH4kJkgb8vH-rbJPTDqqx7ZIk-ZEFg.ttf"},{"family":"Playwrite CO Guides","version":"v2","lastModified":"2024-12-10","category":"handwriting","kind":"webfonts#webfont","menu":"https://fonts.gstatic.com/s/playwritecoguides/v2/AYCXpWvtftIVXepC5AzjAx1KgYPugOK0fq1ZIw.ttf"},{"family":"Playwrite CU","version":"v1","lastModified":"2024-08-12","category":"handwriting","kind":"webfonts#webfont","menu":"https://fonts.gstatic.com/s/playwritecu/v1/VuJjdNDb2p7tvoFGLMPdf9xcahOpb9ZuoyXseRmxVeXxnw.ttf"},{"family":"Playwrite CU Guides","version":"v1","lastModified":"2024-12-10","category":"handwriting","kind":"webfonts#webfont","menu":"https://fonts.gstatic.com/s/playwritecuguides/v1/c4m81mZtG8v6p3iAoFBJ2dJdu9fWPSaOJosCCQ.ttf"},{"family":"Playwrite CZ","version":"v1","lastModified":"2024-08-12","category":"handwriting","kind":"webfonts#webfont","menu":"https://fonts.gstatic.com/s/playwritecz/v1/8vIa7wYp22pt_BUChSHeVxxlOPUEKoMfap_FCI4bfqX1Ug.ttf"},{"family":"Playwrite CZ Guides","version":"v1","lastModified":"2024-12-10","category":"handwriting","kind":"webfonts#webfont","menu":"https://fonts.gstatic.com/s/playwriteczguides/v1/6qLcKY0NtxD-qVlIPUIPeH4lUQa6B3ZZckoUvg.ttf"},{"family":"Playwrite DE Grund","version":"v4","lastModified":"2024-08-12","category":"handwriting","kind":"webfonts#webfont","menu":"https://fonts.gstatic.com/s/playwritedegrund/v4/EJR-QhwoXdccriFurnRxqv-1MFyKy696-4VufrEGGbTZz2qHVwGePQ.ttf"},{"family":"Playwrite DE Grund Guides","version":"v1","lastModified":"2024-12-10","category":"handwriting","kind":"webfonts#webfont","menu":"https://fonts.gstatic.com/s/playwritedegrundguides/v1/OD5RuNCQ02KrAHnha1L36CWcQ83dtK5BLxqexndub94ZIg.ttf"},{"family":"Playwrite DE LA","version":"v4","lastModified":"2024-08-12","category":"handwriting","kind":"webfonts#webfont","menu":"https://fonts.gstatic.com/s/playwritedela/v4/oY1J8e3fprboJ2HN4ogXTpFVJ8QjJV9p0P4yukst2FnqDgYohA.ttf"},{"family":"Playwrite DE LA Guides","version":"v2","lastModified":"2024-12-10","category":"handwriting","kind":"webfonts#webfont","menu":"https://fonts.gstatic.com/s/playwritedelaguides/v2/1q2XY42fB0V64O4aSe1OjKs_yAXBOfDI5wE52gyG7w.ttf"},{"family":"Playwrite DE SAS","version":"v4","lastModified":"2024-08-12","category":"handwriting","kind":"webfonts#webfont","menu":"https://fonts.gstatic.com/s/playwritedesas/v4/1Pt4g9vaRvmWghDdrE8IDuRPVrHN_1AaFXASpbMqJTeVgt6kQSE.ttf"},{"family":"Playwrite DE SAS Guides","version":"v1","lastModified":"2024-12-10","category":"handwriting","kind":"webfonts#webfont","menu":"https://fonts.gstatic.com/s/playwritedesasguides/v1/8At5GtCjPp-GWR2h9cC6ePzz2l6LJ3VZaPNi16BFfNQ.ttf"},{"family":"Playwrite DE VA","version":"v4","lastModified":"2024-08-12","category":"handwriting","kind":"webfonts#webfont","menu":"https://fonts.gstatic.com/s/playwritedeva/v4/VuJmdNPb2p7tvoFGLMPdeMxGN1pntEMhdK1XfsTyRSySj28pHw.ttf"},{"family":"Playwrite DE VA Guides","version":"v1","lastModified":"2024-12-10","category":"handwriting","kind":"webfonts#webfont","menu":"https://fonts.gstatic.com/s/playwritedevaguides/v1/WwkPxOmkDVqm-ojMLT_kdMUoBpMYm6KTeb28YB5YMQ.ttf"},{"family":"Playwrite DK Loopet","version":"v1","lastModified":"2024-08-12","category":"handwriting","kind":"webfonts#webfont","menu":"https://fonts.gstatic.com/s/playwritedkloopet/v1/memVYbuzy2qb3rtJGfM1FvY-GacDcsPvtaDfqfgbBWmV75JJwdgQsw4.ttf"},{"family":"Playwrite DK Loopet Guides","version":"v1","lastModified":"2024-12-10","category":"handwriting","kind":"webfonts#webfont","menu":"https://fonts.gstatic.com/s/playwritedkloopetguides/v1/4iC46LlmYsRPlQ1zDEvT8weoW-sI8-h9xxN83W-Cb6tnGFw.ttf"},{"family":"Playwrite DK Uloopet","version":"v1","lastModified":"2024-08-12","category":"handwriting","kind":"webfonts#webfont","menu":"https://fonts.gstatic.com/s/playwritedkuloopet/v1/bWtS7e3Ufwn0Hf1zjprKPYlcDAoHknvYFjqIh8PF6jwcP5K06lUbKOPk.ttf"},{"family":"Playwrite DK Uloopet Guides","version":"v1","lastModified":"2024-12-10","category":"handwriting","kind":"webfonts#webfont","menu":"https://fonts.gstatic.com/s/playwritedkuloopetguides/v1/WwkKxOSkDVqm-ojMLT_kdMsoBb5Xs6efafiIBXYcVHkFb4Vf.ttf"},{"family":"Playwrite ES","version":"v4","lastModified":"2024-08-12","category":"handwriting","kind":"webfonts#webfont","menu":"https://fonts.gstatic.com/s/playwritees/v4/kJEhBuMK4Q07lDHc2Xp9uokIp-6D3QEGCpthmFOPJsbpBA.ttf"},{"family":"Playwrite ES Deco","version":"v4","lastModified":"2024-08-12","category":"handwriting","kind":"webfonts#webfont","menu":"https://fonts.gstatic.com/s/playwriteesdeco/v4/7AuWp-g3kjKKGkePXEf2jxctfDxlvGM7-RllW8uEsjJ4yrdBOAVt.ttf"},{"family":"Playwrite ES Deco Guides","version":"v1","lastModified":"2024-12-10","category":"handwriting","kind":"webfonts#webfont","menu":"https://fonts.gstatic.com/s/playwriteesdecoguides/v1/flUrRriwwII5RVl2TZ1XBNTUOYY6ZzZzwPCEKtwaYUaH.ttf"},{"family":"Playwrite ES Guides","version":"v1","lastModified":"2024-12-10","category":"handwriting","kind":"webfonts#webfont","menu":"https://fonts.gstatic.com/s/playwriteesguides/v1/VuJtdM_b2p7tvoFGLMPdedpGJm402y6mtDHMeQ.ttf"},{"family":"Playwrite FR Moderne","version":"v4","lastModified":"2024-08-12","category":"handwriting","kind":"webfonts#webfont","menu":"https://fonts.gstatic.com/s/playwritefrmoderne/v4/3y9L6awucz3w5m4FFTzKolJRXhUk_u1yWtWmFCJcqUBvK5aJuAKfA1T8.ttf"},{"family":"Playwrite FR Moderne Guides","version":"v2","lastModified":"2024-12-10","category":"handwriting","kind":"webfonts#webfont","menu":"https://fonts.gstatic.com/s/playwritefrmoderneguides/v2/CSRr4yxOn-mMWCgLPl16KrUKBbwa2ZZLdkrvXllIP223nYbP.ttf"},{"family":"Playwrite FR Trad","version":"v6","lastModified":"2024-08-12","category":"handwriting","kind":"webfonts#webfont","menu":"https://fonts.gstatic.com/s/playwritefrtrad/v6/sJot3KxJjdGLJV3vyatrJE2pkQisWWMBP23HSIVI5tvAogv9d9Wb.ttf"},{"family":"Playwrite FR Trad Guides","version":"v1","lastModified":"2024-12-10","category":"handwriting","kind":"webfonts#webfont","menu":"https://fonts.gstatic.com/s/playwritefrtradguides/v1/l7gMbit5yM62ycwevWCt133rT2kpYpEKjyfqRWL1f7KT.ttf"},{"family":"Playwrite GB J","version":"v4","lastModified":"2024-08-12","category":"handwriting","kind":"webfonts#webfont","menu":"https://fonts.gstatic.com/s/playwritegbj/v4/k3kEo8wSPe9dzQ1UGbvobAPhY5iG-fsubxedDheGdc93adTT.ttf"},{"family":"Playwrite GB J Guides","version":"v2","lastModified":"2024-12-10","category":"handwriting","kind":"webfonts#webfont","menu":"https://fonts.gstatic.com/s/playwritegbjguides/v2/CSRh4yJOn-mMWCgLPl16K6UKAvM5yY1Bdhm4KhAs.ttf"},{"family":"Playwrite GB S","version":"v5","lastModified":"2024-08-12","category":"handwriting","kind":"webfonts#webfont","menu":"https://fonts.gstatic.com/s/playwritegbs/v5/oPWb_kFkk-s1Xclhmlemy7jsNQR8TohGU_DTHWU6uhDMxp2I.ttf"},{"family":"Playwrite GB S Guides","version":"v1","lastModified":"2024-12-10","category":"handwriting","kind":"webfonts#webfont","menu":"https://fonts.gstatic.com/s/playwritegbsguides/v1/0FlKVOSHl1iH-fv2BH4kIkUBqtlNCEaQLly6xl4L.ttf"},{"family":"Playwrite HR","version":"v1","lastModified":"2024-08-12","category":"handwriting","kind":"webfonts#webfont","menu":"https://fonts.gstatic.com/s/playwritehr/v1/WWXAljmQYQCZM5qaU_dwQYcybAQ7GFn1mFNJPsoBxYDdBA.ttf"},{"family":"Playwrite HR Guides","version":"v1","lastModified":"2024-12-10","category":"handwriting","kind":"webfonts#webfont","menu":"https://fonts.gstatic.com/s/playwritehrguides/v1/6NUK8EedKwOcfRjj8ukv_L4kjqAoGrjdamE-9g.ttf"},{"family":"Playwrite HR Lijeva","version":"v1","lastModified":"2024-08-12","category":"handwriting","kind":"webfonts#webfont","menu":"https://fonts.gstatic.com/s/playwritehrlijeva/v1/gNMvW2dhS5-p7HvxrBYiWN2SsKqLWCrYiDBAvbRl82ZY0d4zBvaVwYs.ttf"},{"family":"Playwrite HR Lijeva Guides","version":"v1","lastModified":"2024-12-10","category":"handwriting","kind":"webfonts#webfont","menu":"https://fonts.gstatic.com/s/playwritehrlijevaguides/v1/uU9aCAgH7I63K35cu3bRkqamzjr8EW133LJaXDO-QNbgijw.ttf"},{"family":"Playwrite HU","version":"v1","lastModified":"2024-08-12","category":"handwriting","kind":"webfonts#webfont","menu":"https://fonts.gstatic.com/s/playwritehu/v1/A2BIn59A0g0xA3zDhFw-0vfPWJtlaFKmrETx1PL6fOyXGw.ttf"},{"family":"Playwrite HU Guides","version":"v1","lastModified":"2024-12-10","category":"handwriting","kind":"webfonts#webfont","menu":"https://fonts.gstatic.com/s/playwritehuguides/v1/AYCXpWvtftIVXepC5AzjCAdKgYPugOK0fq1ZIw.ttf"},{"family":"Playwrite ID","version":"v4","lastModified":"2024-08-12","category":"handwriting","kind":"webfonts#webfont","menu":"https://fonts.gstatic.com/s/playwriteid/v4/Cn-kJt2YWhlY2oC4KxifKQJmrtrRm-sKkQqUl0-RN_NREg.ttf"},{"family":"Playwrite ID Guides","version":"v1","lastModified":"2024-12-10","category":"handwriting","kind":"webfonts#webfont","menu":"https://fonts.gstatic.com/s/playwriteidguides/v1/MjQamj1kuP_soQ3o-rysMdWi_8oJlIUUEnYr2Q.ttf"},{"family":"Playwrite IE","version":"v4","lastModified":"2024-08-12","category":"handwriting","kind":"webfonts#webfont","menu":"https://fonts.gstatic.com/s/playwriteie/v4/fC1zPYtWYWnH0hvndYd6GCGWXCAxfsUebXFMyzioNpMk2w.ttf"},{"family":"Playwrite IE Guides","version":"v1","lastModified":"2024-12-10","category":"handwriting","kind":"webfonts#webfont","menu":"https://fonts.gstatic.com/s/playwriteieguides/v1/LhW5MULFNP8PI-1UADw_Kbp9daTx5ovUWNspMw.ttf"},{"family":"Playwrite IN","version":"v4","lastModified":"2024-08-12","category":"handwriting","kind":"webfonts#webfont","menu":"https://fonts.gstatic.com/s/playwritein/v4/uk-xEGGpoLQ97mfv2J3cZzuz7CyEJhPw65lkM7mMAR4t2w.ttf"},{"family":"Playwrite IN Guides","version":"v1","lastModified":"2024-12-10","category":"handwriting","kind":"webfonts#webfont","menu":"https://fonts.gstatic.com/s/playwriteinguides/v1/GFD2WBRug3mQSvrAT9AL4vx4d3lQNQV4ftxgcA.ttf"},{"family":"Playwrite IS","version":"v3","lastModified":"2024-08-12","category":"handwriting","kind":"webfonts#webfont","menu":"https://fonts.gstatic.com/s/playwriteis/v3/JTUFjI4o_SGg9lecLGptrD17xQYXK0vOoz6jq6R9WX50ow.ttf"},{"family":"Playwrite IS Guides","version":"v1","lastModified":"2024-12-10","category":"handwriting","kind":"webfonts#webfont","menu":"https://fonts.gstatic.com/s/playwriteisguides/v1/5aUp9-GkphaVExwxdX6SwWF-uigk3Cglnm5jsw.ttf"},{"family":"Playwrite IT Moderna","version":"v4","lastModified":"2024-08-12","category":"handwriting","kind":"webfonts#webfont","menu":"https://fonts.gstatic.com/s/playwriteitmoderna/v4/mFTbWaYCwKPK5cx6W8jy2kwDnSUe9q45vQQi5HMFnSdEx2F5WihMuLzb.ttf"},{"family":"Playwrite IT Moderna Guides","version":"v1","lastModified":"2024-12-10","category":"handwriting","kind":"webfonts#webfont","menu":"https://fonts.gstatic.com/s/playwriteitmodernaguides/v1/2sDKZHBJg5rCj6fz_QgDJhGcTtJ5AVu-1w5jRQjRv9q_pe9p.ttf"},{"family":"Playwrite IT Trad","version":"v4","lastModified":"2024-08-12","category":"handwriting","kind":"webfonts#webfont","menu":"https://fonts.gstatic.com/s/playwriteittrad/v4/SlG5mR6Yo5oYZX5BFVcEySBSPE50BjHDpZxuvgxzFq96u-6PgUlJ.ttf"},{"family":"Playwrite IT Trad Guides","version":"v2","lastModified":"2024-12-10","category":"handwriting","kind":"webfonts#webfont","menu":"https://fonts.gstatic.com/s/playwriteittradguides/v2/SlGDmReYo5oYZX5BFVcEySBSPE50BiuP2AHaRsRkAo96.ttf"},{"family":"Playwrite MX","version":"v4","lastModified":"2024-08-12","category":"handwriting","kind":"webfonts#webfont","menu":"https://fonts.gstatic.com/s/playwritemx/v4/6xK9dSNbKtCe7KfhXg7RYSwyQ-oO7xNblyJr9wnd1xcVWA.ttf"},{"family":"Playwrite MX Guides","version":"v1","lastModified":"2024-12-10","category":"handwriting","kind":"webfonts#webfont","menu":"https://fonts.gstatic.com/s/playwritemxguides/v1/k3kMo9ESPe9dzQ1UGbvoZhnhbtfklWqN4q26Gw.ttf"},{"family":"Playwrite NG Modern","version":"v4","lastModified":"2024-08-12","category":"handwriting","kind":"webfonts#webfont","menu":"https://fonts.gstatic.com/s/playwritengmodern/v4/ijw-s4b2R9Qve5V5lNJb_yRhEfSep5NbFCKmKgoEeCA4V17tPDbj7m8.ttf"},{"family":"Playwrite NG Modern Guides","version":"v1","lastModified":"2024-12-10","category":"handwriting","kind":"webfonts#webfont","menu":"https://fonts.gstatic.com/s/playwritengmodernguides/v1/6qLVKYQNtxD-qVlIPUIPdWMlWxy3BmFEQgxB1xvFhAaqUp8.ttf"},{"family":"Playwrite NL","version":"v3","lastModified":"2024-08-12","category":"handwriting","kind":"webfonts#webfont","menu":"https://fonts.gstatic.com/s/playwritenl/v3/k3kCo84SPe9dzQ1UGbvoZQ37Iqp5IZJF9bmaG9_FrY1HaA.ttf"},{"family":"Playwrite NL Guides","version":"v1","lastModified":"2024-12-10","category":"handwriting","kind":"webfonts#webfont","menu":"https://fonts.gstatic.com/s/playwritenlguides/v1/FwZH7_8mxlw-50y5PJughoCL4jbXkMqwgWOMOw.ttf"},{"family":"Playwrite NO","version":"v3","lastModified":"2024-08-12","category":"handwriting","kind":"webfonts#webfont","menu":"https://fonts.gstatic.com/s/playwriteno/v3/nuFrD_fYSZviRJYb-P2TrQO1DRpazaZDgnw-49wgLKat_g.ttf"},{"family":"Playwrite NO Guides","version":"v1","lastModified":"2024-12-10","category":"handwriting","kind":"webfonts#webfont","menu":"https://fonts.gstatic.com/s/playwritenoguides/v1/DPEwYx-Cyg4cQ2aAcFshOLL79zJKccqHS26T3g.ttf"},{"family":"Playwrite NZ","version":"v4","lastModified":"2024-08-12","category":"handwriting","kind":"webfonts#webfont","menu":"https://fonts.gstatic.com/s/playwritenz/v4/d6lakaOxRsyr_zZDmUYvh2TW3NCQVvjKPjPjngAUSRpzhA.ttf"},{"family":"Playwrite NZ Guides","version":"v1","lastModified":"2024-12-10","category":"handwriting","kind":"webfonts#webfont","menu":"https://fonts.gstatic.com/s/playwritenzguides/v1/t5t8IQQPN4uFDRepJwiX4vzIikyGzv71ah47rw.ttf"},{"family":"Playwrite PE","version":"v1","lastModified":"2024-08-12","category":"handwriting","kind":"webfonts#webfont","menu":"https://fonts.gstatic.com/s/playwritepe/v1/FwZJ7-Amxlw-50y5PJugmImRrktKJDJ4lnesO2ltfPDPcg.ttf"},{"family":"Playwrite PE Guides","version":"v1","lastModified":"2024-12-10","category":"handwriting","kind":"webfonts#webfont","menu":"https://fonts.gstatic.com/s/playwritepeguides/v1/AMONz5uBsGadFuvf9j8ZyqI0FA3br70w8y2Kkg.ttf"},{"family":"Playwrite PL","version":"v3","lastModified":"2024-08-12","category":"handwriting","kind":"webfonts#webfont","menu":"https://fonts.gstatic.com/s/playwritepl/v3/0QIyMXVf_4C2VH-yUr5uz72U-LQiKJ_9tb1WmRfbxZ2RTw.ttf"},{"family":"Playwrite PL Guides","version":"v1","lastModified":"2024-12-10","category":"handwriting","kind":"webfonts#webfont","menu":"https://fonts.gstatic.com/s/playwriteplguides/v1/jVyW7m_lCm7G5CZyQCAu8mgkGLk-kmibaRzQQQ.ttf"},{"family":"Playwrite PT","version":"v3","lastModified":"2024-08-12","category":"handwriting","kind":"webfonts#webfont","menu":"https://fonts.gstatic.com/s/playwritept/v3/6NUE8FidKwOcfRjj8ukv5Lg-wt21rkAVfXUe9qDiffNnug.ttf"},{"family":"Playwrite PT Guides","version":"v2","lastModified":"2024-12-10","category":"handwriting","kind":"webfonts#webfont","menu":"https://fonts.gstatic.com/s/playwriteptguides/v2/sJoY3K5JjdGLJV3vyatrMkupgg-kWTx5J5g31Q.ttf"},{"family":"Playwrite RO","version":"v3","lastModified":"2024-08-12","category":"handwriting","kind":"webfonts#webfont","menu":"https://fonts.gstatic.com/s/playwritero/v3/gok8H6fuA1J7QPJ04HFTGSWdk_S0czhwEf0j4a9YrZSGIg.ttf"},{"family":"Playwrite RO Guides","version":"v1","lastModified":"2024-12-10","category":"handwriting","kind":"webfonts#webfont","menu":"https://fonts.gstatic.com/s/playwriteroguides/v1/wlptgx7ZCE50snmWiOExiylvL10_b5YmzLFnfw.ttf"},{"family":"Playwrite SK","version":"v3","lastModified":"2024-08-12","category":"handwriting","kind":"webfonts#webfont","menu":"https://fonts.gstatic.com/s/playwritesk/v3/9XU3lJp0klrZDw3AZHcsJTByz7latrF9yDIlf-2cjsK5cA.ttf"},{"family":"Playwrite SK Guides","version":"v1","lastModified":"2024-12-10","category":"handwriting","kind":"webfonts#webfont","menu":"https://fonts.gstatic.com/s/playwriteskguides/v1/P5sezYaSYdfH5z93kEFk3tyPlqxeQeo_FzvkXQ.ttf"},{"family":"Playwrite TZ","version":"v4","lastModified":"2024-08-12","category":"handwriting","kind":"webfonts#webfont","menu":"https://fonts.gstatic.com/s/playwritetz/v4/RLptK5rs6au7bzABmVQAOwnUbvHMbzSUU27JDWwTiexIPw.ttf"},{"family":"Playwrite TZ Guides","version":"v1","lastModified":"2024-12-10","category":"handwriting","kind":"webfonts#webfont","menu":"https://fonts.gstatic.com/s/playwritetzguides/v1/SLXUc0_L5XEkcjBPGvusk4lULgsM9U5_UQ232A.ttf"},{"family":"Playwrite US Modern","version":"v4","lastModified":"2024-08-12","category":"handwriting","kind":"webfonts#webfont","menu":"https://fonts.gstatic.com/s/playwriteusmodern/v4/H4cMBWmRlMXPhla3hmMaveiYz8nSDkIFLNIYl2TXUwK62YohNj2CYUY.ttf"},{"family":"Playwrite US Modern Guides","version":"v1","lastModified":"2024-12-10","category":"handwriting","kind":"webfonts#webfont","menu":"https://fonts.gstatic.com/s/playwriteusmodernguides/v1/0QI1MWNf_4C2VH-yUr5uyqKOvtOynXAoku8j8Lv9poywbw8.ttf"},{"family":"Playwrite US Trad","version":"v4","lastModified":"2024-08-12","category":"handwriting","kind":"webfonts#webfont","menu":"https://fonts.gstatic.com/s/playwriteustrad/v4/fdNX9tyHsnVPjW9trmV7wQ0stdwRBYclCsCdzOb1-cd1E8tQjqib.ttf"},{"family":"Playwrite US Trad Guides","version":"v1","lastModified":"2024-12-10","category":"handwriting","kind":"webfonts#webfont","menu":"https://fonts.gstatic.com/s/playwriteustradguides/v1/-zk29027wssz_XLkGgu8kTL39c2bMssjmiZPNnkJnZqd.ttf"},{"family":"Playwrite VN","version":"v4","lastModified":"2024-08-12","category":"handwriting","kind":"webfonts#webfont","menu":"https://fonts.gstatic.com/s/playwritevn/v4/mtGo4_hXJqPSu8nf5RBY5i0q0yxCxtP-9TFBNUI9I-5NOQ.ttf"},{"family":"Playwrite VN Guides","version":"v1","lastModified":"2024-12-10","category":"handwriting","kind":"webfonts#webfont","menu":"https://fonts.gstatic.com/s/playwritevnguides/v1/JIAvUUlydXJZq1IQU8oDBn2CUkROHFEATXIdeg.ttf"},{"family":"Playwrite ZA","version":"v4","lastModified":"2024-08-12","category":"handwriting","kind":"webfonts#webfont","menu":"https://fonts.gstatic.com/s/playwriteza/v4/Noag6Uzhw5CTOhXKt5-vwvhrNyaNQo1LaBq0EbLHXYQmmw.ttf"},{"family":"Playwrite ZA Guides","version":"v1","lastModified":"2024-12-10","category":"handwriting","kind":"webfonts#webfont","menu":"https://fonts.gstatic.com/s/playwritezaguides/v1/O4ZOFHPsmxlhCg3-iycDyEwy0BT1ribk6HHiDA.ttf"},{"family":"Plus Jakarta Sans","version":"v8","lastModified":"2024-09-04","category":"sans-serif","kind":"webfonts#webfont","menu":"https://fonts.gstatic.com/s/plusjakartasans/v8/LDIbaomQNQcsA88c7O9yZ4KMCoOg4IA6-91aHEjcWuA_qU79Sx_Q.ttf"},{"family":"Podkova","version":"v31","lastModified":"2024-09-04","category":"serif","kind":"webfonts#webfont","menu":"https://fonts.gstatic.com/s/podkova/v31/K2FufZ1EmftJSV9VQpXb1lo9vC3nZWtFzfU5GI4.ttf"},{"family":"Poetsen One","version":"v3","lastModified":"2024-09-04","category":"display","kind":"webfonts#webfont","menu":"https://fonts.gstatic.com/s/poetsenone/v3/ke8hOgIaMUB37xCgvCntWuIuofY.ttf"},{"family":"Poiret One","version":"v16","lastModified":"2024-09-04","category":"display","kind":"webfonts#webfont","menu":"https://fonts.gstatic.com/s/poiretone/v16/UqyVK80NJXN4zfRgbdfbo5hcUg.ttf"},{"family":"Poller One","version":"v23","lastModified":"2024-09-04","category":"display","kind":"webfonts#webfont","menu":"https://fonts.gstatic.com/s/pollerone/v23/ahccv82n0TN3gia5E4BuR-hRhQ.ttf"},{"family":"Poltawski Nowy","version":"v2","lastModified":"2024-09-04","category":"serif","kind":"webfonts#webfont","menu":"https://fonts.gstatic.com/s/poltawskinowy/v2/flUsRq6ww480U1xsUpFXD-iDBNlSAOLkKCLnWq8KqCWXDCSR.ttf"},{"family":"Poly","version":"v17","lastModified":"2024-11-20","category":"serif","kind":"webfonts#webfont","menu":"https://fonts.gstatic.com/s/poly/v17/MQpb-W6wKNitdLGKrw.ttf"},{"family":"Pompiere","version":"v19","lastModified":"2024-09-04","category":"display","kind":"webfonts#webfont","menu":"https://fonts.gstatic.com/s/pompiere/v19/VEMyRoxis5Dwuyeov5Ws7DQ.ttf"},{"family":"Ponnala","version":"v2","lastModified":"2024-11-20","category":"display","kind":"webfonts#webfont","menu":"https://fonts.gstatic.com/s/ponnala/v2/w8gaH2QxQOU08bbbnQqn3A.ttf"},{"family":"Pontano Sans","version":"v17","lastModified":"2024-09-04","category":"sans-serif","kind":"webfonts#webfont","menu":"https://fonts.gstatic.com/s/pontanosans/v17/qFdW35GdgYR8EzR6oBLDHa3wyRf8W8eBM6XLOXLMrceGow.ttf"},{"family":"Poor Story","version":"v23","lastModified":"2024-11-20","category":"display","kind":"webfonts#webfont","menu":"https://fonts.gstatic.com/s/poorstory/v23/jizfREFUsnUct9P6cDfd0OitKA.ttf"},{"family":"Poppins","version":"v22","lastModified":"2024-12-04","category":"sans-serif","kind":"webfonts#webfont","menu":"https://fonts.gstatic.com/s/poppins/v22/pxiEyp8kv8JHgFVrJJHedw.ttf"},{"family":"Port Lligat Sans","version":"v22","lastModified":"2024-09-04","category":"sans-serif","kind":"webfonts#webfont","menu":"https://fonts.gstatic.com/s/portlligatsans/v22/kmKmZrYrGBbdN1aV7Vokow6Lw4s4p7J-Sw.ttf"},{"family":"Port Lligat Slab","version":"v25","lastModified":"2024-09-04","category":"serif","kind":"webfonts#webfont","menu":"https://fonts.gstatic.com/s/portlligatslab/v25/LDIpaoiQNgArA8kR7ulhZ8P_NYOsg7sR8w.ttf"},{"family":"Potta One","version":"v18","lastModified":"2024-12-04","category":"display","kind":"webfonts#webfont","menu":"https://fonts.gstatic.com/s/pottaone/v18/FeVSS05Bp6cy7xI-Yfxg3JRj.ttf"},{"family":"Pragati Narrow","version":"v14","lastModified":"2024-12-04","category":"sans-serif","kind":"webfonts#webfont","menu":"https://fonts.gstatic.com/s/pragatinarrow/v14/vm8vdRf0T0bS1ffgsPB7WZ-mD27-wNc.ttf"},{"family":"Praise","version":"v7","lastModified":"2024-09-04","category":"handwriting","kind":"webfonts#webfont","menu":"https://fonts.gstatic.com/s/praise/v7/qkBUXvUZ-cnFXcFCD_m-.ttf"},{"family":"Prata","version":"v20","lastModified":"2024-09-04","category":"serif","kind":"webfonts#webfont","menu":"https://fonts.gstatic.com/s/prata/v20/6xKhdSpbNNCT-sWJCms.ttf"},{"family":"Preahvihear","version":"v30","lastModified":"2024-12-04","category":"sans-serif","kind":"webfonts#webfont","menu":"https://fonts.gstatic.com/s/preahvihear/v30/6NUS8F-dNQeEYhzj7uluxvwF6dU.ttf"},{"family":"Press Start 2P","version":"v15","lastModified":"2024-09-04","category":"display","kind":"webfonts#webfont","menu":"https://fonts.gstatic.com/s/pressstart2p/v15/e3t4euO8T-267oIAQAu6jDQyK3nTivY.ttf"},{"family":"Pridi","version":"v13","lastModified":"2024-09-04","category":"serif","kind":"webfonts#webfont","menu":"https://fonts.gstatic.com/s/pridi/v13/2sDQZG5JnZLfkcWbqW0.ttf"},{"family":"Princess Sofia","version":"v25","lastModified":"2024-09-04","category":"handwriting","kind":"webfonts#webfont","menu":"https://fonts.gstatic.com/s/princesssofia/v25/qWczB6yguIb8DZ_GXZst16n7GSz6kjE.ttf"},{"family":"Prociono","version":"v26","lastModified":"2024-09-04","category":"serif","kind":"webfonts#webfont","menu":"https://fonts.gstatic.com/s/prociono/v26/r05YGLlR-KxAf9GGO_uowjI.ttf"},{"family":"Prompt","version":"v10","lastModified":"2024-09-04","category":"sans-serif","kind":"webfonts#webfont","menu":"https://fonts.gstatic.com/s/prompt/v10/-W__XJnvUD7dzB2KZtoY.ttf"},{"family":"Prosto One","version":"v19","lastModified":"2024-09-04","category":"display","kind":"webfonts#webfont","menu":"https://fonts.gstatic.com/s/prostoone/v19/OpNJno4VhNfK-RgpwWWxlitVXg.ttf"},{"family":"Protest Guerrilla","version":"v2","lastModified":"2024-09-04","category":"display","kind":"webfonts#webfont","menu":"https://fonts.gstatic.com/s/protestguerrilla/v2/Qw3HZR5PDSL6K3irtrY-VJB2YzARHW0lqps.ttf"},{"family":"Protest Revolution","version":"v2","lastModified":"2024-09-04","category":"display","kind":"webfonts#webfont","menu":"https://fonts.gstatic.com/s/protestrevolution/v2/11hcGofZ0kXBbxQXFB7MJsjtqnVw6Z2c8fg3.ttf"},{"family":"Protest Riot","version":"v2","lastModified":"2024-09-04","category":"display","kind":"webfonts#webfont","menu":"https://fonts.gstatic.com/s/protestriot/v2/d6lPkaOxWMKm7TdezXFmpkr81vhk.ttf"},{"family":"Protest Strike","version":"v2","lastModified":"2024-09-04","category":"display","kind":"webfonts#webfont","menu":"https://fonts.gstatic.com/s/proteststrike/v2/0QI5MXdf4Y67Rn6vBog67ZjFlqzX2AI.ttf"},{"family":"Proza Libre","version":"v9","lastModified":"2024-09-04","category":"sans-serif","kind":"webfonts#webfont","menu":"https://fonts.gstatic.com/s/prozalibre/v9/LYjGdGHgj0k1DIQRyUEyyEoudN8.ttf"},{"family":"PT Mono","version":"v13","lastModified":"2024-08-12","category":"monospace","kind":"webfonts#webfont","menu":"https://fonts.gstatic.com/s/ptmono/v13/9oRONYoBnWILk-9AnCkzNg.ttf"},{"family":"PT Sans","version":"v17","lastModified":"2024-08-12","category":"sans-serif","kind":"webfonts#webfont","menu":"https://fonts.gstatic.com/s/ptsans/v17/jizaRExUiTo99u79D0SEwA.ttf"},{"family":"PT Sans Caption","version":"v19","lastModified":"2024-08-12","category":"sans-serif","kind":"webfonts#webfont","menu":"https://fonts.gstatic.com/s/ptsanscaption/v19/0FlMVP6Hrxmt7-fsUFhlFXNIlpcafA_0.ttf"},{"family":"PT Sans Narrow","version":"v18","lastModified":"2024-08-12","category":"sans-serif","kind":"webfonts#webfont","menu":"https://fonts.gstatic.com/s/ptsansnarrow/v18/BngRUXNadjH0qYEzV7ab-oWlsbCAwRg.ttf"},{"family":"PT Serif","version":"v18","lastModified":"2024-08-12","category":"serif","kind":"webfonts#webfont","menu":"https://fonts.gstatic.com/s/ptserif/v18/EJRVQgYoZZY2vCFuvAFQzro.ttf"},{"family":"PT Serif Caption","version":"v17","lastModified":"2024-08-12","category":"serif","kind":"webfonts#webfont","menu":"https://fonts.gstatic.com/s/ptserifcaption/v17/ieVl2ZhbGCW-JoW6S34pSDpqYKU019S7CA.ttf"},{"family":"Public Sans","version":"v18","lastModified":"2024-09-30","category":"sans-serif","kind":"webfonts#webfont","menu":"https://fonts.gstatic.com/s/publicsans/v18/ijwGs572Xtc6ZYQws9YVwllKVG8qX1oyOymuFpmJwgct.ttf"},{"family":"Puppies Play","version":"v9","lastModified":"2024-09-04","category":"handwriting","kind":"webfonts#webfont","menu":"https://fonts.gstatic.com/s/puppiesplay/v9/wlp2gwHZEV99rG6M3NR9uB9faQhW.ttf"},{"family":"Puritan","version":"v24","lastModified":"2024-09-04","category":"sans-serif","kind":"webfonts#webfont","menu":"https://fonts.gstatic.com/s/puritan/v24/845YNMgkAJ2VTtIoxJv6QQ.ttf"},{"family":"Purple Purse","version":"v23","lastModified":"2024-09-04","category":"display","kind":"webfonts#webfont","menu":"https://fonts.gstatic.com/s/purplepurse/v23/qWctB66gv53iAp-Vfs4My6qCeRz7.ttf"},{"family":"Qahiri","version":"v9","lastModified":"2024-08-12","category":"sans-serif","kind":"webfonts#webfont","menu":"https://fonts.gstatic.com/s/qahiri/v9/tsssAp1RZy0C_hGeUnql.ttf"},{"family":"Quando","version":"v16","lastModified":"2024-09-04","category":"serif","kind":"webfonts#webfont","menu":"https://fonts.gstatic.com/s/quando/v16/xMQVuFNaVa6YuW0ZCq-3.ttf"},{"family":"Quantico","version":"v17","lastModified":"2024-09-04","category":"sans-serif","kind":"webfonts#webfont","menu":"https://fonts.gstatic.com/s/quantico/v17/rax-HiSdp9cPL3KIF7xtJDg.ttf"},{"family":"Quattrocento","version":"v23","lastModified":"2024-09-04","category":"serif","kind":"webfonts#webfont","menu":"https://fonts.gstatic.com/s/quattrocento/v23/OZpEg_xvsDZQL_LKIF7q4jP3xWj_.ttf"},{"family":"Quattrocento Sans","version":"v21","lastModified":"2024-09-04","category":"sans-serif","kind":"webfonts#webfont","menu":"https://fonts.gstatic.com/s/quattrocentosans/v21/va9c4lja2NVIDdIAAoMR5MfuElaRB0zPt0o.ttf"},{"family":"Questrial","version":"v18","lastModified":"2024-09-04","category":"sans-serif","kind":"webfonts#webfont","menu":"https://fonts.gstatic.com/s/questrial/v18/QdVUSTchPBm7nuUeVf70uCFg.ttf"},{"family":"Quicksand","version":"v31","lastModified":"2024-09-04","category":"sans-serif","kind":"webfonts#webfont","menu":"https://fonts.gstatic.com/s/quicksand/v31/6xK-dSZaM9iE8KbpRA_LJ3z8mH9BOJvgkP8o58C-xw.ttf"},{"family":"Quintessential","version":"v22","lastModified":"2024-09-04","category":"handwriting","kind":"webfonts#webfont","menu":"https://fonts.gstatic.com/s/quintessential/v22/fdNn9sOGq31Yjnh3qWU14Ddtjb5xQb0.ttf"},{"family":"Qwigley","version":"v18","lastModified":"2024-09-04","category":"handwriting","kind":"webfonts#webfont","menu":"https://fonts.gstatic.com/s/qwigley/v18/1cXzaU3UGJb5tGoCiV1mjw.ttf"},{"family":"Qwitcher Grypen","version":"v6","lastModified":"2024-09-04","category":"handwriting","kind":"webfonts#webfont","menu":"https://fonts.gstatic.com/s/qwitchergrypen/v6/pxicypclp9tDilN9RrC5BSI1dZmbSWlE.ttf"},{"family":"Racing Sans One","version":"v15","lastModified":"2024-09-04","category":"display","kind":"webfonts#webfont","menu":"https://fonts.gstatic.com/s/racingsansone/v15/sykr-yRtm7EvTrXNxkv5jfKKyDCALnDi.ttf"},{"family":"Radio Canada","version":"v21","lastModified":"2024-09-04","category":"sans-serif","kind":"webfonts#webfont","menu":"https://fonts.gstatic.com/s/radiocanada/v21/XRX13ISXn0dBMcibU6jlAqr3ejLv5OLZYiYXik6db2P4jxxlsls-0nFMkTPJLuM.ttf"},{"family":"Radio Canada Big","version":"v1","lastModified":"2024-09-04","category":"sans-serif","kind":"webfonts#webfont","menu":"https://fonts.gstatic.com/s/radiocanadabig/v1/LYjUdHrinEImAoQewU0hyTsPFra4Yp-6A-YRBF-RX6nNRb3o0JM.ttf"},{"family":"Radley","version":"v22","lastModified":"2024-09-04","category":"serif","kind":"webfonts#webfont","menu":"https://fonts.gstatic.com/s/radley/v22/LYjDdGzinEIjCN1NoQNA.ttf"},{"family":"Rajdhani","version":"v16","lastModified":"2024-12-04","category":"sans-serif","kind":"webfonts#webfont","menu":"https://fonts.gstatic.com/s/rajdhani/v16/LDIxapCSOBg7S-QT7p4BM-M.ttf"},{"family":"Rakkas","version":"v20","lastModified":"2024-12-04","category":"display","kind":"webfonts#webfont","menu":"https://fonts.gstatic.com/s/rakkas/v20/Qw3cZQlNHiblL3jPl9FL.ttf"},{"family":"Raleway","version":"v34","lastModified":"2024-09-04","category":"sans-serif","kind":"webfonts#webfont","menu":"https://fonts.gstatic.com/s/raleway/v34/1Ptxg8zYS_SKggPN4iEgvnHyvveLxVvaorCOPrQ.ttf"},{"family":"Raleway Dots","version":"v18","lastModified":"2024-09-04","category":"display","kind":"webfonts#webfont","menu":"https://fonts.gstatic.com/s/ralewaydots/v18/6NUR8FifJg6AfQvzpshgwJ8UyPVB.ttf"},{"family":"Ramabhadra","version":"v16","lastModified":"2024-12-04","category":"sans-serif","kind":"webfonts#webfont","menu":"https://fonts.gstatic.com/s/ramabhadra/v16/EYq2maBOwqRW9P1SQ83LShJMWw.ttf"},{"family":"Ramaraja","version":"v16","lastModified":"2024-12-04","category":"serif","kind":"webfonts#webfont","menu":"https://fonts.gstatic.com/s/ramaraja/v16/SlGTmQearpYAYG1CACIloHQ.ttf"},{"family":"Rambla","version":"v13","lastModified":"2024-09-04","category":"sans-serif","kind":"webfonts#webfont","menu":"https://fonts.gstatic.com/s/rambla/v13/snfrs0ip98hx6mrEIrgK.ttf"},{"family":"Rammetto One","version":"v19","lastModified":"2024-09-04","category":"display","kind":"webfonts#webfont","menu":"https://fonts.gstatic.com/s/rammettoone/v19/LhWiMV3HOfMbMetJG3lQDppNM_GY.ttf"},{"family":"Rampart One","version":"v11","lastModified":"2024-12-04","category":"display","kind":"webfonts#webfont","menu":"https://fonts.gstatic.com/s/rampartone/v11/K2F1fZFGl_JSR1tAWNG9R5qhJyo.ttf"},{"family":"Ranchers","version":"v17","lastModified":"2024-09-04","category":"display","kind":"webfonts#webfont","menu":"https://fonts.gstatic.com/s/ranchers/v17/zrfm0H3Lx-P2Xvs2ArDZBio.ttf"},{"family":"Rancho","version":"v21","lastModified":"2024-09-04","category":"handwriting","kind":"webfonts#webfont","menu":"https://fonts.gstatic.com/s/rancho/v21/46kulbzmXjLaqZRVbG_k.ttf"},{"family":"Ranga","version":"v21","lastModified":"2024-09-04","category":"display","kind":"webfonts#webfont","menu":"https://fonts.gstatic.com/s/ranga/v21/C8ct4cYisGb28q6DJjg.ttf"},{"family":"Rasa","version":"v22","lastModified":"2024-09-04","category":"serif","kind":"webfonts#webfont","menu":"https://fonts.gstatic.com/s/rasa/v22/xn76YHIn1mWmVKl8ZtAM9NrJfN5GJV40d88.ttf"},{"family":"Rationale","version":"v28","lastModified":"2024-09-04","category":"sans-serif","kind":"webfonts#webfont","menu":"https://fonts.gstatic.com/s/rationale/v28/9XUnlJ92n0_JFxHIfHccd1tI.ttf"},{"family":"Ravi Prakash","version":"v20","lastModified":"2024-12-04","category":"display","kind":"webfonts#webfont","menu":"https://fonts.gstatic.com/s/raviprakash/v20/gokpH6fsDkVrF9Bv9X8SOAK3mdxA.ttf"},{"family":"Readex Pro","version":"v21","lastModified":"2024-09-04","category":"sans-serif","kind":"webfonts#webfont","menu":"https://fonts.gstatic.com/s/readexpro/v21/SLXnc1bJ7HE5YDoGPuzj_dh8uc7wUy8ZQQyX2KY8TL0kGZN6blTC4USWg2Ek.ttf"},{"family":"Recursive","version":"v38","lastModified":"2024-09-04","category":"sans-serif","kind":"webfonts#webfont","menu":"https://fonts.gstatic.com/s/recursive/v38/8vJN7wMr0mhh-RQChyHEH06TlXhq_gukbYrFMk1QuAIcyEwG_X-dpEfaE5YaERmK-CImKsvxvU-MXGX2fSqasNfUvz2xbXfn1uEQadCCk319tQg.ttf"},{"family":"Red Hat Display","version":"v20","lastModified":"2024-12-04","category":"sans-serif","kind":"webfonts#webfont","menu":"https://fonts.gstatic.com/s/redhatdisplay/v20/8vIf7wUr0m80wwYf0QCXZzYzUoTK8RZQvRd-D1NYbmyWQkkz_Q.ttf"},{"family":"Red Hat Mono","version":"v15","lastModified":"2024-12-04","category":"monospace","kind":"webfonts#webfont","menu":"https://fonts.gstatic.com/s/redhatmono/v15/jVyY7nDnA2uf2zVvFAhhzEs-VMSjJpBTfgjwQV3Iy7DHvQ.ttf"},{"family":"Red Hat Text","version":"v18","lastModified":"2024-12-04","category":"sans-serif","kind":"webfonts#webfont","menu":"https://fonts.gstatic.com/s/redhattext/v18/RrQCbohi_ic6B3yVSzGBrMx6ZI_cy1A6Ok2ML7hwZrfQdQ.ttf"},{"family":"Red Rose","version":"v20","lastModified":"2024-09-04","category":"display","kind":"webfonts#webfont","menu":"https://fonts.gstatic.com/s/redrose/v20/QdVISTYiLBjouPgEUajvsfWwDtc3MH8yrfszcz6o.ttf"},{"family":"Redacted","version":"v8","lastModified":"2024-09-04","category":"display","kind":"webfonts#webfont","menu":"https://fonts.gstatic.com/s/redacted/v8/Z9XVDmdRShme2O_7aLTf6Ok.ttf"},{"family":"Redacted Script","version":"v10","lastModified":"2024-09-04","category":"display","kind":"webfonts#webfont","menu":"https://fonts.gstatic.com/s/redactedscript/v10/ypvBbXGRglhokR7dcC3d1-R6zmxisG71.ttf"},{"family":"Reddit Mono","version":"v3","lastModified":"2024-09-04","category":"monospace","kind":"webfonts#webfont","menu":"https://fonts.gstatic.com/s/redditmono/v3/oPWc_kRmmu4oQ88oo13o48DHbsqn28eR20vUwCYqc3Pc.ttf"},{"family":"Reddit Sans","version":"v4","lastModified":"2024-09-04","category":"sans-serif","kind":"webfonts#webfont","menu":"https://fonts.gstatic.com/s/redditsans/v4/EYqgmaFOxq1T_-ETdN7EKSlnU2dHRsBCV5uxbYxWAF3F.ttf"},{"family":"Reddit Sans Condensed","version":"v3","lastModified":"2024-09-04","category":"sans-serif","kind":"webfonts#webfont","menu":"https://fonts.gstatic.com/s/redditsanscondensed/v3/m8J_jepOc6WYkkm2Dey9A5QGAQXmuL3va5IfZsq2gyKtWVJro1kKYpQyvw.ttf"},{"family":"Redressed","version":"v30","lastModified":"2024-11-20","category":"handwriting","kind":"webfonts#webfont","menu":"https://fonts.gstatic.com/s/redressed/v30/x3dickHUbrmJ7wMy9MsxffoG.ttf"},{"family":"Reem Kufi","version":"v21","lastModified":"2024-09-04","category":"sans-serif","kind":"webfonts#webfont","menu":"https://fonts.gstatic.com/s/reemkufi/v21/2sDPZGJLip7W2J7v7wQZZE1I0yCmYzzQtuZnIGCV2g.ttf"},{"family":"Reem Kufi Fun","version":"v7","lastModified":"2024-09-04","category":"sans-serif","kind":"webfonts#webfont","menu":"https://fonts.gstatic.com/s/reemkufifun/v7/uK_m4rOFYukkmyUEbF43fIryZEk5qRZ8nrKChoYj3kChpP4.ttf"},{"family":"Reem Kufi Ink","version":"v9","lastModified":"2024-09-04","category":"sans-serif","kind":"webfonts#webfont","menu":"https://fonts.gstatic.com/s/reemkufiink/v9/oPWJ_kJmmu8hCvB9iFumxZSndj9XRg.ttf"},{"family":"Reenie Beanie","version":"v20","lastModified":"2024-09-04","category":"handwriting","kind":"webfonts#webfont","menu":"https://fonts.gstatic.com/s/reeniebeanie/v20/z7NSdR76eDkaJKZJFkkjuvWxXPy1rg.ttf"},{"family":"Reggae One","version":"v17","lastModified":"2024-09-04","category":"display","kind":"webfonts#webfont","menu":"https://fonts.gstatic.com/s/reggaeone/v17/7r3DqX5msMIkeuwJwOJtza9B4g.ttf"},{"family":"REM","version":"v2","lastModified":"2024-09-04","category":"sans-serif","kind":"webfonts#webfont","menu":"https://fonts.gstatic.com/s/rem/v2/WnzgHAIoSDyHbRjfsYumpRvUPMLqnTseaA.ttf"},{"family":"Rethink Sans","version":"v5","lastModified":"2024-09-04","category":"sans-serif","kind":"webfonts#webfont","menu":"https://fonts.gstatic.com/s/rethinksans/v5/AMODz4SDuXOMCPfdoglY9JQuWHBGG0X45DmqkmFROE_snQ.ttf"},{"family":"Revalia","version":"v22","lastModified":"2024-09-04","category":"display","kind":"webfonts#webfont","menu":"https://fonts.gstatic.com/s/revalia/v22/WwkexPimBE2-4ZPESVvkMA.ttf"},{"family":"Rhodium Libre","version":"v19","lastModified":"2024-08-12","category":"serif","kind":"webfonts#webfont","menu":"https://fonts.gstatic.com/s/rhodiumlibre/v19/1q2AY5adA0tn_ukeHcQHqpx6lEXBfg.ttf"},{"family":"Ribeye","version":"v25","lastModified":"2024-09-04","category":"display","kind":"webfonts#webfont","menu":"https://fonts.gstatic.com/s/ribeye/v25/L0x8DFMxk1MP9R3hvfqi.ttf"},{"family":"Ribeye Marrow","version":"v24","lastModified":"2024-09-04","category":"display","kind":"webfonts#webfont","menu":"https://fonts.gstatic.com/s/ribeyemarrow/v24/GFDsWApshnqMRO2JdtRZ2d0vIA0ZUQ.ttf"},{"family":"Righteous","version":"v17","lastModified":"2024-09-04","category":"display","kind":"webfonts#webfont","menu":"https://fonts.gstatic.com/s/righteous/v17/1cXxaUPXBpj2rGoU7C9WjnGA.ttf"},{"family":"Risque","version":"v22","lastModified":"2024-09-04","category":"display","kind":"webfonts#webfont","menu":"https://fonts.gstatic.com/s/risque/v22/VdGfAZUfHosahXxYCEwR.ttf"},{"family":"Road Rage","version":"v7","lastModified":"2024-09-04","category":"display","kind":"webfonts#webfont","menu":"https://fonts.gstatic.com/s/roadrage/v7/6NUU8F2fKAOBKjjr4ekftcwE.ttf"},{"family":"Roboto","version":"v32","lastModified":"2024-09-04","category":"sans-serif","kind":"webfonts#webfont","menu":"https://fonts.gstatic.com/s/roboto/v32/KFOmCnqEu92Fr1Mu5GxP.ttf"},{"family":"Roboto Condensed","version":"v27","lastModified":"2024-09-04","category":"sans-serif","kind":"webfonts#webfont","menu":"https://fonts.gstatic.com/s/robotocondensed/v27/ieVo2ZhZI2eCN5jzbjEETS9weq8-_d6T_POl0fRJeyWyosBI5Xk.ttf"},{"family":"Roboto Flex","version":"v26","lastModified":"2024-09-04","category":"sans-serif","kind":"webfonts#webfont","menu":"https://fonts.gstatic.com/s/robotoflex/v26/NaNnepOXO_NexZs0b5QrzlOHb8wCikXpYqmZsWI-__OGbt8jZktqc2V3Zs0KvDLdBP8SBZtOs2IifRuUZQMsPJtUsR4DEK6cULNeUx9XgTnH37Ha_FIAp4Fm0PP1hw45DntW2x0wZGzhPmr1YNMYKYn9_1IQXGwJAiUJVUMdN5YUW4O8HtSoXjC1z3QSabshNFVe3e0O5j3ZjrZCu23Qd4G0EBysQNK-QKavMl1cKq3tHXtXi8mzLjaAcbCkmA.ttf"},{"family":"Roboto Mono","version":"v23","lastModified":"2024-09-04","category":"monospace","kind":"webfonts#webfont","menu":"https://fonts.gstatic.com/s/robotomono/v23/L0xuDF4xlVMF-BfR8bXMIhJHg45mwgGEFl0_3vq_QuW9.ttf"},{"family":"Roboto Serif","version":"v15","lastModified":"2024-09-30","category":"serif","kind":"webfonts#webfont","menu":"https://fonts.gstatic.com/s/robotoserif/v15/R71RjywflP6FLr3gZx7K8UyuXDs9zVwDmXCb8lxYgmuii32UGoVldX6UgfjL4-3sMM_kB_qXSEXTJQCFLH5-_bcEliotl6Z8BQ.ttf"},{"family":"Roboto Slab","version":"v34","lastModified":"2024-09-04","category":"serif","kind":"webfonts#webfont","menu":"https://fonts.gstatic.com/s/robotoslab/v34/BngbUXZYTXPIvIBgJJSb6s3BzlRRfKOFbvjojISmaWRm.ttf"},{"family":"Rochester","version":"v22","lastModified":"2024-09-04","category":"handwriting","kind":"webfonts#webfont","menu":"https://fonts.gstatic.com/s/rochester/v22/6ae-4KCqVa4Zy6Fif-UC3lHS.ttf"},{"family":"Rock 3D","version":"v11","lastModified":"2024-08-07","category":"display","kind":"webfonts#webfont","menu":"https://fonts.gstatic.com/s/rock3d/v11/yYLp0hrL0PCo651553WtxQ.ttf"},{"family":"Rock Salt","version":"v22","lastModified":"2024-09-04","category":"handwriting","kind":"webfonts#webfont","menu":"https://fonts.gstatic.com/s/rocksalt/v22/MwQ0bhv11fWD6QsAVOZrsUM_.ttf"},{"family":"RocknRoll One","version":"v14","lastModified":"2024-09-04","category":"sans-serif","kind":"webfonts#webfont","menu":"https://fonts.gstatic.com/s/rocknrollone/v14/kmK7ZqspGAfCeUiW6FFlmEC9suRrtw.ttf"},{"family":"Rokkitt","version":"v36","lastModified":"2024-09-04","category":"serif","kind":"webfonts#webfont","menu":"https://fonts.gstatic.com/s/rokkitt/v36/qFdb35qfgYFjGy5hukqqhw5XeRgdi1ryd6DKGbo.ttf"},{"family":"Romanesco","version":"v21","lastModified":"2024-09-04","category":"handwriting","kind":"webfonts#webfont","menu":"https://fonts.gstatic.com/s/romanesco/v21/w8gYH2ozQOY7_r_J7mSX3XYP.ttf"},{"family":"Ropa Sans","version":"v15","lastModified":"2024-09-04","category":"sans-serif","kind":"webfonts#webfont","menu":"https://fonts.gstatic.com/s/ropasans/v15/EYqxmaNOzLlWtsZSScy6WzNs.ttf"},{"family":"Rosario","version":"v31","lastModified":"2024-09-04","category":"sans-serif","kind":"webfonts#webfont","menu":"https://fonts.gstatic.com/s/rosario/v31/xfuu0WDhWW_fOEoY8l_VPNZfB7jPM68YCVcyfeI.ttf"},{"family":"Rosarivo","version":"v22","lastModified":"2024-09-04","category":"serif","kind":"webfonts#webfont","menu":"https://fonts.gstatic.com/s/rosarivo/v22/PlI-Fl2lO6N9f8HaNDeD0Hw.ttf"},{"family":"Rouge Script","version":"v18","lastModified":"2024-09-04","category":"handwriting","kind":"webfonts#webfont","menu":"https://fonts.gstatic.com/s/rougescript/v18/LYjFdGbiklMoCIQOw1Ep3S4_Vf_f.ttf"},{"family":"Rowdies","version":"v17","lastModified":"2024-09-04","category":"display","kind":"webfonts#webfont","menu":"https://fonts.gstatic.com/s/rowdies/v17/ptRJTieMYPNBAK21_rZDxA.ttf"},{"family":"Rozha One","version":"v15","lastModified":"2024-09-04","category":"serif","kind":"webfonts#webfont","menu":"https://fonts.gstatic.com/s/rozhaone/v15/AlZy_zVFtYP12Zncg2kRdH38.ttf"},{"family":"Rubik","version":"v28","lastModified":"2024-09-04","category":"sans-serif","kind":"webfonts#webfont","menu":"https://fonts.gstatic.com/s/rubik/v28/iJWZBXyIfDnIV5PNhY1KTN7Z-Yh-B4iFUUUw.ttf"},{"family":"Rubik 80s Fade","version":"v2","lastModified":"2024-09-04","category":"display","kind":"webfonts#webfont","menu":"https://fonts.gstatic.com/s/rubik80sfade/v2/U9MF6dW37nLSmnwZXyoV-uPXUiHxm7Y.ttf"},{"family":"Rubik Beastly","version":"v10","lastModified":"2024-09-04","category":"display","kind":"webfonts#webfont","menu":"https://fonts.gstatic.com/s/rubikbeastly/v10/0QImMXRd5oOmSC2ZQ7o9653X4732-A.ttf"},{"family":"Rubik Broken Fax","version":"v1","lastModified":"2024-09-04","category":"display","kind":"webfonts#webfont","menu":"https://fonts.gstatic.com/s/rubikbrokenfax/v1/NGSvv4rXG042O-GzH9sg1cUgl8w8UW6ccg.ttf"},{"family":"Rubik Bubbles","version":"v3","lastModified":"2024-09-04","category":"display","kind":"webfonts#webfont","menu":"https://fonts.gstatic.com/s/rubikbubbles/v3/JIA1UVdwbHFJtwA7Us1BPFbRBTAHeA.ttf"},{"family":"Rubik Burned","version":"v1","lastModified":"2024-09-04","category":"display","kind":"webfonts#webfont","menu":"https://fonts.gstatic.com/s/rubikburned/v1/Jqzk5TmOVOqQHihKqPpscqnSHAGe.ttf"},{"family":"Rubik Dirt","version":"v2","lastModified":"2024-09-04","category":"display","kind":"webfonts#webfont","menu":"https://fonts.gstatic.com/s/rubikdirt/v2/DtVmJxC7WLEj1uIXEWAdil0s7g.ttf"},{"family":"Rubik Distressed","version":"v1","lastModified":"2024-09-04","category":"display","kind":"webfonts#webfont","menu":"https://fonts.gstatic.com/s/rubikdistressed/v1/GFDxWBdsmnqAVqjtUsZf2dcrQ2ldQWErbg.ttf"},{"family":"Rubik Doodle Shadow","version":"v1","lastModified":"2024-09-04","category":"display","kind":"webfonts#webfont","menu":"https://fonts.gstatic.com/s/rubikdoodleshadow/v1/rP2bp3im_k8G_wTVdvvMdHqmXTR3lEaL-KqT2A.ttf"},{"family":"Rubik Doodle Triangles","version":"v1","lastModified":"2024-09-04","category":"display","kind":"webfonts#webfont","menu":"https://fonts.gstatic.com/s/rubikdoodletriangles/v1/esDA301BLOmMKxKspb3g-domRuLPeaSn2bTzRLm1tg.ttf"},{"family":"Rubik Gemstones","version":"v1","lastModified":"2024-09-04","category":"display","kind":"webfonts#webfont","menu":"https://fonts.gstatic.com/s/rubikgemstones/v1/zrf90HrL0-_8Xb4DFM2rUkWbOVr-iSPC.ttf"},{"family":"Rubik Glitch","version":"v2","lastModified":"2024-09-04","category":"display","kind":"webfonts#webfont","menu":"https://fonts.gstatic.com/s/rubikglitch/v2/qkBSXv8b_srFRYQVYrDKh9ZfmSTD.ttf"},{"family":"Rubik Glitch Pop","version":"v1","lastModified":"2024-09-04","category":"display","kind":"webfonts#webfont","menu":"https://fonts.gstatic.com/s/rubikglitchpop/v1/tDbX2pGHhFcM0gB3hN2elZLa3G-MCwWnTQ.ttf"},{"family":"Rubik Iso","version":"v2","lastModified":"2024-09-04","category":"display","kind":"webfonts#webfont","menu":"https://fonts.gstatic.com/s/rubikiso/v2/x3dickHUfr-S4VAI4sAxffoG.ttf"},{"family":"Rubik Lines","version":"v1","lastModified":"2024-09-04","category":"display","kind":"webfonts#webfont","menu":"https://fonts.gstatic.com/s/rubiklines/v1/_gP81R3vsjYzVW2Y6xFF-FSwav4.ttf"},{"family":"Rubik Maps","version":"v1","lastModified":"2024-09-04","category":"display","kind":"webfonts#webfont","menu":"https://fonts.gstatic.com/s/rubikmaps/v1/Gw6_wcjl80TZK9XxtbbevSceDg.ttf"},{"family":"Rubik Marker Hatch","version":"v1","lastModified":"2024-09-04","category":"display","kind":"webfonts#webfont","menu":"https://fonts.gstatic.com/s/rubikmarkerhatch/v1/QldTNSFQsh0B_bFXXWv6LAt-jswapJHgDbQm.ttf"},{"family":"Rubik Maze","version":"v2","lastModified":"2024-09-04","category":"display","kind":"webfonts#webfont","menu":"https://fonts.gstatic.com/s/rubikmaze/v2/xMQRuF9ZVa2ftiJEavXSMX_omQ.ttf"},{"family":"Rubik Microbe","version":"v2","lastModified":"2024-09-04","category":"display","kind":"webfonts#webfont","menu":"https://fonts.gstatic.com/s/rubikmicrobe/v2/UqyWK8oPP3hjw6ANS9rM3PsZQs4QbA.ttf"},{"family":"Rubik Mono One","version":"v18","lastModified":"2024-08-12","category":"sans-serif","kind":"webfonts#webfont","menu":"https://fonts.gstatic.com/s/rubikmonoone/v18/UqyJK8kPP3hjw6ANTdfRk9YSN98xTKA.ttf"},{"family":"Rubik Moonrocks","version":"v5","lastModified":"2024-09-04","category":"display","kind":"webfonts#webfont","menu":"https://fonts.gstatic.com/s/rubikmoonrocks/v5/845ANMAmAI2VUZMLu_W0M7HqlDHXXMr_.ttf"},{"family":"Rubik Pixels","version":"v2","lastModified":"2024-09-04","category":"display","kind":"webfonts#webfont","menu":"https://fonts.gstatic.com/s/rubikpixels/v2/SlGXmQOaupkIeSx4CEpB7AdiaRwV.ttf"},{"family":"Rubik Puddles","version":"v2","lastModified":"2024-09-04","category":"display","kind":"webfonts#webfont","menu":"https://fonts.gstatic.com/s/rubikpuddles/v2/1Ptog8bYX_qGnkLkrU5MJsQcFfG-xQ.ttf"},{"family":"Rubik Scribble","version":"v1","lastModified":"2024-09-04","category":"display","kind":"webfonts#webfont","menu":"https://fonts.gstatic.com/s/rubikscribble/v1/snfzs0Cp48d67SuHQOpjXLsQpYqaQDc.ttf"},{"family":"Rubik Spray Paint","version":"v1","lastModified":"2024-09-04","category":"display","kind":"webfonts#webfont","menu":"https://fonts.gstatic.com/s/rubikspraypaint/v1/WnzhHBAoeBPUDTB4EWR82y6EXWPH-So_SII.ttf"},{"family":"Rubik Storm","version":"v1","lastModified":"2024-09-04","category":"display","kind":"webfonts#webfont","menu":"https://fonts.gstatic.com/s/rubikstorm/v1/eLGYP-_uPgO5Ag7ju9JaotL8RWE.ttf"},{"family":"Rubik Vinyl","version":"v1","lastModified":"2024-09-04","category":"display","kind":"webfonts#webfont","menu":"https://fonts.gstatic.com/s/rubikvinyl/v1/iJWABXKIfDnIV4mQ5BfjvXXfzIg.ttf"},{"family":"Rubik Wet Paint","version":"v2","lastModified":"2024-09-04","category":"display","kind":"webfonts#webfont","menu":"https://fonts.gstatic.com/s/rubikwetpaint/v2/HTx0L20uMDGHgdULcpTF3Oe4d_-1-jbz.ttf"},{"family":"Ruda","version":"v28","lastModified":"2024-09-04","category":"sans-serif","kind":"webfonts#webfont","menu":"https://fonts.gstatic.com/s/ruda/v28/k3kKo8YQJOpFgHQ1mQ5VkEbUKaJFsh__0qw.ttf"},{"family":"Rufina","version":"v15","lastModified":"2024-09-04","category":"serif","kind":"webfonts#webfont","menu":"https://fonts.gstatic.com/s/rufina/v15/Yq6V-LyURyLy-aKCoh5g.ttf"},{"family":"Ruge Boogie","version":"v28","lastModified":"2024-09-04","category":"handwriting","kind":"webfonts#webfont","menu":"https://fonts.gstatic.com/s/rugeboogie/v28/JIA3UVFwbHRF_GIWSMhKNSOjNTE.ttf"},{"family":"Ruluko","version":"v21","lastModified":"2024-09-04","category":"sans-serif","kind":"webfonts#webfont","menu":"https://fonts.gstatic.com/s/ruluko/v21/xMQVuFNZVaODtm0ZCq-3.ttf"},{"family":"Rum Raisin","version":"v22","lastModified":"2024-09-04","category":"sans-serif","kind":"webfonts#webfont","menu":"https://fonts.gstatic.com/s/rumraisin/v22/nwpRtKu3Ih8D5avB4h2uF36Czw.ttf"},{"family":"Ruslan Display","version":"v26","lastModified":"2024-09-04","category":"display","kind":"webfonts#webfont","menu":"https://fonts.gstatic.com/s/ruslandisplay/v26/Gw6jwczl81XcIZuckK_e3Upfdwxqn9g.ttf"},{"family":"Russo One","version":"v16","lastModified":"2024-09-04","category":"sans-serif","kind":"webfonts#webfont","menu":"https://fonts.gstatic.com/s/russoone/v16/Z9XUDmZRWg6M1LvRYsHOycmM.ttf"},{"family":"Ruthie","version":"v26","lastModified":"2024-09-04","category":"handwriting","kind":"webfonts#webfont","menu":"https://fonts.gstatic.com/s/ruthie/v26/gokvH63sGkdqXuUNlTRz.ttf"},{"family":"Ruwudu","version":"v4","lastModified":"2024-09-04","category":"serif","kind":"webfonts#webfont","menu":"https://fonts.gstatic.com/s/ruwudu/v4/syky-y1tj6UzRKf9lAqX.ttf"},{"family":"Rye","version":"v15","lastModified":"2024-09-04","category":"display","kind":"webfonts#webfont","menu":"https://fonts.gstatic.com/s/rye/v15/r05XGLJT86YzF57o.ttf"},{"family":"Sacramento","version":"v15","lastModified":"2024-09-04","category":"handwriting","kind":"webfonts#webfont","menu":"https://fonts.gstatic.com/s/sacramento/v15/buEzpo6gcdjy0EiZMBUG4Csf-A.ttf"},{"family":"Sahitya","version":"v18","lastModified":"2024-11-20","category":"serif","kind":"webfonts#webfont","menu":"https://fonts.gstatic.com/s/sahitya/v18/6qLAKZkOuhnuqlJAWSYPOw.ttf"},{"family":"Sail","version":"v16","lastModified":"2024-09-04","category":"display","kind":"webfonts#webfont","menu":"https://fonts.gstatic.com/s/sail/v16/DPEjYwiBxwYJJBXJBA.ttf"},{"family":"Saira","version":"v20","lastModified":"2024-09-04","category":"sans-serif","kind":"webfonts#webfont","menu":"https://fonts.gstatic.com/s/saira/v20/memWYa2wxmKQyPMrZX79wwYZQMhsyuShhKMjjbU9uXuA71rCkskxkw.ttf"},{"family":"Saira Condensed","version":"v11","lastModified":"2024-09-04","category":"sans-serif","kind":"webfonts#webfont","menu":"https://fonts.gstatic.com/s/sairacondensed/v11/EJROQgErUN8XuHNEtX81i9TmEkrvpOtA.ttf"},{"family":"Saira Extra Condensed","version":"v13","lastModified":"2024-09-04","category":"sans-serif","kind":"webfonts#webfont","menu":"https://fonts.gstatic.com/s/sairaextracondensed/v13/-nFiOHYr-vcC7h8MklGBkrvmUG9rbpkisrTj7kjx.ttf"},{"family":"Saira Semi Condensed","version":"v13","lastModified":"2024-09-04","category":"sans-serif","kind":"webfonts#webfont","menu":"https://fonts.gstatic.com/s/sairasemicondensed/v13/U9MD6c-2-nnJkHxyCjRcnMHcWVWV1cWRRX8KaOM.ttf"},{"family":"Saira Stencil One","version":"v16","lastModified":"2024-09-04","category":"display","kind":"webfonts#webfont","menu":"https://fonts.gstatic.com/s/sairastencilone/v16/SLXSc03I6HkvZGJ1GvvipLoYSTEL9DsNYQw.ttf"},{"family":"Salsa","version":"v21","lastModified":"2024-09-04","category":"display","kind":"webfonts#webfont","menu":"https://fonts.gstatic.com/s/salsa/v21/gNMKW3FiRpKj-hmZ-HM.ttf"},{"family":"Sanchez","version":"v15","lastModified":"2024-09-04","category":"serif","kind":"webfonts#webfont","menu":"https://fonts.gstatic.com/s/sanchez/v15/Ycm2sZJORluHnXbIfm9R-A.ttf"},{"family":"Sancreek","version":"v25","lastModified":"2024-09-04","category":"display","kind":"webfonts#webfont","menu":"https://fonts.gstatic.com/s/sancreek/v25/pxiHypAnsdxUm159X4D_V1s.ttf"},{"family":"Sankofa Display","version":"v2","lastModified":"2024-09-04","category":"sans-serif","kind":"webfonts#webfont","menu":"https://fonts.gstatic.com/s/sankofadisplay/v2/Ktk1ALSRd4LucUDghJ2rTqXOoh3HFqOd.ttf"},{"family":"Sansita","version":"v11","lastModified":"2024-09-04","category":"sans-serif","kind":"webfonts#webfont","menu":"https://fonts.gstatic.com/s/sansita/v11/QldONTRRphEb_-V7LBixSQ.ttf"},{"family":"Sansita Swashed","version":"v18","lastModified":"2024-09-04","category":"display","kind":"webfonts#webfont","menu":"https://fonts.gstatic.com/s/sansitaswashed/v18/BXR8vFfZifTZgFlDDLgNkBydPKTt3pVCeYWqJnZSW7RpXTsffg.ttf"},{"family":"Sarabun","version":"v15","lastModified":"2024-09-04","category":"sans-serif","kind":"webfonts#webfont","menu":"https://fonts.gstatic.com/s/sarabun/v15/DtVjJx26TKEr37c9aBNJmg.ttf"},{"family":"Sarala","version":"v12","lastModified":"2024-09-04","category":"sans-serif","kind":"webfonts#webfont","menu":"https://fonts.gstatic.com/s/sarala/v12/uK_y4riEZv4o1w9hCxcX.ttf"},{"family":"Sarina","version":"v23","lastModified":"2024-09-04","category":"display","kind":"webfonts#webfont","menu":"https://fonts.gstatic.com/s/sarina/v23/-F6wfjF3ITQwasLRL0rQ.ttf"},{"family":"Sarpanch","version":"v13","lastModified":"2024-09-04","category":"sans-serif","kind":"webfonts#webfont","menu":"https://fonts.gstatic.com/s/sarpanch/v13/hESy6Xt4NCpRuk6Pzi2BTo4.ttf"},{"family":"Sassy Frass","version":"v7","lastModified":"2024-09-04","category":"handwriting","kind":"webfonts#webfont","menu":"https://fonts.gstatic.com/s/sassyfrass/v7/LhWhMVrGOe0FLb97BjhsE-9cEtE.ttf"},{"family":"Satisfy","version":"v21","lastModified":"2024-09-04","category":"handwriting","kind":"webfonts#webfont","menu":"https://fonts.gstatic.com/s/satisfy/v21/rP2Hp2yn6lkG50LoCZWIGA.ttf"},{"family":"Sawarabi Gothic","version":"v13","lastModified":"2024-09-04","category":"sans-serif","kind":"webfonts#webfont","menu":"https://fonts.gstatic.com/s/sawarabigothic/v13/x3d4ckfVaqqa-BEj-I9mE65u3k39BCMz.ttf"},{"family":"Sawarabi Mincho","version":"v18","lastModified":"2024-09-04","category":"serif","kind":"webfonts#webfont","menu":"https://fonts.gstatic.com/s/sawarabimincho/v18/8QIRdiDaitzr7brc8ahpxt6GcIJjLKJL.ttf"},{"family":"Scada","version":"v15","lastModified":"2024-09-04","category":"sans-serif","kind":"webfonts#webfont","menu":"https://fonts.gstatic.com/s/scada/v15/RLpxK5Pv5qumeVJpzTE.ttf"},{"family":"Scheherazade New","version":"v17","lastModified":"2024-11-20","category":"serif","kind":"webfonts#webfont","menu":"https://fonts.gstatic.com/s/scheherazadenew/v17/4UaZrFhTvxVnHDvUkUiHg8jprP4DOwJmPg.ttf"},{"family":"Schibsted Grotesk","version":"v3","lastModified":"2024-09-04","category":"sans-serif","kind":"webfonts#webfont","menu":"https://fonts.gstatic.com/s/schibstedgrotesk/v3/JqzK5SSPQuCQF3t8uOwiUL-taUTtarVKQ9vZ6pJJWlMNIsEwTshq.ttf"},{"family":"Schoolbell","version":"v18","lastModified":"2024-09-04","category":"handwriting","kind":"webfonts#webfont","menu":"https://fonts.gstatic.com/s/schoolbell/v18/92zQtBZWOrcgoe-fgnJIZxMa7g.ttf"},{"family":"Scope One","version":"v14","lastModified":"2024-09-04","category":"serif","kind":"webfonts#webfont","menu":"https://fonts.gstatic.com/s/scopeone/v14/WBLnrEXKYFlGHrOKmGDFWkXI.ttf"},{"family":"Seaweed Script","version":"v15","lastModified":"2024-09-04","category":"display","kind":"webfonts#webfont","menu":"https://fonts.gstatic.com/s/seaweedscript/v15/bx6cNx6Tne2pxOATYE8C_Rsoe3WI8qM.ttf"},{"family":"Secular One","version":"v12","lastModified":"2024-09-04","category":"sans-serif","kind":"webfonts#webfont","menu":"https://fonts.gstatic.com/s/secularone/v12/8QINdiTajsj_87rMuMdKyqDkOO0.ttf"},{"family":"Sedan","version":"v1","lastModified":"2024-09-04","category":"serif","kind":"webfonts#webfont","menu":"https://fonts.gstatic.com/s/sedan/v1/Yq6a-L-VVyD6-dOTgz4.ttf"},{"family":"Sedan SC","version":"v2","lastModified":"2024-09-04","category":"serif","kind":"webfonts#webfont","menu":"https://fonts.gstatic.com/s/sedansc/v2/yMJRMIlvYZ3Jn1Y30Aq9dyg.ttf"},{"family":"Sedgwick Ave","version":"v12","lastModified":"2024-09-04","category":"handwriting","kind":"webfonts#webfont","menu":"https://fonts.gstatic.com/s/sedgwickave/v12/uK_04rKEYuguzAcSYRdWTJqMX2Ix.ttf"},{"family":"Sedgwick Ave Display","version":"v21","lastModified":"2024-09-04","category":"handwriting","kind":"webfonts#webfont","menu":"https://fonts.gstatic.com/s/sedgwickavedisplay/v21/xfuu0XPgU3jZPUoUo3ScvmPi-NapQ8OxM1cyfeI.ttf"},{"family":"Sen","version":"v9","lastModified":"2024-09-04","category":"sans-serif","kind":"webfonts#webfont","menu":"https://fonts.gstatic.com/s/sen/v9/6xK0dSxYI9_dkN18-vZKK2EISCq5L4_AkA.ttf"},{"family":"Send Flowers","version":"v5","lastModified":"2024-09-04","category":"handwriting","kind":"webfonts#webfont","menu":"https://fonts.gstatic.com/s/sendflowers/v5/If2PXTjtZS-0Xqy13uCQSULfxgLn.ttf"},{"family":"Sevillana","version":"v23","lastModified":"2024-09-04","category":"display","kind":"webfonts#webfont","menu":"https://fonts.gstatic.com/s/sevillana/v23/KFOlCnWFscmDt1Bfiy1fAhc9.ttf"},{"family":"Seymour One","version":"v23","lastModified":"2024-09-04","category":"sans-serif","kind":"webfonts#webfont","menu":"https://fonts.gstatic.com/s/seymourone/v23/4iCp6Khla9xbjQpoWGGd0lyJN4Q.ttf"},{"family":"Shadows Into Light","version":"v20","lastModified":"2024-11-20","category":"handwriting","kind":"webfonts#webfont","menu":"https://fonts.gstatic.com/s/shadowsintolight/v20/UqyNK9UOIntux_czAvDQx_ZcHqZXBNQzc8D8.ttf"},{"family":"Shadows Into Light Two","version":"v17","lastModified":"2024-09-04","category":"handwriting","kind":"webfonts#webfont","menu":"https://fonts.gstatic.com/s/shadowsintolighttwo/v17/4iC86LVlZsRSjQhpWGedwyOoW-0A6_kpsyNmpArHHA.ttf"},{"family":"Shalimar","version":"v7","lastModified":"2024-09-04","category":"handwriting","kind":"webfonts#webfont","menu":"https://fonts.gstatic.com/s/shalimar/v7/uU9MCBoE6I6iNWFUvQPw-vQ.ttf"},{"family":"Shantell Sans","version":"v10","lastModified":"2024-09-04","category":"display","kind":"webfonts#webfont","menu":"https://fonts.gstatic.com/s/shantellsans/v10/FeUaS0pCoLIo-lcdY7kjvNoQqWVWB0qWpl29ajppTuUTu_kJKmHesPOL-maYi4xZeHCNQ09eBlmv2QcUzJ39-rAISYR8S1i3wvg.ttf"},{"family":"Shanti","version":"v25","lastModified":"2024-09-04","category":"sans-serif","kind":"webfonts#webfont","menu":"https://fonts.gstatic.com/s/shanti/v25/t5thIREMM4uSDgzQUk23.ttf"},{"family":"Share","version":"v18","lastModified":"2024-09-04","category":"sans-serif","kind":"webfonts#webfont","menu":"https://fonts.gstatic.com/s/share/v18/i7dEIFliZjKNF6VMFr4.ttf"},{"family":"Share Tech","version":"v21","lastModified":"2024-09-04","category":"sans-serif","kind":"webfonts#webfont","menu":"https://fonts.gstatic.com/s/sharetech/v21/7cHtv4Uyi5K0OeZ7bohU8HsJnQ.ttf"},{"family":"Share Tech Mono","version":"v15","lastModified":"2024-09-04","category":"monospace","kind":"webfonts#webfont","menu":"https://fonts.gstatic.com/s/sharetechmono/v15/J7aHnp1uDWRBEqV98dVQztYldFcLpQEA.ttf"},{"family":"Shippori Antique","version":"v9","lastModified":"2024-09-04","category":"sans-serif","kind":"webfonts#webfont","menu":"https://fonts.gstatic.com/s/shipporiantique/v9/-F6qfid3KC8pdMyzR0qRyFUht11vwlZFhw.ttf"},{"family":"Shippori Antique B1","version":"v9","lastModified":"2024-09-04","category":"sans-serif","kind":"webfonts#webfont","menu":"https://fonts.gstatic.com/s/shipporiantiqueb1/v9/2Eb7L_JwClR7Zl_UAKZ0mUHw3oMKd40gnRBIiw.ttf"},{"family":"Shippori Mincho","version":"v15","lastModified":"2024-09-04","category":"serif","kind":"webfonts#webfont","menu":"https://fonts.gstatic.com/s/shipporimincho/v15/VdGGAZweH5EbgHY6YExcZfDoj0Bw2vWG.ttf"},{"family":"Shippori Mincho B1","version":"v22","lastModified":"2024-09-04","category":"serif","kind":"webfonts#webfont","menu":"https://fonts.gstatic.com/s/shipporiminchob1/v22/wXK2E2wCr44tulPdnn-xbIpJ9RgT9-nCj6pv.ttf"},{"family":"Shizuru","version":"v11","lastModified":"2024-08-07","category":"display","kind":"webfonts#webfont","menu":"https://fonts.gstatic.com/s/shizuru/v11/O4ZSFGfvnxFiCA3i70MDkg.ttf"},{"family":"Shojumaru","version":"v15","lastModified":"2024-09-04","category":"display","kind":"webfonts#webfont","menu":"https://fonts.gstatic.com/s/shojumaru/v15/rax_HiWfutkLLnaKCtl8BRha.ttf"},{"family":"Short Stack","version":"v15","lastModified":"2024-09-04","category":"handwriting","kind":"webfonts#webfont","menu":"https://fonts.gstatic.com/s/shortstack/v15/bMrzmS2X6p0jZC6EcmPFX9STe3s.ttf"},{"family":"Shrikhand","version":"v15","lastModified":"2024-09-04","category":"display","kind":"webfonts#webfont","menu":"https://fonts.gstatic.com/s/shrikhand/v15/a8IbNovtLWfR7T7bMJwrBYKU.ttf"},{"family":"Siemreap","version":"v28","lastModified":"2023-08-25","category":"sans-serif","kind":"webfonts#webfont","menu":"https://fonts.gstatic.com/s/siemreap/v28/Gg82N5oFbgLvHAfNl1Yalgs.ttf"},{"family":"Sigmar","version":"v7","lastModified":"2024-09-04","category":"display","kind":"webfonts#webfont","menu":"https://fonts.gstatic.com/s/sigmar/v7/hv-XlzJgIE8a85pkbGwz.ttf"},{"family":"Sigmar One","version":"v18","lastModified":"2024-09-04","category":"display","kind":"webfonts#webfont","menu":"https://fonts.gstatic.com/s/sigmarone/v18/co3DmWZ8kjZuErj9Ta3do6Lpow.ttf"},{"family":"Signika","version":"v25","lastModified":"2024-09-04","category":"sans-serif","kind":"webfonts#webfont","menu":"https://fonts.gstatic.com/s/signika/v25/vEF72_JTCgwQ5ejvMV0Ox_Kg1UwJ0tKfX4zNpD8E4ASzH1r9gTuozDkj.ttf"},{"family":"Signika Negative","version":"v21","lastModified":"2024-09-04","category":"sans-serif","kind":"webfonts#webfont","menu":"https://fonts.gstatic.com/s/signikanegative/v21/E21x_cfngu7HiRpPX3ZpNE4kY5zKSPmJXkF0VDD2RAqnS43tvdw.ttf"},{"family":"Silkscreen","version":"v4","lastModified":"2024-09-04","category":"display","kind":"webfonts#webfont","menu":"https://fonts.gstatic.com/s/silkscreen/v4/m8JXjfVPf62XiF7kO-i9YLVlbg.ttf"},{"family":"Simonetta","version":"v27","lastModified":"2024-09-04","category":"display","kind":"webfonts#webfont","menu":"https://fonts.gstatic.com/s/simonetta/v27/x3dickHVYrCU5BU15c4xffoG.ttf"},{"family":"Single Day","version":"v17","lastModified":"2024-08-12","category":"display","kind":"webfonts#webfont","menu":"https://fonts.gstatic.com/s/singleday/v17/LYjHdGDjlEgoAcF95EI5vVsPVA.ttf"},{"family":"Sintony","version":"v15","lastModified":"2024-09-04","category":"sans-serif","kind":"webfonts#webfont","menu":"https://fonts.gstatic.com/s/sintony/v15/XoHm2YDqR7-98cVUETUtvw.ttf"},{"family":"Sirin Stencil","version":"v25","lastModified":"2024-09-04","category":"display","kind":"webfonts#webfont","menu":"https://fonts.gstatic.com/s/sirinstencil/v25/mem4YaWwznmLx-lzGfN7MdRyRclMAg.ttf"},{"family":"Six Caps","version":"v21","lastModified":"2024-11-20","category":"sans-serif","kind":"webfonts#webfont","menu":"https://fonts.gstatic.com/s/sixcaps/v21/6ae_4KGrU7VR7bNmaYcT_3E.ttf"},{"family":"Sixtyfour","version":"v1","lastModified":"2024-09-04","category":"monospace","kind":"webfonts#webfont","menu":"https://fonts.gstatic.com/s/sixtyfour/v1/OD5vuMCT1numDm3nakXtp2h4jg463t9haG_3mBkVsV20uFT3BAE5f43ZlSA.ttf"},{"family":"Sixtyfour Convergence","version":"v1","lastModified":"2024-09-30","category":"monospace","kind":"webfonts#webfont","menu":"https://fonts.gstatic.com/s/sixtyfourconvergence/v1/m8IQjepPf7mIglv5K__zM9srGA7wurbybZMfZsqG2Q6EWlJro5FJSJ4acT9PoOPwGgieaK7zkSpdXP-GrR9Yw9Tg7E4HGLbUKPlOh102topulw.ttf"},{"family":"Skranji","version":"v13","lastModified":"2024-09-04","category":"display","kind":"webfonts#webfont","menu":"https://fonts.gstatic.com/s/skranji/v13/OZpDg_dtriVFNerMUzqklg.ttf"},{"family":"Slabo 13px","version":"v15","lastModified":"2024-09-04","category":"serif","kind":"webfonts#webfont","menu":"https://fonts.gstatic.com/s/slabo13px/v15/11hEGp_azEvXZUdSBzzRQKah3w.ttf"},{"family":"Slabo 27px","version":"v14","lastModified":"2024-09-04","category":"serif","kind":"webfonts#webfont","menu":"https://fonts.gstatic.com/s/slabo27px/v14/mFT0WbgBwKPR_Z4hGN2qgxkD0A.ttf"},{"family":"Slackey","version":"v28","lastModified":"2024-09-04","category":"display","kind":"webfonts#webfont","menu":"https://fonts.gstatic.com/s/slackey/v28/N0bV2SdQO-5yM0-dGlVQIQ.ttf"},{"family":"Slackside One","version":"v11","lastModified":"2024-08-07","category":"handwriting","kind":"webfonts#webfont","menu":"https://fonts.gstatic.com/s/slacksideone/v11/EJRQQgMrXdcGsiBuvnRxodTwZy_fpQ.ttf"},{"family":"Smokum","version":"v29","lastModified":"2024-11-20","category":"display","kind":"webfonts#webfont","menu":"https://fonts.gstatic.com/s/smokum/v29/TK3iWkUbAhopmrd2Hz8D.ttf"},{"family":"Smooch","version":"v7","lastModified":"2024-09-04","category":"handwriting","kind":"webfonts#webfont","menu":"https://fonts.gstatic.com/s/smooch/v7/o-0LIps4xW8U1xUxj6B7.ttf"},{"family":"Smooch Sans","version":"v13","lastModified":"2024-09-04","category":"sans-serif","kind":"webfonts#webfont","menu":"https://fonts.gstatic.com/s/smoochsans/v13/c4mz1n5uGsXss2LJh1QH6b129FZvxPj6I4oiwUBYd6ga.ttf"},{"family":"Smythe","version":"v23","lastModified":"2024-09-04","category":"display","kind":"webfonts#webfont","menu":"https://fonts.gstatic.com/s/smythe/v23/MwQ3bhT01--coT1xObJ7.ttf"},{"family":"Sniglet","version":"v17","lastModified":"2024-09-04","category":"display","kind":"webfonts#webfont","menu":"https://fonts.gstatic.com/s/sniglet/v17/cIf9MaFLtkE3UjaJ9CihZA.ttf"},{"family":"Snippet","version":"v21","lastModified":"2024-09-04","category":"sans-serif","kind":"webfonts#webfont","menu":"https://fonts.gstatic.com/s/snippet/v21/bWt47f7XfQH9Gupu6v7KeQ.ttf"},{"family":"Snowburst One","version":"v20","lastModified":"2024-09-04","category":"display","kind":"webfonts#webfont","menu":"https://fonts.gstatic.com/s/snowburstone/v20/MQpS-WezKdujBsXY3B7I-UT7SZ6eOw.ttf"},{"family":"Sofadi One","version":"v21","lastModified":"2024-09-04","category":"display","kind":"webfonts#webfont","menu":"https://fonts.gstatic.com/s/sofadione/v21/JIA2UVBxdnVBuElZaMFGQDKCFQ.ttf"},{"family":"Sofia","version":"v14","lastModified":"2024-09-04","category":"handwriting","kind":"webfonts#webfont","menu":"https://fonts.gstatic.com/s/sofia/v14/8QIHdirahM3j_su_uIg.ttf"},{"family":"Sofia Sans","version":"v16","lastModified":"2024-09-04","category":"sans-serif","kind":"webfonts#webfont","menu":"https://fonts.gstatic.com/s/sofiasans/v16/Yq6E-LCVXSLy9uPBwlAThu1SY8Cx8rlT69B6sJ3spPY.ttf"},{"family":"Sofia Sans Condensed","version":"v2","lastModified":"2024-09-04","category":"sans-serif","kind":"webfonts#webfont","menu":"https://fonts.gstatic.com/s/sofiasanscondensed/v2/r05xGKVS5aVKd567NYXawnFKJaTtoAuLnK0EjiAN5s9CZwUqh-Gcls4K.ttf"},{"family":"Sofia Sans Extra Condensed","version":"v2","lastModified":"2024-09-04","category":"sans-serif","kind":"webfonts#webfont","menu":"https://fonts.gstatic.com/s/sofiasansextracondensed/v2/raxdHjafvdAIOju4GcIfJH0i7zi50X3zRtuLNiMS0d6iDr-MD5Si9NGLmmi0fjOI.ttf"},{"family":"Sofia Sans Semi Condensed","version":"v4","lastModified":"2024-09-04","category":"sans-serif","kind":"webfonts#webfont","menu":"https://fonts.gstatic.com/s/sofiasanssemicondensed/v4/46kOlaPnUDrQoNsWDCGXXxYlujh5Wv0nwP4RwxURm28cA7YLHsIVvoobEd9SE6w.ttf"},{"family":"Solitreo","version":"v2","lastModified":"2024-09-04","category":"handwriting","kind":"webfonts#webfont","menu":"https://fonts.gstatic.com/s/solitreo/v2/r05YGLlS5a9KYsyNO_uowjI.ttf"},{"family":"Solway","version":"v18","lastModified":"2024-09-04","category":"serif","kind":"webfonts#webfont","menu":"https://fonts.gstatic.com/s/solway/v18/AMOQz46Cs2uTAOCmg3o5.ttf"},{"family":"Sometype Mono","version":"v1","lastModified":"2024-09-04","category":"monospace","kind":"webfonts#webfont","menu":"https://fonts.gstatic.com/s/sometypemono/v1/70lGu745KGk_R3uxyq0WrROhAJiJsJ_eTWllpTAMGH9biwQ.ttf"},{"family":"Song Myung","version":"v20","lastModified":"2024-08-12","category":"serif","kind":"webfonts#webfont","menu":"https://fonts.gstatic.com/s/songmyung/v20/1cX2aUDWAJH5-EIC7DIhn1CggQ.ttf"},{"family":"Sono","version":"v6","lastModified":"2024-09-04","category":"sans-serif","kind":"webfonts#webfont","menu":"https://fonts.gstatic.com/s/sono/v6/aFT97PNiY3U2Cqf_aYEN64CYaK18YWJEsV6u-QLiOsxVtkWtE358.ttf"},{"family":"Sonsie One","version":"v21","lastModified":"2024-09-04","category":"display","kind":"webfonts#webfont","menu":"https://fonts.gstatic.com/s/sonsieone/v21/PbymFmP_EAnPqbKaoc18UVq21g.ttf"},{"family":"Sora","version":"v12","lastModified":"2024-09-04","category":"sans-serif","kind":"webfonts#webfont","menu":"https://fonts.gstatic.com/s/sora/v12/xMQOuFFYT72X5wkB_18qmnndmSdSnk-LKQc.ttf"},{"family":"Sorts Mill Goudy","version":"v15","lastModified":"2024-09-04","category":"serif","kind":"webfonts#webfont","menu":"https://fonts.gstatic.com/s/sortsmillgoudy/v15/Qw3GZR9MED_6PSuS_50nEaVrfzgEbHwEig.ttf"},{"family":"Sour Gummy","version":"v1","lastModified":"2024-11-07","category":"sans-serif","kind":"webfonts#webfont","menu":"https://fonts.gstatic.com/s/sourgummy/v1/8AtGGs2gPYuNDii97MjjBrLbYfdJvDU5AZfP5opPVCC4oC5ANR1N88Nk9lqI.ttf"},{"family":"Source Code Pro","version":"v23","lastModified":"2024-09-04","category":"monospace","kind":"webfonts#webfont","menu":"https://fonts.gstatic.com/s/sourcecodepro/v23/HI_diYsKILxRpg3hIP6sJ7fM7PqPMcMnZFqUwX28DMyQtM9rSQ.ttf"},{"family":"Source Sans 3","version":"v15","lastModified":"2024-09-04","category":"sans-serif","kind":"webfonts#webfont","menu":"https://fonts.gstatic.com/s/sourcesans3/v15/nwpBtKy2OAdR1K-IwhWudF-R9QMylBJAV3Bo8Ky462EM9C4.ttf"},{"family":"Source Serif 4","version":"v8","lastModified":"2024-09-04","category":"serif","kind":"webfonts#webfont","menu":"https://fonts.gstatic.com/s/sourceserif4/v8/vEFy2_tTDB4M7-auWDN0ahZJW3IX2ih5nk3AucvUHf6OAVIJmeUDygwjihdqnh1dCw.ttf"},{"family":"Space Grotesk","version":"v16","lastModified":"2024-09-04","category":"sans-serif","kind":"webfonts#webfont","menu":"https://fonts.gstatic.com/s/spacegrotesk/v16/V8mQoQDjQSkFtoMM3T6r8E7mF71Q-gOoraIAEj7oUXsiPMU.ttf"},{"family":"Space Mono","version":"v14","lastModified":"2024-09-30","category":"monospace","kind":"webfonts#webfont","menu":"https://fonts.gstatic.com/s/spacemono/v14/i7dPIFZifjKcF5UAWdDRYEd8QA.ttf"},{"family":"Special Elite","version":"v19","lastModified":"2024-11-20","category":"display","kind":"webfonts#webfont","menu":"https://fonts.gstatic.com/s/specialelite/v19/XLYgIZbkc4JPUL5CVArUVL0ntnYOTQ.ttf"},{"family":"Spectral","version":"v14","lastModified":"2024-11-05","category":"serif","kind":"webfonts#webfont","menu":"https://fonts.gstatic.com/s/spectral/v14/rnCr-xNNww_2s0amA9M_kn0.ttf"},{"family":"Spectral SC","version":"v14","lastModified":"2024-11-05","category":"serif","kind":"webfonts#webfont","menu":"https://fonts.gstatic.com/s/spectralsc/v14/KtkpALCRZonmalTgyPmRfsWj42Q.ttf"},{"family":"Spicy Rice","version":"v26","lastModified":"2024-11-20","category":"display","kind":"webfonts#webfont","menu":"https://fonts.gstatic.com/s/spicyrice/v26/uK_24rSEd-Uqwk4jY1RyKv68Xg.ttf"},{"family":"Spinnaker","version":"v19","lastModified":"2024-09-04","category":"sans-serif","kind":"webfonts#webfont","menu":"https://fonts.gstatic.com/s/spinnaker/v19/w8gYH2oyX-I0_rvR6HmX3XYP.ttf"},{"family":"Spirax","version":"v21","lastModified":"2024-09-04","category":"display","kind":"webfonts#webfont","menu":"https://fonts.gstatic.com/s/spirax/v21/buE3poKgYNLy0F3sX0Fp.ttf"},{"family":"Splash","version":"v6","lastModified":"2024-09-04","category":"handwriting","kind":"webfonts#webfont","menu":"https://fonts.gstatic.com/s/splash/v6/KtksAL2RZoDkbU6RpfnC.ttf"},{"family":"Spline Sans","version":"v10","lastModified":"2024-09-04","category":"sans-serif","kind":"webfonts#webfont","menu":"https://fonts.gstatic.com/s/splinesans/v10/_6_sED73Uf-2WfU2LzycEZousNzn1a1lKWRpOFnoE9Hh.ttf"},{"family":"Spline Sans Mono","version":"v10","lastModified":"2024-09-04","category":"monospace","kind":"webfonts#webfont","menu":"https://fonts.gstatic.com/s/splinesansmono/v10/R70MjzAei_CDNLfgZxrW6wrZOF2WdZ6xabUGSVtNuGBiMotUwYM.ttf"},{"family":"Squada One","version":"v18","lastModified":"2024-09-04","category":"display","kind":"webfonts#webfont","menu":"https://fonts.gstatic.com/s/squadaone/v18/BCasqZ8XsOrx4mcOk6MtaaE2XA.ttf"},{"family":"Square Peg","version":"v5","lastModified":"2024-09-04","category":"handwriting","kind":"webfonts#webfont","menu":"https://fonts.gstatic.com/s/squarepeg/v5/y83eW48Nzw6ZlUHc-phrNDDhGA.ttf"},{"family":"Sree Krushnadevaraya","version":"v21","lastModified":"2024-08-12","category":"serif","kind":"webfonts#webfont","menu":"https://fonts.gstatic.com/s/sreekrushnadevaraya/v21/R70FjzQeifmPepmyQQjQ9kvwMkWYPfTA_HWa0lw.ttf"},{"family":"Sriracha","version":"v14","lastModified":"2024-09-04","category":"handwriting","kind":"webfonts#webfont","menu":"https://fonts.gstatic.com/s/sriracha/v14/0nkrC9D4IuYBgWcI9NbZTwQ.ttf"},{"family":"Srisakdi","version":"v16","lastModified":"2024-09-04","category":"display","kind":"webfonts#webfont","menu":"https://fonts.gstatic.com/s/srisakdi/v16/yMJRMIlvdpDbkB0A-gq9dyg.ttf"},{"family":"Staatliches","version":"v13","lastModified":"2024-09-04","category":"display","kind":"webfonts#webfont","menu":"https://fonts.gstatic.com/s/staatliches/v13/HI_OiY8KO6hCsQSoAPmtMYedvpU.ttf"},{"family":"Stalemate","version":"v22","lastModified":"2024-09-04","category":"handwriting","kind":"webfonts#webfont","menu":"https://fonts.gstatic.com/s/stalemate/v22/taiIGmZ_EJq97-UfkZRZu66o.ttf"},{"family":"Stalinist One","version":"v56","lastModified":"2024-09-04","category":"display","kind":"webfonts#webfont","menu":"https://fonts.gstatic.com/s/stalinistone/v56/MQpS-WezM9W4Dd7D3B7I-UT7SZ6eOw.ttf"},{"family":"Stardos Stencil","version":"v15","lastModified":"2024-09-04","category":"display","kind":"webfonts#webfont","menu":"https://fonts.gstatic.com/s/stardosstencil/v15/X7n94bcuGPC8hrvEOHXOgaKCc2Th7l5z.ttf"},{"family":"Stick","version":"v18","lastModified":"2024-09-04","category":"sans-serif","kind":"webfonts#webfont","menu":"https://fonts.gstatic.com/s/stick/v18/Qw3TZQpMCyTtJRvetvE.ttf"},{"family":"Stick No Bills","version":"v15","lastModified":"2024-09-04","category":"sans-serif","kind":"webfonts#webfont","menu":"https://fonts.gstatic.com/s/sticknobills/v15/bWts7ffXZwHuAa9Uld-oEK4QKlxj9f9t_7uEmjcVv8QLK7K0.ttf"},{"family":"Stint Ultra Condensed","version":"v23","lastModified":"2024-09-04","category":"serif","kind":"webfonts#webfont","menu":"https://fonts.gstatic.com/s/stintultracondensed/v23/-W_gXIrsVjjeyEnPC45qD2NoFPtBE0xCh2AOqx8K.ttf"},{"family":"Stint Ultra Expanded","version":"v22","lastModified":"2024-09-04","category":"serif","kind":"webfonts#webfont","menu":"https://fonts.gstatic.com/s/stintultraexpanded/v22/CSRg4yNNh-GbW3o3JkwoDcdvMKMf0oBAd3qpCzA.ttf"},{"family":"STIX Two Text","version":"v12","lastModified":"2024-09-04","category":"serif","kind":"webfonts#webfont","menu":"https://fonts.gstatic.com/s/stixtwotext/v12/YA9Gr02F12Xkf5whdwKf11l0jbKkeidMTtZ5Yihg2ROZURU.ttf"},{"family":"Stoke","version":"v24","lastModified":"2024-09-04","category":"serif","kind":"webfonts#webfont","menu":"https://fonts.gstatic.com/s/stoke/v24/z7NadRb7aTMfKNNodCw.ttf"},{"family":"Strait","version":"v17","lastModified":"2024-09-04","category":"sans-serif","kind":"webfonts#webfont","menu":"https://fonts.gstatic.com/s/strait/v17/DtViJxy6WaEr1LZDeTJp.ttf"},{"family":"Style Script","version":"v11","lastModified":"2024-09-04","category":"handwriting","kind":"webfonts#webfont","menu":"https://fonts.gstatic.com/s/stylescript/v11/vm8xdRX3SV7Z0aPa88xzW5nZeV7_.ttf"},{"family":"Stylish","version":"v22","lastModified":"2024-08-12","category":"sans-serif","kind":"webfonts#webfont","menu":"https://fonts.gstatic.com/s/stylish/v22/m8JSjfhPYriQkk7-TozzcA.ttf"},{"family":"Sue Ellen Francisco","version":"v20","lastModified":"2024-09-04","category":"handwriting","kind":"webfonts#webfont","menu":"https://fonts.gstatic.com/s/sueellenfrancisco/v20/wXK3E20CsoJ9j1DDkjHcQ5ZL8xRaxru9notP3g.ttf"},{"family":"Suez One","version":"v13","lastModified":"2024-09-04","category":"serif","kind":"webfonts#webfont","menu":"https://fonts.gstatic.com/s/suezone/v13/taiJGmd_EZ6rqscQgOFImo4.ttf"},{"family":"Sulphur Point","version":"v15","lastModified":"2024-09-04","category":"sans-serif","kind":"webfonts#webfont","menu":"https://fonts.gstatic.com/s/sulphurpoint/v15/RLp5K5vv8KaycDcazWFPBj2adfgYvw.ttf"},{"family":"Sumana","version":"v10","lastModified":"2024-09-04","category":"serif","kind":"webfonts#webfont","menu":"https://fonts.gstatic.com/s/sumana/v10/4UaDrE5TqRBjGj-28RLm.ttf"},{"family":"Sunflower","version":"v16","lastModified":"2024-08-12","category":"sans-serif","kind":"webfonts#webfont","menu":"https://fonts.gstatic.com/s/sunflower/v16/RWmPoKeF8fUjqIj7Vc-06MfSqIEC.ttf"},{"family":"Sunshiney","version":"v24","lastModified":"2024-09-04","category":"handwriting","kind":"webfonts#webfont","menu":"https://fonts.gstatic.com/s/sunshiney/v24/LDIwapGTLBwsS-wT4vcQEsOs.ttf"},{"family":"Supermercado One","version":"v27","lastModified":"2024-11-20","category":"display","kind":"webfonts#webfont","menu":"https://fonts.gstatic.com/s/supermercadoone/v27/OpNXnpQWg8jc_xps_Gi14kVVEXOn20f9NA.ttf"},{"family":"Sura","version":"v19","lastModified":"2024-09-04","category":"serif","kind":"webfonts#webfont","menu":"https://fonts.gstatic.com/s/sura/v19/SZc23FL5PbyzJf9eXw.ttf"},{"family":"Suranna","version":"v13","lastModified":"2024-08-12","category":"serif","kind":"webfonts#webfont","menu":"https://fonts.gstatic.com/s/suranna/v13/gokuH6ztGkFjWe58hBVTSw.ttf"},{"family":"Suravaram","version":"v21","lastModified":"2024-08-12","category":"serif","kind":"webfonts#webfont","menu":"https://fonts.gstatic.com/s/suravaram/v21/_gP61R_usiY7SCym4xIwimSx.ttf"},{"family":"SUSE","version":"v1","lastModified":"2024-08-28","category":"sans-serif","kind":"webfonts#webfont","menu":"https://fonts.gstatic.com/s/suse/v1/MwQsbhb078Wt81NpzELmC2QqjbGG7mq8bHY.ttf"},{"family":"Suwannaphum","version":"v31","lastModified":"2024-08-12","category":"serif","kind":"webfonts#webfont","menu":"https://fonts.gstatic.com/s/suwannaphum/v31/jAnCgHV7GtDvc8jbe8hXXLWk9cQ.ttf"},{"family":"Swanky and Moo Moo","version":"v23","lastModified":"2024-11-20","category":"handwriting","kind":"webfonts#webfont","menu":"https://fonts.gstatic.com/s/swankyandmoomoo/v23/flUlRrKz24IuWVI_WJYTYcqbEsMUZ3kktLng.ttf"},{"family":"Syncopate","version":"v22","lastModified":"2024-11-20","category":"sans-serif","kind":"webfonts#webfont","menu":"https://fonts.gstatic.com/s/syncopate/v22/pe0sMIuPIYBCpEV5eFdCA_e6.ttf"},{"family":"Syne","version":"v22","lastModified":"2024-09-04","category":"sans-serif","kind":"webfonts#webfont","menu":"https://fonts.gstatic.com/s/syne/v22/8vIS7w4qzmVxsWxjBZRjr0FKM_04uQ6lTYo.ttf"},{"family":"Syne Mono","version":"v15","lastModified":"2024-09-04","category":"monospace","kind":"webfonts#webfont","menu":"https://fonts.gstatic.com/s/synemono/v15/K2FzfZNHj_FHBmRbFvHDI6qg.ttf"},{"family":"Syne Tactile","version":"v15","lastModified":"2024-09-04","category":"display","kind":"webfonts#webfont","menu":"https://fonts.gstatic.com/s/synetactile/v15/11hGGpna2UTQKjMCVzjAPMKR3iEZ.ttf"},{"family":"Tac One","version":"v4","lastModified":"2024-09-04","category":"sans-serif","kind":"webfonts#webfont","menu":"https://fonts.gstatic.com/s/tacone/v4/ahcZv8Cj3zw7qDr8TO8rVw.ttf"},{"family":"Tai Heritage Pro","version":"v6","lastModified":"2023-05-31","category":"serif","kind":"webfonts#webfont","menu":"https://fonts.gstatic.com/s/taiheritagepro/v6/sZlfdQid-zgaNiNIYcUzJMU3IYyNkH1YFA.ttf"},{"family":"Tajawal","version":"v10","lastModified":"2024-09-04","category":"sans-serif","kind":"webfonts#webfont","menu":"https://fonts.gstatic.com/s/tajawal/v10/Iura6YBj_oCad4k1nzeBDg.ttf"},{"family":"Tangerine","version":"v17","lastModified":"2024-09-04","category":"handwriting","kind":"webfonts#webfont","menu":"https://fonts.gstatic.com/s/tangerine/v17/IurY6Y5j_oScZZow4VOxD5ZJ.ttf"},{"family":"Tapestry","version":"v4","lastModified":"2023-08-25","category":"handwriting","kind":"webfonts#webfont","menu":"https://fonts.gstatic.com/s/tapestry/v4/SlGTmQecrosEYXhaGCIloHQ.ttf"},{"family":"Taprom","version":"v27","lastModified":"2024-08-12","category":"display","kind":"webfonts#webfont","menu":"https://fonts.gstatic.com/s/taprom/v27/UcCn3F82JHycULb1QiMz.ttf"},{"family":"Tauri","version":"v18","lastModified":"2024-09-04","category":"sans-serif","kind":"webfonts#webfont","menu":"https://fonts.gstatic.com/s/tauri/v18/TwMA-IISS0AM3LpUUnE.ttf"},{"family":"Taviraj","version":"v13","lastModified":"2024-09-04","category":"serif","kind":"webfonts#webfont","menu":"https://fonts.gstatic.com/s/taviraj/v13/ahcZv8Cj3ylylTXzTO8rVw.ttf"},{"family":"Teachers","version":"v4","lastModified":"2024-09-04","category":"sans-serif","kind":"webfonts#webfont","menu":"https://fonts.gstatic.com/s/teachers/v4/H4c5BXKVncXVmUGsgTwx4E9oHx2xfjBr3poAYpRK.ttf"},{"family":"Teko","version":"v20","lastModified":"2024-09-04","category":"sans-serif","kind":"webfonts#webfont","menu":"https://fonts.gstatic.com/s/teko/v20/LYjYdG7kmE0gV69VVPPdFl06VN8XG4Sz1zY.ttf"},{"family":"Tektur","version":"v3","lastModified":"2024-09-04","category":"display","kind":"webfonts#webfont","menu":"https://fonts.gstatic.com/s/tektur/v3/XoHN2YHtS7q969kXCjzlV0aSkS_o8OacmTe0TYlYFot8TrwuVbtPacc.ttf"},{"family":"Telex","version":"v17","lastModified":"2024-09-04","category":"sans-serif","kind":"webfonts#webfont","menu":"https://fonts.gstatic.com/s/telex/v17/ieVw2Y1fKWmIO-fSDV4.ttf"},{"family":"Tenali Ramakrishna","version":"v12","lastModified":"2024-08-12","category":"sans-serif","kind":"webfonts#webfont","menu":"https://fonts.gstatic.com/s/tenaliramakrishna/v12/raxgHj6Yt9gAN3LLKs0BZVMo8jmwn1-MKZ_u.ttf"},{"family":"Tenor Sans","version":"v19","lastModified":"2024-09-04","category":"sans-serif","kind":"webfonts#webfont","menu":"https://fonts.gstatic.com/s/tenorsans/v19/bx6ANxqUneKx06UkIXISn3N4Dw.ttf"},{"family":"Text Me One","version":"v24","lastModified":"2024-09-04","category":"sans-serif","kind":"webfonts#webfont","menu":"https://fonts.gstatic.com/s/textmeone/v24/i7dOIFdlayuLUvgoFvHQFVZdYFI.ttf"},{"family":"Texturina","version":"v28","lastModified":"2024-09-04","category":"serif","kind":"webfonts#webfont","menu":"https://fonts.gstatic.com/s/texturina/v28/c4mM1nxpEtL3pXiAulRTkY-HGmNEX1b9NspjMwhAgliHhVrXy2eYGsUh0Z4.ttf"},{"family":"Thasadith","version":"v11","lastModified":"2024-09-04","category":"sans-serif","kind":"webfonts#webfont","menu":"https://fonts.gstatic.com/s/thasadith/v11/mtG44_1TIqPYrd_f5R1osUMQ.ttf"},{"family":"The Girl Next Door","version":"v23","lastModified":"2024-11-20","category":"handwriting","kind":"webfonts#webfont","menu":"https://fonts.gstatic.com/s/thegirlnextdoor/v23/pe0zMJCIMIsBjFxqYBIcZ6_OI5oFHCY4VrF_.ttf"},{"family":"The Nautigal","version":"v6","lastModified":"2024-09-04","category":"handwriting","kind":"webfonts#webfont","menu":"https://fonts.gstatic.com/s/thenautigal/v6/VdGZAZ8ZH51Lvng9fQV2bfKb5g9g.ttf"},{"family":"Tienne","version":"v20","lastModified":"2024-09-04","category":"serif","kind":"webfonts#webfont","menu":"https://fonts.gstatic.com/s/tienne/v20/AYCKpX7pe9YCRP07kUnD.ttf"},{"family":"Tillana","version":"v13","lastModified":"2024-09-04","category":"display","kind":"webfonts#webfont","menu":"https://fonts.gstatic.com/s/tillana/v13/VuJxdNvf35P4qJ1OSKfdPA.ttf"},{"family":"Tilt Neon","version":"v10","lastModified":"2024-09-04","category":"display","kind":"webfonts#webfont","menu":"https://fonts.gstatic.com/s/tiltneon/v10/E21L_d7gguXdwD9LEFY2WCeElCNtd-eBqpHp1TzrkJSmwpj5ndxquUK8UOI.ttf"},{"family":"Tilt Prism","version":"v11","lastModified":"2024-09-04","category":"display","kind":"webfonts#webfont","menu":"https://fonts.gstatic.com/s/tiltprism/v11/5h11iZgyPHoZ3YikNzWGfWey2dCAZXT-bH9V4VGn-FJ7tLI25oc_rIbAoD6v.ttf"},{"family":"Tilt Warp","version":"v12","lastModified":"2024-09-04","category":"display","kind":"webfonts#webfont","menu":"https://fonts.gstatic.com/s/tiltwarp/v12/AlZc_zVDs5XpmO7yn3w7flUoytXJp3z29uEwmEMLEJljLXvT8UJSZQBwC1M.ttf"},{"family":"Timmana","version":"v12","lastModified":"2024-08-12","category":"sans-serif","kind":"webfonts#webfont","menu":"https://fonts.gstatic.com/s/timmana/v12/6xKvdShfL9yK-rvpOmrRLA.ttf"},{"family":"Tinos","version":"v24","lastModified":"2024-09-04","category":"serif","kind":"webfonts#webfont","menu":"https://fonts.gstatic.com/s/tinos/v24/buE4poGnedXvwjX9fmE.ttf"},{"family":"Tiny5","version":"v3","lastModified":"2024-12-10","category":"sans-serif","kind":"webfonts#webfont","menu":"https://fonts.gstatic.com/s/tiny5/v3/KFOpCnmCvdGT7iw_xUw.ttf"},{"family":"Tiro Bangla","version":"v6","lastModified":"2024-09-04","category":"serif","kind":"webfonts#webfont","menu":"https://fonts.gstatic.com/s/tirobangla/v6/IFSgHe1Tm95E3O8b5i2V8PG880c.ttf"},{"family":"Tiro Devanagari Hindi","version":"v5","lastModified":"2024-09-04","category":"serif","kind":"webfonts#webfont","menu":"https://fonts.gstatic.com/s/tirodevanagarihindi/v5/55xyezN7P8T4e0_CfIJrwdodg9HoYw0i-M9vSeMK.ttf"},{"family":"Tiro Devanagari Marathi","version":"v5","lastModified":"2024-09-04","category":"serif","kind":"webfonts#webfont","menu":"https://fonts.gstatic.com/s/tirodevanagarimarathi/v5/fC1xPZBSZHrRhS3rd4M0MAPNJUHl4znXCxAkouDqBpI.ttf"},{"family":"Tiro Devanagari Sanskrit","version":"v5","lastModified":"2024-09-04","category":"serif","kind":"webfonts#webfont","menu":"https://fonts.gstatic.com/s/tirodevanagarisanskrit/v5/MCoAzBbr09vVUgVBM8FWu_yZdZkhkg-I0nUlb59ZE4su.ttf"},{"family":"Tiro Gurmukhi","version":"v6","lastModified":"2024-09-04","category":"serif","kind":"webfonts#webfont","menu":"https://fonts.gstatic.com/s/tirogurmukhi/v6/x3dmckXSYq-Uqjc048JUF7Jvpy_NBQ.ttf"},{"family":"Tiro Kannada","version":"v6","lastModified":"2024-09-04","category":"serif","kind":"webfonts#webfont","menu":"https://fonts.gstatic.com/s/tirokannada/v6/CSR44ztKmvqaDxEDJFY7CIY6SfN-.ttf"},{"family":"Tiro Tamil","version":"v10","lastModified":"2024-09-04","category":"serif","kind":"webfonts#webfont","menu":"https://fonts.gstatic.com/s/tirotamil/v10/m8JXjfVIf7OT22n3M-S_YLVlbg.ttf"},{"family":"Tiro Telugu","version":"v7","lastModified":"2024-09-04","category":"serif","kind":"webfonts#webfont","menu":"https://fonts.gstatic.com/s/tirotelugu/v7/aFTQ7PxlZWk2EPiSymjXdJSMSK0.ttf"},{"family":"Titan One","version":"v15","lastModified":"2024-09-04","category":"display","kind":"webfonts#webfont","menu":"https://fonts.gstatic.com/s/titanone/v15/mFTzWbsGxbbS_J5cQcjCkjgj.ttf"},{"family":"Titillium Web","version":"v17","lastModified":"2024-09-04","category":"sans-serif","kind":"webfonts#webfont","menu":"https://fonts.gstatic.com/s/titilliumweb/v17/NaPecZTIAOhVxoMyOr9n_E7fdMXmCA.ttf"},{"family":"Tomorrow","version":"v17","lastModified":"2024-09-04","category":"sans-serif","kind":"webfonts#webfont","menu":"https://fonts.gstatic.com/s/tomorrow/v17/WBLmrETNbFtZCeGqgRXUe2U.ttf"},{"family":"Tourney","version":"v13","lastModified":"2024-09-04","category":"display","kind":"webfonts#webfont","menu":"https://fonts.gstatic.com/s/tourney/v13/AlZa_ztDtYzv1tzq1wcJnbVt7xseomk-tNs7qrzTWbyt8n7GOQFCZDBx.ttf"},{"family":"Trade Winds","version":"v17","lastModified":"2024-09-04","category":"display","kind":"webfonts#webfont","menu":"https://fonts.gstatic.com/s/tradewinds/v17/AYCPpXPpYNIIT7h8-QenM0Jr5vY.ttf"},{"family":"Train One","version":"v14","lastModified":"2024-09-04","category":"display","kind":"webfonts#webfont","menu":"https://fonts.gstatic.com/s/trainone/v14/gyB-hwkiNtc6KnxUVjW3O6zd.ttf"},{"family":"Trirong","version":"v15","lastModified":"2024-09-04","category":"serif","kind":"webfonts#webfont","menu":"https://fonts.gstatic.com/s/trirong/v15/7r3GqXNgp8wxdOdOn40o3Q.ttf"},{"family":"Trispace","version":"v24","lastModified":"2024-09-04","category":"sans-serif","kind":"webfonts#webfont","menu":"https://fonts.gstatic.com/s/trispace/v24/Yq65-LKSQC3o56LxxgRrtA6yBqsrXL5GI5KI-IUZVGsxWFIlbH9rkQh-yA.ttf"},{"family":"Trocchi","version":"v17","lastModified":"2024-09-04","category":"serif","kind":"webfonts#webfont","menu":"https://fonts.gstatic.com/s/trocchi/v17/qWcqB6WkuIDxDZLcPrpeuA.ttf"},{"family":"Trochut","version":"v22","lastModified":"2024-09-04","category":"display","kind":"webfonts#webfont","menu":"https://fonts.gstatic.com/s/trochut/v22/CHyjV-fDDlP9bDIw1nWCeQ.ttf"},{"family":"Truculenta","version":"v22","lastModified":"2024-09-04","category":"sans-serif","kind":"webfonts#webfont","menu":"https://fonts.gstatic.com/s/truculenta/v22/LhWfMVvBKusVIfNYGi1-WvRVyDdZeeiySNppcu32Mb2f06y6Oa21F6XHi0VYDX_PzOupMlAigwYPGg.ttf"},{"family":"Trykker","version":"v21","lastModified":"2024-09-04","category":"serif","kind":"webfonts#webfont","menu":"https://fonts.gstatic.com/s/trykker/v21/KtktALyWZJXudUPztNjiPQ.ttf"},{"family":"Tsukimi Rounded","version":"v11","lastModified":"2024-08-07","category":"sans-serif","kind":"webfonts#webfont","menu":"https://fonts.gstatic.com/s/tsukimirounded/v11/sJoc3LJNksWZO0LvnZwkF3HtoB7dPHkK.ttf"},{"family":"Tulpen One","version":"v25","lastModified":"2024-09-04","category":"display","kind":"webfonts#webfont","menu":"https://fonts.gstatic.com/s/tulpenone/v25/dFa6ZfeC474skLgesc0Cajw6-A.ttf"},{"family":"Turret Road","version":"v9","lastModified":"2024-09-04","category":"display","kind":"webfonts#webfont","menu":"https://fonts.gstatic.com/s/turretroad/v9/pxiAypMgpcBFjE84Zv-fE0tEMPc.ttf"},{"family":"Twinkle Star","version":"v6","lastModified":"2024-09-04","category":"handwriting","kind":"webfonts#webfont","menu":"https://fonts.gstatic.com/s/twinklestar/v6/pe0pMI6IL4dPoFl9LGEmY6WqAv5q.ttf"},{"family":"Ubuntu","version":"v20","lastModified":"2024-09-04","category":"sans-serif","kind":"webfonts#webfont","menu":"https://fonts.gstatic.com/s/ubuntu/v20/4iCs6KVjbNBYlgoKeQ7z.ttf"},{"family":"Ubuntu Condensed","version":"v16","lastModified":"2024-09-04","category":"sans-serif","kind":"webfonts#webfont","menu":"https://fonts.gstatic.com/s/ubuntucondensed/v16/u-4k0rCzjgs5J7oXnJcM_0kACGMtT-bfrg.ttf"},{"family":"Ubuntu Mono","version":"v17","lastModified":"2024-09-04","category":"monospace","kind":"webfonts#webfont","menu":"https://fonts.gstatic.com/s/ubuntumono/v17/KFOjCneDtsqEr0keqCMhbCc8CsE.ttf"},{"family":"Ubuntu Sans","version":"v2","lastModified":"2024-09-04","category":"sans-serif","kind":"webfonts#webfont","menu":"https://fonts.gstatic.com/s/ubuntusans/v2/co3omWd6mSRtB7_9UaLWwJnCq5ALePfPu1tPcW235R53LqrCPWbujzt6OfuBUA.ttf"},{"family":"Ubuntu Sans Mono","version":"v1","lastModified":"2024-09-04","category":"monospace","kind":"webfonts#webfont","menu":"https://fonts.gstatic.com/s/ubuntusansmono/v1/jVyc7mzgBHrR5yE7ZyRg0QRJMKI4zAbgjc1t-pKe27Ev_nYQgKM.ttf"},{"family":"Uchen","version":"v9","lastModified":"2024-09-04","category":"serif","kind":"webfonts#webfont","menu":"https://fonts.gstatic.com/s/uchen/v9/nKKZ-GokGZ1baLaTGwU.ttf"},{"family":"Ultra","version":"v24","lastModified":"2024-11-20","category":"serif","kind":"webfonts#webfont","menu":"https://fonts.gstatic.com/s/ultra/v24/zOLy4prXmrtY-uT7wrc.ttf"},{"family":"Unbounded","version":"v8","lastModified":"2024-09-30","category":"sans-serif","kind":"webfonts#webfont","menu":"https://fonts.gstatic.com/s/unbounded/v8/Yq6F-LOTXCb04q32xlpat-6uR42XTqtG6xjx44zNhA.ttf"},{"family":"Uncial Antiqua","version":"v21","lastModified":"2024-11-20","category":"display","kind":"webfonts#webfont","menu":"https://fonts.gstatic.com/s/uncialantiqua/v21/N0bM2S5WOex4OUbESzoESK-i-MfQQZE.ttf"},{"family":"Underdog","version":"v23","lastModified":"2024-09-04","category":"display","kind":"webfonts#webfont","menu":"https://fonts.gstatic.com/s/underdog/v23/CHygV-jCElj7diMroWSjWVo.ttf"},{"family":"Unica One","version":"v18","lastModified":"2024-09-04","category":"display","kind":"webfonts#webfont","menu":"https://fonts.gstatic.com/s/unicaone/v18/DPEuYwWHyAYGVTSmalsRd93b.ttf"},{"family":"UnifrakturCook","version":"v23","lastModified":"2024-09-04","category":"display","kind":"webfonts#webfont","menu":"https://fonts.gstatic.com/s/unifrakturcook/v23/IurA6Yli8YOdcoky-0PTTdkm56n05Xw01oY.ttf"},{"family":"UnifrakturMaguntia","version":"v20","lastModified":"2024-09-04","category":"display","kind":"webfonts#webfont","menu":"https://fonts.gstatic.com/s/unifrakturmaguntia/v20/WWXPlieVYwiGNomYU-ciRLRvEmK7oaVenmZJ.ttf"},{"family":"Unkempt","version":"v21","lastModified":"2024-09-04","category":"display","kind":"webfonts#webfont","menu":"https://fonts.gstatic.com/s/unkempt/v21/2EbnL-Z2DFZue0DSeYcV9w.ttf"},{"family":"Unlock","version":"v26","lastModified":"2024-09-04","category":"display","kind":"webfonts#webfont","menu":"https://fonts.gstatic.com/s/unlock/v26/7Au-p_8ykD-cDl72KQLW.ttf"},{"family":"Unna","version":"v23","lastModified":"2024-09-04","category":"serif","kind":"webfonts#webfont","menu":"https://fonts.gstatic.com/s/unna/v23/AYCEpXzofN0NOpkLkA.ttf"},{"family":"Updock","version":"v5","lastModified":"2024-09-04","category":"handwriting","kind":"webfonts#webfont","menu":"https://fonts.gstatic.com/s/updock/v5/nuF4D_3dVZ70UI9ijbiz.ttf"},{"family":"Urbanist","version":"v15","lastModified":"2024-09-04","category":"sans-serif","kind":"webfonts#webfont","menu":"https://fonts.gstatic.com/s/urbanist/v15/L0xjDF02iFML4hGCyOCpRdycFsGxSrqDyx4vF5mv.ttf"},{"family":"Vampiro One","version":"v18","lastModified":"2024-09-04","category":"display","kind":"webfonts#webfont","menu":"https://fonts.gstatic.com/s/vampiroone/v18/gokqH6DoDl5yXvJytFsdLnqmuPw.ttf"},{"family":"Varela","version":"v16","lastModified":"2024-09-04","category":"sans-serif","kind":"webfonts#webfont","menu":"https://fonts.gstatic.com/s/varela/v16/DPEtYwqExx0AWHX5BR4B.ttf"},{"family":"Varela Round","version":"v20","lastModified":"2024-09-04","category":"sans-serif","kind":"webfonts#webfont","menu":"https://fonts.gstatic.com/s/varelaround/v20/w8gdH283Tvk__Lua32TysjIfocuK.ttf"},{"family":"Varta","version":"v21","lastModified":"2024-09-04","category":"sans-serif","kind":"webfonts#webfont","menu":"https://fonts.gstatic.com/s/varta/v21/Qw3AZQpJHj_6LzHUngWbrFkDH1x9tD40i7s6.ttf"},{"family":"Vast Shadow","version":"v19","lastModified":"2024-09-04","category":"serif","kind":"webfonts#webfont","menu":"https://fonts.gstatic.com/s/vastshadow/v19/pe0qMImKOZ1V62ZwbVY9dce7I94.ttf"},{"family":"Vazirmatn","version":"v13","lastModified":"2024-09-04","category":"sans-serif","kind":"webfonts#webfont","menu":"https://fonts.gstatic.com/s/vazirmatn/v13/Dxx78j6PP2D_kU2muijPEe1n2vVbfJRklWgzCRaT6w.ttf"},{"family":"Vesper Libre","version":"v19","lastModified":"2024-09-04","category":"serif","kind":"webfonts#webfont","menu":"https://fonts.gstatic.com/s/vesperlibre/v19/bx6CNxyWnf-uxPdXDHUD_RdIDkWJ.ttf"},{"family":"Viaoda Libre","version":"v18","lastModified":"2024-09-04","category":"display","kind":"webfonts#webfont","menu":"https://fonts.gstatic.com/s/viaodalibre/v18/vEFW2_lWCgoR6OKuRz9kcRV5bmgc.ttf"},{"family":"Vibes","version":"v14","lastModified":"2024-09-04","category":"display","kind":"webfonts#webfont","menu":"https://fonts.gstatic.com/s/vibes/v14/QdVYSTsmIB6tmYd2FJI.ttf"},{"family":"Vibur","version":"v23","lastModified":"2024-09-04","category":"handwriting","kind":"webfonts#webfont","menu":"https://fonts.gstatic.com/s/vibur/v23/DPEiYwmEzw0QRgToJD4.ttf"},{"family":"Victor Mono","version":"v3","lastModified":"2024-09-04","category":"monospace","kind":"webfonts#webfont","menu":"https://fonts.gstatic.com/s/victormono/v3/Yq6H-LGQWyfv-LGy7lEO09xRn-T81AVB_tCyO879hdaK.ttf"},{"family":"Vidaloka","version":"v18","lastModified":"2024-09-04","category":"serif","kind":"webfonts#webfont","menu":"https://fonts.gstatic.com/s/vidaloka/v18/7cHrv4c3ipenMKlEavs9wHo.ttf"},{"family":"Viga","version":"v14","lastModified":"2024-09-04","category":"sans-serif","kind":"webfonts#webfont","menu":"https://fonts.gstatic.com/s/viga/v14/xMQbuFFdSaiXzQMpCw.ttf"},{"family":"Vina Sans","version":"v6","lastModified":"2024-09-04","category":"display","kind":"webfonts#webfont","menu":"https://fonts.gstatic.com/s/vinasans/v6/m8JQjfZKf6-d2273MP7DcZRF.ttf"},{"family":"Voces","version":"v22","lastModified":"2024-09-04","category":"sans-serif","kind":"webfonts#webfont","menu":"https://fonts.gstatic.com/s/voces/v22/-F6_fjJyLyU8d7PADmo.ttf"},{"family":"Volkhov","version":"v17","lastModified":"2024-09-04","category":"serif","kind":"webfonts#webfont","menu":"https://fonts.gstatic.com/s/volkhov/v17/SlGQmQieoJcKemNecTMEgA.ttf"},{"family":"Vollkorn","version":"v27","lastModified":"2024-09-30","category":"serif","kind":"webfonts#webfont","menu":"https://fonts.gstatic.com/s/vollkorn/v27/0ybgGDoxxrvAnPhYGzMlQLzuMasz6Df2MHGeGGmZ.ttf"},{"family":"Vollkorn SC","version":"v11","lastModified":"2024-09-04","category":"serif","kind":"webfonts#webfont","menu":"https://fonts.gstatic.com/s/vollkornsc/v11/j8_v6-zQ3rXpceZj9cqnViF4Pns.ttf"},{"family":"Voltaire","version":"v21","lastModified":"2024-09-04","category":"sans-serif","kind":"webfonts#webfont","menu":"https://fonts.gstatic.com/s/voltaire/v21/1Pttg8PcRfSblAvGvTopaqE.ttf"},{"family":"VT323","version":"v17","lastModified":"2024-09-04","category":"monospace","kind":"webfonts#webfont","menu":"https://fonts.gstatic.com/s/vt323/v17/pxiKyp0ihIEF2isZFJA.ttf"},{"family":"Vujahday Script","version":"v8","lastModified":"2024-09-04","category":"handwriting","kind":"webfonts#webfont","menu":"https://fonts.gstatic.com/s/vujahdayscript/v8/RWmQoKGA8fEkrIPtSZ3_J7er2dUSDUFr.ttf"},{"family":"Waiting for the Sunrise","version":"v21","lastModified":"2024-11-20","category":"handwriting","kind":"webfonts#webfont","menu":"https://fonts.gstatic.com/s/waitingforthesunrise/v21/WBL1rFvOYl9CEv2i1mO6KUW8RKWJ2zoXoz5JsbZR_Bs.ttf"},{"family":"Wallpoet","version":"v20","lastModified":"2024-09-04","category":"display","kind":"webfonts#webfont","menu":"https://fonts.gstatic.com/s/wallpoet/v20/f0X10em2_8RnXVVdUObv58E.ttf"},{"family":"Walter Turncoat","version":"v23","lastModified":"2024-09-04","category":"handwriting","kind":"webfonts#webfont","menu":"https://fonts.gstatic.com/s/walterturncoat/v23/snfys0Gs98ln43n0d-14ULoToe6LYReZ.ttf"},{"family":"Warnes","version":"v27","lastModified":"2024-09-04","category":"display","kind":"webfonts#webfont","menu":"https://fonts.gstatic.com/s/warnes/v27/pONn1hc0GsW6sW5-pyqy.ttf"},{"family":"Water Brush","version":"v4","lastModified":"2024-09-04","category":"handwriting","kind":"webfonts#webfont","menu":"https://fonts.gstatic.com/s/waterbrush/v4/AYCPpXPqc8cJWLhp4hywKEJr5vY.ttf"},{"family":"Waterfall","version":"v6","lastModified":"2024-09-04","category":"handwriting","kind":"webfonts#webfont","menu":"https://fonts.gstatic.com/s/waterfall/v6/MCoRzAfo293fACdFKcwo27v4.ttf"},{"family":"Wavefont","version":"v12","lastModified":"2024-11-14","category":"display","kind":"webfonts#webfont","menu":"https://fonts.gstatic.com/s/wavefont/v12/L0xFDF00m0cP6hefyOCpRezQNuizSrqDyx8FHbFu21B3L4m0SEzuQYwq-f_JJ8I1WI3V04DGVq8.ttf"},{"family":"Wellfleet","version":"v23","lastModified":"2024-09-04","category":"serif","kind":"webfonts#webfont","menu":"https://fonts.gstatic.com/s/wellfleet/v23/nuF7D_LfQJb3VYgX6eyj4myP.ttf"},{"family":"Wendy One","version":"v18","lastModified":"2024-09-04","category":"sans-serif","kind":"webfonts#webfont","menu":"https://fonts.gstatic.com/s/wendyone/v18/2sDcZGJOipXfgfXV5wgzbmW8.ttf"},{"family":"Whisper","version":"v5","lastModified":"2024-09-04","category":"handwriting","kind":"webfonts#webfont","menu":"https://fonts.gstatic.com/s/whisper/v5/q5uHsoqtKftx74K9qihIAw.ttf"},{"family":"WindSong","version":"v11","lastModified":"2024-09-04","category":"handwriting","kind":"webfonts#webfont","menu":"https://fonts.gstatic.com/s/windsong/v11/KR1WBsyu-P-GFEW57o94F9U.ttf"},{"family":"Wire One","version":"v28","lastModified":"2024-09-04","category":"sans-serif","kind":"webfonts#webfont","menu":"https://fonts.gstatic.com/s/wireone/v28/qFdH35Wah5htUhV75VGjU94.ttf"},{"family":"Wittgenstein","version":"v2","lastModified":"2024-09-04","category":"serif","kind":"webfonts#webfont","menu":"https://fonts.gstatic.com/s/wittgenstein/v2/WBL3rEDOakJCHParhXGwMgvyJ8hdWNLC1kI61G4TzBrxYw.ttf"},{"family":"Wix Madefor Display","version":"v10","lastModified":"2024-09-04","category":"sans-serif","kind":"webfonts#webfont","menu":"https://fonts.gstatic.com/s/wixmadefordisplay/v10/SZcS3EX9IbbyeJ8aOluD52KXgUA_7Ed1I13G853Cp9duUYFhYmtltfk.ttf"},{"family":"Wix Madefor Text","version":"v13","lastModified":"2024-09-04","category":"sans-serif","kind":"webfonts#webfont","menu":"https://fonts.gstatic.com/s/wixmadefortext/v13/-W_oXI_oSymQ8Qj-Apx3HGN_Hu1RTCk5FtSDETgf0cK_NNeEiJA.ttf"},{"family":"Work Sans","version":"v19","lastModified":"2024-09-04","category":"sans-serif","kind":"webfonts#webfont","menu":"https://fonts.gstatic.com/s/worksans/v19/QGY_z_wNahGAdqQ43RhVcIgYT2Xz5u32K0nXBikJow.ttf"},{"family":"Workbench","version":"v1","lastModified":"2024-09-04","category":"monospace","kind":"webfonts#webfont","menu":"https://fonts.gstatic.com/s/workbench/v1/FeV8S05Gp6Et7FcfbPFK1rynGd_MxtkvNFmoUDFhgF2VKTGQk6vapeOK2mY.ttf"},{"family":"Xanh Mono","version":"v18","lastModified":"2024-09-04","category":"monospace","kind":"webfonts#webfont","menu":"https://fonts.gstatic.com/s/xanhmono/v18/R70YjykVmvKCep-vWhSomQqU.ttf"},{"family":"Yaldevi","version":"v12","lastModified":"2024-09-04","category":"sans-serif","kind":"webfonts#webfont","menu":"https://fonts.gstatic.com/s/yaldevi/v12/cY9afj6VW0NMrDWtDNzCOwlPMq9SLpdxJwvpZRY.ttf"},{"family":"Yanone Kaffeesatz","version":"v30","lastModified":"2024-09-04","category":"sans-serif","kind":"webfonts#webfont","menu":"https://fonts.gstatic.com/s/yanonekaffeesatz/v30/3y9I6aknfjLm_3lMKjiMgmUUYBs04aUXNxt9gW2LIfto9tWZcWGP.ttf"},{"family":"Yantramanav","version":"v13","lastModified":"2024-09-04","category":"sans-serif","kind":"webfonts#webfont","menu":"https://fonts.gstatic.com/s/yantramanav/v13/flU8Rqu5zY00QEpyWJYWN5f1XeM.ttf"},{"family":"Yarndings 12","version":"v2","lastModified":"2024-08-12","category":"display","kind":"webfonts#webfont","menu":"https://fonts.gstatic.com/s/yarndings12/v2/55xreyp2N8T5P2LJbZAlkY9s8JjI.ttf"},{"family":"Yarndings 12 Charted","version":"v2","lastModified":"2024-08-12","category":"display","kind":"webfonts#webfont","menu":"https://fonts.gstatic.com/s/yarndings12charted/v2/eLGDP_DlKhO-DUfeqM4I_vDdJgmIh7hAvsbI2Ns.ttf"},{"family":"Yarndings 20","version":"v2","lastModified":"2024-08-12","category":"display","kind":"webfonts#webfont","menu":"https://fonts.gstatic.com/s/yarndings20/v2/TuGWUVlkUohEQu8l7K8b-vN1BnUw.ttf"},{"family":"Yarndings 20 Charted","version":"v2","lastModified":"2024-08-12","category":"display","kind":"webfonts#webfont","menu":"https://fonts.gstatic.com/s/yarndings20charted/v2/QldRNSdbpg0G8vh0W2qxe0l-hcUPtY2VaIQn60A.ttf"},{"family":"Yatra One","version":"v14","lastModified":"2024-09-04","category":"display","kind":"webfonts#webfont","menu":"https://fonts.gstatic.com/s/yatraone/v14/C8ch4copsHzj8p7NaF0BwlmF.ttf"},{"family":"Yellowtail","version":"v23","lastModified":"2024-11-20","category":"handwriting","kind":"webfonts#webfont","menu":"https://fonts.gstatic.com/s/yellowtail/v23/OZpGg_pnoDtINPfRIlLohl3HxA.ttf"},{"family":"Yeon Sung","version":"v21","lastModified":"2024-08-12","category":"display","kind":"webfonts#webfont","menu":"https://fonts.gstatic.com/s/yeonsung/v21/QldMNTpbohAGtsJvUn6BSFle.ttf"},{"family":"Yeseva One","version":"v22","lastModified":"2024-09-04","category":"display","kind":"webfonts#webfont","menu":"https://fonts.gstatic.com/s/yesevaone/v22/OpNJno4ck8vc-xYpwWWxlitVXg.ttf"},{"family":"Yesteryear","version":"v19","lastModified":"2024-11-20","category":"handwriting","kind":"webfonts#webfont","menu":"https://fonts.gstatic.com/s/yesteryear/v19/dg4g_p78rroaKl8kRKo1n70NSw.ttf"},{"family":"Yomogi","version":"v12","lastModified":"2024-08-07","category":"handwriting","kind":"webfonts#webfont","menu":"https://fonts.gstatic.com/s/yomogi/v12/VuJwdNrS2ZL7rpo_WYb9.ttf"},{"family":"Young Serif","version":"v2","lastModified":"2024-09-04","category":"serif","kind":"webfonts#webfont","menu":"https://fonts.gstatic.com/s/youngserif/v2/3qTpojO2nS2VtkB3KtkQZ1t73kM.ttf"},{"family":"Yrsa","version":"v20","lastModified":"2024-09-04","category":"serif","kind":"webfonts#webfont","menu":"https://fonts.gstatic.com/s/yrsa/v20/wlprgwnQFlxs_wD3CFSMYmFaaCieSONU_LA.ttf"},{"family":"Ysabeau","version":"v2","lastModified":"2024-09-04","category":"sans-serif","kind":"webfonts#webfont","menu":"https://fonts.gstatic.com/s/ysabeau/v2/kmKiZqEiBAXLcnuMvjZNI_5FGeJet7OWCAYxKcU.ttf"},{"family":"Ysabeau Infant","version":"v2","lastModified":"2024-09-04","category":"sans-serif","kind":"webfonts#webfont","menu":"https://fonts.gstatic.com/s/ysabeauinfant/v2/hv-ClzpqOkkV94kBTQVdX1EWI9B0V-HEmd9JmTQYFo83Kpql.ttf"},{"family":"Ysabeau Office","version":"v2","lastModified":"2024-09-04","category":"sans-serif","kind":"webfonts#webfont","menu":"https://fonts.gstatic.com/s/ysabeauoffice/v2/LDImapaZKhM9RuQIp8FmdYrPPNjFm07hbpKNlPPbh6MvYC3t.ttf"},{"family":"Ysabeau SC","version":"v2","lastModified":"2024-09-04","category":"sans-serif","kind":"webfonts#webfont","menu":"https://fonts.gstatic.com/s/ysabeausc/v2/Noai6Uro3JCIKAbW46nMorJZyP7kKRflbw98UmqFbYU.ttf"},{"family":"Yuji Boku","version":"v6","lastModified":"2024-09-04","category":"serif","kind":"webfonts#webfont","menu":"https://fonts.gstatic.com/s/yujiboku/v6/P5sAzZybeNzXsA9xj1FUjLev.ttf"},{"family":"Yuji Hentaigana Akari","version":"v12","lastModified":"2024-08-07","category":"handwriting","kind":"webfonts#webfont","menu":"https://fonts.gstatic.com/s/yujihentaiganaakari/v12/cY9bfiyVT0VB6QuhWKOrpr6z58lnb_zYFnL4RDbK.ttf"},{"family":"Yuji Hentaigana Akebono","version":"v13","lastModified":"2024-08-07","category":"handwriting","kind":"webfonts#webfont","menu":"https://fonts.gstatic.com/s/yujihentaiganaakebono/v13/EJRGQhkhRNwM-RtitGUwh930GU_f5KAlkuL0wTy8PqE.ttf"},{"family":"Yuji Mai","version":"v6","lastModified":"2024-09-04","category":"serif","kind":"webfonts#webfont","menu":"https://fonts.gstatic.com/s/yujimai/v6/ZgNQjPxdJ7DEHrS0gB39jGU.ttf"},{"family":"Yuji Syuku","version":"v6","lastModified":"2024-09-04","category":"serif","kind":"webfonts#webfont","menu":"https://fonts.gstatic.com/s/yujisyuku/v6/BngNUXdTV3vO6Lw5ApOPmPbqxg.ttf"},{"family":"Yusei Magic","version":"v14","lastModified":"2024-09-04","category":"sans-serif","kind":"webfonts#webfont","menu":"https://fonts.gstatic.com/s/yuseimagic/v14/yYLt0hbAyuCmoo5wlhPkpgHQ8NM.ttf"},{"family":"Zain","version":"v3","lastModified":"2024-11-20","category":"sans-serif","kind":"webfonts#webfont","menu":"https://fonts.gstatic.com/s/zain/v3/syk8-y9lm7soMNPNlQ.ttf"},{"family":"ZCOOL KuaiLe","version":"v19","lastModified":"2024-08-12","category":"sans-serif","kind":"webfonts#webfont","menu":"https://fonts.gstatic.com/s/zcoolkuaile/v19/tssqApdaRQokwFjFJjvM6h2mp4b3.ttf"},{"family":"ZCOOL QingKe HuangYou","version":"v15","lastModified":"2024-08-12","category":"sans-serif","kind":"webfonts#webfont","menu":"https://fonts.gstatic.com/s/zcoolqingkehuangyou/v15/2Eb5L_R5IXJEWhD3AOhSvFC554MOOahI4mR4ive4.ttf"},{"family":"ZCOOL XiaoWei","version":"v14","lastModified":"2024-08-12","category":"sans-serif","kind":"webfonts#webfont","menu":"https://fonts.gstatic.com/s/zcoolxiaowei/v14/i7dMIFFrTRywPpUVX9_RJyM1UFOaGw.ttf"},{"family":"Zen Antique","version":"v13","lastModified":"2024-08-07","category":"serif","kind":"webfonts#webfont","menu":"https://fonts.gstatic.com/s/zenantique/v13/AYCPpXPnd91Ma_Zf-Ri2JUJr5vY.ttf"},{"family":"Zen Antique Soft","version":"v13","lastModified":"2024-08-07","category":"serif","kind":"webfonts#webfont","menu":"https://fonts.gstatic.com/s/zenantiquesoft/v13/DtV4JwqzSL1q_KwnEWMc_3xfgW6itwFslg.ttf"},{"family":"Zen Dots","version":"v12","lastModified":"2024-09-04","category":"display","kind":"webfonts#webfont","menu":"https://fonts.gstatic.com/s/zendots/v12/XRXX3ICfm00IGoesQdaFRss.ttf"},{"family":"Zen Kaku Gothic Antique","version":"v16","lastModified":"2024-08-07","category":"sans-serif","kind":"webfonts#webfont","menu":"https://fonts.gstatic.com/s/zenkakugothicantique/v16/6qLQKYkHvh-nlUpKPAdoVFBtfxDzIn1eCzpB22-h1xY.ttf"},{"family":"Zen Kaku Gothic New","version":"v16","lastModified":"2024-08-07","category":"sans-serif","kind":"webfonts#webfont","menu":"https://fonts.gstatic.com/s/zenkakugothicnew/v16/gNMYW2drQpDw0GjzrVNFf_valaDBcznOojpoSQ.ttf"},{"family":"Zen Kurenaido","version":"v17","lastModified":"2024-08-07","category":"sans-serif","kind":"webfonts#webfont","menu":"https://fonts.gstatic.com/s/zenkurenaido/v17/3XFsEr0515BK2u6UUptu_gWJVf383A.ttf"},{"family":"Zen Loop","version":"v9","lastModified":"2024-09-04","category":"display","kind":"webfonts#webfont","menu":"https://fonts.gstatic.com/s/zenloop/v9/h0GrssK16UsnJwHsEJ9yoQg.ttf"},{"family":"Zen Maru Gothic","version":"v17","lastModified":"2024-08-07","category":"sans-serif","kind":"webfonts#webfont","menu":"https://fonts.gstatic.com/s/zenmarugothic/v17/o-0SIpIxzW5b-RxT-6A8jWAtCp-U7Ehi.ttf"},{"family":"Zen Old Mincho","version":"v12","lastModified":"2024-08-07","category":"serif","kind":"webfonts#webfont","menu":"https://fonts.gstatic.com/s/zenoldmincho/v12/tss0ApVaYytLwxTqcxfMyBveybb2iXk.ttf"},{"family":"Zen Tokyo Zoo","version":"v7","lastModified":"2024-09-04","category":"display","kind":"webfonts#webfont","menu":"https://fonts.gstatic.com/s/zentokyozoo/v7/NGSyv5ffC0J_BK6aFNtr6sRvwaxkQQ.ttf"},{"family":"Zeyada","version":"v20","lastModified":"2024-11-20","category":"handwriting","kind":"webfonts#webfont","menu":"https://fonts.gstatic.com/s/zeyada/v20/11hAGpPTxVPUbgZzNWyp.ttf"},{"family":"Zhi Mang Xing","version":"v17","lastModified":"2024-08-12","category":"handwriting","kind":"webfonts#webfont","menu":"https://fonts.gstatic.com/s/zhimangxing/v17/f0Xw0ey79sErYFtWQ9a2rq-g4aYneQ.ttf"},{"family":"Zilla Slab","version":"v11","lastModified":"2024-09-04","category":"serif","kind":"webfonts#webfont","menu":"https://fonts.gstatic.com/s/zillaslab/v11/dFa6ZfeM_74wlPZtksIFajw6-A.ttf"},{"family":"Zilla Slab Highlight","version":"v19","lastModified":"2024-09-04","category":"serif","kind":"webfonts#webfont","menu":"https://fonts.gstatic.com/s/zillaslabhighlight/v19/gNMbW2BrTpK8-inLtBJgMMfbm6uNVDvRxitJaWQ.ttf"}]
    Forwarded URL = null
   Redirected URL = null
          Cookies = []
]]></system-out>
  </testcase>
  <testcase name="contextLoads" classname="it.unipi.Wikifont.WikifontApplicationTests" time="0.005"/>
</testsuite>